[2026-01-06T06:37:15.819+0000] {local_task_job_runner.py:123} INFO - ::group::Pre task execution logs
[2026-01-06T06:37:15.855+0000] {taskinstance.py:2603} INFO - Dependencies all met for dep_context=non-requeueable deps ti=<TaskInstance: stock_analytics_incremental_etl_pipeline_v2.bronze_ingestion manual__2026-01-06T06:37:01.993033+00:00 [queued]>
[2026-01-06T06:37:15.875+0000] {taskinstance.py:2603} INFO - Dependencies all met for dep_context=requeueable deps ti=<TaskInstance: stock_analytics_incremental_etl_pipeline_v2.bronze_ingestion manual__2026-01-06T06:37:01.993033+00:00 [queued]>
[2026-01-06T06:37:15.877+0000] {taskinstance.py:2856} INFO - Starting attempt 1 of 3
[2026-01-06T06:37:15.921+0000] {taskinstance.py:2879} INFO - Executing <Task(BashOperator): bronze_ingestion> on 2026-01-06 06:37:01.993033+00:00
[2026-01-06T06:37:15.953+0000] {warnings.py:112} WARNING - /home/***/.local/lib/python3.12/site-packages/***/task/task_runner/standard_task_runner.py:70: DeprecationWarning: This process (pid=136) is multi-threaded, use of fork() may lead to deadlocks in the child.
  pid = os.fork()

[2026-01-06T06:37:15.965+0000] {standard_task_runner.py:72} INFO - Started process 138 to run task
[2026-01-06T06:37:15.960+0000] {standard_task_runner.py:104} INFO - Running: ['***', 'tasks', 'run', 'stock_analytics_incremental_etl_pipeline_v2', 'bronze_ingestion', 'manual__2026-01-06T06:37:01.993033+00:00', '--job-id', '42', '--raw', '--subdir', 'DAGS_FOLDER/stock_analytics_etl_dag.py', '--cfg-path', '/tmp/tmpm89pceui']
[2026-01-06T06:37:15.969+0000] {standard_task_runner.py:105} INFO - Job 42: Subtask bronze_ingestion
[2026-01-06T06:37:16.191+0000] {task_command.py:467} INFO - Running <TaskInstance: stock_analytics_incremental_etl_pipeline_v2.bronze_ingestion manual__2026-01-06T06:37:01.993033+00:00 [running]> on host 0d2b48f15c40
[2026-01-06T06:37:16.454+0000] {taskinstance.py:3122} INFO - Exporting env vars: AIRFLOW_CTX_DAG_EMAIL='pranathi2314@gmail.com' AIRFLOW_CTX_DAG_OWNER='***' AIRFLOW_CTX_DAG_ID='stock_analytics_incremental_etl_pipeline_v2' AIRFLOW_CTX_TASK_ID='bronze_ingestion' AIRFLOW_CTX_EXECUTION_DATE='2026-01-06T06:37:01.993033+00:00' AIRFLOW_CTX_TRY_NUMBER='1' AIRFLOW_CTX_DAG_RUN_ID='manual__2026-01-06T06:37:01.993033+00:00'
[2026-01-06T06:37:16.457+0000] {logging_mixin.py:190} INFO - Task instance is in running state
[2026-01-06T06:37:16.459+0000] {logging_mixin.py:190} INFO -  Previous state of the Task instance: queued
[2026-01-06T06:37:16.460+0000] {logging_mixin.py:190} INFO - Current task name:bronze_ingestion state:running start_date:2026-01-06 06:37:15.856769+00:00
[2026-01-06T06:37:16.461+0000] {logging_mixin.py:190} INFO - Dag name:stock_analytics_incremental_etl_pipeline_v2 and current dag run status:running
[2026-01-06T06:37:16.462+0000] {taskinstance.py:731} INFO - ::endgroup::
[2026-01-06T06:37:16.464+0000] {subprocess.py:63} INFO - Tmp dir root location: /tmp
[2026-01-06T06:37:16.467+0000] {subprocess.py:75} INFO - Running command: ['/usr/bin/bash', '-c', 'python /opt/***/project/Data/Bronze/bronze_layer.py']
[2026-01-06T06:37:16.508+0000] {subprocess.py:86} INFO - Output:
[2026-01-06T06:37:17.356+0000] {subprocess.py:97} INFO - Command exited with return code 0
[2026-01-06T06:37:17.440+0000] {taskinstance.py:340} INFO - ::group::Post task execution logs
[2026-01-06T06:37:17.442+0000] {taskinstance.py:352} INFO - Marking task as SUCCESS. dag_id=stock_analytics_incremental_etl_pipeline_v2, task_id=bronze_ingestion, run_id=manual__2026-01-06T06:37:01.993033+00:00, execution_date=20260106T063701, start_date=20260106T063715, end_date=20260106T063717
[2026-01-06T06:37:17.471+0000] {logging_mixin.py:190} INFO - Task instance in success state
[2026-01-06T06:37:17.473+0000] {logging_mixin.py:190} INFO -  Previous state of the Task instance: running
[2026-01-06T06:37:17.476+0000] {logging_mixin.py:190} INFO - Dag name:stock_analytics_incremental_etl_pipeline_v2 queued_at:2026-01-06 06:37:02.016335+00:00
[2026-01-06T06:37:17.481+0000] {logging_mixin.py:190} INFO - Task hostname:0d2b48f15c40 operator:BashOperator
[2026-01-06T06:37:17.514+0000] {local_task_job_runner.py:261} INFO - Task exited with return code 0
[2026-01-06T06:37:17.600+0000] {taskinstance.py:3891} INFO - 1 downstream tasks scheduled from follow-on schedule check
[2026-01-06T06:37:17.604+0000] {local_task_job_runner.py:240} INFO - ::endgroup::
