[2026-01-04T05:19:59.676+0000] {local_task_job_runner.py:123} INFO - ::group::Pre task execution logs
[2026-01-04T05:19:59.697+0000] {taskinstance.py:2603} INFO - Dependencies all met for dep_context=non-requeueable deps ti=<TaskInstance: stock_analytics_incremental_etl_pipeline_v2.check_incremental_data manual__2026-01-04T05:19:56.409481+00:00 [queued]>
[2026-01-04T05:19:59.706+0000] {taskinstance.py:2603} INFO - Dependencies all met for dep_context=requeueable deps ti=<TaskInstance: stock_analytics_incremental_etl_pipeline_v2.check_incremental_data manual__2026-01-04T05:19:56.409481+00:00 [queued]>
[2026-01-04T05:19:59.713+0000] {taskinstance.py:2856} INFO - Starting attempt 1 of 3
[2026-01-04T05:19:59.734+0000] {taskinstance.py:2879} INFO - Executing <Task(PythonOperator): check_incremental_data> on 2026-01-04 05:19:56.409481+00:00
[2026-01-04T05:19:59.746+0000] {warnings.py:112} WARNING - /home/***/.local/lib/python3.12/site-packages/***/task/task_runner/standard_task_runner.py:70: DeprecationWarning: This process (pid=134) is multi-threaded, use of fork() may lead to deadlocks in the child.
  pid = os.fork()

[2026-01-04T05:19:59.750+0000] {standard_task_runner.py:72} INFO - Started process 136 to run task
[2026-01-04T05:19:59.749+0000] {standard_task_runner.py:104} INFO - Running: ['***', 'tasks', 'run', 'stock_analytics_incremental_etl_pipeline_v2', 'check_incremental_data', 'manual__2026-01-04T05:19:56.409481+00:00', '--job-id', '340', '--raw', '--subdir', 'DAGS_FOLDER/stock_analytics_etl_dag.py', '--cfg-path', '/tmp/tmpvshmiuq1']
[2026-01-04T05:19:59.751+0000] {standard_task_runner.py:105} INFO - Job 340: Subtask check_incremental_data
[2026-01-04T05:19:59.876+0000] {task_command.py:467} INFO - Running <TaskInstance: stock_analytics_incremental_etl_pipeline_v2.check_incremental_data manual__2026-01-04T05:19:56.409481+00:00 [running]> on host ddc54e64aef0
[2026-01-04T05:20:00.063+0000] {taskinstance.py:3122} INFO - Exporting env vars: AIRFLOW_CTX_DAG_OWNER='***' AIRFLOW_CTX_DAG_ID='stock_analytics_incremental_etl_pipeline_v2' AIRFLOW_CTX_TASK_ID='check_incremental_data' AIRFLOW_CTX_EXECUTION_DATE='2026-01-04T05:19:56.409481+00:00' AIRFLOW_CTX_TRY_NUMBER='1' AIRFLOW_CTX_DAG_RUN_ID='manual__2026-01-04T05:19:56.409481+00:00'
[2026-01-04T05:20:00.066+0000] {logging_mixin.py:190} INFO - Task instance is in running state
[2026-01-04T05:20:00.068+0000] {logging_mixin.py:190} INFO -  Previous state of the Task instance: queued
[2026-01-04T05:20:00.069+0000] {logging_mixin.py:190} INFO - Current task name:check_incremental_data state:running start_date:2026-01-04 05:19:59.698974+00:00
[2026-01-04T05:20:00.070+0000] {logging_mixin.py:190} INFO - Dag name:stock_analytics_incremental_etl_pipeline_v2 and current dag run status:running
[2026-01-04T05:20:00.070+0000] {taskinstance.py:731} INFO - ::endgroup::
[2026-01-04T05:20:00.127+0000] {python.py:240} INFO - Done. Returned value was: None
[2026-01-04T05:20:00.142+0000] {taskinstance.py:340} INFO - ::group::Post task execution logs
[2026-01-04T05:20:00.143+0000] {taskinstance.py:352} INFO - Marking task as SUCCESS. dag_id=stock_analytics_incremental_etl_pipeline_v2, task_id=check_incremental_data, run_id=manual__2026-01-04T05:19:56.409481+00:00, execution_date=20260104T051956, start_date=20260104T051959, end_date=20260104T052000
[2026-01-04T05:20:00.160+0000] {logging_mixin.py:190} INFO - Task instance in success state
[2026-01-04T05:20:00.162+0000] {logging_mixin.py:190} INFO -  Previous state of the Task instance: running
[2026-01-04T05:20:00.163+0000] {logging_mixin.py:190} INFO - Dag name:stock_analytics_incremental_etl_pipeline_v2 queued_at:2026-01-04 05:19:56.443305+00:00
[2026-01-04T05:20:00.164+0000] {logging_mixin.py:190} INFO - Task hostname:ddc54e64aef0 operator:PythonOperator
[2026-01-04T05:20:00.210+0000] {local_task_job_runner.py:261} INFO - Task exited with return code 0
[2026-01-04T05:20:00.251+0000] {taskinstance.py:3891} INFO - 1 downstream tasks scheduled from follow-on schedule check
[2026-01-04T05:20:00.255+0000] {local_task_job_runner.py:240} INFO - ::endgroup::
