[2026-01-04T05:49:39.757+0000] {local_task_job_runner.py:123} INFO - ::group::Pre task execution logs
[2026-01-04T05:49:39.783+0000] {taskinstance.py:2603} INFO - Dependencies all met for dep_context=non-requeueable deps ti=<TaskInstance: stock_analytics_incremental_etl_pipeline_v2.check_incremental_data manual__2026-01-04T05:49:32.522178+00:00 [queued]>
[2026-01-04T05:49:39.796+0000] {taskinstance.py:2603} INFO - Dependencies all met for dep_context=requeueable deps ti=<TaskInstance: stock_analytics_incremental_etl_pipeline_v2.check_incremental_data manual__2026-01-04T05:49:32.522178+00:00 [queued]>
[2026-01-04T05:49:39.798+0000] {taskinstance.py:2856} INFO - Starting attempt 1 of 1
[2026-01-04T05:49:39.814+0000] {taskinstance.py:2879} INFO - Executing <Task(PythonOperator): check_incremental_data> on 2026-01-04 05:49:32.522178+00:00
[2026-01-04T05:49:39.823+0000] {warnings.py:112} WARNING - /home/***/.local/lib/python3.12/site-packages/***/task/task_runner/standard_task_runner.py:70: DeprecationWarning: This process (pid=126) is multi-threaded, use of fork() may lead to deadlocks in the child.
  pid = os.fork()

[2026-01-04T05:49:39.826+0000] {standard_task_runner.py:72} INFO - Started process 128 to run task
[2026-01-04T05:49:39.827+0000] {standard_task_runner.py:104} INFO - Running: ['***', 'tasks', 'run', 'stock_analytics_incremental_etl_pipeline_v2', 'check_incremental_data', 'manual__2026-01-04T05:49:32.522178+00:00', '--job-id', '357', '--raw', '--subdir', 'DAGS_FOLDER/stock_analytics_etl_dag.py', '--cfg-path', '/tmp/tmp12qj3n9k']
[2026-01-04T05:49:39.828+0000] {standard_task_runner.py:105} INFO - Job 357: Subtask check_incremental_data
[2026-01-04T05:49:39.935+0000] {task_command.py:467} INFO - Running <TaskInstance: stock_analytics_incremental_etl_pipeline_v2.check_incremental_data manual__2026-01-04T05:49:32.522178+00:00 [running]> on host 49a083e9d335
[2026-01-04T05:49:40.060+0000] {taskinstance.py:3122} INFO - Exporting env vars: AIRFLOW_CTX_DAG_EMAIL='pranathi2314@gmail.com' AIRFLOW_CTX_DAG_OWNER='***' AIRFLOW_CTX_DAG_ID='stock_analytics_incremental_etl_pipeline_v2' AIRFLOW_CTX_TASK_ID='check_incremental_data' AIRFLOW_CTX_EXECUTION_DATE='2026-01-04T05:49:32.522178+00:00' AIRFLOW_CTX_TRY_NUMBER='1' AIRFLOW_CTX_DAG_RUN_ID='manual__2026-01-04T05:49:32.522178+00:00'
[2026-01-04T05:49:40.063+0000] {logging_mixin.py:190} INFO - Task instance is in running state
[2026-01-04T05:49:40.063+0000] {logging_mixin.py:190} INFO -  Previous state of the Task instance: queued
[2026-01-04T05:49:40.064+0000] {logging_mixin.py:190} INFO - Current task name:check_incremental_data state:running start_date:2026-01-04 05:49:39.784446+00:00
[2026-01-04T05:49:40.065+0000] {logging_mixin.py:190} INFO - Dag name:stock_analytics_incremental_etl_pipeline_v2 and current dag run status:running
[2026-01-04T05:49:40.065+0000] {taskinstance.py:731} INFO - ::endgroup::
[2026-01-04T05:49:40.097+0000] {stock_analytics_etl_dag.py:46} INFO - No new data detected.
[2026-01-04T05:49:40.098+0000] {python.py:240} INFO - Done. Returned value was: None
[2026-01-04T05:49:40.114+0000] {taskinstance.py:340} INFO - ::group::Post task execution logs
[2026-01-04T05:49:40.115+0000] {taskinstance.py:352} INFO - Marking task as SUCCESS. dag_id=stock_analytics_incremental_etl_pipeline_v2, task_id=check_incremental_data, run_id=manual__2026-01-04T05:49:32.522178+00:00, execution_date=20260104T054932, start_date=20260104T054939, end_date=20260104T054940
[2026-01-04T05:49:40.132+0000] {logging_mixin.py:190} INFO - Task instance in success state
[2026-01-04T05:49:40.133+0000] {logging_mixin.py:190} INFO -  Previous state of the Task instance: running
[2026-01-04T05:49:40.134+0000] {logging_mixin.py:190} INFO - Dag name:stock_analytics_incremental_etl_pipeline_v2 queued_at:2026-01-04 05:49:33.148298+00:00
[2026-01-04T05:49:40.135+0000] {logging_mixin.py:190} INFO - Task hostname:49a083e9d335 operator:PythonOperator
[2026-01-04T05:49:40.164+0000] {local_task_job_runner.py:261} INFO - Task exited with return code 0
[2026-01-04T05:49:40.201+0000] {taskinstance.py:3891} INFO - 1 downstream tasks scheduled from follow-on schedule check
[2026-01-04T05:49:40.205+0000] {local_task_job_runner.py:240} INFO - ::endgroup::
