[2026-01-03T04:50:23.114+0000] {local_task_job_runner.py:123} INFO - ::group::Pre task execution logs
[2026-01-03T04:50:23.156+0000] {taskinstance.py:2603} INFO - Dependencies all met for dep_context=non-requeueable deps ti=<TaskInstance: stock_analytics_incremental_etl_pipeline_v2.silver_cleaning manual__2026-01-03T04:50:06.120644+00:00 [queued]>
[2026-01-03T04:50:23.174+0000] {taskinstance.py:2603} INFO - Dependencies all met for dep_context=requeueable deps ti=<TaskInstance: stock_analytics_incremental_etl_pipeline_v2.silver_cleaning manual__2026-01-03T04:50:06.120644+00:00 [queued]>
[2026-01-03T04:50:23.176+0000] {taskinstance.py:2856} INFO - Starting attempt 1 of 3
[2026-01-03T04:50:23.217+0000] {taskinstance.py:2879} INFO - Executing <Task(BashOperator): silver_cleaning> on 2026-01-03 04:50:06.120644+00:00
[2026-01-03T04:50:23.240+0000] {warnings.py:112} WARNING - /home/***/.local/lib/python3.12/site-packages/***/task/task_runner/standard_task_runner.py:70: DeprecationWarning: This process (pid=154) is multi-threaded, use of fork() may lead to deadlocks in the child.
  pid = os.fork()

[2026-01-03T04:50:23.245+0000] {standard_task_runner.py:72} INFO - Started process 156 to run task
[2026-01-03T04:50:23.252+0000] {standard_task_runner.py:104} INFO - Running: ['***', 'tasks', 'run', 'stock_analytics_incremental_etl_pipeline_v2', 'silver_cleaning', 'manual__2026-01-03T04:50:06.120644+00:00', '--job-id', '257', '--raw', '--subdir', 'DAGS_FOLDER/stock_analytics_etl_dag.py', '--cfg-path', '/tmp/tmpcsk8lyrn']
[2026-01-03T04:50:23.256+0000] {standard_task_runner.py:105} INFO - Job 257: Subtask silver_cleaning
[2026-01-03T04:50:23.424+0000] {task_command.py:467} INFO - Running <TaskInstance: stock_analytics_incremental_etl_pipeline_v2.silver_cleaning manual__2026-01-03T04:50:06.120644+00:00 [running]> on host bdd6f6fbc1d9
[2026-01-03T04:50:23.656+0000] {taskinstance.py:3122} INFO - Exporting env vars: AIRFLOW_CTX_DAG_OWNER='***' AIRFLOW_CTX_DAG_ID='stock_analytics_incremental_etl_pipeline_v2' AIRFLOW_CTX_TASK_ID='silver_cleaning' AIRFLOW_CTX_EXECUTION_DATE='2026-01-03T04:50:06.120644+00:00' AIRFLOW_CTX_TRY_NUMBER='1' AIRFLOW_CTX_DAG_RUN_ID='manual__2026-01-03T04:50:06.120644+00:00'
[2026-01-03T04:50:23.660+0000] {logging_mixin.py:190} INFO - Task instance is in running state
[2026-01-03T04:50:23.661+0000] {logging_mixin.py:190} INFO -  Previous state of the Task instance: queued
[2026-01-03T04:50:23.663+0000] {logging_mixin.py:190} INFO - Current task name:silver_cleaning state:running start_date:2026-01-03 04:50:23.157577+00:00
[2026-01-03T04:50:23.664+0000] {logging_mixin.py:190} INFO - Dag name:stock_analytics_incremental_etl_pipeline_v2 and current dag run status:running
[2026-01-03T04:50:23.665+0000] {taskinstance.py:731} INFO - ::endgroup::
[2026-01-03T04:50:23.668+0000] {subprocess.py:63} INFO - Tmp dir root location: /tmp
[2026-01-03T04:50:23.670+0000] {subprocess.py:75} INFO - Running command: ['/usr/bin/bash', '-c', 'python /opt/***/project/scripts/clean_transform.py']
[2026-01-03T04:50:23.708+0000] {subprocess.py:86} INFO - Output:
[2026-01-03T04:50:30.044+0000] {subprocess.py:97} INFO - Command exited with return code 0
[2026-01-03T04:50:30.156+0000] {taskinstance.py:340} INFO - ::group::Post task execution logs
[2026-01-03T04:50:30.169+0000] {taskinstance.py:352} INFO - Marking task as SUCCESS. dag_id=stock_analytics_incremental_etl_pipeline_v2, task_id=silver_cleaning, run_id=manual__2026-01-03T04:50:06.120644+00:00, execution_date=20260103T045006, start_date=20260103T045023, end_date=20260103T045030
[2026-01-03T04:50:30.219+0000] {logging_mixin.py:190} INFO - Task instance in success state
[2026-01-03T04:50:30.238+0000] {logging_mixin.py:190} INFO -  Previous state of the Task instance: running
[2026-01-03T04:50:30.286+0000] {logging_mixin.py:190} INFO - Dag name:stock_analytics_incremental_etl_pipeline_v2 queued_at:2026-01-03 04:50:06.163438+00:00
[2026-01-03T04:50:30.305+0000] {logging_mixin.py:190} INFO - Task hostname:bdd6f6fbc1d9 operator:BashOperator
[2026-01-03T04:50:30.388+0000] {local_task_job_runner.py:261} INFO - Task exited with return code 0
[2026-01-03T04:50:30.536+0000] {taskinstance.py:3891} INFO - 1 downstream tasks scheduled from follow-on schedule check
[2026-01-03T04:50:30.541+0000] {local_task_job_runner.py:240} INFO - ::endgroup::
