[2026-01-06T06:37:11.425+0000] {local_task_job_runner.py:123} INFO - ::group::Pre task execution logs
[2026-01-06T06:37:11.456+0000] {taskinstance.py:2603} INFO - Dependencies all met for dep_context=non-requeueable deps ti=<TaskInstance: stock_analytics_incremental_etl_pipeline_v2.check_incremental_data manual__2026-01-06T06:37:01.993033+00:00 [queued]>
[2026-01-06T06:37:11.471+0000] {taskinstance.py:2603} INFO - Dependencies all met for dep_context=requeueable deps ti=<TaskInstance: stock_analytics_incremental_etl_pipeline_v2.check_incremental_data manual__2026-01-06T06:37:01.993033+00:00 [queued]>
[2026-01-06T06:37:11.474+0000] {taskinstance.py:2856} INFO - Starting attempt 1 of 3
[2026-01-06T06:37:11.502+0000] {taskinstance.py:2879} INFO - Executing <Task(PythonOperator): check_incremental_data> on 2026-01-06 06:37:01.993033+00:00
[2026-01-06T06:37:11.515+0000] {warnings.py:112} WARNING - /home/***/.local/lib/python3.12/site-packages/***/task/task_runner/standard_task_runner.py:70: DeprecationWarning: This process (pid=125) is multi-threaded, use of fork() may lead to deadlocks in the child.
  pid = os.fork()

[2026-01-06T06:37:11.519+0000] {standard_task_runner.py:104} INFO - Running: ['***', 'tasks', 'run', 'stock_analytics_incremental_etl_pipeline_v2', 'check_incremental_data', 'manual__2026-01-06T06:37:01.993033+00:00', '--job-id', '41', '--raw', '--subdir', 'DAGS_FOLDER/stock_analytics_etl_dag.py', '--cfg-path', '/tmp/tmplz7riyx6']
[2026-01-06T06:37:11.521+0000] {standard_task_runner.py:72} INFO - Started process 134 to run task
[2026-01-06T06:37:11.521+0000] {standard_task_runner.py:105} INFO - Job 41: Subtask check_incremental_data
[2026-01-06T06:37:11.666+0000] {task_command.py:467} INFO - Running <TaskInstance: stock_analytics_incremental_etl_pipeline_v2.check_incremental_data manual__2026-01-06T06:37:01.993033+00:00 [running]> on host 0d2b48f15c40
[2026-01-06T06:37:11.813+0000] {taskinstance.py:3122} INFO - Exporting env vars: AIRFLOW_CTX_DAG_EMAIL='pranathi2314@gmail.com' AIRFLOW_CTX_DAG_OWNER='***' AIRFLOW_CTX_DAG_ID='stock_analytics_incremental_etl_pipeline_v2' AIRFLOW_CTX_TASK_ID='check_incremental_data' AIRFLOW_CTX_EXECUTION_DATE='2026-01-06T06:37:01.993033+00:00' AIRFLOW_CTX_TRY_NUMBER='1' AIRFLOW_CTX_DAG_RUN_ID='manual__2026-01-06T06:37:01.993033+00:00'
[2026-01-06T06:37:11.816+0000] {logging_mixin.py:190} INFO - Task instance is in running state
[2026-01-06T06:37:11.817+0000] {logging_mixin.py:190} INFO -  Previous state of the Task instance: queued
[2026-01-06T06:37:11.818+0000] {logging_mixin.py:190} INFO - Current task name:check_incremental_data state:running start_date:2026-01-06 06:37:11.457473+00:00
[2026-01-06T06:37:11.819+0000] {logging_mixin.py:190} INFO - Dag name:stock_analytics_incremental_etl_pipeline_v2 and current dag run status:running
[2026-01-06T06:37:11.820+0000] {taskinstance.py:731} INFO - ::endgroup::
[2026-01-06T06:37:11.849+0000] {stock_analytics_etl_dag.py:43} INFO - No new data detected.
[2026-01-06T06:37:11.851+0000] {python.py:240} INFO - Done. Returned value was: None
[2026-01-06T06:37:11.870+0000] {taskinstance.py:340} INFO - ::group::Post task execution logs
[2026-01-06T06:37:11.871+0000] {taskinstance.py:352} INFO - Marking task as SUCCESS. dag_id=stock_analytics_incremental_etl_pipeline_v2, task_id=check_incremental_data, run_id=manual__2026-01-06T06:37:01.993033+00:00, execution_date=20260106T063701, start_date=20260106T063711, end_date=20260106T063711
[2026-01-06T06:37:11.885+0000] {logging_mixin.py:190} INFO - Task instance in success state
[2026-01-06T06:37:11.886+0000] {logging_mixin.py:190} INFO -  Previous state of the Task instance: running
[2026-01-06T06:37:11.886+0000] {logging_mixin.py:190} INFO - Dag name:stock_analytics_incremental_etl_pipeline_v2 queued_at:2026-01-06 06:37:02.016335+00:00
[2026-01-06T06:37:11.887+0000] {logging_mixin.py:190} INFO - Task hostname:0d2b48f15c40 operator:PythonOperator
[2026-01-06T06:37:11.941+0000] {local_task_job_runner.py:261} INFO - Task exited with return code 0
[2026-01-06T06:37:12.001+0000] {taskinstance.py:3891} INFO - 1 downstream tasks scheduled from follow-on schedule check
[2026-01-06T06:37:12.005+0000] {local_task_job_runner.py:240} INFO - ::endgroup::
