[2026-01-04T06:23:56.619+0000] {local_task_job_runner.py:123} INFO - ::group::Pre task execution logs
[2026-01-04T06:23:56.635+0000] {taskinstance.py:2603} INFO - Dependencies all met for dep_context=non-requeueable deps ti=<TaskInstance: stock_analytics_incremental_etl_pipeline_v2.gold_layer_analytics manual__2026-01-04T06:18:27.095013+00:00 [queued]>
[2026-01-04T06:23:56.643+0000] {taskinstance.py:2603} INFO - Dependencies all met for dep_context=requeueable deps ti=<TaskInstance: stock_analytics_incremental_etl_pipeline_v2.gold_layer_analytics manual__2026-01-04T06:18:27.095013+00:00 [queued]>
[2026-01-04T06:23:56.644+0000] {taskinstance.py:2856} INFO - Starting attempt 2 of 3
[2026-01-04T06:23:56.656+0000] {taskinstance.py:2879} INFO - Executing <Task(DatabricksRunNowOperator): gold_layer_analytics> on 2026-01-04 06:18:27.095013+00:00
[2026-01-04T06:23:56.663+0000] {warnings.py:112} WARNING - /home/***/.local/lib/python3.12/site-packages/***/task/task_runner/standard_task_runner.py:70: DeprecationWarning: This process (pid=241) is multi-threaded, use of fork() may lead to deadlocks in the child.
  pid = os.fork()

[2026-01-04T06:23:56.665+0000] {standard_task_runner.py:72} INFO - Started process 245 to run task
[2026-01-04T06:23:56.666+0000] {standard_task_runner.py:104} INFO - Running: ['***', 'tasks', 'run', 'stock_analytics_incremental_etl_pipeline_v2', 'gold_layer_analytics', 'manual__2026-01-04T06:18:27.095013+00:00', '--job-id', '11', '--raw', '--subdir', 'DAGS_FOLDER/stock_analytics_etl_dag.py', '--cfg-path', '/tmp/tmptjcxre1m']
[2026-01-04T06:23:56.667+0000] {standard_task_runner.py:105} INFO - Job 11: Subtask gold_layer_analytics
[2026-01-04T06:23:56.748+0000] {task_command.py:467} INFO - Running <TaskInstance: stock_analytics_incremental_etl_pipeline_v2.gold_layer_analytics manual__2026-01-04T06:18:27.095013+00:00 [running]> on host b5f3b83aa317
[2026-01-04T06:23:56.835+0000] {taskinstance.py:3122} INFO - Exporting env vars: AIRFLOW_CTX_DAG_EMAIL='pranathi2314@gmail.com' AIRFLOW_CTX_DAG_OWNER='***' AIRFLOW_CTX_DAG_ID='stock_analytics_incremental_etl_pipeline_v2' AIRFLOW_CTX_TASK_ID='gold_layer_analytics' AIRFLOW_CTX_EXECUTION_DATE='2026-01-04T06:18:27.095013+00:00' AIRFLOW_CTX_TRY_NUMBER='2' AIRFLOW_CTX_DAG_RUN_ID='manual__2026-01-04T06:18:27.095013+00:00'
[2026-01-04T06:23:56.841+0000] {taskinstance.py:3192} ERROR - Failed when executing execute callback
Traceback (most recent call last):
  File "/home/airflow/.local/lib/python3.12/site-packages/airflow/models/taskinstance.py", line 3190, in _run_execute_callback
    callback(context)
  File "/opt/airflow/dags/stock_analytics_etl_dag.py", line 77, in gold_on_execute
    f"Gold layer started | Databricks job_id={context['task'].job_id} | "
                                              ^^^^^^^^^^^^^^^^^^^^^^
AttributeError: 'DatabricksRunNowOperator' object has no attribute 'job_id'
[2026-01-04T06:23:56.848+0000] {logging_mixin.py:190} INFO - Task instance is in running state
[2026-01-04T06:23:56.848+0000] {logging_mixin.py:190} INFO -  Previous state of the Task instance: queued
[2026-01-04T06:23:56.849+0000] {logging_mixin.py:190} INFO - Current task name:gold_layer_analytics state:running start_date:2026-01-04 06:23:56.636902+00:00
[2026-01-04T06:23:56.849+0000] {logging_mixin.py:190} INFO - Dag name:stock_analytics_incremental_etl_pipeline_v2 and current dag run status:running
[2026-01-04T06:23:56.850+0000] {taskinstance.py:731} INFO - ::endgroup::
[2026-01-04T06:23:56.867+0000] {base.py:84} INFO - Retrieving connection 'databricks_default'
[2026-01-04T06:23:56.870+0000] {databricks_base.py:461} INFO - Using token auth. For security reasons, please set token in Password field instead of extra
[2026-01-04T06:23:57.336+0000] {databricks.py:66} INFO - Run submitted with run_id: 778165998893642
[2026-01-04T06:23:57.337+0000] {databricks_base.py:461} INFO - Using token auth. For security reasons, please set token in Password field instead of extra
[2026-01-04T06:23:57.531+0000] {databricks_base.py:461} INFO - Using token auth. For security reasons, please set token in Password field instead of extra
[2026-01-04T06:23:57.861+0000] {databricks.py:118} INFO - gold_layer_analytics in run state: {'life_cycle_state': 'RUNNING', 'result_state': '', 'state_message': ''}
[2026-01-04T06:23:57.863+0000] {databricks.py:119} INFO - View run status, Spark UI, and logs at https://adb-7405617267455896.16.azuredatabricks.net/?o=7405617267455896#job/68731414949078/run/778165998893642
[2026-01-04T06:23:57.863+0000] {databricks.py:120} INFO - Sleeping for 30 seconds.
[2026-01-04T06:24:27.862+0000] {databricks_base.py:461} INFO - Using token auth. For security reasons, please set token in Password field instead of extra
[2026-01-04T06:24:28.069+0000] {databricks.py:118} INFO - gold_layer_analytics in run state: {'life_cycle_state': 'RUNNING', 'result_state': '', 'state_message': ''}
[2026-01-04T06:24:28.070+0000] {databricks.py:119} INFO - View run status, Spark UI, and logs at https://adb-7405617267455896.16.azuredatabricks.net/?o=7405617267455896#job/68731414949078/run/778165998893642
[2026-01-04T06:24:28.072+0000] {databricks.py:120} INFO - Sleeping for 30 seconds.
[2026-01-04T06:24:58.073+0000] {databricks_base.py:461} INFO - Using token auth. For security reasons, please set token in Password field instead of extra
[2026-01-04T06:24:58.343+0000] {databricks.py:118} INFO - gold_layer_analytics in run state: {'life_cycle_state': 'RUNNING', 'result_state': '', 'state_message': ''}
[2026-01-04T06:24:58.344+0000] {databricks.py:119} INFO - View run status, Spark UI, and logs at https://adb-7405617267455896.16.azuredatabricks.net/?o=7405617267455896#job/68731414949078/run/778165998893642
[2026-01-04T06:24:58.344+0000] {databricks.py:120} INFO - Sleeping for 30 seconds.
[2026-01-04T06:25:28.343+0000] {databricks_base.py:461} INFO - Using token auth. For security reasons, please set token in Password field instead of extra
[2026-01-04T06:25:28.739+0000] {databricks.py:77} INFO - gold_layer_analytics completed successfully.
[2026-01-04T06:25:28.740+0000] {databricks.py:78} INFO - View run status, Spark UI, and logs at https://adb-7405617267455896.16.azuredatabricks.net/?o=7405617267455896#job/68731414949078/run/778165998893642
[2026-01-04T06:25:28.751+0000] {taskinstance.py:340} INFO - ::group::Post task execution logs
[2026-01-04T06:25:28.751+0000] {taskinstance.py:352} INFO - Marking task as SUCCESS. dag_id=stock_analytics_incremental_etl_pipeline_v2, task_id=gold_layer_analytics, run_id=manual__2026-01-04T06:18:27.095013+00:00, execution_date=20260104T061827, start_date=20260104T062356, end_date=20260104T062528
[2026-01-04T06:25:28.752+0000] {taskinstance.py:1554} INFO - Executing gold_on_success callback
[2026-01-04T06:25:28.753+0000] {taskinstance.py:1558} ERROR - Error when executing gold_on_success callback
Traceback (most recent call last):
  File "/home/airflow/.local/lib/python3.12/site-packages/airflow/models/taskinstance.py", line 1556, in _run_finished_callback
    callback(context)
  File "/opt/airflow/dags/stock_analytics_etl_dag.py", line 85, in gold_on_success
    f"Databricks job_id={context['task'].job_id} | "
                         ^^^^^^^^^^^^^^^^^^^^^^
AttributeError: 'DatabricksRunNowOperator' object has no attribute 'job_id'
[2026-01-04T06:25:28.767+0000] {logging_mixin.py:190} INFO - Task instance in success state
[2026-01-04T06:25:28.769+0000] {logging_mixin.py:190} INFO -  Previous state of the Task instance: running
[2026-01-04T06:25:28.770+0000] {logging_mixin.py:190} INFO - Dag name:stock_analytics_incremental_etl_pipeline_v2 queued_at:2026-01-04 06:18:27.123297+00:00
[2026-01-04T06:25:28.770+0000] {logging_mixin.py:190} INFO - Task hostname:b5f3b83aa317 operator:DatabricksRunNowOperator
[2026-01-04T06:25:28.780+0000] {local_task_job_runner.py:261} INFO - Task exited with return code 0
[2026-01-04T06:25:28.799+0000] {taskinstance.py:3891} INFO - 1 downstream tasks scheduled from follow-on schedule check
[2026-01-04T06:25:28.803+0000] {local_task_job_runner.py:240} INFO - ::endgroup::
