[2026-01-04T06:18:54.767+0000] {local_task_job_runner.py:123} INFO - ::group::Pre task execution logs
[2026-01-04T06:18:54.811+0000] {taskinstance.py:2603} INFO - Dependencies all met for dep_context=non-requeueable deps ti=<TaskInstance: stock_analytics_incremental_etl_pipeline_v2.gold_layer_analytics manual__2026-01-04T06:18:27.095013+00:00 [queued]>
[2026-01-04T06:18:54.836+0000] {taskinstance.py:2603} INFO - Dependencies all met for dep_context=requeueable deps ti=<TaskInstance: stock_analytics_incremental_etl_pipeline_v2.gold_layer_analytics manual__2026-01-04T06:18:27.095013+00:00 [queued]>
[2026-01-04T06:18:54.838+0000] {taskinstance.py:2856} INFO - Starting attempt 1 of 3
[2026-01-04T06:18:54.881+0000] {taskinstance.py:2879} INFO - Executing <Task(DatabricksRunNowOperator): gold_layer_analytics> on 2026-01-04 06:18:27.095013+00:00
[2026-01-04T06:18:54.926+0000] {warnings.py:112} WARNING - /home/***/.local/lib/python3.12/site-packages/***/task/task_runner/standard_task_runner.py:70: DeprecationWarning: This process (pid=170) is multi-threaded, use of fork() may lead to deadlocks in the child.
  pid = os.fork()

[2026-01-04T06:18:54.932+0000] {standard_task_runner.py:72} INFO - Started process 174 to run task
[2026-01-04T06:18:54.925+0000] {standard_task_runner.py:104} INFO - Running: ['***', 'tasks', 'run', 'stock_analytics_incremental_etl_pipeline_v2', 'gold_layer_analytics', 'manual__2026-01-04T06:18:27.095013+00:00', '--job-id', '9', '--raw', '--subdir', 'DAGS_FOLDER/stock_analytics_etl_dag.py', '--cfg-path', '/tmp/tmpj_p9hvup']
[2026-01-04T06:18:54.938+0000] {standard_task_runner.py:105} INFO - Job 9: Subtask gold_layer_analytics
[2026-01-04T06:18:55.103+0000] {task_command.py:467} INFO - Running <TaskInstance: stock_analytics_incremental_etl_pipeline_v2.gold_layer_analytics manual__2026-01-04T06:18:27.095013+00:00 [running]> on host b5f3b83aa317
[2026-01-04T06:18:55.249+0000] {taskinstance.py:3122} INFO - Exporting env vars: AIRFLOW_CTX_DAG_EMAIL='pranathi2314@gmail.com' AIRFLOW_CTX_DAG_OWNER='***' AIRFLOW_CTX_DAG_ID='stock_analytics_incremental_etl_pipeline_v2' AIRFLOW_CTX_TASK_ID='gold_layer_analytics' AIRFLOW_CTX_EXECUTION_DATE='2026-01-04T06:18:27.095013+00:00' AIRFLOW_CTX_TRY_NUMBER='1' AIRFLOW_CTX_DAG_RUN_ID='manual__2026-01-04T06:18:27.095013+00:00'
[2026-01-04T06:18:55.255+0000] {taskinstance.py:3192} ERROR - Failed when executing execute callback
Traceback (most recent call last):
  File "/home/airflow/.local/lib/python3.12/site-packages/airflow/models/taskinstance.py", line 3190, in _run_execute_callback
    callback(context)
  File "/opt/airflow/dags/stock_analytics_etl_dag.py", line 77, in gold_on_execute
    f"Gold layer started | Databricks job_id={context['task'].job_id} | "
                                              ^^^^^^^^^^^^^^^^^^^^^^
AttributeError: 'DatabricksRunNowOperator' object has no attribute 'job_id'
[2026-01-04T06:18:55.264+0000] {logging_mixin.py:190} INFO - Task instance is in running state
[2026-01-04T06:18:55.265+0000] {logging_mixin.py:190} INFO -  Previous state of the Task instance: queued
[2026-01-04T06:18:55.266+0000] {logging_mixin.py:190} INFO - Current task name:gold_layer_analytics state:running start_date:2026-01-04 06:18:54.813652+00:00
[2026-01-04T06:18:55.267+0000] {logging_mixin.py:190} INFO - Dag name:stock_analytics_incremental_etl_pipeline_v2 and current dag run status:running
[2026-01-04T06:18:55.267+0000] {taskinstance.py:731} INFO - ::endgroup::
[2026-01-04T06:18:55.293+0000] {taskinstance.py:3301} ERROR - Task failed with exception
Traceback (most recent call last):
  File "/home/airflow/.local/lib/python3.12/site-packages/airflow/models/taskinstance.py", line 767, in _execute_task
    result = _execute_callable(context=context, **execute_callable_kwargs)
             ^^^^^^^^^^^^^^^^^^^^^^^^^^^^^^^^^^^^^^^^^^^^^^^^^^^^^^^^^^^^^
  File "/home/airflow/.local/lib/python3.12/site-packages/airflow/models/taskinstance.py", line 733, in _execute_callable
    return ExecutionCallableRunner(
           ^^^^^^^^^^^^^^^^^^^^^^^^
  File "/home/airflow/.local/lib/python3.12/site-packages/airflow/utils/operator_helpers.py", line 252, in run
    return self.func(*args, **kwargs)
           ^^^^^^^^^^^^^^^^^^^^^^^^^^
  File "/home/airflow/.local/lib/python3.12/site-packages/airflow/models/baseoperator.py", line 406, in wrapper
    return func(self, *args, **kwargs)
           ^^^^^^^^^^^^^^^^^^^^^^^^^^^
  File "/home/airflow/.local/lib/python3.12/site-packages/airflow/providers/databricks/operators/databricks.py", line 864, in execute
    self.run_id = hook.run_now(self.json)
                  ^^^^^^^^^^^^^^^^^^^^^^^
  File "/home/airflow/.local/lib/python3.12/site-packages/airflow/providers/databricks/hooks/databricks.py", line 243, in run_now
    response = self._do_api_call(RUN_NOW_ENDPOINT, json)
               ^^^^^^^^^^^^^^^^^^^^^^^^^^^^^^^^^^^^^^^^^
  File "/home/airflow/.local/lib/python3.12/site-packages/airflow/providers/databricks/hooks/databricks_base.py", line 536, in _do_api_call
    url = f"https://{self.host}/{endpoint}"
                     ^^^^^^^^^
  File "/usr/local/lib/python3.12/functools.py", line 993, in __get__
    val = self.func(instance)
          ^^^^^^^^^^^^^^^^^^^
  File "/home/airflow/.local/lib/python3.12/site-packages/airflow/providers/databricks/hooks/databricks_base.py", line 158, in host
    if "host" in self.databricks_conn.extra_dejson:
                 ^^^^^^^^^^^^^^^^^^^^
  File "/usr/local/lib/python3.12/functools.py", line 993, in __get__
    val = self.func(instance)
          ^^^^^^^^^^^^^^^^^^^
  File "/home/airflow/.local/lib/python3.12/site-packages/airflow/providers/databricks/hooks/databricks_base.py", line 133, in databricks_conn
    return self.get_connection(self.databricks_conn_id)
           ^^^^^^^^^^^^^^^^^^^^^^^^^^^^^^^^^^^^^^^^^^^^
  File "/home/airflow/.local/lib/python3.12/site-packages/airflow/hooks/base.py", line 83, in get_connection
    conn = Connection.get_connection_from_secrets(conn_id)
           ^^^^^^^^^^^^^^^^^^^^^^^^^^^^^^^^^^^^^^^^^^^^^^^
  File "/home/airflow/.local/lib/python3.12/site-packages/airflow/models/connection.py", line 537, in get_connection_from_secrets
    raise AirflowNotFoundException(f"The conn_id `{conn_id}` isn't defined")
airflow.exceptions.AirflowNotFoundException: The conn_id `databricks_default` isn't defined
[2026-01-04T06:18:55.309+0000] {logging_mixin.py:190} INFO - Task instance in failure state
[2026-01-04T06:18:55.310+0000] {logging_mixin.py:190} INFO - Task start:2026-01-04 06:18:54.813652+00:00 end:2026-01-04 06:18:55.308959+00:00 duration:0.495307
[2026-01-04T06:18:55.311+0000] {logging_mixin.py:190} INFO - Task:<Task(DatabricksRunNowOperator): gold_layer_analytics> dag:<DAG: stock_analytics_incremental_etl_pipeline_v2> dagrun:<DagRun stock_analytics_incremental_etl_pipeline_v2 @ 2026-01-04 06:18:27.095013+00:00: manual__2026-01-04T06:18:27.095013+00:00, state:running, queued_at: 2026-01-04 06:18:27.123297+00:00. externally triggered: True>
[2026-01-04T06:18:55.312+0000] {logging_mixin.py:190} INFO - Failure caused by The conn_id `databricks_default` isn't defined
[2026-01-04T06:18:55.313+0000] {taskinstance.py:1225} INFO - Marking task as UP_FOR_RETRY. dag_id=stock_analytics_incremental_etl_pipeline_v2, task_id=gold_layer_analytics, run_id=manual__2026-01-04T06:18:27.095013+00:00, execution_date=20260104T061827, start_date=20260104T061854, end_date=20260104T061855
[2026-01-04T06:18:55.335+0000] {taskinstance.py:340} INFO - ::group::Post task execution logs
[2026-01-04T06:18:55.338+0000] {standard_task_runner.py:124} ERROR - Failed to execute job 9 for task gold_layer_analytics (The conn_id `databricks_default` isn't defined; 174)
Traceback (most recent call last):
  File "/home/airflow/.local/lib/python3.12/site-packages/airflow/task/task_runner/standard_task_runner.py", line 117, in _start_by_fork
    ret = args.func(args, dag=self.dag)
          ^^^^^^^^^^^^^^^^^^^^^^^^^^^^^
  File "/home/airflow/.local/lib/python3.12/site-packages/airflow/cli/cli_config.py", line 49, in command
    return func(*args, **kwargs)
           ^^^^^^^^^^^^^^^^^^^^^
  File "/home/airflow/.local/lib/python3.12/site-packages/airflow/utils/cli.py", line 115, in wrapper
    return f(*args, **kwargs)
           ^^^^^^^^^^^^^^^^^^
  File "/home/airflow/.local/lib/python3.12/site-packages/airflow/cli/commands/task_command.py", line 483, in task_run
    task_return_code = _run_task_by_selected_method(args, _dag, ti)
                       ^^^^^^^^^^^^^^^^^^^^^^^^^^^^^^^^^^^^^^^^^^^^
  File "/home/airflow/.local/lib/python3.12/site-packages/airflow/cli/commands/task_command.py", line 256, in _run_task_by_selected_method
    return _run_raw_task(args, ti)
           ^^^^^^^^^^^^^^^^^^^^^^^
  File "/home/airflow/.local/lib/python3.12/site-packages/airflow/cli/commands/task_command.py", line 341, in _run_raw_task
    return ti._run_raw_task(
           ^^^^^^^^^^^^^^^^^
  File "/home/airflow/.local/lib/python3.12/site-packages/airflow/utils/session.py", line 97, in wrapper
    return func(*args, session=session, **kwargs)
           ^^^^^^^^^^^^^^^^^^^^^^^^^^^^^^^^^^^^^^
  File "/home/airflow/.local/lib/python3.12/site-packages/airflow/models/taskinstance.py", line 2995, in _run_raw_task
    return _run_raw_task(
           ^^^^^^^^^^^^^^
  File "/home/airflow/.local/lib/python3.12/site-packages/airflow/models/taskinstance.py", line 273, in _run_raw_task
    TaskInstance._execute_task_with_callbacks(
  File "/home/airflow/.local/lib/python3.12/site-packages/airflow/models/taskinstance.py", line 3149, in _execute_task_with_callbacks
    result = self._execute_task(context, task_orig)
             ^^^^^^^^^^^^^^^^^^^^^^^^^^^^^^^^^^^^^^
  File "/home/airflow/.local/lib/python3.12/site-packages/airflow/models/taskinstance.py", line 3173, in _execute_task
    return _execute_task(self, context, task_orig)
           ^^^^^^^^^^^^^^^^^^^^^^^^^^^^^^^^^^^^^^^
  File "/home/airflow/.local/lib/python3.12/site-packages/airflow/models/taskinstance.py", line 767, in _execute_task
    result = _execute_callable(context=context, **execute_callable_kwargs)
             ^^^^^^^^^^^^^^^^^^^^^^^^^^^^^^^^^^^^^^^^^^^^^^^^^^^^^^^^^^^^^
  File "/home/airflow/.local/lib/python3.12/site-packages/airflow/models/taskinstance.py", line 733, in _execute_callable
    return ExecutionCallableRunner(
           ^^^^^^^^^^^^^^^^^^^^^^^^
  File "/home/airflow/.local/lib/python3.12/site-packages/airflow/utils/operator_helpers.py", line 252, in run
    return self.func(*args, **kwargs)
           ^^^^^^^^^^^^^^^^^^^^^^^^^^
  File "/home/airflow/.local/lib/python3.12/site-packages/airflow/models/baseoperator.py", line 406, in wrapper
    return func(self, *args, **kwargs)
           ^^^^^^^^^^^^^^^^^^^^^^^^^^^
  File "/home/airflow/.local/lib/python3.12/site-packages/airflow/providers/databricks/operators/databricks.py", line 864, in execute
    self.run_id = hook.run_now(self.json)
                  ^^^^^^^^^^^^^^^^^^^^^^^
  File "/home/airflow/.local/lib/python3.12/site-packages/airflow/providers/databricks/hooks/databricks.py", line 243, in run_now
    response = self._do_api_call(RUN_NOW_ENDPOINT, json)
               ^^^^^^^^^^^^^^^^^^^^^^^^^^^^^^^^^^^^^^^^^
  File "/home/airflow/.local/lib/python3.12/site-packages/airflow/providers/databricks/hooks/databricks_base.py", line 536, in _do_api_call
    url = f"https://{self.host}/{endpoint}"
                     ^^^^^^^^^
  File "/usr/local/lib/python3.12/functools.py", line 993, in __get__
    val = self.func(instance)
          ^^^^^^^^^^^^^^^^^^^
  File "/home/airflow/.local/lib/python3.12/site-packages/airflow/providers/databricks/hooks/databricks_base.py", line 158, in host
    if "host" in self.databricks_conn.extra_dejson:
                 ^^^^^^^^^^^^^^^^^^^^
  File "/usr/local/lib/python3.12/functools.py", line 993, in __get__
    val = self.func(instance)
          ^^^^^^^^^^^^^^^^^^^
  File "/home/airflow/.local/lib/python3.12/site-packages/airflow/providers/databricks/hooks/databricks_base.py", line 133, in databricks_conn
    return self.get_connection(self.databricks_conn_id)
           ^^^^^^^^^^^^^^^^^^^^^^^^^^^^^^^^^^^^^^^^^^^^
  File "/home/airflow/.local/lib/python3.12/site-packages/airflow/hooks/base.py", line 83, in get_connection
    conn = Connection.get_connection_from_secrets(conn_id)
           ^^^^^^^^^^^^^^^^^^^^^^^^^^^^^^^^^^^^^^^^^^^^^^^
  File "/home/airflow/.local/lib/python3.12/site-packages/airflow/models/connection.py", line 537, in get_connection_from_secrets
    raise AirflowNotFoundException(f"The conn_id `{conn_id}` isn't defined")
airflow.exceptions.AirflowNotFoundException: The conn_id `databricks_default` isn't defined
[2026-01-04T06:18:55.356+0000] {local_task_job_runner.py:261} INFO - Task exited with return code 1
[2026-01-04T06:18:55.389+0000] {taskinstance.py:3891} INFO - 0 downstream tasks scheduled from follow-on schedule check
[2026-01-04T06:18:55.392+0000] {local_task_job_runner.py:240} INFO - ::endgroup::
