[2026-01-06T09:27:06.862+0000] {local_task_job_runner.py:123} INFO - ::group::Pre task execution logs
[2026-01-06T09:27:06.897+0000] {taskinstance.py:2603} INFO - Dependencies all met for dep_context=non-requeueable deps ti=<TaskInstance: stock_analytics_incremental_etl_pipeline_v2.bronze_ingestion manual__2026-01-06T09:26:47.624521+00:00 [queued]>
[2026-01-06T09:27:06.917+0000] {taskinstance.py:2603} INFO - Dependencies all met for dep_context=requeueable deps ti=<TaskInstance: stock_analytics_incremental_etl_pipeline_v2.bronze_ingestion manual__2026-01-06T09:26:47.624521+00:00 [queued]>
[2026-01-06T09:27:06.920+0000] {taskinstance.py:2856} INFO - Starting attempt 1 of 3
[2026-01-06T09:27:06.950+0000] {taskinstance.py:2879} INFO - Executing <Task(BashOperator): bronze_ingestion> on 2026-01-06 09:26:47.624521+00:00
[2026-01-06T09:27:06.971+0000] {warnings.py:112} WARNING - /home/***/.local/lib/python3.12/site-packages/***/task/task_runner/standard_task_runner.py:70: DeprecationWarning: This process (pid=151) is multi-threaded, use of fork() may lead to deadlocks in the child.
  pid = os.fork()

[2026-01-06T09:27:06.975+0000] {standard_task_runner.py:72} INFO - Started process 153 to run task
[2026-01-06T09:27:06.974+0000] {standard_task_runner.py:104} INFO - Running: ['***', 'tasks', 'run', 'stock_analytics_incremental_etl_pipeline_v2', 'bronze_ingestion', 'manual__2026-01-06T09:26:47.624521+00:00', '--job-id', '64', '--raw', '--subdir', 'DAGS_FOLDER/stock_analytics_etl_dag.py', '--cfg-path', '/tmp/tmpcvlhxl5j']
[2026-01-06T09:27:06.977+0000] {standard_task_runner.py:105} INFO - Job 64: Subtask bronze_ingestion
[2026-01-06T09:27:07.150+0000] {task_command.py:467} INFO - Running <TaskInstance: stock_analytics_incremental_etl_pipeline_v2.bronze_ingestion manual__2026-01-06T09:26:47.624521+00:00 [running]> on host 6a3940ac9286
[2026-01-06T09:27:07.325+0000] {taskinstance.py:3122} INFO - Exporting env vars: AIRFLOW_CTX_DAG_EMAIL='pranathi2314@gmail.com' AIRFLOW_CTX_DAG_OWNER='***' AIRFLOW_CTX_DAG_ID='stock_analytics_incremental_etl_pipeline_v2' AIRFLOW_CTX_TASK_ID='bronze_ingestion' AIRFLOW_CTX_EXECUTION_DATE='2026-01-06T09:26:47.624521+00:00' AIRFLOW_CTX_TRY_NUMBER='1' AIRFLOW_CTX_DAG_RUN_ID='manual__2026-01-06T09:26:47.624521+00:00'
[2026-01-06T09:27:07.329+0000] {logging_mixin.py:190} INFO - Task instance is in running state
[2026-01-06T09:27:07.330+0000] {logging_mixin.py:190} INFO -  Previous state of the Task instance: queued
[2026-01-06T09:27:07.334+0000] {logging_mixin.py:190} INFO - Current task name:bronze_ingestion state:running start_date:2026-01-06 09:27:06.898401+00:00
[2026-01-06T09:27:07.335+0000] {logging_mixin.py:190} INFO - Dag name:stock_analytics_incremental_etl_pipeline_v2 and current dag run status:running
[2026-01-06T09:27:07.337+0000] {taskinstance.py:731} INFO - ::endgroup::
[2026-01-06T09:27:07.339+0000] {subprocess.py:63} INFO - Tmp dir root location: /tmp
[2026-01-06T09:27:07.342+0000] {subprocess.py:75} INFO - Running command: ['/usr/bin/bash', '-c', 'python /opt/***/project/Data/Bronze/bronze_layer.py']
[2026-01-06T09:27:07.366+0000] {subprocess.py:86} INFO - Output:
[2026-01-06T09:27:08.014+0000] {subprocess.py:97} INFO - Command exited with return code 0
[2026-01-06T09:27:08.066+0000] {taskinstance.py:340} INFO - ::group::Post task execution logs
[2026-01-06T09:27:08.068+0000] {taskinstance.py:352} INFO - Marking task as SUCCESS. dag_id=stock_analytics_incremental_etl_pipeline_v2, task_id=bronze_ingestion, run_id=manual__2026-01-06T09:26:47.624521+00:00, execution_date=20260106T092647, start_date=20260106T092706, end_date=20260106T092708
[2026-01-06T09:27:08.087+0000] {logging_mixin.py:190} INFO - Task instance in success state
[2026-01-06T09:27:08.089+0000] {logging_mixin.py:190} INFO -  Previous state of the Task instance: running
[2026-01-06T09:27:08.090+0000] {logging_mixin.py:190} INFO - Dag name:stock_analytics_incremental_etl_pipeline_v2 queued_at:2026-01-06 09:26:47.662566+00:00
[2026-01-06T09:27:08.091+0000] {logging_mixin.py:190} INFO - Task hostname:6a3940ac9286 operator:BashOperator
[2026-01-06T09:27:08.125+0000] {local_task_job_runner.py:261} INFO - Task exited with return code 0
[2026-01-06T09:27:08.187+0000] {taskinstance.py:3891} INFO - 1 downstream tasks scheduled from follow-on schedule check
[2026-01-06T09:27:08.191+0000] {local_task_job_runner.py:240} INFO - ::endgroup::
