[2026-01-05T17:17:56.235+0000] {processor.py:186} INFO - Started process (PID=173) to work on /home/airflow/.local/lib/python3.12/site-packages/airflow/example_dags/example_kubernetes_executor.py
[2026-01-05T17:17:56.243+0000] {processor.py:914} INFO - Processing file /home/airflow/.local/lib/python3.12/site-packages/airflow/example_dags/example_kubernetes_executor.py for tasks to queue
[2026-01-05T17:17:56.250+0000] {logging_mixin.py:190} INFO - [2026-01-05T17:17:56.249+0000] {dagbag.py:587} INFO - Filling up the DagBag from /home/airflow/.local/lib/python3.12/site-packages/airflow/example_dags/example_kubernetes_executor.py
[2026-01-05T17:17:56.313+0000] {processor.py:925} INFO - DAG(s) 'example_kubernetes_executor' retrieved from /home/airflow/.local/lib/python3.12/site-packages/airflow/example_dags/example_kubernetes_executor.py
[2026-01-05T17:17:56.461+0000] {logging_mixin.py:190} INFO - [2026-01-05T17:17:56.461+0000] {dag.py:3211} INFO - Sync 1 DAGs
[2026-01-05T17:17:56.530+0000] {logging_mixin.py:190} INFO - [2026-01-05T17:17:56.529+0000] {dag.py:4138} INFO - Setting next_dagrun for example_kubernetes_executor to None, run_after=None
[2026-01-05T17:17:56.593+0000] {processor.py:208} INFO - Processing /home/airflow/.local/lib/python3.12/site-packages/airflow/example_dags/example_kubernetes_executor.py took 0.383 seconds
[2026-01-05T17:18:29.554+0000] {processor.py:186} INFO - Started process (PID=239) to work on /home/airflow/.local/lib/python3.12/site-packages/airflow/example_dags/example_kubernetes_executor.py
[2026-01-05T17:18:29.559+0000] {processor.py:914} INFO - Processing file /home/airflow/.local/lib/python3.12/site-packages/airflow/example_dags/example_kubernetes_executor.py for tasks to queue
[2026-01-05T17:18:29.563+0000] {logging_mixin.py:190} INFO - [2026-01-05T17:18:29.563+0000] {dagbag.py:587} INFO - Filling up the DagBag from /home/airflow/.local/lib/python3.12/site-packages/airflow/example_dags/example_kubernetes_executor.py
[2026-01-05T17:18:29.583+0000] {processor.py:925} INFO - DAG(s) 'example_kubernetes_executor' retrieved from /home/airflow/.local/lib/python3.12/site-packages/airflow/example_dags/example_kubernetes_executor.py
[2026-01-05T17:18:29.646+0000] {logging_mixin.py:190} INFO - [2026-01-05T17:18:29.646+0000] {dag.py:3211} INFO - Sync 1 DAGs
[2026-01-05T17:18:29.671+0000] {logging_mixin.py:190} INFO - [2026-01-05T17:18:29.671+0000] {dag.py:4138} INFO - Setting next_dagrun for example_kubernetes_executor to None, run_after=None
[2026-01-05T17:18:29.699+0000] {processor.py:208} INFO - Processing /home/airflow/.local/lib/python3.12/site-packages/airflow/example_dags/example_kubernetes_executor.py took 0.153 seconds
[2026-01-05T17:19:00.068+0000] {processor.py:186} INFO - Started process (PID=305) to work on /home/airflow/.local/lib/python3.12/site-packages/airflow/example_dags/example_kubernetes_executor.py
[2026-01-05T17:19:00.070+0000] {processor.py:914} INFO - Processing file /home/airflow/.local/lib/python3.12/site-packages/airflow/example_dags/example_kubernetes_executor.py for tasks to queue
[2026-01-05T17:19:00.074+0000] {logging_mixin.py:190} INFO - [2026-01-05T17:19:00.074+0000] {dagbag.py:587} INFO - Filling up the DagBag from /home/airflow/.local/lib/python3.12/site-packages/airflow/example_dags/example_kubernetes_executor.py
[2026-01-05T17:19:00.090+0000] {processor.py:925} INFO - DAG(s) 'example_kubernetes_executor' retrieved from /home/airflow/.local/lib/python3.12/site-packages/airflow/example_dags/example_kubernetes_executor.py
[2026-01-05T17:19:00.159+0000] {logging_mixin.py:190} INFO - [2026-01-05T17:19:00.158+0000] {dag.py:3211} INFO - Sync 1 DAGs
[2026-01-05T17:19:00.195+0000] {logging_mixin.py:190} INFO - [2026-01-05T17:19:00.195+0000] {dag.py:4138} INFO - Setting next_dagrun for example_kubernetes_executor to None, run_after=None
[2026-01-05T17:19:00.227+0000] {processor.py:208} INFO - Processing /home/airflow/.local/lib/python3.12/site-packages/airflow/example_dags/example_kubernetes_executor.py took 0.167 seconds
[2026-01-05T17:19:31.077+0000] {processor.py:186} INFO - Started process (PID=371) to work on /home/airflow/.local/lib/python3.12/site-packages/airflow/example_dags/example_kubernetes_executor.py
[2026-01-05T17:19:31.079+0000] {processor.py:914} INFO - Processing file /home/airflow/.local/lib/python3.12/site-packages/airflow/example_dags/example_kubernetes_executor.py for tasks to queue
[2026-01-05T17:19:31.085+0000] {logging_mixin.py:190} INFO - [2026-01-05T17:19:31.084+0000] {dagbag.py:587} INFO - Filling up the DagBag from /home/airflow/.local/lib/python3.12/site-packages/airflow/example_dags/example_kubernetes_executor.py
[2026-01-05T17:19:31.101+0000] {processor.py:925} INFO - DAG(s) 'example_kubernetes_executor' retrieved from /home/airflow/.local/lib/python3.12/site-packages/airflow/example_dags/example_kubernetes_executor.py
[2026-01-05T17:19:31.157+0000] {logging_mixin.py:190} INFO - [2026-01-05T17:19:31.156+0000] {dag.py:3211} INFO - Sync 1 DAGs
[2026-01-05T17:19:31.175+0000] {logging_mixin.py:190} INFO - [2026-01-05T17:19:31.175+0000] {dag.py:4138} INFO - Setting next_dagrun for example_kubernetes_executor to None, run_after=None
[2026-01-05T17:19:31.208+0000] {processor.py:208} INFO - Processing /home/airflow/.local/lib/python3.12/site-packages/airflow/example_dags/example_kubernetes_executor.py took 0.138 seconds
[2026-01-05T17:20:01.441+0000] {processor.py:186} INFO - Started process (PID=437) to work on /home/airflow/.local/lib/python3.12/site-packages/airflow/example_dags/example_kubernetes_executor.py
[2026-01-05T17:20:01.443+0000] {processor.py:914} INFO - Processing file /home/airflow/.local/lib/python3.12/site-packages/airflow/example_dags/example_kubernetes_executor.py for tasks to queue
[2026-01-05T17:20:01.446+0000] {logging_mixin.py:190} INFO - [2026-01-05T17:20:01.446+0000] {dagbag.py:587} INFO - Filling up the DagBag from /home/airflow/.local/lib/python3.12/site-packages/airflow/example_dags/example_kubernetes_executor.py
[2026-01-05T17:20:01.462+0000] {processor.py:925} INFO - DAG(s) 'example_kubernetes_executor' retrieved from /home/airflow/.local/lib/python3.12/site-packages/airflow/example_dags/example_kubernetes_executor.py
[2026-01-05T17:20:01.512+0000] {logging_mixin.py:190} INFO - [2026-01-05T17:20:01.512+0000] {dag.py:3211} INFO - Sync 1 DAGs
[2026-01-05T17:20:01.530+0000] {logging_mixin.py:190} INFO - [2026-01-05T17:20:01.530+0000] {dag.py:4138} INFO - Setting next_dagrun for example_kubernetes_executor to None, run_after=None
[2026-01-05T17:20:01.558+0000] {processor.py:208} INFO - Processing /home/airflow/.local/lib/python3.12/site-packages/airflow/example_dags/example_kubernetes_executor.py took 0.123 seconds
[2026-01-05T17:20:33.915+0000] {processor.py:186} INFO - Started process (PID=503) to work on /home/airflow/.local/lib/python3.12/site-packages/airflow/example_dags/example_kubernetes_executor.py
[2026-01-05T17:20:33.919+0000] {processor.py:914} INFO - Processing file /home/airflow/.local/lib/python3.12/site-packages/airflow/example_dags/example_kubernetes_executor.py for tasks to queue
[2026-01-05T17:20:33.927+0000] {logging_mixin.py:190} INFO - [2026-01-05T17:20:33.926+0000] {dagbag.py:587} INFO - Filling up the DagBag from /home/airflow/.local/lib/python3.12/site-packages/airflow/example_dags/example_kubernetes_executor.py
[2026-01-05T17:20:33.955+0000] {processor.py:925} INFO - DAG(s) 'example_kubernetes_executor' retrieved from /home/airflow/.local/lib/python3.12/site-packages/airflow/example_dags/example_kubernetes_executor.py
[2026-01-05T17:20:34.041+0000] {logging_mixin.py:190} INFO - [2026-01-05T17:20:34.041+0000] {dag.py:3211} INFO - Sync 1 DAGs
[2026-01-05T17:20:34.079+0000] {logging_mixin.py:190} INFO - [2026-01-05T17:20:34.079+0000] {dag.py:4138} INFO - Setting next_dagrun for example_kubernetes_executor to None, run_after=None
[2026-01-05T17:20:34.123+0000] {processor.py:208} INFO - Processing /home/airflow/.local/lib/python3.12/site-packages/airflow/example_dags/example_kubernetes_executor.py took 0.230 seconds
[2026-01-05T17:21:04.604+0000] {processor.py:186} INFO - Started process (PID=569) to work on /home/airflow/.local/lib/python3.12/site-packages/airflow/example_dags/example_kubernetes_executor.py
[2026-01-05T17:21:04.605+0000] {processor.py:914} INFO - Processing file /home/airflow/.local/lib/python3.12/site-packages/airflow/example_dags/example_kubernetes_executor.py for tasks to queue
[2026-01-05T17:21:04.608+0000] {logging_mixin.py:190} INFO - [2026-01-05T17:21:04.608+0000] {dagbag.py:587} INFO - Filling up the DagBag from /home/airflow/.local/lib/python3.12/site-packages/airflow/example_dags/example_kubernetes_executor.py
[2026-01-05T17:21:04.622+0000] {processor.py:925} INFO - DAG(s) 'example_kubernetes_executor' retrieved from /home/airflow/.local/lib/python3.12/site-packages/airflow/example_dags/example_kubernetes_executor.py
[2026-01-05T17:21:04.668+0000] {logging_mixin.py:190} INFO - [2026-01-05T17:21:04.668+0000] {dag.py:3211} INFO - Sync 1 DAGs
[2026-01-05T17:21:04.682+0000] {logging_mixin.py:190} INFO - [2026-01-05T17:21:04.682+0000] {dag.py:4138} INFO - Setting next_dagrun for example_kubernetes_executor to None, run_after=None
[2026-01-05T17:21:04.704+0000] {processor.py:208} INFO - Processing /home/airflow/.local/lib/python3.12/site-packages/airflow/example_dags/example_kubernetes_executor.py took 0.108 seconds
[2026-01-05T17:21:34.999+0000] {processor.py:186} INFO - Started process (PID=635) to work on /home/airflow/.local/lib/python3.12/site-packages/airflow/example_dags/example_kubernetes_executor.py
[2026-01-05T17:21:35.001+0000] {processor.py:914} INFO - Processing file /home/airflow/.local/lib/python3.12/site-packages/airflow/example_dags/example_kubernetes_executor.py for tasks to queue
[2026-01-05T17:21:35.008+0000] {logging_mixin.py:190} INFO - [2026-01-05T17:21:35.007+0000] {dagbag.py:587} INFO - Filling up the DagBag from /home/airflow/.local/lib/python3.12/site-packages/airflow/example_dags/example_kubernetes_executor.py
[2026-01-05T17:21:35.026+0000] {processor.py:925} INFO - DAG(s) 'example_kubernetes_executor' retrieved from /home/airflow/.local/lib/python3.12/site-packages/airflow/example_dags/example_kubernetes_executor.py
[2026-01-05T17:21:35.074+0000] {logging_mixin.py:190} INFO - [2026-01-05T17:21:35.074+0000] {dag.py:3211} INFO - Sync 1 DAGs
[2026-01-05T17:21:35.096+0000] {logging_mixin.py:190} INFO - [2026-01-05T17:21:35.095+0000] {dag.py:4138} INFO - Setting next_dagrun for example_kubernetes_executor to None, run_after=None
[2026-01-05T17:21:35.119+0000] {processor.py:208} INFO - Processing /home/airflow/.local/lib/python3.12/site-packages/airflow/example_dags/example_kubernetes_executor.py took 0.132 seconds
[2026-01-05T17:22:05.856+0000] {processor.py:186} INFO - Started process (PID=701) to work on /home/airflow/.local/lib/python3.12/site-packages/airflow/example_dags/example_kubernetes_executor.py
[2026-01-05T17:22:05.857+0000] {processor.py:914} INFO - Processing file /home/airflow/.local/lib/python3.12/site-packages/airflow/example_dags/example_kubernetes_executor.py for tasks to queue
[2026-01-05T17:22:05.862+0000] {logging_mixin.py:190} INFO - [2026-01-05T17:22:05.861+0000] {dagbag.py:587} INFO - Filling up the DagBag from /home/airflow/.local/lib/python3.12/site-packages/airflow/example_dags/example_kubernetes_executor.py
[2026-01-05T17:22:05.876+0000] {processor.py:925} INFO - DAG(s) 'example_kubernetes_executor' retrieved from /home/airflow/.local/lib/python3.12/site-packages/airflow/example_dags/example_kubernetes_executor.py
[2026-01-05T17:22:05.919+0000] {logging_mixin.py:190} INFO - [2026-01-05T17:22:05.918+0000] {dag.py:3211} INFO - Sync 1 DAGs
[2026-01-05T17:22:05.934+0000] {logging_mixin.py:190} INFO - [2026-01-05T17:22:05.934+0000] {dag.py:4138} INFO - Setting next_dagrun for example_kubernetes_executor to None, run_after=None
[2026-01-05T17:22:05.956+0000] {processor.py:208} INFO - Processing /home/airflow/.local/lib/python3.12/site-packages/airflow/example_dags/example_kubernetes_executor.py took 0.108 seconds
[2026-01-05T17:22:36.578+0000] {processor.py:186} INFO - Started process (PID=767) to work on /home/airflow/.local/lib/python3.12/site-packages/airflow/example_dags/example_kubernetes_executor.py
[2026-01-05T17:22:36.581+0000] {processor.py:914} INFO - Processing file /home/airflow/.local/lib/python3.12/site-packages/airflow/example_dags/example_kubernetes_executor.py for tasks to queue
[2026-01-05T17:22:36.588+0000] {logging_mixin.py:190} INFO - [2026-01-05T17:22:36.587+0000] {dagbag.py:587} INFO - Filling up the DagBag from /home/airflow/.local/lib/python3.12/site-packages/airflow/example_dags/example_kubernetes_executor.py
[2026-01-05T17:22:36.611+0000] {processor.py:925} INFO - DAG(s) 'example_kubernetes_executor' retrieved from /home/airflow/.local/lib/python3.12/site-packages/airflow/example_dags/example_kubernetes_executor.py
[2026-01-05T17:22:36.733+0000] {logging_mixin.py:190} INFO - [2026-01-05T17:22:36.733+0000] {dag.py:3211} INFO - Sync 1 DAGs
[2026-01-05T17:22:36.804+0000] {logging_mixin.py:190} INFO - [2026-01-05T17:22:36.803+0000] {dag.py:4138} INFO - Setting next_dagrun for example_kubernetes_executor to None, run_after=None
[2026-01-05T17:22:36.908+0000] {processor.py:208} INFO - Processing /home/airflow/.local/lib/python3.12/site-packages/airflow/example_dags/example_kubernetes_executor.py took 0.345 seconds
[2026-01-05T17:23:07.617+0000] {processor.py:186} INFO - Started process (PID=833) to work on /home/airflow/.local/lib/python3.12/site-packages/airflow/example_dags/example_kubernetes_executor.py
[2026-01-05T17:23:07.619+0000] {processor.py:914} INFO - Processing file /home/airflow/.local/lib/python3.12/site-packages/airflow/example_dags/example_kubernetes_executor.py for tasks to queue
[2026-01-05T17:23:07.623+0000] {logging_mixin.py:190} INFO - [2026-01-05T17:23:07.623+0000] {dagbag.py:587} INFO - Filling up the DagBag from /home/airflow/.local/lib/python3.12/site-packages/airflow/example_dags/example_kubernetes_executor.py
[2026-01-05T17:23:07.638+0000] {processor.py:925} INFO - DAG(s) 'example_kubernetes_executor' retrieved from /home/airflow/.local/lib/python3.12/site-packages/airflow/example_dags/example_kubernetes_executor.py
[2026-01-05T17:23:07.684+0000] {logging_mixin.py:190} INFO - [2026-01-05T17:23:07.683+0000] {dag.py:3211} INFO - Sync 1 DAGs
[2026-01-05T17:23:07.705+0000] {logging_mixin.py:190} INFO - [2026-01-05T17:23:07.704+0000] {dag.py:4138} INFO - Setting next_dagrun for example_kubernetes_executor to None, run_after=None
[2026-01-05T17:23:07.732+0000] {processor.py:208} INFO - Processing /home/airflow/.local/lib/python3.12/site-packages/airflow/example_dags/example_kubernetes_executor.py took 0.121 seconds
[2026-01-05T17:23:38.008+0000] {processor.py:186} INFO - Started process (PID=899) to work on /home/airflow/.local/lib/python3.12/site-packages/airflow/example_dags/example_kubernetes_executor.py
[2026-01-05T17:23:38.011+0000] {processor.py:914} INFO - Processing file /home/airflow/.local/lib/python3.12/site-packages/airflow/example_dags/example_kubernetes_executor.py for tasks to queue
[2026-01-05T17:23:38.015+0000] {logging_mixin.py:190} INFO - [2026-01-05T17:23:38.014+0000] {dagbag.py:587} INFO - Filling up the DagBag from /home/airflow/.local/lib/python3.12/site-packages/airflow/example_dags/example_kubernetes_executor.py
[2026-01-05T17:23:38.027+0000] {processor.py:925} INFO - DAG(s) 'example_kubernetes_executor' retrieved from /home/airflow/.local/lib/python3.12/site-packages/airflow/example_dags/example_kubernetes_executor.py
[2026-01-05T17:23:38.075+0000] {logging_mixin.py:190} INFO - [2026-01-05T17:23:38.075+0000] {dag.py:3211} INFO - Sync 1 DAGs
[2026-01-05T17:23:38.090+0000] {logging_mixin.py:190} INFO - [2026-01-05T17:23:38.090+0000] {dag.py:4138} INFO - Setting next_dagrun for example_kubernetes_executor to None, run_after=None
[2026-01-05T17:23:38.113+0000] {processor.py:208} INFO - Processing /home/airflow/.local/lib/python3.12/site-packages/airflow/example_dags/example_kubernetes_executor.py took 0.110 seconds
[2026-01-05T17:24:08.279+0000] {processor.py:186} INFO - Started process (PID=964) to work on /home/airflow/.local/lib/python3.12/site-packages/airflow/example_dags/example_kubernetes_executor.py
[2026-01-05T17:24:08.281+0000] {processor.py:914} INFO - Processing file /home/airflow/.local/lib/python3.12/site-packages/airflow/example_dags/example_kubernetes_executor.py for tasks to queue
[2026-01-05T17:24:08.285+0000] {logging_mixin.py:190} INFO - [2026-01-05T17:24:08.284+0000] {dagbag.py:587} INFO - Filling up the DagBag from /home/airflow/.local/lib/python3.12/site-packages/airflow/example_dags/example_kubernetes_executor.py
[2026-01-05T17:24:08.298+0000] {processor.py:925} INFO - DAG(s) 'example_kubernetes_executor' retrieved from /home/airflow/.local/lib/python3.12/site-packages/airflow/example_dags/example_kubernetes_executor.py
[2026-01-05T17:24:08.353+0000] {logging_mixin.py:190} INFO - [2026-01-05T17:24:08.353+0000] {dag.py:3211} INFO - Sync 1 DAGs
[2026-01-05T17:24:08.376+0000] {logging_mixin.py:190} INFO - [2026-01-05T17:24:08.376+0000] {dag.py:4138} INFO - Setting next_dagrun for example_kubernetes_executor to None, run_after=None
[2026-01-05T17:24:08.406+0000] {processor.py:208} INFO - Processing /home/airflow/.local/lib/python3.12/site-packages/airflow/example_dags/example_kubernetes_executor.py took 0.136 seconds
[2026-01-05T17:24:38.925+0000] {processor.py:186} INFO - Started process (PID=1031) to work on /home/airflow/.local/lib/python3.12/site-packages/airflow/example_dags/example_kubernetes_executor.py
[2026-01-05T17:24:38.927+0000] {processor.py:914} INFO - Processing file /home/airflow/.local/lib/python3.12/site-packages/airflow/example_dags/example_kubernetes_executor.py for tasks to queue
[2026-01-05T17:24:38.931+0000] {logging_mixin.py:190} INFO - [2026-01-05T17:24:38.930+0000] {dagbag.py:587} INFO - Filling up the DagBag from /home/airflow/.local/lib/python3.12/site-packages/airflow/example_dags/example_kubernetes_executor.py
[2026-01-05T17:24:38.947+0000] {processor.py:925} INFO - DAG(s) 'example_kubernetes_executor' retrieved from /home/airflow/.local/lib/python3.12/site-packages/airflow/example_dags/example_kubernetes_executor.py
[2026-01-05T17:24:38.995+0000] {logging_mixin.py:190} INFO - [2026-01-05T17:24:38.994+0000] {dag.py:3211} INFO - Sync 1 DAGs
[2026-01-05T17:24:39.008+0000] {logging_mixin.py:190} INFO - [2026-01-05T17:24:39.007+0000] {dag.py:4138} INFO - Setting next_dagrun for example_kubernetes_executor to None, run_after=None
[2026-01-05T17:24:39.031+0000] {processor.py:208} INFO - Processing /home/airflow/.local/lib/python3.12/site-packages/airflow/example_dags/example_kubernetes_executor.py took 0.113 seconds
[2026-01-05T17:25:09.882+0000] {processor.py:186} INFO - Started process (PID=1097) to work on /home/airflow/.local/lib/python3.12/site-packages/airflow/example_dags/example_kubernetes_executor.py
[2026-01-05T17:25:09.884+0000] {processor.py:914} INFO - Processing file /home/airflow/.local/lib/python3.12/site-packages/airflow/example_dags/example_kubernetes_executor.py for tasks to queue
[2026-01-05T17:25:09.888+0000] {logging_mixin.py:190} INFO - [2026-01-05T17:25:09.887+0000] {dagbag.py:587} INFO - Filling up the DagBag from /home/airflow/.local/lib/python3.12/site-packages/airflow/example_dags/example_kubernetes_executor.py
[2026-01-05T17:25:09.902+0000] {processor.py:925} INFO - DAG(s) 'example_kubernetes_executor' retrieved from /home/airflow/.local/lib/python3.12/site-packages/airflow/example_dags/example_kubernetes_executor.py
[2026-01-05T17:25:09.948+0000] {logging_mixin.py:190} INFO - [2026-01-05T17:25:09.948+0000] {dag.py:3211} INFO - Sync 1 DAGs
[2026-01-05T17:25:09.961+0000] {logging_mixin.py:190} INFO - [2026-01-05T17:25:09.961+0000] {dag.py:4138} INFO - Setting next_dagrun for example_kubernetes_executor to None, run_after=None
[2026-01-05T17:25:09.986+0000] {processor.py:208} INFO - Processing /home/airflow/.local/lib/python3.12/site-packages/airflow/example_dags/example_kubernetes_executor.py took 0.111 seconds
[2026-01-05T17:25:40.961+0000] {processor.py:186} INFO - Started process (PID=1163) to work on /home/airflow/.local/lib/python3.12/site-packages/airflow/example_dags/example_kubernetes_executor.py
[2026-01-05T17:25:40.962+0000] {processor.py:914} INFO - Processing file /home/airflow/.local/lib/python3.12/site-packages/airflow/example_dags/example_kubernetes_executor.py for tasks to queue
[2026-01-05T17:25:40.966+0000] {logging_mixin.py:190} INFO - [2026-01-05T17:25:40.966+0000] {dagbag.py:587} INFO - Filling up the DagBag from /home/airflow/.local/lib/python3.12/site-packages/airflow/example_dags/example_kubernetes_executor.py
[2026-01-05T17:25:40.986+0000] {processor.py:925} INFO - DAG(s) 'example_kubernetes_executor' retrieved from /home/airflow/.local/lib/python3.12/site-packages/airflow/example_dags/example_kubernetes_executor.py
[2026-01-05T17:25:41.033+0000] {logging_mixin.py:190} INFO - [2026-01-05T17:25:41.033+0000] {dag.py:3211} INFO - Sync 1 DAGs
[2026-01-05T17:25:41.049+0000] {logging_mixin.py:190} INFO - [2026-01-05T17:25:41.049+0000] {dag.py:4138} INFO - Setting next_dagrun for example_kubernetes_executor to None, run_after=None
[2026-01-05T17:25:41.078+0000] {processor.py:208} INFO - Processing /home/airflow/.local/lib/python3.12/site-packages/airflow/example_dags/example_kubernetes_executor.py took 0.124 seconds
[2026-01-05T17:26:11.528+0000] {processor.py:186} INFO - Started process (PID=1228) to work on /home/airflow/.local/lib/python3.12/site-packages/airflow/example_dags/example_kubernetes_executor.py
[2026-01-05T17:26:11.529+0000] {processor.py:914} INFO - Processing file /home/airflow/.local/lib/python3.12/site-packages/airflow/example_dags/example_kubernetes_executor.py for tasks to queue
[2026-01-05T17:26:11.533+0000] {logging_mixin.py:190} INFO - [2026-01-05T17:26:11.532+0000] {dagbag.py:587} INFO - Filling up the DagBag from /home/airflow/.local/lib/python3.12/site-packages/airflow/example_dags/example_kubernetes_executor.py
[2026-01-05T17:26:11.552+0000] {processor.py:925} INFO - DAG(s) 'example_kubernetes_executor' retrieved from /home/airflow/.local/lib/python3.12/site-packages/airflow/example_dags/example_kubernetes_executor.py
[2026-01-05T17:26:11.597+0000] {logging_mixin.py:190} INFO - [2026-01-05T17:26:11.596+0000] {dag.py:3211} INFO - Sync 1 DAGs
[2026-01-05T17:26:11.613+0000] {logging_mixin.py:190} INFO - [2026-01-05T17:26:11.613+0000] {dag.py:4138} INFO - Setting next_dagrun for example_kubernetes_executor to None, run_after=None
[2026-01-05T17:26:11.635+0000] {processor.py:208} INFO - Processing /home/airflow/.local/lib/python3.12/site-packages/airflow/example_dags/example_kubernetes_executor.py took 0.113 seconds
[2026-01-05T17:26:42.175+0000] {processor.py:186} INFO - Started process (PID=1294) to work on /home/airflow/.local/lib/python3.12/site-packages/airflow/example_dags/example_kubernetes_executor.py
[2026-01-05T17:26:42.177+0000] {processor.py:914} INFO - Processing file /home/airflow/.local/lib/python3.12/site-packages/airflow/example_dags/example_kubernetes_executor.py for tasks to queue
[2026-01-05T17:26:42.180+0000] {logging_mixin.py:190} INFO - [2026-01-05T17:26:42.180+0000] {dagbag.py:587} INFO - Filling up the DagBag from /home/airflow/.local/lib/python3.12/site-packages/airflow/example_dags/example_kubernetes_executor.py
[2026-01-05T17:26:42.193+0000] {processor.py:925} INFO - DAG(s) 'example_kubernetes_executor' retrieved from /home/airflow/.local/lib/python3.12/site-packages/airflow/example_dags/example_kubernetes_executor.py
[2026-01-05T17:26:42.234+0000] {logging_mixin.py:190} INFO - [2026-01-05T17:26:42.234+0000] {dag.py:3211} INFO - Sync 1 DAGs
[2026-01-05T17:26:42.250+0000] {logging_mixin.py:190} INFO - [2026-01-05T17:26:42.250+0000] {dag.py:4138} INFO - Setting next_dagrun for example_kubernetes_executor to None, run_after=None
[2026-01-05T17:26:42.273+0000] {processor.py:208} INFO - Processing /home/airflow/.local/lib/python3.12/site-packages/airflow/example_dags/example_kubernetes_executor.py took 0.105 seconds
[2026-01-05T17:27:12.758+0000] {processor.py:186} INFO - Started process (PID=1360) to work on /home/airflow/.local/lib/python3.12/site-packages/airflow/example_dags/example_kubernetes_executor.py
[2026-01-05T17:27:12.760+0000] {processor.py:914} INFO - Processing file /home/airflow/.local/lib/python3.12/site-packages/airflow/example_dags/example_kubernetes_executor.py for tasks to queue
[2026-01-05T17:27:12.764+0000] {logging_mixin.py:190} INFO - [2026-01-05T17:27:12.764+0000] {dagbag.py:587} INFO - Filling up the DagBag from /home/airflow/.local/lib/python3.12/site-packages/airflow/example_dags/example_kubernetes_executor.py
[2026-01-05T17:27:12.778+0000] {processor.py:925} INFO - DAG(s) 'example_kubernetes_executor' retrieved from /home/airflow/.local/lib/python3.12/site-packages/airflow/example_dags/example_kubernetes_executor.py
[2026-01-05T17:27:12.820+0000] {logging_mixin.py:190} INFO - [2026-01-05T17:27:12.819+0000] {dag.py:3211} INFO - Sync 1 DAGs
[2026-01-05T17:27:12.833+0000] {logging_mixin.py:190} INFO - [2026-01-05T17:27:12.832+0000] {dag.py:4138} INFO - Setting next_dagrun for example_kubernetes_executor to None, run_after=None
[2026-01-05T17:27:12.856+0000] {processor.py:208} INFO - Processing /home/airflow/.local/lib/python3.12/site-packages/airflow/example_dags/example_kubernetes_executor.py took 0.106 seconds
[2026-01-05T17:27:43.070+0000] {processor.py:186} INFO - Started process (PID=1426) to work on /home/airflow/.local/lib/python3.12/site-packages/airflow/example_dags/example_kubernetes_executor.py
[2026-01-05T17:27:43.071+0000] {processor.py:914} INFO - Processing file /home/airflow/.local/lib/python3.12/site-packages/airflow/example_dags/example_kubernetes_executor.py for tasks to queue
[2026-01-05T17:27:43.076+0000] {logging_mixin.py:190} INFO - [2026-01-05T17:27:43.075+0000] {dagbag.py:587} INFO - Filling up the DagBag from /home/airflow/.local/lib/python3.12/site-packages/airflow/example_dags/example_kubernetes_executor.py
[2026-01-05T17:27:43.091+0000] {processor.py:925} INFO - DAG(s) 'example_kubernetes_executor' retrieved from /home/airflow/.local/lib/python3.12/site-packages/airflow/example_dags/example_kubernetes_executor.py
[2026-01-05T17:27:43.136+0000] {logging_mixin.py:190} INFO - [2026-01-05T17:27:43.136+0000] {dag.py:3211} INFO - Sync 1 DAGs
[2026-01-05T17:27:43.157+0000] {logging_mixin.py:190} INFO - [2026-01-05T17:27:43.157+0000] {dag.py:4138} INFO - Setting next_dagrun for example_kubernetes_executor to None, run_after=None
[2026-01-05T17:27:43.184+0000] {processor.py:208} INFO - Processing /home/airflow/.local/lib/python3.12/site-packages/airflow/example_dags/example_kubernetes_executor.py took 0.125 seconds
[2026-01-05T17:28:13.556+0000] {processor.py:186} INFO - Started process (PID=1493) to work on /home/airflow/.local/lib/python3.12/site-packages/airflow/example_dags/example_kubernetes_executor.py
[2026-01-05T17:28:13.560+0000] {processor.py:914} INFO - Processing file /home/airflow/.local/lib/python3.12/site-packages/airflow/example_dags/example_kubernetes_executor.py for tasks to queue
[2026-01-05T17:28:13.571+0000] {logging_mixin.py:190} INFO - [2026-01-05T17:28:13.570+0000] {dagbag.py:587} INFO - Filling up the DagBag from /home/airflow/.local/lib/python3.12/site-packages/airflow/example_dags/example_kubernetes_executor.py
[2026-01-05T17:28:13.606+0000] {processor.py:925} INFO - DAG(s) 'example_kubernetes_executor' retrieved from /home/airflow/.local/lib/python3.12/site-packages/airflow/example_dags/example_kubernetes_executor.py
[2026-01-05T17:28:13.763+0000] {logging_mixin.py:190} INFO - [2026-01-05T17:28:13.762+0000] {dag.py:3211} INFO - Sync 1 DAGs
[2026-01-05T17:28:13.826+0000] {logging_mixin.py:190} INFO - [2026-01-05T17:28:13.826+0000] {dag.py:4138} INFO - Setting next_dagrun for example_kubernetes_executor to None, run_after=None
[2026-01-05T17:28:13.902+0000] {processor.py:208} INFO - Processing /home/airflow/.local/lib/python3.12/site-packages/airflow/example_dags/example_kubernetes_executor.py took 0.362 seconds
[2026-01-05T17:28:44.033+0000] {processor.py:186} INFO - Started process (PID=1557) to work on /home/airflow/.local/lib/python3.12/site-packages/airflow/example_dags/example_kubernetes_executor.py
[2026-01-05T17:28:44.034+0000] {processor.py:914} INFO - Processing file /home/airflow/.local/lib/python3.12/site-packages/airflow/example_dags/example_kubernetes_executor.py for tasks to queue
[2026-01-05T17:28:44.040+0000] {logging_mixin.py:190} INFO - [2026-01-05T17:28:44.039+0000] {dagbag.py:587} INFO - Filling up the DagBag from /home/airflow/.local/lib/python3.12/site-packages/airflow/example_dags/example_kubernetes_executor.py
[2026-01-05T17:28:44.060+0000] {processor.py:925} INFO - DAG(s) 'example_kubernetes_executor' retrieved from /home/airflow/.local/lib/python3.12/site-packages/airflow/example_dags/example_kubernetes_executor.py
[2026-01-05T17:28:44.109+0000] {logging_mixin.py:190} INFO - [2026-01-05T17:28:44.109+0000] {dag.py:3211} INFO - Sync 1 DAGs
[2026-01-05T17:28:44.130+0000] {logging_mixin.py:190} INFO - [2026-01-05T17:28:44.129+0000] {dag.py:4138} INFO - Setting next_dagrun for example_kubernetes_executor to None, run_after=None
[2026-01-05T17:28:44.154+0000] {processor.py:208} INFO - Processing /home/airflow/.local/lib/python3.12/site-packages/airflow/example_dags/example_kubernetes_executor.py took 0.127 seconds
[2026-01-05T17:29:14.710+0000] {processor.py:186} INFO - Started process (PID=1623) to work on /home/airflow/.local/lib/python3.12/site-packages/airflow/example_dags/example_kubernetes_executor.py
[2026-01-05T17:29:14.712+0000] {processor.py:914} INFO - Processing file /home/airflow/.local/lib/python3.12/site-packages/airflow/example_dags/example_kubernetes_executor.py for tasks to queue
[2026-01-05T17:29:14.715+0000] {logging_mixin.py:190} INFO - [2026-01-05T17:29:14.715+0000] {dagbag.py:587} INFO - Filling up the DagBag from /home/airflow/.local/lib/python3.12/site-packages/airflow/example_dags/example_kubernetes_executor.py
[2026-01-05T17:29:14.727+0000] {processor.py:925} INFO - DAG(s) 'example_kubernetes_executor' retrieved from /home/airflow/.local/lib/python3.12/site-packages/airflow/example_dags/example_kubernetes_executor.py
[2026-01-05T17:29:14.772+0000] {logging_mixin.py:190} INFO - [2026-01-05T17:29:14.771+0000] {dag.py:3211} INFO - Sync 1 DAGs
[2026-01-05T17:29:14.787+0000] {logging_mixin.py:190} INFO - [2026-01-05T17:29:14.786+0000] {dag.py:4138} INFO - Setting next_dagrun for example_kubernetes_executor to None, run_after=None
[2026-01-05T17:29:14.809+0000] {processor.py:208} INFO - Processing /home/airflow/.local/lib/python3.12/site-packages/airflow/example_dags/example_kubernetes_executor.py took 0.107 seconds
[2026-01-05T17:29:45.332+0000] {processor.py:186} INFO - Started process (PID=1689) to work on /home/airflow/.local/lib/python3.12/site-packages/airflow/example_dags/example_kubernetes_executor.py
[2026-01-05T17:29:45.336+0000] {processor.py:914} INFO - Processing file /home/airflow/.local/lib/python3.12/site-packages/airflow/example_dags/example_kubernetes_executor.py for tasks to queue
[2026-01-05T17:29:45.340+0000] {logging_mixin.py:190} INFO - [2026-01-05T17:29:45.339+0000] {dagbag.py:587} INFO - Filling up the DagBag from /home/airflow/.local/lib/python3.12/site-packages/airflow/example_dags/example_kubernetes_executor.py
[2026-01-05T17:29:45.359+0000] {processor.py:925} INFO - DAG(s) 'example_kubernetes_executor' retrieved from /home/airflow/.local/lib/python3.12/site-packages/airflow/example_dags/example_kubernetes_executor.py
[2026-01-05T17:29:45.413+0000] {logging_mixin.py:190} INFO - [2026-01-05T17:29:45.413+0000] {dag.py:3211} INFO - Sync 1 DAGs
[2026-01-05T17:29:45.429+0000] {logging_mixin.py:190} INFO - [2026-01-05T17:29:45.429+0000] {dag.py:4138} INFO - Setting next_dagrun for example_kubernetes_executor to None, run_after=None
[2026-01-05T17:29:45.453+0000] {processor.py:208} INFO - Processing /home/airflow/.local/lib/python3.12/site-packages/airflow/example_dags/example_kubernetes_executor.py took 0.131 seconds
[2026-01-05T17:30:15.884+0000] {processor.py:186} INFO - Started process (PID=1755) to work on /home/airflow/.local/lib/python3.12/site-packages/airflow/example_dags/example_kubernetes_executor.py
[2026-01-05T17:30:15.886+0000] {processor.py:914} INFO - Processing file /home/airflow/.local/lib/python3.12/site-packages/airflow/example_dags/example_kubernetes_executor.py for tasks to queue
[2026-01-05T17:30:15.889+0000] {logging_mixin.py:190} INFO - [2026-01-05T17:30:15.888+0000] {dagbag.py:587} INFO - Filling up the DagBag from /home/airflow/.local/lib/python3.12/site-packages/airflow/example_dags/example_kubernetes_executor.py
[2026-01-05T17:30:15.902+0000] {processor.py:925} INFO - DAG(s) 'example_kubernetes_executor' retrieved from /home/airflow/.local/lib/python3.12/site-packages/airflow/example_dags/example_kubernetes_executor.py
[2026-01-05T17:30:15.944+0000] {logging_mixin.py:190} INFO - [2026-01-05T17:30:15.944+0000] {dag.py:3211} INFO - Sync 1 DAGs
[2026-01-05T17:30:15.959+0000] {logging_mixin.py:190} INFO - [2026-01-05T17:30:15.959+0000] {dag.py:4138} INFO - Setting next_dagrun for example_kubernetes_executor to None, run_after=None
[2026-01-05T17:30:15.981+0000] {processor.py:208} INFO - Processing /home/airflow/.local/lib/python3.12/site-packages/airflow/example_dags/example_kubernetes_executor.py took 0.104 seconds
[2026-01-05T17:30:46.852+0000] {processor.py:186} INFO - Started process (PID=1822) to work on /home/airflow/.local/lib/python3.12/site-packages/airflow/example_dags/example_kubernetes_executor.py
[2026-01-05T17:30:46.853+0000] {processor.py:914} INFO - Processing file /home/airflow/.local/lib/python3.12/site-packages/airflow/example_dags/example_kubernetes_executor.py for tasks to queue
[2026-01-05T17:30:46.858+0000] {logging_mixin.py:190} INFO - [2026-01-05T17:30:46.857+0000] {dagbag.py:587} INFO - Filling up the DagBag from /home/airflow/.local/lib/python3.12/site-packages/airflow/example_dags/example_kubernetes_executor.py
[2026-01-05T17:30:46.879+0000] {processor.py:925} INFO - DAG(s) 'example_kubernetes_executor' retrieved from /home/airflow/.local/lib/python3.12/site-packages/airflow/example_dags/example_kubernetes_executor.py
[2026-01-05T17:30:46.929+0000] {logging_mixin.py:190} INFO - [2026-01-05T17:30:46.929+0000] {dag.py:3211} INFO - Sync 1 DAGs
[2026-01-05T17:30:46.947+0000] {logging_mixin.py:190} INFO - [2026-01-05T17:30:46.947+0000] {dag.py:4138} INFO - Setting next_dagrun for example_kubernetes_executor to None, run_after=None
[2026-01-05T17:30:46.975+0000] {processor.py:208} INFO - Processing /home/airflow/.local/lib/python3.12/site-packages/airflow/example_dags/example_kubernetes_executor.py took 0.129 seconds
[2026-01-05T17:31:17.664+0000] {processor.py:186} INFO - Started process (PID=1888) to work on /home/airflow/.local/lib/python3.12/site-packages/airflow/example_dags/example_kubernetes_executor.py
[2026-01-05T17:31:17.666+0000] {processor.py:914} INFO - Processing file /home/airflow/.local/lib/python3.12/site-packages/airflow/example_dags/example_kubernetes_executor.py for tasks to queue
[2026-01-05T17:31:17.671+0000] {logging_mixin.py:190} INFO - [2026-01-05T17:31:17.671+0000] {dagbag.py:587} INFO - Filling up the DagBag from /home/airflow/.local/lib/python3.12/site-packages/airflow/example_dags/example_kubernetes_executor.py
[2026-01-05T17:31:17.695+0000] {processor.py:925} INFO - DAG(s) 'example_kubernetes_executor' retrieved from /home/airflow/.local/lib/python3.12/site-packages/airflow/example_dags/example_kubernetes_executor.py
[2026-01-05T17:31:17.753+0000] {logging_mixin.py:190} INFO - [2026-01-05T17:31:17.753+0000] {dag.py:3211} INFO - Sync 1 DAGs
[2026-01-05T17:31:17.772+0000] {logging_mixin.py:190} INFO - [2026-01-05T17:31:17.772+0000] {dag.py:4138} INFO - Setting next_dagrun for example_kubernetes_executor to None, run_after=None
[2026-01-05T17:31:17.793+0000] {processor.py:208} INFO - Processing /home/airflow/.local/lib/python3.12/site-packages/airflow/example_dags/example_kubernetes_executor.py took 0.142 seconds
[2026-01-05T17:31:48.308+0000] {processor.py:186} INFO - Started process (PID=1954) to work on /home/airflow/.local/lib/python3.12/site-packages/airflow/example_dags/example_kubernetes_executor.py
[2026-01-05T17:31:48.310+0000] {processor.py:914} INFO - Processing file /home/airflow/.local/lib/python3.12/site-packages/airflow/example_dags/example_kubernetes_executor.py for tasks to queue
[2026-01-05T17:31:48.313+0000] {logging_mixin.py:190} INFO - [2026-01-05T17:31:48.313+0000] {dagbag.py:587} INFO - Filling up the DagBag from /home/airflow/.local/lib/python3.12/site-packages/airflow/example_dags/example_kubernetes_executor.py
[2026-01-05T17:31:48.330+0000] {processor.py:925} INFO - DAG(s) 'example_kubernetes_executor' retrieved from /home/airflow/.local/lib/python3.12/site-packages/airflow/example_dags/example_kubernetes_executor.py
[2026-01-05T17:31:48.379+0000] {logging_mixin.py:190} INFO - [2026-01-05T17:31:48.379+0000] {dag.py:3211} INFO - Sync 1 DAGs
[2026-01-05T17:31:48.403+0000] {logging_mixin.py:190} INFO - [2026-01-05T17:31:48.403+0000] {dag.py:4138} INFO - Setting next_dagrun for example_kubernetes_executor to None, run_after=None
[2026-01-05T17:31:48.425+0000] {processor.py:208} INFO - Processing /home/airflow/.local/lib/python3.12/site-packages/airflow/example_dags/example_kubernetes_executor.py took 0.127 seconds
[2026-01-05T17:32:19.066+0000] {processor.py:186} INFO - Started process (PID=2020) to work on /home/airflow/.local/lib/python3.12/site-packages/airflow/example_dags/example_kubernetes_executor.py
[2026-01-05T17:32:19.067+0000] {processor.py:914} INFO - Processing file /home/airflow/.local/lib/python3.12/site-packages/airflow/example_dags/example_kubernetes_executor.py for tasks to queue
[2026-01-05T17:32:19.070+0000] {logging_mixin.py:190} INFO - [2026-01-05T17:32:19.070+0000] {dagbag.py:587} INFO - Filling up the DagBag from /home/airflow/.local/lib/python3.12/site-packages/airflow/example_dags/example_kubernetes_executor.py
[2026-01-05T17:32:19.081+0000] {processor.py:925} INFO - DAG(s) 'example_kubernetes_executor' retrieved from /home/airflow/.local/lib/python3.12/site-packages/airflow/example_dags/example_kubernetes_executor.py
[2026-01-05T17:32:19.125+0000] {logging_mixin.py:190} INFO - [2026-01-05T17:32:19.125+0000] {dag.py:3211} INFO - Sync 1 DAGs
[2026-01-05T17:32:19.323+0000] {logging_mixin.py:190} INFO - [2026-01-05T17:32:19.322+0000] {dag.py:4138} INFO - Setting next_dagrun for example_kubernetes_executor to None, run_after=None
[2026-01-05T17:32:19.346+0000] {processor.py:208} INFO - Processing /home/airflow/.local/lib/python3.12/site-packages/airflow/example_dags/example_kubernetes_executor.py took 0.287 seconds
[2026-01-05T17:32:49.625+0000] {processor.py:186} INFO - Started process (PID=2086) to work on /home/airflow/.local/lib/python3.12/site-packages/airflow/example_dags/example_kubernetes_executor.py
[2026-01-05T17:32:49.628+0000] {processor.py:914} INFO - Processing file /home/airflow/.local/lib/python3.12/site-packages/airflow/example_dags/example_kubernetes_executor.py for tasks to queue
[2026-01-05T17:32:49.630+0000] {logging_mixin.py:190} INFO - [2026-01-05T17:32:49.630+0000] {dagbag.py:587} INFO - Filling up the DagBag from /home/airflow/.local/lib/python3.12/site-packages/airflow/example_dags/example_kubernetes_executor.py
[2026-01-05T17:32:49.647+0000] {processor.py:925} INFO - DAG(s) 'example_kubernetes_executor' retrieved from /home/airflow/.local/lib/python3.12/site-packages/airflow/example_dags/example_kubernetes_executor.py
[2026-01-05T17:32:49.895+0000] {logging_mixin.py:190} INFO - [2026-01-05T17:32:49.895+0000] {dag.py:3211} INFO - Sync 1 DAGs
[2026-01-05T17:32:49.908+0000] {logging_mixin.py:190} INFO - [2026-01-05T17:32:49.908+0000] {dag.py:4138} INFO - Setting next_dagrun for example_kubernetes_executor to None, run_after=None
[2026-01-05T17:32:49.931+0000] {processor.py:208} INFO - Processing /home/airflow/.local/lib/python3.12/site-packages/airflow/example_dags/example_kubernetes_executor.py took 0.313 seconds
[2026-01-05T17:33:20.897+0000] {processor.py:186} INFO - Started process (PID=2152) to work on /home/airflow/.local/lib/python3.12/site-packages/airflow/example_dags/example_kubernetes_executor.py
[2026-01-05T17:33:20.899+0000] {processor.py:914} INFO - Processing file /home/airflow/.local/lib/python3.12/site-packages/airflow/example_dags/example_kubernetes_executor.py for tasks to queue
[2026-01-05T17:33:20.905+0000] {logging_mixin.py:190} INFO - [2026-01-05T17:33:20.904+0000] {dagbag.py:587} INFO - Filling up the DagBag from /home/airflow/.local/lib/python3.12/site-packages/airflow/example_dags/example_kubernetes_executor.py
[2026-01-05T17:33:20.924+0000] {processor.py:925} INFO - DAG(s) 'example_kubernetes_executor' retrieved from /home/airflow/.local/lib/python3.12/site-packages/airflow/example_dags/example_kubernetes_executor.py
[2026-01-05T17:33:21.197+0000] {logging_mixin.py:190} INFO - [2026-01-05T17:33:21.197+0000] {dag.py:3211} INFO - Sync 1 DAGs
[2026-01-05T17:33:21.218+0000] {logging_mixin.py:190} INFO - [2026-01-05T17:33:21.217+0000] {dag.py:4138} INFO - Setting next_dagrun for example_kubernetes_executor to None, run_after=None
[2026-01-05T17:33:21.254+0000] {processor.py:208} INFO - Processing /home/airflow/.local/lib/python3.12/site-packages/airflow/example_dags/example_kubernetes_executor.py took 0.370 seconds
[2026-01-05T17:33:51.531+0000] {processor.py:186} INFO - Started process (PID=2218) to work on /home/airflow/.local/lib/python3.12/site-packages/airflow/example_dags/example_kubernetes_executor.py
[2026-01-05T17:33:51.533+0000] {processor.py:914} INFO - Processing file /home/airflow/.local/lib/python3.12/site-packages/airflow/example_dags/example_kubernetes_executor.py for tasks to queue
[2026-01-05T17:33:51.537+0000] {logging_mixin.py:190} INFO - [2026-01-05T17:33:51.537+0000] {dagbag.py:587} INFO - Filling up the DagBag from /home/airflow/.local/lib/python3.12/site-packages/airflow/example_dags/example_kubernetes_executor.py
[2026-01-05T17:33:51.555+0000] {processor.py:925} INFO - DAG(s) 'example_kubernetes_executor' retrieved from /home/airflow/.local/lib/python3.12/site-packages/airflow/example_dags/example_kubernetes_executor.py
[2026-01-05T17:33:51.808+0000] {logging_mixin.py:190} INFO - [2026-01-05T17:33:51.808+0000] {dag.py:3211} INFO - Sync 1 DAGs
[2026-01-05T17:33:51.826+0000] {logging_mixin.py:190} INFO - [2026-01-05T17:33:51.825+0000] {dag.py:4138} INFO - Setting next_dagrun for example_kubernetes_executor to None, run_after=None
[2026-01-05T17:33:51.852+0000] {processor.py:208} INFO - Processing /home/airflow/.local/lib/python3.12/site-packages/airflow/example_dags/example_kubernetes_executor.py took 0.328 seconds
[2026-01-05T17:34:22.229+0000] {processor.py:186} INFO - Started process (PID=2284) to work on /home/airflow/.local/lib/python3.12/site-packages/airflow/example_dags/example_kubernetes_executor.py
[2026-01-05T17:34:22.230+0000] {processor.py:914} INFO - Processing file /home/airflow/.local/lib/python3.12/site-packages/airflow/example_dags/example_kubernetes_executor.py for tasks to queue
[2026-01-05T17:34:22.234+0000] {logging_mixin.py:190} INFO - [2026-01-05T17:34:22.233+0000] {dagbag.py:587} INFO - Filling up the DagBag from /home/airflow/.local/lib/python3.12/site-packages/airflow/example_dags/example_kubernetes_executor.py
[2026-01-05T17:34:22.244+0000] {processor.py:925} INFO - DAG(s) 'example_kubernetes_executor' retrieved from /home/airflow/.local/lib/python3.12/site-packages/airflow/example_dags/example_kubernetes_executor.py
[2026-01-05T17:34:22.293+0000] {logging_mixin.py:190} INFO - [2026-01-05T17:34:22.293+0000] {dag.py:3211} INFO - Sync 1 DAGs
[2026-01-05T17:34:22.311+0000] {logging_mixin.py:190} INFO - [2026-01-05T17:34:22.311+0000] {dag.py:4138} INFO - Setting next_dagrun for example_kubernetes_executor to None, run_after=None
[2026-01-05T17:34:22.340+0000] {processor.py:208} INFO - Processing /home/airflow/.local/lib/python3.12/site-packages/airflow/example_dags/example_kubernetes_executor.py took 0.118 seconds
[2026-01-05T17:34:52.687+0000] {processor.py:186} INFO - Started process (PID=2350) to work on /home/airflow/.local/lib/python3.12/site-packages/airflow/example_dags/example_kubernetes_executor.py
[2026-01-05T17:34:52.689+0000] {processor.py:914} INFO - Processing file /home/airflow/.local/lib/python3.12/site-packages/airflow/example_dags/example_kubernetes_executor.py for tasks to queue
[2026-01-05T17:34:52.692+0000] {logging_mixin.py:190} INFO - [2026-01-05T17:34:52.691+0000] {dagbag.py:587} INFO - Filling up the DagBag from /home/airflow/.local/lib/python3.12/site-packages/airflow/example_dags/example_kubernetes_executor.py
[2026-01-05T17:34:52.705+0000] {processor.py:925} INFO - DAG(s) 'example_kubernetes_executor' retrieved from /home/airflow/.local/lib/python3.12/site-packages/airflow/example_dags/example_kubernetes_executor.py
[2026-01-05T17:34:52.747+0000] {logging_mixin.py:190} INFO - [2026-01-05T17:34:52.746+0000] {dag.py:3211} INFO - Sync 1 DAGs
[2026-01-05T17:34:52.761+0000] {logging_mixin.py:190} INFO - [2026-01-05T17:34:52.760+0000] {dag.py:4138} INFO - Setting next_dagrun for example_kubernetes_executor to None, run_after=None
[2026-01-05T17:34:52.781+0000] {processor.py:208} INFO - Processing /home/airflow/.local/lib/python3.12/site-packages/airflow/example_dags/example_kubernetes_executor.py took 0.100 seconds
[2026-01-05T17:35:23.301+0000] {processor.py:186} INFO - Started process (PID=2416) to work on /home/airflow/.local/lib/python3.12/site-packages/airflow/example_dags/example_kubernetes_executor.py
[2026-01-05T17:35:23.302+0000] {processor.py:914} INFO - Processing file /home/airflow/.local/lib/python3.12/site-packages/airflow/example_dags/example_kubernetes_executor.py for tasks to queue
[2026-01-05T17:35:23.306+0000] {logging_mixin.py:190} INFO - [2026-01-05T17:35:23.306+0000] {dagbag.py:587} INFO - Filling up the DagBag from /home/airflow/.local/lib/python3.12/site-packages/airflow/example_dags/example_kubernetes_executor.py
[2026-01-05T17:35:23.320+0000] {processor.py:925} INFO - DAG(s) 'example_kubernetes_executor' retrieved from /home/airflow/.local/lib/python3.12/site-packages/airflow/example_dags/example_kubernetes_executor.py
[2026-01-05T17:35:23.388+0000] {logging_mixin.py:190} INFO - [2026-01-05T17:35:23.387+0000] {dag.py:3211} INFO - Sync 1 DAGs
[2026-01-05T17:35:23.410+0000] {logging_mixin.py:190} INFO - [2026-01-05T17:35:23.410+0000] {dag.py:4138} INFO - Setting next_dagrun for example_kubernetes_executor to None, run_after=None
[2026-01-05T17:35:23.441+0000] {processor.py:208} INFO - Processing /home/airflow/.local/lib/python3.12/site-packages/airflow/example_dags/example_kubernetes_executor.py took 0.150 seconds
[2026-01-05T17:35:54.036+0000] {processor.py:186} INFO - Started process (PID=2483) to work on /home/airflow/.local/lib/python3.12/site-packages/airflow/example_dags/example_kubernetes_executor.py
[2026-01-05T17:35:54.038+0000] {processor.py:914} INFO - Processing file /home/airflow/.local/lib/python3.12/site-packages/airflow/example_dags/example_kubernetes_executor.py for tasks to queue
[2026-01-05T17:35:54.041+0000] {logging_mixin.py:190} INFO - [2026-01-05T17:35:54.040+0000] {dagbag.py:587} INFO - Filling up the DagBag from /home/airflow/.local/lib/python3.12/site-packages/airflow/example_dags/example_kubernetes_executor.py
[2026-01-05T17:35:54.055+0000] {processor.py:925} INFO - DAG(s) 'example_kubernetes_executor' retrieved from /home/airflow/.local/lib/python3.12/site-packages/airflow/example_dags/example_kubernetes_executor.py
[2026-01-05T17:35:54.102+0000] {logging_mixin.py:190} INFO - [2026-01-05T17:35:54.101+0000] {dag.py:3211} INFO - Sync 1 DAGs
[2026-01-05T17:35:54.122+0000] {logging_mixin.py:190} INFO - [2026-01-05T17:35:54.122+0000] {dag.py:4138} INFO - Setting next_dagrun for example_kubernetes_executor to None, run_after=None
[2026-01-05T17:35:54.145+0000] {processor.py:208} INFO - Processing /home/airflow/.local/lib/python3.12/site-packages/airflow/example_dags/example_kubernetes_executor.py took 0.116 seconds
[2026-01-05T17:36:24.854+0000] {processor.py:186} INFO - Started process (PID=2549) to work on /home/airflow/.local/lib/python3.12/site-packages/airflow/example_dags/example_kubernetes_executor.py
[2026-01-05T17:36:24.856+0000] {processor.py:914} INFO - Processing file /home/airflow/.local/lib/python3.12/site-packages/airflow/example_dags/example_kubernetes_executor.py for tasks to queue
[2026-01-05T17:36:24.859+0000] {logging_mixin.py:190} INFO - [2026-01-05T17:36:24.859+0000] {dagbag.py:587} INFO - Filling up the DagBag from /home/airflow/.local/lib/python3.12/site-packages/airflow/example_dags/example_kubernetes_executor.py
[2026-01-05T17:36:24.878+0000] {processor.py:925} INFO - DAG(s) 'example_kubernetes_executor' retrieved from /home/airflow/.local/lib/python3.12/site-packages/airflow/example_dags/example_kubernetes_executor.py
[2026-01-05T17:36:24.923+0000] {logging_mixin.py:190} INFO - [2026-01-05T17:36:24.923+0000] {dag.py:3211} INFO - Sync 1 DAGs
[2026-01-05T17:36:24.939+0000] {logging_mixin.py:190} INFO - [2026-01-05T17:36:24.939+0000] {dag.py:4138} INFO - Setting next_dagrun for example_kubernetes_executor to None, run_after=None
[2026-01-05T17:36:24.964+0000] {processor.py:208} INFO - Processing /home/airflow/.local/lib/python3.12/site-packages/airflow/example_dags/example_kubernetes_executor.py took 0.116 seconds
[2026-01-05T17:36:55.360+0000] {processor.py:186} INFO - Started process (PID=2615) to work on /home/airflow/.local/lib/python3.12/site-packages/airflow/example_dags/example_kubernetes_executor.py
[2026-01-05T17:36:55.361+0000] {processor.py:914} INFO - Processing file /home/airflow/.local/lib/python3.12/site-packages/airflow/example_dags/example_kubernetes_executor.py for tasks to queue
[2026-01-05T17:36:55.364+0000] {logging_mixin.py:190} INFO - [2026-01-05T17:36:55.364+0000] {dagbag.py:587} INFO - Filling up the DagBag from /home/airflow/.local/lib/python3.12/site-packages/airflow/example_dags/example_kubernetes_executor.py
[2026-01-05T17:36:55.383+0000] {processor.py:925} INFO - DAG(s) 'example_kubernetes_executor' retrieved from /home/airflow/.local/lib/python3.12/site-packages/airflow/example_dags/example_kubernetes_executor.py
[2026-01-05T17:36:55.439+0000] {logging_mixin.py:190} INFO - [2026-01-05T17:36:55.438+0000] {dag.py:3211} INFO - Sync 1 DAGs
[2026-01-05T17:36:55.453+0000] {logging_mixin.py:190} INFO - [2026-01-05T17:36:55.453+0000] {dag.py:4138} INFO - Setting next_dagrun for example_kubernetes_executor to None, run_after=None
[2026-01-05T17:36:55.475+0000] {processor.py:208} INFO - Processing /home/airflow/.local/lib/python3.12/site-packages/airflow/example_dags/example_kubernetes_executor.py took 0.120 seconds
[2026-01-05T17:37:25.659+0000] {processor.py:186} INFO - Started process (PID=2681) to work on /home/airflow/.local/lib/python3.12/site-packages/airflow/example_dags/example_kubernetes_executor.py
[2026-01-05T17:37:25.660+0000] {processor.py:914} INFO - Processing file /home/airflow/.local/lib/python3.12/site-packages/airflow/example_dags/example_kubernetes_executor.py for tasks to queue
[2026-01-05T17:37:25.663+0000] {logging_mixin.py:190} INFO - [2026-01-05T17:37:25.663+0000] {dagbag.py:587} INFO - Filling up the DagBag from /home/airflow/.local/lib/python3.12/site-packages/airflow/example_dags/example_kubernetes_executor.py
[2026-01-05T17:37:25.675+0000] {processor.py:925} INFO - DAG(s) 'example_kubernetes_executor' retrieved from /home/airflow/.local/lib/python3.12/site-packages/airflow/example_dags/example_kubernetes_executor.py
[2026-01-05T17:37:25.714+0000] {logging_mixin.py:190} INFO - [2026-01-05T17:37:25.714+0000] {dag.py:3211} INFO - Sync 1 DAGs
[2026-01-05T17:37:25.728+0000] {logging_mixin.py:190} INFO - [2026-01-05T17:37:25.728+0000] {dag.py:4138} INFO - Setting next_dagrun for example_kubernetes_executor to None, run_after=None
[2026-01-05T17:37:25.750+0000] {processor.py:208} INFO - Processing /home/airflow/.local/lib/python3.12/site-packages/airflow/example_dags/example_kubernetes_executor.py took 0.097 seconds
[2026-01-05T17:37:56.647+0000] {processor.py:186} INFO - Started process (PID=2747) to work on /home/airflow/.local/lib/python3.12/site-packages/airflow/example_dags/example_kubernetes_executor.py
[2026-01-05T17:37:56.648+0000] {processor.py:914} INFO - Processing file /home/airflow/.local/lib/python3.12/site-packages/airflow/example_dags/example_kubernetes_executor.py for tasks to queue
[2026-01-05T17:37:56.651+0000] {logging_mixin.py:190} INFO - [2026-01-05T17:37:56.650+0000] {dagbag.py:587} INFO - Filling up the DagBag from /home/airflow/.local/lib/python3.12/site-packages/airflow/example_dags/example_kubernetes_executor.py
[2026-01-05T17:37:56.664+0000] {processor.py:925} INFO - DAG(s) 'example_kubernetes_executor' retrieved from /home/airflow/.local/lib/python3.12/site-packages/airflow/example_dags/example_kubernetes_executor.py
[2026-01-05T17:37:56.700+0000] {logging_mixin.py:190} INFO - [2026-01-05T17:37:56.700+0000] {dag.py:3211} INFO - Sync 1 DAGs
[2026-01-05T17:37:56.713+0000] {logging_mixin.py:190} INFO - [2026-01-05T17:37:56.713+0000] {dag.py:4138} INFO - Setting next_dagrun for example_kubernetes_executor to None, run_after=None
[2026-01-05T17:37:56.733+0000] {processor.py:208} INFO - Processing /home/airflow/.local/lib/python3.12/site-packages/airflow/example_dags/example_kubernetes_executor.py took 0.092 seconds
[2026-01-05T17:38:27.152+0000] {processor.py:186} INFO - Started process (PID=2813) to work on /home/airflow/.local/lib/python3.12/site-packages/airflow/example_dags/example_kubernetes_executor.py
[2026-01-05T17:38:27.153+0000] {processor.py:914} INFO - Processing file /home/airflow/.local/lib/python3.12/site-packages/airflow/example_dags/example_kubernetes_executor.py for tasks to queue
[2026-01-05T17:38:27.157+0000] {logging_mixin.py:190} INFO - [2026-01-05T17:38:27.156+0000] {dagbag.py:587} INFO - Filling up the DagBag from /home/airflow/.local/lib/python3.12/site-packages/airflow/example_dags/example_kubernetes_executor.py
[2026-01-05T17:38:27.172+0000] {processor.py:925} INFO - DAG(s) 'example_kubernetes_executor' retrieved from /home/airflow/.local/lib/python3.12/site-packages/airflow/example_dags/example_kubernetes_executor.py
[2026-01-05T17:38:27.227+0000] {logging_mixin.py:190} INFO - [2026-01-05T17:38:27.226+0000] {dag.py:3211} INFO - Sync 1 DAGs
[2026-01-05T17:38:27.241+0000] {logging_mixin.py:190} INFO - [2026-01-05T17:38:27.241+0000] {dag.py:4138} INFO - Setting next_dagrun for example_kubernetes_executor to None, run_after=None
[2026-01-05T17:38:27.263+0000] {processor.py:208} INFO - Processing /home/airflow/.local/lib/python3.12/site-packages/airflow/example_dags/example_kubernetes_executor.py took 0.119 seconds
[2026-01-05T17:38:58.179+0000] {processor.py:186} INFO - Started process (PID=2879) to work on /home/airflow/.local/lib/python3.12/site-packages/airflow/example_dags/example_kubernetes_executor.py
[2026-01-05T17:38:58.181+0000] {processor.py:914} INFO - Processing file /home/airflow/.local/lib/python3.12/site-packages/airflow/example_dags/example_kubernetes_executor.py for tasks to queue
[2026-01-05T17:38:58.184+0000] {logging_mixin.py:190} INFO - [2026-01-05T17:38:58.184+0000] {dagbag.py:587} INFO - Filling up the DagBag from /home/airflow/.local/lib/python3.12/site-packages/airflow/example_dags/example_kubernetes_executor.py
[2026-01-05T17:38:58.196+0000] {processor.py:925} INFO - DAG(s) 'example_kubernetes_executor' retrieved from /home/airflow/.local/lib/python3.12/site-packages/airflow/example_dags/example_kubernetes_executor.py
[2026-01-05T17:38:58.235+0000] {logging_mixin.py:190} INFO - [2026-01-05T17:38:58.234+0000] {dag.py:3211} INFO - Sync 1 DAGs
[2026-01-05T17:38:58.247+0000] {logging_mixin.py:190} INFO - [2026-01-05T17:38:58.247+0000] {dag.py:4138} INFO - Setting next_dagrun for example_kubernetes_executor to None, run_after=None
[2026-01-05T17:38:58.269+0000] {processor.py:208} INFO - Processing /home/airflow/.local/lib/python3.12/site-packages/airflow/example_dags/example_kubernetes_executor.py took 0.096 seconds
[2026-01-05T17:39:28.625+0000] {processor.py:186} INFO - Started process (PID=2945) to work on /home/airflow/.local/lib/python3.12/site-packages/airflow/example_dags/example_kubernetes_executor.py
[2026-01-05T17:39:28.627+0000] {processor.py:914} INFO - Processing file /home/airflow/.local/lib/python3.12/site-packages/airflow/example_dags/example_kubernetes_executor.py for tasks to queue
[2026-01-05T17:39:28.631+0000] {logging_mixin.py:190} INFO - [2026-01-05T17:39:28.630+0000] {dagbag.py:587} INFO - Filling up the DagBag from /home/airflow/.local/lib/python3.12/site-packages/airflow/example_dags/example_kubernetes_executor.py
[2026-01-05T17:39:28.651+0000] {processor.py:925} INFO - DAG(s) 'example_kubernetes_executor' retrieved from /home/airflow/.local/lib/python3.12/site-packages/airflow/example_dags/example_kubernetes_executor.py
[2026-01-05T17:39:28.708+0000] {logging_mixin.py:190} INFO - [2026-01-05T17:39:28.708+0000] {dag.py:3211} INFO - Sync 1 DAGs
[2026-01-05T17:39:28.727+0000] {logging_mixin.py:190} INFO - [2026-01-05T17:39:28.727+0000] {dag.py:4138} INFO - Setting next_dagrun for example_kubernetes_executor to None, run_after=None
[2026-01-05T17:39:28.755+0000] {processor.py:208} INFO - Processing /home/airflow/.local/lib/python3.12/site-packages/airflow/example_dags/example_kubernetes_executor.py took 0.139 seconds
[2026-01-05T17:39:59.751+0000] {processor.py:186} INFO - Started process (PID=3011) to work on /home/airflow/.local/lib/python3.12/site-packages/airflow/example_dags/example_kubernetes_executor.py
[2026-01-05T17:39:59.752+0000] {processor.py:914} INFO - Processing file /home/airflow/.local/lib/python3.12/site-packages/airflow/example_dags/example_kubernetes_executor.py for tasks to queue
[2026-01-05T17:39:59.756+0000] {logging_mixin.py:190} INFO - [2026-01-05T17:39:59.755+0000] {dagbag.py:587} INFO - Filling up the DagBag from /home/airflow/.local/lib/python3.12/site-packages/airflow/example_dags/example_kubernetes_executor.py
[2026-01-05T17:39:59.769+0000] {processor.py:925} INFO - DAG(s) 'example_kubernetes_executor' retrieved from /home/airflow/.local/lib/python3.12/site-packages/airflow/example_dags/example_kubernetes_executor.py
[2026-01-05T17:39:59.867+0000] {logging_mixin.py:190} INFO - [2026-01-05T17:39:59.866+0000] {dag.py:3211} INFO - Sync 1 DAGs
[2026-01-05T17:39:59.890+0000] {logging_mixin.py:190} INFO - [2026-01-05T17:39:59.889+0000] {dag.py:4138} INFO - Setting next_dagrun for example_kubernetes_executor to None, run_after=None
[2026-01-05T17:39:59.922+0000] {processor.py:208} INFO - Processing /home/airflow/.local/lib/python3.12/site-packages/airflow/example_dags/example_kubernetes_executor.py took 0.179 seconds
[2026-01-05T17:40:30.685+0000] {processor.py:186} INFO - Started process (PID=3083) to work on /home/airflow/.local/lib/python3.12/site-packages/airflow/example_dags/example_kubernetes_executor.py
[2026-01-05T17:40:30.688+0000] {processor.py:914} INFO - Processing file /home/airflow/.local/lib/python3.12/site-packages/airflow/example_dags/example_kubernetes_executor.py for tasks to queue
[2026-01-05T17:40:30.693+0000] {logging_mixin.py:190} INFO - [2026-01-05T17:40:30.692+0000] {dagbag.py:587} INFO - Filling up the DagBag from /home/airflow/.local/lib/python3.12/site-packages/airflow/example_dags/example_kubernetes_executor.py
[2026-01-05T17:40:30.716+0000] {processor.py:925} INFO - DAG(s) 'example_kubernetes_executor' retrieved from /home/airflow/.local/lib/python3.12/site-packages/airflow/example_dags/example_kubernetes_executor.py
[2026-01-05T17:40:30.771+0000] {logging_mixin.py:190} INFO - [2026-01-05T17:40:30.771+0000] {dag.py:3211} INFO - Sync 1 DAGs
[2026-01-05T17:40:30.795+0000] {logging_mixin.py:190} INFO - [2026-01-05T17:40:30.795+0000] {dag.py:4138} INFO - Setting next_dagrun for example_kubernetes_executor to None, run_after=None
[2026-01-05T17:40:30.827+0000] {processor.py:208} INFO - Processing /home/airflow/.local/lib/python3.12/site-packages/airflow/example_dags/example_kubernetes_executor.py took 0.153 seconds
[2026-01-05T17:41:01.204+0000] {processor.py:186} INFO - Started process (PID=3149) to work on /home/airflow/.local/lib/python3.12/site-packages/airflow/example_dags/example_kubernetes_executor.py
[2026-01-05T17:41:01.205+0000] {processor.py:914} INFO - Processing file /home/airflow/.local/lib/python3.12/site-packages/airflow/example_dags/example_kubernetes_executor.py for tasks to queue
[2026-01-05T17:41:01.210+0000] {logging_mixin.py:190} INFO - [2026-01-05T17:41:01.210+0000] {dagbag.py:587} INFO - Filling up the DagBag from /home/airflow/.local/lib/python3.12/site-packages/airflow/example_dags/example_kubernetes_executor.py
[2026-01-05T17:41:01.223+0000] {processor.py:925} INFO - DAG(s) 'example_kubernetes_executor' retrieved from /home/airflow/.local/lib/python3.12/site-packages/airflow/example_dags/example_kubernetes_executor.py
[2026-01-05T17:41:01.260+0000] {logging_mixin.py:190} INFO - [2026-01-05T17:41:01.260+0000] {dag.py:3211} INFO - Sync 1 DAGs
[2026-01-05T17:41:01.274+0000] {logging_mixin.py:190} INFO - [2026-01-05T17:41:01.274+0000] {dag.py:4138} INFO - Setting next_dagrun for example_kubernetes_executor to None, run_after=None
[2026-01-05T17:41:01.296+0000] {processor.py:208} INFO - Processing /home/airflow/.local/lib/python3.12/site-packages/airflow/example_dags/example_kubernetes_executor.py took 0.098 seconds
[2026-01-05T17:41:31.428+0000] {processor.py:186} INFO - Started process (PID=3215) to work on /home/airflow/.local/lib/python3.12/site-packages/airflow/example_dags/example_kubernetes_executor.py
[2026-01-05T17:41:31.430+0000] {processor.py:914} INFO - Processing file /home/airflow/.local/lib/python3.12/site-packages/airflow/example_dags/example_kubernetes_executor.py for tasks to queue
[2026-01-05T17:41:31.434+0000] {logging_mixin.py:190} INFO - [2026-01-05T17:41:31.433+0000] {dagbag.py:587} INFO - Filling up the DagBag from /home/airflow/.local/lib/python3.12/site-packages/airflow/example_dags/example_kubernetes_executor.py
[2026-01-05T17:41:31.445+0000] {processor.py:925} INFO - DAG(s) 'example_kubernetes_executor' retrieved from /home/airflow/.local/lib/python3.12/site-packages/airflow/example_dags/example_kubernetes_executor.py
[2026-01-05T17:41:31.486+0000] {logging_mixin.py:190} INFO - [2026-01-05T17:41:31.486+0000] {dag.py:3211} INFO - Sync 1 DAGs
[2026-01-05T17:41:31.503+0000] {logging_mixin.py:190} INFO - [2026-01-05T17:41:31.502+0000] {dag.py:4138} INFO - Setting next_dagrun for example_kubernetes_executor to None, run_after=None
[2026-01-05T17:41:31.525+0000] {processor.py:208} INFO - Processing /home/airflow/.local/lib/python3.12/site-packages/airflow/example_dags/example_kubernetes_executor.py took 0.106 seconds
[2026-01-05T17:42:01.763+0000] {processor.py:186} INFO - Started process (PID=3281) to work on /home/airflow/.local/lib/python3.12/site-packages/airflow/example_dags/example_kubernetes_executor.py
[2026-01-05T17:42:01.764+0000] {processor.py:914} INFO - Processing file /home/airflow/.local/lib/python3.12/site-packages/airflow/example_dags/example_kubernetes_executor.py for tasks to queue
[2026-01-05T17:42:01.768+0000] {logging_mixin.py:190} INFO - [2026-01-05T17:42:01.768+0000] {dagbag.py:587} INFO - Filling up the DagBag from /home/airflow/.local/lib/python3.12/site-packages/airflow/example_dags/example_kubernetes_executor.py
[2026-01-05T17:42:01.781+0000] {processor.py:925} INFO - DAG(s) 'example_kubernetes_executor' retrieved from /home/airflow/.local/lib/python3.12/site-packages/airflow/example_dags/example_kubernetes_executor.py
[2026-01-05T17:42:01.823+0000] {logging_mixin.py:190} INFO - [2026-01-05T17:42:01.823+0000] {dag.py:3211} INFO - Sync 1 DAGs
[2026-01-05T17:42:01.840+0000] {logging_mixin.py:190} INFO - [2026-01-05T17:42:01.840+0000] {dag.py:4138} INFO - Setting next_dagrun for example_kubernetes_executor to None, run_after=None
[2026-01-05T17:42:01.865+0000] {processor.py:208} INFO - Processing /home/airflow/.local/lib/python3.12/site-packages/airflow/example_dags/example_kubernetes_executor.py took 0.110 seconds
[2026-01-05T17:42:32.060+0000] {processor.py:186} INFO - Started process (PID=3347) to work on /home/airflow/.local/lib/python3.12/site-packages/airflow/example_dags/example_kubernetes_executor.py
[2026-01-05T17:42:32.061+0000] {processor.py:914} INFO - Processing file /home/airflow/.local/lib/python3.12/site-packages/airflow/example_dags/example_kubernetes_executor.py for tasks to queue
[2026-01-05T17:42:32.065+0000] {logging_mixin.py:190} INFO - [2026-01-05T17:42:32.064+0000] {dagbag.py:587} INFO - Filling up the DagBag from /home/airflow/.local/lib/python3.12/site-packages/airflow/example_dags/example_kubernetes_executor.py
[2026-01-05T17:42:32.082+0000] {processor.py:925} INFO - DAG(s) 'example_kubernetes_executor' retrieved from /home/airflow/.local/lib/python3.12/site-packages/airflow/example_dags/example_kubernetes_executor.py
[2026-01-05T17:42:32.144+0000] {logging_mixin.py:190} INFO - [2026-01-05T17:42:32.144+0000] {dag.py:3211} INFO - Sync 1 DAGs
[2026-01-05T17:42:32.160+0000] {logging_mixin.py:190} INFO - [2026-01-05T17:42:32.160+0000] {dag.py:4138} INFO - Setting next_dagrun for example_kubernetes_executor to None, run_after=None
[2026-01-05T17:42:32.182+0000] {processor.py:208} INFO - Processing /home/airflow/.local/lib/python3.12/site-packages/airflow/example_dags/example_kubernetes_executor.py took 0.130 seconds
[2026-01-05T17:43:02.515+0000] {processor.py:186} INFO - Started process (PID=3413) to work on /home/airflow/.local/lib/python3.12/site-packages/airflow/example_dags/example_kubernetes_executor.py
[2026-01-05T17:43:02.517+0000] {processor.py:914} INFO - Processing file /home/airflow/.local/lib/python3.12/site-packages/airflow/example_dags/example_kubernetes_executor.py for tasks to queue
[2026-01-05T17:43:02.520+0000] {logging_mixin.py:190} INFO - [2026-01-05T17:43:02.520+0000] {dagbag.py:587} INFO - Filling up the DagBag from /home/airflow/.local/lib/python3.12/site-packages/airflow/example_dags/example_kubernetes_executor.py
[2026-01-05T17:43:02.539+0000] {processor.py:925} INFO - DAG(s) 'example_kubernetes_executor' retrieved from /home/airflow/.local/lib/python3.12/site-packages/airflow/example_dags/example_kubernetes_executor.py
[2026-01-05T17:43:02.587+0000] {logging_mixin.py:190} INFO - [2026-01-05T17:43:02.587+0000] {dag.py:3211} INFO - Sync 1 DAGs
[2026-01-05T17:43:02.611+0000] {logging_mixin.py:190} INFO - [2026-01-05T17:43:02.611+0000] {dag.py:4138} INFO - Setting next_dagrun for example_kubernetes_executor to None, run_after=None
[2026-01-05T17:43:02.643+0000] {processor.py:208} INFO - Processing /home/airflow/.local/lib/python3.12/site-packages/airflow/example_dags/example_kubernetes_executor.py took 0.135 seconds
[2026-01-05T17:43:33.337+0000] {processor.py:186} INFO - Started process (PID=3479) to work on /home/airflow/.local/lib/python3.12/site-packages/airflow/example_dags/example_kubernetes_executor.py
[2026-01-05T17:43:33.339+0000] {processor.py:914} INFO - Processing file /home/airflow/.local/lib/python3.12/site-packages/airflow/example_dags/example_kubernetes_executor.py for tasks to queue
[2026-01-05T17:43:33.344+0000] {logging_mixin.py:190} INFO - [2026-01-05T17:43:33.343+0000] {dagbag.py:587} INFO - Filling up the DagBag from /home/airflow/.local/lib/python3.12/site-packages/airflow/example_dags/example_kubernetes_executor.py
[2026-01-05T17:43:33.362+0000] {processor.py:925} INFO - DAG(s) 'example_kubernetes_executor' retrieved from /home/airflow/.local/lib/python3.12/site-packages/airflow/example_dags/example_kubernetes_executor.py
[2026-01-05T17:43:33.430+0000] {logging_mixin.py:190} INFO - [2026-01-05T17:43:33.430+0000] {dag.py:3211} INFO - Sync 1 DAGs
[2026-01-05T17:43:33.453+0000] {logging_mixin.py:190} INFO - [2026-01-05T17:43:33.452+0000] {dag.py:4138} INFO - Setting next_dagrun for example_kubernetes_executor to None, run_after=None
[2026-01-05T17:43:33.486+0000] {processor.py:208} INFO - Processing /home/airflow/.local/lib/python3.12/site-packages/airflow/example_dags/example_kubernetes_executor.py took 0.160 seconds
[2026-01-05T17:44:04.149+0000] {processor.py:186} INFO - Started process (PID=3545) to work on /home/airflow/.local/lib/python3.12/site-packages/airflow/example_dags/example_kubernetes_executor.py
[2026-01-05T17:44:04.151+0000] {processor.py:914} INFO - Processing file /home/airflow/.local/lib/python3.12/site-packages/airflow/example_dags/example_kubernetes_executor.py for tasks to queue
[2026-01-05T17:44:04.155+0000] {logging_mixin.py:190} INFO - [2026-01-05T17:44:04.154+0000] {dagbag.py:587} INFO - Filling up the DagBag from /home/airflow/.local/lib/python3.12/site-packages/airflow/example_dags/example_kubernetes_executor.py
[2026-01-05T17:44:04.170+0000] {processor.py:925} INFO - DAG(s) 'example_kubernetes_executor' retrieved from /home/airflow/.local/lib/python3.12/site-packages/airflow/example_dags/example_kubernetes_executor.py
[2026-01-05T17:44:04.218+0000] {logging_mixin.py:190} INFO - [2026-01-05T17:44:04.217+0000] {dag.py:3211} INFO - Sync 1 DAGs
[2026-01-05T17:44:04.234+0000] {logging_mixin.py:190} INFO - [2026-01-05T17:44:04.234+0000] {dag.py:4138} INFO - Setting next_dagrun for example_kubernetes_executor to None, run_after=None
[2026-01-05T17:44:04.255+0000] {processor.py:208} INFO - Processing /home/airflow/.local/lib/python3.12/site-packages/airflow/example_dags/example_kubernetes_executor.py took 0.113 seconds
[2026-01-05T17:44:34.845+0000] {processor.py:186} INFO - Started process (PID=3612) to work on /home/airflow/.local/lib/python3.12/site-packages/airflow/example_dags/example_kubernetes_executor.py
[2026-01-05T17:44:34.847+0000] {processor.py:914} INFO - Processing file /home/airflow/.local/lib/python3.12/site-packages/airflow/example_dags/example_kubernetes_executor.py for tasks to queue
[2026-01-05T17:44:34.851+0000] {logging_mixin.py:190} INFO - [2026-01-05T17:44:34.851+0000] {dagbag.py:587} INFO - Filling up the DagBag from /home/airflow/.local/lib/python3.12/site-packages/airflow/example_dags/example_kubernetes_executor.py
[2026-01-05T17:44:34.869+0000] {processor.py:925} INFO - DAG(s) 'example_kubernetes_executor' retrieved from /home/airflow/.local/lib/python3.12/site-packages/airflow/example_dags/example_kubernetes_executor.py
[2026-01-05T17:44:34.938+0000] {logging_mixin.py:190} INFO - [2026-01-05T17:44:34.937+0000] {dag.py:3211} INFO - Sync 1 DAGs
[2026-01-05T17:44:34.963+0000] {logging_mixin.py:190} INFO - [2026-01-05T17:44:34.962+0000] {dag.py:4138} INFO - Setting next_dagrun for example_kubernetes_executor to None, run_after=None
[2026-01-05T17:44:34.991+0000] {processor.py:208} INFO - Processing /home/airflow/.local/lib/python3.12/site-packages/airflow/example_dags/example_kubernetes_executor.py took 0.155 seconds
[2026-01-05T17:45:05.100+0000] {processor.py:186} INFO - Started process (PID=3676) to work on /home/airflow/.local/lib/python3.12/site-packages/airflow/example_dags/example_kubernetes_executor.py
[2026-01-05T17:45:05.102+0000] {processor.py:914} INFO - Processing file /home/airflow/.local/lib/python3.12/site-packages/airflow/example_dags/example_kubernetes_executor.py for tasks to queue
[2026-01-05T17:45:05.106+0000] {logging_mixin.py:190} INFO - [2026-01-05T17:45:05.105+0000] {dagbag.py:587} INFO - Filling up the DagBag from /home/airflow/.local/lib/python3.12/site-packages/airflow/example_dags/example_kubernetes_executor.py
[2026-01-05T17:45:05.119+0000] {processor.py:925} INFO - DAG(s) 'example_kubernetes_executor' retrieved from /home/airflow/.local/lib/python3.12/site-packages/airflow/example_dags/example_kubernetes_executor.py
[2026-01-05T17:45:05.164+0000] {logging_mixin.py:190} INFO - [2026-01-05T17:45:05.164+0000] {dag.py:3211} INFO - Sync 1 DAGs
[2026-01-05T17:45:05.185+0000] {logging_mixin.py:190} INFO - [2026-01-05T17:45:05.185+0000] {dag.py:4138} INFO - Setting next_dagrun for example_kubernetes_executor to None, run_after=None
[2026-01-05T17:45:05.216+0000] {processor.py:208} INFO - Processing /home/airflow/.local/lib/python3.12/site-packages/airflow/example_dags/example_kubernetes_executor.py took 0.125 seconds
