[2026-01-05T17:17:50.202+0000] {processor.py:186} INFO - Started process (PID=140) to work on /home/airflow/.local/lib/python3.12/site-packages/airflow/example_dags/example_display_name.py
[2026-01-05T17:17:50.205+0000] {processor.py:914} INFO - Processing file /home/airflow/.local/lib/python3.12/site-packages/airflow/example_dags/example_display_name.py for tasks to queue
[2026-01-05T17:17:50.221+0000] {logging_mixin.py:190} INFO - [2026-01-05T17:17:50.220+0000] {dagbag.py:587} INFO - Filling up the DagBag from /home/airflow/.local/lib/python3.12/site-packages/airflow/example_dags/example_display_name.py
[2026-01-05T17:17:50.252+0000] {processor.py:925} INFO - DAG(s) 'example_display_name' retrieved from /home/airflow/.local/lib/python3.12/site-packages/airflow/example_dags/example_display_name.py
[2026-01-05T17:17:50.307+0000] {logging_mixin.py:190} INFO - [2026-01-05T17:17:50.306+0000] {dag.py:3211} INFO - Sync 1 DAGs
[2026-01-05T17:17:50.347+0000] {logging_mixin.py:190} INFO - [2026-01-05T17:17:50.346+0000] {dag.py:4138} INFO - Setting next_dagrun for example_display_name to None, run_after=None
[2026-01-05T17:17:50.391+0000] {processor.py:208} INFO - Processing /home/airflow/.local/lib/python3.12/site-packages/airflow/example_dags/example_display_name.py took 0.210 seconds
[2026-01-05T17:18:21.649+0000] {processor.py:186} INFO - Started process (PID=206) to work on /home/airflow/.local/lib/python3.12/site-packages/airflow/example_dags/example_display_name.py
[2026-01-05T17:18:21.704+0000] {processor.py:914} INFO - Processing file /home/airflow/.local/lib/python3.12/site-packages/airflow/example_dags/example_display_name.py for tasks to queue
[2026-01-05T17:18:21.723+0000] {logging_mixin.py:190} INFO - [2026-01-05T17:18:21.722+0000] {dagbag.py:587} INFO - Filling up the DagBag from /home/airflow/.local/lib/python3.12/site-packages/airflow/example_dags/example_display_name.py
[2026-01-05T17:18:21.764+0000] {processor.py:925} INFO - DAG(s) 'example_display_name' retrieved from /home/airflow/.local/lib/python3.12/site-packages/airflow/example_dags/example_display_name.py
[2026-01-05T17:18:21.950+0000] {logging_mixin.py:190} INFO - [2026-01-05T17:18:21.949+0000] {dag.py:3211} INFO - Sync 1 DAGs
[2026-01-05T17:18:22.098+0000] {logging_mixin.py:190} INFO - [2026-01-05T17:18:22.097+0000] {dag.py:4138} INFO - Setting next_dagrun for example_display_name to None, run_after=None
[2026-01-05T17:18:22.719+0000] {processor.py:208} INFO - Processing /home/airflow/.local/lib/python3.12/site-packages/airflow/example_dags/example_display_name.py took 1.096 seconds
[2026-01-05T17:18:52.936+0000] {processor.py:186} INFO - Started process (PID=271) to work on /home/airflow/.local/lib/python3.12/site-packages/airflow/example_dags/example_display_name.py
[2026-01-05T17:18:52.939+0000] {processor.py:914} INFO - Processing file /home/airflow/.local/lib/python3.12/site-packages/airflow/example_dags/example_display_name.py for tasks to queue
[2026-01-05T17:18:52.947+0000] {logging_mixin.py:190} INFO - [2026-01-05T17:18:52.946+0000] {dagbag.py:587} INFO - Filling up the DagBag from /home/airflow/.local/lib/python3.12/site-packages/airflow/example_dags/example_display_name.py
[2026-01-05T17:18:52.963+0000] {processor.py:925} INFO - DAG(s) 'example_display_name' retrieved from /home/airflow/.local/lib/python3.12/site-packages/airflow/example_dags/example_display_name.py
[2026-01-05T17:18:53.011+0000] {logging_mixin.py:190} INFO - [2026-01-05T17:18:53.011+0000] {dag.py:3211} INFO - Sync 1 DAGs
[2026-01-05T17:18:53.032+0000] {logging_mixin.py:190} INFO - [2026-01-05T17:18:53.032+0000] {dag.py:4138} INFO - Setting next_dagrun for example_display_name to None, run_after=None
[2026-01-05T17:18:53.065+0000] {processor.py:208} INFO - Processing /home/airflow/.local/lib/python3.12/site-packages/airflow/example_dags/example_display_name.py took 0.143 seconds
[2026-01-05T17:19:23.312+0000] {processor.py:186} INFO - Started process (PID=337) to work on /home/airflow/.local/lib/python3.12/site-packages/airflow/example_dags/example_display_name.py
[2026-01-05T17:19:23.314+0000] {processor.py:914} INFO - Processing file /home/airflow/.local/lib/python3.12/site-packages/airflow/example_dags/example_display_name.py for tasks to queue
[2026-01-05T17:19:23.318+0000] {logging_mixin.py:190} INFO - [2026-01-05T17:19:23.318+0000] {dagbag.py:587} INFO - Filling up the DagBag from /home/airflow/.local/lib/python3.12/site-packages/airflow/example_dags/example_display_name.py
[2026-01-05T17:19:23.329+0000] {processor.py:925} INFO - DAG(s) 'example_display_name' retrieved from /home/airflow/.local/lib/python3.12/site-packages/airflow/example_dags/example_display_name.py
[2026-01-05T17:19:23.359+0000] {logging_mixin.py:190} INFO - [2026-01-05T17:19:23.358+0000] {dag.py:3211} INFO - Sync 1 DAGs
[2026-01-05T17:19:23.377+0000] {logging_mixin.py:190} INFO - [2026-01-05T17:19:23.377+0000] {dag.py:4138} INFO - Setting next_dagrun for example_display_name to None, run_after=None
[2026-01-05T17:19:23.403+0000] {processor.py:208} INFO - Processing /home/airflow/.local/lib/python3.12/site-packages/airflow/example_dags/example_display_name.py took 0.101 seconds
[2026-01-05T17:19:54.341+0000] {processor.py:186} INFO - Started process (PID=403) to work on /home/airflow/.local/lib/python3.12/site-packages/airflow/example_dags/example_display_name.py
[2026-01-05T17:19:54.343+0000] {processor.py:914} INFO - Processing file /home/airflow/.local/lib/python3.12/site-packages/airflow/example_dags/example_display_name.py for tasks to queue
[2026-01-05T17:19:54.346+0000] {logging_mixin.py:190} INFO - [2026-01-05T17:19:54.346+0000] {dagbag.py:587} INFO - Filling up the DagBag from /home/airflow/.local/lib/python3.12/site-packages/airflow/example_dags/example_display_name.py
[2026-01-05T17:19:54.355+0000] {processor.py:925} INFO - DAG(s) 'example_display_name' retrieved from /home/airflow/.local/lib/python3.12/site-packages/airflow/example_dags/example_display_name.py
[2026-01-05T17:19:54.381+0000] {logging_mixin.py:190} INFO - [2026-01-05T17:19:54.381+0000] {dag.py:3211} INFO - Sync 1 DAGs
[2026-01-05T17:19:54.397+0000] {logging_mixin.py:190} INFO - [2026-01-05T17:19:54.397+0000] {dag.py:4138} INFO - Setting next_dagrun for example_display_name to None, run_after=None
[2026-01-05T17:19:54.419+0000] {processor.py:208} INFO - Processing /home/airflow/.local/lib/python3.12/site-packages/airflow/example_dags/example_display_name.py took 0.084 seconds
[2026-01-05T17:20:24.557+0000] {processor.py:186} INFO - Started process (PID=469) to work on /home/airflow/.local/lib/python3.12/site-packages/airflow/example_dags/example_display_name.py
[2026-01-05T17:20:24.559+0000] {processor.py:914} INFO - Processing file /home/airflow/.local/lib/python3.12/site-packages/airflow/example_dags/example_display_name.py for tasks to queue
[2026-01-05T17:20:24.569+0000] {logging_mixin.py:190} INFO - [2026-01-05T17:20:24.568+0000] {dagbag.py:587} INFO - Filling up the DagBag from /home/airflow/.local/lib/python3.12/site-packages/airflow/example_dags/example_display_name.py
[2026-01-05T17:20:24.577+0000] {processor.py:925} INFO - DAG(s) 'example_display_name' retrieved from /home/airflow/.local/lib/python3.12/site-packages/airflow/example_dags/example_display_name.py
[2026-01-05T17:20:24.601+0000] {logging_mixin.py:190} INFO - [2026-01-05T17:20:24.601+0000] {dag.py:3211} INFO - Sync 1 DAGs
[2026-01-05T17:20:24.619+0000] {logging_mixin.py:190} INFO - [2026-01-05T17:20:24.618+0000] {dag.py:4138} INFO - Setting next_dagrun for example_display_name to None, run_after=None
[2026-01-05T17:20:24.641+0000] {processor.py:208} INFO - Processing /home/airflow/.local/lib/python3.12/site-packages/airflow/example_dags/example_display_name.py took 0.092 seconds
[2026-01-05T17:20:55.291+0000] {processor.py:186} INFO - Started process (PID=535) to work on /home/airflow/.local/lib/python3.12/site-packages/airflow/example_dags/example_display_name.py
[2026-01-05T17:20:55.293+0000] {processor.py:914} INFO - Processing file /home/airflow/.local/lib/python3.12/site-packages/airflow/example_dags/example_display_name.py for tasks to queue
[2026-01-05T17:20:55.297+0000] {logging_mixin.py:190} INFO - [2026-01-05T17:20:55.296+0000] {dagbag.py:587} INFO - Filling up the DagBag from /home/airflow/.local/lib/python3.12/site-packages/airflow/example_dags/example_display_name.py
[2026-01-05T17:20:55.303+0000] {processor.py:925} INFO - DAG(s) 'example_display_name' retrieved from /home/airflow/.local/lib/python3.12/site-packages/airflow/example_dags/example_display_name.py
[2026-01-05T17:20:55.325+0000] {logging_mixin.py:190} INFO - [2026-01-05T17:20:55.325+0000] {dag.py:3211} INFO - Sync 1 DAGs
[2026-01-05T17:20:55.340+0000] {logging_mixin.py:190} INFO - [2026-01-05T17:20:55.339+0000] {dag.py:4138} INFO - Setting next_dagrun for example_display_name to None, run_after=None
[2026-01-05T17:20:55.362+0000] {processor.py:208} INFO - Processing /home/airflow/.local/lib/python3.12/site-packages/airflow/example_dags/example_display_name.py took 0.078 seconds
[2026-01-05T17:21:25.573+0000] {processor.py:186} INFO - Started process (PID=601) to work on /home/airflow/.local/lib/python3.12/site-packages/airflow/example_dags/example_display_name.py
[2026-01-05T17:21:25.574+0000] {processor.py:914} INFO - Processing file /home/airflow/.local/lib/python3.12/site-packages/airflow/example_dags/example_display_name.py for tasks to queue
[2026-01-05T17:21:25.578+0000] {logging_mixin.py:190} INFO - [2026-01-05T17:21:25.578+0000] {dagbag.py:587} INFO - Filling up the DagBag from /home/airflow/.local/lib/python3.12/site-packages/airflow/example_dags/example_display_name.py
[2026-01-05T17:21:25.587+0000] {processor.py:925} INFO - DAG(s) 'example_display_name' retrieved from /home/airflow/.local/lib/python3.12/site-packages/airflow/example_dags/example_display_name.py
[2026-01-05T17:21:25.612+0000] {logging_mixin.py:190} INFO - [2026-01-05T17:21:25.612+0000] {dag.py:3211} INFO - Sync 1 DAGs
[2026-01-05T17:21:25.627+0000] {logging_mixin.py:190} INFO - [2026-01-05T17:21:25.626+0000] {dag.py:4138} INFO - Setting next_dagrun for example_display_name to None, run_after=None
[2026-01-05T17:21:25.651+0000] {processor.py:208} INFO - Processing /home/airflow/.local/lib/python3.12/site-packages/airflow/example_dags/example_display_name.py took 0.085 seconds
[2026-01-05T17:21:55.871+0000] {processor.py:186} INFO - Started process (PID=667) to work on /home/airflow/.local/lib/python3.12/site-packages/airflow/example_dags/example_display_name.py
[2026-01-05T17:21:55.873+0000] {processor.py:914} INFO - Processing file /home/airflow/.local/lib/python3.12/site-packages/airflow/example_dags/example_display_name.py for tasks to queue
[2026-01-05T17:21:55.876+0000] {logging_mixin.py:190} INFO - [2026-01-05T17:21:55.876+0000] {dagbag.py:587} INFO - Filling up the DagBag from /home/airflow/.local/lib/python3.12/site-packages/airflow/example_dags/example_display_name.py
[2026-01-05T17:21:55.883+0000] {processor.py:925} INFO - DAG(s) 'example_display_name' retrieved from /home/airflow/.local/lib/python3.12/site-packages/airflow/example_dags/example_display_name.py
[2026-01-05T17:21:55.905+0000] {logging_mixin.py:190} INFO - [2026-01-05T17:21:55.905+0000] {dag.py:3211} INFO - Sync 1 DAGs
[2026-01-05T17:21:55.920+0000] {logging_mixin.py:190} INFO - [2026-01-05T17:21:55.920+0000] {dag.py:4138} INFO - Setting next_dagrun for example_display_name to None, run_after=None
[2026-01-05T17:21:55.943+0000] {processor.py:208} INFO - Processing /home/airflow/.local/lib/python3.12/site-packages/airflow/example_dags/example_display_name.py took 0.078 seconds
[2026-01-05T17:22:26.753+0000] {processor.py:186} INFO - Started process (PID=739) to work on /home/airflow/.local/lib/python3.12/site-packages/airflow/example_dags/example_display_name.py
[2026-01-05T17:22:26.755+0000] {processor.py:914} INFO - Processing file /home/airflow/.local/lib/python3.12/site-packages/airflow/example_dags/example_display_name.py for tasks to queue
[2026-01-05T17:22:26.765+0000] {logging_mixin.py:190} INFO - [2026-01-05T17:22:26.764+0000] {dagbag.py:587} INFO - Filling up the DagBag from /home/airflow/.local/lib/python3.12/site-packages/airflow/example_dags/example_display_name.py
[2026-01-05T17:22:26.779+0000] {processor.py:925} INFO - DAG(s) 'example_display_name' retrieved from /home/airflow/.local/lib/python3.12/site-packages/airflow/example_dags/example_display_name.py
[2026-01-05T17:22:26.813+0000] {logging_mixin.py:190} INFO - [2026-01-05T17:22:26.813+0000] {dag.py:3211} INFO - Sync 1 DAGs
[2026-01-05T17:22:26.838+0000] {logging_mixin.py:190} INFO - [2026-01-05T17:22:26.837+0000] {dag.py:4138} INFO - Setting next_dagrun for example_display_name to None, run_after=None
[2026-01-05T17:22:26.884+0000] {processor.py:208} INFO - Processing /home/airflow/.local/lib/python3.12/site-packages/airflow/example_dags/example_display_name.py took 0.138 seconds
[2026-01-05T17:22:57.414+0000] {processor.py:186} INFO - Started process (PID=805) to work on /home/airflow/.local/lib/python3.12/site-packages/airflow/example_dags/example_display_name.py
[2026-01-05T17:22:57.416+0000] {processor.py:914} INFO - Processing file /home/airflow/.local/lib/python3.12/site-packages/airflow/example_dags/example_display_name.py for tasks to queue
[2026-01-05T17:22:57.421+0000] {logging_mixin.py:190} INFO - [2026-01-05T17:22:57.421+0000] {dagbag.py:587} INFO - Filling up the DagBag from /home/airflow/.local/lib/python3.12/site-packages/airflow/example_dags/example_display_name.py
[2026-01-05T17:22:57.429+0000] {processor.py:925} INFO - DAG(s) 'example_display_name' retrieved from /home/airflow/.local/lib/python3.12/site-packages/airflow/example_dags/example_display_name.py
[2026-01-05T17:22:57.466+0000] {logging_mixin.py:190} INFO - [2026-01-05T17:22:57.466+0000] {dag.py:3211} INFO - Sync 1 DAGs
[2026-01-05T17:22:57.486+0000] {logging_mixin.py:190} INFO - [2026-01-05T17:22:57.486+0000] {dag.py:4138} INFO - Setting next_dagrun for example_display_name to None, run_after=None
[2026-01-05T17:22:57.525+0000] {processor.py:208} INFO - Processing /home/airflow/.local/lib/python3.12/site-packages/airflow/example_dags/example_display_name.py took 0.121 seconds
[2026-01-05T17:23:27.603+0000] {processor.py:186} INFO - Started process (PID=871) to work on /home/airflow/.local/lib/python3.12/site-packages/airflow/example_dags/example_display_name.py
[2026-01-05T17:23:27.605+0000] {processor.py:914} INFO - Processing file /home/airflow/.local/lib/python3.12/site-packages/airflow/example_dags/example_display_name.py for tasks to queue
[2026-01-05T17:23:27.609+0000] {logging_mixin.py:190} INFO - [2026-01-05T17:23:27.609+0000] {dagbag.py:587} INFO - Filling up the DagBag from /home/airflow/.local/lib/python3.12/site-packages/airflow/example_dags/example_display_name.py
[2026-01-05T17:23:27.619+0000] {processor.py:925} INFO - DAG(s) 'example_display_name' retrieved from /home/airflow/.local/lib/python3.12/site-packages/airflow/example_dags/example_display_name.py
[2026-01-05T17:23:27.646+0000] {logging_mixin.py:190} INFO - [2026-01-05T17:23:27.646+0000] {dag.py:3211} INFO - Sync 1 DAGs
[2026-01-05T17:23:27.662+0000] {logging_mixin.py:190} INFO - [2026-01-05T17:23:27.662+0000] {dag.py:4138} INFO - Setting next_dagrun for example_display_name to None, run_after=None
[2026-01-05T17:23:27.687+0000] {processor.py:208} INFO - Processing /home/airflow/.local/lib/python3.12/site-packages/airflow/example_dags/example_display_name.py took 0.094 seconds
[2026-01-05T17:23:57.830+0000] {processor.py:186} INFO - Started process (PID=937) to work on /home/airflow/.local/lib/python3.12/site-packages/airflow/example_dags/example_display_name.py
[2026-01-05T17:23:57.832+0000] {processor.py:914} INFO - Processing file /home/airflow/.local/lib/python3.12/site-packages/airflow/example_dags/example_display_name.py for tasks to queue
[2026-01-05T17:23:57.836+0000] {logging_mixin.py:190} INFO - [2026-01-05T17:23:57.835+0000] {dagbag.py:587} INFO - Filling up the DagBag from /home/airflow/.local/lib/python3.12/site-packages/airflow/example_dags/example_display_name.py
[2026-01-05T17:23:57.844+0000] {processor.py:925} INFO - DAG(s) 'example_display_name' retrieved from /home/airflow/.local/lib/python3.12/site-packages/airflow/example_dags/example_display_name.py
[2026-01-05T17:23:57.867+0000] {logging_mixin.py:190} INFO - [2026-01-05T17:23:57.866+0000] {dag.py:3211} INFO - Sync 1 DAGs
[2026-01-05T17:23:57.883+0000] {logging_mixin.py:190} INFO - [2026-01-05T17:23:57.883+0000] {dag.py:4138} INFO - Setting next_dagrun for example_display_name to None, run_after=None
[2026-01-05T17:23:57.903+0000] {processor.py:208} INFO - Processing /home/airflow/.local/lib/python3.12/site-packages/airflow/example_dags/example_display_name.py took 0.079 seconds
[2026-01-05T17:24:28.341+0000] {processor.py:186} INFO - Started process (PID=1003) to work on /home/airflow/.local/lib/python3.12/site-packages/airflow/example_dags/example_display_name.py
[2026-01-05T17:24:28.344+0000] {processor.py:914} INFO - Processing file /home/airflow/.local/lib/python3.12/site-packages/airflow/example_dags/example_display_name.py for tasks to queue
[2026-01-05T17:24:28.347+0000] {logging_mixin.py:190} INFO - [2026-01-05T17:24:28.347+0000] {dagbag.py:587} INFO - Filling up the DagBag from /home/airflow/.local/lib/python3.12/site-packages/airflow/example_dags/example_display_name.py
[2026-01-05T17:24:28.355+0000] {processor.py:925} INFO - DAG(s) 'example_display_name' retrieved from /home/airflow/.local/lib/python3.12/site-packages/airflow/example_dags/example_display_name.py
[2026-01-05T17:24:28.377+0000] {logging_mixin.py:190} INFO - [2026-01-05T17:24:28.377+0000] {dag.py:3211} INFO - Sync 1 DAGs
[2026-01-05T17:24:28.391+0000] {logging_mixin.py:190} INFO - [2026-01-05T17:24:28.390+0000] {dag.py:4138} INFO - Setting next_dagrun for example_display_name to None, run_after=None
[2026-01-05T17:24:28.417+0000] {processor.py:208} INFO - Processing /home/airflow/.local/lib/python3.12/site-packages/airflow/example_dags/example_display_name.py took 0.084 seconds
[2026-01-05T17:24:58.663+0000] {processor.py:186} INFO - Started process (PID=1069) to work on /home/airflow/.local/lib/python3.12/site-packages/airflow/example_dags/example_display_name.py
[2026-01-05T17:24:58.665+0000] {processor.py:914} INFO - Processing file /home/airflow/.local/lib/python3.12/site-packages/airflow/example_dags/example_display_name.py for tasks to queue
[2026-01-05T17:24:58.670+0000] {logging_mixin.py:190} INFO - [2026-01-05T17:24:58.670+0000] {dagbag.py:587} INFO - Filling up the DagBag from /home/airflow/.local/lib/python3.12/site-packages/airflow/example_dags/example_display_name.py
[2026-01-05T17:24:58.680+0000] {processor.py:925} INFO - DAG(s) 'example_display_name' retrieved from /home/airflow/.local/lib/python3.12/site-packages/airflow/example_dags/example_display_name.py
[2026-01-05T17:24:58.709+0000] {logging_mixin.py:190} INFO - [2026-01-05T17:24:58.709+0000] {dag.py:3211} INFO - Sync 1 DAGs
[2026-01-05T17:24:58.725+0000] {logging_mixin.py:190} INFO - [2026-01-05T17:24:58.725+0000] {dag.py:4138} INFO - Setting next_dagrun for example_display_name to None, run_after=None
[2026-01-05T17:24:58.747+0000] {processor.py:208} INFO - Processing /home/airflow/.local/lib/python3.12/site-packages/airflow/example_dags/example_display_name.py took 0.093 seconds
[2026-01-05T17:25:28.847+0000] {processor.py:186} INFO - Started process (PID=1135) to work on /home/airflow/.local/lib/python3.12/site-packages/airflow/example_dags/example_display_name.py
[2026-01-05T17:25:28.848+0000] {processor.py:914} INFO - Processing file /home/airflow/.local/lib/python3.12/site-packages/airflow/example_dags/example_display_name.py for tasks to queue
[2026-01-05T17:25:28.852+0000] {logging_mixin.py:190} INFO - [2026-01-05T17:25:28.852+0000] {dagbag.py:587} INFO - Filling up the DagBag from /home/airflow/.local/lib/python3.12/site-packages/airflow/example_dags/example_display_name.py
[2026-01-05T17:25:28.859+0000] {processor.py:925} INFO - DAG(s) 'example_display_name' retrieved from /home/airflow/.local/lib/python3.12/site-packages/airflow/example_dags/example_display_name.py
[2026-01-05T17:25:28.882+0000] {logging_mixin.py:190} INFO - [2026-01-05T17:25:28.882+0000] {dag.py:3211} INFO - Sync 1 DAGs
[2026-01-05T17:25:28.898+0000] {logging_mixin.py:190} INFO - [2026-01-05T17:25:28.898+0000] {dag.py:4138} INFO - Setting next_dagrun for example_display_name to None, run_after=None
[2026-01-05T17:25:28.926+0000] {processor.py:208} INFO - Processing /home/airflow/.local/lib/python3.12/site-packages/airflow/example_dags/example_display_name.py took 0.086 seconds
[2026-01-05T17:25:59.080+0000] {processor.py:186} INFO - Started process (PID=1201) to work on /home/airflow/.local/lib/python3.12/site-packages/airflow/example_dags/example_display_name.py
[2026-01-05T17:25:59.081+0000] {processor.py:914} INFO - Processing file /home/airflow/.local/lib/python3.12/site-packages/airflow/example_dags/example_display_name.py for tasks to queue
[2026-01-05T17:25:59.086+0000] {logging_mixin.py:190} INFO - [2026-01-05T17:25:59.085+0000] {dagbag.py:587} INFO - Filling up the DagBag from /home/airflow/.local/lib/python3.12/site-packages/airflow/example_dags/example_display_name.py
[2026-01-05T17:25:59.094+0000] {processor.py:925} INFO - DAG(s) 'example_display_name' retrieved from /home/airflow/.local/lib/python3.12/site-packages/airflow/example_dags/example_display_name.py
[2026-01-05T17:25:59.118+0000] {logging_mixin.py:190} INFO - [2026-01-05T17:25:59.118+0000] {dag.py:3211} INFO - Sync 1 DAGs
[2026-01-05T17:25:59.142+0000] {logging_mixin.py:190} INFO - [2026-01-05T17:25:59.141+0000] {dag.py:4138} INFO - Setting next_dagrun for example_display_name to None, run_after=None
[2026-01-05T17:25:59.192+0000] {processor.py:208} INFO - Processing /home/airflow/.local/lib/python3.12/site-packages/airflow/example_dags/example_display_name.py took 0.119 seconds
[2026-01-05T17:26:29.650+0000] {processor.py:186} INFO - Started process (PID=1267) to work on /home/airflow/.local/lib/python3.12/site-packages/airflow/example_dags/example_display_name.py
[2026-01-05T17:26:29.653+0000] {processor.py:914} INFO - Processing file /home/airflow/.local/lib/python3.12/site-packages/airflow/example_dags/example_display_name.py for tasks to queue
[2026-01-05T17:26:29.658+0000] {logging_mixin.py:190} INFO - [2026-01-05T17:26:29.657+0000] {dagbag.py:587} INFO - Filling up the DagBag from /home/airflow/.local/lib/python3.12/site-packages/airflow/example_dags/example_display_name.py
[2026-01-05T17:26:29.669+0000] {processor.py:925} INFO - DAG(s) 'example_display_name' retrieved from /home/airflow/.local/lib/python3.12/site-packages/airflow/example_dags/example_display_name.py
[2026-01-05T17:26:29.709+0000] {logging_mixin.py:190} INFO - [2026-01-05T17:26:29.709+0000] {dag.py:3211} INFO - Sync 1 DAGs
[2026-01-05T17:26:29.730+0000] {logging_mixin.py:190} INFO - [2026-01-05T17:26:29.729+0000] {dag.py:4138} INFO - Setting next_dagrun for example_display_name to None, run_after=None
[2026-01-05T17:26:29.755+0000] {processor.py:208} INFO - Processing /home/airflow/.local/lib/python3.12/site-packages/airflow/example_dags/example_display_name.py took 0.115 seconds
[2026-01-05T17:26:59.878+0000] {processor.py:186} INFO - Started process (PID=1333) to work on /home/airflow/.local/lib/python3.12/site-packages/airflow/example_dags/example_display_name.py
[2026-01-05T17:26:59.880+0000] {processor.py:914} INFO - Processing file /home/airflow/.local/lib/python3.12/site-packages/airflow/example_dags/example_display_name.py for tasks to queue
[2026-01-05T17:26:59.884+0000] {logging_mixin.py:190} INFO - [2026-01-05T17:26:59.883+0000] {dagbag.py:587} INFO - Filling up the DagBag from /home/airflow/.local/lib/python3.12/site-packages/airflow/example_dags/example_display_name.py
[2026-01-05T17:26:59.894+0000] {processor.py:925} INFO - DAG(s) 'example_display_name' retrieved from /home/airflow/.local/lib/python3.12/site-packages/airflow/example_dags/example_display_name.py
[2026-01-05T17:26:59.923+0000] {logging_mixin.py:190} INFO - [2026-01-05T17:26:59.923+0000] {dag.py:3211} INFO - Sync 1 DAGs
[2026-01-05T17:26:59.948+0000] {logging_mixin.py:190} INFO - [2026-01-05T17:26:59.948+0000] {dag.py:4138} INFO - Setting next_dagrun for example_display_name to None, run_after=None
[2026-01-05T17:26:59.983+0000] {processor.py:208} INFO - Processing /home/airflow/.local/lib/python3.12/site-packages/airflow/example_dags/example_display_name.py took 0.112 seconds
[2026-01-05T17:27:30.121+0000] {processor.py:186} INFO - Started process (PID=1399) to work on /home/airflow/.local/lib/python3.12/site-packages/airflow/example_dags/example_display_name.py
[2026-01-05T17:27:30.122+0000] {processor.py:914} INFO - Processing file /home/airflow/.local/lib/python3.12/site-packages/airflow/example_dags/example_display_name.py for tasks to queue
[2026-01-05T17:27:30.127+0000] {logging_mixin.py:190} INFO - [2026-01-05T17:27:30.126+0000] {dagbag.py:587} INFO - Filling up the DagBag from /home/airflow/.local/lib/python3.12/site-packages/airflow/example_dags/example_display_name.py
[2026-01-05T17:27:30.134+0000] {processor.py:925} INFO - DAG(s) 'example_display_name' retrieved from /home/airflow/.local/lib/python3.12/site-packages/airflow/example_dags/example_display_name.py
[2026-01-05T17:27:30.163+0000] {logging_mixin.py:190} INFO - [2026-01-05T17:27:30.163+0000] {dag.py:3211} INFO - Sync 1 DAGs
[2026-01-05T17:27:30.181+0000] {logging_mixin.py:190} INFO - [2026-01-05T17:27:30.181+0000] {dag.py:4138} INFO - Setting next_dagrun for example_display_name to None, run_after=None
[2026-01-05T17:27:30.205+0000] {processor.py:208} INFO - Processing /home/airflow/.local/lib/python3.12/site-packages/airflow/example_dags/example_display_name.py took 0.091 seconds
[2026-01-05T17:28:00.842+0000] {processor.py:186} INFO - Started process (PID=1465) to work on /home/airflow/.local/lib/python3.12/site-packages/airflow/example_dags/example_display_name.py
[2026-01-05T17:28:00.846+0000] {processor.py:914} INFO - Processing file /home/airflow/.local/lib/python3.12/site-packages/airflow/example_dags/example_display_name.py for tasks to queue
[2026-01-05T17:28:00.857+0000] {logging_mixin.py:190} INFO - [2026-01-05T17:28:00.857+0000] {dagbag.py:587} INFO - Filling up the DagBag from /home/airflow/.local/lib/python3.12/site-packages/airflow/example_dags/example_display_name.py
[2026-01-05T17:28:00.879+0000] {processor.py:925} INFO - DAG(s) 'example_display_name' retrieved from /home/airflow/.local/lib/python3.12/site-packages/airflow/example_dags/example_display_name.py
[2026-01-05T17:28:00.984+0000] {logging_mixin.py:190} INFO - [2026-01-05T17:28:00.984+0000] {dag.py:3211} INFO - Sync 1 DAGs
[2026-01-05T17:28:01.037+0000] {logging_mixin.py:190} INFO - [2026-01-05T17:28:01.037+0000] {dag.py:4138} INFO - Setting next_dagrun for example_display_name to None, run_after=None
[2026-01-05T17:28:01.083+0000] {processor.py:208} INFO - Processing /home/airflow/.local/lib/python3.12/site-packages/airflow/example_dags/example_display_name.py took 0.257 seconds
[2026-01-05T17:28:31.311+0000] {processor.py:186} INFO - Started process (PID=1531) to work on /home/airflow/.local/lib/python3.12/site-packages/airflow/example_dags/example_display_name.py
[2026-01-05T17:28:31.316+0000] {processor.py:914} INFO - Processing file /home/airflow/.local/lib/python3.12/site-packages/airflow/example_dags/example_display_name.py for tasks to queue
[2026-01-05T17:28:31.321+0000] {logging_mixin.py:190} INFO - [2026-01-05T17:28:31.320+0000] {dagbag.py:587} INFO - Filling up the DagBag from /home/airflow/.local/lib/python3.12/site-packages/airflow/example_dags/example_display_name.py
[2026-01-05T17:28:31.330+0000] {processor.py:925} INFO - DAG(s) 'example_display_name' retrieved from /home/airflow/.local/lib/python3.12/site-packages/airflow/example_dags/example_display_name.py
[2026-01-05T17:28:31.357+0000] {logging_mixin.py:190} INFO - [2026-01-05T17:28:31.357+0000] {dag.py:3211} INFO - Sync 1 DAGs
[2026-01-05T17:28:31.372+0000] {logging_mixin.py:190} INFO - [2026-01-05T17:28:31.372+0000] {dag.py:4138} INFO - Setting next_dagrun for example_display_name to None, run_after=None
[2026-01-05T17:28:31.394+0000] {processor.py:208} INFO - Processing /home/airflow/.local/lib/python3.12/site-packages/airflow/example_dags/example_display_name.py took 0.092 seconds
[2026-01-05T17:29:01.925+0000] {processor.py:186} INFO - Started process (PID=1597) to work on /home/airflow/.local/lib/python3.12/site-packages/airflow/example_dags/example_display_name.py
[2026-01-05T17:29:01.927+0000] {processor.py:914} INFO - Processing file /home/airflow/.local/lib/python3.12/site-packages/airflow/example_dags/example_display_name.py for tasks to queue
[2026-01-05T17:29:01.931+0000] {logging_mixin.py:190} INFO - [2026-01-05T17:29:01.930+0000] {dagbag.py:587} INFO - Filling up the DagBag from /home/airflow/.local/lib/python3.12/site-packages/airflow/example_dags/example_display_name.py
[2026-01-05T17:29:01.940+0000] {processor.py:925} INFO - DAG(s) 'example_display_name' retrieved from /home/airflow/.local/lib/python3.12/site-packages/airflow/example_dags/example_display_name.py
[2026-01-05T17:29:01.967+0000] {logging_mixin.py:190} INFO - [2026-01-05T17:29:01.966+0000] {dag.py:3211} INFO - Sync 1 DAGs
[2026-01-05T17:29:01.986+0000] {logging_mixin.py:190} INFO - [2026-01-05T17:29:01.986+0000] {dag.py:4138} INFO - Setting next_dagrun for example_display_name to None, run_after=None
[2026-01-05T17:29:02.010+0000] {processor.py:208} INFO - Processing /home/airflow/.local/lib/python3.12/site-packages/airflow/example_dags/example_display_name.py took 0.093 seconds
[2026-01-05T17:29:32.922+0000] {processor.py:186} INFO - Started process (PID=1663) to work on /home/airflow/.local/lib/python3.12/site-packages/airflow/example_dags/example_display_name.py
[2026-01-05T17:29:32.924+0000] {processor.py:914} INFO - Processing file /home/airflow/.local/lib/python3.12/site-packages/airflow/example_dags/example_display_name.py for tasks to queue
[2026-01-05T17:29:32.928+0000] {logging_mixin.py:190} INFO - [2026-01-05T17:29:32.928+0000] {dagbag.py:587} INFO - Filling up the DagBag from /home/airflow/.local/lib/python3.12/site-packages/airflow/example_dags/example_display_name.py
[2026-01-05T17:29:32.937+0000] {processor.py:925} INFO - DAG(s) 'example_display_name' retrieved from /home/airflow/.local/lib/python3.12/site-packages/airflow/example_dags/example_display_name.py
[2026-01-05T17:29:32.970+0000] {logging_mixin.py:190} INFO - [2026-01-05T17:29:32.970+0000] {dag.py:3211} INFO - Sync 1 DAGs
[2026-01-05T17:29:32.988+0000] {logging_mixin.py:190} INFO - [2026-01-05T17:29:32.988+0000] {dag.py:4138} INFO - Setting next_dagrun for example_display_name to None, run_after=None
[2026-01-05T17:29:33.012+0000] {processor.py:208} INFO - Processing /home/airflow/.local/lib/python3.12/site-packages/airflow/example_dags/example_display_name.py took 0.099 seconds
[2026-01-05T17:30:03.081+0000] {processor.py:186} INFO - Started process (PID=1729) to work on /home/airflow/.local/lib/python3.12/site-packages/airflow/example_dags/example_display_name.py
[2026-01-05T17:30:03.083+0000] {processor.py:914} INFO - Processing file /home/airflow/.local/lib/python3.12/site-packages/airflow/example_dags/example_display_name.py for tasks to queue
[2026-01-05T17:30:03.086+0000] {logging_mixin.py:190} INFO - [2026-01-05T17:30:03.085+0000] {dagbag.py:587} INFO - Filling up the DagBag from /home/airflow/.local/lib/python3.12/site-packages/airflow/example_dags/example_display_name.py
[2026-01-05T17:30:03.094+0000] {processor.py:925} INFO - DAG(s) 'example_display_name' retrieved from /home/airflow/.local/lib/python3.12/site-packages/airflow/example_dags/example_display_name.py
[2026-01-05T17:30:03.118+0000] {logging_mixin.py:190} INFO - [2026-01-05T17:30:03.118+0000] {dag.py:3211} INFO - Sync 1 DAGs
[2026-01-05T17:30:03.139+0000] {logging_mixin.py:190} INFO - [2026-01-05T17:30:03.138+0000] {dag.py:4138} INFO - Setting next_dagrun for example_display_name to None, run_after=None
[2026-01-05T17:30:03.167+0000] {processor.py:208} INFO - Processing /home/airflow/.local/lib/python3.12/site-packages/airflow/example_dags/example_display_name.py took 0.092 seconds
[2026-01-05T17:30:33.727+0000] {processor.py:186} INFO - Started process (PID=1796) to work on /home/airflow/.local/lib/python3.12/site-packages/airflow/example_dags/example_display_name.py
[2026-01-05T17:30:33.729+0000] {processor.py:914} INFO - Processing file /home/airflow/.local/lib/python3.12/site-packages/airflow/example_dags/example_display_name.py for tasks to queue
[2026-01-05T17:30:33.732+0000] {logging_mixin.py:190} INFO - [2026-01-05T17:30:33.732+0000] {dagbag.py:587} INFO - Filling up the DagBag from /home/airflow/.local/lib/python3.12/site-packages/airflow/example_dags/example_display_name.py
[2026-01-05T17:30:33.740+0000] {processor.py:925} INFO - DAG(s) 'example_display_name' retrieved from /home/airflow/.local/lib/python3.12/site-packages/airflow/example_dags/example_display_name.py
[2026-01-05T17:30:33.767+0000] {logging_mixin.py:190} INFO - [2026-01-05T17:30:33.767+0000] {dag.py:3211} INFO - Sync 1 DAGs
[2026-01-05T17:30:33.783+0000] {logging_mixin.py:190} INFO - [2026-01-05T17:30:33.782+0000] {dag.py:4138} INFO - Setting next_dagrun for example_display_name to None, run_after=None
[2026-01-05T17:30:33.810+0000] {processor.py:208} INFO - Processing /home/airflow/.local/lib/python3.12/site-packages/airflow/example_dags/example_display_name.py took 0.089 seconds
[2026-01-05T17:31:04.443+0000] {processor.py:186} INFO - Started process (PID=1862) to work on /home/airflow/.local/lib/python3.12/site-packages/airflow/example_dags/example_display_name.py
[2026-01-05T17:31:04.444+0000] {processor.py:914} INFO - Processing file /home/airflow/.local/lib/python3.12/site-packages/airflow/example_dags/example_display_name.py for tasks to queue
[2026-01-05T17:31:04.448+0000] {logging_mixin.py:190} INFO - [2026-01-05T17:31:04.447+0000] {dagbag.py:587} INFO - Filling up the DagBag from /home/airflow/.local/lib/python3.12/site-packages/airflow/example_dags/example_display_name.py
[2026-01-05T17:31:04.455+0000] {processor.py:925} INFO - DAG(s) 'example_display_name' retrieved from /home/airflow/.local/lib/python3.12/site-packages/airflow/example_dags/example_display_name.py
[2026-01-05T17:31:04.482+0000] {logging_mixin.py:190} INFO - [2026-01-05T17:31:04.482+0000] {dag.py:3211} INFO - Sync 1 DAGs
[2026-01-05T17:31:04.503+0000] {logging_mixin.py:190} INFO - [2026-01-05T17:31:04.503+0000] {dag.py:4138} INFO - Setting next_dagrun for example_display_name to None, run_after=None
[2026-01-05T17:31:04.523+0000] {processor.py:208} INFO - Processing /home/airflow/.local/lib/python3.12/site-packages/airflow/example_dags/example_display_name.py took 0.086 seconds
[2026-01-05T17:31:35.598+0000] {processor.py:186} INFO - Started process (PID=1928) to work on /home/airflow/.local/lib/python3.12/site-packages/airflow/example_dags/example_display_name.py
[2026-01-05T17:31:35.599+0000] {processor.py:914} INFO - Processing file /home/airflow/.local/lib/python3.12/site-packages/airflow/example_dags/example_display_name.py for tasks to queue
[2026-01-05T17:31:35.603+0000] {logging_mixin.py:190} INFO - [2026-01-05T17:31:35.603+0000] {dagbag.py:587} INFO - Filling up the DagBag from /home/airflow/.local/lib/python3.12/site-packages/airflow/example_dags/example_display_name.py
[2026-01-05T17:31:35.612+0000] {processor.py:925} INFO - DAG(s) 'example_display_name' retrieved from /home/airflow/.local/lib/python3.12/site-packages/airflow/example_dags/example_display_name.py
[2026-01-05T17:31:35.636+0000] {logging_mixin.py:190} INFO - [2026-01-05T17:31:35.636+0000] {dag.py:3211} INFO - Sync 1 DAGs
[2026-01-05T17:31:35.652+0000] {logging_mixin.py:190} INFO - [2026-01-05T17:31:35.652+0000] {dag.py:4138} INFO - Setting next_dagrun for example_display_name to None, run_after=None
[2026-01-05T17:31:35.675+0000] {processor.py:208} INFO - Processing /home/airflow/.local/lib/python3.12/site-packages/airflow/example_dags/example_display_name.py took 0.084 seconds
[2026-01-05T17:32:06.221+0000] {processor.py:186} INFO - Started process (PID=1994) to work on /home/airflow/.local/lib/python3.12/site-packages/airflow/example_dags/example_display_name.py
[2026-01-05T17:32:06.222+0000] {processor.py:914} INFO - Processing file /home/airflow/.local/lib/python3.12/site-packages/airflow/example_dags/example_display_name.py for tasks to queue
[2026-01-05T17:32:06.226+0000] {logging_mixin.py:190} INFO - [2026-01-05T17:32:06.225+0000] {dagbag.py:587} INFO - Filling up the DagBag from /home/airflow/.local/lib/python3.12/site-packages/airflow/example_dags/example_display_name.py
[2026-01-05T17:32:06.236+0000] {processor.py:925} INFO - DAG(s) 'example_display_name' retrieved from /home/airflow/.local/lib/python3.12/site-packages/airflow/example_dags/example_display_name.py
[2026-01-05T17:32:06.261+0000] {logging_mixin.py:190} INFO - [2026-01-05T17:32:06.261+0000] {dag.py:3211} INFO - Sync 1 DAGs
[2026-01-05T17:32:06.285+0000] {logging_mixin.py:190} INFO - [2026-01-05T17:32:06.284+0000] {dag.py:4138} INFO - Setting next_dagrun for example_display_name to None, run_after=None
[2026-01-05T17:32:06.332+0000] {processor.py:208} INFO - Processing /home/airflow/.local/lib/python3.12/site-packages/airflow/example_dags/example_display_name.py took 0.120 seconds
[2026-01-05T17:32:36.804+0000] {processor.py:186} INFO - Started process (PID=2060) to work on /home/airflow/.local/lib/python3.12/site-packages/airflow/example_dags/example_display_name.py
[2026-01-05T17:32:36.806+0000] {processor.py:914} INFO - Processing file /home/airflow/.local/lib/python3.12/site-packages/airflow/example_dags/example_display_name.py for tasks to queue
[2026-01-05T17:32:36.812+0000] {logging_mixin.py:190} INFO - [2026-01-05T17:32:36.812+0000] {dagbag.py:587} INFO - Filling up the DagBag from /home/airflow/.local/lib/python3.12/site-packages/airflow/example_dags/example_display_name.py
[2026-01-05T17:32:36.820+0000] {processor.py:925} INFO - DAG(s) 'example_display_name' retrieved from /home/airflow/.local/lib/python3.12/site-packages/airflow/example_dags/example_display_name.py
[2026-01-05T17:32:36.843+0000] {logging_mixin.py:190} INFO - [2026-01-05T17:32:36.843+0000] {dag.py:3211} INFO - Sync 1 DAGs
[2026-01-05T17:32:36.857+0000] {logging_mixin.py:190} INFO - [2026-01-05T17:32:36.857+0000] {dag.py:4138} INFO - Setting next_dagrun for example_display_name to None, run_after=None
[2026-01-05T17:32:36.878+0000] {processor.py:208} INFO - Processing /home/airflow/.local/lib/python3.12/site-packages/airflow/example_dags/example_display_name.py took 0.080 seconds
[2026-01-05T17:33:07.354+0000] {processor.py:186} INFO - Started process (PID=2126) to work on /home/airflow/.local/lib/python3.12/site-packages/airflow/example_dags/example_display_name.py
[2026-01-05T17:33:07.356+0000] {processor.py:914} INFO - Processing file /home/airflow/.local/lib/python3.12/site-packages/airflow/example_dags/example_display_name.py for tasks to queue
[2026-01-05T17:33:07.361+0000] {logging_mixin.py:190} INFO - [2026-01-05T17:33:07.360+0000] {dagbag.py:587} INFO - Filling up the DagBag from /home/airflow/.local/lib/python3.12/site-packages/airflow/example_dags/example_display_name.py
[2026-01-05T17:33:07.373+0000] {processor.py:925} INFO - DAG(s) 'example_display_name' retrieved from /home/airflow/.local/lib/python3.12/site-packages/airflow/example_dags/example_display_name.py
[2026-01-05T17:33:07.416+0000] {logging_mixin.py:190} INFO - [2026-01-05T17:33:07.415+0000] {dag.py:3211} INFO - Sync 1 DAGs
[2026-01-05T17:33:07.437+0000] {logging_mixin.py:190} INFO - [2026-01-05T17:33:07.437+0000] {dag.py:4138} INFO - Setting next_dagrun for example_display_name to None, run_after=None
[2026-01-05T17:33:07.460+0000] {processor.py:208} INFO - Processing /home/airflow/.local/lib/python3.12/site-packages/airflow/example_dags/example_display_name.py took 0.116 seconds
[2026-01-05T17:33:37.770+0000] {processor.py:186} INFO - Started process (PID=2192) to work on /home/airflow/.local/lib/python3.12/site-packages/airflow/example_dags/example_display_name.py
[2026-01-05T17:33:37.772+0000] {processor.py:914} INFO - Processing file /home/airflow/.local/lib/python3.12/site-packages/airflow/example_dags/example_display_name.py for tasks to queue
[2026-01-05T17:33:37.777+0000] {logging_mixin.py:190} INFO - [2026-01-05T17:33:37.777+0000] {dagbag.py:587} INFO - Filling up the DagBag from /home/airflow/.local/lib/python3.12/site-packages/airflow/example_dags/example_display_name.py
[2026-01-05T17:33:37.788+0000] {processor.py:925} INFO - DAG(s) 'example_display_name' retrieved from /home/airflow/.local/lib/python3.12/site-packages/airflow/example_dags/example_display_name.py
[2026-01-05T17:33:37.816+0000] {logging_mixin.py:190} INFO - [2026-01-05T17:33:37.816+0000] {dag.py:3211} INFO - Sync 1 DAGs
[2026-01-05T17:33:37.835+0000] {logging_mixin.py:190} INFO - [2026-01-05T17:33:37.835+0000] {dag.py:4138} INFO - Setting next_dagrun for example_display_name to None, run_after=None
[2026-01-05T17:33:37.863+0000] {processor.py:208} INFO - Processing /home/airflow/.local/lib/python3.12/site-packages/airflow/example_dags/example_display_name.py took 0.104 seconds
[2026-01-05T17:34:08.209+0000] {processor.py:186} INFO - Started process (PID=2258) to work on /home/airflow/.local/lib/python3.12/site-packages/airflow/example_dags/example_display_name.py
[2026-01-05T17:34:08.211+0000] {processor.py:914} INFO - Processing file /home/airflow/.local/lib/python3.12/site-packages/airflow/example_dags/example_display_name.py for tasks to queue
[2026-01-05T17:34:08.215+0000] {logging_mixin.py:190} INFO - [2026-01-05T17:34:08.215+0000] {dagbag.py:587} INFO - Filling up the DagBag from /home/airflow/.local/lib/python3.12/site-packages/airflow/example_dags/example_display_name.py
[2026-01-05T17:34:08.222+0000] {processor.py:925} INFO - DAG(s) 'example_display_name' retrieved from /home/airflow/.local/lib/python3.12/site-packages/airflow/example_dags/example_display_name.py
[2026-01-05T17:34:08.253+0000] {logging_mixin.py:190} INFO - [2026-01-05T17:34:08.253+0000] {dag.py:3211} INFO - Sync 1 DAGs
[2026-01-05T17:34:08.270+0000] {logging_mixin.py:190} INFO - [2026-01-05T17:34:08.269+0000] {dag.py:4138} INFO - Setting next_dagrun for example_display_name to None, run_after=None
[2026-01-05T17:34:08.292+0000] {processor.py:208} INFO - Processing /home/airflow/.local/lib/python3.12/site-packages/airflow/example_dags/example_display_name.py took 0.089 seconds
[2026-01-05T17:34:38.941+0000] {processor.py:186} INFO - Started process (PID=2324) to work on /home/airflow/.local/lib/python3.12/site-packages/airflow/example_dags/example_display_name.py
[2026-01-05T17:34:38.943+0000] {processor.py:914} INFO - Processing file /home/airflow/.local/lib/python3.12/site-packages/airflow/example_dags/example_display_name.py for tasks to queue
[2026-01-05T17:34:38.947+0000] {logging_mixin.py:190} INFO - [2026-01-05T17:34:38.946+0000] {dagbag.py:587} INFO - Filling up the DagBag from /home/airflow/.local/lib/python3.12/site-packages/airflow/example_dags/example_display_name.py
[2026-01-05T17:34:38.954+0000] {processor.py:925} INFO - DAG(s) 'example_display_name' retrieved from /home/airflow/.local/lib/python3.12/site-packages/airflow/example_dags/example_display_name.py
[2026-01-05T17:34:38.981+0000] {logging_mixin.py:190} INFO - [2026-01-05T17:34:38.981+0000] {dag.py:3211} INFO - Sync 1 DAGs
[2026-01-05T17:34:38.999+0000] {logging_mixin.py:190} INFO - [2026-01-05T17:34:38.998+0000] {dag.py:4138} INFO - Setting next_dagrun for example_display_name to None, run_after=None
[2026-01-05T17:34:39.029+0000] {processor.py:208} INFO - Processing /home/airflow/.local/lib/python3.12/site-packages/airflow/example_dags/example_display_name.py took 0.095 seconds
[2026-01-05T17:35:09.269+0000] {processor.py:186} INFO - Started process (PID=2390) to work on /home/airflow/.local/lib/python3.12/site-packages/airflow/example_dags/example_display_name.py
[2026-01-05T17:35:09.271+0000] {processor.py:914} INFO - Processing file /home/airflow/.local/lib/python3.12/site-packages/airflow/example_dags/example_display_name.py for tasks to queue
[2026-01-05T17:35:09.275+0000] {logging_mixin.py:190} INFO - [2026-01-05T17:35:09.275+0000] {dagbag.py:587} INFO - Filling up the DagBag from /home/airflow/.local/lib/python3.12/site-packages/airflow/example_dags/example_display_name.py
[2026-01-05T17:35:09.282+0000] {processor.py:925} INFO - DAG(s) 'example_display_name' retrieved from /home/airflow/.local/lib/python3.12/site-packages/airflow/example_dags/example_display_name.py
[2026-01-05T17:35:09.307+0000] {logging_mixin.py:190} INFO - [2026-01-05T17:35:09.307+0000] {dag.py:3211} INFO - Sync 1 DAGs
[2026-01-05T17:35:09.326+0000] {logging_mixin.py:190} INFO - [2026-01-05T17:35:09.326+0000] {dag.py:4138} INFO - Setting next_dagrun for example_display_name to None, run_after=None
[2026-01-05T17:35:09.347+0000] {processor.py:208} INFO - Processing /home/airflow/.local/lib/python3.12/site-packages/airflow/example_dags/example_display_name.py took 0.085 seconds
[2026-01-05T17:35:39.548+0000] {processor.py:186} INFO - Started process (PID=2457) to work on /home/airflow/.local/lib/python3.12/site-packages/airflow/example_dags/example_display_name.py
[2026-01-05T17:35:39.555+0000] {processor.py:914} INFO - Processing file /home/airflow/.local/lib/python3.12/site-packages/airflow/example_dags/example_display_name.py for tasks to queue
[2026-01-05T17:35:39.566+0000] {logging_mixin.py:190} INFO - [2026-01-05T17:35:39.565+0000] {dagbag.py:587} INFO - Filling up the DagBag from /home/airflow/.local/lib/python3.12/site-packages/airflow/example_dags/example_display_name.py
[2026-01-05T17:35:39.583+0000] {processor.py:925} INFO - DAG(s) 'example_display_name' retrieved from /home/airflow/.local/lib/python3.12/site-packages/airflow/example_dags/example_display_name.py
[2026-01-05T17:35:39.617+0000] {logging_mixin.py:190} INFO - [2026-01-05T17:35:39.616+0000] {dag.py:3211} INFO - Sync 1 DAGs
[2026-01-05T17:35:39.631+0000] {logging_mixin.py:190} INFO - [2026-01-05T17:35:39.631+0000] {dag.py:4138} INFO - Setting next_dagrun for example_display_name to None, run_after=None
[2026-01-05T17:35:39.652+0000] {processor.py:208} INFO - Processing /home/airflow/.local/lib/python3.12/site-packages/airflow/example_dags/example_display_name.py took 0.112 seconds
[2026-01-05T17:36:10.227+0000] {processor.py:186} INFO - Started process (PID=2523) to work on /home/airflow/.local/lib/python3.12/site-packages/airflow/example_dags/example_display_name.py
[2026-01-05T17:36:10.228+0000] {processor.py:914} INFO - Processing file /home/airflow/.local/lib/python3.12/site-packages/airflow/example_dags/example_display_name.py for tasks to queue
[2026-01-05T17:36:10.232+0000] {logging_mixin.py:190} INFO - [2026-01-05T17:36:10.232+0000] {dagbag.py:587} INFO - Filling up the DagBag from /home/airflow/.local/lib/python3.12/site-packages/airflow/example_dags/example_display_name.py
[2026-01-05T17:36:10.239+0000] {processor.py:925} INFO - DAG(s) 'example_display_name' retrieved from /home/airflow/.local/lib/python3.12/site-packages/airflow/example_dags/example_display_name.py
[2026-01-05T17:36:10.268+0000] {logging_mixin.py:190} INFO - [2026-01-05T17:36:10.267+0000] {dag.py:3211} INFO - Sync 1 DAGs
[2026-01-05T17:36:10.292+0000] {logging_mixin.py:190} INFO - [2026-01-05T17:36:10.292+0000] {dag.py:4138} INFO - Setting next_dagrun for example_display_name to None, run_after=None
[2026-01-05T17:36:10.320+0000] {processor.py:208} INFO - Processing /home/airflow/.local/lib/python3.12/site-packages/airflow/example_dags/example_display_name.py took 0.099 seconds
[2026-01-05T17:36:40.776+0000] {processor.py:186} INFO - Started process (PID=2589) to work on /home/airflow/.local/lib/python3.12/site-packages/airflow/example_dags/example_display_name.py
[2026-01-05T17:36:40.782+0000] {processor.py:914} INFO - Processing file /home/airflow/.local/lib/python3.12/site-packages/airflow/example_dags/example_display_name.py for tasks to queue
[2026-01-05T17:36:40.790+0000] {logging_mixin.py:190} INFO - [2026-01-05T17:36:40.789+0000] {dagbag.py:587} INFO - Filling up the DagBag from /home/airflow/.local/lib/python3.12/site-packages/airflow/example_dags/example_display_name.py
[2026-01-05T17:36:40.803+0000] {processor.py:925} INFO - DAG(s) 'example_display_name' retrieved from /home/airflow/.local/lib/python3.12/site-packages/airflow/example_dags/example_display_name.py
[2026-01-05T17:36:40.835+0000] {logging_mixin.py:190} INFO - [2026-01-05T17:36:40.834+0000] {dag.py:3211} INFO - Sync 1 DAGs
[2026-01-05T17:36:40.863+0000] {logging_mixin.py:190} INFO - [2026-01-05T17:36:40.862+0000] {dag.py:4138} INFO - Setting next_dagrun for example_display_name to None, run_after=None
[2026-01-05T17:36:40.893+0000] {processor.py:208} INFO - Processing /home/airflow/.local/lib/python3.12/site-packages/airflow/example_dags/example_display_name.py took 0.129 seconds
[2026-01-05T17:37:11.271+0000] {processor.py:186} INFO - Started process (PID=2655) to work on /home/airflow/.local/lib/python3.12/site-packages/airflow/example_dags/example_display_name.py
[2026-01-05T17:37:11.273+0000] {processor.py:914} INFO - Processing file /home/airflow/.local/lib/python3.12/site-packages/airflow/example_dags/example_display_name.py for tasks to queue
[2026-01-05T17:37:11.278+0000] {logging_mixin.py:190} INFO - [2026-01-05T17:37:11.277+0000] {dagbag.py:587} INFO - Filling up the DagBag from /home/airflow/.local/lib/python3.12/site-packages/airflow/example_dags/example_display_name.py
[2026-01-05T17:37:11.289+0000] {processor.py:925} INFO - DAG(s) 'example_display_name' retrieved from /home/airflow/.local/lib/python3.12/site-packages/airflow/example_dags/example_display_name.py
[2026-01-05T17:37:11.320+0000] {logging_mixin.py:190} INFO - [2026-01-05T17:37:11.320+0000] {dag.py:3211} INFO - Sync 1 DAGs
[2026-01-05T17:37:11.339+0000] {logging_mixin.py:190} INFO - [2026-01-05T17:37:11.339+0000] {dag.py:4138} INFO - Setting next_dagrun for example_display_name to None, run_after=None
[2026-01-05T17:37:11.368+0000] {processor.py:208} INFO - Processing /home/airflow/.local/lib/python3.12/site-packages/airflow/example_dags/example_display_name.py took 0.104 seconds
[2026-01-05T17:37:41.939+0000] {processor.py:186} INFO - Started process (PID=2721) to work on /home/airflow/.local/lib/python3.12/site-packages/airflow/example_dags/example_display_name.py
[2026-01-05T17:37:41.941+0000] {processor.py:914} INFO - Processing file /home/airflow/.local/lib/python3.12/site-packages/airflow/example_dags/example_display_name.py for tasks to queue
[2026-01-05T17:37:41.944+0000] {logging_mixin.py:190} INFO - [2026-01-05T17:37:41.944+0000] {dagbag.py:587} INFO - Filling up the DagBag from /home/airflow/.local/lib/python3.12/site-packages/airflow/example_dags/example_display_name.py
[2026-01-05T17:37:41.950+0000] {processor.py:925} INFO - DAG(s) 'example_display_name' retrieved from /home/airflow/.local/lib/python3.12/site-packages/airflow/example_dags/example_display_name.py
[2026-01-05T17:37:41.975+0000] {logging_mixin.py:190} INFO - [2026-01-05T17:37:41.975+0000] {dag.py:3211} INFO - Sync 1 DAGs
[2026-01-05T17:37:41.996+0000] {logging_mixin.py:190} INFO - [2026-01-05T17:37:41.996+0000] {dag.py:4138} INFO - Setting next_dagrun for example_display_name to None, run_after=None
[2026-01-05T17:37:42.023+0000] {processor.py:208} INFO - Processing /home/airflow/.local/lib/python3.12/site-packages/airflow/example_dags/example_display_name.py took 0.091 seconds
[2026-01-05T17:38:12.155+0000] {processor.py:186} INFO - Started process (PID=2787) to work on /home/airflow/.local/lib/python3.12/site-packages/airflow/example_dags/example_display_name.py
[2026-01-05T17:38:12.157+0000] {processor.py:914} INFO - Processing file /home/airflow/.local/lib/python3.12/site-packages/airflow/example_dags/example_display_name.py for tasks to queue
[2026-01-05T17:38:12.161+0000] {logging_mixin.py:190} INFO - [2026-01-05T17:38:12.161+0000] {dagbag.py:587} INFO - Filling up the DagBag from /home/airflow/.local/lib/python3.12/site-packages/airflow/example_dags/example_display_name.py
[2026-01-05T17:38:12.168+0000] {processor.py:925} INFO - DAG(s) 'example_display_name' retrieved from /home/airflow/.local/lib/python3.12/site-packages/airflow/example_dags/example_display_name.py
[2026-01-05T17:38:12.191+0000] {logging_mixin.py:190} INFO - [2026-01-05T17:38:12.191+0000] {dag.py:3211} INFO - Sync 1 DAGs
[2026-01-05T17:38:12.208+0000] {logging_mixin.py:190} INFO - [2026-01-05T17:38:12.208+0000] {dag.py:4138} INFO - Setting next_dagrun for example_display_name to None, run_after=None
[2026-01-05T17:38:12.232+0000] {processor.py:208} INFO - Processing /home/airflow/.local/lib/python3.12/site-packages/airflow/example_dags/example_display_name.py took 0.084 seconds
[2026-01-05T17:38:42.835+0000] {processor.py:186} INFO - Started process (PID=2853) to work on /home/airflow/.local/lib/python3.12/site-packages/airflow/example_dags/example_display_name.py
[2026-01-05T17:38:42.836+0000] {processor.py:914} INFO - Processing file /home/airflow/.local/lib/python3.12/site-packages/airflow/example_dags/example_display_name.py for tasks to queue
[2026-01-05T17:38:42.842+0000] {logging_mixin.py:190} INFO - [2026-01-05T17:38:42.841+0000] {dagbag.py:587} INFO - Filling up the DagBag from /home/airflow/.local/lib/python3.12/site-packages/airflow/example_dags/example_display_name.py
[2026-01-05T17:38:42.849+0000] {processor.py:925} INFO - DAG(s) 'example_display_name' retrieved from /home/airflow/.local/lib/python3.12/site-packages/airflow/example_dags/example_display_name.py
[2026-01-05T17:38:42.875+0000] {logging_mixin.py:190} INFO - [2026-01-05T17:38:42.875+0000] {dag.py:3211} INFO - Sync 1 DAGs
[2026-01-05T17:38:42.889+0000] {logging_mixin.py:190} INFO - [2026-01-05T17:38:42.889+0000] {dag.py:4138} INFO - Setting next_dagrun for example_display_name to None, run_after=None
[2026-01-05T17:38:42.916+0000] {processor.py:208} INFO - Processing /home/airflow/.local/lib/python3.12/site-packages/airflow/example_dags/example_display_name.py took 0.087 seconds
[2026-01-05T17:39:13.968+0000] {processor.py:186} INFO - Started process (PID=2919) to work on /home/airflow/.local/lib/python3.12/site-packages/airflow/example_dags/example_display_name.py
[2026-01-05T17:39:13.971+0000] {processor.py:914} INFO - Processing file /home/airflow/.local/lib/python3.12/site-packages/airflow/example_dags/example_display_name.py for tasks to queue
[2026-01-05T17:39:13.976+0000] {logging_mixin.py:190} INFO - [2026-01-05T17:39:13.975+0000] {dagbag.py:587} INFO - Filling up the DagBag from /home/airflow/.local/lib/python3.12/site-packages/airflow/example_dags/example_display_name.py
[2026-01-05T17:39:13.989+0000] {processor.py:925} INFO - DAG(s) 'example_display_name' retrieved from /home/airflow/.local/lib/python3.12/site-packages/airflow/example_dags/example_display_name.py
[2026-01-05T17:39:14.022+0000] {logging_mixin.py:190} INFO - [2026-01-05T17:39:14.022+0000] {dag.py:3211} INFO - Sync 1 DAGs
[2026-01-05T17:39:14.048+0000] {logging_mixin.py:190} INFO - [2026-01-05T17:39:14.047+0000] {dag.py:4138} INFO - Setting next_dagrun for example_display_name to None, run_after=None
[2026-01-05T17:39:14.074+0000] {processor.py:208} INFO - Processing /home/airflow/.local/lib/python3.12/site-packages/airflow/example_dags/example_display_name.py took 0.115 seconds
[2026-01-05T17:39:44.547+0000] {processor.py:186} INFO - Started process (PID=2985) to work on /home/airflow/.local/lib/python3.12/site-packages/airflow/example_dags/example_display_name.py
[2026-01-05T17:39:44.548+0000] {processor.py:914} INFO - Processing file /home/airflow/.local/lib/python3.12/site-packages/airflow/example_dags/example_display_name.py for tasks to queue
[2026-01-05T17:39:44.551+0000] {logging_mixin.py:190} INFO - [2026-01-05T17:39:44.551+0000] {dagbag.py:587} INFO - Filling up the DagBag from /home/airflow/.local/lib/python3.12/site-packages/airflow/example_dags/example_display_name.py
[2026-01-05T17:39:44.557+0000] {processor.py:925} INFO - DAG(s) 'example_display_name' retrieved from /home/airflow/.local/lib/python3.12/site-packages/airflow/example_dags/example_display_name.py
[2026-01-05T17:39:44.583+0000] {logging_mixin.py:190} INFO - [2026-01-05T17:39:44.583+0000] {dag.py:3211} INFO - Sync 1 DAGs
[2026-01-05T17:39:44.597+0000] {logging_mixin.py:190} INFO - [2026-01-05T17:39:44.597+0000] {dag.py:4138} INFO - Setting next_dagrun for example_display_name to None, run_after=None
[2026-01-05T17:39:44.620+0000] {processor.py:208} INFO - Processing /home/airflow/.local/lib/python3.12/site-packages/airflow/example_dags/example_display_name.py took 0.079 seconds
[2026-01-05T17:40:15.197+0000] {processor.py:186} INFO - Started process (PID=3051) to work on /home/airflow/.local/lib/python3.12/site-packages/airflow/example_dags/example_display_name.py
[2026-01-05T17:40:15.198+0000] {processor.py:914} INFO - Processing file /home/airflow/.local/lib/python3.12/site-packages/airflow/example_dags/example_display_name.py for tasks to queue
[2026-01-05T17:40:15.202+0000] {logging_mixin.py:190} INFO - [2026-01-05T17:40:15.201+0000] {dagbag.py:587} INFO - Filling up the DagBag from /home/airflow/.local/lib/python3.12/site-packages/airflow/example_dags/example_display_name.py
[2026-01-05T17:40:15.209+0000] {processor.py:925} INFO - DAG(s) 'example_display_name' retrieved from /home/airflow/.local/lib/python3.12/site-packages/airflow/example_dags/example_display_name.py
[2026-01-05T17:40:15.230+0000] {logging_mixin.py:190} INFO - [2026-01-05T17:40:15.230+0000] {dag.py:3211} INFO - Sync 1 DAGs
[2026-01-05T17:40:15.244+0000] {logging_mixin.py:190} INFO - [2026-01-05T17:40:15.244+0000] {dag.py:4138} INFO - Setting next_dagrun for example_display_name to None, run_after=None
[2026-01-05T17:40:15.266+0000] {processor.py:208} INFO - Processing /home/airflow/.local/lib/python3.12/site-packages/airflow/example_dags/example_display_name.py took 0.075 seconds
[2026-01-05T17:40:45.541+0000] {processor.py:186} INFO - Started process (PID=3117) to work on /home/airflow/.local/lib/python3.12/site-packages/airflow/example_dags/example_display_name.py
[2026-01-05T17:40:45.543+0000] {processor.py:914} INFO - Processing file /home/airflow/.local/lib/python3.12/site-packages/airflow/example_dags/example_display_name.py for tasks to queue
[2026-01-05T17:40:45.547+0000] {logging_mixin.py:190} INFO - [2026-01-05T17:40:45.547+0000] {dagbag.py:587} INFO - Filling up the DagBag from /home/airflow/.local/lib/python3.12/site-packages/airflow/example_dags/example_display_name.py
[2026-01-05T17:40:45.555+0000] {processor.py:925} INFO - DAG(s) 'example_display_name' retrieved from /home/airflow/.local/lib/python3.12/site-packages/airflow/example_dags/example_display_name.py
[2026-01-05T17:40:45.580+0000] {logging_mixin.py:190} INFO - [2026-01-05T17:40:45.580+0000] {dag.py:3211} INFO - Sync 1 DAGs
[2026-01-05T17:40:45.595+0000] {logging_mixin.py:190} INFO - [2026-01-05T17:40:45.595+0000] {dag.py:4138} INFO - Setting next_dagrun for example_display_name to None, run_after=None
[2026-01-05T17:40:45.620+0000] {processor.py:208} INFO - Processing /home/airflow/.local/lib/python3.12/site-packages/airflow/example_dags/example_display_name.py took 0.085 seconds
[2026-01-05T17:41:15.770+0000] {processor.py:186} INFO - Started process (PID=3183) to work on /home/airflow/.local/lib/python3.12/site-packages/airflow/example_dags/example_display_name.py
[2026-01-05T17:41:15.772+0000] {processor.py:914} INFO - Processing file /home/airflow/.local/lib/python3.12/site-packages/airflow/example_dags/example_display_name.py for tasks to queue
[2026-01-05T17:41:15.778+0000] {logging_mixin.py:190} INFO - [2026-01-05T17:41:15.778+0000] {dagbag.py:587} INFO - Filling up the DagBag from /home/airflow/.local/lib/python3.12/site-packages/airflow/example_dags/example_display_name.py
[2026-01-05T17:41:15.785+0000] {processor.py:925} INFO - DAG(s) 'example_display_name' retrieved from /home/airflow/.local/lib/python3.12/site-packages/airflow/example_dags/example_display_name.py
[2026-01-05T17:41:15.813+0000] {logging_mixin.py:190} INFO - [2026-01-05T17:41:15.812+0000] {dag.py:3211} INFO - Sync 1 DAGs
[2026-01-05T17:41:15.830+0000] {logging_mixin.py:190} INFO - [2026-01-05T17:41:15.829+0000] {dag.py:4138} INFO - Setting next_dagrun for example_display_name to None, run_after=None
[2026-01-05T17:41:15.856+0000] {processor.py:208} INFO - Processing /home/airflow/.local/lib/python3.12/site-packages/airflow/example_dags/example_display_name.py took 0.092 seconds
[2026-01-05T17:41:46.060+0000] {processor.py:186} INFO - Started process (PID=3249) to work on /home/airflow/.local/lib/python3.12/site-packages/airflow/example_dags/example_display_name.py
[2026-01-05T17:41:46.062+0000] {processor.py:914} INFO - Processing file /home/airflow/.local/lib/python3.12/site-packages/airflow/example_dags/example_display_name.py for tasks to queue
[2026-01-05T17:41:46.066+0000] {logging_mixin.py:190} INFO - [2026-01-05T17:41:46.065+0000] {dagbag.py:587} INFO - Filling up the DagBag from /home/airflow/.local/lib/python3.12/site-packages/airflow/example_dags/example_display_name.py
[2026-01-05T17:41:46.073+0000] {processor.py:925} INFO - DAG(s) 'example_display_name' retrieved from /home/airflow/.local/lib/python3.12/site-packages/airflow/example_dags/example_display_name.py
[2026-01-05T17:41:46.097+0000] {logging_mixin.py:190} INFO - [2026-01-05T17:41:46.097+0000] {dag.py:3211} INFO - Sync 1 DAGs
[2026-01-05T17:41:46.116+0000] {logging_mixin.py:190} INFO - [2026-01-05T17:41:46.116+0000] {dag.py:4138} INFO - Setting next_dagrun for example_display_name to None, run_after=None
[2026-01-05T17:41:46.142+0000] {processor.py:208} INFO - Processing /home/airflow/.local/lib/python3.12/site-packages/airflow/example_dags/example_display_name.py took 0.090 seconds
[2026-01-05T17:42:16.573+0000] {processor.py:186} INFO - Started process (PID=3315) to work on /home/airflow/.local/lib/python3.12/site-packages/airflow/example_dags/example_display_name.py
[2026-01-05T17:42:16.575+0000] {processor.py:914} INFO - Processing file /home/airflow/.local/lib/python3.12/site-packages/airflow/example_dags/example_display_name.py for tasks to queue
[2026-01-05T17:42:16.579+0000] {logging_mixin.py:190} INFO - [2026-01-05T17:42:16.578+0000] {dagbag.py:587} INFO - Filling up the DagBag from /home/airflow/.local/lib/python3.12/site-packages/airflow/example_dags/example_display_name.py
[2026-01-05T17:42:16.587+0000] {processor.py:925} INFO - DAG(s) 'example_display_name' retrieved from /home/airflow/.local/lib/python3.12/site-packages/airflow/example_dags/example_display_name.py
[2026-01-05T17:42:16.614+0000] {logging_mixin.py:190} INFO - [2026-01-05T17:42:16.614+0000] {dag.py:3211} INFO - Sync 1 DAGs
[2026-01-05T17:42:16.636+0000] {logging_mixin.py:190} INFO - [2026-01-05T17:42:16.636+0000] {dag.py:4138} INFO - Setting next_dagrun for example_display_name to None, run_after=None
[2026-01-05T17:42:16.665+0000] {processor.py:208} INFO - Processing /home/airflow/.local/lib/python3.12/site-packages/airflow/example_dags/example_display_name.py took 0.099 seconds
[2026-01-05T17:42:47.051+0000] {processor.py:186} INFO - Started process (PID=3381) to work on /home/airflow/.local/lib/python3.12/site-packages/airflow/example_dags/example_display_name.py
[2026-01-05T17:42:47.052+0000] {processor.py:914} INFO - Processing file /home/airflow/.local/lib/python3.12/site-packages/airflow/example_dags/example_display_name.py for tasks to queue
[2026-01-05T17:42:47.057+0000] {logging_mixin.py:190} INFO - [2026-01-05T17:42:47.056+0000] {dagbag.py:587} INFO - Filling up the DagBag from /home/airflow/.local/lib/python3.12/site-packages/airflow/example_dags/example_display_name.py
[2026-01-05T17:42:47.065+0000] {processor.py:925} INFO - DAG(s) 'example_display_name' retrieved from /home/airflow/.local/lib/python3.12/site-packages/airflow/example_dags/example_display_name.py
[2026-01-05T17:42:47.098+0000] {logging_mixin.py:190} INFO - [2026-01-05T17:42:47.098+0000] {dag.py:3211} INFO - Sync 1 DAGs
[2026-01-05T17:42:47.123+0000] {logging_mixin.py:190} INFO - [2026-01-05T17:42:47.123+0000] {dag.py:4138} INFO - Setting next_dagrun for example_display_name to None, run_after=None
[2026-01-05T17:42:47.151+0000] {processor.py:208} INFO - Processing /home/airflow/.local/lib/python3.12/site-packages/airflow/example_dags/example_display_name.py took 0.109 seconds
[2026-01-05T17:43:17.379+0000] {processor.py:186} INFO - Started process (PID=3447) to work on /home/airflow/.local/lib/python3.12/site-packages/airflow/example_dags/example_display_name.py
[2026-01-05T17:43:17.381+0000] {processor.py:914} INFO - Processing file /home/airflow/.local/lib/python3.12/site-packages/airflow/example_dags/example_display_name.py for tasks to queue
[2026-01-05T17:43:17.385+0000] {logging_mixin.py:190} INFO - [2026-01-05T17:43:17.384+0000] {dagbag.py:587} INFO - Filling up the DagBag from /home/airflow/.local/lib/python3.12/site-packages/airflow/example_dags/example_display_name.py
[2026-01-05T17:43:17.395+0000] {processor.py:925} INFO - DAG(s) 'example_display_name' retrieved from /home/airflow/.local/lib/python3.12/site-packages/airflow/example_dags/example_display_name.py
[2026-01-05T17:43:17.423+0000] {logging_mixin.py:190} INFO - [2026-01-05T17:43:17.422+0000] {dag.py:3211} INFO - Sync 1 DAGs
[2026-01-05T17:43:17.449+0000] {logging_mixin.py:190} INFO - [2026-01-05T17:43:17.449+0000] {dag.py:4138} INFO - Setting next_dagrun for example_display_name to None, run_after=None
[2026-01-05T17:43:17.478+0000] {processor.py:208} INFO - Processing /home/airflow/.local/lib/python3.12/site-packages/airflow/example_dags/example_display_name.py took 0.109 seconds
[2026-01-05T17:43:47.731+0000] {processor.py:186} INFO - Started process (PID=3513) to work on /home/airflow/.local/lib/python3.12/site-packages/airflow/example_dags/example_display_name.py
[2026-01-05T17:43:47.733+0000] {processor.py:914} INFO - Processing file /home/airflow/.local/lib/python3.12/site-packages/airflow/example_dags/example_display_name.py for tasks to queue
[2026-01-05T17:43:47.737+0000] {logging_mixin.py:190} INFO - [2026-01-05T17:43:47.736+0000] {dagbag.py:587} INFO - Filling up the DagBag from /home/airflow/.local/lib/python3.12/site-packages/airflow/example_dags/example_display_name.py
[2026-01-05T17:43:47.746+0000] {processor.py:925} INFO - DAG(s) 'example_display_name' retrieved from /home/airflow/.local/lib/python3.12/site-packages/airflow/example_dags/example_display_name.py
[2026-01-05T17:43:47.774+0000] {logging_mixin.py:190} INFO - [2026-01-05T17:43:47.773+0000] {dag.py:3211} INFO - Sync 1 DAGs
[2026-01-05T17:43:47.799+0000] {logging_mixin.py:190} INFO - [2026-01-05T17:43:47.799+0000] {dag.py:4138} INFO - Setting next_dagrun for example_display_name to None, run_after=None
[2026-01-05T17:43:47.831+0000] {processor.py:208} INFO - Processing /home/airflow/.local/lib/python3.12/site-packages/airflow/example_dags/example_display_name.py took 0.108 seconds
[2026-01-05T17:44:18.241+0000] {processor.py:186} INFO - Started process (PID=3579) to work on /home/airflow/.local/lib/python3.12/site-packages/airflow/example_dags/example_display_name.py
[2026-01-05T17:44:18.243+0000] {processor.py:914} INFO - Processing file /home/airflow/.local/lib/python3.12/site-packages/airflow/example_dags/example_display_name.py for tasks to queue
[2026-01-05T17:44:18.247+0000] {logging_mixin.py:190} INFO - [2026-01-05T17:44:18.247+0000] {dagbag.py:587} INFO - Filling up the DagBag from /home/airflow/.local/lib/python3.12/site-packages/airflow/example_dags/example_display_name.py
[2026-01-05T17:44:18.254+0000] {processor.py:925} INFO - DAG(s) 'example_display_name' retrieved from /home/airflow/.local/lib/python3.12/site-packages/airflow/example_dags/example_display_name.py
[2026-01-05T17:44:18.282+0000] {logging_mixin.py:190} INFO - [2026-01-05T17:44:18.282+0000] {dag.py:3211} INFO - Sync 1 DAGs
[2026-01-05T17:44:18.309+0000] {logging_mixin.py:190} INFO - [2026-01-05T17:44:18.308+0000] {dag.py:4138} INFO - Setting next_dagrun for example_display_name to None, run_after=None
[2026-01-05T17:44:18.333+0000] {processor.py:208} INFO - Processing /home/airflow/.local/lib/python3.12/site-packages/airflow/example_dags/example_display_name.py took 0.100 seconds
[2026-01-05T17:44:48.852+0000] {processor.py:186} INFO - Started process (PID=3646) to work on /home/airflow/.local/lib/python3.12/site-packages/airflow/example_dags/example_display_name.py
[2026-01-05T17:44:48.854+0000] {processor.py:914} INFO - Processing file /home/airflow/.local/lib/python3.12/site-packages/airflow/example_dags/example_display_name.py for tasks to queue
[2026-01-05T17:44:48.862+0000] {logging_mixin.py:190} INFO - [2026-01-05T17:44:48.861+0000] {dagbag.py:587} INFO - Filling up the DagBag from /home/airflow/.local/lib/python3.12/site-packages/airflow/example_dags/example_display_name.py
[2026-01-05T17:44:48.873+0000] {processor.py:925} INFO - DAG(s) 'example_display_name' retrieved from /home/airflow/.local/lib/python3.12/site-packages/airflow/example_dags/example_display_name.py
[2026-01-05T17:44:48.910+0000] {logging_mixin.py:190} INFO - [2026-01-05T17:44:48.909+0000] {dag.py:3211} INFO - Sync 1 DAGs
[2026-01-05T17:44:48.925+0000] {logging_mixin.py:190} INFO - [2026-01-05T17:44:48.925+0000] {dag.py:4138} INFO - Setting next_dagrun for example_display_name to None, run_after=None
[2026-01-05T17:44:48.950+0000] {processor.py:208} INFO - Processing /home/airflow/.local/lib/python3.12/site-packages/airflow/example_dags/example_display_name.py took 0.109 seconds
