[2026-01-05T17:17:55.015+0000] {processor.py:186} INFO - Started process (PID=161) to work on /home/airflow/.local/lib/python3.12/site-packages/airflow/example_dags/example_python_decorator.py
[2026-01-05T17:17:55.017+0000] {processor.py:914} INFO - Processing file /home/airflow/.local/lib/python3.12/site-packages/airflow/example_dags/example_python_decorator.py for tasks to queue
[2026-01-05T17:17:55.025+0000] {logging_mixin.py:190} INFO - [2026-01-05T17:17:55.024+0000] {dagbag.py:587} INFO - Filling up the DagBag from /home/airflow/.local/lib/python3.12/site-packages/airflow/example_dags/example_python_decorator.py
[2026-01-05T17:17:55.089+0000] {processor.py:925} INFO - DAG(s) 'example_python_decorator' retrieved from /home/airflow/.local/lib/python3.12/site-packages/airflow/example_dags/example_python_decorator.py
[2026-01-05T17:17:55.311+0000] {logging_mixin.py:190} INFO - [2026-01-05T17:17:55.310+0000] {dag.py:3211} INFO - Sync 1 DAGs
[2026-01-05T17:17:55.363+0000] {logging_mixin.py:190} INFO - [2026-01-05T17:17:55.362+0000] {dag.py:4138} INFO - Setting next_dagrun for example_python_decorator to None, run_after=None
[2026-01-05T17:17:55.421+0000] {processor.py:208} INFO - Processing /home/airflow/.local/lib/python3.12/site-packages/airflow/example_dags/example_python_decorator.py took 0.424 seconds
[2026-01-05T17:18:29.039+0000] {processor.py:186} INFO - Started process (PID=234) to work on /home/airflow/.local/lib/python3.12/site-packages/airflow/example_dags/example_python_decorator.py
[2026-01-05T17:18:29.042+0000] {processor.py:914} INFO - Processing file /home/airflow/.local/lib/python3.12/site-packages/airflow/example_dags/example_python_decorator.py for tasks to queue
[2026-01-05T17:18:29.046+0000] {logging_mixin.py:190} INFO - [2026-01-05T17:18:29.045+0000] {dagbag.py:587} INFO - Filling up the DagBag from /home/airflow/.local/lib/python3.12/site-packages/airflow/example_dags/example_python_decorator.py
[2026-01-05T17:18:29.070+0000] {processor.py:925} INFO - DAG(s) 'example_python_decorator' retrieved from /home/airflow/.local/lib/python3.12/site-packages/airflow/example_dags/example_python_decorator.py
[2026-01-05T17:18:29.099+0000] {logging_mixin.py:190} INFO - [2026-01-05T17:18:29.099+0000] {dag.py:3211} INFO - Sync 1 DAGs
[2026-01-05T17:18:29.117+0000] {logging_mixin.py:190} INFO - [2026-01-05T17:18:29.117+0000] {dag.py:4138} INFO - Setting next_dagrun for example_python_decorator to None, run_after=None
[2026-01-05T17:18:29.144+0000] {processor.py:208} INFO - Processing /home/airflow/.local/lib/python3.12/site-packages/airflow/example_dags/example_python_decorator.py took 0.115 seconds
[2026-01-05T17:18:59.580+0000] {processor.py:186} INFO - Started process (PID=300) to work on /home/airflow/.local/lib/python3.12/site-packages/airflow/example_dags/example_python_decorator.py
[2026-01-05T17:18:59.581+0000] {processor.py:914} INFO - Processing file /home/airflow/.local/lib/python3.12/site-packages/airflow/example_dags/example_python_decorator.py for tasks to queue
[2026-01-05T17:18:59.588+0000] {logging_mixin.py:190} INFO - [2026-01-05T17:18:59.586+0000] {dagbag.py:587} INFO - Filling up the DagBag from /home/airflow/.local/lib/python3.12/site-packages/airflow/example_dags/example_python_decorator.py
[2026-01-05T17:18:59.614+0000] {processor.py:925} INFO - DAG(s) 'example_python_decorator' retrieved from /home/airflow/.local/lib/python3.12/site-packages/airflow/example_dags/example_python_decorator.py
[2026-01-05T17:18:59.651+0000] {logging_mixin.py:190} INFO - [2026-01-05T17:18:59.651+0000] {dag.py:3211} INFO - Sync 1 DAGs
[2026-01-05T17:18:59.675+0000] {logging_mixin.py:190} INFO - [2026-01-05T17:18:59.674+0000] {dag.py:4138} INFO - Setting next_dagrun for example_python_decorator to None, run_after=None
[2026-01-05T17:18:59.711+0000] {processor.py:208} INFO - Processing /home/airflow/.local/lib/python3.12/site-packages/airflow/example_dags/example_python_decorator.py took 0.148 seconds
[2026-01-05T17:19:30.195+0000] {processor.py:186} INFO - Started process (PID=366) to work on /home/airflow/.local/lib/python3.12/site-packages/airflow/example_dags/example_python_decorator.py
[2026-01-05T17:19:30.197+0000] {processor.py:914} INFO - Processing file /home/airflow/.local/lib/python3.12/site-packages/airflow/example_dags/example_python_decorator.py for tasks to queue
[2026-01-05T17:19:30.201+0000] {logging_mixin.py:190} INFO - [2026-01-05T17:19:30.200+0000] {dagbag.py:587} INFO - Filling up the DagBag from /home/airflow/.local/lib/python3.12/site-packages/airflow/example_dags/example_python_decorator.py
[2026-01-05T17:19:30.220+0000] {processor.py:925} INFO - DAG(s) 'example_python_decorator' retrieved from /home/airflow/.local/lib/python3.12/site-packages/airflow/example_dags/example_python_decorator.py
[2026-01-05T17:19:30.253+0000] {logging_mixin.py:190} INFO - [2026-01-05T17:19:30.252+0000] {dag.py:3211} INFO - Sync 1 DAGs
[2026-01-05T17:19:30.269+0000] {logging_mixin.py:190} INFO - [2026-01-05T17:19:30.269+0000] {dag.py:4138} INFO - Setting next_dagrun for example_python_decorator to None, run_after=None
[2026-01-05T17:19:30.312+0000] {processor.py:208} INFO - Processing /home/airflow/.local/lib/python3.12/site-packages/airflow/example_dags/example_python_decorator.py took 0.127 seconds
[2026-01-05T17:20:00.729+0000] {processor.py:186} INFO - Started process (PID=432) to work on /home/airflow/.local/lib/python3.12/site-packages/airflow/example_dags/example_python_decorator.py
[2026-01-05T17:20:00.731+0000] {processor.py:914} INFO - Processing file /home/airflow/.local/lib/python3.12/site-packages/airflow/example_dags/example_python_decorator.py for tasks to queue
[2026-01-05T17:20:00.735+0000] {logging_mixin.py:190} INFO - [2026-01-05T17:20:00.734+0000] {dagbag.py:587} INFO - Filling up the DagBag from /home/airflow/.local/lib/python3.12/site-packages/airflow/example_dags/example_python_decorator.py
[2026-01-05T17:20:00.752+0000] {processor.py:925} INFO - DAG(s) 'example_python_decorator' retrieved from /home/airflow/.local/lib/python3.12/site-packages/airflow/example_dags/example_python_decorator.py
[2026-01-05T17:20:00.775+0000] {logging_mixin.py:190} INFO - [2026-01-05T17:20:00.775+0000] {dag.py:3211} INFO - Sync 1 DAGs
[2026-01-05T17:20:00.794+0000] {logging_mixin.py:190} INFO - [2026-01-05T17:20:00.793+0000] {dag.py:4138} INFO - Setting next_dagrun for example_python_decorator to None, run_after=None
[2026-01-05T17:20:00.817+0000] {processor.py:208} INFO - Processing /home/airflow/.local/lib/python3.12/site-packages/airflow/example_dags/example_python_decorator.py took 0.094 seconds
[2026-01-05T17:20:33.216+0000] {processor.py:186} INFO - Started process (PID=498) to work on /home/airflow/.local/lib/python3.12/site-packages/airflow/example_dags/example_python_decorator.py
[2026-01-05T17:20:33.222+0000] {processor.py:914} INFO - Processing file /home/airflow/.local/lib/python3.12/site-packages/airflow/example_dags/example_python_decorator.py for tasks to queue
[2026-01-05T17:20:33.228+0000] {logging_mixin.py:190} INFO - [2026-01-05T17:20:33.228+0000] {dagbag.py:587} INFO - Filling up the DagBag from /home/airflow/.local/lib/python3.12/site-packages/airflow/example_dags/example_python_decorator.py
[2026-01-05T17:20:33.272+0000] {processor.py:925} INFO - DAG(s) 'example_python_decorator' retrieved from /home/airflow/.local/lib/python3.12/site-packages/airflow/example_dags/example_python_decorator.py
[2026-01-05T17:20:33.336+0000] {logging_mixin.py:190} INFO - [2026-01-05T17:20:33.335+0000] {dag.py:3211} INFO - Sync 1 DAGs
[2026-01-05T17:20:33.369+0000] {logging_mixin.py:190} INFO - [2026-01-05T17:20:33.369+0000] {dag.py:4138} INFO - Setting next_dagrun for example_python_decorator to None, run_after=None
[2026-01-05T17:20:33.407+0000] {processor.py:208} INFO - Processing /home/airflow/.local/lib/python3.12/site-packages/airflow/example_dags/example_python_decorator.py took 0.213 seconds
[2026-01-05T17:21:04.183+0000] {processor.py:186} INFO - Started process (PID=564) to work on /home/airflow/.local/lib/python3.12/site-packages/airflow/example_dags/example_python_decorator.py
[2026-01-05T17:21:04.185+0000] {processor.py:914} INFO - Processing file /home/airflow/.local/lib/python3.12/site-packages/airflow/example_dags/example_python_decorator.py for tasks to queue
[2026-01-05T17:21:04.190+0000] {logging_mixin.py:190} INFO - [2026-01-05T17:21:04.189+0000] {dagbag.py:587} INFO - Filling up the DagBag from /home/airflow/.local/lib/python3.12/site-packages/airflow/example_dags/example_python_decorator.py
[2026-01-05T17:21:04.217+0000] {processor.py:925} INFO - DAG(s) 'example_python_decorator' retrieved from /home/airflow/.local/lib/python3.12/site-packages/airflow/example_dags/example_python_decorator.py
[2026-01-05T17:21:04.248+0000] {logging_mixin.py:190} INFO - [2026-01-05T17:21:04.248+0000] {dag.py:3211} INFO - Sync 1 DAGs
[2026-01-05T17:21:04.264+0000] {logging_mixin.py:190} INFO - [2026-01-05T17:21:04.264+0000] {dag.py:4138} INFO - Setting next_dagrun for example_python_decorator to None, run_after=None
[2026-01-05T17:21:04.291+0000] {processor.py:208} INFO - Processing /home/airflow/.local/lib/python3.12/site-packages/airflow/example_dags/example_python_decorator.py took 0.115 seconds
[2026-01-05T17:21:34.560+0000] {processor.py:186} INFO - Started process (PID=630) to work on /home/airflow/.local/lib/python3.12/site-packages/airflow/example_dags/example_python_decorator.py
[2026-01-05T17:21:34.562+0000] {processor.py:914} INFO - Processing file /home/airflow/.local/lib/python3.12/site-packages/airflow/example_dags/example_python_decorator.py for tasks to queue
[2026-01-05T17:21:34.565+0000] {logging_mixin.py:190} INFO - [2026-01-05T17:21:34.564+0000] {dagbag.py:587} INFO - Filling up the DagBag from /home/airflow/.local/lib/python3.12/site-packages/airflow/example_dags/example_python_decorator.py
[2026-01-05T17:21:34.580+0000] {processor.py:925} INFO - DAG(s) 'example_python_decorator' retrieved from /home/airflow/.local/lib/python3.12/site-packages/airflow/example_dags/example_python_decorator.py
[2026-01-05T17:21:34.614+0000] {logging_mixin.py:190} INFO - [2026-01-05T17:21:34.614+0000] {dag.py:3211} INFO - Sync 1 DAGs
[2026-01-05T17:21:34.631+0000] {logging_mixin.py:190} INFO - [2026-01-05T17:21:34.631+0000] {dag.py:4138} INFO - Setting next_dagrun for example_python_decorator to None, run_after=None
[2026-01-05T17:21:34.653+0000] {processor.py:208} INFO - Processing /home/airflow/.local/lib/python3.12/site-packages/airflow/example_dags/example_python_decorator.py took 0.100 seconds
[2026-01-05T17:22:05.407+0000] {processor.py:186} INFO - Started process (PID=696) to work on /home/airflow/.local/lib/python3.12/site-packages/airflow/example_dags/example_python_decorator.py
[2026-01-05T17:22:05.409+0000] {processor.py:914} INFO - Processing file /home/airflow/.local/lib/python3.12/site-packages/airflow/example_dags/example_python_decorator.py for tasks to queue
[2026-01-05T17:22:05.413+0000] {logging_mixin.py:190} INFO - [2026-01-05T17:22:05.413+0000] {dagbag.py:587} INFO - Filling up the DagBag from /home/airflow/.local/lib/python3.12/site-packages/airflow/example_dags/example_python_decorator.py
[2026-01-05T17:22:05.437+0000] {processor.py:925} INFO - DAG(s) 'example_python_decorator' retrieved from /home/airflow/.local/lib/python3.12/site-packages/airflow/example_dags/example_python_decorator.py
[2026-01-05T17:22:05.471+0000] {logging_mixin.py:190} INFO - [2026-01-05T17:22:05.471+0000] {dag.py:3211} INFO - Sync 1 DAGs
[2026-01-05T17:22:05.495+0000] {logging_mixin.py:190} INFO - [2026-01-05T17:22:05.494+0000] {dag.py:4138} INFO - Setting next_dagrun for example_python_decorator to None, run_after=None
[2026-01-05T17:22:05.518+0000] {processor.py:208} INFO - Processing /home/airflow/.local/lib/python3.12/site-packages/airflow/example_dags/example_python_decorator.py took 0.118 seconds
[2026-01-05T17:22:35.938+0000] {processor.py:186} INFO - Started process (PID=762) to work on /home/airflow/.local/lib/python3.12/site-packages/airflow/example_dags/example_python_decorator.py
[2026-01-05T17:22:35.941+0000] {processor.py:914} INFO - Processing file /home/airflow/.local/lib/python3.12/site-packages/airflow/example_dags/example_python_decorator.py for tasks to queue
[2026-01-05T17:22:35.948+0000] {logging_mixin.py:190} INFO - [2026-01-05T17:22:35.947+0000] {dagbag.py:587} INFO - Filling up the DagBag from /home/airflow/.local/lib/python3.12/site-packages/airflow/example_dags/example_python_decorator.py
[2026-01-05T17:22:35.979+0000] {processor.py:925} INFO - DAG(s) 'example_python_decorator' retrieved from /home/airflow/.local/lib/python3.12/site-packages/airflow/example_dags/example_python_decorator.py
[2026-01-05T17:22:36.022+0000] {logging_mixin.py:190} INFO - [2026-01-05T17:22:36.022+0000] {dag.py:3211} INFO - Sync 1 DAGs
[2026-01-05T17:22:36.050+0000] {logging_mixin.py:190} INFO - [2026-01-05T17:22:36.049+0000] {dag.py:4138} INFO - Setting next_dagrun for example_python_decorator to None, run_after=None
[2026-01-05T17:22:36.084+0000] {processor.py:208} INFO - Processing /home/airflow/.local/lib/python3.12/site-packages/airflow/example_dags/example_python_decorator.py took 0.159 seconds
[2026-01-05T17:23:06.239+0000] {processor.py:186} INFO - Started process (PID=828) to work on /home/airflow/.local/lib/python3.12/site-packages/airflow/example_dags/example_python_decorator.py
[2026-01-05T17:23:06.240+0000] {processor.py:914} INFO - Processing file /home/airflow/.local/lib/python3.12/site-packages/airflow/example_dags/example_python_decorator.py for tasks to queue
[2026-01-05T17:23:06.243+0000] {logging_mixin.py:190} INFO - [2026-01-05T17:23:06.243+0000] {dagbag.py:587} INFO - Filling up the DagBag from /home/airflow/.local/lib/python3.12/site-packages/airflow/example_dags/example_python_decorator.py
[2026-01-05T17:23:06.255+0000] {processor.py:925} INFO - DAG(s) 'example_python_decorator' retrieved from /home/airflow/.local/lib/python3.12/site-packages/airflow/example_dags/example_python_decorator.py
[2026-01-05T17:23:06.278+0000] {logging_mixin.py:190} INFO - [2026-01-05T17:23:06.278+0000] {dag.py:3211} INFO - Sync 1 DAGs
[2026-01-05T17:23:06.299+0000] {logging_mixin.py:190} INFO - [2026-01-05T17:23:06.299+0000] {dag.py:4138} INFO - Setting next_dagrun for example_python_decorator to None, run_after=None
[2026-01-05T17:23:06.334+0000] {processor.py:208} INFO - Processing /home/airflow/.local/lib/python3.12/site-packages/airflow/example_dags/example_python_decorator.py took 0.102 seconds
[2026-01-05T17:23:36.495+0000] {processor.py:186} INFO - Started process (PID=894) to work on /home/airflow/.local/lib/python3.12/site-packages/airflow/example_dags/example_python_decorator.py
[2026-01-05T17:23:36.496+0000] {processor.py:914} INFO - Processing file /home/airflow/.local/lib/python3.12/site-packages/airflow/example_dags/example_python_decorator.py for tasks to queue
[2026-01-05T17:23:36.499+0000] {logging_mixin.py:190} INFO - [2026-01-05T17:23:36.499+0000] {dagbag.py:587} INFO - Filling up the DagBag from /home/airflow/.local/lib/python3.12/site-packages/airflow/example_dags/example_python_decorator.py
[2026-01-05T17:23:36.512+0000] {processor.py:925} INFO - DAG(s) 'example_python_decorator' retrieved from /home/airflow/.local/lib/python3.12/site-packages/airflow/example_dags/example_python_decorator.py
[2026-01-05T17:23:36.536+0000] {logging_mixin.py:190} INFO - [2026-01-05T17:23:36.535+0000] {dag.py:3211} INFO - Sync 1 DAGs
[2026-01-05T17:23:36.550+0000] {logging_mixin.py:190} INFO - [2026-01-05T17:23:36.550+0000] {dag.py:4138} INFO - Setting next_dagrun for example_python_decorator to None, run_after=None
[2026-01-05T17:23:36.569+0000] {processor.py:208} INFO - Processing /home/airflow/.local/lib/python3.12/site-packages/airflow/example_dags/example_python_decorator.py took 0.080 seconds
[2026-01-05T17:24:06.848+0000] {processor.py:186} INFO - Started process (PID=960) to work on /home/airflow/.local/lib/python3.12/site-packages/airflow/example_dags/example_python_decorator.py
[2026-01-05T17:24:06.849+0000] {processor.py:914} INFO - Processing file /home/airflow/.local/lib/python3.12/site-packages/airflow/example_dags/example_python_decorator.py for tasks to queue
[2026-01-05T17:24:06.857+0000] {logging_mixin.py:190} INFO - [2026-01-05T17:24:06.856+0000] {dagbag.py:587} INFO - Filling up the DagBag from /home/airflow/.local/lib/python3.12/site-packages/airflow/example_dags/example_python_decorator.py
[2026-01-05T17:24:06.891+0000] {processor.py:925} INFO - DAG(s) 'example_python_decorator' retrieved from /home/airflow/.local/lib/python3.12/site-packages/airflow/example_dags/example_python_decorator.py
[2026-01-05T17:24:06.931+0000] {logging_mixin.py:190} INFO - [2026-01-05T17:24:06.930+0000] {dag.py:3211} INFO - Sync 1 DAGs
[2026-01-05T17:24:06.956+0000] {logging_mixin.py:190} INFO - [2026-01-05T17:24:06.955+0000] {dag.py:4138} INFO - Setting next_dagrun for example_python_decorator to None, run_after=None
[2026-01-05T17:24:06.989+0000] {processor.py:208} INFO - Processing /home/airflow/.local/lib/python3.12/site-packages/airflow/example_dags/example_python_decorator.py took 0.150 seconds
[2026-01-05T17:24:37.496+0000] {processor.py:186} INFO - Started process (PID=1026) to work on /home/airflow/.local/lib/python3.12/site-packages/airflow/example_dags/example_python_decorator.py
[2026-01-05T17:24:37.498+0000] {processor.py:914} INFO - Processing file /home/airflow/.local/lib/python3.12/site-packages/airflow/example_dags/example_python_decorator.py for tasks to queue
[2026-01-05T17:24:37.502+0000] {logging_mixin.py:190} INFO - [2026-01-05T17:24:37.502+0000] {dagbag.py:587} INFO - Filling up the DagBag from /home/airflow/.local/lib/python3.12/site-packages/airflow/example_dags/example_python_decorator.py
[2026-01-05T17:24:37.516+0000] {processor.py:925} INFO - DAG(s) 'example_python_decorator' retrieved from /home/airflow/.local/lib/python3.12/site-packages/airflow/example_dags/example_python_decorator.py
[2026-01-05T17:24:37.546+0000] {logging_mixin.py:190} INFO - [2026-01-05T17:24:37.546+0000] {dag.py:3211} INFO - Sync 1 DAGs
[2026-01-05T17:24:37.565+0000] {logging_mixin.py:190} INFO - [2026-01-05T17:24:37.565+0000] {dag.py:4138} INFO - Setting next_dagrun for example_python_decorator to None, run_after=None
[2026-01-05T17:24:37.593+0000] {processor.py:208} INFO - Processing /home/airflow/.local/lib/python3.12/site-packages/airflow/example_dags/example_python_decorator.py took 0.102 seconds
[2026-01-05T17:25:07.735+0000] {processor.py:186} INFO - Started process (PID=1091) to work on /home/airflow/.local/lib/python3.12/site-packages/airflow/example_dags/example_python_decorator.py
[2026-01-05T17:25:07.736+0000] {processor.py:914} INFO - Processing file /home/airflow/.local/lib/python3.12/site-packages/airflow/example_dags/example_python_decorator.py for tasks to queue
[2026-01-05T17:25:07.739+0000] {logging_mixin.py:190} INFO - [2026-01-05T17:25:07.739+0000] {dagbag.py:587} INFO - Filling up the DagBag from /home/airflow/.local/lib/python3.12/site-packages/airflow/example_dags/example_python_decorator.py
[2026-01-05T17:25:07.755+0000] {processor.py:925} INFO - DAG(s) 'example_python_decorator' retrieved from /home/airflow/.local/lib/python3.12/site-packages/airflow/example_dags/example_python_decorator.py
[2026-01-05T17:25:07.783+0000] {logging_mixin.py:190} INFO - [2026-01-05T17:25:07.782+0000] {dag.py:3211} INFO - Sync 1 DAGs
[2026-01-05T17:25:07.797+0000] {logging_mixin.py:190} INFO - [2026-01-05T17:25:07.797+0000] {dag.py:4138} INFO - Setting next_dagrun for example_python_decorator to None, run_after=None
[2026-01-05T17:25:07.823+0000] {processor.py:208} INFO - Processing /home/airflow/.local/lib/python3.12/site-packages/airflow/example_dags/example_python_decorator.py took 0.095 seconds
[2026-01-05T17:25:38.351+0000] {processor.py:186} INFO - Started process (PID=1157) to work on /home/airflow/.local/lib/python3.12/site-packages/airflow/example_dags/example_python_decorator.py
[2026-01-05T17:25:38.352+0000] {processor.py:914} INFO - Processing file /home/airflow/.local/lib/python3.12/site-packages/airflow/example_dags/example_python_decorator.py for tasks to queue
[2026-01-05T17:25:38.355+0000] {logging_mixin.py:190} INFO - [2026-01-05T17:25:38.355+0000] {dagbag.py:587} INFO - Filling up the DagBag from /home/airflow/.local/lib/python3.12/site-packages/airflow/example_dags/example_python_decorator.py
[2026-01-05T17:25:38.373+0000] {processor.py:925} INFO - DAG(s) 'example_python_decorator' retrieved from /home/airflow/.local/lib/python3.12/site-packages/airflow/example_dags/example_python_decorator.py
[2026-01-05T17:25:38.398+0000] {logging_mixin.py:190} INFO - [2026-01-05T17:25:38.398+0000] {dag.py:3211} INFO - Sync 1 DAGs
[2026-01-05T17:25:38.414+0000] {logging_mixin.py:190} INFO - [2026-01-05T17:25:38.413+0000] {dag.py:4138} INFO - Setting next_dagrun for example_python_decorator to None, run_after=None
[2026-01-05T17:25:38.433+0000] {processor.py:208} INFO - Processing /home/airflow/.local/lib/python3.12/site-packages/airflow/example_dags/example_python_decorator.py took 0.088 seconds
[2026-01-05T17:26:08.911+0000] {processor.py:186} INFO - Started process (PID=1223) to work on /home/airflow/.local/lib/python3.12/site-packages/airflow/example_dags/example_python_decorator.py
[2026-01-05T17:26:08.913+0000] {processor.py:914} INFO - Processing file /home/airflow/.local/lib/python3.12/site-packages/airflow/example_dags/example_python_decorator.py for tasks to queue
[2026-01-05T17:26:08.916+0000] {logging_mixin.py:190} INFO - [2026-01-05T17:26:08.915+0000] {dagbag.py:587} INFO - Filling up the DagBag from /home/airflow/.local/lib/python3.12/site-packages/airflow/example_dags/example_python_decorator.py
[2026-01-05T17:26:08.930+0000] {processor.py:925} INFO - DAG(s) 'example_python_decorator' retrieved from /home/airflow/.local/lib/python3.12/site-packages/airflow/example_dags/example_python_decorator.py
[2026-01-05T17:26:08.956+0000] {logging_mixin.py:190} INFO - [2026-01-05T17:26:08.956+0000] {dag.py:3211} INFO - Sync 1 DAGs
[2026-01-05T17:26:08.969+0000] {logging_mixin.py:190} INFO - [2026-01-05T17:26:08.969+0000] {dag.py:4138} INFO - Setting next_dagrun for example_python_decorator to None, run_after=None
[2026-01-05T17:26:08.994+0000] {processor.py:208} INFO - Processing /home/airflow/.local/lib/python3.12/site-packages/airflow/example_dags/example_python_decorator.py took 0.089 seconds
[2026-01-05T17:26:39.485+0000] {processor.py:186} INFO - Started process (PID=1289) to work on /home/airflow/.local/lib/python3.12/site-packages/airflow/example_dags/example_python_decorator.py
[2026-01-05T17:26:39.488+0000] {processor.py:914} INFO - Processing file /home/airflow/.local/lib/python3.12/site-packages/airflow/example_dags/example_python_decorator.py for tasks to queue
[2026-01-05T17:26:39.494+0000] {logging_mixin.py:190} INFO - [2026-01-05T17:26:39.492+0000] {dagbag.py:587} INFO - Filling up the DagBag from /home/airflow/.local/lib/python3.12/site-packages/airflow/example_dags/example_python_decorator.py
[2026-01-05T17:26:39.514+0000] {processor.py:925} INFO - DAG(s) 'example_python_decorator' retrieved from /home/airflow/.local/lib/python3.12/site-packages/airflow/example_dags/example_python_decorator.py
[2026-01-05T17:26:39.550+0000] {logging_mixin.py:190} INFO - [2026-01-05T17:26:39.550+0000] {dag.py:3211} INFO - Sync 1 DAGs
[2026-01-05T17:26:39.582+0000] {logging_mixin.py:190} INFO - [2026-01-05T17:26:39.582+0000] {dag.py:4138} INFO - Setting next_dagrun for example_python_decorator to None, run_after=None
[2026-01-05T17:26:39.614+0000] {processor.py:208} INFO - Processing /home/airflow/.local/lib/python3.12/site-packages/airflow/example_dags/example_python_decorator.py took 0.141 seconds
[2026-01-05T17:27:10.113+0000] {processor.py:186} INFO - Started process (PID=1355) to work on /home/airflow/.local/lib/python3.12/site-packages/airflow/example_dags/example_python_decorator.py
[2026-01-05T17:27:10.116+0000] {processor.py:914} INFO - Processing file /home/airflow/.local/lib/python3.12/site-packages/airflow/example_dags/example_python_decorator.py for tasks to queue
[2026-01-05T17:27:10.119+0000] {logging_mixin.py:190} INFO - [2026-01-05T17:27:10.118+0000] {dagbag.py:587} INFO - Filling up the DagBag from /home/airflow/.local/lib/python3.12/site-packages/airflow/example_dags/example_python_decorator.py
[2026-01-05T17:27:10.137+0000] {processor.py:925} INFO - DAG(s) 'example_python_decorator' retrieved from /home/airflow/.local/lib/python3.12/site-packages/airflow/example_dags/example_python_decorator.py
[2026-01-05T17:27:10.169+0000] {logging_mixin.py:190} INFO - [2026-01-05T17:27:10.169+0000] {dag.py:3211} INFO - Sync 1 DAGs
[2026-01-05T17:27:10.185+0000] {logging_mixin.py:190} INFO - [2026-01-05T17:27:10.185+0000] {dag.py:4138} INFO - Setting next_dagrun for example_python_decorator to None, run_after=None
[2026-01-05T17:27:10.205+0000] {processor.py:208} INFO - Processing /home/airflow/.local/lib/python3.12/site-packages/airflow/example_dags/example_python_decorator.py took 0.101 seconds
[2026-01-05T17:27:40.293+0000] {processor.py:186} INFO - Started process (PID=1421) to work on /home/airflow/.local/lib/python3.12/site-packages/airflow/example_dags/example_python_decorator.py
[2026-01-05T17:27:40.294+0000] {processor.py:914} INFO - Processing file /home/airflow/.local/lib/python3.12/site-packages/airflow/example_dags/example_python_decorator.py for tasks to queue
[2026-01-05T17:27:40.298+0000] {logging_mixin.py:190} INFO - [2026-01-05T17:27:40.298+0000] {dagbag.py:587} INFO - Filling up the DagBag from /home/airflow/.local/lib/python3.12/site-packages/airflow/example_dags/example_python_decorator.py
[2026-01-05T17:27:40.316+0000] {processor.py:925} INFO - DAG(s) 'example_python_decorator' retrieved from /home/airflow/.local/lib/python3.12/site-packages/airflow/example_dags/example_python_decorator.py
[2026-01-05T17:27:40.346+0000] {logging_mixin.py:190} INFO - [2026-01-05T17:27:40.346+0000] {dag.py:3211} INFO - Sync 1 DAGs
[2026-01-05T17:27:40.361+0000] {logging_mixin.py:190} INFO - [2026-01-05T17:27:40.361+0000] {dag.py:4138} INFO - Setting next_dagrun for example_python_decorator to None, run_after=None
[2026-01-05T17:27:40.388+0000] {processor.py:208} INFO - Processing /home/airflow/.local/lib/python3.12/site-packages/airflow/example_dags/example_python_decorator.py took 0.103 seconds
[2026-01-05T17:28:10.710+0000] {processor.py:186} INFO - Started process (PID=1487) to work on /home/airflow/.local/lib/python3.12/site-packages/airflow/example_dags/example_python_decorator.py
[2026-01-05T17:28:10.712+0000] {processor.py:914} INFO - Processing file /home/airflow/.local/lib/python3.12/site-packages/airflow/example_dags/example_python_decorator.py for tasks to queue
[2026-01-05T17:28:10.715+0000] {logging_mixin.py:190} INFO - [2026-01-05T17:28:10.714+0000] {dagbag.py:587} INFO - Filling up the DagBag from /home/airflow/.local/lib/python3.12/site-packages/airflow/example_dags/example_python_decorator.py
[2026-01-05T17:28:10.731+0000] {processor.py:925} INFO - DAG(s) 'example_python_decorator' retrieved from /home/airflow/.local/lib/python3.12/site-packages/airflow/example_dags/example_python_decorator.py
[2026-01-05T17:28:10.758+0000] {logging_mixin.py:190} INFO - [2026-01-05T17:28:10.758+0000] {dag.py:3211} INFO - Sync 1 DAGs
[2026-01-05T17:28:10.775+0000] {logging_mixin.py:190} INFO - [2026-01-05T17:28:10.774+0000] {dag.py:4138} INFO - Setting next_dagrun for example_python_decorator to None, run_after=None
[2026-01-05T17:28:10.798+0000] {processor.py:208} INFO - Processing /home/airflow/.local/lib/python3.12/site-packages/airflow/example_dags/example_python_decorator.py took 0.094 seconds
[2026-01-05T17:28:41.779+0000] {processor.py:186} INFO - Started process (PID=1553) to work on /home/airflow/.local/lib/python3.12/site-packages/airflow/example_dags/example_python_decorator.py
[2026-01-05T17:28:41.781+0000] {processor.py:914} INFO - Processing file /home/airflow/.local/lib/python3.12/site-packages/airflow/example_dags/example_python_decorator.py for tasks to queue
[2026-01-05T17:28:41.784+0000] {logging_mixin.py:190} INFO - [2026-01-05T17:28:41.783+0000] {dagbag.py:587} INFO - Filling up the DagBag from /home/airflow/.local/lib/python3.12/site-packages/airflow/example_dags/example_python_decorator.py
[2026-01-05T17:28:41.800+0000] {processor.py:925} INFO - DAG(s) 'example_python_decorator' retrieved from /home/airflow/.local/lib/python3.12/site-packages/airflow/example_dags/example_python_decorator.py
[2026-01-05T17:28:41.824+0000] {logging_mixin.py:190} INFO - [2026-01-05T17:28:41.824+0000] {dag.py:3211} INFO - Sync 1 DAGs
[2026-01-05T17:28:41.841+0000] {logging_mixin.py:190} INFO - [2026-01-05T17:28:41.841+0000] {dag.py:4138} INFO - Setting next_dagrun for example_python_decorator to None, run_after=None
[2026-01-05T17:28:41.861+0000] {processor.py:208} INFO - Processing /home/airflow/.local/lib/python3.12/site-packages/airflow/example_dags/example_python_decorator.py took 0.089 seconds
[2026-01-05T17:29:12.400+0000] {processor.py:186} INFO - Started process (PID=1619) to work on /home/airflow/.local/lib/python3.12/site-packages/airflow/example_dags/example_python_decorator.py
[2026-01-05T17:29:12.402+0000] {processor.py:914} INFO - Processing file /home/airflow/.local/lib/python3.12/site-packages/airflow/example_dags/example_python_decorator.py for tasks to queue
[2026-01-05T17:29:12.405+0000] {logging_mixin.py:190} INFO - [2026-01-05T17:29:12.404+0000] {dagbag.py:587} INFO - Filling up the DagBag from /home/airflow/.local/lib/python3.12/site-packages/airflow/example_dags/example_python_decorator.py
[2026-01-05T17:29:12.420+0000] {processor.py:925} INFO - DAG(s) 'example_python_decorator' retrieved from /home/airflow/.local/lib/python3.12/site-packages/airflow/example_dags/example_python_decorator.py
[2026-01-05T17:29:12.446+0000] {logging_mixin.py:190} INFO - [2026-01-05T17:29:12.446+0000] {dag.py:3211} INFO - Sync 1 DAGs
[2026-01-05T17:29:12.469+0000] {logging_mixin.py:190} INFO - [2026-01-05T17:29:12.468+0000] {dag.py:4138} INFO - Setting next_dagrun for example_python_decorator to None, run_after=None
[2026-01-05T17:29:12.495+0000] {processor.py:208} INFO - Processing /home/airflow/.local/lib/python3.12/site-packages/airflow/example_dags/example_python_decorator.py took 0.101 seconds
[2026-01-05T17:29:43.112+0000] {processor.py:186} INFO - Started process (PID=1685) to work on /home/airflow/.local/lib/python3.12/site-packages/airflow/example_dags/example_python_decorator.py
[2026-01-05T17:29:43.114+0000] {processor.py:914} INFO - Processing file /home/airflow/.local/lib/python3.12/site-packages/airflow/example_dags/example_python_decorator.py for tasks to queue
[2026-01-05T17:29:43.117+0000] {logging_mixin.py:190} INFO - [2026-01-05T17:29:43.116+0000] {dagbag.py:587} INFO - Filling up the DagBag from /home/airflow/.local/lib/python3.12/site-packages/airflow/example_dags/example_python_decorator.py
[2026-01-05T17:29:43.131+0000] {processor.py:925} INFO - DAG(s) 'example_python_decorator' retrieved from /home/airflow/.local/lib/python3.12/site-packages/airflow/example_dags/example_python_decorator.py
[2026-01-05T17:29:43.160+0000] {logging_mixin.py:190} INFO - [2026-01-05T17:29:43.160+0000] {dag.py:3211} INFO - Sync 1 DAGs
[2026-01-05T17:29:43.176+0000] {logging_mixin.py:190} INFO - [2026-01-05T17:29:43.176+0000] {dag.py:4138} INFO - Setting next_dagrun for example_python_decorator to None, run_after=None
[2026-01-05T17:29:43.201+0000] {processor.py:208} INFO - Processing /home/airflow/.local/lib/python3.12/site-packages/airflow/example_dags/example_python_decorator.py took 0.095 seconds
[2026-01-05T17:30:13.692+0000] {processor.py:186} INFO - Started process (PID=1751) to work on /home/airflow/.local/lib/python3.12/site-packages/airflow/example_dags/example_python_decorator.py
[2026-01-05T17:30:13.693+0000] {processor.py:914} INFO - Processing file /home/airflow/.local/lib/python3.12/site-packages/airflow/example_dags/example_python_decorator.py for tasks to queue
[2026-01-05T17:30:13.696+0000] {logging_mixin.py:190} INFO - [2026-01-05T17:30:13.696+0000] {dagbag.py:587} INFO - Filling up the DagBag from /home/airflow/.local/lib/python3.12/site-packages/airflow/example_dags/example_python_decorator.py
[2026-01-05T17:30:13.708+0000] {processor.py:925} INFO - DAG(s) 'example_python_decorator' retrieved from /home/airflow/.local/lib/python3.12/site-packages/airflow/example_dags/example_python_decorator.py
[2026-01-05T17:30:13.733+0000] {logging_mixin.py:190} INFO - [2026-01-05T17:30:13.732+0000] {dag.py:3211} INFO - Sync 1 DAGs
[2026-01-05T17:30:13.746+0000] {logging_mixin.py:190} INFO - [2026-01-05T17:30:13.746+0000] {dag.py:4138} INFO - Setting next_dagrun for example_python_decorator to None, run_after=None
[2026-01-05T17:30:13.769+0000] {processor.py:208} INFO - Processing /home/airflow/.local/lib/python3.12/site-packages/airflow/example_dags/example_python_decorator.py took 0.083 seconds
[2026-01-05T17:30:44.680+0000] {processor.py:186} INFO - Started process (PID=1818) to work on /home/airflow/.local/lib/python3.12/site-packages/airflow/example_dags/example_python_decorator.py
[2026-01-05T17:30:44.681+0000] {processor.py:914} INFO - Processing file /home/airflow/.local/lib/python3.12/site-packages/airflow/example_dags/example_python_decorator.py for tasks to queue
[2026-01-05T17:30:44.684+0000] {logging_mixin.py:190} INFO - [2026-01-05T17:30:44.684+0000] {dagbag.py:587} INFO - Filling up the DagBag from /home/airflow/.local/lib/python3.12/site-packages/airflow/example_dags/example_python_decorator.py
[2026-01-05T17:30:44.696+0000] {processor.py:925} INFO - DAG(s) 'example_python_decorator' retrieved from /home/airflow/.local/lib/python3.12/site-packages/airflow/example_dags/example_python_decorator.py
[2026-01-05T17:30:44.719+0000] {logging_mixin.py:190} INFO - [2026-01-05T17:30:44.719+0000] {dag.py:3211} INFO - Sync 1 DAGs
[2026-01-05T17:30:44.734+0000] {logging_mixin.py:190} INFO - [2026-01-05T17:30:44.734+0000] {dag.py:4138} INFO - Setting next_dagrun for example_python_decorator to None, run_after=None
[2026-01-05T17:30:44.759+0000] {processor.py:208} INFO - Processing /home/airflow/.local/lib/python3.12/site-packages/airflow/example_dags/example_python_decorator.py took 0.086 seconds
[2026-01-05T17:31:15.434+0000] {processor.py:186} INFO - Started process (PID=1884) to work on /home/airflow/.local/lib/python3.12/site-packages/airflow/example_dags/example_python_decorator.py
[2026-01-05T17:31:15.436+0000] {processor.py:914} INFO - Processing file /home/airflow/.local/lib/python3.12/site-packages/airflow/example_dags/example_python_decorator.py for tasks to queue
[2026-01-05T17:31:15.440+0000] {logging_mixin.py:190} INFO - [2026-01-05T17:31:15.439+0000] {dagbag.py:587} INFO - Filling up the DagBag from /home/airflow/.local/lib/python3.12/site-packages/airflow/example_dags/example_python_decorator.py
[2026-01-05T17:31:15.458+0000] {processor.py:925} INFO - DAG(s) 'example_python_decorator' retrieved from /home/airflow/.local/lib/python3.12/site-packages/airflow/example_dags/example_python_decorator.py
[2026-01-05T17:31:15.484+0000] {logging_mixin.py:190} INFO - [2026-01-05T17:31:15.484+0000] {dag.py:3211} INFO - Sync 1 DAGs
[2026-01-05T17:31:15.502+0000] {logging_mixin.py:190} INFO - [2026-01-05T17:31:15.502+0000] {dag.py:4138} INFO - Setting next_dagrun for example_python_decorator to None, run_after=None
[2026-01-05T17:31:15.523+0000] {processor.py:208} INFO - Processing /home/airflow/.local/lib/python3.12/site-packages/airflow/example_dags/example_python_decorator.py took 0.097 seconds
[2026-01-05T17:31:46.109+0000] {processor.py:186} INFO - Started process (PID=1950) to work on /home/airflow/.local/lib/python3.12/site-packages/airflow/example_dags/example_python_decorator.py
[2026-01-05T17:31:46.110+0000] {processor.py:914} INFO - Processing file /home/airflow/.local/lib/python3.12/site-packages/airflow/example_dags/example_python_decorator.py for tasks to queue
[2026-01-05T17:31:46.113+0000] {logging_mixin.py:190} INFO - [2026-01-05T17:31:46.113+0000] {dagbag.py:587} INFO - Filling up the DagBag from /home/airflow/.local/lib/python3.12/site-packages/airflow/example_dags/example_python_decorator.py
[2026-01-05T17:31:46.130+0000] {processor.py:925} INFO - DAG(s) 'example_python_decorator' retrieved from /home/airflow/.local/lib/python3.12/site-packages/airflow/example_dags/example_python_decorator.py
[2026-01-05T17:31:46.157+0000] {logging_mixin.py:190} INFO - [2026-01-05T17:31:46.157+0000] {dag.py:3211} INFO - Sync 1 DAGs
[2026-01-05T17:31:46.173+0000] {logging_mixin.py:190} INFO - [2026-01-05T17:31:46.173+0000] {dag.py:4138} INFO - Setting next_dagrun for example_python_decorator to None, run_after=None
[2026-01-05T17:31:46.194+0000] {processor.py:208} INFO - Processing /home/airflow/.local/lib/python3.12/site-packages/airflow/example_dags/example_python_decorator.py took 0.093 seconds
[2026-01-05T17:32:16.769+0000] {processor.py:186} INFO - Started process (PID=2016) to work on /home/airflow/.local/lib/python3.12/site-packages/airflow/example_dags/example_python_decorator.py
[2026-01-05T17:32:16.770+0000] {processor.py:914} INFO - Processing file /home/airflow/.local/lib/python3.12/site-packages/airflow/example_dags/example_python_decorator.py for tasks to queue
[2026-01-05T17:32:16.774+0000] {logging_mixin.py:190} INFO - [2026-01-05T17:32:16.774+0000] {dagbag.py:587} INFO - Filling up the DagBag from /home/airflow/.local/lib/python3.12/site-packages/airflow/example_dags/example_python_decorator.py
[2026-01-05T17:32:16.788+0000] {processor.py:925} INFO - DAG(s) 'example_python_decorator' retrieved from /home/airflow/.local/lib/python3.12/site-packages/airflow/example_dags/example_python_decorator.py
[2026-01-05T17:32:16.816+0000] {logging_mixin.py:190} INFO - [2026-01-05T17:32:16.816+0000] {dag.py:3211} INFO - Sync 1 DAGs
[2026-01-05T17:32:16.831+0000] {logging_mixin.py:190} INFO - [2026-01-05T17:32:16.831+0000] {dag.py:4138} INFO - Setting next_dagrun for example_python_decorator to None, run_after=None
[2026-01-05T17:32:16.850+0000] {processor.py:208} INFO - Processing /home/airflow/.local/lib/python3.12/site-packages/airflow/example_dags/example_python_decorator.py took 0.087 seconds
[2026-01-05T17:32:48.600+0000] {processor.py:186} INFO - Started process (PID=2082) to work on /home/airflow/.local/lib/python3.12/site-packages/airflow/example_dags/example_python_decorator.py
[2026-01-05T17:32:48.602+0000] {processor.py:914} INFO - Processing file /home/airflow/.local/lib/python3.12/site-packages/airflow/example_dags/example_python_decorator.py for tasks to queue
[2026-01-05T17:32:48.605+0000] {logging_mixin.py:190} INFO - [2026-01-05T17:32:48.605+0000] {dagbag.py:587} INFO - Filling up the DagBag from /home/airflow/.local/lib/python3.12/site-packages/airflow/example_dags/example_python_decorator.py
[2026-01-05T17:32:48.619+0000] {processor.py:925} INFO - DAG(s) 'example_python_decorator' retrieved from /home/airflow/.local/lib/python3.12/site-packages/airflow/example_dags/example_python_decorator.py
[2026-01-05T17:32:48.647+0000] {logging_mixin.py:190} INFO - [2026-01-05T17:32:48.647+0000] {dag.py:3211} INFO - Sync 1 DAGs
[2026-01-05T17:32:48.836+0000] {logging_mixin.py:190} INFO - [2026-01-05T17:32:48.836+0000] {dag.py:4138} INFO - Setting next_dagrun for example_python_decorator to None, run_after=None
[2026-01-05T17:32:48.859+0000] {processor.py:208} INFO - Processing /home/airflow/.local/lib/python3.12/site-packages/airflow/example_dags/example_python_decorator.py took 0.266 seconds
[2026-01-05T17:33:19.984+0000] {processor.py:186} INFO - Started process (PID=2148) to work on /home/airflow/.local/lib/python3.12/site-packages/airflow/example_dags/example_python_decorator.py
[2026-01-05T17:33:19.986+0000] {processor.py:914} INFO - Processing file /home/airflow/.local/lib/python3.12/site-packages/airflow/example_dags/example_python_decorator.py for tasks to queue
[2026-01-05T17:33:19.989+0000] {logging_mixin.py:190} INFO - [2026-01-05T17:33:19.989+0000] {dagbag.py:587} INFO - Filling up the DagBag from /home/airflow/.local/lib/python3.12/site-packages/airflow/example_dags/example_python_decorator.py
[2026-01-05T17:33:20.003+0000] {processor.py:925} INFO - DAG(s) 'example_python_decorator' retrieved from /home/airflow/.local/lib/python3.12/site-packages/airflow/example_dags/example_python_decorator.py
[2026-01-05T17:33:20.042+0000] {logging_mixin.py:190} INFO - [2026-01-05T17:33:20.041+0000] {dag.py:3211} INFO - Sync 1 DAGs
[2026-01-05T17:33:20.316+0000] {logging_mixin.py:190} INFO - [2026-01-05T17:33:20.316+0000] {dag.py:4138} INFO - Setting next_dagrun for example_python_decorator to None, run_after=None
[2026-01-05T17:33:20.355+0000] {processor.py:208} INFO - Processing /home/airflow/.local/lib/python3.12/site-packages/airflow/example_dags/example_python_decorator.py took 0.379 seconds
[2026-01-05T17:33:50.826+0000] {processor.py:186} INFO - Started process (PID=2214) to work on /home/airflow/.local/lib/python3.12/site-packages/airflow/example_dags/example_python_decorator.py
[2026-01-05T17:33:50.828+0000] {processor.py:914} INFO - Processing file /home/airflow/.local/lib/python3.12/site-packages/airflow/example_dags/example_python_decorator.py for tasks to queue
[2026-01-05T17:33:50.831+0000] {logging_mixin.py:190} INFO - [2026-01-05T17:33:50.831+0000] {dagbag.py:587} INFO - Filling up the DagBag from /home/airflow/.local/lib/python3.12/site-packages/airflow/example_dags/example_python_decorator.py
[2026-01-05T17:33:50.847+0000] {processor.py:925} INFO - DAG(s) 'example_python_decorator' retrieved from /home/airflow/.local/lib/python3.12/site-packages/airflow/example_dags/example_python_decorator.py
[2026-01-05T17:33:50.876+0000] {logging_mixin.py:190} INFO - [2026-01-05T17:33:50.875+0000] {dag.py:3211} INFO - Sync 1 DAGs
[2026-01-05T17:33:51.100+0000] {logging_mixin.py:190} INFO - [2026-01-05T17:33:51.100+0000] {dag.py:4138} INFO - Setting next_dagrun for example_python_decorator to None, run_after=None
[2026-01-05T17:33:51.128+0000] {processor.py:208} INFO - Processing /home/airflow/.local/lib/python3.12/site-packages/airflow/example_dags/example_python_decorator.py took 0.308 seconds
[2026-01-05T17:34:21.768+0000] {processor.py:186} INFO - Started process (PID=2280) to work on /home/airflow/.local/lib/python3.12/site-packages/airflow/example_dags/example_python_decorator.py
[2026-01-05T17:34:21.770+0000] {processor.py:914} INFO - Processing file /home/airflow/.local/lib/python3.12/site-packages/airflow/example_dags/example_python_decorator.py for tasks to queue
[2026-01-05T17:34:21.774+0000] {logging_mixin.py:190} INFO - [2026-01-05T17:34:21.774+0000] {dagbag.py:587} INFO - Filling up the DagBag from /home/airflow/.local/lib/python3.12/site-packages/airflow/example_dags/example_python_decorator.py
[2026-01-05T17:34:21.789+0000] {processor.py:925} INFO - DAG(s) 'example_python_decorator' retrieved from /home/airflow/.local/lib/python3.12/site-packages/airflow/example_dags/example_python_decorator.py
[2026-01-05T17:34:21.822+0000] {logging_mixin.py:190} INFO - [2026-01-05T17:34:21.822+0000] {dag.py:3211} INFO - Sync 1 DAGs
[2026-01-05T17:34:21.838+0000] {logging_mixin.py:190} INFO - [2026-01-05T17:34:21.837+0000] {dag.py:4138} INFO - Setting next_dagrun for example_python_decorator to None, run_after=None
[2026-01-05T17:34:21.862+0000] {processor.py:208} INFO - Processing /home/airflow/.local/lib/python3.12/site-packages/airflow/example_dags/example_python_decorator.py took 0.104 seconds
[2026-01-05T17:34:52.184+0000] {processor.py:186} INFO - Started process (PID=2346) to work on /home/airflow/.local/lib/python3.12/site-packages/airflow/example_dags/example_python_decorator.py
[2026-01-05T17:34:52.186+0000] {processor.py:914} INFO - Processing file /home/airflow/.local/lib/python3.12/site-packages/airflow/example_dags/example_python_decorator.py for tasks to queue
[2026-01-05T17:34:52.189+0000] {logging_mixin.py:190} INFO - [2026-01-05T17:34:52.189+0000] {dagbag.py:587} INFO - Filling up the DagBag from /home/airflow/.local/lib/python3.12/site-packages/airflow/example_dags/example_python_decorator.py
[2026-01-05T17:34:52.203+0000] {processor.py:925} INFO - DAG(s) 'example_python_decorator' retrieved from /home/airflow/.local/lib/python3.12/site-packages/airflow/example_dags/example_python_decorator.py
[2026-01-05T17:34:52.236+0000] {logging_mixin.py:190} INFO - [2026-01-05T17:34:52.236+0000] {dag.py:3211} INFO - Sync 1 DAGs
[2026-01-05T17:34:52.253+0000] {logging_mixin.py:190} INFO - [2026-01-05T17:34:52.253+0000] {dag.py:4138} INFO - Setting next_dagrun for example_python_decorator to None, run_after=None
[2026-01-05T17:34:52.277+0000] {processor.py:208} INFO - Processing /home/airflow/.local/lib/python3.12/site-packages/airflow/example_dags/example_python_decorator.py took 0.099 seconds
[2026-01-05T17:35:22.788+0000] {processor.py:186} INFO - Started process (PID=2412) to work on /home/airflow/.local/lib/python3.12/site-packages/airflow/example_dags/example_python_decorator.py
[2026-01-05T17:35:22.790+0000] {processor.py:914} INFO - Processing file /home/airflow/.local/lib/python3.12/site-packages/airflow/example_dags/example_python_decorator.py for tasks to queue
[2026-01-05T17:35:22.793+0000] {logging_mixin.py:190} INFO - [2026-01-05T17:35:22.792+0000] {dagbag.py:587} INFO - Filling up the DagBag from /home/airflow/.local/lib/python3.12/site-packages/airflow/example_dags/example_python_decorator.py
[2026-01-05T17:35:22.810+0000] {processor.py:925} INFO - DAG(s) 'example_python_decorator' retrieved from /home/airflow/.local/lib/python3.12/site-packages/airflow/example_dags/example_python_decorator.py
[2026-01-05T17:35:22.842+0000] {logging_mixin.py:190} INFO - [2026-01-05T17:35:22.842+0000] {dag.py:3211} INFO - Sync 1 DAGs
[2026-01-05T17:35:22.865+0000] {logging_mixin.py:190} INFO - [2026-01-05T17:35:22.865+0000] {dag.py:4138} INFO - Setting next_dagrun for example_python_decorator to None, run_after=None
[2026-01-05T17:35:22.892+0000] {processor.py:208} INFO - Processing /home/airflow/.local/lib/python3.12/site-packages/airflow/example_dags/example_python_decorator.py took 0.112 seconds
[2026-01-05T17:35:53.521+0000] {processor.py:186} INFO - Started process (PID=2479) to work on /home/airflow/.local/lib/python3.12/site-packages/airflow/example_dags/example_python_decorator.py
[2026-01-05T17:35:53.524+0000] {processor.py:914} INFO - Processing file /home/airflow/.local/lib/python3.12/site-packages/airflow/example_dags/example_python_decorator.py for tasks to queue
[2026-01-05T17:35:53.527+0000] {logging_mixin.py:190} INFO - [2026-01-05T17:35:53.527+0000] {dagbag.py:587} INFO - Filling up the DagBag from /home/airflow/.local/lib/python3.12/site-packages/airflow/example_dags/example_python_decorator.py
[2026-01-05T17:35:53.543+0000] {processor.py:925} INFO - DAG(s) 'example_python_decorator' retrieved from /home/airflow/.local/lib/python3.12/site-packages/airflow/example_dags/example_python_decorator.py
[2026-01-05T17:35:53.573+0000] {logging_mixin.py:190} INFO - [2026-01-05T17:35:53.573+0000] {dag.py:3211} INFO - Sync 1 DAGs
[2026-01-05T17:35:53.599+0000] {logging_mixin.py:190} INFO - [2026-01-05T17:35:53.598+0000] {dag.py:4138} INFO - Setting next_dagrun for example_python_decorator to None, run_after=None
[2026-01-05T17:35:53.629+0000] {processor.py:208} INFO - Processing /home/airflow/.local/lib/python3.12/site-packages/airflow/example_dags/example_python_decorator.py took 0.118 seconds
[2026-01-05T17:36:24.401+0000] {processor.py:186} INFO - Started process (PID=2545) to work on /home/airflow/.local/lib/python3.12/site-packages/airflow/example_dags/example_python_decorator.py
[2026-01-05T17:36:24.403+0000] {processor.py:914} INFO - Processing file /home/airflow/.local/lib/python3.12/site-packages/airflow/example_dags/example_python_decorator.py for tasks to queue
[2026-01-05T17:36:24.405+0000] {logging_mixin.py:190} INFO - [2026-01-05T17:36:24.405+0000] {dagbag.py:587} INFO - Filling up the DagBag from /home/airflow/.local/lib/python3.12/site-packages/airflow/example_dags/example_python_decorator.py
[2026-01-05T17:36:24.422+0000] {processor.py:925} INFO - DAG(s) 'example_python_decorator' retrieved from /home/airflow/.local/lib/python3.12/site-packages/airflow/example_dags/example_python_decorator.py
[2026-01-05T17:36:24.451+0000] {logging_mixin.py:190} INFO - [2026-01-05T17:36:24.451+0000] {dag.py:3211} INFO - Sync 1 DAGs
[2026-01-05T17:36:24.467+0000] {logging_mixin.py:190} INFO - [2026-01-05T17:36:24.467+0000] {dag.py:4138} INFO - Setting next_dagrun for example_python_decorator to None, run_after=None
[2026-01-05T17:36:24.487+0000] {processor.py:208} INFO - Processing /home/airflow/.local/lib/python3.12/site-packages/airflow/example_dags/example_python_decorator.py took 0.097 seconds
[2026-01-05T17:36:54.897+0000] {processor.py:186} INFO - Started process (PID=2611) to work on /home/airflow/.local/lib/python3.12/site-packages/airflow/example_dags/example_python_decorator.py
[2026-01-05T17:36:54.899+0000] {processor.py:914} INFO - Processing file /home/airflow/.local/lib/python3.12/site-packages/airflow/example_dags/example_python_decorator.py for tasks to queue
[2026-01-05T17:36:54.906+0000] {logging_mixin.py:190} INFO - [2026-01-05T17:36:54.905+0000] {dagbag.py:587} INFO - Filling up the DagBag from /home/airflow/.local/lib/python3.12/site-packages/airflow/example_dags/example_python_decorator.py
[2026-01-05T17:36:54.924+0000] {processor.py:925} INFO - DAG(s) 'example_python_decorator' retrieved from /home/airflow/.local/lib/python3.12/site-packages/airflow/example_dags/example_python_decorator.py
[2026-01-05T17:36:54.960+0000] {logging_mixin.py:190} INFO - [2026-01-05T17:36:54.959+0000] {dag.py:3211} INFO - Sync 1 DAGs
[2026-01-05T17:36:54.978+0000] {logging_mixin.py:190} INFO - [2026-01-05T17:36:54.978+0000] {dag.py:4138} INFO - Setting next_dagrun for example_python_decorator to None, run_after=None
[2026-01-05T17:36:54.998+0000] {processor.py:208} INFO - Processing /home/airflow/.local/lib/python3.12/site-packages/airflow/example_dags/example_python_decorator.py took 0.112 seconds
[2026-01-05T17:37:25.217+0000] {processor.py:186} INFO - Started process (PID=2676) to work on /home/airflow/.local/lib/python3.12/site-packages/airflow/example_dags/example_python_decorator.py
[2026-01-05T17:37:25.219+0000] {processor.py:914} INFO - Processing file /home/airflow/.local/lib/python3.12/site-packages/airflow/example_dags/example_python_decorator.py for tasks to queue
[2026-01-05T17:37:25.222+0000] {logging_mixin.py:190} INFO - [2026-01-05T17:37:25.222+0000] {dagbag.py:587} INFO - Filling up the DagBag from /home/airflow/.local/lib/python3.12/site-packages/airflow/example_dags/example_python_decorator.py
[2026-01-05T17:37:25.236+0000] {processor.py:925} INFO - DAG(s) 'example_python_decorator' retrieved from /home/airflow/.local/lib/python3.12/site-packages/airflow/example_dags/example_python_decorator.py
[2026-01-05T17:37:25.260+0000] {logging_mixin.py:190} INFO - [2026-01-05T17:37:25.260+0000] {dag.py:3211} INFO - Sync 1 DAGs
[2026-01-05T17:37:25.276+0000] {logging_mixin.py:190} INFO - [2026-01-05T17:37:25.275+0000] {dag.py:4138} INFO - Setting next_dagrun for example_python_decorator to None, run_after=None
[2026-01-05T17:37:25.297+0000] {processor.py:208} INFO - Processing /home/airflow/.local/lib/python3.12/site-packages/airflow/example_dags/example_python_decorator.py took 0.089 seconds
[2026-01-05T17:37:56.206+0000] {processor.py:186} INFO - Started process (PID=2743) to work on /home/airflow/.local/lib/python3.12/site-packages/airflow/example_dags/example_python_decorator.py
[2026-01-05T17:37:56.207+0000] {processor.py:914} INFO - Processing file /home/airflow/.local/lib/python3.12/site-packages/airflow/example_dags/example_python_decorator.py for tasks to queue
[2026-01-05T17:37:56.211+0000] {logging_mixin.py:190} INFO - [2026-01-05T17:37:56.211+0000] {dagbag.py:587} INFO - Filling up the DagBag from /home/airflow/.local/lib/python3.12/site-packages/airflow/example_dags/example_python_decorator.py
[2026-01-05T17:37:56.230+0000] {processor.py:925} INFO - DAG(s) 'example_python_decorator' retrieved from /home/airflow/.local/lib/python3.12/site-packages/airflow/example_dags/example_python_decorator.py
[2026-01-05T17:37:56.257+0000] {logging_mixin.py:190} INFO - [2026-01-05T17:37:56.256+0000] {dag.py:3211} INFO - Sync 1 DAGs
[2026-01-05T17:37:56.274+0000] {logging_mixin.py:190} INFO - [2026-01-05T17:37:56.274+0000] {dag.py:4138} INFO - Setting next_dagrun for example_python_decorator to None, run_after=None
[2026-01-05T17:37:56.296+0000] {processor.py:208} INFO - Processing /home/airflow/.local/lib/python3.12/site-packages/airflow/example_dags/example_python_decorator.py took 0.095 seconds
[2026-01-05T17:38:26.705+0000] {processor.py:186} INFO - Started process (PID=2809) to work on /home/airflow/.local/lib/python3.12/site-packages/airflow/example_dags/example_python_decorator.py
[2026-01-05T17:38:26.706+0000] {processor.py:914} INFO - Processing file /home/airflow/.local/lib/python3.12/site-packages/airflow/example_dags/example_python_decorator.py for tasks to queue
[2026-01-05T17:38:26.710+0000] {logging_mixin.py:190} INFO - [2026-01-05T17:38:26.710+0000] {dagbag.py:587} INFO - Filling up the DagBag from /home/airflow/.local/lib/python3.12/site-packages/airflow/example_dags/example_python_decorator.py
[2026-01-05T17:38:26.728+0000] {processor.py:925} INFO - DAG(s) 'example_python_decorator' retrieved from /home/airflow/.local/lib/python3.12/site-packages/airflow/example_dags/example_python_decorator.py
[2026-01-05T17:38:26.756+0000] {logging_mixin.py:190} INFO - [2026-01-05T17:38:26.756+0000] {dag.py:3211} INFO - Sync 1 DAGs
[2026-01-05T17:38:26.778+0000] {logging_mixin.py:190} INFO - [2026-01-05T17:38:26.778+0000] {dag.py:4138} INFO - Setting next_dagrun for example_python_decorator to None, run_after=None
[2026-01-05T17:38:26.808+0000] {processor.py:208} INFO - Processing /home/airflow/.local/lib/python3.12/site-packages/airflow/example_dags/example_python_decorator.py took 0.113 seconds
[2026-01-05T17:38:57.718+0000] {processor.py:186} INFO - Started process (PID=2875) to work on /home/airflow/.local/lib/python3.12/site-packages/airflow/example_dags/example_python_decorator.py
[2026-01-05T17:38:57.719+0000] {processor.py:914} INFO - Processing file /home/airflow/.local/lib/python3.12/site-packages/airflow/example_dags/example_python_decorator.py for tasks to queue
[2026-01-05T17:38:57.723+0000] {logging_mixin.py:190} INFO - [2026-01-05T17:38:57.723+0000] {dagbag.py:587} INFO - Filling up the DagBag from /home/airflow/.local/lib/python3.12/site-packages/airflow/example_dags/example_python_decorator.py
[2026-01-05T17:38:57.739+0000] {processor.py:925} INFO - DAG(s) 'example_python_decorator' retrieved from /home/airflow/.local/lib/python3.12/site-packages/airflow/example_dags/example_python_decorator.py
[2026-01-05T17:38:57.768+0000] {logging_mixin.py:190} INFO - [2026-01-05T17:38:57.768+0000] {dag.py:3211} INFO - Sync 1 DAGs
[2026-01-05T17:38:57.782+0000] {logging_mixin.py:190} INFO - [2026-01-05T17:38:57.782+0000] {dag.py:4138} INFO - Setting next_dagrun for example_python_decorator to None, run_after=None
[2026-01-05T17:38:57.809+0000] {processor.py:208} INFO - Processing /home/airflow/.local/lib/python3.12/site-packages/airflow/example_dags/example_python_decorator.py took 0.099 seconds
[2026-01-05T17:39:28.297+0000] {processor.py:186} INFO - Started process (PID=2941) to work on /home/airflow/.local/lib/python3.12/site-packages/airflow/example_dags/example_python_decorator.py
[2026-01-05T17:39:28.298+0000] {processor.py:914} INFO - Processing file /home/airflow/.local/lib/python3.12/site-packages/airflow/example_dags/example_python_decorator.py for tasks to queue
[2026-01-05T17:39:28.301+0000] {logging_mixin.py:190} INFO - [2026-01-05T17:39:28.301+0000] {dagbag.py:587} INFO - Filling up the DagBag from /home/airflow/.local/lib/python3.12/site-packages/airflow/example_dags/example_python_decorator.py
[2026-01-05T17:39:28.319+0000] {processor.py:925} INFO - DAG(s) 'example_python_decorator' retrieved from /home/airflow/.local/lib/python3.12/site-packages/airflow/example_dags/example_python_decorator.py
[2026-01-05T17:39:28.352+0000] {logging_mixin.py:190} INFO - [2026-01-05T17:39:28.352+0000] {dag.py:3211} INFO - Sync 1 DAGs
[2026-01-05T17:39:28.372+0000] {logging_mixin.py:190} INFO - [2026-01-05T17:39:28.372+0000] {dag.py:4138} INFO - Setting next_dagrun for example_python_decorator to None, run_after=None
[2026-01-05T17:39:28.398+0000] {processor.py:208} INFO - Processing /home/airflow/.local/lib/python3.12/site-packages/airflow/example_dags/example_python_decorator.py took 0.111 seconds
[2026-01-05T17:39:59.062+0000] {processor.py:186} INFO - Started process (PID=3007) to work on /home/airflow/.local/lib/python3.12/site-packages/airflow/example_dags/example_python_decorator.py
[2026-01-05T17:39:59.064+0000] {processor.py:914} INFO - Processing file /home/airflow/.local/lib/python3.12/site-packages/airflow/example_dags/example_python_decorator.py for tasks to queue
[2026-01-05T17:39:59.068+0000] {logging_mixin.py:190} INFO - [2026-01-05T17:39:59.068+0000] {dagbag.py:587} INFO - Filling up the DagBag from /home/airflow/.local/lib/python3.12/site-packages/airflow/example_dags/example_python_decorator.py
[2026-01-05T17:39:59.090+0000] {processor.py:925} INFO - DAG(s) 'example_python_decorator' retrieved from /home/airflow/.local/lib/python3.12/site-packages/airflow/example_dags/example_python_decorator.py
[2026-01-05T17:39:59.130+0000] {logging_mixin.py:190} INFO - [2026-01-05T17:39:59.129+0000] {dag.py:3211} INFO - Sync 1 DAGs
[2026-01-05T17:39:59.153+0000] {logging_mixin.py:190} INFO - [2026-01-05T17:39:59.153+0000] {dag.py:4138} INFO - Setting next_dagrun for example_python_decorator to None, run_after=None
[2026-01-05T17:39:59.186+0000] {processor.py:208} INFO - Processing /home/airflow/.local/lib/python3.12/site-packages/airflow/example_dags/example_python_decorator.py took 0.138 seconds
[2026-01-05T17:40:29.861+0000] {processor.py:186} INFO - Started process (PID=3073) to work on /home/airflow/.local/lib/python3.12/site-packages/airflow/example_dags/example_python_decorator.py
[2026-01-05T17:40:29.863+0000] {processor.py:914} INFO - Processing file /home/airflow/.local/lib/python3.12/site-packages/airflow/example_dags/example_python_decorator.py for tasks to queue
[2026-01-05T17:40:29.867+0000] {logging_mixin.py:190} INFO - [2026-01-05T17:40:29.866+0000] {dagbag.py:587} INFO - Filling up the DagBag from /home/airflow/.local/lib/python3.12/site-packages/airflow/example_dags/example_python_decorator.py
[2026-01-05T17:40:29.887+0000] {processor.py:925} INFO - DAG(s) 'example_python_decorator' retrieved from /home/airflow/.local/lib/python3.12/site-packages/airflow/example_dags/example_python_decorator.py
[2026-01-05T17:40:29.924+0000] {logging_mixin.py:190} INFO - [2026-01-05T17:40:29.924+0000] {dag.py:3211} INFO - Sync 1 DAGs
[2026-01-05T17:40:29.988+0000] {logging_mixin.py:190} INFO - [2026-01-05T17:40:29.987+0000] {dag.py:4138} INFO - Setting next_dagrun for example_python_decorator to None, run_after=None
[2026-01-05T17:40:30.109+0000] {processor.py:208} INFO - Processing /home/airflow/.local/lib/python3.12/site-packages/airflow/example_dags/example_python_decorator.py took 0.267 seconds
[2026-01-05T17:41:00.762+0000] {processor.py:186} INFO - Started process (PID=3145) to work on /home/airflow/.local/lib/python3.12/site-packages/airflow/example_dags/example_python_decorator.py
[2026-01-05T17:41:00.765+0000] {processor.py:914} INFO - Processing file /home/airflow/.local/lib/python3.12/site-packages/airflow/example_dags/example_python_decorator.py for tasks to queue
[2026-01-05T17:41:00.770+0000] {logging_mixin.py:190} INFO - [2026-01-05T17:41:00.769+0000] {dagbag.py:587} INFO - Filling up the DagBag from /home/airflow/.local/lib/python3.12/site-packages/airflow/example_dags/example_python_decorator.py
[2026-01-05T17:41:00.793+0000] {processor.py:925} INFO - DAG(s) 'example_python_decorator' retrieved from /home/airflow/.local/lib/python3.12/site-packages/airflow/example_dags/example_python_decorator.py
[2026-01-05T17:41:00.827+0000] {logging_mixin.py:190} INFO - [2026-01-05T17:41:00.827+0000] {dag.py:3211} INFO - Sync 1 DAGs
[2026-01-05T17:41:00.845+0000] {logging_mixin.py:190} INFO - [2026-01-05T17:41:00.845+0000] {dag.py:4138} INFO - Setting next_dagrun for example_python_decorator to None, run_after=None
[2026-01-05T17:41:00.864+0000] {processor.py:208} INFO - Processing /home/airflow/.local/lib/python3.12/site-packages/airflow/example_dags/example_python_decorator.py took 0.117 seconds
[2026-01-05T17:41:30.998+0000] {processor.py:186} INFO - Started process (PID=3211) to work on /home/airflow/.local/lib/python3.12/site-packages/airflow/example_dags/example_python_decorator.py
[2026-01-05T17:41:31.000+0000] {processor.py:914} INFO - Processing file /home/airflow/.local/lib/python3.12/site-packages/airflow/example_dags/example_python_decorator.py for tasks to queue
[2026-01-05T17:41:31.003+0000] {logging_mixin.py:190} INFO - [2026-01-05T17:41:31.003+0000] {dagbag.py:587} INFO - Filling up the DagBag from /home/airflow/.local/lib/python3.12/site-packages/airflow/example_dags/example_python_decorator.py
[2026-01-05T17:41:31.019+0000] {processor.py:925} INFO - DAG(s) 'example_python_decorator' retrieved from /home/airflow/.local/lib/python3.12/site-packages/airflow/example_dags/example_python_decorator.py
[2026-01-05T17:41:31.047+0000] {logging_mixin.py:190} INFO - [2026-01-05T17:41:31.047+0000] {dag.py:3211} INFO - Sync 1 DAGs
[2026-01-05T17:41:31.062+0000] {logging_mixin.py:190} INFO - [2026-01-05T17:41:31.062+0000] {dag.py:4138} INFO - Setting next_dagrun for example_python_decorator to None, run_after=None
[2026-01-05T17:41:31.084+0000] {processor.py:208} INFO - Processing /home/airflow/.local/lib/python3.12/site-packages/airflow/example_dags/example_python_decorator.py took 0.094 seconds
[2026-01-05T17:42:01.263+0000] {processor.py:186} INFO - Started process (PID=3277) to work on /home/airflow/.local/lib/python3.12/site-packages/airflow/example_dags/example_python_decorator.py
[2026-01-05T17:42:01.265+0000] {processor.py:914} INFO - Processing file /home/airflow/.local/lib/python3.12/site-packages/airflow/example_dags/example_python_decorator.py for tasks to queue
[2026-01-05T17:42:01.269+0000] {logging_mixin.py:190} INFO - [2026-01-05T17:42:01.268+0000] {dagbag.py:587} INFO - Filling up the DagBag from /home/airflow/.local/lib/python3.12/site-packages/airflow/example_dags/example_python_decorator.py
[2026-01-05T17:42:01.291+0000] {processor.py:925} INFO - DAG(s) 'example_python_decorator' retrieved from /home/airflow/.local/lib/python3.12/site-packages/airflow/example_dags/example_python_decorator.py
[2026-01-05T17:42:01.318+0000] {logging_mixin.py:190} INFO - [2026-01-05T17:42:01.318+0000] {dag.py:3211} INFO - Sync 1 DAGs
[2026-01-05T17:42:01.334+0000] {logging_mixin.py:190} INFO - [2026-01-05T17:42:01.334+0000] {dag.py:4138} INFO - Setting next_dagrun for example_python_decorator to None, run_after=None
[2026-01-05T17:42:01.357+0000] {processor.py:208} INFO - Processing /home/airflow/.local/lib/python3.12/site-packages/airflow/example_dags/example_python_decorator.py took 0.104 seconds
[2026-01-05T17:42:31.636+0000] {processor.py:186} INFO - Started process (PID=3343) to work on /home/airflow/.local/lib/python3.12/site-packages/airflow/example_dags/example_python_decorator.py
[2026-01-05T17:42:31.637+0000] {processor.py:914} INFO - Processing file /home/airflow/.local/lib/python3.12/site-packages/airflow/example_dags/example_python_decorator.py for tasks to queue
[2026-01-05T17:42:31.641+0000] {logging_mixin.py:190} INFO - [2026-01-05T17:42:31.641+0000] {dagbag.py:587} INFO - Filling up the DagBag from /home/airflow/.local/lib/python3.12/site-packages/airflow/example_dags/example_python_decorator.py
[2026-01-05T17:42:31.659+0000] {processor.py:925} INFO - DAG(s) 'example_python_decorator' retrieved from /home/airflow/.local/lib/python3.12/site-packages/airflow/example_dags/example_python_decorator.py
[2026-01-05T17:42:31.702+0000] {logging_mixin.py:190} INFO - [2026-01-05T17:42:31.702+0000] {dag.py:3211} INFO - Sync 1 DAGs
[2026-01-05T17:42:31.733+0000] {logging_mixin.py:190} INFO - [2026-01-05T17:42:31.732+0000] {dag.py:4138} INFO - Setting next_dagrun for example_python_decorator to None, run_after=None
[2026-01-05T17:42:31.762+0000] {processor.py:208} INFO - Processing /home/airflow/.local/lib/python3.12/site-packages/airflow/example_dags/example_python_decorator.py took 0.132 seconds
[2026-01-05T17:43:01.910+0000] {processor.py:186} INFO - Started process (PID=3408) to work on /home/airflow/.local/lib/python3.12/site-packages/airflow/example_dags/example_python_decorator.py
[2026-01-05T17:43:01.912+0000] {processor.py:914} INFO - Processing file /home/airflow/.local/lib/python3.12/site-packages/airflow/example_dags/example_python_decorator.py for tasks to queue
[2026-01-05T17:43:01.916+0000] {logging_mixin.py:190} INFO - [2026-01-05T17:43:01.915+0000] {dagbag.py:587} INFO - Filling up the DagBag from /home/airflow/.local/lib/python3.12/site-packages/airflow/example_dags/example_python_decorator.py
[2026-01-05T17:43:01.932+0000] {processor.py:925} INFO - DAG(s) 'example_python_decorator' retrieved from /home/airflow/.local/lib/python3.12/site-packages/airflow/example_dags/example_python_decorator.py
[2026-01-05T17:43:01.958+0000] {logging_mixin.py:190} INFO - [2026-01-05T17:43:01.958+0000] {dag.py:3211} INFO - Sync 1 DAGs
[2026-01-05T17:43:01.974+0000] {logging_mixin.py:190} INFO - [2026-01-05T17:43:01.974+0000] {dag.py:4138} INFO - Setting next_dagrun for example_python_decorator to None, run_after=None
[2026-01-05T17:43:02.001+0000] {processor.py:208} INFO - Processing /home/airflow/.local/lib/python3.12/site-packages/airflow/example_dags/example_python_decorator.py took 0.099 seconds
[2026-01-05T17:43:32.534+0000] {processor.py:186} INFO - Started process (PID=3474) to work on /home/airflow/.local/lib/python3.12/site-packages/airflow/example_dags/example_python_decorator.py
[2026-01-05T17:43:32.536+0000] {processor.py:914} INFO - Processing file /home/airflow/.local/lib/python3.12/site-packages/airflow/example_dags/example_python_decorator.py for tasks to queue
[2026-01-05T17:43:32.541+0000] {logging_mixin.py:190} INFO - [2026-01-05T17:43:32.540+0000] {dagbag.py:587} INFO - Filling up the DagBag from /home/airflow/.local/lib/python3.12/site-packages/airflow/example_dags/example_python_decorator.py
[2026-01-05T17:43:32.559+0000] {processor.py:925} INFO - DAG(s) 'example_python_decorator' retrieved from /home/airflow/.local/lib/python3.12/site-packages/airflow/example_dags/example_python_decorator.py
[2026-01-05T17:43:32.592+0000] {logging_mixin.py:190} INFO - [2026-01-05T17:43:32.592+0000] {dag.py:3211} INFO - Sync 1 DAGs
[2026-01-05T17:43:32.612+0000] {logging_mixin.py:190} INFO - [2026-01-05T17:43:32.612+0000] {dag.py:4138} INFO - Setting next_dagrun for example_python_decorator to None, run_after=None
[2026-01-05T17:43:32.644+0000] {processor.py:208} INFO - Processing /home/airflow/.local/lib/python3.12/site-packages/airflow/example_dags/example_python_decorator.py took 0.118 seconds
[2026-01-05T17:44:02.788+0000] {processor.py:186} INFO - Started process (PID=3540) to work on /home/airflow/.local/lib/python3.12/site-packages/airflow/example_dags/example_python_decorator.py
[2026-01-05T17:44:02.789+0000] {processor.py:914} INFO - Processing file /home/airflow/.local/lib/python3.12/site-packages/airflow/example_dags/example_python_decorator.py for tasks to queue
[2026-01-05T17:44:02.792+0000] {logging_mixin.py:190} INFO - [2026-01-05T17:44:02.792+0000] {dagbag.py:587} INFO - Filling up the DagBag from /home/airflow/.local/lib/python3.12/site-packages/airflow/example_dags/example_python_decorator.py
[2026-01-05T17:44:02.813+0000] {processor.py:925} INFO - DAG(s) 'example_python_decorator' retrieved from /home/airflow/.local/lib/python3.12/site-packages/airflow/example_dags/example_python_decorator.py
[2026-01-05T17:44:02.843+0000] {logging_mixin.py:190} INFO - [2026-01-05T17:44:02.842+0000] {dag.py:3211} INFO - Sync 1 DAGs
[2026-01-05T17:44:02.864+0000] {logging_mixin.py:190} INFO - [2026-01-05T17:44:02.864+0000] {dag.py:4138} INFO - Setting next_dagrun for example_python_decorator to None, run_after=None
[2026-01-05T17:44:02.890+0000] {processor.py:208} INFO - Processing /home/airflow/.local/lib/python3.12/site-packages/airflow/example_dags/example_python_decorator.py took 0.112 seconds
[2026-01-05T17:44:33.282+0000] {processor.py:186} INFO - Started process (PID=3607) to work on /home/airflow/.local/lib/python3.12/site-packages/airflow/example_dags/example_python_decorator.py
[2026-01-05T17:44:33.284+0000] {processor.py:914} INFO - Processing file /home/airflow/.local/lib/python3.12/site-packages/airflow/example_dags/example_python_decorator.py for tasks to queue
[2026-01-05T17:44:33.288+0000] {logging_mixin.py:190} INFO - [2026-01-05T17:44:33.287+0000] {dagbag.py:587} INFO - Filling up the DagBag from /home/airflow/.local/lib/python3.12/site-packages/airflow/example_dags/example_python_decorator.py
[2026-01-05T17:44:33.308+0000] {processor.py:925} INFO - DAG(s) 'example_python_decorator' retrieved from /home/airflow/.local/lib/python3.12/site-packages/airflow/example_dags/example_python_decorator.py
[2026-01-05T17:44:33.343+0000] {logging_mixin.py:190} INFO - [2026-01-05T17:44:33.343+0000] {dag.py:3211} INFO - Sync 1 DAGs
[2026-01-05T17:44:33.365+0000] {logging_mixin.py:190} INFO - [2026-01-05T17:44:33.364+0000] {dag.py:4138} INFO - Setting next_dagrun for example_python_decorator to None, run_after=None
[2026-01-05T17:44:33.394+0000] {processor.py:208} INFO - Processing /home/airflow/.local/lib/python3.12/site-packages/airflow/example_dags/example_python_decorator.py took 0.122 seconds
[2026-01-05T17:45:03.704+0000] {processor.py:186} INFO - Started process (PID=3672) to work on /home/airflow/.local/lib/python3.12/site-packages/airflow/example_dags/example_python_decorator.py
[2026-01-05T17:45:03.706+0000] {processor.py:914} INFO - Processing file /home/airflow/.local/lib/python3.12/site-packages/airflow/example_dags/example_python_decorator.py for tasks to queue
[2026-01-05T17:45:03.710+0000] {logging_mixin.py:190} INFO - [2026-01-05T17:45:03.709+0000] {dagbag.py:587} INFO - Filling up the DagBag from /home/airflow/.local/lib/python3.12/site-packages/airflow/example_dags/example_python_decorator.py
[2026-01-05T17:45:03.729+0000] {processor.py:925} INFO - DAG(s) 'example_python_decorator' retrieved from /home/airflow/.local/lib/python3.12/site-packages/airflow/example_dags/example_python_decorator.py
[2026-01-05T17:45:03.761+0000] {logging_mixin.py:190} INFO - [2026-01-05T17:45:03.760+0000] {dag.py:3211} INFO - Sync 1 DAGs
[2026-01-05T17:45:03.784+0000] {logging_mixin.py:190} INFO - [2026-01-05T17:45:03.784+0000] {dag.py:4138} INFO - Setting next_dagrun for example_python_decorator to None, run_after=None
[2026-01-05T17:45:03.817+0000] {processor.py:208} INFO - Processing /home/airflow/.local/lib/python3.12/site-packages/airflow/example_dags/example_python_decorator.py took 0.121 seconds
