[2026-01-05T17:17:50.840+0000] {processor.py:186} INFO - Started process (PID=142) to work on /home/airflow/.local/lib/python3.12/site-packages/airflow/example_dags/example_sla_dag.py
[2026-01-05T17:17:50.843+0000] {processor.py:914} INFO - Processing file /home/airflow/.local/lib/python3.12/site-packages/airflow/example_dags/example_sla_dag.py for tasks to queue
[2026-01-05T17:17:50.851+0000] {logging_mixin.py:190} INFO - [2026-01-05T17:17:50.850+0000] {dagbag.py:587} INFO - Filling up the DagBag from /home/airflow/.local/lib/python3.12/site-packages/airflow/example_dags/example_sla_dag.py
[2026-01-05T17:17:50.882+0000] {processor.py:925} INFO - DAG(s) 'example_sla_dag' retrieved from /home/airflow/.local/lib/python3.12/site-packages/airflow/example_dags/example_sla_dag.py
[2026-01-05T17:17:50.935+0000] {logging_mixin.py:190} INFO - [2026-01-05T17:17:50.934+0000] {dag.py:3211} INFO - Sync 1 DAGs
[2026-01-05T17:17:50.987+0000] {logging_mixin.py:190} INFO - [2026-01-05T17:17:50.986+0000] {dag.py:4138} INFO - Setting next_dagrun for example_sla_dag to 2026-01-05 17:14:00+00:00, run_after=2026-01-05 17:16:00+00:00
[2026-01-05T17:17:51.026+0000] {processor.py:208} INFO - Processing /home/airflow/.local/lib/python3.12/site-packages/airflow/example_dags/example_sla_dag.py took 0.204 seconds
[2026-01-05T17:18:24.365+0000] {processor.py:186} INFO - Started process (PID=209) to work on /home/airflow/.local/lib/python3.12/site-packages/airflow/example_dags/example_sla_dag.py
[2026-01-05T17:18:24.371+0000] {processor.py:914} INFO - Processing file /home/airflow/.local/lib/python3.12/site-packages/airflow/example_dags/example_sla_dag.py for tasks to queue
[2026-01-05T17:18:24.408+0000] {logging_mixin.py:190} INFO - [2026-01-05T17:18:24.407+0000] {dagbag.py:587} INFO - Filling up the DagBag from /home/airflow/.local/lib/python3.12/site-packages/airflow/example_dags/example_sla_dag.py
[2026-01-05T17:18:24.489+0000] {processor.py:925} INFO - DAG(s) 'example_sla_dag' retrieved from /home/airflow/.local/lib/python3.12/site-packages/airflow/example_dags/example_sla_dag.py
[2026-01-05T17:18:24.618+0000] {logging_mixin.py:190} INFO - [2026-01-05T17:18:24.617+0000] {dag.py:3211} INFO - Sync 1 DAGs
[2026-01-05T17:18:24.840+0000] {logging_mixin.py:190} INFO - [2026-01-05T17:18:24.840+0000] {dag.py:4138} INFO - Setting next_dagrun for example_sla_dag to 2026-01-05 17:16:00+00:00, run_after=2026-01-05 17:18:00+00:00
[2026-01-05T17:18:24.986+0000] {processor.py:208} INFO - Processing /home/airflow/.local/lib/python3.12/site-packages/airflow/example_dags/example_sla_dag.py took 0.658 seconds
[2026-01-05T17:18:55.654+0000] {processor.py:186} INFO - Started process (PID=275) to work on /home/airflow/.local/lib/python3.12/site-packages/airflow/example_dags/example_sla_dag.py
[2026-01-05T17:18:55.657+0000] {processor.py:914} INFO - Processing file /home/airflow/.local/lib/python3.12/site-packages/airflow/example_dags/example_sla_dag.py for tasks to queue
[2026-01-05T17:18:55.662+0000] {logging_mixin.py:190} INFO - [2026-01-05T17:18:55.661+0000] {dagbag.py:587} INFO - Filling up the DagBag from /home/airflow/.local/lib/python3.12/site-packages/airflow/example_dags/example_sla_dag.py
[2026-01-05T17:18:55.680+0000] {processor.py:925} INFO - DAG(s) 'example_sla_dag' retrieved from /home/airflow/.local/lib/python3.12/site-packages/airflow/example_dags/example_sla_dag.py
[2026-01-05T17:18:55.711+0000] {logging_mixin.py:190} INFO - [2026-01-05T17:18:55.711+0000] {dag.py:3211} INFO - Sync 1 DAGs
[2026-01-05T17:18:55.740+0000] {logging_mixin.py:190} INFO - [2026-01-05T17:18:55.740+0000] {dag.py:4138} INFO - Setting next_dagrun for example_sla_dag to 2026-01-05 17:16:00+00:00, run_after=2026-01-05 17:18:00+00:00
[2026-01-05T17:18:55.763+0000] {processor.py:208} INFO - Processing /home/airflow/.local/lib/python3.12/site-packages/airflow/example_dags/example_sla_dag.py took 0.122 seconds
[2026-01-05T17:19:26.245+0000] {processor.py:186} INFO - Started process (PID=347) to work on /home/airflow/.local/lib/python3.12/site-packages/airflow/example_dags/example_sla_dag.py
[2026-01-05T17:19:26.247+0000] {processor.py:914} INFO - Processing file /home/airflow/.local/lib/python3.12/site-packages/airflow/example_dags/example_sla_dag.py for tasks to queue
[2026-01-05T17:19:26.251+0000] {logging_mixin.py:190} INFO - [2026-01-05T17:19:26.251+0000] {dagbag.py:587} INFO - Filling up the DagBag from /home/airflow/.local/lib/python3.12/site-packages/airflow/example_dags/example_sla_dag.py
[2026-01-05T17:19:26.262+0000] {processor.py:925} INFO - DAG(s) 'example_sla_dag' retrieved from /home/airflow/.local/lib/python3.12/site-packages/airflow/example_dags/example_sla_dag.py
[2026-01-05T17:19:26.287+0000] {logging_mixin.py:190} INFO - [2026-01-05T17:19:26.287+0000] {dag.py:3211} INFO - Sync 1 DAGs
[2026-01-05T17:19:26.324+0000] {logging_mixin.py:190} INFO - [2026-01-05T17:19:26.323+0000] {dag.py:4138} INFO - Setting next_dagrun for example_sla_dag to 2026-01-05 17:16:00+00:00, run_after=2026-01-05 17:18:00+00:00
[2026-01-05T17:19:26.360+0000] {processor.py:208} INFO - Processing /home/airflow/.local/lib/python3.12/site-packages/airflow/example_dags/example_sla_dag.py took 0.124 seconds
[2026-01-05T17:19:56.863+0000] {processor.py:186} INFO - Started process (PID=413) to work on /home/airflow/.local/lib/python3.12/site-packages/airflow/example_dags/example_sla_dag.py
[2026-01-05T17:19:56.865+0000] {processor.py:914} INFO - Processing file /home/airflow/.local/lib/python3.12/site-packages/airflow/example_dags/example_sla_dag.py for tasks to queue
[2026-01-05T17:19:56.870+0000] {logging_mixin.py:190} INFO - [2026-01-05T17:19:56.870+0000] {dagbag.py:587} INFO - Filling up the DagBag from /home/airflow/.local/lib/python3.12/site-packages/airflow/example_dags/example_sla_dag.py
[2026-01-05T17:19:56.888+0000] {processor.py:925} INFO - DAG(s) 'example_sla_dag' retrieved from /home/airflow/.local/lib/python3.12/site-packages/airflow/example_dags/example_sla_dag.py
[2026-01-05T17:19:56.934+0000] {logging_mixin.py:190} INFO - [2026-01-05T17:19:56.934+0000] {dag.py:3211} INFO - Sync 1 DAGs
[2026-01-05T17:19:56.983+0000] {logging_mixin.py:190} INFO - [2026-01-05T17:19:56.983+0000] {dag.py:4138} INFO - Setting next_dagrun for example_sla_dag to 2026-01-05 17:16:00+00:00, run_after=2026-01-05 17:18:00+00:00
[2026-01-05T17:19:57.037+0000] {processor.py:208} INFO - Processing /home/airflow/.local/lib/python3.12/site-packages/airflow/example_dags/example_sla_dag.py took 0.189 seconds
[2026-01-05T17:20:27.468+0000] {processor.py:186} INFO - Started process (PID=479) to work on /home/airflow/.local/lib/python3.12/site-packages/airflow/example_dags/example_sla_dag.py
[2026-01-05T17:20:27.470+0000] {processor.py:914} INFO - Processing file /home/airflow/.local/lib/python3.12/site-packages/airflow/example_dags/example_sla_dag.py for tasks to queue
[2026-01-05T17:20:27.475+0000] {logging_mixin.py:190} INFO - [2026-01-05T17:20:27.474+0000] {dagbag.py:587} INFO - Filling up the DagBag from /home/airflow/.local/lib/python3.12/site-packages/airflow/example_dags/example_sla_dag.py
[2026-01-05T17:20:27.493+0000] {processor.py:925} INFO - DAG(s) 'example_sla_dag' retrieved from /home/airflow/.local/lib/python3.12/site-packages/airflow/example_dags/example_sla_dag.py
[2026-01-05T17:20:27.527+0000] {logging_mixin.py:190} INFO - [2026-01-05T17:20:27.526+0000] {dag.py:3211} INFO - Sync 1 DAGs
[2026-01-05T17:20:27.577+0000] {logging_mixin.py:190} INFO - [2026-01-05T17:20:27.577+0000] {dag.py:4138} INFO - Setting next_dagrun for example_sla_dag to 2026-01-05 17:18:00+00:00, run_after=2026-01-05 17:20:00+00:00
[2026-01-05T17:20:27.619+0000] {processor.py:208} INFO - Processing /home/airflow/.local/lib/python3.12/site-packages/airflow/example_dags/example_sla_dag.py took 0.163 seconds
[2026-01-05T17:20:57.900+0000] {processor.py:186} INFO - Started process (PID=545) to work on /home/airflow/.local/lib/python3.12/site-packages/airflow/example_dags/example_sla_dag.py
[2026-01-05T17:20:57.902+0000] {processor.py:914} INFO - Processing file /home/airflow/.local/lib/python3.12/site-packages/airflow/example_dags/example_sla_dag.py for tasks to queue
[2026-01-05T17:20:57.906+0000] {logging_mixin.py:190} INFO - [2026-01-05T17:20:57.906+0000] {dagbag.py:587} INFO - Filling up the DagBag from /home/airflow/.local/lib/python3.12/site-packages/airflow/example_dags/example_sla_dag.py
[2026-01-05T17:20:57.915+0000] {processor.py:925} INFO - DAG(s) 'example_sla_dag' retrieved from /home/airflow/.local/lib/python3.12/site-packages/airflow/example_dags/example_sla_dag.py
[2026-01-05T17:20:57.940+0000] {logging_mixin.py:190} INFO - [2026-01-05T17:20:57.940+0000] {dag.py:3211} INFO - Sync 1 DAGs
[2026-01-05T17:20:57.967+0000] {logging_mixin.py:190} INFO - [2026-01-05T17:20:57.967+0000] {dag.py:4138} INFO - Setting next_dagrun for example_sla_dag to 2026-01-05 17:18:00+00:00, run_after=2026-01-05 17:20:00+00:00
[2026-01-05T17:20:57.994+0000] {processor.py:208} INFO - Processing /home/airflow/.local/lib/python3.12/site-packages/airflow/example_dags/example_sla_dag.py took 0.103 seconds
[2026-01-05T17:21:28.207+0000] {processor.py:186} INFO - Started process (PID=610) to work on /home/airflow/.local/lib/python3.12/site-packages/airflow/example_dags/example_sla_dag.py
[2026-01-05T17:21:28.208+0000] {processor.py:914} INFO - Processing file /home/airflow/.local/lib/python3.12/site-packages/airflow/example_dags/example_sla_dag.py for tasks to queue
[2026-01-05T17:21:28.213+0000] {logging_mixin.py:190} INFO - [2026-01-05T17:21:28.212+0000] {dagbag.py:587} INFO - Filling up the DagBag from /home/airflow/.local/lib/python3.12/site-packages/airflow/example_dags/example_sla_dag.py
[2026-01-05T17:21:28.227+0000] {processor.py:925} INFO - DAG(s) 'example_sla_dag' retrieved from /home/airflow/.local/lib/python3.12/site-packages/airflow/example_dags/example_sla_dag.py
[2026-01-05T17:21:28.254+0000] {logging_mixin.py:190} INFO - [2026-01-05T17:21:28.253+0000] {dag.py:3211} INFO - Sync 1 DAGs
[2026-01-05T17:21:28.285+0000] {logging_mixin.py:190} INFO - [2026-01-05T17:21:28.284+0000] {dag.py:4138} INFO - Setting next_dagrun for example_sla_dag to 2026-01-05 17:18:00+00:00, run_after=2026-01-05 17:20:00+00:00
[2026-01-05T17:21:28.309+0000] {processor.py:208} INFO - Processing /home/airflow/.local/lib/python3.12/site-packages/airflow/example_dags/example_sla_dag.py took 0.111 seconds
[2026-01-05T17:21:58.545+0000] {processor.py:186} INFO - Started process (PID=676) to work on /home/airflow/.local/lib/python3.12/site-packages/airflow/example_dags/example_sla_dag.py
[2026-01-05T17:21:58.548+0000] {processor.py:914} INFO - Processing file /home/airflow/.local/lib/python3.12/site-packages/airflow/example_dags/example_sla_dag.py for tasks to queue
[2026-01-05T17:21:58.553+0000] {logging_mixin.py:190} INFO - [2026-01-05T17:21:58.552+0000] {dagbag.py:587} INFO - Filling up the DagBag from /home/airflow/.local/lib/python3.12/site-packages/airflow/example_dags/example_sla_dag.py
[2026-01-05T17:21:58.566+0000] {processor.py:925} INFO - DAG(s) 'example_sla_dag' retrieved from /home/airflow/.local/lib/python3.12/site-packages/airflow/example_dags/example_sla_dag.py
[2026-01-05T17:21:58.593+0000] {logging_mixin.py:190} INFO - [2026-01-05T17:21:58.593+0000] {dag.py:3211} INFO - Sync 1 DAGs
[2026-01-05T17:21:58.626+0000] {logging_mixin.py:190} INFO - [2026-01-05T17:21:58.626+0000] {dag.py:4138} INFO - Setting next_dagrun for example_sla_dag to 2026-01-05 17:18:00+00:00, run_after=2026-01-05 17:20:00+00:00
[2026-01-05T17:21:58.656+0000] {processor.py:208} INFO - Processing /home/airflow/.local/lib/python3.12/site-packages/airflow/example_dags/example_sla_dag.py took 0.117 seconds
[2026-01-05T17:22:29.003+0000] {processor.py:186} INFO - Started process (PID=742) to work on /home/airflow/.local/lib/python3.12/site-packages/airflow/example_dags/example_sla_dag.py
[2026-01-05T17:22:29.006+0000] {processor.py:914} INFO - Processing file /home/airflow/.local/lib/python3.12/site-packages/airflow/example_dags/example_sla_dag.py for tasks to queue
[2026-01-05T17:22:29.012+0000] {logging_mixin.py:190} INFO - [2026-01-05T17:22:29.011+0000] {dagbag.py:587} INFO - Filling up the DagBag from /home/airflow/.local/lib/python3.12/site-packages/airflow/example_dags/example_sla_dag.py
[2026-01-05T17:22:29.038+0000] {processor.py:925} INFO - DAG(s) 'example_sla_dag' retrieved from /home/airflow/.local/lib/python3.12/site-packages/airflow/example_dags/example_sla_dag.py
[2026-01-05T17:22:29.107+0000] {logging_mixin.py:190} INFO - [2026-01-05T17:22:29.106+0000] {dag.py:3211} INFO - Sync 1 DAGs
[2026-01-05T17:22:29.204+0000] {logging_mixin.py:190} INFO - [2026-01-05T17:22:29.203+0000] {dag.py:4138} INFO - Setting next_dagrun for example_sla_dag to 2026-01-05 17:20:00+00:00, run_after=2026-01-05 17:22:00+00:00
[2026-01-05T17:22:29.251+0000] {processor.py:208} INFO - Processing /home/airflow/.local/lib/python3.12/site-packages/airflow/example_dags/example_sla_dag.py took 0.258 seconds
[2026-01-05T17:22:59.652+0000] {processor.py:186} INFO - Started process (PID=808) to work on /home/airflow/.local/lib/python3.12/site-packages/airflow/example_dags/example_sla_dag.py
[2026-01-05T17:22:59.653+0000] {processor.py:914} INFO - Processing file /home/airflow/.local/lib/python3.12/site-packages/airflow/example_dags/example_sla_dag.py for tasks to queue
[2026-01-05T17:22:59.657+0000] {logging_mixin.py:190} INFO - [2026-01-05T17:22:59.657+0000] {dagbag.py:587} INFO - Filling up the DagBag from /home/airflow/.local/lib/python3.12/site-packages/airflow/example_dags/example_sla_dag.py
[2026-01-05T17:22:59.670+0000] {processor.py:925} INFO - DAG(s) 'example_sla_dag' retrieved from /home/airflow/.local/lib/python3.12/site-packages/airflow/example_dags/example_sla_dag.py
[2026-01-05T17:22:59.705+0000] {logging_mixin.py:190} INFO - [2026-01-05T17:22:59.704+0000] {dag.py:3211} INFO - Sync 1 DAGs
[2026-01-05T17:22:59.760+0000] {logging_mixin.py:190} INFO - [2026-01-05T17:22:59.759+0000] {dag.py:4138} INFO - Setting next_dagrun for example_sla_dag to 2026-01-05 17:20:00+00:00, run_after=2026-01-05 17:22:00+00:00
[2026-01-05T17:22:59.791+0000] {processor.py:208} INFO - Processing /home/airflow/.local/lib/python3.12/site-packages/airflow/example_dags/example_sla_dag.py took 0.149 seconds
[2026-01-05T17:23:29.973+0000] {processor.py:186} INFO - Started process (PID=873) to work on /home/airflow/.local/lib/python3.12/site-packages/airflow/example_dags/example_sla_dag.py
[2026-01-05T17:23:29.974+0000] {processor.py:914} INFO - Processing file /home/airflow/.local/lib/python3.12/site-packages/airflow/example_dags/example_sla_dag.py for tasks to queue
[2026-01-05T17:23:29.979+0000] {logging_mixin.py:190} INFO - [2026-01-05T17:23:29.978+0000] {dagbag.py:587} INFO - Filling up the DagBag from /home/airflow/.local/lib/python3.12/site-packages/airflow/example_dags/example_sla_dag.py
[2026-01-05T17:23:29.993+0000] {processor.py:925} INFO - DAG(s) 'example_sla_dag' retrieved from /home/airflow/.local/lib/python3.12/site-packages/airflow/example_dags/example_sla_dag.py
[2026-01-05T17:23:30.025+0000] {logging_mixin.py:190} INFO - [2026-01-05T17:23:30.025+0000] {dag.py:3211} INFO - Sync 1 DAGs
[2026-01-05T17:23:30.058+0000] {logging_mixin.py:190} INFO - [2026-01-05T17:23:30.058+0000] {dag.py:4138} INFO - Setting next_dagrun for example_sla_dag to 2026-01-05 17:20:00+00:00, run_after=2026-01-05 17:22:00+00:00
[2026-01-05T17:23:30.088+0000] {processor.py:208} INFO - Processing /home/airflow/.local/lib/python3.12/site-packages/airflow/example_dags/example_sla_dag.py took 0.124 seconds
[2026-01-05T17:24:00.192+0000] {processor.py:186} INFO - Started process (PID=939) to work on /home/airflow/.local/lib/python3.12/site-packages/airflow/example_dags/example_sla_dag.py
[2026-01-05T17:24:00.195+0000] {processor.py:914} INFO - Processing file /home/airflow/.local/lib/python3.12/site-packages/airflow/example_dags/example_sla_dag.py for tasks to queue
[2026-01-05T17:24:00.199+0000] {logging_mixin.py:190} INFO - [2026-01-05T17:24:00.199+0000] {dagbag.py:587} INFO - Filling up the DagBag from /home/airflow/.local/lib/python3.12/site-packages/airflow/example_dags/example_sla_dag.py
[2026-01-05T17:24:00.215+0000] {processor.py:925} INFO - DAG(s) 'example_sla_dag' retrieved from /home/airflow/.local/lib/python3.12/site-packages/airflow/example_dags/example_sla_dag.py
[2026-01-05T17:24:00.247+0000] {logging_mixin.py:190} INFO - [2026-01-05T17:24:00.246+0000] {dag.py:3211} INFO - Sync 1 DAGs
[2026-01-05T17:24:00.283+0000] {logging_mixin.py:190} INFO - [2026-01-05T17:24:00.283+0000] {dag.py:4138} INFO - Setting next_dagrun for example_sla_dag to 2026-01-05 17:22:00+00:00, run_after=2026-01-05 17:24:00+00:00
[2026-01-05T17:24:00.314+0000] {processor.py:208} INFO - Processing /home/airflow/.local/lib/python3.12/site-packages/airflow/example_dags/example_sla_dag.py took 0.131 seconds
[2026-01-05T17:24:30.571+0000] {processor.py:186} INFO - Started process (PID=1005) to work on /home/airflow/.local/lib/python3.12/site-packages/airflow/example_dags/example_sla_dag.py
[2026-01-05T17:24:30.574+0000] {processor.py:914} INFO - Processing file /home/airflow/.local/lib/python3.12/site-packages/airflow/example_dags/example_sla_dag.py for tasks to queue
[2026-01-05T17:24:30.580+0000] {logging_mixin.py:190} INFO - [2026-01-05T17:24:30.579+0000] {dagbag.py:587} INFO - Filling up the DagBag from /home/airflow/.local/lib/python3.12/site-packages/airflow/example_dags/example_sla_dag.py
[2026-01-05T17:24:30.598+0000] {processor.py:925} INFO - DAG(s) 'example_sla_dag' retrieved from /home/airflow/.local/lib/python3.12/site-packages/airflow/example_dags/example_sla_dag.py
[2026-01-05T17:24:30.645+0000] {logging_mixin.py:190} INFO - [2026-01-05T17:24:30.644+0000] {dag.py:3211} INFO - Sync 1 DAGs
[2026-01-05T17:24:30.701+0000] {logging_mixin.py:190} INFO - [2026-01-05T17:24:30.700+0000] {dag.py:4138} INFO - Setting next_dagrun for example_sla_dag to 2026-01-05 17:22:00+00:00, run_after=2026-01-05 17:24:00+00:00
[2026-01-05T17:24:30.732+0000] {processor.py:208} INFO - Processing /home/airflow/.local/lib/python3.12/site-packages/airflow/example_dags/example_sla_dag.py took 0.176 seconds
[2026-01-05T17:25:00.874+0000] {processor.py:186} INFO - Started process (PID=1071) to work on /home/airflow/.local/lib/python3.12/site-packages/airflow/example_dags/example_sla_dag.py
[2026-01-05T17:25:00.876+0000] {processor.py:914} INFO - Processing file /home/airflow/.local/lib/python3.12/site-packages/airflow/example_dags/example_sla_dag.py for tasks to queue
[2026-01-05T17:25:00.880+0000] {logging_mixin.py:190} INFO - [2026-01-05T17:25:00.880+0000] {dagbag.py:587} INFO - Filling up the DagBag from /home/airflow/.local/lib/python3.12/site-packages/airflow/example_dags/example_sla_dag.py
[2026-01-05T17:25:00.890+0000] {processor.py:925} INFO - DAG(s) 'example_sla_dag' retrieved from /home/airflow/.local/lib/python3.12/site-packages/airflow/example_dags/example_sla_dag.py
[2026-01-05T17:25:00.912+0000] {logging_mixin.py:190} INFO - [2026-01-05T17:25:00.912+0000] {dag.py:3211} INFO - Sync 1 DAGs
[2026-01-05T17:25:00.936+0000] {logging_mixin.py:190} INFO - [2026-01-05T17:25:00.936+0000] {dag.py:4138} INFO - Setting next_dagrun for example_sla_dag to 2026-01-05 17:22:00+00:00, run_after=2026-01-05 17:24:00+00:00
[2026-01-05T17:25:00.965+0000] {processor.py:208} INFO - Processing /home/airflow/.local/lib/python3.12/site-packages/airflow/example_dags/example_sla_dag.py took 0.097 seconds
[2026-01-05T17:25:31.200+0000] {processor.py:186} INFO - Started process (PID=1137) to work on /home/airflow/.local/lib/python3.12/site-packages/airflow/example_dags/example_sla_dag.py
[2026-01-05T17:25:31.202+0000] {processor.py:914} INFO - Processing file /home/airflow/.local/lib/python3.12/site-packages/airflow/example_dags/example_sla_dag.py for tasks to queue
[2026-01-05T17:25:31.207+0000] {logging_mixin.py:190} INFO - [2026-01-05T17:25:31.206+0000] {dagbag.py:587} INFO - Filling up the DagBag from /home/airflow/.local/lib/python3.12/site-packages/airflow/example_dags/example_sla_dag.py
[2026-01-05T17:25:31.224+0000] {processor.py:925} INFO - DAG(s) 'example_sla_dag' retrieved from /home/airflow/.local/lib/python3.12/site-packages/airflow/example_dags/example_sla_dag.py
[2026-01-05T17:25:31.247+0000] {logging_mixin.py:190} INFO - [2026-01-05T17:25:31.246+0000] {dag.py:3211} INFO - Sync 1 DAGs
[2026-01-05T17:25:31.286+0000] {logging_mixin.py:190} INFO - [2026-01-05T17:25:31.285+0000] {dag.py:4138} INFO - Setting next_dagrun for example_sla_dag to 2026-01-05 17:22:00+00:00, run_after=2026-01-05 17:24:00+00:00
[2026-01-05T17:25:31.309+0000] {processor.py:208} INFO - Processing /home/airflow/.local/lib/python3.12/site-packages/airflow/example_dags/example_sla_dag.py took 0.118 seconds
[2026-01-05T17:26:01.498+0000] {processor.py:186} INFO - Started process (PID=1203) to work on /home/airflow/.local/lib/python3.12/site-packages/airflow/example_dags/example_sla_dag.py
[2026-01-05T17:26:01.500+0000] {processor.py:914} INFO - Processing file /home/airflow/.local/lib/python3.12/site-packages/airflow/example_dags/example_sla_dag.py for tasks to queue
[2026-01-05T17:26:01.503+0000] {logging_mixin.py:190} INFO - [2026-01-05T17:26:01.503+0000] {dagbag.py:587} INFO - Filling up the DagBag from /home/airflow/.local/lib/python3.12/site-packages/airflow/example_dags/example_sla_dag.py
[2026-01-05T17:26:01.516+0000] {processor.py:925} INFO - DAG(s) 'example_sla_dag' retrieved from /home/airflow/.local/lib/python3.12/site-packages/airflow/example_dags/example_sla_dag.py
[2026-01-05T17:26:01.547+0000] {logging_mixin.py:190} INFO - [2026-01-05T17:26:01.547+0000] {dag.py:3211} INFO - Sync 1 DAGs
[2026-01-05T17:26:01.586+0000] {logging_mixin.py:190} INFO - [2026-01-05T17:26:01.586+0000] {dag.py:4138} INFO - Setting next_dagrun for example_sla_dag to 2026-01-05 17:24:00+00:00, run_after=2026-01-05 17:26:00+00:00
[2026-01-05T17:26:01.615+0000] {processor.py:208} INFO - Processing /home/airflow/.local/lib/python3.12/site-packages/airflow/example_dags/example_sla_dag.py took 0.129 seconds
[2026-01-05T17:26:31.684+0000] {processor.py:186} INFO - Started process (PID=1269) to work on /home/airflow/.local/lib/python3.12/site-packages/airflow/example_dags/example_sla_dag.py
[2026-01-05T17:26:31.686+0000] {processor.py:914} INFO - Processing file /home/airflow/.local/lib/python3.12/site-packages/airflow/example_dags/example_sla_dag.py for tasks to queue
[2026-01-05T17:26:31.691+0000] {logging_mixin.py:190} INFO - [2026-01-05T17:26:31.690+0000] {dagbag.py:587} INFO - Filling up the DagBag from /home/airflow/.local/lib/python3.12/site-packages/airflow/example_dags/example_sla_dag.py
[2026-01-05T17:26:31.706+0000] {processor.py:925} INFO - DAG(s) 'example_sla_dag' retrieved from /home/airflow/.local/lib/python3.12/site-packages/airflow/example_dags/example_sla_dag.py
[2026-01-05T17:26:31.735+0000] {logging_mixin.py:190} INFO - [2026-01-05T17:26:31.735+0000] {dag.py:3211} INFO - Sync 1 DAGs
[2026-01-05T17:26:31.768+0000] {logging_mixin.py:190} INFO - [2026-01-05T17:26:31.768+0000] {dag.py:4138} INFO - Setting next_dagrun for example_sla_dag to 2026-01-05 17:24:00+00:00, run_after=2026-01-05 17:26:00+00:00
[2026-01-05T17:26:31.795+0000] {processor.py:208} INFO - Processing /home/airflow/.local/lib/python3.12/site-packages/airflow/example_dags/example_sla_dag.py took 0.121 seconds
[2026-01-05T17:27:02.088+0000] {processor.py:186} INFO - Started process (PID=1335) to work on /home/airflow/.local/lib/python3.12/site-packages/airflow/example_dags/example_sla_dag.py
[2026-01-05T17:27:02.090+0000] {processor.py:914} INFO - Processing file /home/airflow/.local/lib/python3.12/site-packages/airflow/example_dags/example_sla_dag.py for tasks to queue
[2026-01-05T17:27:02.094+0000] {logging_mixin.py:190} INFO - [2026-01-05T17:27:02.093+0000] {dagbag.py:587} INFO - Filling up the DagBag from /home/airflow/.local/lib/python3.12/site-packages/airflow/example_dags/example_sla_dag.py
[2026-01-05T17:27:02.103+0000] {processor.py:925} INFO - DAG(s) 'example_sla_dag' retrieved from /home/airflow/.local/lib/python3.12/site-packages/airflow/example_dags/example_sla_dag.py
[2026-01-05T17:27:02.126+0000] {logging_mixin.py:190} INFO - [2026-01-05T17:27:02.126+0000] {dag.py:3211} INFO - Sync 1 DAGs
[2026-01-05T17:27:02.161+0000] {logging_mixin.py:190} INFO - [2026-01-05T17:27:02.161+0000] {dag.py:4138} INFO - Setting next_dagrun for example_sla_dag to 2026-01-05 17:24:00+00:00, run_after=2026-01-05 17:26:00+00:00
[2026-01-05T17:27:02.190+0000] {processor.py:208} INFO - Processing /home/airflow/.local/lib/python3.12/site-packages/airflow/example_dags/example_sla_dag.py took 0.113 seconds
[2026-01-05T17:27:32.299+0000] {processor.py:186} INFO - Started process (PID=1401) to work on /home/airflow/.local/lib/python3.12/site-packages/airflow/example_dags/example_sla_dag.py
[2026-01-05T17:27:32.302+0000] {processor.py:914} INFO - Processing file /home/airflow/.local/lib/python3.12/site-packages/airflow/example_dags/example_sla_dag.py for tasks to queue
[2026-01-05T17:27:32.308+0000] {logging_mixin.py:190} INFO - [2026-01-05T17:27:32.308+0000] {dagbag.py:587} INFO - Filling up the DagBag from /home/airflow/.local/lib/python3.12/site-packages/airflow/example_dags/example_sla_dag.py
[2026-01-05T17:27:32.325+0000] {processor.py:925} INFO - DAG(s) 'example_sla_dag' retrieved from /home/airflow/.local/lib/python3.12/site-packages/airflow/example_dags/example_sla_dag.py
[2026-01-05T17:27:32.357+0000] {logging_mixin.py:190} INFO - [2026-01-05T17:27:32.357+0000] {dag.py:3211} INFO - Sync 1 DAGs
[2026-01-05T17:27:32.397+0000] {logging_mixin.py:190} INFO - [2026-01-05T17:27:32.396+0000] {dag.py:4138} INFO - Setting next_dagrun for example_sla_dag to 2026-01-05 17:24:00+00:00, run_after=2026-01-05 17:26:00+00:00
[2026-01-05T17:27:32.427+0000] {processor.py:208} INFO - Processing /home/airflow/.local/lib/python3.12/site-packages/airflow/example_dags/example_sla_dag.py took 0.135 seconds
[2026-01-05T17:28:03.196+0000] {processor.py:186} INFO - Started process (PID=1467) to work on /home/airflow/.local/lib/python3.12/site-packages/airflow/example_dags/example_sla_dag.py
[2026-01-05T17:28:03.198+0000] {processor.py:914} INFO - Processing file /home/airflow/.local/lib/python3.12/site-packages/airflow/example_dags/example_sla_dag.py for tasks to queue
[2026-01-05T17:28:03.201+0000] {logging_mixin.py:190} INFO - [2026-01-05T17:28:03.200+0000] {dagbag.py:587} INFO - Filling up the DagBag from /home/airflow/.local/lib/python3.12/site-packages/airflow/example_dags/example_sla_dag.py
[2026-01-05T17:28:03.211+0000] {processor.py:925} INFO - DAG(s) 'example_sla_dag' retrieved from /home/airflow/.local/lib/python3.12/site-packages/airflow/example_dags/example_sla_dag.py
[2026-01-05T17:28:03.243+0000] {logging_mixin.py:190} INFO - [2026-01-05T17:28:03.242+0000] {dag.py:3211} INFO - Sync 1 DAGs
[2026-01-05T17:28:03.272+0000] {logging_mixin.py:190} INFO - [2026-01-05T17:28:03.272+0000] {dag.py:4138} INFO - Setting next_dagrun for example_sla_dag to 2026-01-05 17:26:00+00:00, run_after=2026-01-05 17:28:00+00:00
[2026-01-05T17:28:03.299+0000] {processor.py:208} INFO - Processing /home/airflow/.local/lib/python3.12/site-packages/airflow/example_dags/example_sla_dag.py took 0.111 seconds
[2026-01-05T17:28:33.501+0000] {processor.py:186} INFO - Started process (PID=1533) to work on /home/airflow/.local/lib/python3.12/site-packages/airflow/example_dags/example_sla_dag.py
[2026-01-05T17:28:33.504+0000] {processor.py:914} INFO - Processing file /home/airflow/.local/lib/python3.12/site-packages/airflow/example_dags/example_sla_dag.py for tasks to queue
[2026-01-05T17:28:33.509+0000] {logging_mixin.py:190} INFO - [2026-01-05T17:28:33.509+0000] {dagbag.py:587} INFO - Filling up the DagBag from /home/airflow/.local/lib/python3.12/site-packages/airflow/example_dags/example_sla_dag.py
[2026-01-05T17:28:33.521+0000] {processor.py:925} INFO - DAG(s) 'example_sla_dag' retrieved from /home/airflow/.local/lib/python3.12/site-packages/airflow/example_dags/example_sla_dag.py
[2026-01-05T17:28:33.555+0000] {logging_mixin.py:190} INFO - [2026-01-05T17:28:33.555+0000] {dag.py:3211} INFO - Sync 1 DAGs
[2026-01-05T17:28:33.593+0000] {logging_mixin.py:190} INFO - [2026-01-05T17:28:33.593+0000] {dag.py:4138} INFO - Setting next_dagrun for example_sla_dag to 2026-01-05 17:26:00+00:00, run_after=2026-01-05 17:28:00+00:00
[2026-01-05T17:28:33.615+0000] {processor.py:208} INFO - Processing /home/airflow/.local/lib/python3.12/site-packages/airflow/example_dags/example_sla_dag.py took 0.125 seconds
[2026-01-05T17:29:04.118+0000] {processor.py:186} INFO - Started process (PID=1599) to work on /home/airflow/.local/lib/python3.12/site-packages/airflow/example_dags/example_sla_dag.py
[2026-01-05T17:29:04.120+0000] {processor.py:914} INFO - Processing file /home/airflow/.local/lib/python3.12/site-packages/airflow/example_dags/example_sla_dag.py for tasks to queue
[2026-01-05T17:29:04.125+0000] {logging_mixin.py:190} INFO - [2026-01-05T17:29:04.124+0000] {dagbag.py:587} INFO - Filling up the DagBag from /home/airflow/.local/lib/python3.12/site-packages/airflow/example_dags/example_sla_dag.py
[2026-01-05T17:29:04.139+0000] {processor.py:925} INFO - DAG(s) 'example_sla_dag' retrieved from /home/airflow/.local/lib/python3.12/site-packages/airflow/example_dags/example_sla_dag.py
[2026-01-05T17:29:04.171+0000] {logging_mixin.py:190} INFO - [2026-01-05T17:29:04.170+0000] {dag.py:3211} INFO - Sync 1 DAGs
[2026-01-05T17:29:04.206+0000] {logging_mixin.py:190} INFO - [2026-01-05T17:29:04.206+0000] {dag.py:4138} INFO - Setting next_dagrun for example_sla_dag to 2026-01-05 17:26:00+00:00, run_after=2026-01-05 17:28:00+00:00
[2026-01-05T17:29:04.233+0000] {processor.py:208} INFO - Processing /home/airflow/.local/lib/python3.12/site-packages/airflow/example_dags/example_sla_dag.py took 0.127 seconds
[2026-01-05T17:29:35.131+0000] {processor.py:186} INFO - Started process (PID=1665) to work on /home/airflow/.local/lib/python3.12/site-packages/airflow/example_dags/example_sla_dag.py
[2026-01-05T17:29:35.133+0000] {processor.py:914} INFO - Processing file /home/airflow/.local/lib/python3.12/site-packages/airflow/example_dags/example_sla_dag.py for tasks to queue
[2026-01-05T17:29:35.136+0000] {logging_mixin.py:190} INFO - [2026-01-05T17:29:35.135+0000] {dagbag.py:587} INFO - Filling up the DagBag from /home/airflow/.local/lib/python3.12/site-packages/airflow/example_dags/example_sla_dag.py
[2026-01-05T17:29:35.144+0000] {processor.py:925} INFO - DAG(s) 'example_sla_dag' retrieved from /home/airflow/.local/lib/python3.12/site-packages/airflow/example_dags/example_sla_dag.py
[2026-01-05T17:29:35.170+0000] {logging_mixin.py:190} INFO - [2026-01-05T17:29:35.169+0000] {dag.py:3211} INFO - Sync 1 DAGs
[2026-01-05T17:29:35.197+0000] {logging_mixin.py:190} INFO - [2026-01-05T17:29:35.197+0000] {dag.py:4138} INFO - Setting next_dagrun for example_sla_dag to 2026-01-05 17:26:00+00:00, run_after=2026-01-05 17:28:00+00:00
[2026-01-05T17:29:35.220+0000] {processor.py:208} INFO - Processing /home/airflow/.local/lib/python3.12/site-packages/airflow/example_dags/example_sla_dag.py took 0.095 seconds
[2026-01-05T17:30:05.402+0000] {processor.py:186} INFO - Started process (PID=1731) to work on /home/airflow/.local/lib/python3.12/site-packages/airflow/example_dags/example_sla_dag.py
[2026-01-05T17:30:05.404+0000] {processor.py:914} INFO - Processing file /home/airflow/.local/lib/python3.12/site-packages/airflow/example_dags/example_sla_dag.py for tasks to queue
[2026-01-05T17:30:05.407+0000] {logging_mixin.py:190} INFO - [2026-01-05T17:30:05.407+0000] {dagbag.py:587} INFO - Filling up the DagBag from /home/airflow/.local/lib/python3.12/site-packages/airflow/example_dags/example_sla_dag.py
[2026-01-05T17:30:05.418+0000] {processor.py:925} INFO - DAG(s) 'example_sla_dag' retrieved from /home/airflow/.local/lib/python3.12/site-packages/airflow/example_dags/example_sla_dag.py
[2026-01-05T17:30:05.442+0000] {logging_mixin.py:190} INFO - [2026-01-05T17:30:05.442+0000] {dag.py:3211} INFO - Sync 1 DAGs
[2026-01-05T17:30:05.467+0000] {logging_mixin.py:190} INFO - [2026-01-05T17:30:05.466+0000] {dag.py:4138} INFO - Setting next_dagrun for example_sla_dag to 2026-01-05 17:28:00+00:00, run_after=2026-01-05 17:30:00+00:00
[2026-01-05T17:30:05.486+0000] {processor.py:208} INFO - Processing /home/airflow/.local/lib/python3.12/site-packages/airflow/example_dags/example_sla_dag.py took 0.090 seconds
[2026-01-05T17:30:35.916+0000] {processor.py:186} INFO - Started process (PID=1798) to work on /home/airflow/.local/lib/python3.12/site-packages/airflow/example_dags/example_sla_dag.py
[2026-01-05T17:30:35.919+0000] {processor.py:914} INFO - Processing file /home/airflow/.local/lib/python3.12/site-packages/airflow/example_dags/example_sla_dag.py for tasks to queue
[2026-01-05T17:30:35.923+0000] {logging_mixin.py:190} INFO - [2026-01-05T17:30:35.922+0000] {dagbag.py:587} INFO - Filling up the DagBag from /home/airflow/.local/lib/python3.12/site-packages/airflow/example_dags/example_sla_dag.py
[2026-01-05T17:30:35.932+0000] {processor.py:925} INFO - DAG(s) 'example_sla_dag' retrieved from /home/airflow/.local/lib/python3.12/site-packages/airflow/example_dags/example_sla_dag.py
[2026-01-05T17:30:35.957+0000] {logging_mixin.py:190} INFO - [2026-01-05T17:30:35.957+0000] {dag.py:3211} INFO - Sync 1 DAGs
[2026-01-05T17:30:35.984+0000] {logging_mixin.py:190} INFO - [2026-01-05T17:30:35.983+0000] {dag.py:4138} INFO - Setting next_dagrun for example_sla_dag to 2026-01-05 17:28:00+00:00, run_after=2026-01-05 17:30:00+00:00
[2026-01-05T17:30:36.010+0000] {processor.py:208} INFO - Processing /home/airflow/.local/lib/python3.12/site-packages/airflow/example_dags/example_sla_dag.py took 0.104 seconds
[2026-01-05T17:31:06.706+0000] {processor.py:186} INFO - Started process (PID=1864) to work on /home/airflow/.local/lib/python3.12/site-packages/airflow/example_dags/example_sla_dag.py
[2026-01-05T17:31:06.709+0000] {processor.py:914} INFO - Processing file /home/airflow/.local/lib/python3.12/site-packages/airflow/example_dags/example_sla_dag.py for tasks to queue
[2026-01-05T17:31:06.714+0000] {logging_mixin.py:190} INFO - [2026-01-05T17:31:06.714+0000] {dagbag.py:587} INFO - Filling up the DagBag from /home/airflow/.local/lib/python3.12/site-packages/airflow/example_dags/example_sla_dag.py
[2026-01-05T17:31:06.733+0000] {processor.py:925} INFO - DAG(s) 'example_sla_dag' retrieved from /home/airflow/.local/lib/python3.12/site-packages/airflow/example_dags/example_sla_dag.py
[2026-01-05T17:31:06.776+0000] {logging_mixin.py:190} INFO - [2026-01-05T17:31:06.775+0000] {dag.py:3211} INFO - Sync 1 DAGs
[2026-01-05T17:31:06.837+0000] {logging_mixin.py:190} INFO - [2026-01-05T17:31:06.837+0000] {dag.py:4138} INFO - Setting next_dagrun for example_sla_dag to 2026-01-05 17:28:00+00:00, run_after=2026-01-05 17:30:00+00:00
[2026-01-05T17:31:06.868+0000] {processor.py:208} INFO - Processing /home/airflow/.local/lib/python3.12/site-packages/airflow/example_dags/example_sla_dag.py took 0.179 seconds
[2026-01-05T17:31:37.801+0000] {processor.py:186} INFO - Started process (PID=1930) to work on /home/airflow/.local/lib/python3.12/site-packages/airflow/example_dags/example_sla_dag.py
[2026-01-05T17:31:37.802+0000] {processor.py:914} INFO - Processing file /home/airflow/.local/lib/python3.12/site-packages/airflow/example_dags/example_sla_dag.py for tasks to queue
[2026-01-05T17:31:37.806+0000] {logging_mixin.py:190} INFO - [2026-01-05T17:31:37.806+0000] {dagbag.py:587} INFO - Filling up the DagBag from /home/airflow/.local/lib/python3.12/site-packages/airflow/example_dags/example_sla_dag.py
[2026-01-05T17:31:37.816+0000] {processor.py:925} INFO - DAG(s) 'example_sla_dag' retrieved from /home/airflow/.local/lib/python3.12/site-packages/airflow/example_dags/example_sla_dag.py
[2026-01-05T17:31:37.846+0000] {logging_mixin.py:190} INFO - [2026-01-05T17:31:37.846+0000] {dag.py:3211} INFO - Sync 1 DAGs
[2026-01-05T17:31:37.880+0000] {logging_mixin.py:190} INFO - [2026-01-05T17:31:37.880+0000] {dag.py:4138} INFO - Setting next_dagrun for example_sla_dag to 2026-01-05 17:28:00+00:00, run_after=2026-01-05 17:30:00+00:00
[2026-01-05T17:31:37.909+0000] {processor.py:208} INFO - Processing /home/airflow/.local/lib/python3.12/site-packages/airflow/example_dags/example_sla_dag.py took 0.116 seconds
[2026-01-05T17:32:08.452+0000] {processor.py:186} INFO - Started process (PID=1996) to work on /home/airflow/.local/lib/python3.12/site-packages/airflow/example_dags/example_sla_dag.py
[2026-01-05T17:32:08.454+0000] {processor.py:914} INFO - Processing file /home/airflow/.local/lib/python3.12/site-packages/airflow/example_dags/example_sla_dag.py for tasks to queue
[2026-01-05T17:32:08.459+0000] {logging_mixin.py:190} INFO - [2026-01-05T17:32:08.458+0000] {dagbag.py:587} INFO - Filling up the DagBag from /home/airflow/.local/lib/python3.12/site-packages/airflow/example_dags/example_sla_dag.py
[2026-01-05T17:32:08.474+0000] {processor.py:925} INFO - DAG(s) 'example_sla_dag' retrieved from /home/airflow/.local/lib/python3.12/site-packages/airflow/example_dags/example_sla_dag.py
[2026-01-05T17:32:08.534+0000] {logging_mixin.py:190} INFO - [2026-01-05T17:32:08.533+0000] {dag.py:3211} INFO - Sync 1 DAGs
[2026-01-05T17:32:08.575+0000] {logging_mixin.py:190} INFO - [2026-01-05T17:32:08.575+0000] {dag.py:4138} INFO - Setting next_dagrun for example_sla_dag to 2026-01-05 17:30:00+00:00, run_after=2026-01-05 17:32:00+00:00
[2026-01-05T17:32:08.604+0000] {processor.py:208} INFO - Processing /home/airflow/.local/lib/python3.12/site-packages/airflow/example_dags/example_sla_dag.py took 0.161 seconds
[2026-01-05T17:32:39.009+0000] {processor.py:186} INFO - Started process (PID=2062) to work on /home/airflow/.local/lib/python3.12/site-packages/airflow/example_dags/example_sla_dag.py
[2026-01-05T17:32:39.012+0000] {processor.py:914} INFO - Processing file /home/airflow/.local/lib/python3.12/site-packages/airflow/example_dags/example_sla_dag.py for tasks to queue
[2026-01-05T17:32:39.016+0000] {logging_mixin.py:190} INFO - [2026-01-05T17:32:39.016+0000] {dagbag.py:587} INFO - Filling up the DagBag from /home/airflow/.local/lib/python3.12/site-packages/airflow/example_dags/example_sla_dag.py
[2026-01-05T17:32:39.025+0000] {processor.py:925} INFO - DAG(s) 'example_sla_dag' retrieved from /home/airflow/.local/lib/python3.12/site-packages/airflow/example_dags/example_sla_dag.py
[2026-01-05T17:32:39.052+0000] {logging_mixin.py:190} INFO - [2026-01-05T17:32:39.052+0000] {dag.py:3211} INFO - Sync 1 DAGs
[2026-01-05T17:32:39.081+0000] {logging_mixin.py:190} INFO - [2026-01-05T17:32:39.081+0000] {dag.py:4138} INFO - Setting next_dagrun for example_sla_dag to 2026-01-05 17:30:00+00:00, run_after=2026-01-05 17:32:00+00:00
[2026-01-05T17:32:39.102+0000] {processor.py:208} INFO - Processing /home/airflow/.local/lib/python3.12/site-packages/airflow/example_dags/example_sla_dag.py took 0.100 seconds
[2026-01-05T17:33:09.555+0000] {processor.py:186} INFO - Started process (PID=2128) to work on /home/airflow/.local/lib/python3.12/site-packages/airflow/example_dags/example_sla_dag.py
[2026-01-05T17:33:09.556+0000] {processor.py:914} INFO - Processing file /home/airflow/.local/lib/python3.12/site-packages/airflow/example_dags/example_sla_dag.py for tasks to queue
[2026-01-05T17:33:09.559+0000] {logging_mixin.py:190} INFO - [2026-01-05T17:33:09.559+0000] {dagbag.py:587} INFO - Filling up the DagBag from /home/airflow/.local/lib/python3.12/site-packages/airflow/example_dags/example_sla_dag.py
[2026-01-05T17:33:09.570+0000] {processor.py:925} INFO - DAG(s) 'example_sla_dag' retrieved from /home/airflow/.local/lib/python3.12/site-packages/airflow/example_dags/example_sla_dag.py
[2026-01-05T17:33:09.590+0000] {logging_mixin.py:190} INFO - [2026-01-05T17:33:09.590+0000] {dag.py:3211} INFO - Sync 1 DAGs
[2026-01-05T17:33:09.615+0000] {logging_mixin.py:190} INFO - [2026-01-05T17:33:09.614+0000] {dag.py:4138} INFO - Setting next_dagrun for example_sla_dag to 2026-01-05 17:30:00+00:00, run_after=2026-01-05 17:32:00+00:00
[2026-01-05T17:33:09.822+0000] {processor.py:208} INFO - Processing /home/airflow/.local/lib/python3.12/site-packages/airflow/example_dags/example_sla_dag.py took 0.276 seconds
[2026-01-05T17:33:40.072+0000] {processor.py:186} INFO - Started process (PID=2194) to work on /home/airflow/.local/lib/python3.12/site-packages/airflow/example_dags/example_sla_dag.py
[2026-01-05T17:33:40.073+0000] {processor.py:914} INFO - Processing file /home/airflow/.local/lib/python3.12/site-packages/airflow/example_dags/example_sla_dag.py for tasks to queue
[2026-01-05T17:33:40.078+0000] {logging_mixin.py:190} INFO - [2026-01-05T17:33:40.077+0000] {dagbag.py:587} INFO - Filling up the DagBag from /home/airflow/.local/lib/python3.12/site-packages/airflow/example_dags/example_sla_dag.py
[2026-01-05T17:33:40.094+0000] {processor.py:925} INFO - DAG(s) 'example_sla_dag' retrieved from /home/airflow/.local/lib/python3.12/site-packages/airflow/example_dags/example_sla_dag.py
[2026-01-05T17:33:40.120+0000] {logging_mixin.py:190} INFO - [2026-01-05T17:33:40.119+0000] {dag.py:3211} INFO - Sync 1 DAGs
[2026-01-05T17:33:40.149+0000] {logging_mixin.py:190} INFO - [2026-01-05T17:33:40.149+0000] {dag.py:4138} INFO - Setting next_dagrun for example_sla_dag to 2026-01-05 17:30:00+00:00, run_after=2026-01-05 17:32:00+00:00
[2026-01-05T17:33:40.360+0000] {processor.py:208} INFO - Processing /home/airflow/.local/lib/python3.12/site-packages/airflow/example_dags/example_sla_dag.py took 0.299 seconds
[2026-01-05T17:34:10.440+0000] {processor.py:186} INFO - Started process (PID=2260) to work on /home/airflow/.local/lib/python3.12/site-packages/airflow/example_dags/example_sla_dag.py
[2026-01-05T17:34:10.441+0000] {processor.py:914} INFO - Processing file /home/airflow/.local/lib/python3.12/site-packages/airflow/example_dags/example_sla_dag.py for tasks to queue
[2026-01-05T17:34:10.446+0000] {logging_mixin.py:190} INFO - [2026-01-05T17:34:10.445+0000] {dagbag.py:587} INFO - Filling up the DagBag from /home/airflow/.local/lib/python3.12/site-packages/airflow/example_dags/example_sla_dag.py
[2026-01-05T17:34:10.458+0000] {processor.py:925} INFO - DAG(s) 'example_sla_dag' retrieved from /home/airflow/.local/lib/python3.12/site-packages/airflow/example_dags/example_sla_dag.py
[2026-01-05T17:34:10.488+0000] {logging_mixin.py:190} INFO - [2026-01-05T17:34:10.488+0000] {dag.py:3211} INFO - Sync 1 DAGs
[2026-01-05T17:34:10.512+0000] {logging_mixin.py:190} INFO - [2026-01-05T17:34:10.512+0000] {dag.py:4138} INFO - Setting next_dagrun for example_sla_dag to 2026-01-05 17:32:00+00:00, run_after=2026-01-05 17:34:00+00:00
[2026-01-05T17:34:10.532+0000] {processor.py:208} INFO - Processing /home/airflow/.local/lib/python3.12/site-packages/airflow/example_dags/example_sla_dag.py took 0.103 seconds
[2026-01-05T17:34:41.143+0000] {processor.py:186} INFO - Started process (PID=2326) to work on /home/airflow/.local/lib/python3.12/site-packages/airflow/example_dags/example_sla_dag.py
[2026-01-05T17:34:41.145+0000] {processor.py:914} INFO - Processing file /home/airflow/.local/lib/python3.12/site-packages/airflow/example_dags/example_sla_dag.py for tasks to queue
[2026-01-05T17:34:41.149+0000] {logging_mixin.py:190} INFO - [2026-01-05T17:34:41.148+0000] {dagbag.py:587} INFO - Filling up the DagBag from /home/airflow/.local/lib/python3.12/site-packages/airflow/example_dags/example_sla_dag.py
[2026-01-05T17:34:41.159+0000] {processor.py:925} INFO - DAG(s) 'example_sla_dag' retrieved from /home/airflow/.local/lib/python3.12/site-packages/airflow/example_dags/example_sla_dag.py
[2026-01-05T17:34:41.186+0000] {logging_mixin.py:190} INFO - [2026-01-05T17:34:41.185+0000] {dag.py:3211} INFO - Sync 1 DAGs
[2026-01-05T17:34:41.217+0000] {logging_mixin.py:190} INFO - [2026-01-05T17:34:41.216+0000] {dag.py:4138} INFO - Setting next_dagrun for example_sla_dag to 2026-01-05 17:32:00+00:00, run_after=2026-01-05 17:34:00+00:00
[2026-01-05T17:34:41.242+0000] {processor.py:208} INFO - Processing /home/airflow/.local/lib/python3.12/site-packages/airflow/example_dags/example_sla_dag.py took 0.106 seconds
[2026-01-05T17:35:11.469+0000] {processor.py:186} INFO - Started process (PID=2392) to work on /home/airflow/.local/lib/python3.12/site-packages/airflow/example_dags/example_sla_dag.py
[2026-01-05T17:35:11.471+0000] {processor.py:914} INFO - Processing file /home/airflow/.local/lib/python3.12/site-packages/airflow/example_dags/example_sla_dag.py for tasks to queue
[2026-01-05T17:35:11.476+0000] {logging_mixin.py:190} INFO - [2026-01-05T17:35:11.475+0000] {dagbag.py:587} INFO - Filling up the DagBag from /home/airflow/.local/lib/python3.12/site-packages/airflow/example_dags/example_sla_dag.py
[2026-01-05T17:35:11.486+0000] {processor.py:925} INFO - DAG(s) 'example_sla_dag' retrieved from /home/airflow/.local/lib/python3.12/site-packages/airflow/example_dags/example_sla_dag.py
[2026-01-05T17:35:11.516+0000] {logging_mixin.py:190} INFO - [2026-01-05T17:35:11.516+0000] {dag.py:3211} INFO - Sync 1 DAGs
[2026-01-05T17:35:11.546+0000] {logging_mixin.py:190} INFO - [2026-01-05T17:35:11.545+0000] {dag.py:4138} INFO - Setting next_dagrun for example_sla_dag to 2026-01-05 17:32:00+00:00, run_after=2026-01-05 17:34:00+00:00
[2026-01-05T17:35:11.568+0000] {processor.py:208} INFO - Processing /home/airflow/.local/lib/python3.12/site-packages/airflow/example_dags/example_sla_dag.py took 0.108 seconds
[2026-01-05T17:35:41.792+0000] {processor.py:186} INFO - Started process (PID=2459) to work on /home/airflow/.local/lib/python3.12/site-packages/airflow/example_dags/example_sla_dag.py
[2026-01-05T17:35:41.794+0000] {processor.py:914} INFO - Processing file /home/airflow/.local/lib/python3.12/site-packages/airflow/example_dags/example_sla_dag.py for tasks to queue
[2026-01-05T17:35:41.798+0000] {logging_mixin.py:190} INFO - [2026-01-05T17:35:41.797+0000] {dagbag.py:587} INFO - Filling up the DagBag from /home/airflow/.local/lib/python3.12/site-packages/airflow/example_dags/example_sla_dag.py
[2026-01-05T17:35:41.806+0000] {processor.py:925} INFO - DAG(s) 'example_sla_dag' retrieved from /home/airflow/.local/lib/python3.12/site-packages/airflow/example_dags/example_sla_dag.py
[2026-01-05T17:35:41.831+0000] {logging_mixin.py:190} INFO - [2026-01-05T17:35:41.831+0000] {dag.py:3211} INFO - Sync 1 DAGs
[2026-01-05T17:35:41.860+0000] {logging_mixin.py:190} INFO - [2026-01-05T17:35:41.860+0000] {dag.py:4138} INFO - Setting next_dagrun for example_sla_dag to 2026-01-05 17:32:00+00:00, run_after=2026-01-05 17:34:00+00:00
[2026-01-05T17:35:41.881+0000] {processor.py:208} INFO - Processing /home/airflow/.local/lib/python3.12/site-packages/airflow/example_dags/example_sla_dag.py took 0.096 seconds
[2026-01-05T17:36:12.435+0000] {processor.py:186} INFO - Started process (PID=2525) to work on /home/airflow/.local/lib/python3.12/site-packages/airflow/example_dags/example_sla_dag.py
[2026-01-05T17:36:12.437+0000] {processor.py:914} INFO - Processing file /home/airflow/.local/lib/python3.12/site-packages/airflow/example_dags/example_sla_dag.py for tasks to queue
[2026-01-05T17:36:12.441+0000] {logging_mixin.py:190} INFO - [2026-01-05T17:36:12.440+0000] {dagbag.py:587} INFO - Filling up the DagBag from /home/airflow/.local/lib/python3.12/site-packages/airflow/example_dags/example_sla_dag.py
[2026-01-05T17:36:12.451+0000] {processor.py:925} INFO - DAG(s) 'example_sla_dag' retrieved from /home/airflow/.local/lib/python3.12/site-packages/airflow/example_dags/example_sla_dag.py
[2026-01-05T17:36:12.475+0000] {logging_mixin.py:190} INFO - [2026-01-05T17:36:12.474+0000] {dag.py:3211} INFO - Sync 1 DAGs
[2026-01-05T17:36:12.497+0000] {logging_mixin.py:190} INFO - [2026-01-05T17:36:12.497+0000] {dag.py:4138} INFO - Setting next_dagrun for example_sla_dag to 2026-01-05 17:34:00+00:00, run_after=2026-01-05 17:36:00+00:00
[2026-01-05T17:36:12.519+0000] {processor.py:208} INFO - Processing /home/airflow/.local/lib/python3.12/site-packages/airflow/example_dags/example_sla_dag.py took 0.090 seconds
[2026-01-05T17:36:43.029+0000] {processor.py:186} INFO - Started process (PID=2591) to work on /home/airflow/.local/lib/python3.12/site-packages/airflow/example_dags/example_sla_dag.py
[2026-01-05T17:36:43.031+0000] {processor.py:914} INFO - Processing file /home/airflow/.local/lib/python3.12/site-packages/airflow/example_dags/example_sla_dag.py for tasks to queue
[2026-01-05T17:36:43.034+0000] {logging_mixin.py:190} INFO - [2026-01-05T17:36:43.034+0000] {dagbag.py:587} INFO - Filling up the DagBag from /home/airflow/.local/lib/python3.12/site-packages/airflow/example_dags/example_sla_dag.py
[2026-01-05T17:36:43.043+0000] {processor.py:925} INFO - DAG(s) 'example_sla_dag' retrieved from /home/airflow/.local/lib/python3.12/site-packages/airflow/example_dags/example_sla_dag.py
[2026-01-05T17:36:43.065+0000] {logging_mixin.py:190} INFO - [2026-01-05T17:36:43.065+0000] {dag.py:3211} INFO - Sync 1 DAGs
[2026-01-05T17:36:43.094+0000] {logging_mixin.py:190} INFO - [2026-01-05T17:36:43.094+0000] {dag.py:4138} INFO - Setting next_dagrun for example_sla_dag to 2026-01-05 17:34:00+00:00, run_after=2026-01-05 17:36:00+00:00
[2026-01-05T17:36:43.115+0000] {processor.py:208} INFO - Processing /home/airflow/.local/lib/python3.12/site-packages/airflow/example_dags/example_sla_dag.py took 0.092 seconds
[2026-01-05T17:37:13.460+0000] {processor.py:186} INFO - Started process (PID=2657) to work on /home/airflow/.local/lib/python3.12/site-packages/airflow/example_dags/example_sla_dag.py
[2026-01-05T17:37:13.462+0000] {processor.py:914} INFO - Processing file /home/airflow/.local/lib/python3.12/site-packages/airflow/example_dags/example_sla_dag.py for tasks to queue
[2026-01-05T17:37:13.465+0000] {logging_mixin.py:190} INFO - [2026-01-05T17:37:13.464+0000] {dagbag.py:587} INFO - Filling up the DagBag from /home/airflow/.local/lib/python3.12/site-packages/airflow/example_dags/example_sla_dag.py
[2026-01-05T17:37:13.473+0000] {processor.py:925} INFO - DAG(s) 'example_sla_dag' retrieved from /home/airflow/.local/lib/python3.12/site-packages/airflow/example_dags/example_sla_dag.py
[2026-01-05T17:37:13.496+0000] {logging_mixin.py:190} INFO - [2026-01-05T17:37:13.496+0000] {dag.py:3211} INFO - Sync 1 DAGs
[2026-01-05T17:37:13.522+0000] {logging_mixin.py:190} INFO - [2026-01-05T17:37:13.522+0000] {dag.py:4138} INFO - Setting next_dagrun for example_sla_dag to 2026-01-05 17:34:00+00:00, run_after=2026-01-05 17:36:00+00:00
[2026-01-05T17:37:13.543+0000] {processor.py:208} INFO - Processing /home/airflow/.local/lib/python3.12/site-packages/airflow/example_dags/example_sla_dag.py took 0.093 seconds
[2026-01-05T17:37:44.294+0000] {processor.py:186} INFO - Started process (PID=2723) to work on /home/airflow/.local/lib/python3.12/site-packages/airflow/example_dags/example_sla_dag.py
[2026-01-05T17:37:44.297+0000] {processor.py:914} INFO - Processing file /home/airflow/.local/lib/python3.12/site-packages/airflow/example_dags/example_sla_dag.py for tasks to queue
[2026-01-05T17:37:44.301+0000] {logging_mixin.py:190} INFO - [2026-01-05T17:37:44.300+0000] {dagbag.py:587} INFO - Filling up the DagBag from /home/airflow/.local/lib/python3.12/site-packages/airflow/example_dags/example_sla_dag.py
[2026-01-05T17:37:44.316+0000] {processor.py:925} INFO - DAG(s) 'example_sla_dag' retrieved from /home/airflow/.local/lib/python3.12/site-packages/airflow/example_dags/example_sla_dag.py
[2026-01-05T17:37:44.357+0000] {logging_mixin.py:190} INFO - [2026-01-05T17:37:44.357+0000] {dag.py:3211} INFO - Sync 1 DAGs
[2026-01-05T17:37:44.421+0000] {logging_mixin.py:190} INFO - [2026-01-05T17:37:44.420+0000] {dag.py:4138} INFO - Setting next_dagrun for example_sla_dag to 2026-01-05 17:34:00+00:00, run_after=2026-01-05 17:36:00+00:00
[2026-01-05T17:37:44.459+0000] {processor.py:208} INFO - Processing /home/airflow/.local/lib/python3.12/site-packages/airflow/example_dags/example_sla_dag.py took 0.175 seconds
[2026-01-05T17:38:14.532+0000] {processor.py:186} INFO - Started process (PID=2789) to work on /home/airflow/.local/lib/python3.12/site-packages/airflow/example_dags/example_sla_dag.py
[2026-01-05T17:38:14.535+0000] {processor.py:914} INFO - Processing file /home/airflow/.local/lib/python3.12/site-packages/airflow/example_dags/example_sla_dag.py for tasks to queue
[2026-01-05T17:38:14.539+0000] {logging_mixin.py:190} INFO - [2026-01-05T17:38:14.538+0000] {dagbag.py:587} INFO - Filling up the DagBag from /home/airflow/.local/lib/python3.12/site-packages/airflow/example_dags/example_sla_dag.py
[2026-01-05T17:38:14.551+0000] {processor.py:925} INFO - DAG(s) 'example_sla_dag' retrieved from /home/airflow/.local/lib/python3.12/site-packages/airflow/example_dags/example_sla_dag.py
[2026-01-05T17:38:14.577+0000] {logging_mixin.py:190} INFO - [2026-01-05T17:38:14.576+0000] {dag.py:3211} INFO - Sync 1 DAGs
[2026-01-05T17:38:14.603+0000] {logging_mixin.py:190} INFO - [2026-01-05T17:38:14.602+0000] {dag.py:4138} INFO - Setting next_dagrun for example_sla_dag to 2026-01-05 17:36:00+00:00, run_after=2026-01-05 17:38:00+00:00
[2026-01-05T17:38:14.624+0000] {processor.py:208} INFO - Processing /home/airflow/.local/lib/python3.12/site-packages/airflow/example_dags/example_sla_dag.py took 0.100 seconds
[2026-01-05T17:38:45.037+0000] {processor.py:186} INFO - Started process (PID=2855) to work on /home/airflow/.local/lib/python3.12/site-packages/airflow/example_dags/example_sla_dag.py
[2026-01-05T17:38:45.039+0000] {processor.py:914} INFO - Processing file /home/airflow/.local/lib/python3.12/site-packages/airflow/example_dags/example_sla_dag.py for tasks to queue
[2026-01-05T17:38:45.043+0000] {logging_mixin.py:190} INFO - [2026-01-05T17:38:45.042+0000] {dagbag.py:587} INFO - Filling up the DagBag from /home/airflow/.local/lib/python3.12/site-packages/airflow/example_dags/example_sla_dag.py
[2026-01-05T17:38:45.051+0000] {processor.py:925} INFO - DAG(s) 'example_sla_dag' retrieved from /home/airflow/.local/lib/python3.12/site-packages/airflow/example_dags/example_sla_dag.py
[2026-01-05T17:38:45.080+0000] {logging_mixin.py:190} INFO - [2026-01-05T17:38:45.080+0000] {dag.py:3211} INFO - Sync 1 DAGs
[2026-01-05T17:38:45.111+0000] {logging_mixin.py:190} INFO - [2026-01-05T17:38:45.111+0000] {dag.py:4138} INFO - Setting next_dagrun for example_sla_dag to 2026-01-05 17:36:00+00:00, run_after=2026-01-05 17:38:00+00:00
[2026-01-05T17:38:45.133+0000] {processor.py:208} INFO - Processing /home/airflow/.local/lib/python3.12/site-packages/airflow/example_dags/example_sla_dag.py took 0.104 seconds
[2026-01-05T17:39:15.239+0000] {processor.py:186} INFO - Started process (PID=2921) to work on /home/airflow/.local/lib/python3.12/site-packages/airflow/example_dags/example_sla_dag.py
[2026-01-05T17:39:15.242+0000] {processor.py:914} INFO - Processing file /home/airflow/.local/lib/python3.12/site-packages/airflow/example_dags/example_sla_dag.py for tasks to queue
[2026-01-05T17:39:15.245+0000] {logging_mixin.py:190} INFO - [2026-01-05T17:39:15.244+0000] {dagbag.py:587} INFO - Filling up the DagBag from /home/airflow/.local/lib/python3.12/site-packages/airflow/example_dags/example_sla_dag.py
[2026-01-05T17:39:15.253+0000] {processor.py:925} INFO - DAG(s) 'example_sla_dag' retrieved from /home/airflow/.local/lib/python3.12/site-packages/airflow/example_dags/example_sla_dag.py
[2026-01-05T17:39:15.283+0000] {logging_mixin.py:190} INFO - [2026-01-05T17:39:15.283+0000] {dag.py:3211} INFO - Sync 1 DAGs
[2026-01-05T17:39:15.313+0000] {logging_mixin.py:190} INFO - [2026-01-05T17:39:15.312+0000] {dag.py:4138} INFO - Setting next_dagrun for example_sla_dag to 2026-01-05 17:36:00+00:00, run_after=2026-01-05 17:38:00+00:00
[2026-01-05T17:39:15.336+0000] {processor.py:208} INFO - Processing /home/airflow/.local/lib/python3.12/site-packages/airflow/example_dags/example_sla_dag.py took 0.103 seconds
[2026-01-05T17:39:45.738+0000] {processor.py:186} INFO - Started process (PID=2987) to work on /home/airflow/.local/lib/python3.12/site-packages/airflow/example_dags/example_sla_dag.py
[2026-01-05T17:39:45.740+0000] {processor.py:914} INFO - Processing file /home/airflow/.local/lib/python3.12/site-packages/airflow/example_dags/example_sla_dag.py for tasks to queue
[2026-01-05T17:39:45.744+0000] {logging_mixin.py:190} INFO - [2026-01-05T17:39:45.744+0000] {dagbag.py:587} INFO - Filling up the DagBag from /home/airflow/.local/lib/python3.12/site-packages/airflow/example_dags/example_sla_dag.py
[2026-01-05T17:39:45.756+0000] {processor.py:925} INFO - DAG(s) 'example_sla_dag' retrieved from /home/airflow/.local/lib/python3.12/site-packages/airflow/example_dags/example_sla_dag.py
[2026-01-05T17:39:45.781+0000] {logging_mixin.py:190} INFO - [2026-01-05T17:39:45.780+0000] {dag.py:3211} INFO - Sync 1 DAGs
[2026-01-05T17:39:45.808+0000] {logging_mixin.py:190} INFO - [2026-01-05T17:39:45.807+0000] {dag.py:4138} INFO - Setting next_dagrun for example_sla_dag to 2026-01-05 17:36:00+00:00, run_after=2026-01-05 17:38:00+00:00
[2026-01-05T17:39:45.829+0000] {processor.py:208} INFO - Processing /home/airflow/.local/lib/python3.12/site-packages/airflow/example_dags/example_sla_dag.py took 0.102 seconds
[2026-01-05T17:40:16.334+0000] {processor.py:186} INFO - Started process (PID=3053) to work on /home/airflow/.local/lib/python3.12/site-packages/airflow/example_dags/example_sla_dag.py
[2026-01-05T17:40:16.336+0000] {processor.py:914} INFO - Processing file /home/airflow/.local/lib/python3.12/site-packages/airflow/example_dags/example_sla_dag.py for tasks to queue
[2026-01-05T17:40:16.341+0000] {logging_mixin.py:190} INFO - [2026-01-05T17:40:16.340+0000] {dagbag.py:587} INFO - Filling up the DagBag from /home/airflow/.local/lib/python3.12/site-packages/airflow/example_dags/example_sla_dag.py
[2026-01-05T17:40:16.351+0000] {processor.py:925} INFO - DAG(s) 'example_sla_dag' retrieved from /home/airflow/.local/lib/python3.12/site-packages/airflow/example_dags/example_sla_dag.py
[2026-01-05T17:40:16.376+0000] {logging_mixin.py:190} INFO - [2026-01-05T17:40:16.376+0000] {dag.py:3211} INFO - Sync 1 DAGs
[2026-01-05T17:40:16.406+0000] {logging_mixin.py:190} INFO - [2026-01-05T17:40:16.406+0000] {dag.py:4138} INFO - Setting next_dagrun for example_sla_dag to 2026-01-05 17:38:00+00:00, run_after=2026-01-05 17:40:00+00:00
[2026-01-05T17:40:16.431+0000] {processor.py:208} INFO - Processing /home/airflow/.local/lib/python3.12/site-packages/airflow/example_dags/example_sla_dag.py took 0.105 seconds
[2026-01-05T17:40:46.703+0000] {processor.py:186} INFO - Started process (PID=3119) to work on /home/airflow/.local/lib/python3.12/site-packages/airflow/example_dags/example_sla_dag.py
[2026-01-05T17:40:46.704+0000] {processor.py:914} INFO - Processing file /home/airflow/.local/lib/python3.12/site-packages/airflow/example_dags/example_sla_dag.py for tasks to queue
[2026-01-05T17:40:46.709+0000] {logging_mixin.py:190} INFO - [2026-01-05T17:40:46.708+0000] {dagbag.py:587} INFO - Filling up the DagBag from /home/airflow/.local/lib/python3.12/site-packages/airflow/example_dags/example_sla_dag.py
[2026-01-05T17:40:46.725+0000] {processor.py:925} INFO - DAG(s) 'example_sla_dag' retrieved from /home/airflow/.local/lib/python3.12/site-packages/airflow/example_dags/example_sla_dag.py
[2026-01-05T17:40:46.772+0000] {logging_mixin.py:190} INFO - [2026-01-05T17:40:46.771+0000] {dag.py:3211} INFO - Sync 1 DAGs
[2026-01-05T17:40:46.851+0000] {logging_mixin.py:190} INFO - [2026-01-05T17:40:46.850+0000] {dag.py:4138} INFO - Setting next_dagrun for example_sla_dag to 2026-01-05 17:38:00+00:00, run_after=2026-01-05 17:40:00+00:00
[2026-01-05T17:40:46.908+0000] {processor.py:208} INFO - Processing /home/airflow/.local/lib/python3.12/site-packages/airflow/example_dags/example_sla_dag.py took 0.211 seconds
[2026-01-05T17:41:17.140+0000] {processor.py:186} INFO - Started process (PID=3185) to work on /home/airflow/.local/lib/python3.12/site-packages/airflow/example_dags/example_sla_dag.py
[2026-01-05T17:41:17.141+0000] {processor.py:914} INFO - Processing file /home/airflow/.local/lib/python3.12/site-packages/airflow/example_dags/example_sla_dag.py for tasks to queue
[2026-01-05T17:41:17.145+0000] {logging_mixin.py:190} INFO - [2026-01-05T17:41:17.144+0000] {dagbag.py:587} INFO - Filling up the DagBag from /home/airflow/.local/lib/python3.12/site-packages/airflow/example_dags/example_sla_dag.py
[2026-01-05T17:41:17.157+0000] {processor.py:925} INFO - DAG(s) 'example_sla_dag' retrieved from /home/airflow/.local/lib/python3.12/site-packages/airflow/example_dags/example_sla_dag.py
[2026-01-05T17:41:17.190+0000] {logging_mixin.py:190} INFO - [2026-01-05T17:41:17.189+0000] {dag.py:3211} INFO - Sync 1 DAGs
[2026-01-05T17:41:17.215+0000] {logging_mixin.py:190} INFO - [2026-01-05T17:41:17.214+0000] {dag.py:4138} INFO - Setting next_dagrun for example_sla_dag to 2026-01-05 17:38:00+00:00, run_after=2026-01-05 17:40:00+00:00
[2026-01-05T17:41:17.236+0000] {processor.py:208} INFO - Processing /home/airflow/.local/lib/python3.12/site-packages/airflow/example_dags/example_sla_dag.py took 0.107 seconds
[2026-01-05T17:41:47.383+0000] {processor.py:186} INFO - Started process (PID=3251) to work on /home/airflow/.local/lib/python3.12/site-packages/airflow/example_dags/example_sla_dag.py
[2026-01-05T17:41:47.384+0000] {processor.py:914} INFO - Processing file /home/airflow/.local/lib/python3.12/site-packages/airflow/example_dags/example_sla_dag.py for tasks to queue
[2026-01-05T17:41:47.389+0000] {logging_mixin.py:190} INFO - [2026-01-05T17:41:47.388+0000] {dagbag.py:587} INFO - Filling up the DagBag from /home/airflow/.local/lib/python3.12/site-packages/airflow/example_dags/example_sla_dag.py
[2026-01-05T17:41:47.402+0000] {processor.py:925} INFO - DAG(s) 'example_sla_dag' retrieved from /home/airflow/.local/lib/python3.12/site-packages/airflow/example_dags/example_sla_dag.py
[2026-01-05T17:41:47.429+0000] {logging_mixin.py:190} INFO - [2026-01-05T17:41:47.428+0000] {dag.py:3211} INFO - Sync 1 DAGs
[2026-01-05T17:41:47.463+0000] {logging_mixin.py:190} INFO - [2026-01-05T17:41:47.463+0000] {dag.py:4138} INFO - Setting next_dagrun for example_sla_dag to 2026-01-05 17:38:00+00:00, run_after=2026-01-05 17:40:00+00:00
[2026-01-05T17:41:47.486+0000] {processor.py:208} INFO - Processing /home/airflow/.local/lib/python3.12/site-packages/airflow/example_dags/example_sla_dag.py took 0.113 seconds
[2026-01-05T17:42:17.747+0000] {processor.py:186} INFO - Started process (PID=3317) to work on /home/airflow/.local/lib/python3.12/site-packages/airflow/example_dags/example_sla_dag.py
[2026-01-05T17:42:17.748+0000] {processor.py:914} INFO - Processing file /home/airflow/.local/lib/python3.12/site-packages/airflow/example_dags/example_sla_dag.py for tasks to queue
[2026-01-05T17:42:17.752+0000] {logging_mixin.py:190} INFO - [2026-01-05T17:42:17.751+0000] {dagbag.py:587} INFO - Filling up the DagBag from /home/airflow/.local/lib/python3.12/site-packages/airflow/example_dags/example_sla_dag.py
[2026-01-05T17:42:17.766+0000] {processor.py:925} INFO - DAG(s) 'example_sla_dag' retrieved from /home/airflow/.local/lib/python3.12/site-packages/airflow/example_dags/example_sla_dag.py
[2026-01-05T17:42:17.794+0000] {logging_mixin.py:190} INFO - [2026-01-05T17:42:17.794+0000] {dag.py:3211} INFO - Sync 1 DAGs
[2026-01-05T17:42:17.827+0000] {logging_mixin.py:190} INFO - [2026-01-05T17:42:17.827+0000] {dag.py:4138} INFO - Setting next_dagrun for example_sla_dag to 2026-01-05 17:40:00+00:00, run_after=2026-01-05 17:42:00+00:00
[2026-01-05T17:42:17.852+0000] {processor.py:208} INFO - Processing /home/airflow/.local/lib/python3.12/site-packages/airflow/example_dags/example_sla_dag.py took 0.112 seconds
[2026-01-05T17:42:48.236+0000] {processor.py:186} INFO - Started process (PID=3383) to work on /home/airflow/.local/lib/python3.12/site-packages/airflow/example_dags/example_sla_dag.py
[2026-01-05T17:42:48.237+0000] {processor.py:914} INFO - Processing file /home/airflow/.local/lib/python3.12/site-packages/airflow/example_dags/example_sla_dag.py for tasks to queue
[2026-01-05T17:42:48.241+0000] {logging_mixin.py:190} INFO - [2026-01-05T17:42:48.241+0000] {dagbag.py:587} INFO - Filling up the DagBag from /home/airflow/.local/lib/python3.12/site-packages/airflow/example_dags/example_sla_dag.py
[2026-01-05T17:42:48.253+0000] {processor.py:925} INFO - DAG(s) 'example_sla_dag' retrieved from /home/airflow/.local/lib/python3.12/site-packages/airflow/example_dags/example_sla_dag.py
[2026-01-05T17:42:48.281+0000] {logging_mixin.py:190} INFO - [2026-01-05T17:42:48.281+0000] {dag.py:3211} INFO - Sync 1 DAGs
[2026-01-05T17:42:48.321+0000] {logging_mixin.py:190} INFO - [2026-01-05T17:42:48.321+0000] {dag.py:4138} INFO - Setting next_dagrun for example_sla_dag to 2026-01-05 17:40:00+00:00, run_after=2026-01-05 17:42:00+00:00
[2026-01-05T17:42:48.348+0000] {processor.py:208} INFO - Processing /home/airflow/.local/lib/python3.12/site-packages/airflow/example_dags/example_sla_dag.py took 0.122 seconds
[2026-01-05T17:43:18.559+0000] {processor.py:186} INFO - Started process (PID=3449) to work on /home/airflow/.local/lib/python3.12/site-packages/airflow/example_dags/example_sla_dag.py
[2026-01-05T17:43:18.560+0000] {processor.py:914} INFO - Processing file /home/airflow/.local/lib/python3.12/site-packages/airflow/example_dags/example_sla_dag.py for tasks to queue
[2026-01-05T17:43:18.565+0000] {logging_mixin.py:190} INFO - [2026-01-05T17:43:18.565+0000] {dagbag.py:587} INFO - Filling up the DagBag from /home/airflow/.local/lib/python3.12/site-packages/airflow/example_dags/example_sla_dag.py
[2026-01-05T17:43:18.576+0000] {processor.py:925} INFO - DAG(s) 'example_sla_dag' retrieved from /home/airflow/.local/lib/python3.12/site-packages/airflow/example_dags/example_sla_dag.py
[2026-01-05T17:43:18.608+0000] {logging_mixin.py:190} INFO - [2026-01-05T17:43:18.608+0000] {dag.py:3211} INFO - Sync 1 DAGs
[2026-01-05T17:43:18.643+0000] {logging_mixin.py:190} INFO - [2026-01-05T17:43:18.642+0000] {dag.py:4138} INFO - Setting next_dagrun for example_sla_dag to 2026-01-05 17:40:00+00:00, run_after=2026-01-05 17:42:00+00:00
[2026-01-05T17:43:18.673+0000] {processor.py:208} INFO - Processing /home/airflow/.local/lib/python3.12/site-packages/airflow/example_dags/example_sla_dag.py took 0.121 seconds
[2026-01-05T17:43:48.913+0000] {processor.py:186} INFO - Started process (PID=3515) to work on /home/airflow/.local/lib/python3.12/site-packages/airflow/example_dags/example_sla_dag.py
[2026-01-05T17:43:48.915+0000] {processor.py:914} INFO - Processing file /home/airflow/.local/lib/python3.12/site-packages/airflow/example_dags/example_sla_dag.py for tasks to queue
[2026-01-05T17:43:48.918+0000] {logging_mixin.py:190} INFO - [2026-01-05T17:43:48.918+0000] {dagbag.py:587} INFO - Filling up the DagBag from /home/airflow/.local/lib/python3.12/site-packages/airflow/example_dags/example_sla_dag.py
[2026-01-05T17:43:48.931+0000] {processor.py:925} INFO - DAG(s) 'example_sla_dag' retrieved from /home/airflow/.local/lib/python3.12/site-packages/airflow/example_dags/example_sla_dag.py
[2026-01-05T17:43:48.961+0000] {logging_mixin.py:190} INFO - [2026-01-05T17:43:48.961+0000] {dag.py:3211} INFO - Sync 1 DAGs
[2026-01-05T17:43:48.993+0000] {logging_mixin.py:190} INFO - [2026-01-05T17:43:48.992+0000] {dag.py:4138} INFO - Setting next_dagrun for example_sla_dag to 2026-01-05 17:40:00+00:00, run_after=2026-01-05 17:42:00+00:00
[2026-01-05T17:43:49.016+0000] {processor.py:208} INFO - Processing /home/airflow/.local/lib/python3.12/site-packages/airflow/example_dags/example_sla_dag.py took 0.113 seconds
[2026-01-05T17:44:19.420+0000] {processor.py:186} INFO - Started process (PID=3581) to work on /home/airflow/.local/lib/python3.12/site-packages/airflow/example_dags/example_sla_dag.py
[2026-01-05T17:44:19.422+0000] {processor.py:914} INFO - Processing file /home/airflow/.local/lib/python3.12/site-packages/airflow/example_dags/example_sla_dag.py for tasks to queue
[2026-01-05T17:44:19.426+0000] {logging_mixin.py:190} INFO - [2026-01-05T17:44:19.426+0000] {dagbag.py:587} INFO - Filling up the DagBag from /home/airflow/.local/lib/python3.12/site-packages/airflow/example_dags/example_sla_dag.py
[2026-01-05T17:44:19.439+0000] {processor.py:925} INFO - DAG(s) 'example_sla_dag' retrieved from /home/airflow/.local/lib/python3.12/site-packages/airflow/example_dags/example_sla_dag.py
[2026-01-05T17:44:19.471+0000] {logging_mixin.py:190} INFO - [2026-01-05T17:44:19.471+0000] {dag.py:3211} INFO - Sync 1 DAGs
[2026-01-05T17:44:19.508+0000] {logging_mixin.py:190} INFO - [2026-01-05T17:44:19.507+0000] {dag.py:4138} INFO - Setting next_dagrun for example_sla_dag to 2026-01-05 17:42:00+00:00, run_after=2026-01-05 17:44:00+00:00
[2026-01-05T17:44:19.535+0000] {processor.py:208} INFO - Processing /home/airflow/.local/lib/python3.12/site-packages/airflow/example_dags/example_sla_dag.py took 0.125 seconds
[2026-01-05T17:44:50.061+0000] {processor.py:186} INFO - Started process (PID=3648) to work on /home/airflow/.local/lib/python3.12/site-packages/airflow/example_dags/example_sla_dag.py
[2026-01-05T17:44:50.063+0000] {processor.py:914} INFO - Processing file /home/airflow/.local/lib/python3.12/site-packages/airflow/example_dags/example_sla_dag.py for tasks to queue
[2026-01-05T17:44:50.068+0000] {logging_mixin.py:190} INFO - [2026-01-05T17:44:50.068+0000] {dagbag.py:587} INFO - Filling up the DagBag from /home/airflow/.local/lib/python3.12/site-packages/airflow/example_dags/example_sla_dag.py
[2026-01-05T17:44:50.078+0000] {processor.py:925} INFO - DAG(s) 'example_sla_dag' retrieved from /home/airflow/.local/lib/python3.12/site-packages/airflow/example_dags/example_sla_dag.py
[2026-01-05T17:44:50.105+0000] {logging_mixin.py:190} INFO - [2026-01-05T17:44:50.104+0000] {dag.py:3211} INFO - Sync 1 DAGs
[2026-01-05T17:44:50.137+0000] {logging_mixin.py:190} INFO - [2026-01-05T17:44:50.136+0000] {dag.py:4138} INFO - Setting next_dagrun for example_sla_dag to 2026-01-05 17:42:00+00:00, run_after=2026-01-05 17:44:00+00:00
[2026-01-05T17:44:50.158+0000] {processor.py:208} INFO - Processing /home/airflow/.local/lib/python3.12/site-packages/airflow/example_dags/example_sla_dag.py took 0.104 seconds
