[2026-01-05T17:17:46.886+0000] {processor.py:186} INFO - Started process (PID=127) to work on /home/airflow/.local/lib/python3.12/site-packages/airflow/example_dags/example_branch_operator_decorator.py
[2026-01-05T17:17:46.888+0000] {processor.py:914} INFO - Processing file /home/airflow/.local/lib/python3.12/site-packages/airflow/example_dags/example_branch_operator_decorator.py for tasks to queue
[2026-01-05T17:17:46.892+0000] {logging_mixin.py:190} INFO - [2026-01-05T17:17:46.891+0000] {dagbag.py:587} INFO - Filling up the DagBag from /home/airflow/.local/lib/python3.12/site-packages/airflow/example_dags/example_branch_operator_decorator.py
[2026-01-05T17:17:46.937+0000] {processor.py:925} INFO - DAG(s) 'example_branch_python_operator_decorator' retrieved from /home/airflow/.local/lib/python3.12/site-packages/airflow/example_dags/example_branch_operator_decorator.py
[2026-01-05T17:17:47.144+0000] {logging_mixin.py:190} INFO - [2026-01-05T17:17:47.143+0000] {dag.py:3211} INFO - Sync 1 DAGs
[2026-01-05T17:17:47.290+0000] {logging_mixin.py:190} INFO - [2026-01-05T17:17:47.290+0000] {dag.py:4138} INFO - Setting next_dagrun for example_branch_python_operator_decorator to 2026-01-04 00:00:00+00:00, run_after=2026-01-05 00:00:00+00:00
[2026-01-05T17:17:47.436+0000] {processor.py:208} INFO - Processing /home/airflow/.local/lib/python3.12/site-packages/airflow/example_dags/example_branch_operator_decorator.py took 0.564 seconds
[2026-01-05T17:18:18.180+0000] {processor.py:186} INFO - Started process (PID=195) to work on /home/airflow/.local/lib/python3.12/site-packages/airflow/example_dags/example_branch_operator_decorator.py
[2026-01-05T17:18:18.182+0000] {processor.py:914} INFO - Processing file /home/airflow/.local/lib/python3.12/site-packages/airflow/example_dags/example_branch_operator_decorator.py for tasks to queue
[2026-01-05T17:18:18.188+0000] {logging_mixin.py:190} INFO - [2026-01-05T17:18:18.187+0000] {dagbag.py:587} INFO - Filling up the DagBag from /home/airflow/.local/lib/python3.12/site-packages/airflow/example_dags/example_branch_operator_decorator.py
[2026-01-05T17:18:18.225+0000] {processor.py:925} INFO - DAG(s) 'example_branch_python_operator_decorator' retrieved from /home/airflow/.local/lib/python3.12/site-packages/airflow/example_dags/example_branch_operator_decorator.py
[2026-01-05T17:18:18.317+0000] {logging_mixin.py:190} INFO - [2026-01-05T17:18:18.317+0000] {dag.py:3211} INFO - Sync 1 DAGs
[2026-01-05T17:18:18.415+0000] {logging_mixin.py:190} INFO - [2026-01-05T17:18:18.414+0000] {dag.py:4138} INFO - Setting next_dagrun for example_branch_python_operator_decorator to 2026-01-04 00:00:00+00:00, run_after=2026-01-05 00:00:00+00:00
[2026-01-05T17:18:18.456+0000] {processor.py:208} INFO - Processing /home/airflow/.local/lib/python3.12/site-packages/airflow/example_dags/example_branch_operator_decorator.py took 0.288 seconds
[2026-01-05T17:18:48.843+0000] {processor.py:186} INFO - Started process (PID=261) to work on /home/airflow/.local/lib/python3.12/site-packages/airflow/example_dags/example_branch_operator_decorator.py
[2026-01-05T17:18:48.857+0000] {processor.py:914} INFO - Processing file /home/airflow/.local/lib/python3.12/site-packages/airflow/example_dags/example_branch_operator_decorator.py for tasks to queue
[2026-01-05T17:18:48.870+0000] {logging_mixin.py:190} INFO - [2026-01-05T17:18:48.869+0000] {dagbag.py:587} INFO - Filling up the DagBag from /home/airflow/.local/lib/python3.12/site-packages/airflow/example_dags/example_branch_operator_decorator.py
[2026-01-05T17:18:48.936+0000] {processor.py:925} INFO - DAG(s) 'example_branch_python_operator_decorator' retrieved from /home/airflow/.local/lib/python3.12/site-packages/airflow/example_dags/example_branch_operator_decorator.py
[2026-01-05T17:18:48.987+0000] {logging_mixin.py:190} INFO - [2026-01-05T17:18:48.987+0000] {dag.py:3211} INFO - Sync 1 DAGs
[2026-01-05T17:18:49.024+0000] {logging_mixin.py:190} INFO - [2026-01-05T17:18:49.024+0000] {dag.py:4138} INFO - Setting next_dagrun for example_branch_python_operator_decorator to 2026-01-04 00:00:00+00:00, run_after=2026-01-05 00:00:00+00:00
[2026-01-05T17:18:49.055+0000] {processor.py:208} INFO - Processing /home/airflow/.local/lib/python3.12/site-packages/airflow/example_dags/example_branch_operator_decorator.py took 0.221 seconds
[2026-01-05T17:19:19.964+0000] {processor.py:186} INFO - Started process (PID=326) to work on /home/airflow/.local/lib/python3.12/site-packages/airflow/example_dags/example_branch_operator_decorator.py
[2026-01-05T17:19:19.966+0000] {processor.py:914} INFO - Processing file /home/airflow/.local/lib/python3.12/site-packages/airflow/example_dags/example_branch_operator_decorator.py for tasks to queue
[2026-01-05T17:19:19.971+0000] {logging_mixin.py:190} INFO - [2026-01-05T17:19:19.970+0000] {dagbag.py:587} INFO - Filling up the DagBag from /home/airflow/.local/lib/python3.12/site-packages/airflow/example_dags/example_branch_operator_decorator.py
[2026-01-05T17:19:20.008+0000] {processor.py:925} INFO - DAG(s) 'example_branch_python_operator_decorator' retrieved from /home/airflow/.local/lib/python3.12/site-packages/airflow/example_dags/example_branch_operator_decorator.py
[2026-01-05T17:19:20.067+0000] {logging_mixin.py:190} INFO - [2026-01-05T17:19:20.067+0000] {dag.py:3211} INFO - Sync 1 DAGs
[2026-01-05T17:19:20.147+0000] {logging_mixin.py:190} INFO - [2026-01-05T17:19:20.146+0000] {dag.py:4138} INFO - Setting next_dagrun for example_branch_python_operator_decorator to 2026-01-04 00:00:00+00:00, run_after=2026-01-05 00:00:00+00:00
[2026-01-05T17:19:20.210+0000] {processor.py:208} INFO - Processing /home/airflow/.local/lib/python3.12/site-packages/airflow/example_dags/example_branch_operator_decorator.py took 0.256 seconds
[2026-01-05T17:19:50.448+0000] {processor.py:186} INFO - Started process (PID=393) to work on /home/airflow/.local/lib/python3.12/site-packages/airflow/example_dags/example_branch_operator_decorator.py
[2026-01-05T17:19:50.449+0000] {processor.py:914} INFO - Processing file /home/airflow/.local/lib/python3.12/site-packages/airflow/example_dags/example_branch_operator_decorator.py for tasks to queue
[2026-01-05T17:19:50.452+0000] {logging_mixin.py:190} INFO - [2026-01-05T17:19:50.451+0000] {dagbag.py:587} INFO - Filling up the DagBag from /home/airflow/.local/lib/python3.12/site-packages/airflow/example_dags/example_branch_operator_decorator.py
[2026-01-05T17:19:50.471+0000] {processor.py:925} INFO - DAG(s) 'example_branch_python_operator_decorator' retrieved from /home/airflow/.local/lib/python3.12/site-packages/airflow/example_dags/example_branch_operator_decorator.py
[2026-01-05T17:19:50.501+0000] {logging_mixin.py:190} INFO - [2026-01-05T17:19:50.500+0000] {dag.py:3211} INFO - Sync 1 DAGs
[2026-01-05T17:19:50.521+0000] {logging_mixin.py:190} INFO - [2026-01-05T17:19:50.520+0000] {dag.py:4138} INFO - Setting next_dagrun for example_branch_python_operator_decorator to 2026-01-04 00:00:00+00:00, run_after=2026-01-05 00:00:00+00:00
[2026-01-05T17:19:50.542+0000] {processor.py:208} INFO - Processing /home/airflow/.local/lib/python3.12/site-packages/airflow/example_dags/example_branch_operator_decorator.py took 0.100 seconds
[2026-01-05T17:20:21.077+0000] {processor.py:186} INFO - Started process (PID=458) to work on /home/airflow/.local/lib/python3.12/site-packages/airflow/example_dags/example_branch_operator_decorator.py
[2026-01-05T17:20:21.079+0000] {processor.py:914} INFO - Processing file /home/airflow/.local/lib/python3.12/site-packages/airflow/example_dags/example_branch_operator_decorator.py for tasks to queue
[2026-01-05T17:20:21.085+0000] {logging_mixin.py:190} INFO - [2026-01-05T17:20:21.084+0000] {dagbag.py:587} INFO - Filling up the DagBag from /home/airflow/.local/lib/python3.12/site-packages/airflow/example_dags/example_branch_operator_decorator.py
[2026-01-05T17:20:21.117+0000] {processor.py:925} INFO - DAG(s) 'example_branch_python_operator_decorator' retrieved from /home/airflow/.local/lib/python3.12/site-packages/airflow/example_dags/example_branch_operator_decorator.py
[2026-01-05T17:20:21.164+0000] {logging_mixin.py:190} INFO - [2026-01-05T17:20:21.163+0000] {dag.py:3211} INFO - Sync 1 DAGs
[2026-01-05T17:20:21.196+0000] {logging_mixin.py:190} INFO - [2026-01-05T17:20:21.195+0000] {dag.py:4138} INFO - Setting next_dagrun for example_branch_python_operator_decorator to 2026-01-04 00:00:00+00:00, run_after=2026-01-05 00:00:00+00:00
[2026-01-05T17:20:21.225+0000] {processor.py:208} INFO - Processing /home/airflow/.local/lib/python3.12/site-packages/airflow/example_dags/example_branch_operator_decorator.py took 0.157 seconds
[2026-01-05T17:20:51.442+0000] {processor.py:186} INFO - Started process (PID=524) to work on /home/airflow/.local/lib/python3.12/site-packages/airflow/example_dags/example_branch_operator_decorator.py
[2026-01-05T17:20:51.443+0000] {processor.py:914} INFO - Processing file /home/airflow/.local/lib/python3.12/site-packages/airflow/example_dags/example_branch_operator_decorator.py for tasks to queue
[2026-01-05T17:20:51.448+0000] {logging_mixin.py:190} INFO - [2026-01-05T17:20:51.447+0000] {dagbag.py:587} INFO - Filling up the DagBag from /home/airflow/.local/lib/python3.12/site-packages/airflow/example_dags/example_branch_operator_decorator.py
[2026-01-05T17:20:51.473+0000] {processor.py:925} INFO - DAG(s) 'example_branch_python_operator_decorator' retrieved from /home/airflow/.local/lib/python3.12/site-packages/airflow/example_dags/example_branch_operator_decorator.py
[2026-01-05T17:20:51.502+0000] {logging_mixin.py:190} INFO - [2026-01-05T17:20:51.502+0000] {dag.py:3211} INFO - Sync 1 DAGs
[2026-01-05T17:20:51.530+0000] {logging_mixin.py:190} INFO - [2026-01-05T17:20:51.530+0000] {dag.py:4138} INFO - Setting next_dagrun for example_branch_python_operator_decorator to 2026-01-04 00:00:00+00:00, run_after=2026-01-05 00:00:00+00:00
[2026-01-05T17:20:51.558+0000] {processor.py:208} INFO - Processing /home/airflow/.local/lib/python3.12/site-packages/airflow/example_dags/example_branch_operator_decorator.py took 0.124 seconds
[2026-01-05T17:21:21.738+0000] {processor.py:186} INFO - Started process (PID=590) to work on /home/airflow/.local/lib/python3.12/site-packages/airflow/example_dags/example_branch_operator_decorator.py
[2026-01-05T17:21:21.740+0000] {processor.py:914} INFO - Processing file /home/airflow/.local/lib/python3.12/site-packages/airflow/example_dags/example_branch_operator_decorator.py for tasks to queue
[2026-01-05T17:21:21.745+0000] {logging_mixin.py:190} INFO - [2026-01-05T17:21:21.744+0000] {dagbag.py:587} INFO - Filling up the DagBag from /home/airflow/.local/lib/python3.12/site-packages/airflow/example_dags/example_branch_operator_decorator.py
[2026-01-05T17:21:21.770+0000] {processor.py:925} INFO - DAG(s) 'example_branch_python_operator_decorator' retrieved from /home/airflow/.local/lib/python3.12/site-packages/airflow/example_dags/example_branch_operator_decorator.py
[2026-01-05T17:21:21.804+0000] {logging_mixin.py:190} INFO - [2026-01-05T17:21:21.804+0000] {dag.py:3211} INFO - Sync 1 DAGs
[2026-01-05T17:21:21.833+0000] {logging_mixin.py:190} INFO - [2026-01-05T17:21:21.833+0000] {dag.py:4138} INFO - Setting next_dagrun for example_branch_python_operator_decorator to 2026-01-04 00:00:00+00:00, run_after=2026-01-05 00:00:00+00:00
[2026-01-05T17:21:21.856+0000] {processor.py:208} INFO - Processing /home/airflow/.local/lib/python3.12/site-packages/airflow/example_dags/example_branch_operator_decorator.py took 0.124 seconds
[2026-01-05T17:21:52.043+0000] {processor.py:186} INFO - Started process (PID=656) to work on /home/airflow/.local/lib/python3.12/site-packages/airflow/example_dags/example_branch_operator_decorator.py
[2026-01-05T17:21:52.044+0000] {processor.py:914} INFO - Processing file /home/airflow/.local/lib/python3.12/site-packages/airflow/example_dags/example_branch_operator_decorator.py for tasks to queue
[2026-01-05T17:21:52.048+0000] {logging_mixin.py:190} INFO - [2026-01-05T17:21:52.048+0000] {dagbag.py:587} INFO - Filling up the DagBag from /home/airflow/.local/lib/python3.12/site-packages/airflow/example_dags/example_branch_operator_decorator.py
[2026-01-05T17:21:52.073+0000] {processor.py:925} INFO - DAG(s) 'example_branch_python_operator_decorator' retrieved from /home/airflow/.local/lib/python3.12/site-packages/airflow/example_dags/example_branch_operator_decorator.py
[2026-01-05T17:21:52.108+0000] {logging_mixin.py:190} INFO - [2026-01-05T17:21:52.108+0000] {dag.py:3211} INFO - Sync 1 DAGs
[2026-01-05T17:21:52.137+0000] {logging_mixin.py:190} INFO - [2026-01-05T17:21:52.136+0000] {dag.py:4138} INFO - Setting next_dagrun for example_branch_python_operator_decorator to 2026-01-04 00:00:00+00:00, run_after=2026-01-05 00:00:00+00:00
[2026-01-05T17:21:52.161+0000] {processor.py:208} INFO - Processing /home/airflow/.local/lib/python3.12/site-packages/airflow/example_dags/example_branch_operator_decorator.py took 0.125 seconds
[2026-01-05T17:22:22.547+0000] {processor.py:186} INFO - Started process (PID=722) to work on /home/airflow/.local/lib/python3.12/site-packages/airflow/example_dags/example_branch_operator_decorator.py
[2026-01-05T17:22:22.549+0000] {processor.py:914} INFO - Processing file /home/airflow/.local/lib/python3.12/site-packages/airflow/example_dags/example_branch_operator_decorator.py for tasks to queue
[2026-01-05T17:22:22.553+0000] {logging_mixin.py:190} INFO - [2026-01-05T17:22:22.552+0000] {dagbag.py:587} INFO - Filling up the DagBag from /home/airflow/.local/lib/python3.12/site-packages/airflow/example_dags/example_branch_operator_decorator.py
[2026-01-05T17:22:22.578+0000] {processor.py:925} INFO - DAG(s) 'example_branch_python_operator_decorator' retrieved from /home/airflow/.local/lib/python3.12/site-packages/airflow/example_dags/example_branch_operator_decorator.py
[2026-01-05T17:22:22.614+0000] {logging_mixin.py:190} INFO - [2026-01-05T17:22:22.613+0000] {dag.py:3211} INFO - Sync 1 DAGs
[2026-01-05T17:22:22.640+0000] {logging_mixin.py:190} INFO - [2026-01-05T17:22:22.640+0000] {dag.py:4138} INFO - Setting next_dagrun for example_branch_python_operator_decorator to 2026-01-04 00:00:00+00:00, run_after=2026-01-05 00:00:00+00:00
[2026-01-05T17:22:22.664+0000] {processor.py:208} INFO - Processing /home/airflow/.local/lib/python3.12/site-packages/airflow/example_dags/example_branch_operator_decorator.py took 0.124 seconds
[2026-01-05T17:22:53.469+0000] {processor.py:186} INFO - Started process (PID=788) to work on /home/airflow/.local/lib/python3.12/site-packages/airflow/example_dags/example_branch_operator_decorator.py
[2026-01-05T17:22:53.471+0000] {processor.py:914} INFO - Processing file /home/airflow/.local/lib/python3.12/site-packages/airflow/example_dags/example_branch_operator_decorator.py for tasks to queue
[2026-01-05T17:22:53.474+0000] {logging_mixin.py:190} INFO - [2026-01-05T17:22:53.473+0000] {dagbag.py:587} INFO - Filling up the DagBag from /home/airflow/.local/lib/python3.12/site-packages/airflow/example_dags/example_branch_operator_decorator.py
[2026-01-05T17:22:53.504+0000] {processor.py:925} INFO - DAG(s) 'example_branch_python_operator_decorator' retrieved from /home/airflow/.local/lib/python3.12/site-packages/airflow/example_dags/example_branch_operator_decorator.py
[2026-01-05T17:22:53.535+0000] {logging_mixin.py:190} INFO - [2026-01-05T17:22:53.535+0000] {dag.py:3211} INFO - Sync 1 DAGs
[2026-01-05T17:22:53.559+0000] {logging_mixin.py:190} INFO - [2026-01-05T17:22:53.559+0000] {dag.py:4138} INFO - Setting next_dagrun for example_branch_python_operator_decorator to 2026-01-04 00:00:00+00:00, run_after=2026-01-05 00:00:00+00:00
[2026-01-05T17:22:53.581+0000] {processor.py:208} INFO - Processing /home/airflow/.local/lib/python3.12/site-packages/airflow/example_dags/example_branch_operator_decorator.py took 0.124 seconds
[2026-01-05T17:23:24.571+0000] {processor.py:186} INFO - Started process (PID=854) to work on /home/airflow/.local/lib/python3.12/site-packages/airflow/example_dags/example_branch_operator_decorator.py
[2026-01-05T17:23:24.573+0000] {processor.py:914} INFO - Processing file /home/airflow/.local/lib/python3.12/site-packages/airflow/example_dags/example_branch_operator_decorator.py for tasks to queue
[2026-01-05T17:23:24.576+0000] {logging_mixin.py:190} INFO - [2026-01-05T17:23:24.575+0000] {dagbag.py:587} INFO - Filling up the DagBag from /home/airflow/.local/lib/python3.12/site-packages/airflow/example_dags/example_branch_operator_decorator.py
[2026-01-05T17:23:24.599+0000] {processor.py:925} INFO - DAG(s) 'example_branch_python_operator_decorator' retrieved from /home/airflow/.local/lib/python3.12/site-packages/airflow/example_dags/example_branch_operator_decorator.py
[2026-01-05T17:23:24.641+0000] {logging_mixin.py:190} INFO - [2026-01-05T17:23:24.640+0000] {dag.py:3211} INFO - Sync 1 DAGs
[2026-01-05T17:23:24.667+0000] {logging_mixin.py:190} INFO - [2026-01-05T17:23:24.667+0000] {dag.py:4138} INFO - Setting next_dagrun for example_branch_python_operator_decorator to 2026-01-04 00:00:00+00:00, run_after=2026-01-05 00:00:00+00:00
[2026-01-05T17:23:24.688+0000] {processor.py:208} INFO - Processing /home/airflow/.local/lib/python3.12/site-packages/airflow/example_dags/example_branch_operator_decorator.py took 0.124 seconds
[2026-01-05T17:23:54.933+0000] {processor.py:186} INFO - Started process (PID=920) to work on /home/airflow/.local/lib/python3.12/site-packages/airflow/example_dags/example_branch_operator_decorator.py
[2026-01-05T17:23:54.935+0000] {processor.py:914} INFO - Processing file /home/airflow/.local/lib/python3.12/site-packages/airflow/example_dags/example_branch_operator_decorator.py for tasks to queue
[2026-01-05T17:23:54.938+0000] {logging_mixin.py:190} INFO - [2026-01-05T17:23:54.938+0000] {dagbag.py:587} INFO - Filling up the DagBag from /home/airflow/.local/lib/python3.12/site-packages/airflow/example_dags/example_branch_operator_decorator.py
[2026-01-05T17:23:54.966+0000] {processor.py:925} INFO - DAG(s) 'example_branch_python_operator_decorator' retrieved from /home/airflow/.local/lib/python3.12/site-packages/airflow/example_dags/example_branch_operator_decorator.py
[2026-01-05T17:23:54.999+0000] {logging_mixin.py:190} INFO - [2026-01-05T17:23:54.999+0000] {dag.py:3211} INFO - Sync 1 DAGs
[2026-01-05T17:23:55.030+0000] {logging_mixin.py:190} INFO - [2026-01-05T17:23:55.030+0000] {dag.py:4138} INFO - Setting next_dagrun for example_branch_python_operator_decorator to 2026-01-04 00:00:00+00:00, run_after=2026-01-05 00:00:00+00:00
[2026-01-05T17:23:55.055+0000] {processor.py:208} INFO - Processing /home/airflow/.local/lib/python3.12/site-packages/airflow/example_dags/example_branch_operator_decorator.py took 0.133 seconds
[2026-01-05T17:24:25.317+0000] {processor.py:186} INFO - Started process (PID=986) to work on /home/airflow/.local/lib/python3.12/site-packages/airflow/example_dags/example_branch_operator_decorator.py
[2026-01-05T17:24:25.318+0000] {processor.py:914} INFO - Processing file /home/airflow/.local/lib/python3.12/site-packages/airflow/example_dags/example_branch_operator_decorator.py for tasks to queue
[2026-01-05T17:24:25.321+0000] {logging_mixin.py:190} INFO - [2026-01-05T17:24:25.321+0000] {dagbag.py:587} INFO - Filling up the DagBag from /home/airflow/.local/lib/python3.12/site-packages/airflow/example_dags/example_branch_operator_decorator.py
[2026-01-05T17:24:25.350+0000] {processor.py:925} INFO - DAG(s) 'example_branch_python_operator_decorator' retrieved from /home/airflow/.local/lib/python3.12/site-packages/airflow/example_dags/example_branch_operator_decorator.py
[2026-01-05T17:24:25.383+0000] {logging_mixin.py:190} INFO - [2026-01-05T17:24:25.383+0000] {dag.py:3211} INFO - Sync 1 DAGs
[2026-01-05T17:24:25.406+0000] {logging_mixin.py:190} INFO - [2026-01-05T17:24:25.405+0000] {dag.py:4138} INFO - Setting next_dagrun for example_branch_python_operator_decorator to 2026-01-04 00:00:00+00:00, run_after=2026-01-05 00:00:00+00:00
[2026-01-05T17:24:25.426+0000] {processor.py:208} INFO - Processing /home/airflow/.local/lib/python3.12/site-packages/airflow/example_dags/example_branch_operator_decorator.py took 0.116 seconds
[2026-01-05T17:24:55.571+0000] {processor.py:186} INFO - Started process (PID=1052) to work on /home/airflow/.local/lib/python3.12/site-packages/airflow/example_dags/example_branch_operator_decorator.py
[2026-01-05T17:24:55.573+0000] {processor.py:914} INFO - Processing file /home/airflow/.local/lib/python3.12/site-packages/airflow/example_dags/example_branch_operator_decorator.py for tasks to queue
[2026-01-05T17:24:55.577+0000] {logging_mixin.py:190} INFO - [2026-01-05T17:24:55.577+0000] {dagbag.py:587} INFO - Filling up the DagBag from /home/airflow/.local/lib/python3.12/site-packages/airflow/example_dags/example_branch_operator_decorator.py
[2026-01-05T17:24:55.598+0000] {processor.py:925} INFO - DAG(s) 'example_branch_python_operator_decorator' retrieved from /home/airflow/.local/lib/python3.12/site-packages/airflow/example_dags/example_branch_operator_decorator.py
[2026-01-05T17:24:55.634+0000] {logging_mixin.py:190} INFO - [2026-01-05T17:24:55.634+0000] {dag.py:3211} INFO - Sync 1 DAGs
[2026-01-05T17:24:55.661+0000] {logging_mixin.py:190} INFO - [2026-01-05T17:24:55.661+0000] {dag.py:4138} INFO - Setting next_dagrun for example_branch_python_operator_decorator to 2026-01-04 00:00:00+00:00, run_after=2026-01-05 00:00:00+00:00
[2026-01-05T17:24:55.683+0000] {processor.py:208} INFO - Processing /home/airflow/.local/lib/python3.12/site-packages/airflow/example_dags/example_branch_operator_decorator.py took 0.119 seconds
[2026-01-05T17:25:25.920+0000] {processor.py:186} INFO - Started process (PID=1118) to work on /home/airflow/.local/lib/python3.12/site-packages/airflow/example_dags/example_branch_operator_decorator.py
[2026-01-05T17:25:25.921+0000] {processor.py:914} INFO - Processing file /home/airflow/.local/lib/python3.12/site-packages/airflow/example_dags/example_branch_operator_decorator.py for tasks to queue
[2026-01-05T17:25:25.926+0000] {logging_mixin.py:190} INFO - [2026-01-05T17:25:25.925+0000] {dagbag.py:587} INFO - Filling up the DagBag from /home/airflow/.local/lib/python3.12/site-packages/airflow/example_dags/example_branch_operator_decorator.py
[2026-01-05T17:25:25.958+0000] {processor.py:925} INFO - DAG(s) 'example_branch_python_operator_decorator' retrieved from /home/airflow/.local/lib/python3.12/site-packages/airflow/example_dags/example_branch_operator_decorator.py
[2026-01-05T17:25:26.001+0000] {logging_mixin.py:190} INFO - [2026-01-05T17:25:26.001+0000] {dag.py:3211} INFO - Sync 1 DAGs
[2026-01-05T17:25:26.046+0000] {logging_mixin.py:190} INFO - [2026-01-05T17:25:26.045+0000] {dag.py:4138} INFO - Setting next_dagrun for example_branch_python_operator_decorator to 2026-01-04 00:00:00+00:00, run_after=2026-01-05 00:00:00+00:00
[2026-01-05T17:25:26.077+0000] {processor.py:208} INFO - Processing /home/airflow/.local/lib/python3.12/site-packages/airflow/example_dags/example_branch_operator_decorator.py took 0.167 seconds
[2026-01-05T17:25:56.220+0000] {processor.py:186} INFO - Started process (PID=1184) to work on /home/airflow/.local/lib/python3.12/site-packages/airflow/example_dags/example_branch_operator_decorator.py
[2026-01-05T17:25:56.223+0000] {processor.py:914} INFO - Processing file /home/airflow/.local/lib/python3.12/site-packages/airflow/example_dags/example_branch_operator_decorator.py for tasks to queue
[2026-01-05T17:25:56.227+0000] {logging_mixin.py:190} INFO - [2026-01-05T17:25:56.226+0000] {dagbag.py:587} INFO - Filling up the DagBag from /home/airflow/.local/lib/python3.12/site-packages/airflow/example_dags/example_branch_operator_decorator.py
[2026-01-05T17:25:56.252+0000] {processor.py:925} INFO - DAG(s) 'example_branch_python_operator_decorator' retrieved from /home/airflow/.local/lib/python3.12/site-packages/airflow/example_dags/example_branch_operator_decorator.py
[2026-01-05T17:25:56.303+0000] {logging_mixin.py:190} INFO - [2026-01-05T17:25:56.303+0000] {dag.py:3211} INFO - Sync 1 DAGs
[2026-01-05T17:25:56.341+0000] {logging_mixin.py:190} INFO - [2026-01-05T17:25:56.340+0000] {dag.py:4138} INFO - Setting next_dagrun for example_branch_python_operator_decorator to 2026-01-04 00:00:00+00:00, run_after=2026-01-05 00:00:00+00:00
[2026-01-05T17:25:56.377+0000] {processor.py:208} INFO - Processing /home/airflow/.local/lib/python3.12/site-packages/airflow/example_dags/example_branch_operator_decorator.py took 0.163 seconds
[2026-01-05T17:26:27.342+0000] {processor.py:186} INFO - Started process (PID=1250) to work on /home/airflow/.local/lib/python3.12/site-packages/airflow/example_dags/example_branch_operator_decorator.py
[2026-01-05T17:26:27.344+0000] {processor.py:914} INFO - Processing file /home/airflow/.local/lib/python3.12/site-packages/airflow/example_dags/example_branch_operator_decorator.py for tasks to queue
[2026-01-05T17:26:27.350+0000] {logging_mixin.py:190} INFO - [2026-01-05T17:26:27.350+0000] {dagbag.py:587} INFO - Filling up the DagBag from /home/airflow/.local/lib/python3.12/site-packages/airflow/example_dags/example_branch_operator_decorator.py
[2026-01-05T17:26:27.393+0000] {processor.py:925} INFO - DAG(s) 'example_branch_python_operator_decorator' retrieved from /home/airflow/.local/lib/python3.12/site-packages/airflow/example_dags/example_branch_operator_decorator.py
[2026-01-05T17:26:27.434+0000] {logging_mixin.py:190} INFO - [2026-01-05T17:26:27.434+0000] {dag.py:3211} INFO - Sync 1 DAGs
[2026-01-05T17:26:27.472+0000] {logging_mixin.py:190} INFO - [2026-01-05T17:26:27.472+0000] {dag.py:4138} INFO - Setting next_dagrun for example_branch_python_operator_decorator to 2026-01-04 00:00:00+00:00, run_after=2026-01-05 00:00:00+00:00
[2026-01-05T17:26:27.494+0000] {processor.py:208} INFO - Processing /home/airflow/.local/lib/python3.12/site-packages/airflow/example_dags/example_branch_operator_decorator.py took 0.165 seconds
[2026-01-05T17:26:57.608+0000] {processor.py:186} INFO - Started process (PID=1322) to work on /home/airflow/.local/lib/python3.12/site-packages/airflow/example_dags/example_branch_operator_decorator.py
[2026-01-05T17:26:57.610+0000] {processor.py:914} INFO - Processing file /home/airflow/.local/lib/python3.12/site-packages/airflow/example_dags/example_branch_operator_decorator.py for tasks to queue
[2026-01-05T17:26:57.613+0000] {logging_mixin.py:190} INFO - [2026-01-05T17:26:57.612+0000] {dagbag.py:587} INFO - Filling up the DagBag from /home/airflow/.local/lib/python3.12/site-packages/airflow/example_dags/example_branch_operator_decorator.py
[2026-01-05T17:26:57.636+0000] {processor.py:925} INFO - DAG(s) 'example_branch_python_operator_decorator' retrieved from /home/airflow/.local/lib/python3.12/site-packages/airflow/example_dags/example_branch_operator_decorator.py
[2026-01-05T17:26:57.669+0000] {logging_mixin.py:190} INFO - [2026-01-05T17:26:57.669+0000] {dag.py:3211} INFO - Sync 1 DAGs
[2026-01-05T17:26:57.695+0000] {logging_mixin.py:190} INFO - [2026-01-05T17:26:57.695+0000] {dag.py:4138} INFO - Setting next_dagrun for example_branch_python_operator_decorator to 2026-01-04 00:00:00+00:00, run_after=2026-01-05 00:00:00+00:00
[2026-01-05T17:26:57.718+0000] {processor.py:208} INFO - Processing /home/airflow/.local/lib/python3.12/site-packages/airflow/example_dags/example_branch_operator_decorator.py took 0.119 seconds
[2026-01-05T17:27:27.941+0000] {processor.py:186} INFO - Started process (PID=1388) to work on /home/airflow/.local/lib/python3.12/site-packages/airflow/example_dags/example_branch_operator_decorator.py
[2026-01-05T17:27:27.943+0000] {processor.py:914} INFO - Processing file /home/airflow/.local/lib/python3.12/site-packages/airflow/example_dags/example_branch_operator_decorator.py for tasks to queue
[2026-01-05T17:27:27.948+0000] {logging_mixin.py:190} INFO - [2026-01-05T17:27:27.948+0000] {dagbag.py:587} INFO - Filling up the DagBag from /home/airflow/.local/lib/python3.12/site-packages/airflow/example_dags/example_branch_operator_decorator.py
[2026-01-05T17:27:27.984+0000] {processor.py:925} INFO - DAG(s) 'example_branch_python_operator_decorator' retrieved from /home/airflow/.local/lib/python3.12/site-packages/airflow/example_dags/example_branch_operator_decorator.py
[2026-01-05T17:27:28.030+0000] {logging_mixin.py:190} INFO - [2026-01-05T17:27:28.030+0000] {dag.py:3211} INFO - Sync 1 DAGs
[2026-01-05T17:27:28.062+0000] {logging_mixin.py:190} INFO - [2026-01-05T17:27:28.062+0000] {dag.py:4138} INFO - Setting next_dagrun for example_branch_python_operator_decorator to 2026-01-04 00:00:00+00:00, run_after=2026-01-05 00:00:00+00:00
[2026-01-05T17:27:28.089+0000] {processor.py:208} INFO - Processing /home/airflow/.local/lib/python3.12/site-packages/airflow/example_dags/example_branch_operator_decorator.py took 0.157 seconds
[2026-01-05T17:27:58.946+0000] {processor.py:186} INFO - Started process (PID=1454) to work on /home/airflow/.local/lib/python3.12/site-packages/airflow/example_dags/example_branch_operator_decorator.py
[2026-01-05T17:27:58.949+0000] {processor.py:914} INFO - Processing file /home/airflow/.local/lib/python3.12/site-packages/airflow/example_dags/example_branch_operator_decorator.py for tasks to queue
[2026-01-05T17:27:58.954+0000] {logging_mixin.py:190} INFO - [2026-01-05T17:27:58.953+0000] {dagbag.py:587} INFO - Filling up the DagBag from /home/airflow/.local/lib/python3.12/site-packages/airflow/example_dags/example_branch_operator_decorator.py
[2026-01-05T17:27:59.002+0000] {processor.py:925} INFO - DAG(s) 'example_branch_python_operator_decorator' retrieved from /home/airflow/.local/lib/python3.12/site-packages/airflow/example_dags/example_branch_operator_decorator.py
[2026-01-05T17:27:59.086+0000] {logging_mixin.py:190} INFO - [2026-01-05T17:27:59.086+0000] {dag.py:3211} INFO - Sync 1 DAGs
[2026-01-05T17:27:59.151+0000] {logging_mixin.py:190} INFO - [2026-01-05T17:27:59.151+0000] {dag.py:4138} INFO - Setting next_dagrun for example_branch_python_operator_decorator to 2026-01-04 00:00:00+00:00, run_after=2026-01-05 00:00:00+00:00
[2026-01-05T17:27:59.179+0000] {processor.py:208} INFO - Processing /home/airflow/.local/lib/python3.12/site-packages/airflow/example_dags/example_branch_operator_decorator.py took 0.243 seconds
[2026-01-05T17:28:29.318+0000] {processor.py:186} INFO - Started process (PID=1520) to work on /home/airflow/.local/lib/python3.12/site-packages/airflow/example_dags/example_branch_operator_decorator.py
[2026-01-05T17:28:29.321+0000] {processor.py:914} INFO - Processing file /home/airflow/.local/lib/python3.12/site-packages/airflow/example_dags/example_branch_operator_decorator.py for tasks to queue
[2026-01-05T17:28:29.325+0000] {logging_mixin.py:190} INFO - [2026-01-05T17:28:29.325+0000] {dagbag.py:587} INFO - Filling up the DagBag from /home/airflow/.local/lib/python3.12/site-packages/airflow/example_dags/example_branch_operator_decorator.py
[2026-01-05T17:28:29.349+0000] {processor.py:925} INFO - DAG(s) 'example_branch_python_operator_decorator' retrieved from /home/airflow/.local/lib/python3.12/site-packages/airflow/example_dags/example_branch_operator_decorator.py
[2026-01-05T17:28:29.393+0000] {logging_mixin.py:190} INFO - [2026-01-05T17:28:29.393+0000] {dag.py:3211} INFO - Sync 1 DAGs
[2026-01-05T17:28:29.425+0000] {logging_mixin.py:190} INFO - [2026-01-05T17:28:29.424+0000] {dag.py:4138} INFO - Setting next_dagrun for example_branch_python_operator_decorator to 2026-01-04 00:00:00+00:00, run_after=2026-01-05 00:00:00+00:00
[2026-01-05T17:28:29.449+0000] {processor.py:208} INFO - Processing /home/airflow/.local/lib/python3.12/site-packages/airflow/example_dags/example_branch_operator_decorator.py took 0.140 seconds
[2026-01-05T17:28:59.869+0000] {processor.py:186} INFO - Started process (PID=1586) to work on /home/airflow/.local/lib/python3.12/site-packages/airflow/example_dags/example_branch_operator_decorator.py
[2026-01-05T17:28:59.871+0000] {processor.py:914} INFO - Processing file /home/airflow/.local/lib/python3.12/site-packages/airflow/example_dags/example_branch_operator_decorator.py for tasks to queue
[2026-01-05T17:28:59.874+0000] {logging_mixin.py:190} INFO - [2026-01-05T17:28:59.874+0000] {dagbag.py:587} INFO - Filling up the DagBag from /home/airflow/.local/lib/python3.12/site-packages/airflow/example_dags/example_branch_operator_decorator.py
[2026-01-05T17:28:59.897+0000] {processor.py:925} INFO - DAG(s) 'example_branch_python_operator_decorator' retrieved from /home/airflow/.local/lib/python3.12/site-packages/airflow/example_dags/example_branch_operator_decorator.py
[2026-01-05T17:28:59.929+0000] {logging_mixin.py:190} INFO - [2026-01-05T17:28:59.929+0000] {dag.py:3211} INFO - Sync 1 DAGs
[2026-01-05T17:28:59.959+0000] {logging_mixin.py:190} INFO - [2026-01-05T17:28:59.959+0000] {dag.py:4138} INFO - Setting next_dagrun for example_branch_python_operator_decorator to 2026-01-04 00:00:00+00:00, run_after=2026-01-05 00:00:00+00:00
[2026-01-05T17:28:59.981+0000] {processor.py:208} INFO - Processing /home/airflow/.local/lib/python3.12/site-packages/airflow/example_dags/example_branch_operator_decorator.py took 0.119 seconds
[2026-01-05T17:29:30.571+0000] {processor.py:186} INFO - Started process (PID=1652) to work on /home/airflow/.local/lib/python3.12/site-packages/airflow/example_dags/example_branch_operator_decorator.py
[2026-01-05T17:29:30.572+0000] {processor.py:914} INFO - Processing file /home/airflow/.local/lib/python3.12/site-packages/airflow/example_dags/example_branch_operator_decorator.py for tasks to queue
[2026-01-05T17:29:30.575+0000] {logging_mixin.py:190} INFO - [2026-01-05T17:29:30.575+0000] {dagbag.py:587} INFO - Filling up the DagBag from /home/airflow/.local/lib/python3.12/site-packages/airflow/example_dags/example_branch_operator_decorator.py
[2026-01-05T17:29:30.607+0000] {processor.py:925} INFO - DAG(s) 'example_branch_python_operator_decorator' retrieved from /home/airflow/.local/lib/python3.12/site-packages/airflow/example_dags/example_branch_operator_decorator.py
[2026-01-05T17:29:30.643+0000] {logging_mixin.py:190} INFO - [2026-01-05T17:29:30.643+0000] {dag.py:3211} INFO - Sync 1 DAGs
[2026-01-05T17:29:30.671+0000] {logging_mixin.py:190} INFO - [2026-01-05T17:29:30.671+0000] {dag.py:4138} INFO - Setting next_dagrun for example_branch_python_operator_decorator to 2026-01-04 00:00:00+00:00, run_after=2026-01-05 00:00:00+00:00
[2026-01-05T17:29:30.691+0000] {processor.py:208} INFO - Processing /home/airflow/.local/lib/python3.12/site-packages/airflow/example_dags/example_branch_operator_decorator.py took 0.126 seconds
[2026-01-05T17:30:01.070+0000] {processor.py:186} INFO - Started process (PID=1718) to work on /home/airflow/.local/lib/python3.12/site-packages/airflow/example_dags/example_branch_operator_decorator.py
[2026-01-05T17:30:01.071+0000] {processor.py:914} INFO - Processing file /home/airflow/.local/lib/python3.12/site-packages/airflow/example_dags/example_branch_operator_decorator.py for tasks to queue
[2026-01-05T17:30:01.075+0000] {logging_mixin.py:190} INFO - [2026-01-05T17:30:01.074+0000] {dagbag.py:587} INFO - Filling up the DagBag from /home/airflow/.local/lib/python3.12/site-packages/airflow/example_dags/example_branch_operator_decorator.py
[2026-01-05T17:30:01.100+0000] {processor.py:925} INFO - DAG(s) 'example_branch_python_operator_decorator' retrieved from /home/airflow/.local/lib/python3.12/site-packages/airflow/example_dags/example_branch_operator_decorator.py
[2026-01-05T17:30:01.144+0000] {logging_mixin.py:190} INFO - [2026-01-05T17:30:01.144+0000] {dag.py:3211} INFO - Sync 1 DAGs
[2026-01-05T17:30:01.172+0000] {logging_mixin.py:190} INFO - [2026-01-05T17:30:01.172+0000] {dag.py:4138} INFO - Setting next_dagrun for example_branch_python_operator_decorator to 2026-01-04 00:00:00+00:00, run_after=2026-01-05 00:00:00+00:00
[2026-01-05T17:30:01.197+0000] {processor.py:208} INFO - Processing /home/airflow/.local/lib/python3.12/site-packages/airflow/example_dags/example_branch_operator_decorator.py took 0.135 seconds
[2026-01-05T17:30:31.666+0000] {processor.py:186} INFO - Started process (PID=1785) to work on /home/airflow/.local/lib/python3.12/site-packages/airflow/example_dags/example_branch_operator_decorator.py
[2026-01-05T17:30:31.667+0000] {processor.py:914} INFO - Processing file /home/airflow/.local/lib/python3.12/site-packages/airflow/example_dags/example_branch_operator_decorator.py for tasks to queue
[2026-01-05T17:30:31.670+0000] {logging_mixin.py:190} INFO - [2026-01-05T17:30:31.669+0000] {dagbag.py:587} INFO - Filling up the DagBag from /home/airflow/.local/lib/python3.12/site-packages/airflow/example_dags/example_branch_operator_decorator.py
[2026-01-05T17:30:31.693+0000] {processor.py:925} INFO - DAG(s) 'example_branch_python_operator_decorator' retrieved from /home/airflow/.local/lib/python3.12/site-packages/airflow/example_dags/example_branch_operator_decorator.py
[2026-01-05T17:30:31.723+0000] {logging_mixin.py:190} INFO - [2026-01-05T17:30:31.722+0000] {dag.py:3211} INFO - Sync 1 DAGs
[2026-01-05T17:30:31.745+0000] {logging_mixin.py:190} INFO - [2026-01-05T17:30:31.745+0000] {dag.py:4138} INFO - Setting next_dagrun for example_branch_python_operator_decorator to 2026-01-04 00:00:00+00:00, run_after=2026-01-05 00:00:00+00:00
[2026-01-05T17:30:31.761+0000] {processor.py:208} INFO - Processing /home/airflow/.local/lib/python3.12/site-packages/airflow/example_dags/example_branch_operator_decorator.py took 0.101 seconds
[2026-01-05T17:31:02.478+0000] {processor.py:186} INFO - Started process (PID=1851) to work on /home/airflow/.local/lib/python3.12/site-packages/airflow/example_dags/example_branch_operator_decorator.py
[2026-01-05T17:31:02.479+0000] {processor.py:914} INFO - Processing file /home/airflow/.local/lib/python3.12/site-packages/airflow/example_dags/example_branch_operator_decorator.py for tasks to queue
[2026-01-05T17:31:02.483+0000] {logging_mixin.py:190} INFO - [2026-01-05T17:31:02.483+0000] {dagbag.py:587} INFO - Filling up the DagBag from /home/airflow/.local/lib/python3.12/site-packages/airflow/example_dags/example_branch_operator_decorator.py
[2026-01-05T17:31:02.509+0000] {processor.py:925} INFO - DAG(s) 'example_branch_python_operator_decorator' retrieved from /home/airflow/.local/lib/python3.12/site-packages/airflow/example_dags/example_branch_operator_decorator.py
[2026-01-05T17:31:02.551+0000] {logging_mixin.py:190} INFO - [2026-01-05T17:31:02.551+0000] {dag.py:3211} INFO - Sync 1 DAGs
[2026-01-05T17:31:02.587+0000] {logging_mixin.py:190} INFO - [2026-01-05T17:31:02.586+0000] {dag.py:4138} INFO - Setting next_dagrun for example_branch_python_operator_decorator to 2026-01-04 00:00:00+00:00, run_after=2026-01-05 00:00:00+00:00
[2026-01-05T17:31:02.612+0000] {processor.py:208} INFO - Processing /home/airflow/.local/lib/python3.12/site-packages/airflow/example_dags/example_branch_operator_decorator.py took 0.143 seconds
[2026-01-05T17:31:32.919+0000] {processor.py:186} INFO - Started process (PID=1917) to work on /home/airflow/.local/lib/python3.12/site-packages/airflow/example_dags/example_branch_operator_decorator.py
[2026-01-05T17:31:32.921+0000] {processor.py:914} INFO - Processing file /home/airflow/.local/lib/python3.12/site-packages/airflow/example_dags/example_branch_operator_decorator.py for tasks to queue
[2026-01-05T17:31:32.925+0000] {logging_mixin.py:190} INFO - [2026-01-05T17:31:32.924+0000] {dagbag.py:587} INFO - Filling up the DagBag from /home/airflow/.local/lib/python3.12/site-packages/airflow/example_dags/example_branch_operator_decorator.py
[2026-01-05T17:31:32.948+0000] {processor.py:925} INFO - DAG(s) 'example_branch_python_operator_decorator' retrieved from /home/airflow/.local/lib/python3.12/site-packages/airflow/example_dags/example_branch_operator_decorator.py
[2026-01-05T17:31:32.995+0000] {logging_mixin.py:190} INFO - [2026-01-05T17:31:32.994+0000] {dag.py:3211} INFO - Sync 1 DAGs
[2026-01-05T17:31:33.031+0000] {logging_mixin.py:190} INFO - [2026-01-05T17:31:33.030+0000] {dag.py:4138} INFO - Setting next_dagrun for example_branch_python_operator_decorator to 2026-01-04 00:00:00+00:00, run_after=2026-01-05 00:00:00+00:00
[2026-01-05T17:31:33.053+0000] {processor.py:208} INFO - Processing /home/airflow/.local/lib/python3.12/site-packages/airflow/example_dags/example_branch_operator_decorator.py took 0.140 seconds
[2026-01-05T17:32:03.238+0000] {processor.py:186} INFO - Started process (PID=1983) to work on /home/airflow/.local/lib/python3.12/site-packages/airflow/example_dags/example_branch_operator_decorator.py
[2026-01-05T17:32:03.239+0000] {processor.py:914} INFO - Processing file /home/airflow/.local/lib/python3.12/site-packages/airflow/example_dags/example_branch_operator_decorator.py for tasks to queue
[2026-01-05T17:32:03.242+0000] {logging_mixin.py:190} INFO - [2026-01-05T17:32:03.242+0000] {dagbag.py:587} INFO - Filling up the DagBag from /home/airflow/.local/lib/python3.12/site-packages/airflow/example_dags/example_branch_operator_decorator.py
[2026-01-05T17:32:03.270+0000] {processor.py:925} INFO - DAG(s) 'example_branch_python_operator_decorator' retrieved from /home/airflow/.local/lib/python3.12/site-packages/airflow/example_dags/example_branch_operator_decorator.py
[2026-01-05T17:32:03.300+0000] {logging_mixin.py:190} INFO - [2026-01-05T17:32:03.300+0000] {dag.py:3211} INFO - Sync 1 DAGs
[2026-01-05T17:32:03.331+0000] {logging_mixin.py:190} INFO - [2026-01-05T17:32:03.330+0000] {dag.py:4138} INFO - Setting next_dagrun for example_branch_python_operator_decorator to 2026-01-04 00:00:00+00:00, run_after=2026-01-05 00:00:00+00:00
[2026-01-05T17:32:03.361+0000] {processor.py:208} INFO - Processing /home/airflow/.local/lib/python3.12/site-packages/airflow/example_dags/example_branch_operator_decorator.py took 0.130 seconds
[2026-01-05T17:32:33.913+0000] {processor.py:186} INFO - Started process (PID=2049) to work on /home/airflow/.local/lib/python3.12/site-packages/airflow/example_dags/example_branch_operator_decorator.py
[2026-01-05T17:32:33.914+0000] {processor.py:914} INFO - Processing file /home/airflow/.local/lib/python3.12/site-packages/airflow/example_dags/example_branch_operator_decorator.py for tasks to queue
[2026-01-05T17:32:33.917+0000] {logging_mixin.py:190} INFO - [2026-01-05T17:32:33.916+0000] {dagbag.py:587} INFO - Filling up the DagBag from /home/airflow/.local/lib/python3.12/site-packages/airflow/example_dags/example_branch_operator_decorator.py
[2026-01-05T17:32:33.938+0000] {processor.py:925} INFO - DAG(s) 'example_branch_python_operator_decorator' retrieved from /home/airflow/.local/lib/python3.12/site-packages/airflow/example_dags/example_branch_operator_decorator.py
[2026-01-05T17:32:33.964+0000] {logging_mixin.py:190} INFO - [2026-01-05T17:32:33.964+0000] {dag.py:3211} INFO - Sync 1 DAGs
[2026-01-05T17:32:34.003+0000] {logging_mixin.py:190} INFO - [2026-01-05T17:32:34.002+0000] {dag.py:4138} INFO - Setting next_dagrun for example_branch_python_operator_decorator to 2026-01-04 00:00:00+00:00, run_after=2026-01-05 00:00:00+00:00
[2026-01-05T17:32:34.029+0000] {processor.py:208} INFO - Processing /home/airflow/.local/lib/python3.12/site-packages/airflow/example_dags/example_branch_operator_decorator.py took 0.123 seconds
[2026-01-05T17:33:04.202+0000] {processor.py:186} INFO - Started process (PID=2115) to work on /home/airflow/.local/lib/python3.12/site-packages/airflow/example_dags/example_branch_operator_decorator.py
[2026-01-05T17:33:04.203+0000] {processor.py:914} INFO - Processing file /home/airflow/.local/lib/python3.12/site-packages/airflow/example_dags/example_branch_operator_decorator.py for tasks to queue
[2026-01-05T17:33:04.207+0000] {logging_mixin.py:190} INFO - [2026-01-05T17:33:04.207+0000] {dagbag.py:587} INFO - Filling up the DagBag from /home/airflow/.local/lib/python3.12/site-packages/airflow/example_dags/example_branch_operator_decorator.py
[2026-01-05T17:33:04.227+0000] {processor.py:925} INFO - DAG(s) 'example_branch_python_operator_decorator' retrieved from /home/airflow/.local/lib/python3.12/site-packages/airflow/example_dags/example_branch_operator_decorator.py
[2026-01-05T17:33:04.263+0000] {logging_mixin.py:190} INFO - [2026-01-05T17:33:04.263+0000] {dag.py:3211} INFO - Sync 1 DAGs
[2026-01-05T17:33:04.289+0000] {logging_mixin.py:190} INFO - [2026-01-05T17:33:04.289+0000] {dag.py:4138} INFO - Setting next_dagrun for example_branch_python_operator_decorator to 2026-01-04 00:00:00+00:00, run_after=2026-01-05 00:00:00+00:00
[2026-01-05T17:33:04.478+0000] {processor.py:208} INFO - Processing /home/airflow/.local/lib/python3.12/site-packages/airflow/example_dags/example_branch_operator_decorator.py took 0.285 seconds
[2026-01-05T17:33:35.505+0000] {processor.py:186} INFO - Started process (PID=2181) to work on /home/airflow/.local/lib/python3.12/site-packages/airflow/example_dags/example_branch_operator_decorator.py
[2026-01-05T17:33:35.507+0000] {processor.py:914} INFO - Processing file /home/airflow/.local/lib/python3.12/site-packages/airflow/example_dags/example_branch_operator_decorator.py for tasks to queue
[2026-01-05T17:33:35.512+0000] {logging_mixin.py:190} INFO - [2026-01-05T17:33:35.511+0000] {dagbag.py:587} INFO - Filling up the DagBag from /home/airflow/.local/lib/python3.12/site-packages/airflow/example_dags/example_branch_operator_decorator.py
[2026-01-05T17:33:35.547+0000] {processor.py:925} INFO - DAG(s) 'example_branch_python_operator_decorator' retrieved from /home/airflow/.local/lib/python3.12/site-packages/airflow/example_dags/example_branch_operator_decorator.py
[2026-01-05T17:33:35.600+0000] {logging_mixin.py:190} INFO - [2026-01-05T17:33:35.600+0000] {dag.py:3211} INFO - Sync 1 DAGs
[2026-01-05T17:33:35.638+0000] {logging_mixin.py:190} INFO - [2026-01-05T17:33:35.637+0000] {dag.py:4138} INFO - Setting next_dagrun for example_branch_python_operator_decorator to 2026-01-04 00:00:00+00:00, run_after=2026-01-05 00:00:00+00:00
[2026-01-05T17:33:35.856+0000] {processor.py:208} INFO - Processing /home/airflow/.local/lib/python3.12/site-packages/airflow/example_dags/example_branch_operator_decorator.py took 0.362 seconds
[2026-01-05T17:34:06.287+0000] {processor.py:186} INFO - Started process (PID=2247) to work on /home/airflow/.local/lib/python3.12/site-packages/airflow/example_dags/example_branch_operator_decorator.py
[2026-01-05T17:34:06.289+0000] {processor.py:914} INFO - Processing file /home/airflow/.local/lib/python3.12/site-packages/airflow/example_dags/example_branch_operator_decorator.py for tasks to queue
[2026-01-05T17:34:06.293+0000] {logging_mixin.py:190} INFO - [2026-01-05T17:34:06.293+0000] {dagbag.py:587} INFO - Filling up the DagBag from /home/airflow/.local/lib/python3.12/site-packages/airflow/example_dags/example_branch_operator_decorator.py
[2026-01-05T17:34:06.319+0000] {processor.py:925} INFO - DAG(s) 'example_branch_python_operator_decorator' retrieved from /home/airflow/.local/lib/python3.12/site-packages/airflow/example_dags/example_branch_operator_decorator.py
[2026-01-05T17:34:06.356+0000] {logging_mixin.py:190} INFO - [2026-01-05T17:34:06.356+0000] {dag.py:3211} INFO - Sync 1 DAGs
[2026-01-05T17:34:06.382+0000] {logging_mixin.py:190} INFO - [2026-01-05T17:34:06.381+0000] {dag.py:4138} INFO - Setting next_dagrun for example_branch_python_operator_decorator to 2026-01-04 00:00:00+00:00, run_after=2026-01-05 00:00:00+00:00
[2026-01-05T17:34:06.408+0000] {processor.py:208} INFO - Processing /home/airflow/.local/lib/python3.12/site-packages/airflow/example_dags/example_branch_operator_decorator.py took 0.127 seconds
[2026-01-05T17:34:37.024+0000] {processor.py:186} INFO - Started process (PID=2313) to work on /home/airflow/.local/lib/python3.12/site-packages/airflow/example_dags/example_branch_operator_decorator.py
[2026-01-05T17:34:37.026+0000] {processor.py:914} INFO - Processing file /home/airflow/.local/lib/python3.12/site-packages/airflow/example_dags/example_branch_operator_decorator.py for tasks to queue
[2026-01-05T17:34:37.031+0000] {logging_mixin.py:190} INFO - [2026-01-05T17:34:37.030+0000] {dagbag.py:587} INFO - Filling up the DagBag from /home/airflow/.local/lib/python3.12/site-packages/airflow/example_dags/example_branch_operator_decorator.py
[2026-01-05T17:34:37.064+0000] {processor.py:925} INFO - DAG(s) 'example_branch_python_operator_decorator' retrieved from /home/airflow/.local/lib/python3.12/site-packages/airflow/example_dags/example_branch_operator_decorator.py
[2026-01-05T17:34:37.101+0000] {logging_mixin.py:190} INFO - [2026-01-05T17:34:37.101+0000] {dag.py:3211} INFO - Sync 1 DAGs
[2026-01-05T17:34:37.132+0000] {logging_mixin.py:190} INFO - [2026-01-05T17:34:37.132+0000] {dag.py:4138} INFO - Setting next_dagrun for example_branch_python_operator_decorator to 2026-01-04 00:00:00+00:00, run_after=2026-01-05 00:00:00+00:00
[2026-01-05T17:34:37.156+0000] {processor.py:208} INFO - Processing /home/airflow/.local/lib/python3.12/site-packages/airflow/example_dags/example_branch_operator_decorator.py took 0.139 seconds
[2026-01-05T17:35:07.566+0000] {processor.py:186} INFO - Started process (PID=2379) to work on /home/airflow/.local/lib/python3.12/site-packages/airflow/example_dags/example_branch_operator_decorator.py
[2026-01-05T17:35:07.567+0000] {processor.py:914} INFO - Processing file /home/airflow/.local/lib/python3.12/site-packages/airflow/example_dags/example_branch_operator_decorator.py for tasks to queue
[2026-01-05T17:35:07.571+0000] {logging_mixin.py:190} INFO - [2026-01-05T17:35:07.571+0000] {dagbag.py:587} INFO - Filling up the DagBag from /home/airflow/.local/lib/python3.12/site-packages/airflow/example_dags/example_branch_operator_decorator.py
[2026-01-05T17:35:07.596+0000] {processor.py:925} INFO - DAG(s) 'example_branch_python_operator_decorator' retrieved from /home/airflow/.local/lib/python3.12/site-packages/airflow/example_dags/example_branch_operator_decorator.py
[2026-01-05T17:35:07.624+0000] {logging_mixin.py:190} INFO - [2026-01-05T17:35:07.624+0000] {dag.py:3211} INFO - Sync 1 DAGs
[2026-01-05T17:35:07.653+0000] {logging_mixin.py:190} INFO - [2026-01-05T17:35:07.652+0000] {dag.py:4138} INFO - Setting next_dagrun for example_branch_python_operator_decorator to 2026-01-04 00:00:00+00:00, run_after=2026-01-05 00:00:00+00:00
[2026-01-05T17:35:07.676+0000] {processor.py:208} INFO - Processing /home/airflow/.local/lib/python3.12/site-packages/airflow/example_dags/example_branch_operator_decorator.py took 0.117 seconds
[2026-01-05T17:35:38.530+0000] {processor.py:186} INFO - Started process (PID=2446) to work on /home/airflow/.local/lib/python3.12/site-packages/airflow/example_dags/example_branch_operator_decorator.py
[2026-01-05T17:35:38.533+0000] {processor.py:914} INFO - Processing file /home/airflow/.local/lib/python3.12/site-packages/airflow/example_dags/example_branch_operator_decorator.py for tasks to queue
[2026-01-05T17:35:38.537+0000] {logging_mixin.py:190} INFO - [2026-01-05T17:35:38.536+0000] {dagbag.py:587} INFO - Filling up the DagBag from /home/airflow/.local/lib/python3.12/site-packages/airflow/example_dags/example_branch_operator_decorator.py
[2026-01-05T17:35:38.561+0000] {processor.py:925} INFO - DAG(s) 'example_branch_python_operator_decorator' retrieved from /home/airflow/.local/lib/python3.12/site-packages/airflow/example_dags/example_branch_operator_decorator.py
[2026-01-05T17:35:38.593+0000] {logging_mixin.py:190} INFO - [2026-01-05T17:35:38.593+0000] {dag.py:3211} INFO - Sync 1 DAGs
[2026-01-05T17:35:38.618+0000] {logging_mixin.py:190} INFO - [2026-01-05T17:35:38.618+0000] {dag.py:4138} INFO - Setting next_dagrun for example_branch_python_operator_decorator to 2026-01-04 00:00:00+00:00, run_after=2026-01-05 00:00:00+00:00
[2026-01-05T17:35:38.643+0000] {processor.py:208} INFO - Processing /home/airflow/.local/lib/python3.12/site-packages/airflow/example_dags/example_branch_operator_decorator.py took 0.120 seconds
[2026-01-05T17:36:09.296+0000] {processor.py:186} INFO - Started process (PID=2512) to work on /home/airflow/.local/lib/python3.12/site-packages/airflow/example_dags/example_branch_operator_decorator.py
[2026-01-05T17:36:09.298+0000] {processor.py:914} INFO - Processing file /home/airflow/.local/lib/python3.12/site-packages/airflow/example_dags/example_branch_operator_decorator.py for tasks to queue
[2026-01-05T17:36:09.302+0000] {logging_mixin.py:190} INFO - [2026-01-05T17:36:09.302+0000] {dagbag.py:587} INFO - Filling up the DagBag from /home/airflow/.local/lib/python3.12/site-packages/airflow/example_dags/example_branch_operator_decorator.py
[2026-01-05T17:36:09.323+0000] {processor.py:925} INFO - DAG(s) 'example_branch_python_operator_decorator' retrieved from /home/airflow/.local/lib/python3.12/site-packages/airflow/example_dags/example_branch_operator_decorator.py
[2026-01-05T17:36:09.354+0000] {logging_mixin.py:190} INFO - [2026-01-05T17:36:09.353+0000] {dag.py:3211} INFO - Sync 1 DAGs
[2026-01-05T17:36:09.380+0000] {logging_mixin.py:190} INFO - [2026-01-05T17:36:09.380+0000] {dag.py:4138} INFO - Setting next_dagrun for example_branch_python_operator_decorator to 2026-01-04 00:00:00+00:00, run_after=2026-01-05 00:00:00+00:00
[2026-01-05T17:36:09.404+0000] {processor.py:208} INFO - Processing /home/airflow/.local/lib/python3.12/site-packages/airflow/example_dags/example_branch_operator_decorator.py took 0.116 seconds
[2026-01-05T17:36:40.012+0000] {processor.py:186} INFO - Started process (PID=2578) to work on /home/airflow/.local/lib/python3.12/site-packages/airflow/example_dags/example_branch_operator_decorator.py
[2026-01-05T17:36:40.014+0000] {processor.py:914} INFO - Processing file /home/airflow/.local/lib/python3.12/site-packages/airflow/example_dags/example_branch_operator_decorator.py for tasks to queue
[2026-01-05T17:36:40.018+0000] {logging_mixin.py:190} INFO - [2026-01-05T17:36:40.018+0000] {dagbag.py:587} INFO - Filling up the DagBag from /home/airflow/.local/lib/python3.12/site-packages/airflow/example_dags/example_branch_operator_decorator.py
[2026-01-05T17:36:40.046+0000] {processor.py:925} INFO - DAG(s) 'example_branch_python_operator_decorator' retrieved from /home/airflow/.local/lib/python3.12/site-packages/airflow/example_dags/example_branch_operator_decorator.py
[2026-01-05T17:36:40.083+0000] {logging_mixin.py:190} INFO - [2026-01-05T17:36:40.083+0000] {dag.py:3211} INFO - Sync 1 DAGs
[2026-01-05T17:36:40.112+0000] {logging_mixin.py:190} INFO - [2026-01-05T17:36:40.112+0000] {dag.py:4138} INFO - Setting next_dagrun for example_branch_python_operator_decorator to 2026-01-04 00:00:00+00:00, run_after=2026-01-05 00:00:00+00:00
[2026-01-05T17:36:40.138+0000] {processor.py:208} INFO - Processing /home/airflow/.local/lib/python3.12/site-packages/airflow/example_dags/example_branch_operator_decorator.py took 0.134 seconds
[2026-01-05T17:37:10.232+0000] {processor.py:186} INFO - Started process (PID=2644) to work on /home/airflow/.local/lib/python3.12/site-packages/airflow/example_dags/example_branch_operator_decorator.py
[2026-01-05T17:37:10.234+0000] {processor.py:914} INFO - Processing file /home/airflow/.local/lib/python3.12/site-packages/airflow/example_dags/example_branch_operator_decorator.py for tasks to queue
[2026-01-05T17:37:10.239+0000] {logging_mixin.py:190} INFO - [2026-01-05T17:37:10.238+0000] {dagbag.py:587} INFO - Filling up the DagBag from /home/airflow/.local/lib/python3.12/site-packages/airflow/example_dags/example_branch_operator_decorator.py
[2026-01-05T17:37:10.266+0000] {processor.py:925} INFO - DAG(s) 'example_branch_python_operator_decorator' retrieved from /home/airflow/.local/lib/python3.12/site-packages/airflow/example_dags/example_branch_operator_decorator.py
[2026-01-05T17:37:10.295+0000] {logging_mixin.py:190} INFO - [2026-01-05T17:37:10.295+0000] {dag.py:3211} INFO - Sync 1 DAGs
[2026-01-05T17:37:10.324+0000] {logging_mixin.py:190} INFO - [2026-01-05T17:37:10.324+0000] {dag.py:4138} INFO - Setting next_dagrun for example_branch_python_operator_decorator to 2026-01-04 00:00:00+00:00, run_after=2026-01-05 00:00:00+00:00
[2026-01-05T17:37:10.346+0000] {processor.py:208} INFO - Processing /home/airflow/.local/lib/python3.12/site-packages/airflow/example_dags/example_branch_operator_decorator.py took 0.125 seconds
[2026-01-05T17:37:40.929+0000] {processor.py:186} INFO - Started process (PID=2710) to work on /home/airflow/.local/lib/python3.12/site-packages/airflow/example_dags/example_branch_operator_decorator.py
[2026-01-05T17:37:40.930+0000] {processor.py:914} INFO - Processing file /home/airflow/.local/lib/python3.12/site-packages/airflow/example_dags/example_branch_operator_decorator.py for tasks to queue
[2026-01-05T17:37:40.934+0000] {logging_mixin.py:190} INFO - [2026-01-05T17:37:40.933+0000] {dagbag.py:587} INFO - Filling up the DagBag from /home/airflow/.local/lib/python3.12/site-packages/airflow/example_dags/example_branch_operator_decorator.py
[2026-01-05T17:37:40.955+0000] {processor.py:925} INFO - DAG(s) 'example_branch_python_operator_decorator' retrieved from /home/airflow/.local/lib/python3.12/site-packages/airflow/example_dags/example_branch_operator_decorator.py
[2026-01-05T17:37:40.990+0000] {logging_mixin.py:190} INFO - [2026-01-05T17:37:40.990+0000] {dag.py:3211} INFO - Sync 1 DAGs
[2026-01-05T17:37:41.016+0000] {logging_mixin.py:190} INFO - [2026-01-05T17:37:41.015+0000] {dag.py:4138} INFO - Setting next_dagrun for example_branch_python_operator_decorator to 2026-01-04 00:00:00+00:00, run_after=2026-01-05 00:00:00+00:00
[2026-01-05T17:37:41.039+0000] {processor.py:208} INFO - Processing /home/airflow/.local/lib/python3.12/site-packages/airflow/example_dags/example_branch_operator_decorator.py took 0.119 seconds
[2026-01-05T17:38:11.415+0000] {processor.py:186} INFO - Started process (PID=2776) to work on /home/airflow/.local/lib/python3.12/site-packages/airflow/example_dags/example_branch_operator_decorator.py
[2026-01-05T17:38:11.416+0000] {processor.py:914} INFO - Processing file /home/airflow/.local/lib/python3.12/site-packages/airflow/example_dags/example_branch_operator_decorator.py for tasks to queue
[2026-01-05T17:38:11.419+0000] {logging_mixin.py:190} INFO - [2026-01-05T17:38:11.418+0000] {dagbag.py:587} INFO - Filling up the DagBag from /home/airflow/.local/lib/python3.12/site-packages/airflow/example_dags/example_branch_operator_decorator.py
[2026-01-05T17:38:11.446+0000] {processor.py:925} INFO - DAG(s) 'example_branch_python_operator_decorator' retrieved from /home/airflow/.local/lib/python3.12/site-packages/airflow/example_dags/example_branch_operator_decorator.py
[2026-01-05T17:38:11.482+0000] {logging_mixin.py:190} INFO - [2026-01-05T17:38:11.481+0000] {dag.py:3211} INFO - Sync 1 DAGs
[2026-01-05T17:38:11.507+0000] {logging_mixin.py:190} INFO - [2026-01-05T17:38:11.506+0000] {dag.py:4138} INFO - Setting next_dagrun for example_branch_python_operator_decorator to 2026-01-04 00:00:00+00:00, run_after=2026-01-05 00:00:00+00:00
[2026-01-05T17:38:11.532+0000] {processor.py:208} INFO - Processing /home/airflow/.local/lib/python3.12/site-packages/airflow/example_dags/example_branch_operator_decorator.py took 0.126 seconds
[2026-01-05T17:38:42.126+0000] {processor.py:186} INFO - Started process (PID=2842) to work on /home/airflow/.local/lib/python3.12/site-packages/airflow/example_dags/example_branch_operator_decorator.py
[2026-01-05T17:38:42.130+0000] {processor.py:914} INFO - Processing file /home/airflow/.local/lib/python3.12/site-packages/airflow/example_dags/example_branch_operator_decorator.py for tasks to queue
[2026-01-05T17:38:42.132+0000] {logging_mixin.py:190} INFO - [2026-01-05T17:38:42.132+0000] {dagbag.py:587} INFO - Filling up the DagBag from /home/airflow/.local/lib/python3.12/site-packages/airflow/example_dags/example_branch_operator_decorator.py
[2026-01-05T17:38:42.158+0000] {processor.py:925} INFO - DAG(s) 'example_branch_python_operator_decorator' retrieved from /home/airflow/.local/lib/python3.12/site-packages/airflow/example_dags/example_branch_operator_decorator.py
[2026-01-05T17:38:42.192+0000] {logging_mixin.py:190} INFO - [2026-01-05T17:38:42.191+0000] {dag.py:3211} INFO - Sync 1 DAGs
[2026-01-05T17:38:42.218+0000] {logging_mixin.py:190} INFO - [2026-01-05T17:38:42.217+0000] {dag.py:4138} INFO - Setting next_dagrun for example_branch_python_operator_decorator to 2026-01-04 00:00:00+00:00, run_after=2026-01-05 00:00:00+00:00
[2026-01-05T17:38:42.242+0000] {processor.py:208} INFO - Processing /home/airflow/.local/lib/python3.12/site-packages/airflow/example_dags/example_branch_operator_decorator.py took 0.126 seconds
[2026-01-05T17:39:13.162+0000] {processor.py:186} INFO - Started process (PID=2908) to work on /home/airflow/.local/lib/python3.12/site-packages/airflow/example_dags/example_branch_operator_decorator.py
[2026-01-05T17:39:13.164+0000] {processor.py:914} INFO - Processing file /home/airflow/.local/lib/python3.12/site-packages/airflow/example_dags/example_branch_operator_decorator.py for tasks to queue
[2026-01-05T17:39:13.169+0000] {logging_mixin.py:190} INFO - [2026-01-05T17:39:13.168+0000] {dagbag.py:587} INFO - Filling up the DagBag from /home/airflow/.local/lib/python3.12/site-packages/airflow/example_dags/example_branch_operator_decorator.py
[2026-01-05T17:39:13.190+0000] {processor.py:925} INFO - DAG(s) 'example_branch_python_operator_decorator' retrieved from /home/airflow/.local/lib/python3.12/site-packages/airflow/example_dags/example_branch_operator_decorator.py
[2026-01-05T17:39:13.228+0000] {logging_mixin.py:190} INFO - [2026-01-05T17:39:13.228+0000] {dag.py:3211} INFO - Sync 1 DAGs
[2026-01-05T17:39:13.258+0000] {logging_mixin.py:190} INFO - [2026-01-05T17:39:13.258+0000] {dag.py:4138} INFO - Setting next_dagrun for example_branch_python_operator_decorator to 2026-01-04 00:00:00+00:00, run_after=2026-01-05 00:00:00+00:00
[2026-01-05T17:39:13.281+0000] {processor.py:208} INFO - Processing /home/airflow/.local/lib/python3.12/site-packages/airflow/example_dags/example_branch_operator_decorator.py took 0.126 seconds
[2026-01-05T17:39:43.811+0000] {processor.py:186} INFO - Started process (PID=2974) to work on /home/airflow/.local/lib/python3.12/site-packages/airflow/example_dags/example_branch_operator_decorator.py
[2026-01-05T17:39:43.813+0000] {processor.py:914} INFO - Processing file /home/airflow/.local/lib/python3.12/site-packages/airflow/example_dags/example_branch_operator_decorator.py for tasks to queue
[2026-01-05T17:39:43.816+0000] {logging_mixin.py:190} INFO - [2026-01-05T17:39:43.815+0000] {dagbag.py:587} INFO - Filling up the DagBag from /home/airflow/.local/lib/python3.12/site-packages/airflow/example_dags/example_branch_operator_decorator.py
[2026-01-05T17:39:43.833+0000] {processor.py:925} INFO - DAG(s) 'example_branch_python_operator_decorator' retrieved from /home/airflow/.local/lib/python3.12/site-packages/airflow/example_dags/example_branch_operator_decorator.py
[2026-01-05T17:39:43.863+0000] {logging_mixin.py:190} INFO - [2026-01-05T17:39:43.863+0000] {dag.py:3211} INFO - Sync 1 DAGs
[2026-01-05T17:39:43.893+0000] {logging_mixin.py:190} INFO - [2026-01-05T17:39:43.893+0000] {dag.py:4138} INFO - Setting next_dagrun for example_branch_python_operator_decorator to 2026-01-04 00:00:00+00:00, run_after=2026-01-05 00:00:00+00:00
[2026-01-05T17:39:43.916+0000] {processor.py:208} INFO - Processing /home/airflow/.local/lib/python3.12/site-packages/airflow/example_dags/example_branch_operator_decorator.py took 0.113 seconds
[2026-01-05T17:40:14.405+0000] {processor.py:186} INFO - Started process (PID=3040) to work on /home/airflow/.local/lib/python3.12/site-packages/airflow/example_dags/example_branch_operator_decorator.py
[2026-01-05T17:40:14.407+0000] {processor.py:914} INFO - Processing file /home/airflow/.local/lib/python3.12/site-packages/airflow/example_dags/example_branch_operator_decorator.py for tasks to queue
[2026-01-05T17:40:14.414+0000] {logging_mixin.py:190} INFO - [2026-01-05T17:40:14.414+0000] {dagbag.py:587} INFO - Filling up the DagBag from /home/airflow/.local/lib/python3.12/site-packages/airflow/example_dags/example_branch_operator_decorator.py
[2026-01-05T17:40:14.448+0000] {processor.py:925} INFO - DAG(s) 'example_branch_python_operator_decorator' retrieved from /home/airflow/.local/lib/python3.12/site-packages/airflow/example_dags/example_branch_operator_decorator.py
[2026-01-05T17:40:14.489+0000] {logging_mixin.py:190} INFO - [2026-01-05T17:40:14.489+0000] {dag.py:3211} INFO - Sync 1 DAGs
[2026-01-05T17:40:14.519+0000] {logging_mixin.py:190} INFO - [2026-01-05T17:40:14.519+0000] {dag.py:4138} INFO - Setting next_dagrun for example_branch_python_operator_decorator to 2026-01-04 00:00:00+00:00, run_after=2026-01-05 00:00:00+00:00
[2026-01-05T17:40:14.548+0000] {processor.py:208} INFO - Processing /home/airflow/.local/lib/python3.12/site-packages/airflow/example_dags/example_branch_operator_decorator.py took 0.157 seconds
[2026-01-05T17:40:44.746+0000] {processor.py:186} INFO - Started process (PID=3106) to work on /home/airflow/.local/lib/python3.12/site-packages/airflow/example_dags/example_branch_operator_decorator.py
[2026-01-05T17:40:44.747+0000] {processor.py:914} INFO - Processing file /home/airflow/.local/lib/python3.12/site-packages/airflow/example_dags/example_branch_operator_decorator.py for tasks to queue
[2026-01-05T17:40:44.752+0000] {logging_mixin.py:190} INFO - [2026-01-05T17:40:44.752+0000] {dagbag.py:587} INFO - Filling up the DagBag from /home/airflow/.local/lib/python3.12/site-packages/airflow/example_dags/example_branch_operator_decorator.py
[2026-01-05T17:40:44.782+0000] {processor.py:925} INFO - DAG(s) 'example_branch_python_operator_decorator' retrieved from /home/airflow/.local/lib/python3.12/site-packages/airflow/example_dags/example_branch_operator_decorator.py
[2026-01-05T17:40:44.822+0000] {logging_mixin.py:190} INFO - [2026-01-05T17:40:44.822+0000] {dag.py:3211} INFO - Sync 1 DAGs
[2026-01-05T17:40:44.849+0000] {logging_mixin.py:190} INFO - [2026-01-05T17:40:44.849+0000] {dag.py:4138} INFO - Setting next_dagrun for example_branch_python_operator_decorator to 2026-01-04 00:00:00+00:00, run_after=2026-01-05 00:00:00+00:00
[2026-01-05T17:40:44.875+0000] {processor.py:208} INFO - Processing /home/airflow/.local/lib/python3.12/site-packages/airflow/example_dags/example_branch_operator_decorator.py took 0.136 seconds
[2026-01-05T17:41:14.971+0000] {processor.py:186} INFO - Started process (PID=3172) to work on /home/airflow/.local/lib/python3.12/site-packages/airflow/example_dags/example_branch_operator_decorator.py
[2026-01-05T17:41:14.974+0000] {processor.py:914} INFO - Processing file /home/airflow/.local/lib/python3.12/site-packages/airflow/example_dags/example_branch_operator_decorator.py for tasks to queue
[2026-01-05T17:41:14.978+0000] {logging_mixin.py:190} INFO - [2026-01-05T17:41:14.977+0000] {dagbag.py:587} INFO - Filling up the DagBag from /home/airflow/.local/lib/python3.12/site-packages/airflow/example_dags/example_branch_operator_decorator.py
[2026-01-05T17:41:15.011+0000] {processor.py:925} INFO - DAG(s) 'example_branch_python_operator_decorator' retrieved from /home/airflow/.local/lib/python3.12/site-packages/airflow/example_dags/example_branch_operator_decorator.py
[2026-01-05T17:41:15.058+0000] {logging_mixin.py:190} INFO - [2026-01-05T17:41:15.058+0000] {dag.py:3211} INFO - Sync 1 DAGs
[2026-01-05T17:41:15.094+0000] {logging_mixin.py:190} INFO - [2026-01-05T17:41:15.093+0000] {dag.py:4138} INFO - Setting next_dagrun for example_branch_python_operator_decorator to 2026-01-04 00:00:00+00:00, run_after=2026-01-05 00:00:00+00:00
[2026-01-05T17:41:15.119+0000] {processor.py:208} INFO - Processing /home/airflow/.local/lib/python3.12/site-packages/airflow/example_dags/example_branch_operator_decorator.py took 0.156 seconds
[2026-01-05T17:41:45.174+0000] {processor.py:186} INFO - Started process (PID=3238) to work on /home/airflow/.local/lib/python3.12/site-packages/airflow/example_dags/example_branch_operator_decorator.py
[2026-01-05T17:41:45.176+0000] {processor.py:914} INFO - Processing file /home/airflow/.local/lib/python3.12/site-packages/airflow/example_dags/example_branch_operator_decorator.py for tasks to queue
[2026-01-05T17:41:45.180+0000] {logging_mixin.py:190} INFO - [2026-01-05T17:41:45.179+0000] {dagbag.py:587} INFO - Filling up the DagBag from /home/airflow/.local/lib/python3.12/site-packages/airflow/example_dags/example_branch_operator_decorator.py
[2026-01-05T17:41:45.203+0000] {processor.py:925} INFO - DAG(s) 'example_branch_python_operator_decorator' retrieved from /home/airflow/.local/lib/python3.12/site-packages/airflow/example_dags/example_branch_operator_decorator.py
[2026-01-05T17:41:45.237+0000] {logging_mixin.py:190} INFO - [2026-01-05T17:41:45.236+0000] {dag.py:3211} INFO - Sync 1 DAGs
[2026-01-05T17:41:45.264+0000] {logging_mixin.py:190} INFO - [2026-01-05T17:41:45.264+0000] {dag.py:4138} INFO - Setting next_dagrun for example_branch_python_operator_decorator to 2026-01-04 00:00:00+00:00, run_after=2026-01-05 00:00:00+00:00
[2026-01-05T17:41:45.292+0000] {processor.py:208} INFO - Processing /home/airflow/.local/lib/python3.12/site-packages/airflow/example_dags/example_branch_operator_decorator.py took 0.129 seconds
[2026-01-05T17:42:15.655+0000] {processor.py:186} INFO - Started process (PID=3304) to work on /home/airflow/.local/lib/python3.12/site-packages/airflow/example_dags/example_branch_operator_decorator.py
[2026-01-05T17:42:15.657+0000] {processor.py:914} INFO - Processing file /home/airflow/.local/lib/python3.12/site-packages/airflow/example_dags/example_branch_operator_decorator.py for tasks to queue
[2026-01-05T17:42:15.662+0000] {logging_mixin.py:190} INFO - [2026-01-05T17:42:15.661+0000] {dagbag.py:587} INFO - Filling up the DagBag from /home/airflow/.local/lib/python3.12/site-packages/airflow/example_dags/example_branch_operator_decorator.py
[2026-01-05T17:42:15.696+0000] {processor.py:925} INFO - DAG(s) 'example_branch_python_operator_decorator' retrieved from /home/airflow/.local/lib/python3.12/site-packages/airflow/example_dags/example_branch_operator_decorator.py
[2026-01-05T17:42:15.739+0000] {logging_mixin.py:190} INFO - [2026-01-05T17:42:15.739+0000] {dag.py:3211} INFO - Sync 1 DAGs
[2026-01-05T17:42:15.781+0000] {logging_mixin.py:190} INFO - [2026-01-05T17:42:15.780+0000] {dag.py:4138} INFO - Setting next_dagrun for example_branch_python_operator_decorator to 2026-01-04 00:00:00+00:00, run_after=2026-01-05 00:00:00+00:00
[2026-01-05T17:42:15.815+0000] {processor.py:208} INFO - Processing /home/airflow/.local/lib/python3.12/site-packages/airflow/example_dags/example_branch_operator_decorator.py took 0.168 seconds
[2026-01-05T17:42:46.159+0000] {processor.py:186} INFO - Started process (PID=3370) to work on /home/airflow/.local/lib/python3.12/site-packages/airflow/example_dags/example_branch_operator_decorator.py
[2026-01-05T17:42:46.161+0000] {processor.py:914} INFO - Processing file /home/airflow/.local/lib/python3.12/site-packages/airflow/example_dags/example_branch_operator_decorator.py for tasks to queue
[2026-01-05T17:42:46.166+0000] {logging_mixin.py:190} INFO - [2026-01-05T17:42:46.165+0000] {dagbag.py:587} INFO - Filling up the DagBag from /home/airflow/.local/lib/python3.12/site-packages/airflow/example_dags/example_branch_operator_decorator.py
[2026-01-05T17:42:46.198+0000] {processor.py:925} INFO - DAG(s) 'example_branch_python_operator_decorator' retrieved from /home/airflow/.local/lib/python3.12/site-packages/airflow/example_dags/example_branch_operator_decorator.py
[2026-01-05T17:42:46.240+0000] {logging_mixin.py:190} INFO - [2026-01-05T17:42:46.239+0000] {dag.py:3211} INFO - Sync 1 DAGs
[2026-01-05T17:42:46.276+0000] {logging_mixin.py:190} INFO - [2026-01-05T17:42:46.275+0000] {dag.py:4138} INFO - Setting next_dagrun for example_branch_python_operator_decorator to 2026-01-04 00:00:00+00:00, run_after=2026-01-05 00:00:00+00:00
[2026-01-05T17:42:46.304+0000] {processor.py:208} INFO - Processing /home/airflow/.local/lib/python3.12/site-packages/airflow/example_dags/example_branch_operator_decorator.py took 0.154 seconds
[2026-01-05T17:43:16.400+0000] {processor.py:186} INFO - Started process (PID=3436) to work on /home/airflow/.local/lib/python3.12/site-packages/airflow/example_dags/example_branch_operator_decorator.py
[2026-01-05T17:43:16.402+0000] {processor.py:914} INFO - Processing file /home/airflow/.local/lib/python3.12/site-packages/airflow/example_dags/example_branch_operator_decorator.py for tasks to queue
[2026-01-05T17:43:16.406+0000] {logging_mixin.py:190} INFO - [2026-01-05T17:43:16.406+0000] {dagbag.py:587} INFO - Filling up the DagBag from /home/airflow/.local/lib/python3.12/site-packages/airflow/example_dags/example_branch_operator_decorator.py
[2026-01-05T17:43:16.437+0000] {processor.py:925} INFO - DAG(s) 'example_branch_python_operator_decorator' retrieved from /home/airflow/.local/lib/python3.12/site-packages/airflow/example_dags/example_branch_operator_decorator.py
[2026-01-05T17:43:16.476+0000] {logging_mixin.py:190} INFO - [2026-01-05T17:43:16.475+0000] {dag.py:3211} INFO - Sync 1 DAGs
[2026-01-05T17:43:16.508+0000] {logging_mixin.py:190} INFO - [2026-01-05T17:43:16.507+0000] {dag.py:4138} INFO - Setting next_dagrun for example_branch_python_operator_decorator to 2026-01-04 00:00:00+00:00, run_after=2026-01-05 00:00:00+00:00
[2026-01-05T17:43:16.531+0000] {processor.py:208} INFO - Processing /home/airflow/.local/lib/python3.12/site-packages/airflow/example_dags/example_branch_operator_decorator.py took 0.140 seconds
[2026-01-05T17:43:46.764+0000] {processor.py:186} INFO - Started process (PID=3503) to work on /home/airflow/.local/lib/python3.12/site-packages/airflow/example_dags/example_branch_operator_decorator.py
[2026-01-05T17:43:46.766+0000] {processor.py:914} INFO - Processing file /home/airflow/.local/lib/python3.12/site-packages/airflow/example_dags/example_branch_operator_decorator.py for tasks to queue
[2026-01-05T17:43:46.770+0000] {logging_mixin.py:190} INFO - [2026-01-05T17:43:46.769+0000] {dagbag.py:587} INFO - Filling up the DagBag from /home/airflow/.local/lib/python3.12/site-packages/airflow/example_dags/example_branch_operator_decorator.py
[2026-01-05T17:43:46.799+0000] {processor.py:925} INFO - DAG(s) 'example_branch_python_operator_decorator' retrieved from /home/airflow/.local/lib/python3.12/site-packages/airflow/example_dags/example_branch_operator_decorator.py
[2026-01-05T17:43:46.835+0000] {logging_mixin.py:190} INFO - [2026-01-05T17:43:46.835+0000] {dag.py:3211} INFO - Sync 1 DAGs
[2026-01-05T17:43:46.867+0000] {logging_mixin.py:190} INFO - [2026-01-05T17:43:46.867+0000] {dag.py:4138} INFO - Setting next_dagrun for example_branch_python_operator_decorator to 2026-01-04 00:00:00+00:00, run_after=2026-01-05 00:00:00+00:00
[2026-01-05T17:43:46.900+0000] {processor.py:208} INFO - Processing /home/airflow/.local/lib/python3.12/site-packages/airflow/example_dags/example_branch_operator_decorator.py took 0.145 seconds
[2026-01-05T17:44:17.350+0000] {processor.py:186} INFO - Started process (PID=3568) to work on /home/airflow/.local/lib/python3.12/site-packages/airflow/example_dags/example_branch_operator_decorator.py
[2026-01-05T17:44:17.353+0000] {processor.py:914} INFO - Processing file /home/airflow/.local/lib/python3.12/site-packages/airflow/example_dags/example_branch_operator_decorator.py for tasks to queue
[2026-01-05T17:44:17.358+0000] {logging_mixin.py:190} INFO - [2026-01-05T17:44:17.357+0000] {dagbag.py:587} INFO - Filling up the DagBag from /home/airflow/.local/lib/python3.12/site-packages/airflow/example_dags/example_branch_operator_decorator.py
[2026-01-05T17:44:17.383+0000] {processor.py:925} INFO - DAG(s) 'example_branch_python_operator_decorator' retrieved from /home/airflow/.local/lib/python3.12/site-packages/airflow/example_dags/example_branch_operator_decorator.py
[2026-01-05T17:44:17.420+0000] {logging_mixin.py:190} INFO - [2026-01-05T17:44:17.420+0000] {dag.py:3211} INFO - Sync 1 DAGs
[2026-01-05T17:44:17.447+0000] {logging_mixin.py:190} INFO - [2026-01-05T17:44:17.447+0000] {dag.py:4138} INFO - Setting next_dagrun for example_branch_python_operator_decorator to 2026-01-04 00:00:00+00:00, run_after=2026-01-05 00:00:00+00:00
[2026-01-05T17:44:17.483+0000] {processor.py:208} INFO - Processing /home/airflow/.local/lib/python3.12/site-packages/airflow/example_dags/example_branch_operator_decorator.py took 0.142 seconds
[2026-01-05T17:44:47.911+0000] {processor.py:186} INFO - Started process (PID=3635) to work on /home/airflow/.local/lib/python3.12/site-packages/airflow/example_dags/example_branch_operator_decorator.py
[2026-01-05T17:44:47.915+0000] {processor.py:914} INFO - Processing file /home/airflow/.local/lib/python3.12/site-packages/airflow/example_dags/example_branch_operator_decorator.py for tasks to queue
[2026-01-05T17:44:47.918+0000] {logging_mixin.py:190} INFO - [2026-01-05T17:44:47.918+0000] {dagbag.py:587} INFO - Filling up the DagBag from /home/airflow/.local/lib/python3.12/site-packages/airflow/example_dags/example_branch_operator_decorator.py
[2026-01-05T17:44:47.949+0000] {processor.py:925} INFO - DAG(s) 'example_branch_python_operator_decorator' retrieved from /home/airflow/.local/lib/python3.12/site-packages/airflow/example_dags/example_branch_operator_decorator.py
[2026-01-05T17:44:47.992+0000] {logging_mixin.py:190} INFO - [2026-01-05T17:44:47.992+0000] {dag.py:3211} INFO - Sync 1 DAGs
[2026-01-05T17:44:48.023+0000] {logging_mixin.py:190} INFO - [2026-01-05T17:44:48.023+0000] {dag.py:4138} INFO - Setting next_dagrun for example_branch_python_operator_decorator to 2026-01-04 00:00:00+00:00, run_after=2026-01-05 00:00:00+00:00
[2026-01-05T17:44:48.052+0000] {processor.py:208} INFO - Processing /home/airflow/.local/lib/python3.12/site-packages/airflow/example_dags/example_branch_operator_decorator.py took 0.151 seconds
