[2026-01-05T17:17:45.130+0000] {processor.py:186} INFO - Started process (PID=119) to work on /home/airflow/.local/lib/python3.12/site-packages/airflow/example_dags/example_nested_branch_dag.py
[2026-01-05T17:17:45.150+0000] {processor.py:914} INFO - Processing file /home/airflow/.local/lib/python3.12/site-packages/airflow/example_dags/example_nested_branch_dag.py for tasks to queue
[2026-01-05T17:17:45.166+0000] {logging_mixin.py:190} INFO - [2026-01-05T17:17:45.165+0000] {dagbag.py:587} INFO - Filling up the DagBag from /home/airflow/.local/lib/python3.12/site-packages/airflow/example_dags/example_nested_branch_dag.py
[2026-01-05T17:17:45.205+0000] {processor.py:925} INFO - DAG(s) 'example_nested_branch_dag' retrieved from /home/airflow/.local/lib/python3.12/site-packages/airflow/example_dags/example_nested_branch_dag.py
[2026-01-05T17:17:45.297+0000] {logging_mixin.py:190} INFO - [2026-01-05T17:17:45.296+0000] {dag.py:3211} INFO - Sync 1 DAGs
[2026-01-05T17:17:45.365+0000] {logging_mixin.py:190} INFO - [2026-01-05T17:17:45.365+0000] {dag.py:4138} INFO - Setting next_dagrun for example_nested_branch_dag to 2026-01-04 00:00:00+00:00, run_after=2026-01-05 00:00:00+00:00
[2026-01-05T17:17:45.415+0000] {processor.py:208} INFO - Processing /home/airflow/.local/lib/python3.12/site-packages/airflow/example_dags/example_nested_branch_dag.py took 0.340 seconds
[2026-01-05T17:18:16.034+0000] {processor.py:186} INFO - Started process (PID=186) to work on /home/airflow/.local/lib/python3.12/site-packages/airflow/example_dags/example_nested_branch_dag.py
[2026-01-05T17:18:16.036+0000] {processor.py:914} INFO - Processing file /home/airflow/.local/lib/python3.12/site-packages/airflow/example_dags/example_nested_branch_dag.py for tasks to queue
[2026-01-05T17:18:16.039+0000] {logging_mixin.py:190} INFO - [2026-01-05T17:18:16.039+0000] {dagbag.py:587} INFO - Filling up the DagBag from /home/airflow/.local/lib/python3.12/site-packages/airflow/example_dags/example_nested_branch_dag.py
[2026-01-05T17:18:16.052+0000] {processor.py:925} INFO - DAG(s) 'example_nested_branch_dag' retrieved from /home/airflow/.local/lib/python3.12/site-packages/airflow/example_dags/example_nested_branch_dag.py
[2026-01-05T17:18:16.076+0000] {logging_mixin.py:190} INFO - [2026-01-05T17:18:16.075+0000] {dag.py:3211} INFO - Sync 1 DAGs
[2026-01-05T17:18:16.101+0000] {logging_mixin.py:190} INFO - [2026-01-05T17:18:16.101+0000] {dag.py:4138} INFO - Setting next_dagrun for example_nested_branch_dag to 2026-01-04 00:00:00+00:00, run_after=2026-01-05 00:00:00+00:00
[2026-01-05T17:18:16.131+0000] {processor.py:208} INFO - Processing /home/airflow/.local/lib/python3.12/site-packages/airflow/example_dags/example_nested_branch_dag.py took 0.107 seconds
[2026-01-05T17:18:46.726+0000] {processor.py:186} INFO - Started process (PID=252) to work on /home/airflow/.local/lib/python3.12/site-packages/airflow/example_dags/example_nested_branch_dag.py
[2026-01-05T17:18:46.728+0000] {processor.py:914} INFO - Processing file /home/airflow/.local/lib/python3.12/site-packages/airflow/example_dags/example_nested_branch_dag.py for tasks to queue
[2026-01-05T17:18:46.734+0000] {logging_mixin.py:190} INFO - [2026-01-05T17:18:46.733+0000] {dagbag.py:587} INFO - Filling up the DagBag from /home/airflow/.local/lib/python3.12/site-packages/airflow/example_dags/example_nested_branch_dag.py
[2026-01-05T17:18:46.755+0000] {processor.py:925} INFO - DAG(s) 'example_nested_branch_dag' retrieved from /home/airflow/.local/lib/python3.12/site-packages/airflow/example_dags/example_nested_branch_dag.py
[2026-01-05T17:18:46.822+0000] {logging_mixin.py:190} INFO - [2026-01-05T17:18:46.821+0000] {dag.py:3211} INFO - Sync 1 DAGs
[2026-01-05T17:18:46.900+0000] {logging_mixin.py:190} INFO - [2026-01-05T17:18:46.890+0000] {dag.py:4138} INFO - Setting next_dagrun for example_nested_branch_dag to 2026-01-04 00:00:00+00:00, run_after=2026-01-05 00:00:00+00:00
[2026-01-05T17:18:46.933+0000] {processor.py:208} INFO - Processing /home/airflow/.local/lib/python3.12/site-packages/airflow/example_dags/example_nested_branch_dag.py took 0.219 seconds
[2026-01-05T17:19:17.448+0000] {processor.py:186} INFO - Started process (PID=318) to work on /home/airflow/.local/lib/python3.12/site-packages/airflow/example_dags/example_nested_branch_dag.py
[2026-01-05T17:19:17.452+0000] {processor.py:914} INFO - Processing file /home/airflow/.local/lib/python3.12/site-packages/airflow/example_dags/example_nested_branch_dag.py for tasks to queue
[2026-01-05T17:19:17.459+0000] {logging_mixin.py:190} INFO - [2026-01-05T17:19:17.458+0000] {dagbag.py:587} INFO - Filling up the DagBag from /home/airflow/.local/lib/python3.12/site-packages/airflow/example_dags/example_nested_branch_dag.py
[2026-01-05T17:19:17.506+0000] {processor.py:925} INFO - DAG(s) 'example_nested_branch_dag' retrieved from /home/airflow/.local/lib/python3.12/site-packages/airflow/example_dags/example_nested_branch_dag.py
[2026-01-05T17:19:17.592+0000] {logging_mixin.py:190} INFO - [2026-01-05T17:19:17.592+0000] {dag.py:3211} INFO - Sync 1 DAGs
[2026-01-05T17:19:17.667+0000] {logging_mixin.py:190} INFO - [2026-01-05T17:19:17.666+0000] {dag.py:4138} INFO - Setting next_dagrun for example_nested_branch_dag to 2026-01-04 00:00:00+00:00, run_after=2026-01-05 00:00:00+00:00
[2026-01-05T17:19:17.724+0000] {processor.py:208} INFO - Processing /home/airflow/.local/lib/python3.12/site-packages/airflow/example_dags/example_nested_branch_dag.py took 0.292 seconds
[2026-01-05T17:19:48.136+0000] {processor.py:186} INFO - Started process (PID=384) to work on /home/airflow/.local/lib/python3.12/site-packages/airflow/example_dags/example_nested_branch_dag.py
[2026-01-05T17:19:48.139+0000] {processor.py:914} INFO - Processing file /home/airflow/.local/lib/python3.12/site-packages/airflow/example_dags/example_nested_branch_dag.py for tasks to queue
[2026-01-05T17:19:48.143+0000] {logging_mixin.py:190} INFO - [2026-01-05T17:19:48.142+0000] {dagbag.py:587} INFO - Filling up the DagBag from /home/airflow/.local/lib/python3.12/site-packages/airflow/example_dags/example_nested_branch_dag.py
[2026-01-05T17:19:48.157+0000] {processor.py:925} INFO - DAG(s) 'example_nested_branch_dag' retrieved from /home/airflow/.local/lib/python3.12/site-packages/airflow/example_dags/example_nested_branch_dag.py
[2026-01-05T17:19:48.187+0000] {logging_mixin.py:190} INFO - [2026-01-05T17:19:48.187+0000] {dag.py:3211} INFO - Sync 1 DAGs
[2026-01-05T17:19:48.217+0000] {logging_mixin.py:190} INFO - [2026-01-05T17:19:48.217+0000] {dag.py:4138} INFO - Setting next_dagrun for example_nested_branch_dag to 2026-01-04 00:00:00+00:00, run_after=2026-01-05 00:00:00+00:00
[2026-01-05T17:19:48.243+0000] {processor.py:208} INFO - Processing /home/airflow/.local/lib/python3.12/site-packages/airflow/example_dags/example_nested_branch_dag.py took 0.117 seconds
[2026-01-05T17:20:18.436+0000] {processor.py:186} INFO - Started process (PID=450) to work on /home/airflow/.local/lib/python3.12/site-packages/airflow/example_dags/example_nested_branch_dag.py
[2026-01-05T17:20:18.438+0000] {processor.py:914} INFO - Processing file /home/airflow/.local/lib/python3.12/site-packages/airflow/example_dags/example_nested_branch_dag.py for tasks to queue
[2026-01-05T17:20:18.442+0000] {logging_mixin.py:190} INFO - [2026-01-05T17:20:18.442+0000] {dagbag.py:587} INFO - Filling up the DagBag from /home/airflow/.local/lib/python3.12/site-packages/airflow/example_dags/example_nested_branch_dag.py
[2026-01-05T17:20:18.464+0000] {processor.py:925} INFO - DAG(s) 'example_nested_branch_dag' retrieved from /home/airflow/.local/lib/python3.12/site-packages/airflow/example_dags/example_nested_branch_dag.py
[2026-01-05T17:20:18.512+0000] {logging_mixin.py:190} INFO - [2026-01-05T17:20:18.511+0000] {dag.py:3211} INFO - Sync 1 DAGs
[2026-01-05T17:20:18.552+0000] {logging_mixin.py:190} INFO - [2026-01-05T17:20:18.552+0000] {dag.py:4138} INFO - Setting next_dagrun for example_nested_branch_dag to 2026-01-04 00:00:00+00:00, run_after=2026-01-05 00:00:00+00:00
[2026-01-05T17:20:18.583+0000] {processor.py:208} INFO - Processing /home/airflow/.local/lib/python3.12/site-packages/airflow/example_dags/example_nested_branch_dag.py took 0.157 seconds
[2026-01-05T17:20:49.438+0000] {processor.py:186} INFO - Started process (PID=516) to work on /home/airflow/.local/lib/python3.12/site-packages/airflow/example_dags/example_nested_branch_dag.py
[2026-01-05T17:20:49.440+0000] {processor.py:914} INFO - Processing file /home/airflow/.local/lib/python3.12/site-packages/airflow/example_dags/example_nested_branch_dag.py for tasks to queue
[2026-01-05T17:20:49.453+0000] {logging_mixin.py:190} INFO - [2026-01-05T17:20:49.452+0000] {dagbag.py:587} INFO - Filling up the DagBag from /home/airflow/.local/lib/python3.12/site-packages/airflow/example_dags/example_nested_branch_dag.py
[2026-01-05T17:20:49.490+0000] {processor.py:925} INFO - DAG(s) 'example_nested_branch_dag' retrieved from /home/airflow/.local/lib/python3.12/site-packages/airflow/example_dags/example_nested_branch_dag.py
[2026-01-05T17:20:49.533+0000] {logging_mixin.py:190} INFO - [2026-01-05T17:20:49.533+0000] {dag.py:3211} INFO - Sync 1 DAGs
[2026-01-05T17:20:49.581+0000] {logging_mixin.py:190} INFO - [2026-01-05T17:20:49.580+0000] {dag.py:4138} INFO - Setting next_dagrun for example_nested_branch_dag to 2026-01-04 00:00:00+00:00, run_after=2026-01-05 00:00:00+00:00
[2026-01-05T17:20:49.619+0000] {processor.py:208} INFO - Processing /home/airflow/.local/lib/python3.12/site-packages/airflow/example_dags/example_nested_branch_dag.py took 0.194 seconds
[2026-01-05T17:21:19.788+0000] {processor.py:186} INFO - Started process (PID=582) to work on /home/airflow/.local/lib/python3.12/site-packages/airflow/example_dags/example_nested_branch_dag.py
[2026-01-05T17:21:19.790+0000] {processor.py:914} INFO - Processing file /home/airflow/.local/lib/python3.12/site-packages/airflow/example_dags/example_nested_branch_dag.py for tasks to queue
[2026-01-05T17:21:19.794+0000] {logging_mixin.py:190} INFO - [2026-01-05T17:21:19.794+0000] {dagbag.py:587} INFO - Filling up the DagBag from /home/airflow/.local/lib/python3.12/site-packages/airflow/example_dags/example_nested_branch_dag.py
[2026-01-05T17:21:19.808+0000] {processor.py:925} INFO - DAG(s) 'example_nested_branch_dag' retrieved from /home/airflow/.local/lib/python3.12/site-packages/airflow/example_dags/example_nested_branch_dag.py
[2026-01-05T17:21:19.841+0000] {logging_mixin.py:190} INFO - [2026-01-05T17:21:19.841+0000] {dag.py:3211} INFO - Sync 1 DAGs
[2026-01-05T17:21:19.865+0000] {logging_mixin.py:190} INFO - [2026-01-05T17:21:19.865+0000] {dag.py:4138} INFO - Setting next_dagrun for example_nested_branch_dag to 2026-01-04 00:00:00+00:00, run_after=2026-01-05 00:00:00+00:00
[2026-01-05T17:21:19.891+0000] {processor.py:208} INFO - Processing /home/airflow/.local/lib/python3.12/site-packages/airflow/example_dags/example_nested_branch_dag.py took 0.115 seconds
[2026-01-05T17:21:50.080+0000] {processor.py:186} INFO - Started process (PID=648) to work on /home/airflow/.local/lib/python3.12/site-packages/airflow/example_dags/example_nested_branch_dag.py
[2026-01-05T17:21:50.082+0000] {processor.py:914} INFO - Processing file /home/airflow/.local/lib/python3.12/site-packages/airflow/example_dags/example_nested_branch_dag.py for tasks to queue
[2026-01-05T17:21:50.085+0000] {logging_mixin.py:190} INFO - [2026-01-05T17:21:50.085+0000] {dagbag.py:587} INFO - Filling up the DagBag from /home/airflow/.local/lib/python3.12/site-packages/airflow/example_dags/example_nested_branch_dag.py
[2026-01-05T17:21:50.097+0000] {processor.py:925} INFO - DAG(s) 'example_nested_branch_dag' retrieved from /home/airflow/.local/lib/python3.12/site-packages/airflow/example_dags/example_nested_branch_dag.py
[2026-01-05T17:21:50.126+0000] {logging_mixin.py:190} INFO - [2026-01-05T17:21:50.125+0000] {dag.py:3211} INFO - Sync 1 DAGs
[2026-01-05T17:21:50.157+0000] {logging_mixin.py:190} INFO - [2026-01-05T17:21:50.156+0000] {dag.py:4138} INFO - Setting next_dagrun for example_nested_branch_dag to 2026-01-04 00:00:00+00:00, run_after=2026-01-05 00:00:00+00:00
[2026-01-05T17:21:50.181+0000] {processor.py:208} INFO - Processing /home/airflow/.local/lib/python3.12/site-packages/airflow/example_dags/example_nested_branch_dag.py took 0.106 seconds
[2026-01-05T17:22:20.993+0000] {processor.py:186} INFO - Started process (PID=714) to work on /home/airflow/.local/lib/python3.12/site-packages/airflow/example_dags/example_nested_branch_dag.py
[2026-01-05T17:22:20.995+0000] {processor.py:914} INFO - Processing file /home/airflow/.local/lib/python3.12/site-packages/airflow/example_dags/example_nested_branch_dag.py for tasks to queue
[2026-01-05T17:22:20.999+0000] {logging_mixin.py:190} INFO - [2026-01-05T17:22:20.999+0000] {dagbag.py:587} INFO - Filling up the DagBag from /home/airflow/.local/lib/python3.12/site-packages/airflow/example_dags/example_nested_branch_dag.py
[2026-01-05T17:22:21.012+0000] {processor.py:925} INFO - DAG(s) 'example_nested_branch_dag' retrieved from /home/airflow/.local/lib/python3.12/site-packages/airflow/example_dags/example_nested_branch_dag.py
[2026-01-05T17:22:21.044+0000] {logging_mixin.py:190} INFO - [2026-01-05T17:22:21.043+0000] {dag.py:3211} INFO - Sync 1 DAGs
[2026-01-05T17:22:21.071+0000] {logging_mixin.py:190} INFO - [2026-01-05T17:22:21.071+0000] {dag.py:4138} INFO - Setting next_dagrun for example_nested_branch_dag to 2026-01-04 00:00:00+00:00, run_after=2026-01-05 00:00:00+00:00
[2026-01-05T17:22:21.096+0000] {processor.py:208} INFO - Processing /home/airflow/.local/lib/python3.12/site-packages/airflow/example_dags/example_nested_branch_dag.py took 0.111 seconds
[2026-01-05T17:22:51.801+0000] {processor.py:186} INFO - Started process (PID=780) to work on /home/airflow/.local/lib/python3.12/site-packages/airflow/example_dags/example_nested_branch_dag.py
[2026-01-05T17:22:51.803+0000] {processor.py:914} INFO - Processing file /home/airflow/.local/lib/python3.12/site-packages/airflow/example_dags/example_nested_branch_dag.py for tasks to queue
[2026-01-05T17:22:51.808+0000] {logging_mixin.py:190} INFO - [2026-01-05T17:22:51.807+0000] {dagbag.py:587} INFO - Filling up the DagBag from /home/airflow/.local/lib/python3.12/site-packages/airflow/example_dags/example_nested_branch_dag.py
[2026-01-05T17:22:51.826+0000] {processor.py:925} INFO - DAG(s) 'example_nested_branch_dag' retrieved from /home/airflow/.local/lib/python3.12/site-packages/airflow/example_dags/example_nested_branch_dag.py
[2026-01-05T17:22:51.853+0000] {logging_mixin.py:190} INFO - [2026-01-05T17:22:51.852+0000] {dag.py:3211} INFO - Sync 1 DAGs
[2026-01-05T17:22:51.877+0000] {logging_mixin.py:190} INFO - [2026-01-05T17:22:51.877+0000] {dag.py:4138} INFO - Setting next_dagrun for example_nested_branch_dag to 2026-01-04 00:00:00+00:00, run_after=2026-01-05 00:00:00+00:00
[2026-01-05T17:22:51.902+0000] {processor.py:208} INFO - Processing /home/airflow/.local/lib/python3.12/site-packages/airflow/example_dags/example_nested_branch_dag.py took 0.111 seconds
[2026-01-05T17:23:22.840+0000] {processor.py:186} INFO - Started process (PID=846) to work on /home/airflow/.local/lib/python3.12/site-packages/airflow/example_dags/example_nested_branch_dag.py
[2026-01-05T17:23:22.845+0000] {processor.py:914} INFO - Processing file /home/airflow/.local/lib/python3.12/site-packages/airflow/example_dags/example_nested_branch_dag.py for tasks to queue
[2026-01-05T17:23:22.855+0000] {logging_mixin.py:190} INFO - [2026-01-05T17:23:22.855+0000] {dagbag.py:587} INFO - Filling up the DagBag from /home/airflow/.local/lib/python3.12/site-packages/airflow/example_dags/example_nested_branch_dag.py
[2026-01-05T17:23:22.889+0000] {processor.py:925} INFO - DAG(s) 'example_nested_branch_dag' retrieved from /home/airflow/.local/lib/python3.12/site-packages/airflow/example_dags/example_nested_branch_dag.py
[2026-01-05T17:23:22.945+0000] {logging_mixin.py:190} INFO - [2026-01-05T17:23:22.945+0000] {dag.py:3211} INFO - Sync 1 DAGs
[2026-01-05T17:23:22.979+0000] {logging_mixin.py:190} INFO - [2026-01-05T17:23:22.978+0000] {dag.py:4138} INFO - Setting next_dagrun for example_nested_branch_dag to 2026-01-04 00:00:00+00:00, run_after=2026-01-05 00:00:00+00:00
[2026-01-05T17:23:23.027+0000] {processor.py:208} INFO - Processing /home/airflow/.local/lib/python3.12/site-packages/airflow/example_dags/example_nested_branch_dag.py took 0.205 seconds
[2026-01-05T17:23:53.155+0000] {processor.py:186} INFO - Started process (PID=912) to work on /home/airflow/.local/lib/python3.12/site-packages/airflow/example_dags/example_nested_branch_dag.py
[2026-01-05T17:23:53.157+0000] {processor.py:914} INFO - Processing file /home/airflow/.local/lib/python3.12/site-packages/airflow/example_dags/example_nested_branch_dag.py for tasks to queue
[2026-01-05T17:23:53.160+0000] {logging_mixin.py:190} INFO - [2026-01-05T17:23:53.159+0000] {dagbag.py:587} INFO - Filling up the DagBag from /home/airflow/.local/lib/python3.12/site-packages/airflow/example_dags/example_nested_branch_dag.py
[2026-01-05T17:23:53.174+0000] {processor.py:925} INFO - DAG(s) 'example_nested_branch_dag' retrieved from /home/airflow/.local/lib/python3.12/site-packages/airflow/example_dags/example_nested_branch_dag.py
[2026-01-05T17:23:53.208+0000] {logging_mixin.py:190} INFO - [2026-01-05T17:23:53.207+0000] {dag.py:3211} INFO - Sync 1 DAGs
[2026-01-05T17:23:53.243+0000] {logging_mixin.py:190} INFO - [2026-01-05T17:23:53.243+0000] {dag.py:4138} INFO - Setting next_dagrun for example_nested_branch_dag to 2026-01-04 00:00:00+00:00, run_after=2026-01-05 00:00:00+00:00
[2026-01-05T17:23:53.281+0000] {processor.py:208} INFO - Processing /home/airflow/.local/lib/python3.12/site-packages/airflow/example_dags/example_nested_branch_dag.py took 0.136 seconds
[2026-01-05T17:24:23.491+0000] {processor.py:186} INFO - Started process (PID=978) to work on /home/airflow/.local/lib/python3.12/site-packages/airflow/example_dags/example_nested_branch_dag.py
[2026-01-05T17:24:23.494+0000] {processor.py:914} INFO - Processing file /home/airflow/.local/lib/python3.12/site-packages/airflow/example_dags/example_nested_branch_dag.py for tasks to queue
[2026-01-05T17:24:23.500+0000] {logging_mixin.py:190} INFO - [2026-01-05T17:24:23.499+0000] {dagbag.py:587} INFO - Filling up the DagBag from /home/airflow/.local/lib/python3.12/site-packages/airflow/example_dags/example_nested_branch_dag.py
[2026-01-05T17:24:23.517+0000] {processor.py:925} INFO - DAG(s) 'example_nested_branch_dag' retrieved from /home/airflow/.local/lib/python3.12/site-packages/airflow/example_dags/example_nested_branch_dag.py
[2026-01-05T17:24:23.553+0000] {logging_mixin.py:190} INFO - [2026-01-05T17:24:23.553+0000] {dag.py:3211} INFO - Sync 1 DAGs
[2026-01-05T17:24:23.588+0000] {logging_mixin.py:190} INFO - [2026-01-05T17:24:23.588+0000] {dag.py:4138} INFO - Setting next_dagrun for example_nested_branch_dag to 2026-01-04 00:00:00+00:00, run_after=2026-01-05 00:00:00+00:00
[2026-01-05T17:24:23.617+0000] {processor.py:208} INFO - Processing /home/airflow/.local/lib/python3.12/site-packages/airflow/example_dags/example_nested_branch_dag.py took 0.140 seconds
[2026-01-05T17:24:53.962+0000] {processor.py:186} INFO - Started process (PID=1044) to work on /home/airflow/.local/lib/python3.12/site-packages/airflow/example_dags/example_nested_branch_dag.py
[2026-01-05T17:24:53.963+0000] {processor.py:914} INFO - Processing file /home/airflow/.local/lib/python3.12/site-packages/airflow/example_dags/example_nested_branch_dag.py for tasks to queue
[2026-01-05T17:24:53.967+0000] {logging_mixin.py:190} INFO - [2026-01-05T17:24:53.966+0000] {dagbag.py:587} INFO - Filling up the DagBag from /home/airflow/.local/lib/python3.12/site-packages/airflow/example_dags/example_nested_branch_dag.py
[2026-01-05T17:24:53.978+0000] {processor.py:925} INFO - DAG(s) 'example_nested_branch_dag' retrieved from /home/airflow/.local/lib/python3.12/site-packages/airflow/example_dags/example_nested_branch_dag.py
[2026-01-05T17:24:54.006+0000] {logging_mixin.py:190} INFO - [2026-01-05T17:24:54.006+0000] {dag.py:3211} INFO - Sync 1 DAGs
[2026-01-05T17:24:54.035+0000] {logging_mixin.py:190} INFO - [2026-01-05T17:24:54.035+0000] {dag.py:4138} INFO - Setting next_dagrun for example_nested_branch_dag to 2026-01-04 00:00:00+00:00, run_after=2026-01-05 00:00:00+00:00
[2026-01-05T17:24:54.057+0000] {processor.py:208} INFO - Processing /home/airflow/.local/lib/python3.12/site-packages/airflow/example_dags/example_nested_branch_dag.py took 0.103 seconds
[2026-01-05T17:25:24.168+0000] {processor.py:186} INFO - Started process (PID=1110) to work on /home/airflow/.local/lib/python3.12/site-packages/airflow/example_dags/example_nested_branch_dag.py
[2026-01-05T17:25:24.170+0000] {processor.py:914} INFO - Processing file /home/airflow/.local/lib/python3.12/site-packages/airflow/example_dags/example_nested_branch_dag.py for tasks to queue
[2026-01-05T17:25:24.173+0000] {logging_mixin.py:190} INFO - [2026-01-05T17:25:24.172+0000] {dagbag.py:587} INFO - Filling up the DagBag from /home/airflow/.local/lib/python3.12/site-packages/airflow/example_dags/example_nested_branch_dag.py
[2026-01-05T17:25:24.184+0000] {processor.py:925} INFO - DAG(s) 'example_nested_branch_dag' retrieved from /home/airflow/.local/lib/python3.12/site-packages/airflow/example_dags/example_nested_branch_dag.py
[2026-01-05T17:25:24.211+0000] {logging_mixin.py:190} INFO - [2026-01-05T17:25:24.211+0000] {dag.py:3211} INFO - Sync 1 DAGs
[2026-01-05T17:25:24.239+0000] {logging_mixin.py:190} INFO - [2026-01-05T17:25:24.239+0000] {dag.py:4138} INFO - Setting next_dagrun for example_nested_branch_dag to 2026-01-04 00:00:00+00:00, run_after=2026-01-05 00:00:00+00:00
[2026-01-05T17:25:24.264+0000] {processor.py:208} INFO - Processing /home/airflow/.local/lib/python3.12/site-packages/airflow/example_dags/example_nested_branch_dag.py took 0.101 seconds
[2026-01-05T17:25:55.335+0000] {processor.py:186} INFO - Started process (PID=1176) to work on /home/airflow/.local/lib/python3.12/site-packages/airflow/example_dags/example_nested_branch_dag.py
[2026-01-05T17:25:55.336+0000] {processor.py:914} INFO - Processing file /home/airflow/.local/lib/python3.12/site-packages/airflow/example_dags/example_nested_branch_dag.py for tasks to queue
[2026-01-05T17:25:55.340+0000] {logging_mixin.py:190} INFO - [2026-01-05T17:25:55.339+0000] {dagbag.py:587} INFO - Filling up the DagBag from /home/airflow/.local/lib/python3.12/site-packages/airflow/example_dags/example_nested_branch_dag.py
[2026-01-05T17:25:55.351+0000] {processor.py:925} INFO - DAG(s) 'example_nested_branch_dag' retrieved from /home/airflow/.local/lib/python3.12/site-packages/airflow/example_dags/example_nested_branch_dag.py
[2026-01-05T17:25:55.378+0000] {logging_mixin.py:190} INFO - [2026-01-05T17:25:55.378+0000] {dag.py:3211} INFO - Sync 1 DAGs
[2026-01-05T17:25:55.409+0000] {logging_mixin.py:190} INFO - [2026-01-05T17:25:55.409+0000] {dag.py:4138} INFO - Setting next_dagrun for example_nested_branch_dag to 2026-01-04 00:00:00+00:00, run_after=2026-01-05 00:00:00+00:00
[2026-01-05T17:25:55.433+0000] {processor.py:208} INFO - Processing /home/airflow/.local/lib/python3.12/site-packages/airflow/example_dags/example_nested_branch_dag.py took 0.107 seconds
[2026-01-05T17:26:25.809+0000] {processor.py:186} INFO - Started process (PID=1242) to work on /home/airflow/.local/lib/python3.12/site-packages/airflow/example_dags/example_nested_branch_dag.py
[2026-01-05T17:26:25.811+0000] {processor.py:914} INFO - Processing file /home/airflow/.local/lib/python3.12/site-packages/airflow/example_dags/example_nested_branch_dag.py for tasks to queue
[2026-01-05T17:26:25.816+0000] {logging_mixin.py:190} INFO - [2026-01-05T17:26:25.815+0000] {dagbag.py:587} INFO - Filling up the DagBag from /home/airflow/.local/lib/python3.12/site-packages/airflow/example_dags/example_nested_branch_dag.py
[2026-01-05T17:26:25.830+0000] {processor.py:925} INFO - DAG(s) 'example_nested_branch_dag' retrieved from /home/airflow/.local/lib/python3.12/site-packages/airflow/example_dags/example_nested_branch_dag.py
[2026-01-05T17:26:25.858+0000] {logging_mixin.py:190} INFO - [2026-01-05T17:26:25.858+0000] {dag.py:3211} INFO - Sync 1 DAGs
[2026-01-05T17:26:25.884+0000] {logging_mixin.py:190} INFO - [2026-01-05T17:26:25.884+0000] {dag.py:4138} INFO - Setting next_dagrun for example_nested_branch_dag to 2026-01-04 00:00:00+00:00, run_after=2026-01-05 00:00:00+00:00
[2026-01-05T17:26:25.909+0000] {processor.py:208} INFO - Processing /home/airflow/.local/lib/python3.12/site-packages/airflow/example_dags/example_nested_branch_dag.py took 0.109 seconds
[2026-01-05T17:26:55.968+0000] {processor.py:186} INFO - Started process (PID=1308) to work on /home/airflow/.local/lib/python3.12/site-packages/airflow/example_dags/example_nested_branch_dag.py
[2026-01-05T17:26:55.970+0000] {processor.py:914} INFO - Processing file /home/airflow/.local/lib/python3.12/site-packages/airflow/example_dags/example_nested_branch_dag.py for tasks to queue
[2026-01-05T17:26:55.974+0000] {logging_mixin.py:190} INFO - [2026-01-05T17:26:55.973+0000] {dagbag.py:587} INFO - Filling up the DagBag from /home/airflow/.local/lib/python3.12/site-packages/airflow/example_dags/example_nested_branch_dag.py
[2026-01-05T17:26:55.983+0000] {processor.py:925} INFO - DAG(s) 'example_nested_branch_dag' retrieved from /home/airflow/.local/lib/python3.12/site-packages/airflow/example_dags/example_nested_branch_dag.py
[2026-01-05T17:26:56.008+0000] {logging_mixin.py:190} INFO - [2026-01-05T17:26:56.008+0000] {dag.py:3211} INFO - Sync 1 DAGs
[2026-01-05T17:26:56.032+0000] {logging_mixin.py:190} INFO - [2026-01-05T17:26:56.032+0000] {dag.py:4138} INFO - Setting next_dagrun for example_nested_branch_dag to 2026-01-04 00:00:00+00:00, run_after=2026-01-05 00:00:00+00:00
[2026-01-05T17:26:56.056+0000] {processor.py:208} INFO - Processing /home/airflow/.local/lib/python3.12/site-packages/airflow/example_dags/example_nested_branch_dag.py took 0.095 seconds
[2026-01-05T17:27:26.282+0000] {processor.py:186} INFO - Started process (PID=1374) to work on /home/airflow/.local/lib/python3.12/site-packages/airflow/example_dags/example_nested_branch_dag.py
[2026-01-05T17:27:26.283+0000] {processor.py:914} INFO - Processing file /home/airflow/.local/lib/python3.12/site-packages/airflow/example_dags/example_nested_branch_dag.py for tasks to queue
[2026-01-05T17:27:26.286+0000] {logging_mixin.py:190} INFO - [2026-01-05T17:27:26.286+0000] {dagbag.py:587} INFO - Filling up the DagBag from /home/airflow/.local/lib/python3.12/site-packages/airflow/example_dags/example_nested_branch_dag.py
[2026-01-05T17:27:26.298+0000] {processor.py:925} INFO - DAG(s) 'example_nested_branch_dag' retrieved from /home/airflow/.local/lib/python3.12/site-packages/airflow/example_dags/example_nested_branch_dag.py
[2026-01-05T17:27:26.323+0000] {logging_mixin.py:190} INFO - [2026-01-05T17:27:26.323+0000] {dag.py:3211} INFO - Sync 1 DAGs
[2026-01-05T17:27:26.348+0000] {logging_mixin.py:190} INFO - [2026-01-05T17:27:26.348+0000] {dag.py:4138} INFO - Setting next_dagrun for example_nested_branch_dag to 2026-01-04 00:00:00+00:00, run_after=2026-01-05 00:00:00+00:00
[2026-01-05T17:27:26.370+0000] {processor.py:208} INFO - Processing /home/airflow/.local/lib/python3.12/site-packages/airflow/example_dags/example_nested_branch_dag.py took 0.094 seconds
[2026-01-05T17:27:58.129+0000] {processor.py:186} INFO - Started process (PID=1446) to work on /home/airflow/.local/lib/python3.12/site-packages/airflow/example_dags/example_nested_branch_dag.py
[2026-01-05T17:27:58.144+0000] {processor.py:914} INFO - Processing file /home/airflow/.local/lib/python3.12/site-packages/airflow/example_dags/example_nested_branch_dag.py for tasks to queue
[2026-01-05T17:27:58.148+0000] {logging_mixin.py:190} INFO - [2026-01-05T17:27:58.148+0000] {dagbag.py:587} INFO - Filling up the DagBag from /home/airflow/.local/lib/python3.12/site-packages/airflow/example_dags/example_nested_branch_dag.py
[2026-01-05T17:27:58.172+0000] {processor.py:925} INFO - DAG(s) 'example_nested_branch_dag' retrieved from /home/airflow/.local/lib/python3.12/site-packages/airflow/example_dags/example_nested_branch_dag.py
[2026-01-05T17:27:58.210+0000] {logging_mixin.py:190} INFO - [2026-01-05T17:27:58.210+0000] {dag.py:3211} INFO - Sync 1 DAGs
[2026-01-05T17:27:58.259+0000] {logging_mixin.py:190} INFO - [2026-01-05T17:27:58.259+0000] {dag.py:4138} INFO - Setting next_dagrun for example_nested_branch_dag to 2026-01-04 00:00:00+00:00, run_after=2026-01-05 00:00:00+00:00
[2026-01-05T17:27:58.298+0000] {processor.py:208} INFO - Processing /home/airflow/.local/lib/python3.12/site-packages/airflow/example_dags/example_nested_branch_dag.py took 0.188 seconds
[2026-01-05T17:28:28.627+0000] {processor.py:186} INFO - Started process (PID=1512) to work on /home/airflow/.local/lib/python3.12/site-packages/airflow/example_dags/example_nested_branch_dag.py
[2026-01-05T17:28:28.628+0000] {processor.py:914} INFO - Processing file /home/airflow/.local/lib/python3.12/site-packages/airflow/example_dags/example_nested_branch_dag.py for tasks to queue
[2026-01-05T17:28:28.632+0000] {logging_mixin.py:190} INFO - [2026-01-05T17:28:28.632+0000] {dagbag.py:587} INFO - Filling up the DagBag from /home/airflow/.local/lib/python3.12/site-packages/airflow/example_dags/example_nested_branch_dag.py
[2026-01-05T17:28:28.644+0000] {processor.py:925} INFO - DAG(s) 'example_nested_branch_dag' retrieved from /home/airflow/.local/lib/python3.12/site-packages/airflow/example_dags/example_nested_branch_dag.py
[2026-01-05T17:28:28.674+0000] {logging_mixin.py:190} INFO - [2026-01-05T17:28:28.674+0000] {dag.py:3211} INFO - Sync 1 DAGs
[2026-01-05T17:28:28.704+0000] {logging_mixin.py:190} INFO - [2026-01-05T17:28:28.703+0000] {dag.py:4138} INFO - Setting next_dagrun for example_nested_branch_dag to 2026-01-04 00:00:00+00:00, run_after=2026-01-05 00:00:00+00:00
[2026-01-05T17:28:28.729+0000] {processor.py:208} INFO - Processing /home/airflow/.local/lib/python3.12/site-packages/airflow/example_dags/example_nested_branch_dag.py took 0.112 seconds
[2026-01-05T17:28:59.279+0000] {processor.py:186} INFO - Started process (PID=1578) to work on /home/airflow/.local/lib/python3.12/site-packages/airflow/example_dags/example_nested_branch_dag.py
[2026-01-05T17:28:59.284+0000] {processor.py:914} INFO - Processing file /home/airflow/.local/lib/python3.12/site-packages/airflow/example_dags/example_nested_branch_dag.py for tasks to queue
[2026-01-05T17:28:59.289+0000] {logging_mixin.py:190} INFO - [2026-01-05T17:28:59.289+0000] {dagbag.py:587} INFO - Filling up the DagBag from /home/airflow/.local/lib/python3.12/site-packages/airflow/example_dags/example_nested_branch_dag.py
[2026-01-05T17:28:59.310+0000] {processor.py:925} INFO - DAG(s) 'example_nested_branch_dag' retrieved from /home/airflow/.local/lib/python3.12/site-packages/airflow/example_dags/example_nested_branch_dag.py
[2026-01-05T17:28:59.341+0000] {logging_mixin.py:190} INFO - [2026-01-05T17:28:59.341+0000] {dag.py:3211} INFO - Sync 1 DAGs
[2026-01-05T17:28:59.370+0000] {logging_mixin.py:190} INFO - [2026-01-05T17:28:59.370+0000] {dag.py:4138} INFO - Setting next_dagrun for example_nested_branch_dag to 2026-01-04 00:00:00+00:00, run_after=2026-01-05 00:00:00+00:00
[2026-01-05T17:28:59.394+0000] {processor.py:208} INFO - Processing /home/airflow/.local/lib/python3.12/site-packages/airflow/example_dags/example_nested_branch_dag.py took 0.122 seconds
[2026-01-05T17:29:30.015+0000] {processor.py:186} INFO - Started process (PID=1644) to work on /home/airflow/.local/lib/python3.12/site-packages/airflow/example_dags/example_nested_branch_dag.py
[2026-01-05T17:29:30.016+0000] {processor.py:914} INFO - Processing file /home/airflow/.local/lib/python3.12/site-packages/airflow/example_dags/example_nested_branch_dag.py for tasks to queue
[2026-01-05T17:29:30.020+0000] {logging_mixin.py:190} INFO - [2026-01-05T17:29:30.019+0000] {dagbag.py:587} INFO - Filling up the DagBag from /home/airflow/.local/lib/python3.12/site-packages/airflow/example_dags/example_nested_branch_dag.py
[2026-01-05T17:29:30.034+0000] {processor.py:925} INFO - DAG(s) 'example_nested_branch_dag' retrieved from /home/airflow/.local/lib/python3.12/site-packages/airflow/example_dags/example_nested_branch_dag.py
[2026-01-05T17:29:30.058+0000] {logging_mixin.py:190} INFO - [2026-01-05T17:29:30.058+0000] {dag.py:3211} INFO - Sync 1 DAGs
[2026-01-05T17:29:30.093+0000] {logging_mixin.py:190} INFO - [2026-01-05T17:29:30.092+0000] {dag.py:4138} INFO - Setting next_dagrun for example_nested_branch_dag to 2026-01-04 00:00:00+00:00, run_after=2026-01-05 00:00:00+00:00
[2026-01-05T17:29:30.112+0000] {processor.py:208} INFO - Processing /home/airflow/.local/lib/python3.12/site-packages/airflow/example_dags/example_nested_branch_dag.py took 0.104 seconds
[2026-01-05T17:30:00.274+0000] {processor.py:186} INFO - Started process (PID=1710) to work on /home/airflow/.local/lib/python3.12/site-packages/airflow/example_dags/example_nested_branch_dag.py
[2026-01-05T17:30:00.275+0000] {processor.py:914} INFO - Processing file /home/airflow/.local/lib/python3.12/site-packages/airflow/example_dags/example_nested_branch_dag.py for tasks to queue
[2026-01-05T17:30:00.279+0000] {logging_mixin.py:190} INFO - [2026-01-05T17:30:00.278+0000] {dagbag.py:587} INFO - Filling up the DagBag from /home/airflow/.local/lib/python3.12/site-packages/airflow/example_dags/example_nested_branch_dag.py
[2026-01-05T17:30:00.291+0000] {processor.py:925} INFO - DAG(s) 'example_nested_branch_dag' retrieved from /home/airflow/.local/lib/python3.12/site-packages/airflow/example_dags/example_nested_branch_dag.py
[2026-01-05T17:30:00.319+0000] {logging_mixin.py:190} INFO - [2026-01-05T17:30:00.319+0000] {dag.py:3211} INFO - Sync 1 DAGs
[2026-01-05T17:30:00.345+0000] {logging_mixin.py:190} INFO - [2026-01-05T17:30:00.345+0000] {dag.py:4138} INFO - Setting next_dagrun for example_nested_branch_dag to 2026-01-04 00:00:00+00:00, run_after=2026-01-05 00:00:00+00:00
[2026-01-05T17:30:00.366+0000] {processor.py:208} INFO - Processing /home/airflow/.local/lib/python3.12/site-packages/airflow/example_dags/example_nested_branch_dag.py took 0.098 seconds
[2026-01-05T17:30:31.111+0000] {processor.py:186} INFO - Started process (PID=1777) to work on /home/airflow/.local/lib/python3.12/site-packages/airflow/example_dags/example_nested_branch_dag.py
[2026-01-05T17:30:31.112+0000] {processor.py:914} INFO - Processing file /home/airflow/.local/lib/python3.12/site-packages/airflow/example_dags/example_nested_branch_dag.py for tasks to queue
[2026-01-05T17:30:31.116+0000] {logging_mixin.py:190} INFO - [2026-01-05T17:30:31.116+0000] {dagbag.py:587} INFO - Filling up the DagBag from /home/airflow/.local/lib/python3.12/site-packages/airflow/example_dags/example_nested_branch_dag.py
[2026-01-05T17:30:31.132+0000] {processor.py:925} INFO - DAG(s) 'example_nested_branch_dag' retrieved from /home/airflow/.local/lib/python3.12/site-packages/airflow/example_dags/example_nested_branch_dag.py
[2026-01-05T17:30:31.157+0000] {logging_mixin.py:190} INFO - [2026-01-05T17:30:31.157+0000] {dag.py:3211} INFO - Sync 1 DAGs
[2026-01-05T17:30:31.181+0000] {logging_mixin.py:190} INFO - [2026-01-05T17:30:31.181+0000] {dag.py:4138} INFO - Setting next_dagrun for example_nested_branch_dag to 2026-01-04 00:00:00+00:00, run_after=2026-01-05 00:00:00+00:00
[2026-01-05T17:30:31.199+0000] {processor.py:208} INFO - Processing /home/airflow/.local/lib/python3.12/site-packages/airflow/example_dags/example_nested_branch_dag.py took 0.097 seconds
[2026-01-05T17:31:01.804+0000] {processor.py:186} INFO - Started process (PID=1843) to work on /home/airflow/.local/lib/python3.12/site-packages/airflow/example_dags/example_nested_branch_dag.py
[2026-01-05T17:31:01.806+0000] {processor.py:914} INFO - Processing file /home/airflow/.local/lib/python3.12/site-packages/airflow/example_dags/example_nested_branch_dag.py for tasks to queue
[2026-01-05T17:31:01.810+0000] {logging_mixin.py:190} INFO - [2026-01-05T17:31:01.809+0000] {dagbag.py:587} INFO - Filling up the DagBag from /home/airflow/.local/lib/python3.12/site-packages/airflow/example_dags/example_nested_branch_dag.py
[2026-01-05T17:31:01.826+0000] {processor.py:925} INFO - DAG(s) 'example_nested_branch_dag' retrieved from /home/airflow/.local/lib/python3.12/site-packages/airflow/example_dags/example_nested_branch_dag.py
[2026-01-05T17:31:01.855+0000] {logging_mixin.py:190} INFO - [2026-01-05T17:31:01.855+0000] {dag.py:3211} INFO - Sync 1 DAGs
[2026-01-05T17:31:01.889+0000] {logging_mixin.py:190} INFO - [2026-01-05T17:31:01.889+0000] {dag.py:4138} INFO - Setting next_dagrun for example_nested_branch_dag to 2026-01-04 00:00:00+00:00, run_after=2026-01-05 00:00:00+00:00
[2026-01-05T17:31:01.916+0000] {processor.py:208} INFO - Processing /home/airflow/.local/lib/python3.12/site-packages/airflow/example_dags/example_nested_branch_dag.py took 0.121 seconds
[2026-01-05T17:31:32.341+0000] {processor.py:186} INFO - Started process (PID=1909) to work on /home/airflow/.local/lib/python3.12/site-packages/airflow/example_dags/example_nested_branch_dag.py
[2026-01-05T17:31:32.344+0000] {processor.py:914} INFO - Processing file /home/airflow/.local/lib/python3.12/site-packages/airflow/example_dags/example_nested_branch_dag.py for tasks to queue
[2026-01-05T17:31:32.347+0000] {logging_mixin.py:190} INFO - [2026-01-05T17:31:32.347+0000] {dagbag.py:587} INFO - Filling up the DagBag from /home/airflow/.local/lib/python3.12/site-packages/airflow/example_dags/example_nested_branch_dag.py
[2026-01-05T17:31:32.361+0000] {processor.py:925} INFO - DAG(s) 'example_nested_branch_dag' retrieved from /home/airflow/.local/lib/python3.12/site-packages/airflow/example_dags/example_nested_branch_dag.py
[2026-01-05T17:31:32.392+0000] {logging_mixin.py:190} INFO - [2026-01-05T17:31:32.392+0000] {dag.py:3211} INFO - Sync 1 DAGs
[2026-01-05T17:31:32.417+0000] {logging_mixin.py:190} INFO - [2026-01-05T17:31:32.417+0000] {dag.py:4138} INFO - Setting next_dagrun for example_nested_branch_dag to 2026-01-04 00:00:00+00:00, run_after=2026-01-05 00:00:00+00:00
[2026-01-05T17:31:32.436+0000] {processor.py:208} INFO - Processing /home/airflow/.local/lib/python3.12/site-packages/airflow/example_dags/example_nested_branch_dag.py took 0.104 seconds
[2026-01-05T17:32:02.652+0000] {processor.py:186} INFO - Started process (PID=1975) to work on /home/airflow/.local/lib/python3.12/site-packages/airflow/example_dags/example_nested_branch_dag.py
[2026-01-05T17:32:02.653+0000] {processor.py:914} INFO - Processing file /home/airflow/.local/lib/python3.12/site-packages/airflow/example_dags/example_nested_branch_dag.py for tasks to queue
[2026-01-05T17:32:02.659+0000] {logging_mixin.py:190} INFO - [2026-01-05T17:32:02.658+0000] {dagbag.py:587} INFO - Filling up the DagBag from /home/airflow/.local/lib/python3.12/site-packages/airflow/example_dags/example_nested_branch_dag.py
[2026-01-05T17:32:02.672+0000] {processor.py:925} INFO - DAG(s) 'example_nested_branch_dag' retrieved from /home/airflow/.local/lib/python3.12/site-packages/airflow/example_dags/example_nested_branch_dag.py
[2026-01-05T17:32:02.696+0000] {logging_mixin.py:190} INFO - [2026-01-05T17:32:02.696+0000] {dag.py:3211} INFO - Sync 1 DAGs
[2026-01-05T17:32:02.719+0000] {logging_mixin.py:190} INFO - [2026-01-05T17:32:02.719+0000] {dag.py:4138} INFO - Setting next_dagrun for example_nested_branch_dag to 2026-01-04 00:00:00+00:00, run_after=2026-01-05 00:00:00+00:00
[2026-01-05T17:32:02.749+0000] {processor.py:208} INFO - Processing /home/airflow/.local/lib/python3.12/site-packages/airflow/example_dags/example_nested_branch_dag.py took 0.106 seconds
[2026-01-05T17:32:32.912+0000] {processor.py:186} INFO - Started process (PID=2041) to work on /home/airflow/.local/lib/python3.12/site-packages/airflow/example_dags/example_nested_branch_dag.py
[2026-01-05T17:32:32.914+0000] {processor.py:914} INFO - Processing file /home/airflow/.local/lib/python3.12/site-packages/airflow/example_dags/example_nested_branch_dag.py for tasks to queue
[2026-01-05T17:32:32.917+0000] {logging_mixin.py:190} INFO - [2026-01-05T17:32:32.917+0000] {dagbag.py:587} INFO - Filling up the DagBag from /home/airflow/.local/lib/python3.12/site-packages/airflow/example_dags/example_nested_branch_dag.py
[2026-01-05T17:32:32.928+0000] {processor.py:925} INFO - DAG(s) 'example_nested_branch_dag' retrieved from /home/airflow/.local/lib/python3.12/site-packages/airflow/example_dags/example_nested_branch_dag.py
[2026-01-05T17:32:32.949+0000] {logging_mixin.py:190} INFO - [2026-01-05T17:32:32.949+0000] {dag.py:3211} INFO - Sync 1 DAGs
[2026-01-05T17:32:32.986+0000] {logging_mixin.py:190} INFO - [2026-01-05T17:32:32.985+0000] {dag.py:4138} INFO - Setting next_dagrun for example_nested_branch_dag to 2026-01-04 00:00:00+00:00, run_after=2026-01-05 00:00:00+00:00
[2026-01-05T17:32:33.022+0000] {processor.py:208} INFO - Processing /home/airflow/.local/lib/python3.12/site-packages/airflow/example_dags/example_nested_branch_dag.py took 0.115 seconds
[2026-01-05T17:33:03.402+0000] {processor.py:186} INFO - Started process (PID=2107) to work on /home/airflow/.local/lib/python3.12/site-packages/airflow/example_dags/example_nested_branch_dag.py
[2026-01-05T17:33:03.404+0000] {processor.py:914} INFO - Processing file /home/airflow/.local/lib/python3.12/site-packages/airflow/example_dags/example_nested_branch_dag.py for tasks to queue
[2026-01-05T17:33:03.409+0000] {logging_mixin.py:190} INFO - [2026-01-05T17:33:03.408+0000] {dagbag.py:587} INFO - Filling up the DagBag from /home/airflow/.local/lib/python3.12/site-packages/airflow/example_dags/example_nested_branch_dag.py
[2026-01-05T17:33:03.425+0000] {processor.py:925} INFO - DAG(s) 'example_nested_branch_dag' retrieved from /home/airflow/.local/lib/python3.12/site-packages/airflow/example_dags/example_nested_branch_dag.py
[2026-01-05T17:33:03.456+0000] {logging_mixin.py:190} INFO - [2026-01-05T17:33:03.455+0000] {dag.py:3211} INFO - Sync 1 DAGs
[2026-01-05T17:33:03.488+0000] {logging_mixin.py:190} INFO - [2026-01-05T17:33:03.488+0000] {dag.py:4138} INFO - Setting next_dagrun for example_nested_branch_dag to 2026-01-04 00:00:00+00:00, run_after=2026-01-05 00:00:00+00:00
[2026-01-05T17:33:03.513+0000] {processor.py:208} INFO - Processing /home/airflow/.local/lib/python3.12/site-packages/airflow/example_dags/example_nested_branch_dag.py took 0.120 seconds
[2026-01-05T17:33:33.655+0000] {processor.py:186} INFO - Started process (PID=2173) to work on /home/airflow/.local/lib/python3.12/site-packages/airflow/example_dags/example_nested_branch_dag.py
[2026-01-05T17:33:33.657+0000] {processor.py:914} INFO - Processing file /home/airflow/.local/lib/python3.12/site-packages/airflow/example_dags/example_nested_branch_dag.py for tasks to queue
[2026-01-05T17:33:33.659+0000] {logging_mixin.py:190} INFO - [2026-01-05T17:33:33.659+0000] {dagbag.py:587} INFO - Filling up the DagBag from /home/airflow/.local/lib/python3.12/site-packages/airflow/example_dags/example_nested_branch_dag.py
[2026-01-05T17:33:33.672+0000] {processor.py:925} INFO - DAG(s) 'example_nested_branch_dag' retrieved from /home/airflow/.local/lib/python3.12/site-packages/airflow/example_dags/example_nested_branch_dag.py
[2026-01-05T17:33:33.698+0000] {logging_mixin.py:190} INFO - [2026-01-05T17:33:33.698+0000] {dag.py:3211} INFO - Sync 1 DAGs
[2026-01-05T17:33:33.726+0000] {logging_mixin.py:190} INFO - [2026-01-05T17:33:33.726+0000] {dag.py:4138} INFO - Setting next_dagrun for example_nested_branch_dag to 2026-01-04 00:00:00+00:00, run_after=2026-01-05 00:00:00+00:00
[2026-01-05T17:33:33.748+0000] {processor.py:208} INFO - Processing /home/airflow/.local/lib/python3.12/site-packages/airflow/example_dags/example_nested_branch_dag.py took 0.103 seconds
[2026-01-05T17:34:04.713+0000] {processor.py:186} INFO - Started process (PID=2239) to work on /home/airflow/.local/lib/python3.12/site-packages/airflow/example_dags/example_nested_branch_dag.py
[2026-01-05T17:34:04.715+0000] {processor.py:914} INFO - Processing file /home/airflow/.local/lib/python3.12/site-packages/airflow/example_dags/example_nested_branch_dag.py for tasks to queue
[2026-01-05T17:34:04.719+0000] {logging_mixin.py:190} INFO - [2026-01-05T17:34:04.718+0000] {dagbag.py:587} INFO - Filling up the DagBag from /home/airflow/.local/lib/python3.12/site-packages/airflow/example_dags/example_nested_branch_dag.py
[2026-01-05T17:34:04.733+0000] {processor.py:925} INFO - DAG(s) 'example_nested_branch_dag' retrieved from /home/airflow/.local/lib/python3.12/site-packages/airflow/example_dags/example_nested_branch_dag.py
[2026-01-05T17:34:04.756+0000] {logging_mixin.py:190} INFO - [2026-01-05T17:34:04.756+0000] {dag.py:3211} INFO - Sync 1 DAGs
[2026-01-05T17:34:04.783+0000] {logging_mixin.py:190} INFO - [2026-01-05T17:34:04.783+0000] {dag.py:4138} INFO - Setting next_dagrun for example_nested_branch_dag to 2026-01-04 00:00:00+00:00, run_after=2026-01-05 00:00:00+00:00
[2026-01-05T17:34:04.811+0000] {processor.py:208} INFO - Processing /home/airflow/.local/lib/python3.12/site-packages/airflow/example_dags/example_nested_branch_dag.py took 0.105 seconds
[2026-01-05T17:34:35.243+0000] {processor.py:186} INFO - Started process (PID=2305) to work on /home/airflow/.local/lib/python3.12/site-packages/airflow/example_dags/example_nested_branch_dag.py
[2026-01-05T17:34:35.245+0000] {processor.py:914} INFO - Processing file /home/airflow/.local/lib/python3.12/site-packages/airflow/example_dags/example_nested_branch_dag.py for tasks to queue
[2026-01-05T17:34:35.249+0000] {logging_mixin.py:190} INFO - [2026-01-05T17:34:35.248+0000] {dagbag.py:587} INFO - Filling up the DagBag from /home/airflow/.local/lib/python3.12/site-packages/airflow/example_dags/example_nested_branch_dag.py
[2026-01-05T17:34:35.262+0000] {processor.py:925} INFO - DAG(s) 'example_nested_branch_dag' retrieved from /home/airflow/.local/lib/python3.12/site-packages/airflow/example_dags/example_nested_branch_dag.py
[2026-01-05T17:34:35.328+0000] {logging_mixin.py:190} INFO - [2026-01-05T17:34:35.327+0000] {dag.py:3211} INFO - Sync 1 DAGs
[2026-01-05T17:34:35.403+0000] {logging_mixin.py:190} INFO - [2026-01-05T17:34:35.403+0000] {dag.py:4138} INFO - Setting next_dagrun for example_nested_branch_dag to 2026-01-04 00:00:00+00:00, run_after=2026-01-05 00:00:00+00:00
[2026-01-05T17:34:35.480+0000] {processor.py:208} INFO - Processing /home/airflow/.local/lib/python3.12/site-packages/airflow/example_dags/example_nested_branch_dag.py took 0.245 seconds
[2026-01-05T17:35:06.022+0000] {processor.py:186} INFO - Started process (PID=2371) to work on /home/airflow/.local/lib/python3.12/site-packages/airflow/example_dags/example_nested_branch_dag.py
[2026-01-05T17:35:06.024+0000] {processor.py:914} INFO - Processing file /home/airflow/.local/lib/python3.12/site-packages/airflow/example_dags/example_nested_branch_dag.py for tasks to queue
[2026-01-05T17:35:06.028+0000] {logging_mixin.py:190} INFO - [2026-01-05T17:35:06.027+0000] {dagbag.py:587} INFO - Filling up the DagBag from /home/airflow/.local/lib/python3.12/site-packages/airflow/example_dags/example_nested_branch_dag.py
[2026-01-05T17:35:06.039+0000] {processor.py:925} INFO - DAG(s) 'example_nested_branch_dag' retrieved from /home/airflow/.local/lib/python3.12/site-packages/airflow/example_dags/example_nested_branch_dag.py
[2026-01-05T17:35:06.065+0000] {logging_mixin.py:190} INFO - [2026-01-05T17:35:06.065+0000] {dag.py:3211} INFO - Sync 1 DAGs
[2026-01-05T17:35:06.092+0000] {logging_mixin.py:190} INFO - [2026-01-05T17:35:06.092+0000] {dag.py:4138} INFO - Setting next_dagrun for example_nested_branch_dag to 2026-01-04 00:00:00+00:00, run_after=2026-01-05 00:00:00+00:00
[2026-01-05T17:35:06.111+0000] {processor.py:208} INFO - Processing /home/airflow/.local/lib/python3.12/site-packages/airflow/example_dags/example_nested_branch_dag.py took 0.095 seconds
[2026-01-05T17:35:36.837+0000] {processor.py:186} INFO - Started process (PID=2438) to work on /home/airflow/.local/lib/python3.12/site-packages/airflow/example_dags/example_nested_branch_dag.py
[2026-01-05T17:35:36.839+0000] {processor.py:914} INFO - Processing file /home/airflow/.local/lib/python3.12/site-packages/airflow/example_dags/example_nested_branch_dag.py for tasks to queue
[2026-01-05T17:35:36.845+0000] {logging_mixin.py:190} INFO - [2026-01-05T17:35:36.844+0000] {dagbag.py:587} INFO - Filling up the DagBag from /home/airflow/.local/lib/python3.12/site-packages/airflow/example_dags/example_nested_branch_dag.py
[2026-01-05T17:35:36.864+0000] {processor.py:925} INFO - DAG(s) 'example_nested_branch_dag' retrieved from /home/airflow/.local/lib/python3.12/site-packages/airflow/example_dags/example_nested_branch_dag.py
[2026-01-05T17:35:36.885+0000] {logging_mixin.py:190} INFO - [2026-01-05T17:35:36.885+0000] {dag.py:3211} INFO - Sync 1 DAGs
[2026-01-05T17:35:36.911+0000] {logging_mixin.py:190} INFO - [2026-01-05T17:35:36.911+0000] {dag.py:4138} INFO - Setting next_dagrun for example_nested_branch_dag to 2026-01-04 00:00:00+00:00, run_after=2026-01-05 00:00:00+00:00
[2026-01-05T17:35:36.934+0000] {processor.py:208} INFO - Processing /home/airflow/.local/lib/python3.12/site-packages/airflow/example_dags/example_nested_branch_dag.py took 0.107 seconds
[2026-01-05T17:36:07.652+0000] {processor.py:186} INFO - Started process (PID=2504) to work on /home/airflow/.local/lib/python3.12/site-packages/airflow/example_dags/example_nested_branch_dag.py
[2026-01-05T17:36:07.654+0000] {processor.py:914} INFO - Processing file /home/airflow/.local/lib/python3.12/site-packages/airflow/example_dags/example_nested_branch_dag.py for tasks to queue
[2026-01-05T17:36:07.658+0000] {logging_mixin.py:190} INFO - [2026-01-05T17:36:07.657+0000] {dagbag.py:587} INFO - Filling up the DagBag from /home/airflow/.local/lib/python3.12/site-packages/airflow/example_dags/example_nested_branch_dag.py
[2026-01-05T17:36:07.670+0000] {processor.py:925} INFO - DAG(s) 'example_nested_branch_dag' retrieved from /home/airflow/.local/lib/python3.12/site-packages/airflow/example_dags/example_nested_branch_dag.py
[2026-01-05T17:36:07.699+0000] {logging_mixin.py:190} INFO - [2026-01-05T17:36:07.699+0000] {dag.py:3211} INFO - Sync 1 DAGs
[2026-01-05T17:36:07.727+0000] {logging_mixin.py:190} INFO - [2026-01-05T17:36:07.726+0000] {dag.py:4138} INFO - Setting next_dagrun for example_nested_branch_dag to 2026-01-04 00:00:00+00:00, run_after=2026-01-05 00:00:00+00:00
[2026-01-05T17:36:07.751+0000] {processor.py:208} INFO - Processing /home/airflow/.local/lib/python3.12/site-packages/airflow/example_dags/example_nested_branch_dag.py took 0.106 seconds
[2026-01-05T17:36:38.335+0000] {processor.py:186} INFO - Started process (PID=2570) to work on /home/airflow/.local/lib/python3.12/site-packages/airflow/example_dags/example_nested_branch_dag.py
[2026-01-05T17:36:38.337+0000] {processor.py:914} INFO - Processing file /home/airflow/.local/lib/python3.12/site-packages/airflow/example_dags/example_nested_branch_dag.py for tasks to queue
[2026-01-05T17:36:38.341+0000] {logging_mixin.py:190} INFO - [2026-01-05T17:36:38.341+0000] {dagbag.py:587} INFO - Filling up the DagBag from /home/airflow/.local/lib/python3.12/site-packages/airflow/example_dags/example_nested_branch_dag.py
[2026-01-05T17:36:38.358+0000] {processor.py:925} INFO - DAG(s) 'example_nested_branch_dag' retrieved from /home/airflow/.local/lib/python3.12/site-packages/airflow/example_dags/example_nested_branch_dag.py
[2026-01-05T17:36:38.396+0000] {logging_mixin.py:190} INFO - [2026-01-05T17:36:38.395+0000] {dag.py:3211} INFO - Sync 1 DAGs
[2026-01-05T17:36:38.436+0000] {logging_mixin.py:190} INFO - [2026-01-05T17:36:38.436+0000] {dag.py:4138} INFO - Setting next_dagrun for example_nested_branch_dag to 2026-01-04 00:00:00+00:00, run_after=2026-01-05 00:00:00+00:00
[2026-01-05T17:36:38.469+0000] {processor.py:208} INFO - Processing /home/airflow/.local/lib/python3.12/site-packages/airflow/example_dags/example_nested_branch_dag.py took 0.144 seconds
[2026-01-05T17:37:08.590+0000] {processor.py:186} INFO - Started process (PID=2636) to work on /home/airflow/.local/lib/python3.12/site-packages/airflow/example_dags/example_nested_branch_dag.py
[2026-01-05T17:37:08.592+0000] {processor.py:914} INFO - Processing file /home/airflow/.local/lib/python3.12/site-packages/airflow/example_dags/example_nested_branch_dag.py for tasks to queue
[2026-01-05T17:37:08.596+0000] {logging_mixin.py:190} INFO - [2026-01-05T17:37:08.595+0000] {dagbag.py:587} INFO - Filling up the DagBag from /home/airflow/.local/lib/python3.12/site-packages/airflow/example_dags/example_nested_branch_dag.py
[2026-01-05T17:37:08.609+0000] {processor.py:925} INFO - DAG(s) 'example_nested_branch_dag' retrieved from /home/airflow/.local/lib/python3.12/site-packages/airflow/example_dags/example_nested_branch_dag.py
[2026-01-05T17:37:08.639+0000] {logging_mixin.py:190} INFO - [2026-01-05T17:37:08.638+0000] {dag.py:3211} INFO - Sync 1 DAGs
[2026-01-05T17:37:08.667+0000] {logging_mixin.py:190} INFO - [2026-01-05T17:37:08.667+0000] {dag.py:4138} INFO - Setting next_dagrun for example_nested_branch_dag to 2026-01-04 00:00:00+00:00, run_after=2026-01-05 00:00:00+00:00
[2026-01-05T17:37:08.687+0000] {processor.py:208} INFO - Processing /home/airflow/.local/lib/python3.12/site-packages/airflow/example_dags/example_nested_branch_dag.py took 0.102 seconds
[2026-01-05T17:37:39.253+0000] {processor.py:186} INFO - Started process (PID=2702) to work on /home/airflow/.local/lib/python3.12/site-packages/airflow/example_dags/example_nested_branch_dag.py
[2026-01-05T17:37:39.254+0000] {processor.py:914} INFO - Processing file /home/airflow/.local/lib/python3.12/site-packages/airflow/example_dags/example_nested_branch_dag.py for tasks to queue
[2026-01-05T17:37:39.257+0000] {logging_mixin.py:190} INFO - [2026-01-05T17:37:39.257+0000] {dagbag.py:587} INFO - Filling up the DagBag from /home/airflow/.local/lib/python3.12/site-packages/airflow/example_dags/example_nested_branch_dag.py
[2026-01-05T17:37:39.270+0000] {processor.py:925} INFO - DAG(s) 'example_nested_branch_dag' retrieved from /home/airflow/.local/lib/python3.12/site-packages/airflow/example_dags/example_nested_branch_dag.py
[2026-01-05T17:37:39.297+0000] {logging_mixin.py:190} INFO - [2026-01-05T17:37:39.297+0000] {dag.py:3211} INFO - Sync 1 DAGs
[2026-01-05T17:37:39.324+0000] {logging_mixin.py:190} INFO - [2026-01-05T17:37:39.324+0000] {dag.py:4138} INFO - Setting next_dagrun for example_nested_branch_dag to 2026-01-04 00:00:00+00:00, run_after=2026-01-05 00:00:00+00:00
[2026-01-05T17:37:39.344+0000] {processor.py:208} INFO - Processing /home/airflow/.local/lib/python3.12/site-packages/airflow/example_dags/example_nested_branch_dag.py took 0.099 seconds
[2026-01-05T17:38:09.793+0000] {processor.py:186} INFO - Started process (PID=2768) to work on /home/airflow/.local/lib/python3.12/site-packages/airflow/example_dags/example_nested_branch_dag.py
[2026-01-05T17:38:09.794+0000] {processor.py:914} INFO - Processing file /home/airflow/.local/lib/python3.12/site-packages/airflow/example_dags/example_nested_branch_dag.py for tasks to queue
[2026-01-05T17:38:09.797+0000] {logging_mixin.py:190} INFO - [2026-01-05T17:38:09.797+0000] {dagbag.py:587} INFO - Filling up the DagBag from /home/airflow/.local/lib/python3.12/site-packages/airflow/example_dags/example_nested_branch_dag.py
[2026-01-05T17:38:09.809+0000] {processor.py:925} INFO - DAG(s) 'example_nested_branch_dag' retrieved from /home/airflow/.local/lib/python3.12/site-packages/airflow/example_dags/example_nested_branch_dag.py
[2026-01-05T17:38:09.832+0000] {logging_mixin.py:190} INFO - [2026-01-05T17:38:09.831+0000] {dag.py:3211} INFO - Sync 1 DAGs
[2026-01-05T17:38:09.855+0000] {logging_mixin.py:190} INFO - [2026-01-05T17:38:09.855+0000] {dag.py:4138} INFO - Setting next_dagrun for example_nested_branch_dag to 2026-01-04 00:00:00+00:00, run_after=2026-01-05 00:00:00+00:00
[2026-01-05T17:38:09.875+0000] {processor.py:208} INFO - Processing /home/airflow/.local/lib/python3.12/site-packages/airflow/example_dags/example_nested_branch_dag.py took 0.090 seconds
[2026-01-05T17:38:40.450+0000] {processor.py:186} INFO - Started process (PID=2834) to work on /home/airflow/.local/lib/python3.12/site-packages/airflow/example_dags/example_nested_branch_dag.py
[2026-01-05T17:38:40.451+0000] {processor.py:914} INFO - Processing file /home/airflow/.local/lib/python3.12/site-packages/airflow/example_dags/example_nested_branch_dag.py for tasks to queue
[2026-01-05T17:38:40.454+0000] {logging_mixin.py:190} INFO - [2026-01-05T17:38:40.453+0000] {dagbag.py:587} INFO - Filling up the DagBag from /home/airflow/.local/lib/python3.12/site-packages/airflow/example_dags/example_nested_branch_dag.py
[2026-01-05T17:38:40.467+0000] {processor.py:925} INFO - DAG(s) 'example_nested_branch_dag' retrieved from /home/airflow/.local/lib/python3.12/site-packages/airflow/example_dags/example_nested_branch_dag.py
[2026-01-05T17:38:40.494+0000] {logging_mixin.py:190} INFO - [2026-01-05T17:38:40.493+0000] {dag.py:3211} INFO - Sync 1 DAGs
[2026-01-05T17:38:40.524+0000] {logging_mixin.py:190} INFO - [2026-01-05T17:38:40.524+0000] {dag.py:4138} INFO - Setting next_dagrun for example_nested_branch_dag to 2026-01-04 00:00:00+00:00, run_after=2026-01-05 00:00:00+00:00
[2026-01-05T17:38:40.548+0000] {processor.py:208} INFO - Processing /home/airflow/.local/lib/python3.12/site-packages/airflow/example_dags/example_nested_branch_dag.py took 0.105 seconds
[2026-01-05T17:39:11.562+0000] {processor.py:186} INFO - Started process (PID=2900) to work on /home/airflow/.local/lib/python3.12/site-packages/airflow/example_dags/example_nested_branch_dag.py
[2026-01-05T17:39:11.563+0000] {processor.py:914} INFO - Processing file /home/airflow/.local/lib/python3.12/site-packages/airflow/example_dags/example_nested_branch_dag.py for tasks to queue
[2026-01-05T17:39:11.569+0000] {logging_mixin.py:190} INFO - [2026-01-05T17:39:11.566+0000] {dagbag.py:587} INFO - Filling up the DagBag from /home/airflow/.local/lib/python3.12/site-packages/airflow/example_dags/example_nested_branch_dag.py
[2026-01-05T17:39:11.588+0000] {processor.py:925} INFO - DAG(s) 'example_nested_branch_dag' retrieved from /home/airflow/.local/lib/python3.12/site-packages/airflow/example_dags/example_nested_branch_dag.py
[2026-01-05T17:39:11.626+0000] {logging_mixin.py:190} INFO - [2026-01-05T17:39:11.625+0000] {dag.py:3211} INFO - Sync 1 DAGs
[2026-01-05T17:39:11.660+0000] {logging_mixin.py:190} INFO - [2026-01-05T17:39:11.660+0000] {dag.py:4138} INFO - Setting next_dagrun for example_nested_branch_dag to 2026-01-04 00:00:00+00:00, run_after=2026-01-05 00:00:00+00:00
[2026-01-05T17:39:11.683+0000] {processor.py:208} INFO - Processing /home/airflow/.local/lib/python3.12/site-packages/airflow/example_dags/example_nested_branch_dag.py took 0.130 seconds
[2026-01-05T17:39:42.212+0000] {processor.py:186} INFO - Started process (PID=2966) to work on /home/airflow/.local/lib/python3.12/site-packages/airflow/example_dags/example_nested_branch_dag.py
[2026-01-05T17:39:42.214+0000] {processor.py:914} INFO - Processing file /home/airflow/.local/lib/python3.12/site-packages/airflow/example_dags/example_nested_branch_dag.py for tasks to queue
[2026-01-05T17:39:42.217+0000] {logging_mixin.py:190} INFO - [2026-01-05T17:39:42.217+0000] {dagbag.py:587} INFO - Filling up the DagBag from /home/airflow/.local/lib/python3.12/site-packages/airflow/example_dags/example_nested_branch_dag.py
[2026-01-05T17:39:42.230+0000] {processor.py:925} INFO - DAG(s) 'example_nested_branch_dag' retrieved from /home/airflow/.local/lib/python3.12/site-packages/airflow/example_dags/example_nested_branch_dag.py
[2026-01-05T17:39:42.254+0000] {logging_mixin.py:190} INFO - [2026-01-05T17:39:42.254+0000] {dag.py:3211} INFO - Sync 1 DAGs
[2026-01-05T17:39:42.279+0000] {logging_mixin.py:190} INFO - [2026-01-05T17:39:42.278+0000] {dag.py:4138} INFO - Setting next_dagrun for example_nested_branch_dag to 2026-01-04 00:00:00+00:00, run_after=2026-01-05 00:00:00+00:00
[2026-01-05T17:39:42.305+0000] {processor.py:208} INFO - Processing /home/airflow/.local/lib/python3.12/site-packages/airflow/example_dags/example_nested_branch_dag.py took 0.103 seconds
[2026-01-05T17:40:12.623+0000] {processor.py:186} INFO - Started process (PID=3032) to work on /home/airflow/.local/lib/python3.12/site-packages/airflow/example_dags/example_nested_branch_dag.py
[2026-01-05T17:40:12.628+0000] {processor.py:914} INFO - Processing file /home/airflow/.local/lib/python3.12/site-packages/airflow/example_dags/example_nested_branch_dag.py for tasks to queue
[2026-01-05T17:40:12.632+0000] {logging_mixin.py:190} INFO - [2026-01-05T17:40:12.631+0000] {dagbag.py:587} INFO - Filling up the DagBag from /home/airflow/.local/lib/python3.12/site-packages/airflow/example_dags/example_nested_branch_dag.py
[2026-01-05T17:40:12.644+0000] {processor.py:925} INFO - DAG(s) 'example_nested_branch_dag' retrieved from /home/airflow/.local/lib/python3.12/site-packages/airflow/example_dags/example_nested_branch_dag.py
[2026-01-05T17:40:12.668+0000] {logging_mixin.py:190} INFO - [2026-01-05T17:40:12.668+0000] {dag.py:3211} INFO - Sync 1 DAGs
[2026-01-05T17:40:12.697+0000] {logging_mixin.py:190} INFO - [2026-01-05T17:40:12.696+0000] {dag.py:4138} INFO - Setting next_dagrun for example_nested_branch_dag to 2026-01-04 00:00:00+00:00, run_after=2026-01-05 00:00:00+00:00
[2026-01-05T17:40:12.716+0000] {processor.py:208} INFO - Processing /home/airflow/.local/lib/python3.12/site-packages/airflow/example_dags/example_nested_branch_dag.py took 0.099 seconds
[2026-01-05T17:40:42.900+0000] {processor.py:186} INFO - Started process (PID=3098) to work on /home/airflow/.local/lib/python3.12/site-packages/airflow/example_dags/example_nested_branch_dag.py
[2026-01-05T17:40:42.902+0000] {processor.py:914} INFO - Processing file /home/airflow/.local/lib/python3.12/site-packages/airflow/example_dags/example_nested_branch_dag.py for tasks to queue
[2026-01-05T17:40:42.906+0000] {logging_mixin.py:190} INFO - [2026-01-05T17:40:42.905+0000] {dagbag.py:587} INFO - Filling up the DagBag from /home/airflow/.local/lib/python3.12/site-packages/airflow/example_dags/example_nested_branch_dag.py
[2026-01-05T17:40:42.918+0000] {processor.py:925} INFO - DAG(s) 'example_nested_branch_dag' retrieved from /home/airflow/.local/lib/python3.12/site-packages/airflow/example_dags/example_nested_branch_dag.py
[2026-01-05T17:40:42.950+0000] {logging_mixin.py:190} INFO - [2026-01-05T17:40:42.949+0000] {dag.py:3211} INFO - Sync 1 DAGs
[2026-01-05T17:40:42.980+0000] {logging_mixin.py:190} INFO - [2026-01-05T17:40:42.980+0000] {dag.py:4138} INFO - Setting next_dagrun for example_nested_branch_dag to 2026-01-04 00:00:00+00:00, run_after=2026-01-05 00:00:00+00:00
[2026-01-05T17:40:43.002+0000] {processor.py:208} INFO - Processing /home/airflow/.local/lib/python3.12/site-packages/airflow/example_dags/example_nested_branch_dag.py took 0.110 seconds
[2026-01-05T17:41:13.143+0000] {processor.py:186} INFO - Started process (PID=3164) to work on /home/airflow/.local/lib/python3.12/site-packages/airflow/example_dags/example_nested_branch_dag.py
[2026-01-05T17:41:13.145+0000] {processor.py:914} INFO - Processing file /home/airflow/.local/lib/python3.12/site-packages/airflow/example_dags/example_nested_branch_dag.py for tasks to queue
[2026-01-05T17:41:13.148+0000] {logging_mixin.py:190} INFO - [2026-01-05T17:41:13.147+0000] {dagbag.py:587} INFO - Filling up the DagBag from /home/airflow/.local/lib/python3.12/site-packages/airflow/example_dags/example_nested_branch_dag.py
[2026-01-05T17:41:13.162+0000] {processor.py:925} INFO - DAG(s) 'example_nested_branch_dag' retrieved from /home/airflow/.local/lib/python3.12/site-packages/airflow/example_dags/example_nested_branch_dag.py
[2026-01-05T17:41:13.194+0000] {logging_mixin.py:190} INFO - [2026-01-05T17:41:13.194+0000] {dag.py:3211} INFO - Sync 1 DAGs
[2026-01-05T17:41:13.229+0000] {logging_mixin.py:190} INFO - [2026-01-05T17:41:13.229+0000] {dag.py:4138} INFO - Setting next_dagrun for example_nested_branch_dag to 2026-01-04 00:00:00+00:00, run_after=2026-01-05 00:00:00+00:00
[2026-01-05T17:41:13.250+0000] {processor.py:208} INFO - Processing /home/airflow/.local/lib/python3.12/site-packages/airflow/example_dags/example_nested_branch_dag.py took 0.114 seconds
[2026-01-05T17:41:43.505+0000] {processor.py:186} INFO - Started process (PID=3230) to work on /home/airflow/.local/lib/python3.12/site-packages/airflow/example_dags/example_nested_branch_dag.py
[2026-01-05T17:41:43.506+0000] {processor.py:914} INFO - Processing file /home/airflow/.local/lib/python3.12/site-packages/airflow/example_dags/example_nested_branch_dag.py for tasks to queue
[2026-01-05T17:41:43.510+0000] {logging_mixin.py:190} INFO - [2026-01-05T17:41:43.509+0000] {dagbag.py:587} INFO - Filling up the DagBag from /home/airflow/.local/lib/python3.12/site-packages/airflow/example_dags/example_nested_branch_dag.py
[2026-01-05T17:41:43.521+0000] {processor.py:925} INFO - DAG(s) 'example_nested_branch_dag' retrieved from /home/airflow/.local/lib/python3.12/site-packages/airflow/example_dags/example_nested_branch_dag.py
[2026-01-05T17:41:43.549+0000] {logging_mixin.py:190} INFO - [2026-01-05T17:41:43.549+0000] {dag.py:3211} INFO - Sync 1 DAGs
[2026-01-05T17:41:43.574+0000] {logging_mixin.py:190} INFO - [2026-01-05T17:41:43.574+0000] {dag.py:4138} INFO - Setting next_dagrun for example_nested_branch_dag to 2026-01-04 00:00:00+00:00, run_after=2026-01-05 00:00:00+00:00
[2026-01-05T17:41:43.598+0000] {processor.py:208} INFO - Processing /home/airflow/.local/lib/python3.12/site-packages/airflow/example_dags/example_nested_branch_dag.py took 0.101 seconds
[2026-01-05T17:42:13.894+0000] {processor.py:186} INFO - Started process (PID=3296) to work on /home/airflow/.local/lib/python3.12/site-packages/airflow/example_dags/example_nested_branch_dag.py
[2026-01-05T17:42:13.895+0000] {processor.py:914} INFO - Processing file /home/airflow/.local/lib/python3.12/site-packages/airflow/example_dags/example_nested_branch_dag.py for tasks to queue
[2026-01-05T17:42:13.899+0000] {logging_mixin.py:190} INFO - [2026-01-05T17:42:13.899+0000] {dagbag.py:587} INFO - Filling up the DagBag from /home/airflow/.local/lib/python3.12/site-packages/airflow/example_dags/example_nested_branch_dag.py
[2026-01-05T17:42:13.915+0000] {processor.py:925} INFO - DAG(s) 'example_nested_branch_dag' retrieved from /home/airflow/.local/lib/python3.12/site-packages/airflow/example_dags/example_nested_branch_dag.py
[2026-01-05T17:42:13.952+0000] {logging_mixin.py:190} INFO - [2026-01-05T17:42:13.951+0000] {dag.py:3211} INFO - Sync 1 DAGs
[2026-01-05T17:42:13.985+0000] {logging_mixin.py:190} INFO - [2026-01-05T17:42:13.985+0000] {dag.py:4138} INFO - Setting next_dagrun for example_nested_branch_dag to 2026-01-04 00:00:00+00:00, run_after=2026-01-05 00:00:00+00:00
[2026-01-05T17:42:14.018+0000] {processor.py:208} INFO - Processing /home/airflow/.local/lib/python3.12/site-packages/airflow/example_dags/example_nested_branch_dag.py took 0.134 seconds
[2026-01-05T17:42:44.283+0000] {processor.py:186} INFO - Started process (PID=3362) to work on /home/airflow/.local/lib/python3.12/site-packages/airflow/example_dags/example_nested_branch_dag.py
[2026-01-05T17:42:44.286+0000] {processor.py:914} INFO - Processing file /home/airflow/.local/lib/python3.12/site-packages/airflow/example_dags/example_nested_branch_dag.py for tasks to queue
[2026-01-05T17:42:44.290+0000] {logging_mixin.py:190} INFO - [2026-01-05T17:42:44.289+0000] {dagbag.py:587} INFO - Filling up the DagBag from /home/airflow/.local/lib/python3.12/site-packages/airflow/example_dags/example_nested_branch_dag.py
[2026-01-05T17:42:44.303+0000] {processor.py:925} INFO - DAG(s) 'example_nested_branch_dag' retrieved from /home/airflow/.local/lib/python3.12/site-packages/airflow/example_dags/example_nested_branch_dag.py
[2026-01-05T17:42:44.337+0000] {logging_mixin.py:190} INFO - [2026-01-05T17:42:44.336+0000] {dag.py:3211} INFO - Sync 1 DAGs
[2026-01-05T17:42:44.366+0000] {logging_mixin.py:190} INFO - [2026-01-05T17:42:44.365+0000] {dag.py:4138} INFO - Setting next_dagrun for example_nested_branch_dag to 2026-01-04 00:00:00+00:00, run_after=2026-01-05 00:00:00+00:00
[2026-01-05T17:42:44.390+0000] {processor.py:208} INFO - Processing /home/airflow/.local/lib/python3.12/site-packages/airflow/example_dags/example_nested_branch_dag.py took 0.115 seconds
[2026-01-05T17:43:14.648+0000] {processor.py:186} INFO - Started process (PID=3428) to work on /home/airflow/.local/lib/python3.12/site-packages/airflow/example_dags/example_nested_branch_dag.py
[2026-01-05T17:43:14.650+0000] {processor.py:914} INFO - Processing file /home/airflow/.local/lib/python3.12/site-packages/airflow/example_dags/example_nested_branch_dag.py for tasks to queue
[2026-01-05T17:43:14.653+0000] {logging_mixin.py:190} INFO - [2026-01-05T17:43:14.653+0000] {dagbag.py:587} INFO - Filling up the DagBag from /home/airflow/.local/lib/python3.12/site-packages/airflow/example_dags/example_nested_branch_dag.py
[2026-01-05T17:43:14.671+0000] {processor.py:925} INFO - DAG(s) 'example_nested_branch_dag' retrieved from /home/airflow/.local/lib/python3.12/site-packages/airflow/example_dags/example_nested_branch_dag.py
[2026-01-05T17:43:14.703+0000] {logging_mixin.py:190} INFO - [2026-01-05T17:43:14.703+0000] {dag.py:3211} INFO - Sync 1 DAGs
[2026-01-05T17:43:14.742+0000] {logging_mixin.py:190} INFO - [2026-01-05T17:43:14.742+0000] {dag.py:4138} INFO - Setting next_dagrun for example_nested_branch_dag to 2026-01-04 00:00:00+00:00, run_after=2026-01-05 00:00:00+00:00
[2026-01-05T17:43:14.772+0000] {processor.py:208} INFO - Processing /home/airflow/.local/lib/python3.12/site-packages/airflow/example_dags/example_nested_branch_dag.py took 0.134 seconds
[2026-01-05T17:43:44.860+0000] {processor.py:186} INFO - Started process (PID=3494) to work on /home/airflow/.local/lib/python3.12/site-packages/airflow/example_dags/example_nested_branch_dag.py
[2026-01-05T17:43:44.862+0000] {processor.py:914} INFO - Processing file /home/airflow/.local/lib/python3.12/site-packages/airflow/example_dags/example_nested_branch_dag.py for tasks to queue
[2026-01-05T17:43:44.866+0000] {logging_mixin.py:190} INFO - [2026-01-05T17:43:44.866+0000] {dagbag.py:587} INFO - Filling up the DagBag from /home/airflow/.local/lib/python3.12/site-packages/airflow/example_dags/example_nested_branch_dag.py
[2026-01-05T17:43:44.880+0000] {processor.py:925} INFO - DAG(s) 'example_nested_branch_dag' retrieved from /home/airflow/.local/lib/python3.12/site-packages/airflow/example_dags/example_nested_branch_dag.py
[2026-01-05T17:43:44.911+0000] {logging_mixin.py:190} INFO - [2026-01-05T17:43:44.911+0000] {dag.py:3211} INFO - Sync 1 DAGs
[2026-01-05T17:43:44.942+0000] {logging_mixin.py:190} INFO - [2026-01-05T17:43:44.941+0000] {dag.py:4138} INFO - Setting next_dagrun for example_nested_branch_dag to 2026-01-04 00:00:00+00:00, run_after=2026-01-05 00:00:00+00:00
[2026-01-05T17:43:44.964+0000] {processor.py:208} INFO - Processing /home/airflow/.local/lib/python3.12/site-packages/airflow/example_dags/example_nested_branch_dag.py took 0.114 seconds
[2026-01-05T17:44:15.647+0000] {processor.py:186} INFO - Started process (PID=3560) to work on /home/airflow/.local/lib/python3.12/site-packages/airflow/example_dags/example_nested_branch_dag.py
[2026-01-05T17:44:15.649+0000] {processor.py:914} INFO - Processing file /home/airflow/.local/lib/python3.12/site-packages/airflow/example_dags/example_nested_branch_dag.py for tasks to queue
[2026-01-05T17:44:15.653+0000] {logging_mixin.py:190} INFO - [2026-01-05T17:44:15.652+0000] {dagbag.py:587} INFO - Filling up the DagBag from /home/airflow/.local/lib/python3.12/site-packages/airflow/example_dags/example_nested_branch_dag.py
[2026-01-05T17:44:15.666+0000] {processor.py:925} INFO - DAG(s) 'example_nested_branch_dag' retrieved from /home/airflow/.local/lib/python3.12/site-packages/airflow/example_dags/example_nested_branch_dag.py
[2026-01-05T17:44:15.700+0000] {logging_mixin.py:190} INFO - [2026-01-05T17:44:15.699+0000] {dag.py:3211} INFO - Sync 1 DAGs
[2026-01-05T17:44:15.731+0000] {logging_mixin.py:190} INFO - [2026-01-05T17:44:15.730+0000] {dag.py:4138} INFO - Setting next_dagrun for example_nested_branch_dag to 2026-01-04 00:00:00+00:00, run_after=2026-01-05 00:00:00+00:00
[2026-01-05T17:44:15.753+0000] {processor.py:208} INFO - Processing /home/airflow/.local/lib/python3.12/site-packages/airflow/example_dags/example_nested_branch_dag.py took 0.116 seconds
[2026-01-05T17:44:46.145+0000] {processor.py:186} INFO - Started process (PID=3627) to work on /home/airflow/.local/lib/python3.12/site-packages/airflow/example_dags/example_nested_branch_dag.py
[2026-01-05T17:44:46.147+0000] {processor.py:914} INFO - Processing file /home/airflow/.local/lib/python3.12/site-packages/airflow/example_dags/example_nested_branch_dag.py for tasks to queue
[2026-01-05T17:44:46.151+0000] {logging_mixin.py:190} INFO - [2026-01-05T17:44:46.150+0000] {dagbag.py:587} INFO - Filling up the DagBag from /home/airflow/.local/lib/python3.12/site-packages/airflow/example_dags/example_nested_branch_dag.py
[2026-01-05T17:44:46.169+0000] {processor.py:925} INFO - DAG(s) 'example_nested_branch_dag' retrieved from /home/airflow/.local/lib/python3.12/site-packages/airflow/example_dags/example_nested_branch_dag.py
[2026-01-05T17:44:46.208+0000] {logging_mixin.py:190} INFO - [2026-01-05T17:44:46.207+0000] {dag.py:3211} INFO - Sync 1 DAGs
[2026-01-05T17:44:46.241+0000] {logging_mixin.py:190} INFO - [2026-01-05T17:44:46.240+0000] {dag.py:4138} INFO - Setting next_dagrun for example_nested_branch_dag to 2026-01-04 00:00:00+00:00, run_after=2026-01-05 00:00:00+00:00
[2026-01-05T17:44:46.275+0000] {processor.py:208} INFO - Processing /home/airflow/.local/lib/python3.12/site-packages/airflow/example_dags/example_nested_branch_dag.py took 0.139 seconds
