[2026-01-05T17:17:46.234+0000] {processor.py:186} INFO - Started process (PID=124) to work on /home/airflow/.local/lib/python3.12/site-packages/airflow/example_dags/example_complex.py
[2026-01-05T17:17:46.238+0000] {processor.py:914} INFO - Processing file /home/airflow/.local/lib/python3.12/site-packages/airflow/example_dags/example_complex.py for tasks to queue
[2026-01-05T17:17:46.245+0000] {logging_mixin.py:190} INFO - [2026-01-05T17:17:46.244+0000] {dagbag.py:587} INFO - Filling up the DagBag from /home/airflow/.local/lib/python3.12/site-packages/airflow/example_dags/example_complex.py
[2026-01-05T17:17:46.281+0000] {processor.py:925} INFO - DAG(s) 'example_complex' retrieved from /home/airflow/.local/lib/python3.12/site-packages/airflow/example_dags/example_complex.py
[2026-01-05T17:17:46.401+0000] {logging_mixin.py:190} INFO - [2026-01-05T17:17:46.399+0000] {dag.py:3211} INFO - Sync 1 DAGs
[2026-01-05T17:17:46.450+0000] {logging_mixin.py:190} INFO - [2026-01-05T17:17:46.449+0000] {dag.py:4138} INFO - Setting next_dagrun for example_complex to None, run_after=None
[2026-01-05T17:17:46.496+0000] {processor.py:208} INFO - Processing /home/airflow/.local/lib/python3.12/site-packages/airflow/example_dags/example_complex.py took 0.282 seconds
[2026-01-05T17:18:16.922+0000] {processor.py:186} INFO - Started process (PID=191) to work on /home/airflow/.local/lib/python3.12/site-packages/airflow/example_dags/example_complex.py
[2026-01-05T17:18:16.928+0000] {processor.py:914} INFO - Processing file /home/airflow/.local/lib/python3.12/site-packages/airflow/example_dags/example_complex.py for tasks to queue
[2026-01-05T17:18:16.942+0000] {logging_mixin.py:190} INFO - [2026-01-05T17:18:16.941+0000] {dagbag.py:587} INFO - Filling up the DagBag from /home/airflow/.local/lib/python3.12/site-packages/airflow/example_dags/example_complex.py
[2026-01-05T17:18:16.989+0000] {processor.py:925} INFO - DAG(s) 'example_complex' retrieved from /home/airflow/.local/lib/python3.12/site-packages/airflow/example_dags/example_complex.py
[2026-01-05T17:18:17.151+0000] {logging_mixin.py:190} INFO - [2026-01-05T17:18:17.150+0000] {dag.py:3211} INFO - Sync 1 DAGs
[2026-01-05T17:18:17.215+0000] {logging_mixin.py:190} INFO - [2026-01-05T17:18:17.214+0000] {dag.py:4138} INFO - Setting next_dagrun for example_complex to None, run_after=None
[2026-01-05T17:18:17.305+0000] {processor.py:208} INFO - Processing /home/airflow/.local/lib/python3.12/site-packages/airflow/example_dags/example_complex.py took 0.405 seconds
[2026-01-05T17:18:48.293+0000] {processor.py:186} INFO - Started process (PID=257) to work on /home/airflow/.local/lib/python3.12/site-packages/airflow/example_dags/example_complex.py
[2026-01-05T17:18:48.294+0000] {processor.py:914} INFO - Processing file /home/airflow/.local/lib/python3.12/site-packages/airflow/example_dags/example_complex.py for tasks to queue
[2026-01-05T17:18:48.297+0000] {logging_mixin.py:190} INFO - [2026-01-05T17:18:48.297+0000] {dagbag.py:587} INFO - Filling up the DagBag from /home/airflow/.local/lib/python3.12/site-packages/airflow/example_dags/example_complex.py
[2026-01-05T17:18:48.309+0000] {processor.py:925} INFO - DAG(s) 'example_complex' retrieved from /home/airflow/.local/lib/python3.12/site-packages/airflow/example_dags/example_complex.py
[2026-01-05T17:18:48.346+0000] {logging_mixin.py:190} INFO - [2026-01-05T17:18:48.346+0000] {dag.py:3211} INFO - Sync 1 DAGs
[2026-01-05T17:18:48.363+0000] {logging_mixin.py:190} INFO - [2026-01-05T17:18:48.363+0000] {dag.py:4138} INFO - Setting next_dagrun for example_complex to None, run_after=None
[2026-01-05T17:18:48.390+0000] {processor.py:208} INFO - Processing /home/airflow/.local/lib/python3.12/site-packages/airflow/example_dags/example_complex.py took 0.103 seconds
[2026-01-05T17:19:19.330+0000] {processor.py:186} INFO - Started process (PID=323) to work on /home/airflow/.local/lib/python3.12/site-packages/airflow/example_dags/example_complex.py
[2026-01-05T17:19:19.333+0000] {processor.py:914} INFO - Processing file /home/airflow/.local/lib/python3.12/site-packages/airflow/example_dags/example_complex.py for tasks to queue
[2026-01-05T17:19:19.339+0000] {logging_mixin.py:190} INFO - [2026-01-05T17:19:19.338+0000] {dagbag.py:587} INFO - Filling up the DagBag from /home/airflow/.local/lib/python3.12/site-packages/airflow/example_dags/example_complex.py
[2026-01-05T17:19:19.365+0000] {processor.py:925} INFO - DAG(s) 'example_complex' retrieved from /home/airflow/.local/lib/python3.12/site-packages/airflow/example_dags/example_complex.py
[2026-01-05T17:19:19.430+0000] {logging_mixin.py:190} INFO - [2026-01-05T17:19:19.429+0000] {dag.py:3211} INFO - Sync 1 DAGs
[2026-01-05T17:19:19.475+0000] {logging_mixin.py:190} INFO - [2026-01-05T17:19:19.475+0000] {dag.py:4138} INFO - Setting next_dagrun for example_complex to None, run_after=None
[2026-01-05T17:19:19.540+0000] {processor.py:208} INFO - Processing /home/airflow/.local/lib/python3.12/site-packages/airflow/example_dags/example_complex.py took 0.225 seconds
[2026-01-05T17:19:49.650+0000] {processor.py:186} INFO - Started process (PID=389) to work on /home/airflow/.local/lib/python3.12/site-packages/airflow/example_dags/example_complex.py
[2026-01-05T17:19:49.659+0000] {processor.py:914} INFO - Processing file /home/airflow/.local/lib/python3.12/site-packages/airflow/example_dags/example_complex.py for tasks to queue
[2026-01-05T17:19:49.667+0000] {logging_mixin.py:190} INFO - [2026-01-05T17:19:49.666+0000] {dagbag.py:587} INFO - Filling up the DagBag from /home/airflow/.local/lib/python3.12/site-packages/airflow/example_dags/example_complex.py
[2026-01-05T17:19:49.684+0000] {processor.py:925} INFO - DAG(s) 'example_complex' retrieved from /home/airflow/.local/lib/python3.12/site-packages/airflow/example_dags/example_complex.py
[2026-01-05T17:19:49.726+0000] {logging_mixin.py:190} INFO - [2026-01-05T17:19:49.725+0000] {dag.py:3211} INFO - Sync 1 DAGs
[2026-01-05T17:19:49.746+0000] {logging_mixin.py:190} INFO - [2026-01-05T17:19:49.745+0000] {dag.py:4138} INFO - Setting next_dagrun for example_complex to None, run_after=None
[2026-01-05T17:19:49.781+0000] {processor.py:208} INFO - Processing /home/airflow/.local/lib/python3.12/site-packages/airflow/example_dags/example_complex.py took 0.146 seconds
[2026-01-05T17:20:19.889+0000] {processor.py:186} INFO - Started process (PID=455) to work on /home/airflow/.local/lib/python3.12/site-packages/airflow/example_dags/example_complex.py
[2026-01-05T17:20:19.891+0000] {processor.py:914} INFO - Processing file /home/airflow/.local/lib/python3.12/site-packages/airflow/example_dags/example_complex.py for tasks to queue
[2026-01-05T17:20:19.895+0000] {logging_mixin.py:190} INFO - [2026-01-05T17:20:19.895+0000] {dagbag.py:587} INFO - Filling up the DagBag from /home/airflow/.local/lib/python3.12/site-packages/airflow/example_dags/example_complex.py
[2026-01-05T17:20:19.911+0000] {processor.py:925} INFO - DAG(s) 'example_complex' retrieved from /home/airflow/.local/lib/python3.12/site-packages/airflow/example_dags/example_complex.py
[2026-01-05T17:20:19.949+0000] {logging_mixin.py:190} INFO - [2026-01-05T17:20:19.949+0000] {dag.py:3211} INFO - Sync 1 DAGs
[2026-01-05T17:20:19.966+0000] {logging_mixin.py:190} INFO - [2026-01-05T17:20:19.966+0000] {dag.py:4138} INFO - Setting next_dagrun for example_complex to None, run_after=None
[2026-01-05T17:20:19.989+0000] {processor.py:208} INFO - Processing /home/airflow/.local/lib/python3.12/site-packages/airflow/example_dags/example_complex.py took 0.107 seconds
[2026-01-05T17:20:50.244+0000] {processor.py:186} INFO - Started process (PID=521) to work on /home/airflow/.local/lib/python3.12/site-packages/airflow/example_dags/example_complex.py
[2026-01-05T17:20:50.246+0000] {processor.py:914} INFO - Processing file /home/airflow/.local/lib/python3.12/site-packages/airflow/example_dags/example_complex.py for tasks to queue
[2026-01-05T17:20:50.250+0000] {logging_mixin.py:190} INFO - [2026-01-05T17:20:50.250+0000] {dagbag.py:587} INFO - Filling up the DagBag from /home/airflow/.local/lib/python3.12/site-packages/airflow/example_dags/example_complex.py
[2026-01-05T17:20:50.265+0000] {processor.py:925} INFO - DAG(s) 'example_complex' retrieved from /home/airflow/.local/lib/python3.12/site-packages/airflow/example_dags/example_complex.py
[2026-01-05T17:20:50.315+0000] {logging_mixin.py:190} INFO - [2026-01-05T17:20:50.314+0000] {dag.py:3211} INFO - Sync 1 DAGs
[2026-01-05T17:20:50.333+0000] {logging_mixin.py:190} INFO - [2026-01-05T17:20:50.332+0000] {dag.py:4138} INFO - Setting next_dagrun for example_complex to None, run_after=None
[2026-01-05T17:20:50.358+0000] {processor.py:208} INFO - Processing /home/airflow/.local/lib/python3.12/site-packages/airflow/example_dags/example_complex.py took 0.128 seconds
[2026-01-05T17:21:20.442+0000] {processor.py:186} INFO - Started process (PID=587) to work on /home/airflow/.local/lib/python3.12/site-packages/airflow/example_dags/example_complex.py
[2026-01-05T17:21:20.443+0000] {processor.py:914} INFO - Processing file /home/airflow/.local/lib/python3.12/site-packages/airflow/example_dags/example_complex.py for tasks to queue
[2026-01-05T17:21:20.446+0000] {logging_mixin.py:190} INFO - [2026-01-05T17:21:20.446+0000] {dagbag.py:587} INFO - Filling up the DagBag from /home/airflow/.local/lib/python3.12/site-packages/airflow/example_dags/example_complex.py
[2026-01-05T17:21:20.458+0000] {processor.py:925} INFO - DAG(s) 'example_complex' retrieved from /home/airflow/.local/lib/python3.12/site-packages/airflow/example_dags/example_complex.py
[2026-01-05T17:21:20.492+0000] {logging_mixin.py:190} INFO - [2026-01-05T17:21:20.491+0000] {dag.py:3211} INFO - Sync 1 DAGs
[2026-01-05T17:21:20.507+0000] {logging_mixin.py:190} INFO - [2026-01-05T17:21:20.507+0000] {dag.py:4138} INFO - Setting next_dagrun for example_complex to None, run_after=None
[2026-01-05T17:21:20.530+0000] {processor.py:208} INFO - Processing /home/airflow/.local/lib/python3.12/site-packages/airflow/example_dags/example_complex.py took 0.095 seconds
[2026-01-05T17:21:50.712+0000] {processor.py:186} INFO - Started process (PID=653) to work on /home/airflow/.local/lib/python3.12/site-packages/airflow/example_dags/example_complex.py
[2026-01-05T17:21:50.714+0000] {processor.py:914} INFO - Processing file /home/airflow/.local/lib/python3.12/site-packages/airflow/example_dags/example_complex.py for tasks to queue
[2026-01-05T17:21:50.717+0000] {logging_mixin.py:190} INFO - [2026-01-05T17:21:50.716+0000] {dagbag.py:587} INFO - Filling up the DagBag from /home/airflow/.local/lib/python3.12/site-packages/airflow/example_dags/example_complex.py
[2026-01-05T17:21:50.730+0000] {processor.py:925} INFO - DAG(s) 'example_complex' retrieved from /home/airflow/.local/lib/python3.12/site-packages/airflow/example_dags/example_complex.py
[2026-01-05T17:21:50.777+0000] {logging_mixin.py:190} INFO - [2026-01-05T17:21:50.777+0000] {dag.py:3211} INFO - Sync 1 DAGs
[2026-01-05T17:21:50.803+0000] {logging_mixin.py:190} INFO - [2026-01-05T17:21:50.803+0000] {dag.py:4138} INFO - Setting next_dagrun for example_complex to None, run_after=None
[2026-01-05T17:21:50.826+0000] {processor.py:208} INFO - Processing /home/airflow/.local/lib/python3.12/site-packages/airflow/example_dags/example_complex.py took 0.123 seconds
[2026-01-05T17:22:21.366+0000] {processor.py:186} INFO - Started process (PID=719) to work on /home/airflow/.local/lib/python3.12/site-packages/airflow/example_dags/example_complex.py
[2026-01-05T17:22:21.368+0000] {processor.py:914} INFO - Processing file /home/airflow/.local/lib/python3.12/site-packages/airflow/example_dags/example_complex.py for tasks to queue
[2026-01-05T17:22:21.372+0000] {logging_mixin.py:190} INFO - [2026-01-05T17:22:21.371+0000] {dagbag.py:587} INFO - Filling up the DagBag from /home/airflow/.local/lib/python3.12/site-packages/airflow/example_dags/example_complex.py
[2026-01-05T17:22:21.384+0000] {processor.py:925} INFO - DAG(s) 'example_complex' retrieved from /home/airflow/.local/lib/python3.12/site-packages/airflow/example_dags/example_complex.py
[2026-01-05T17:22:21.417+0000] {logging_mixin.py:190} INFO - [2026-01-05T17:22:21.417+0000] {dag.py:3211} INFO - Sync 1 DAGs
[2026-01-05T17:22:21.432+0000] {logging_mixin.py:190} INFO - [2026-01-05T17:22:21.432+0000] {dag.py:4138} INFO - Setting next_dagrun for example_complex to None, run_after=None
[2026-01-05T17:22:21.455+0000] {processor.py:208} INFO - Processing /home/airflow/.local/lib/python3.12/site-packages/airflow/example_dags/example_complex.py took 0.097 seconds
[2026-01-05T17:22:52.415+0000] {processor.py:186} INFO - Started process (PID=785) to work on /home/airflow/.local/lib/python3.12/site-packages/airflow/example_dags/example_complex.py
[2026-01-05T17:22:52.417+0000] {processor.py:914} INFO - Processing file /home/airflow/.local/lib/python3.12/site-packages/airflow/example_dags/example_complex.py for tasks to queue
[2026-01-05T17:22:52.421+0000] {logging_mixin.py:190} INFO - [2026-01-05T17:22:52.420+0000] {dagbag.py:587} INFO - Filling up the DagBag from /home/airflow/.local/lib/python3.12/site-packages/airflow/example_dags/example_complex.py
[2026-01-05T17:22:52.434+0000] {processor.py:925} INFO - DAG(s) 'example_complex' retrieved from /home/airflow/.local/lib/python3.12/site-packages/airflow/example_dags/example_complex.py
[2026-01-05T17:22:52.467+0000] {logging_mixin.py:190} INFO - [2026-01-05T17:22:52.467+0000] {dag.py:3211} INFO - Sync 1 DAGs
[2026-01-05T17:22:52.486+0000] {logging_mixin.py:190} INFO - [2026-01-05T17:22:52.485+0000] {dag.py:4138} INFO - Setting next_dagrun for example_complex to None, run_after=None
[2026-01-05T17:22:52.512+0000] {processor.py:208} INFO - Processing /home/airflow/.local/lib/python3.12/site-packages/airflow/example_dags/example_complex.py took 0.104 seconds
[2026-01-05T17:23:23.382+0000] {processor.py:186} INFO - Started process (PID=851) to work on /home/airflow/.local/lib/python3.12/site-packages/airflow/example_dags/example_complex.py
[2026-01-05T17:23:23.383+0000] {processor.py:914} INFO - Processing file /home/airflow/.local/lib/python3.12/site-packages/airflow/example_dags/example_complex.py for tasks to queue
[2026-01-05T17:23:23.389+0000] {logging_mixin.py:190} INFO - [2026-01-05T17:23:23.388+0000] {dagbag.py:587} INFO - Filling up the DagBag from /home/airflow/.local/lib/python3.12/site-packages/airflow/example_dags/example_complex.py
[2026-01-05T17:23:23.404+0000] {processor.py:925} INFO - DAG(s) 'example_complex' retrieved from /home/airflow/.local/lib/python3.12/site-packages/airflow/example_dags/example_complex.py
[2026-01-05T17:23:23.453+0000] {logging_mixin.py:190} INFO - [2026-01-05T17:23:23.452+0000] {dag.py:3211} INFO - Sync 1 DAGs
[2026-01-05T17:23:23.474+0000] {logging_mixin.py:190} INFO - [2026-01-05T17:23:23.474+0000] {dag.py:4138} INFO - Setting next_dagrun for example_complex to None, run_after=None
[2026-01-05T17:23:23.498+0000] {processor.py:208} INFO - Processing /home/airflow/.local/lib/python3.12/site-packages/airflow/example_dags/example_complex.py took 0.127 seconds
[2026-01-05T17:23:53.892+0000] {processor.py:186} INFO - Started process (PID=917) to work on /home/airflow/.local/lib/python3.12/site-packages/airflow/example_dags/example_complex.py
[2026-01-05T17:23:53.894+0000] {processor.py:914} INFO - Processing file /home/airflow/.local/lib/python3.12/site-packages/airflow/example_dags/example_complex.py for tasks to queue
[2026-01-05T17:23:53.898+0000] {logging_mixin.py:190} INFO - [2026-01-05T17:23:53.898+0000] {dagbag.py:587} INFO - Filling up the DagBag from /home/airflow/.local/lib/python3.12/site-packages/airflow/example_dags/example_complex.py
[2026-01-05T17:23:53.909+0000] {processor.py:925} INFO - DAG(s) 'example_complex' retrieved from /home/airflow/.local/lib/python3.12/site-packages/airflow/example_dags/example_complex.py
[2026-01-05T17:23:53.947+0000] {logging_mixin.py:190} INFO - [2026-01-05T17:23:53.947+0000] {dag.py:3211} INFO - Sync 1 DAGs
[2026-01-05T17:23:53.965+0000] {logging_mixin.py:190} INFO - [2026-01-05T17:23:53.965+0000] {dag.py:4138} INFO - Setting next_dagrun for example_complex to None, run_after=None
[2026-01-05T17:23:53.988+0000] {processor.py:208} INFO - Processing /home/airflow/.local/lib/python3.12/site-packages/airflow/example_dags/example_complex.py took 0.104 seconds
[2026-01-05T17:24:24.160+0000] {processor.py:186} INFO - Started process (PID=983) to work on /home/airflow/.local/lib/python3.12/site-packages/airflow/example_dags/example_complex.py
[2026-01-05T17:24:24.162+0000] {processor.py:914} INFO - Processing file /home/airflow/.local/lib/python3.12/site-packages/airflow/example_dags/example_complex.py for tasks to queue
[2026-01-05T17:24:24.166+0000] {logging_mixin.py:190} INFO - [2026-01-05T17:24:24.165+0000] {dagbag.py:587} INFO - Filling up the DagBag from /home/airflow/.local/lib/python3.12/site-packages/airflow/example_dags/example_complex.py
[2026-01-05T17:24:24.175+0000] {processor.py:925} INFO - DAG(s) 'example_complex' retrieved from /home/airflow/.local/lib/python3.12/site-packages/airflow/example_dags/example_complex.py
[2026-01-05T17:24:24.205+0000] {logging_mixin.py:190} INFO - [2026-01-05T17:24:24.205+0000] {dag.py:3211} INFO - Sync 1 DAGs
[2026-01-05T17:24:24.218+0000] {logging_mixin.py:190} INFO - [2026-01-05T17:24:24.218+0000] {dag.py:4138} INFO - Setting next_dagrun for example_complex to None, run_after=None
[2026-01-05T17:24:24.240+0000] {processor.py:208} INFO - Processing /home/airflow/.local/lib/python3.12/site-packages/airflow/example_dags/example_complex.py took 0.088 seconds
[2026-01-05T17:24:54.357+0000] {processor.py:186} INFO - Started process (PID=1049) to work on /home/airflow/.local/lib/python3.12/site-packages/airflow/example_dags/example_complex.py
[2026-01-05T17:24:54.359+0000] {processor.py:914} INFO - Processing file /home/airflow/.local/lib/python3.12/site-packages/airflow/example_dags/example_complex.py for tasks to queue
[2026-01-05T17:24:54.362+0000] {logging_mixin.py:190} INFO - [2026-01-05T17:24:54.362+0000] {dagbag.py:587} INFO - Filling up the DagBag from /home/airflow/.local/lib/python3.12/site-packages/airflow/example_dags/example_complex.py
[2026-01-05T17:24:54.374+0000] {processor.py:925} INFO - DAG(s) 'example_complex' retrieved from /home/airflow/.local/lib/python3.12/site-packages/airflow/example_dags/example_complex.py
[2026-01-05T17:24:54.410+0000] {logging_mixin.py:190} INFO - [2026-01-05T17:24:54.410+0000] {dag.py:3211} INFO - Sync 1 DAGs
[2026-01-05T17:24:54.433+0000] {logging_mixin.py:190} INFO - [2026-01-05T17:24:54.433+0000] {dag.py:4138} INFO - Setting next_dagrun for example_complex to None, run_after=None
[2026-01-05T17:24:54.456+0000] {processor.py:208} INFO - Processing /home/airflow/.local/lib/python3.12/site-packages/airflow/example_dags/example_complex.py took 0.106 seconds
[2026-01-05T17:25:24.741+0000] {processor.py:186} INFO - Started process (PID=1115) to work on /home/airflow/.local/lib/python3.12/site-packages/airflow/example_dags/example_complex.py
[2026-01-05T17:25:24.743+0000] {processor.py:914} INFO - Processing file /home/airflow/.local/lib/python3.12/site-packages/airflow/example_dags/example_complex.py for tasks to queue
[2026-01-05T17:25:24.748+0000] {logging_mixin.py:190} INFO - [2026-01-05T17:25:24.747+0000] {dagbag.py:587} INFO - Filling up the DagBag from /home/airflow/.local/lib/python3.12/site-packages/airflow/example_dags/example_complex.py
[2026-01-05T17:25:24.760+0000] {processor.py:925} INFO - DAG(s) 'example_complex' retrieved from /home/airflow/.local/lib/python3.12/site-packages/airflow/example_dags/example_complex.py
[2026-01-05T17:25:24.800+0000] {logging_mixin.py:190} INFO - [2026-01-05T17:25:24.800+0000] {dag.py:3211} INFO - Sync 1 DAGs
[2026-01-05T17:25:24.819+0000] {logging_mixin.py:190} INFO - [2026-01-05T17:25:24.819+0000] {dag.py:4138} INFO - Setting next_dagrun for example_complex to None, run_after=None
[2026-01-05T17:25:24.846+0000] {processor.py:208} INFO - Processing /home/airflow/.local/lib/python3.12/site-packages/airflow/example_dags/example_complex.py took 0.113 seconds
[2026-01-05T17:25:55.774+0000] {processor.py:186} INFO - Started process (PID=1181) to work on /home/airflow/.local/lib/python3.12/site-packages/airflow/example_dags/example_complex.py
[2026-01-05T17:25:55.775+0000] {processor.py:914} INFO - Processing file /home/airflow/.local/lib/python3.12/site-packages/airflow/example_dags/example_complex.py for tasks to queue
[2026-01-05T17:25:55.779+0000] {logging_mixin.py:190} INFO - [2026-01-05T17:25:55.778+0000] {dagbag.py:587} INFO - Filling up the DagBag from /home/airflow/.local/lib/python3.12/site-packages/airflow/example_dags/example_complex.py
[2026-01-05T17:25:55.790+0000] {processor.py:925} INFO - DAG(s) 'example_complex' retrieved from /home/airflow/.local/lib/python3.12/site-packages/airflow/example_dags/example_complex.py
[2026-01-05T17:25:55.838+0000] {logging_mixin.py:190} INFO - [2026-01-05T17:25:55.837+0000] {dag.py:3211} INFO - Sync 1 DAGs
[2026-01-05T17:25:55.873+0000] {logging_mixin.py:190} INFO - [2026-01-05T17:25:55.872+0000] {dag.py:4138} INFO - Setting next_dagrun for example_complex to None, run_after=None
[2026-01-05T17:25:55.916+0000] {processor.py:208} INFO - Processing /home/airflow/.local/lib/python3.12/site-packages/airflow/example_dags/example_complex.py took 0.148 seconds
[2026-01-05T17:26:26.133+0000] {processor.py:186} INFO - Started process (PID=1247) to work on /home/airflow/.local/lib/python3.12/site-packages/airflow/example_dags/example_complex.py
[2026-01-05T17:26:26.135+0000] {processor.py:914} INFO - Processing file /home/airflow/.local/lib/python3.12/site-packages/airflow/example_dags/example_complex.py for tasks to queue
[2026-01-05T17:26:26.139+0000] {logging_mixin.py:190} INFO - [2026-01-05T17:26:26.138+0000] {dagbag.py:587} INFO - Filling up the DagBag from /home/airflow/.local/lib/python3.12/site-packages/airflow/example_dags/example_complex.py
[2026-01-05T17:26:26.148+0000] {processor.py:925} INFO - DAG(s) 'example_complex' retrieved from /home/airflow/.local/lib/python3.12/site-packages/airflow/example_dags/example_complex.py
[2026-01-05T17:26:26.179+0000] {logging_mixin.py:190} INFO - [2026-01-05T17:26:26.178+0000] {dag.py:3211} INFO - Sync 1 DAGs
[2026-01-05T17:26:26.193+0000] {logging_mixin.py:190} INFO - [2026-01-05T17:26:26.193+0000] {dag.py:4138} INFO - Setting next_dagrun for example_complex to None, run_after=None
[2026-01-05T17:26:26.218+0000] {processor.py:208} INFO - Processing /home/airflow/.local/lib/python3.12/site-packages/airflow/example_dags/example_complex.py took 0.092 seconds
[2026-01-05T17:26:56.304+0000] {processor.py:186} INFO - Started process (PID=1313) to work on /home/airflow/.local/lib/python3.12/site-packages/airflow/example_dags/example_complex.py
[2026-01-05T17:26:56.305+0000] {processor.py:914} INFO - Processing file /home/airflow/.local/lib/python3.12/site-packages/airflow/example_dags/example_complex.py for tasks to queue
[2026-01-05T17:26:56.309+0000] {logging_mixin.py:190} INFO - [2026-01-05T17:26:56.309+0000] {dagbag.py:587} INFO - Filling up the DagBag from /home/airflow/.local/lib/python3.12/site-packages/airflow/example_dags/example_complex.py
[2026-01-05T17:26:56.324+0000] {processor.py:925} INFO - DAG(s) 'example_complex' retrieved from /home/airflow/.local/lib/python3.12/site-packages/airflow/example_dags/example_complex.py
[2026-01-05T17:26:56.360+0000] {logging_mixin.py:190} INFO - [2026-01-05T17:26:56.359+0000] {dag.py:3211} INFO - Sync 1 DAGs
[2026-01-05T17:26:56.372+0000] {logging_mixin.py:190} INFO - [2026-01-05T17:26:56.372+0000] {dag.py:4138} INFO - Setting next_dagrun for example_complex to None, run_after=None
[2026-01-05T17:26:56.393+0000] {processor.py:208} INFO - Processing /home/airflow/.local/lib/python3.12/site-packages/airflow/example_dags/example_complex.py took 0.094 seconds
[2026-01-05T17:27:26.731+0000] {processor.py:186} INFO - Started process (PID=1379) to work on /home/airflow/.local/lib/python3.12/site-packages/airflow/example_dags/example_complex.py
[2026-01-05T17:27:26.733+0000] {processor.py:914} INFO - Processing file /home/airflow/.local/lib/python3.12/site-packages/airflow/example_dags/example_complex.py for tasks to queue
[2026-01-05T17:27:26.736+0000] {logging_mixin.py:190} INFO - [2026-01-05T17:27:26.736+0000] {dagbag.py:587} INFO - Filling up the DagBag from /home/airflow/.local/lib/python3.12/site-packages/airflow/example_dags/example_complex.py
[2026-01-05T17:27:26.748+0000] {processor.py:925} INFO - DAG(s) 'example_complex' retrieved from /home/airflow/.local/lib/python3.12/site-packages/airflow/example_dags/example_complex.py
[2026-01-05T17:27:26.787+0000] {logging_mixin.py:190} INFO - [2026-01-05T17:27:26.786+0000] {dag.py:3211} INFO - Sync 1 DAGs
[2026-01-05T17:27:26.803+0000] {logging_mixin.py:190} INFO - [2026-01-05T17:27:26.802+0000] {dag.py:4138} INFO - Setting next_dagrun for example_complex to None, run_after=None
[2026-01-05T17:27:26.831+0000] {processor.py:208} INFO - Processing /home/airflow/.local/lib/python3.12/site-packages/airflow/example_dags/example_complex.py took 0.106 seconds
[2026-01-05T17:27:58.562+0000] {processor.py:186} INFO - Started process (PID=1451) to work on /home/airflow/.local/lib/python3.12/site-packages/airflow/example_dags/example_complex.py
[2026-01-05T17:27:58.564+0000] {processor.py:914} INFO - Processing file /home/airflow/.local/lib/python3.12/site-packages/airflow/example_dags/example_complex.py for tasks to queue
[2026-01-05T17:27:58.570+0000] {logging_mixin.py:190} INFO - [2026-01-05T17:27:58.569+0000] {dagbag.py:587} INFO - Filling up the DagBag from /home/airflow/.local/lib/python3.12/site-packages/airflow/example_dags/example_complex.py
[2026-01-05T17:27:58.586+0000] {processor.py:925} INFO - DAG(s) 'example_complex' retrieved from /home/airflow/.local/lib/python3.12/site-packages/airflow/example_dags/example_complex.py
[2026-01-05T17:27:58.636+0000] {logging_mixin.py:190} INFO - [2026-01-05T17:27:58.635+0000] {dag.py:3211} INFO - Sync 1 DAGs
[2026-01-05T17:27:58.657+0000] {logging_mixin.py:190} INFO - [2026-01-05T17:27:58.657+0000] {dag.py:4138} INFO - Setting next_dagrun for example_complex to None, run_after=None
[2026-01-05T17:27:58.684+0000] {processor.py:208} INFO - Processing /home/airflow/.local/lib/python3.12/site-packages/airflow/example_dags/example_complex.py took 0.132 seconds
[2026-01-05T17:28:29.005+0000] {processor.py:186} INFO - Started process (PID=1517) to work on /home/airflow/.local/lib/python3.12/site-packages/airflow/example_dags/example_complex.py
[2026-01-05T17:28:29.007+0000] {processor.py:914} INFO - Processing file /home/airflow/.local/lib/python3.12/site-packages/airflow/example_dags/example_complex.py for tasks to queue
[2026-01-05T17:28:29.011+0000] {logging_mixin.py:190} INFO - [2026-01-05T17:28:29.010+0000] {dagbag.py:587} INFO - Filling up the DagBag from /home/airflow/.local/lib/python3.12/site-packages/airflow/example_dags/example_complex.py
[2026-01-05T17:28:29.023+0000] {processor.py:925} INFO - DAG(s) 'example_complex' retrieved from /home/airflow/.local/lib/python3.12/site-packages/airflow/example_dags/example_complex.py
[2026-01-05T17:28:29.060+0000] {logging_mixin.py:190} INFO - [2026-01-05T17:28:29.060+0000] {dag.py:3211} INFO - Sync 1 DAGs
[2026-01-05T17:28:29.078+0000] {logging_mixin.py:190} INFO - [2026-01-05T17:28:29.078+0000] {dag.py:4138} INFO - Setting next_dagrun for example_complex to None, run_after=None
[2026-01-05T17:28:29.101+0000] {processor.py:208} INFO - Processing /home/airflow/.local/lib/python3.12/site-packages/airflow/example_dags/example_complex.py took 0.104 seconds
[2026-01-05T17:28:59.644+0000] {processor.py:186} INFO - Started process (PID=1583) to work on /home/airflow/.local/lib/python3.12/site-packages/airflow/example_dags/example_complex.py
[2026-01-05T17:28:59.646+0000] {processor.py:914} INFO - Processing file /home/airflow/.local/lib/python3.12/site-packages/airflow/example_dags/example_complex.py for tasks to queue
[2026-01-05T17:28:59.649+0000] {logging_mixin.py:190} INFO - [2026-01-05T17:28:59.648+0000] {dagbag.py:587} INFO - Filling up the DagBag from /home/airflow/.local/lib/python3.12/site-packages/airflow/example_dags/example_complex.py
[2026-01-05T17:28:59.660+0000] {processor.py:925} INFO - DAG(s) 'example_complex' retrieved from /home/airflow/.local/lib/python3.12/site-packages/airflow/example_dags/example_complex.py
[2026-01-05T17:28:59.694+0000] {logging_mixin.py:190} INFO - [2026-01-05T17:28:59.694+0000] {dag.py:3211} INFO - Sync 1 DAGs
[2026-01-05T17:28:59.712+0000] {logging_mixin.py:190} INFO - [2026-01-05T17:28:59.712+0000] {dag.py:4138} INFO - Setting next_dagrun for example_complex to None, run_after=None
[2026-01-05T17:28:59.733+0000] {processor.py:208} INFO - Processing /home/airflow/.local/lib/python3.12/site-packages/airflow/example_dags/example_complex.py took 0.098 seconds
[2026-01-05T17:29:30.330+0000] {processor.py:186} INFO - Started process (PID=1649) to work on /home/airflow/.local/lib/python3.12/site-packages/airflow/example_dags/example_complex.py
[2026-01-05T17:29:30.332+0000] {processor.py:914} INFO - Processing file /home/airflow/.local/lib/python3.12/site-packages/airflow/example_dags/example_complex.py for tasks to queue
[2026-01-05T17:29:30.335+0000] {logging_mixin.py:190} INFO - [2026-01-05T17:29:30.334+0000] {dagbag.py:587} INFO - Filling up the DagBag from /home/airflow/.local/lib/python3.12/site-packages/airflow/example_dags/example_complex.py
[2026-01-05T17:29:30.345+0000] {processor.py:925} INFO - DAG(s) 'example_complex' retrieved from /home/airflow/.local/lib/python3.12/site-packages/airflow/example_dags/example_complex.py
[2026-01-05T17:29:30.381+0000] {logging_mixin.py:190} INFO - [2026-01-05T17:29:30.381+0000] {dag.py:3211} INFO - Sync 1 DAGs
[2026-01-05T17:29:30.401+0000] {logging_mixin.py:190} INFO - [2026-01-05T17:29:30.400+0000] {dag.py:4138} INFO - Setting next_dagrun for example_complex to None, run_after=None
[2026-01-05T17:29:30.423+0000] {processor.py:208} INFO - Processing /home/airflow/.local/lib/python3.12/site-packages/airflow/example_dags/example_complex.py took 0.100 seconds
[2026-01-05T17:30:00.592+0000] {processor.py:186} INFO - Started process (PID=1715) to work on /home/airflow/.local/lib/python3.12/site-packages/airflow/example_dags/example_complex.py
[2026-01-05T17:30:00.594+0000] {processor.py:914} INFO - Processing file /home/airflow/.local/lib/python3.12/site-packages/airflow/example_dags/example_complex.py for tasks to queue
[2026-01-05T17:30:00.598+0000] {logging_mixin.py:190} INFO - [2026-01-05T17:30:00.598+0000] {dagbag.py:587} INFO - Filling up the DagBag from /home/airflow/.local/lib/python3.12/site-packages/airflow/example_dags/example_complex.py
[2026-01-05T17:30:00.610+0000] {processor.py:925} INFO - DAG(s) 'example_complex' retrieved from /home/airflow/.local/lib/python3.12/site-packages/airflow/example_dags/example_complex.py
[2026-01-05T17:30:00.644+0000] {logging_mixin.py:190} INFO - [2026-01-05T17:30:00.644+0000] {dag.py:3211} INFO - Sync 1 DAGs
[2026-01-05T17:30:00.658+0000] {logging_mixin.py:190} INFO - [2026-01-05T17:30:00.658+0000] {dag.py:4138} INFO - Setting next_dagrun for example_complex to None, run_after=None
[2026-01-05T17:30:00.679+0000] {processor.py:208} INFO - Processing /home/airflow/.local/lib/python3.12/site-packages/airflow/example_dags/example_complex.py took 0.095 seconds
[2026-01-05T17:30:31.440+0000] {processor.py:186} INFO - Started process (PID=1782) to work on /home/airflow/.local/lib/python3.12/site-packages/airflow/example_dags/example_complex.py
[2026-01-05T17:30:31.441+0000] {processor.py:914} INFO - Processing file /home/airflow/.local/lib/python3.12/site-packages/airflow/example_dags/example_complex.py for tasks to queue
[2026-01-05T17:30:31.444+0000] {logging_mixin.py:190} INFO - [2026-01-05T17:30:31.444+0000] {dagbag.py:587} INFO - Filling up the DagBag from /home/airflow/.local/lib/python3.12/site-packages/airflow/example_dags/example_complex.py
[2026-01-05T17:30:31.455+0000] {processor.py:925} INFO - DAG(s) 'example_complex' retrieved from /home/airflow/.local/lib/python3.12/site-packages/airflow/example_dags/example_complex.py
[2026-01-05T17:30:31.489+0000] {logging_mixin.py:190} INFO - [2026-01-05T17:30:31.489+0000] {dag.py:3211} INFO - Sync 1 DAGs
[2026-01-05T17:30:31.506+0000] {logging_mixin.py:190} INFO - [2026-01-05T17:30:31.506+0000] {dag.py:4138} INFO - Setting next_dagrun for example_complex to None, run_after=None
[2026-01-05T17:30:31.529+0000] {processor.py:208} INFO - Processing /home/airflow/.local/lib/python3.12/site-packages/airflow/example_dags/example_complex.py took 0.095 seconds
[2026-01-05T17:31:02.202+0000] {processor.py:186} INFO - Started process (PID=1848) to work on /home/airflow/.local/lib/python3.12/site-packages/airflow/example_dags/example_complex.py
[2026-01-05T17:31:02.203+0000] {processor.py:914} INFO - Processing file /home/airflow/.local/lib/python3.12/site-packages/airflow/example_dags/example_complex.py for tasks to queue
[2026-01-05T17:31:02.206+0000] {logging_mixin.py:190} INFO - [2026-01-05T17:31:02.206+0000] {dagbag.py:587} INFO - Filling up the DagBag from /home/airflow/.local/lib/python3.12/site-packages/airflow/example_dags/example_complex.py
[2026-01-05T17:31:02.218+0000] {processor.py:925} INFO - DAG(s) 'example_complex' retrieved from /home/airflow/.local/lib/python3.12/site-packages/airflow/example_dags/example_complex.py
[2026-01-05T17:31:02.266+0000] {logging_mixin.py:190} INFO - [2026-01-05T17:31:02.265+0000] {dag.py:3211} INFO - Sync 1 DAGs
[2026-01-05T17:31:02.286+0000] {logging_mixin.py:190} INFO - [2026-01-05T17:31:02.285+0000] {dag.py:4138} INFO - Setting next_dagrun for example_complex to None, run_after=None
[2026-01-05T17:31:02.311+0000] {processor.py:208} INFO - Processing /home/airflow/.local/lib/python3.12/site-packages/airflow/example_dags/example_complex.py took 0.117 seconds
[2026-01-05T17:31:32.696+0000] {processor.py:186} INFO - Started process (PID=1914) to work on /home/airflow/.local/lib/python3.12/site-packages/airflow/example_dags/example_complex.py
[2026-01-05T17:31:32.697+0000] {processor.py:914} INFO - Processing file /home/airflow/.local/lib/python3.12/site-packages/airflow/example_dags/example_complex.py for tasks to queue
[2026-01-05T17:31:32.700+0000] {logging_mixin.py:190} INFO - [2026-01-05T17:31:32.700+0000] {dagbag.py:587} INFO - Filling up the DagBag from /home/airflow/.local/lib/python3.12/site-packages/airflow/example_dags/example_complex.py
[2026-01-05T17:31:32.711+0000] {processor.py:925} INFO - DAG(s) 'example_complex' retrieved from /home/airflow/.local/lib/python3.12/site-packages/airflow/example_dags/example_complex.py
[2026-01-05T17:31:32.758+0000] {logging_mixin.py:190} INFO - [2026-01-05T17:31:32.758+0000] {dag.py:3211} INFO - Sync 1 DAGs
[2026-01-05T17:31:32.785+0000] {logging_mixin.py:190} INFO - [2026-01-05T17:31:32.785+0000] {dag.py:4138} INFO - Setting next_dagrun for example_complex to None, run_after=None
[2026-01-05T17:31:32.807+0000] {processor.py:208} INFO - Processing /home/airflow/.local/lib/python3.12/site-packages/airflow/example_dags/example_complex.py took 0.118 seconds
[2026-01-05T17:32:02.994+0000] {processor.py:186} INFO - Started process (PID=1980) to work on /home/airflow/.local/lib/python3.12/site-packages/airflow/example_dags/example_complex.py
[2026-01-05T17:32:02.996+0000] {processor.py:914} INFO - Processing file /home/airflow/.local/lib/python3.12/site-packages/airflow/example_dags/example_complex.py for tasks to queue
[2026-01-05T17:32:03.000+0000] {logging_mixin.py:190} INFO - [2026-01-05T17:32:03.000+0000] {dagbag.py:587} INFO - Filling up the DagBag from /home/airflow/.local/lib/python3.12/site-packages/airflow/example_dags/example_complex.py
[2026-01-05T17:32:03.016+0000] {processor.py:925} INFO - DAG(s) 'example_complex' retrieved from /home/airflow/.local/lib/python3.12/site-packages/airflow/example_dags/example_complex.py
[2026-01-05T17:32:03.062+0000] {logging_mixin.py:190} INFO - [2026-01-05T17:32:03.061+0000] {dag.py:3211} INFO - Sync 1 DAGs
[2026-01-05T17:32:03.082+0000] {logging_mixin.py:190} INFO - [2026-01-05T17:32:03.082+0000] {dag.py:4138} INFO - Setting next_dagrun for example_complex to None, run_after=None
[2026-01-05T17:32:03.107+0000] {processor.py:208} INFO - Processing /home/airflow/.local/lib/python3.12/site-packages/airflow/example_dags/example_complex.py took 0.119 seconds
[2026-01-05T17:32:33.570+0000] {processor.py:186} INFO - Started process (PID=2046) to work on /home/airflow/.local/lib/python3.12/site-packages/airflow/example_dags/example_complex.py
[2026-01-05T17:32:33.572+0000] {processor.py:914} INFO - Processing file /home/airflow/.local/lib/python3.12/site-packages/airflow/example_dags/example_complex.py for tasks to queue
[2026-01-05T17:32:33.577+0000] {logging_mixin.py:190} INFO - [2026-01-05T17:32:33.576+0000] {dagbag.py:587} INFO - Filling up the DagBag from /home/airflow/.local/lib/python3.12/site-packages/airflow/example_dags/example_complex.py
[2026-01-05T17:32:33.601+0000] {processor.py:925} INFO - DAG(s) 'example_complex' retrieved from /home/airflow/.local/lib/python3.12/site-packages/airflow/example_dags/example_complex.py
[2026-01-05T17:32:33.671+0000] {logging_mixin.py:190} INFO - [2026-01-05T17:32:33.670+0000] {dag.py:3211} INFO - Sync 1 DAGs
[2026-01-05T17:32:33.686+0000] {logging_mixin.py:190} INFO - [2026-01-05T17:32:33.685+0000] {dag.py:4138} INFO - Setting next_dagrun for example_complex to None, run_after=None
[2026-01-05T17:32:33.714+0000] {processor.py:208} INFO - Processing /home/airflow/.local/lib/python3.12/site-packages/airflow/example_dags/example_complex.py took 0.155 seconds
[2026-01-05T17:33:03.889+0000] {processor.py:186} INFO - Started process (PID=2112) to work on /home/airflow/.local/lib/python3.12/site-packages/airflow/example_dags/example_complex.py
[2026-01-05T17:33:03.892+0000] {processor.py:914} INFO - Processing file /home/airflow/.local/lib/python3.12/site-packages/airflow/example_dags/example_complex.py for tasks to queue
[2026-01-05T17:33:03.897+0000] {logging_mixin.py:190} INFO - [2026-01-05T17:33:03.896+0000] {dagbag.py:587} INFO - Filling up the DagBag from /home/airflow/.local/lib/python3.12/site-packages/airflow/example_dags/example_complex.py
[2026-01-05T17:33:03.915+0000] {processor.py:925} INFO - DAG(s) 'example_complex' retrieved from /home/airflow/.local/lib/python3.12/site-packages/airflow/example_dags/example_complex.py
[2026-01-05T17:33:03.949+0000] {logging_mixin.py:190} INFO - [2026-01-05T17:33:03.949+0000] {dag.py:3211} INFO - Sync 1 DAGs
[2026-01-05T17:33:03.962+0000] {logging_mixin.py:190} INFO - [2026-01-05T17:33:03.962+0000] {dag.py:4138} INFO - Setting next_dagrun for example_complex to None, run_after=None
[2026-01-05T17:33:03.984+0000] {processor.py:208} INFO - Processing /home/airflow/.local/lib/python3.12/site-packages/airflow/example_dags/example_complex.py took 0.106 seconds
[2026-01-05T17:33:34.153+0000] {processor.py:186} INFO - Started process (PID=2178) to work on /home/airflow/.local/lib/python3.12/site-packages/airflow/example_dags/example_complex.py
[2026-01-05T17:33:34.155+0000] {processor.py:914} INFO - Processing file /home/airflow/.local/lib/python3.12/site-packages/airflow/example_dags/example_complex.py for tasks to queue
[2026-01-05T17:33:34.158+0000] {logging_mixin.py:190} INFO - [2026-01-05T17:33:34.158+0000] {dagbag.py:587} INFO - Filling up the DagBag from /home/airflow/.local/lib/python3.12/site-packages/airflow/example_dags/example_complex.py
[2026-01-05T17:33:34.169+0000] {processor.py:925} INFO - DAG(s) 'example_complex' retrieved from /home/airflow/.local/lib/python3.12/site-packages/airflow/example_dags/example_complex.py
[2026-01-05T17:33:34.201+0000] {logging_mixin.py:190} INFO - [2026-01-05T17:33:34.200+0000] {dag.py:3211} INFO - Sync 1 DAGs
[2026-01-05T17:33:34.215+0000] {logging_mixin.py:190} INFO - [2026-01-05T17:33:34.214+0000] {dag.py:4138} INFO - Setting next_dagrun for example_complex to None, run_after=None
[2026-01-05T17:33:34.245+0000] {processor.py:208} INFO - Processing /home/airflow/.local/lib/python3.12/site-packages/airflow/example_dags/example_complex.py took 0.103 seconds
[2026-01-05T17:34:05.024+0000] {processor.py:186} INFO - Started process (PID=2244) to work on /home/airflow/.local/lib/python3.12/site-packages/airflow/example_dags/example_complex.py
[2026-01-05T17:34:05.025+0000] {processor.py:914} INFO - Processing file /home/airflow/.local/lib/python3.12/site-packages/airflow/example_dags/example_complex.py for tasks to queue
[2026-01-05T17:34:05.029+0000] {logging_mixin.py:190} INFO - [2026-01-05T17:34:05.028+0000] {dagbag.py:587} INFO - Filling up the DagBag from /home/airflow/.local/lib/python3.12/site-packages/airflow/example_dags/example_complex.py
[2026-01-05T17:34:05.043+0000] {processor.py:925} INFO - DAG(s) 'example_complex' retrieved from /home/airflow/.local/lib/python3.12/site-packages/airflow/example_dags/example_complex.py
[2026-01-05T17:34:05.080+0000] {logging_mixin.py:190} INFO - [2026-01-05T17:34:05.080+0000] {dag.py:3211} INFO - Sync 1 DAGs
[2026-01-05T17:34:05.101+0000] {logging_mixin.py:190} INFO - [2026-01-05T17:34:05.101+0000] {dag.py:4138} INFO - Setting next_dagrun for example_complex to None, run_after=None
[2026-01-05T17:34:05.127+0000] {processor.py:208} INFO - Processing /home/airflow/.local/lib/python3.12/site-packages/airflow/example_dags/example_complex.py took 0.110 seconds
[2026-01-05T17:34:35.789+0000] {processor.py:186} INFO - Started process (PID=2310) to work on /home/airflow/.local/lib/python3.12/site-packages/airflow/example_dags/example_complex.py
[2026-01-05T17:34:35.790+0000] {processor.py:914} INFO - Processing file /home/airflow/.local/lib/python3.12/site-packages/airflow/example_dags/example_complex.py for tasks to queue
[2026-01-05T17:34:35.793+0000] {logging_mixin.py:190} INFO - [2026-01-05T17:34:35.793+0000] {dagbag.py:587} INFO - Filling up the DagBag from /home/airflow/.local/lib/python3.12/site-packages/airflow/example_dags/example_complex.py
[2026-01-05T17:34:35.804+0000] {processor.py:925} INFO - DAG(s) 'example_complex' retrieved from /home/airflow/.local/lib/python3.12/site-packages/airflow/example_dags/example_complex.py
[2026-01-05T17:34:35.838+0000] {logging_mixin.py:190} INFO - [2026-01-05T17:34:35.837+0000] {dag.py:3211} INFO - Sync 1 DAGs
[2026-01-05T17:34:35.859+0000] {logging_mixin.py:190} INFO - [2026-01-05T17:34:35.858+0000] {dag.py:4138} INFO - Setting next_dagrun for example_complex to None, run_after=None
[2026-01-05T17:34:35.879+0000] {processor.py:208} INFO - Processing /home/airflow/.local/lib/python3.12/site-packages/airflow/example_dags/example_complex.py took 0.097 seconds
[2026-01-05T17:35:06.329+0000] {processor.py:186} INFO - Started process (PID=2376) to work on /home/airflow/.local/lib/python3.12/site-packages/airflow/example_dags/example_complex.py
[2026-01-05T17:35:06.330+0000] {processor.py:914} INFO - Processing file /home/airflow/.local/lib/python3.12/site-packages/airflow/example_dags/example_complex.py for tasks to queue
[2026-01-05T17:35:06.333+0000] {logging_mixin.py:190} INFO - [2026-01-05T17:35:06.333+0000] {dagbag.py:587} INFO - Filling up the DagBag from /home/airflow/.local/lib/python3.12/site-packages/airflow/example_dags/example_complex.py
[2026-01-05T17:35:06.344+0000] {processor.py:925} INFO - DAG(s) 'example_complex' retrieved from /home/airflow/.local/lib/python3.12/site-packages/airflow/example_dags/example_complex.py
[2026-01-05T17:35:06.377+0000] {logging_mixin.py:190} INFO - [2026-01-05T17:35:06.377+0000] {dag.py:3211} INFO - Sync 1 DAGs
[2026-01-05T17:35:06.396+0000] {logging_mixin.py:190} INFO - [2026-01-05T17:35:06.395+0000] {dag.py:4138} INFO - Setting next_dagrun for example_complex to None, run_after=None
[2026-01-05T17:35:06.417+0000] {processor.py:208} INFO - Processing /home/airflow/.local/lib/python3.12/site-packages/airflow/example_dags/example_complex.py took 0.094 seconds
[2026-01-05T17:35:37.134+0000] {processor.py:186} INFO - Started process (PID=2443) to work on /home/airflow/.local/lib/python3.12/site-packages/airflow/example_dags/example_complex.py
[2026-01-05T17:35:37.135+0000] {processor.py:914} INFO - Processing file /home/airflow/.local/lib/python3.12/site-packages/airflow/example_dags/example_complex.py for tasks to queue
[2026-01-05T17:35:37.138+0000] {logging_mixin.py:190} INFO - [2026-01-05T17:35:37.138+0000] {dagbag.py:587} INFO - Filling up the DagBag from /home/airflow/.local/lib/python3.12/site-packages/airflow/example_dags/example_complex.py
[2026-01-05T17:35:37.152+0000] {processor.py:925} INFO - DAG(s) 'example_complex' retrieved from /home/airflow/.local/lib/python3.12/site-packages/airflow/example_dags/example_complex.py
[2026-01-05T17:35:37.192+0000] {logging_mixin.py:190} INFO - [2026-01-05T17:35:37.192+0000] {dag.py:3211} INFO - Sync 1 DAGs
[2026-01-05T17:35:37.209+0000] {logging_mixin.py:190} INFO - [2026-01-05T17:35:37.209+0000] {dag.py:4138} INFO - Setting next_dagrun for example_complex to None, run_after=None
[2026-01-05T17:35:37.235+0000] {processor.py:208} INFO - Processing /home/airflow/.local/lib/python3.12/site-packages/airflow/example_dags/example_complex.py took 0.108 seconds
[2026-01-05T17:36:07.984+0000] {processor.py:186} INFO - Started process (PID=2509) to work on /home/airflow/.local/lib/python3.12/site-packages/airflow/example_dags/example_complex.py
[2026-01-05T17:36:07.985+0000] {processor.py:914} INFO - Processing file /home/airflow/.local/lib/python3.12/site-packages/airflow/example_dags/example_complex.py for tasks to queue
[2026-01-05T17:36:07.989+0000] {logging_mixin.py:190} INFO - [2026-01-05T17:36:07.989+0000] {dagbag.py:587} INFO - Filling up the DagBag from /home/airflow/.local/lib/python3.12/site-packages/airflow/example_dags/example_complex.py
[2026-01-05T17:36:07.999+0000] {processor.py:925} INFO - DAG(s) 'example_complex' retrieved from /home/airflow/.local/lib/python3.12/site-packages/airflow/example_dags/example_complex.py
[2026-01-05T17:36:08.041+0000] {logging_mixin.py:190} INFO - [2026-01-05T17:36:08.041+0000] {dag.py:3211} INFO - Sync 1 DAGs
[2026-01-05T17:36:08.056+0000] {logging_mixin.py:190} INFO - [2026-01-05T17:36:08.056+0000] {dag.py:4138} INFO - Setting next_dagrun for example_complex to None, run_after=None
[2026-01-05T17:36:08.079+0000] {processor.py:208} INFO - Processing /home/airflow/.local/lib/python3.12/site-packages/airflow/example_dags/example_complex.py took 0.104 seconds
[2026-01-05T17:36:38.753+0000] {processor.py:186} INFO - Started process (PID=2575) to work on /home/airflow/.local/lib/python3.12/site-packages/airflow/example_dags/example_complex.py
[2026-01-05T17:36:38.754+0000] {processor.py:914} INFO - Processing file /home/airflow/.local/lib/python3.12/site-packages/airflow/example_dags/example_complex.py for tasks to queue
[2026-01-05T17:36:38.757+0000] {logging_mixin.py:190} INFO - [2026-01-05T17:36:38.757+0000] {dagbag.py:587} INFO - Filling up the DagBag from /home/airflow/.local/lib/python3.12/site-packages/airflow/example_dags/example_complex.py
[2026-01-05T17:36:38.773+0000] {processor.py:925} INFO - DAG(s) 'example_complex' retrieved from /home/airflow/.local/lib/python3.12/site-packages/airflow/example_dags/example_complex.py
[2026-01-05T17:36:38.816+0000] {logging_mixin.py:190} INFO - [2026-01-05T17:36:38.815+0000] {dag.py:3211} INFO - Sync 1 DAGs
[2026-01-05T17:36:38.834+0000] {logging_mixin.py:190} INFO - [2026-01-05T17:36:38.834+0000] {dag.py:4138} INFO - Setting next_dagrun for example_complex to None, run_after=None
[2026-01-05T17:36:38.857+0000] {processor.py:208} INFO - Processing /home/airflow/.local/lib/python3.12/site-packages/airflow/example_dags/example_complex.py took 0.111 seconds
[2026-01-05T17:37:08.956+0000] {processor.py:186} INFO - Started process (PID=2641) to work on /home/airflow/.local/lib/python3.12/site-packages/airflow/example_dags/example_complex.py
[2026-01-05T17:37:08.957+0000] {processor.py:914} INFO - Processing file /home/airflow/.local/lib/python3.12/site-packages/airflow/example_dags/example_complex.py for tasks to queue
[2026-01-05T17:37:08.961+0000] {logging_mixin.py:190} INFO - [2026-01-05T17:37:08.961+0000] {dagbag.py:587} INFO - Filling up the DagBag from /home/airflow/.local/lib/python3.12/site-packages/airflow/example_dags/example_complex.py
[2026-01-05T17:37:08.972+0000] {processor.py:925} INFO - DAG(s) 'example_complex' retrieved from /home/airflow/.local/lib/python3.12/site-packages/airflow/example_dags/example_complex.py
[2026-01-05T17:37:09.029+0000] {logging_mixin.py:190} INFO - [2026-01-05T17:37:09.029+0000] {dag.py:3211} INFO - Sync 1 DAGs
[2026-01-05T17:37:09.047+0000] {logging_mixin.py:190} INFO - [2026-01-05T17:37:09.047+0000] {dag.py:4138} INFO - Setting next_dagrun for example_complex to None, run_after=None
[2026-01-05T17:37:09.070+0000] {processor.py:208} INFO - Processing /home/airflow/.local/lib/python3.12/site-packages/airflow/example_dags/example_complex.py took 0.120 seconds
[2026-01-05T17:37:39.616+0000] {processor.py:186} INFO - Started process (PID=2707) to work on /home/airflow/.local/lib/python3.12/site-packages/airflow/example_dags/example_complex.py
[2026-01-05T17:37:39.618+0000] {processor.py:914} INFO - Processing file /home/airflow/.local/lib/python3.12/site-packages/airflow/example_dags/example_complex.py for tasks to queue
[2026-01-05T17:37:39.624+0000] {logging_mixin.py:190} INFO - [2026-01-05T17:37:39.623+0000] {dagbag.py:587} INFO - Filling up the DagBag from /home/airflow/.local/lib/python3.12/site-packages/airflow/example_dags/example_complex.py
[2026-01-05T17:37:39.646+0000] {processor.py:925} INFO - DAG(s) 'example_complex' retrieved from /home/airflow/.local/lib/python3.12/site-packages/airflow/example_dags/example_complex.py
[2026-01-05T17:37:39.690+0000] {logging_mixin.py:190} INFO - [2026-01-05T17:37:39.690+0000] {dag.py:3211} INFO - Sync 1 DAGs
[2026-01-05T17:37:39.710+0000] {logging_mixin.py:190} INFO - [2026-01-05T17:37:39.709+0000] {dag.py:4138} INFO - Setting next_dagrun for example_complex to None, run_after=None
[2026-01-05T17:37:39.744+0000] {processor.py:208} INFO - Processing /home/airflow/.local/lib/python3.12/site-packages/airflow/example_dags/example_complex.py took 0.147 seconds
[2026-01-05T17:38:10.127+0000] {processor.py:186} INFO - Started process (PID=2773) to work on /home/airflow/.local/lib/python3.12/site-packages/airflow/example_dags/example_complex.py
[2026-01-05T17:38:10.129+0000] {processor.py:914} INFO - Processing file /home/airflow/.local/lib/python3.12/site-packages/airflow/example_dags/example_complex.py for tasks to queue
[2026-01-05T17:38:10.136+0000] {logging_mixin.py:190} INFO - [2026-01-05T17:38:10.135+0000] {dagbag.py:587} INFO - Filling up the DagBag from /home/airflow/.local/lib/python3.12/site-packages/airflow/example_dags/example_complex.py
[2026-01-05T17:38:10.153+0000] {processor.py:925} INFO - DAG(s) 'example_complex' retrieved from /home/airflow/.local/lib/python3.12/site-packages/airflow/example_dags/example_complex.py
[2026-01-05T17:38:10.207+0000] {logging_mixin.py:190} INFO - [2026-01-05T17:38:10.206+0000] {dag.py:3211} INFO - Sync 1 DAGs
[2026-01-05T17:38:10.227+0000] {logging_mixin.py:190} INFO - [2026-01-05T17:38:10.227+0000] {dag.py:4138} INFO - Setting next_dagrun for example_complex to None, run_after=None
[2026-01-05T17:38:10.255+0000] {processor.py:208} INFO - Processing /home/airflow/.local/lib/python3.12/site-packages/airflow/example_dags/example_complex.py took 0.137 seconds
[2026-01-05T17:38:40.781+0000] {processor.py:186} INFO - Started process (PID=2839) to work on /home/airflow/.local/lib/python3.12/site-packages/airflow/example_dags/example_complex.py
[2026-01-05T17:38:40.782+0000] {processor.py:914} INFO - Processing file /home/airflow/.local/lib/python3.12/site-packages/airflow/example_dags/example_complex.py for tasks to queue
[2026-01-05T17:38:40.786+0000] {logging_mixin.py:190} INFO - [2026-01-05T17:38:40.785+0000] {dagbag.py:587} INFO - Filling up the DagBag from /home/airflow/.local/lib/python3.12/site-packages/airflow/example_dags/example_complex.py
[2026-01-05T17:38:40.803+0000] {processor.py:925} INFO - DAG(s) 'example_complex' retrieved from /home/airflow/.local/lib/python3.12/site-packages/airflow/example_dags/example_complex.py
[2026-01-05T17:38:40.849+0000] {logging_mixin.py:190} INFO - [2026-01-05T17:38:40.849+0000] {dag.py:3211} INFO - Sync 1 DAGs
[2026-01-05T17:38:40.873+0000] {logging_mixin.py:190} INFO - [2026-01-05T17:38:40.873+0000] {dag.py:4138} INFO - Setting next_dagrun for example_complex to None, run_after=None
[2026-01-05T17:38:40.894+0000] {processor.py:208} INFO - Processing /home/airflow/.local/lib/python3.12/site-packages/airflow/example_dags/example_complex.py took 0.123 seconds
[2026-01-05T17:39:11.909+0000] {processor.py:186} INFO - Started process (PID=2905) to work on /home/airflow/.local/lib/python3.12/site-packages/airflow/example_dags/example_complex.py
[2026-01-05T17:39:11.911+0000] {processor.py:914} INFO - Processing file /home/airflow/.local/lib/python3.12/site-packages/airflow/example_dags/example_complex.py for tasks to queue
[2026-01-05T17:39:11.913+0000] {logging_mixin.py:190} INFO - [2026-01-05T17:39:11.913+0000] {dagbag.py:587} INFO - Filling up the DagBag from /home/airflow/.local/lib/python3.12/site-packages/airflow/example_dags/example_complex.py
[2026-01-05T17:39:11.927+0000] {processor.py:925} INFO - DAG(s) 'example_complex' retrieved from /home/airflow/.local/lib/python3.12/site-packages/airflow/example_dags/example_complex.py
[2026-01-05T17:39:11.958+0000] {logging_mixin.py:190} INFO - [2026-01-05T17:39:11.958+0000] {dag.py:3211} INFO - Sync 1 DAGs
[2026-01-05T17:39:11.976+0000] {logging_mixin.py:190} INFO - [2026-01-05T17:39:11.976+0000] {dag.py:4138} INFO - Setting next_dagrun for example_complex to None, run_after=None
[2026-01-05T17:39:11.997+0000] {processor.py:208} INFO - Processing /home/airflow/.local/lib/python3.12/site-packages/airflow/example_dags/example_complex.py took 0.095 seconds
[2026-01-05T17:39:42.530+0000] {processor.py:186} INFO - Started process (PID=2971) to work on /home/airflow/.local/lib/python3.12/site-packages/airflow/example_dags/example_complex.py
[2026-01-05T17:39:42.531+0000] {processor.py:914} INFO - Processing file /home/airflow/.local/lib/python3.12/site-packages/airflow/example_dags/example_complex.py for tasks to queue
[2026-01-05T17:39:42.535+0000] {logging_mixin.py:190} INFO - [2026-01-05T17:39:42.535+0000] {dagbag.py:587} INFO - Filling up the DagBag from /home/airflow/.local/lib/python3.12/site-packages/airflow/example_dags/example_complex.py
[2026-01-05T17:39:42.544+0000] {processor.py:925} INFO - DAG(s) 'example_complex' retrieved from /home/airflow/.local/lib/python3.12/site-packages/airflow/example_dags/example_complex.py
[2026-01-05T17:39:42.576+0000] {logging_mixin.py:190} INFO - [2026-01-05T17:39:42.576+0000] {dag.py:3211} INFO - Sync 1 DAGs
[2026-01-05T17:39:42.592+0000] {logging_mixin.py:190} INFO - [2026-01-05T17:39:42.592+0000] {dag.py:4138} INFO - Setting next_dagrun for example_complex to None, run_after=None
[2026-01-05T17:39:42.612+0000] {processor.py:208} INFO - Processing /home/airflow/.local/lib/python3.12/site-packages/airflow/example_dags/example_complex.py took 0.088 seconds
[2026-01-05T17:40:13.117+0000] {processor.py:186} INFO - Started process (PID=3037) to work on /home/airflow/.local/lib/python3.12/site-packages/airflow/example_dags/example_complex.py
[2026-01-05T17:40:13.120+0000] {processor.py:914} INFO - Processing file /home/airflow/.local/lib/python3.12/site-packages/airflow/example_dags/example_complex.py for tasks to queue
[2026-01-05T17:40:13.123+0000] {logging_mixin.py:190} INFO - [2026-01-05T17:40:13.123+0000] {dagbag.py:587} INFO - Filling up the DagBag from /home/airflow/.local/lib/python3.12/site-packages/airflow/example_dags/example_complex.py
[2026-01-05T17:40:13.137+0000] {processor.py:925} INFO - DAG(s) 'example_complex' retrieved from /home/airflow/.local/lib/python3.12/site-packages/airflow/example_dags/example_complex.py
[2026-01-05T17:40:13.193+0000] {logging_mixin.py:190} INFO - [2026-01-05T17:40:13.192+0000] {dag.py:3211} INFO - Sync 1 DAGs
[2026-01-05T17:40:13.219+0000] {logging_mixin.py:190} INFO - [2026-01-05T17:40:13.219+0000] {dag.py:4138} INFO - Setting next_dagrun for example_complex to None, run_after=None
[2026-01-05T17:40:13.257+0000] {processor.py:208} INFO - Processing /home/airflow/.local/lib/python3.12/site-packages/airflow/example_dags/example_complex.py took 0.149 seconds
[2026-01-05T17:40:43.365+0000] {processor.py:186} INFO - Started process (PID=3103) to work on /home/airflow/.local/lib/python3.12/site-packages/airflow/example_dags/example_complex.py
[2026-01-05T17:40:43.366+0000] {processor.py:914} INFO - Processing file /home/airflow/.local/lib/python3.12/site-packages/airflow/example_dags/example_complex.py for tasks to queue
[2026-01-05T17:40:43.371+0000] {logging_mixin.py:190} INFO - [2026-01-05T17:40:43.370+0000] {dagbag.py:587} INFO - Filling up the DagBag from /home/airflow/.local/lib/python3.12/site-packages/airflow/example_dags/example_complex.py
[2026-01-05T17:40:43.382+0000] {processor.py:925} INFO - DAG(s) 'example_complex' retrieved from /home/airflow/.local/lib/python3.12/site-packages/airflow/example_dags/example_complex.py
[2026-01-05T17:40:43.421+0000] {logging_mixin.py:190} INFO - [2026-01-05T17:40:43.420+0000] {dag.py:3211} INFO - Sync 1 DAGs
[2026-01-05T17:40:43.437+0000] {logging_mixin.py:190} INFO - [2026-01-05T17:40:43.437+0000] {dag.py:4138} INFO - Setting next_dagrun for example_complex to None, run_after=None
[2026-01-05T17:40:43.461+0000] {processor.py:208} INFO - Processing /home/airflow/.local/lib/python3.12/site-packages/airflow/example_dags/example_complex.py took 0.106 seconds
[2026-01-05T17:41:13.602+0000] {processor.py:186} INFO - Started process (PID=3169) to work on /home/airflow/.local/lib/python3.12/site-packages/airflow/example_dags/example_complex.py
[2026-01-05T17:41:13.604+0000] {processor.py:914} INFO - Processing file /home/airflow/.local/lib/python3.12/site-packages/airflow/example_dags/example_complex.py for tasks to queue
[2026-01-05T17:41:13.609+0000] {logging_mixin.py:190} INFO - [2026-01-05T17:41:13.608+0000] {dagbag.py:587} INFO - Filling up the DagBag from /home/airflow/.local/lib/python3.12/site-packages/airflow/example_dags/example_complex.py
[2026-01-05T17:41:13.629+0000] {processor.py:925} INFO - DAG(s) 'example_complex' retrieved from /home/airflow/.local/lib/python3.12/site-packages/airflow/example_dags/example_complex.py
[2026-01-05T17:41:13.681+0000] {logging_mixin.py:190} INFO - [2026-01-05T17:41:13.681+0000] {dag.py:3211} INFO - Sync 1 DAGs
[2026-01-05T17:41:13.699+0000] {logging_mixin.py:190} INFO - [2026-01-05T17:41:13.699+0000] {dag.py:4138} INFO - Setting next_dagrun for example_complex to None, run_after=None
[2026-01-05T17:41:13.722+0000] {processor.py:208} INFO - Processing /home/airflow/.local/lib/python3.12/site-packages/airflow/example_dags/example_complex.py took 0.132 seconds
[2026-01-05T17:41:43.910+0000] {processor.py:186} INFO - Started process (PID=3235) to work on /home/airflow/.local/lib/python3.12/site-packages/airflow/example_dags/example_complex.py
[2026-01-05T17:41:43.911+0000] {processor.py:914} INFO - Processing file /home/airflow/.local/lib/python3.12/site-packages/airflow/example_dags/example_complex.py for tasks to queue
[2026-01-05T17:41:43.915+0000] {logging_mixin.py:190} INFO - [2026-01-05T17:41:43.915+0000] {dagbag.py:587} INFO - Filling up the DagBag from /home/airflow/.local/lib/python3.12/site-packages/airflow/example_dags/example_complex.py
[2026-01-05T17:41:43.930+0000] {processor.py:925} INFO - DAG(s) 'example_complex' retrieved from /home/airflow/.local/lib/python3.12/site-packages/airflow/example_dags/example_complex.py
[2026-01-05T17:41:43.962+0000] {logging_mixin.py:190} INFO - [2026-01-05T17:41:43.962+0000] {dag.py:3211} INFO - Sync 1 DAGs
[2026-01-05T17:41:43.979+0000] {logging_mixin.py:190} INFO - [2026-01-05T17:41:43.978+0000] {dag.py:4138} INFO - Setting next_dagrun for example_complex to None, run_after=None
[2026-01-05T17:41:44.004+0000] {processor.py:208} INFO - Processing /home/airflow/.local/lib/python3.12/site-packages/airflow/example_dags/example_complex.py took 0.104 seconds
[2026-01-05T17:42:14.327+0000] {processor.py:186} INFO - Started process (PID=3301) to work on /home/airflow/.local/lib/python3.12/site-packages/airflow/example_dags/example_complex.py
[2026-01-05T17:42:14.329+0000] {processor.py:914} INFO - Processing file /home/airflow/.local/lib/python3.12/site-packages/airflow/example_dags/example_complex.py for tasks to queue
[2026-01-05T17:42:14.333+0000] {logging_mixin.py:190} INFO - [2026-01-05T17:42:14.332+0000] {dagbag.py:587} INFO - Filling up the DagBag from /home/airflow/.local/lib/python3.12/site-packages/airflow/example_dags/example_complex.py
[2026-01-05T17:42:14.346+0000] {processor.py:925} INFO - DAG(s) 'example_complex' retrieved from /home/airflow/.local/lib/python3.12/site-packages/airflow/example_dags/example_complex.py
[2026-01-05T17:42:14.387+0000] {logging_mixin.py:190} INFO - [2026-01-05T17:42:14.387+0000] {dag.py:3211} INFO - Sync 1 DAGs
[2026-01-05T17:42:14.409+0000] {logging_mixin.py:190} INFO - [2026-01-05T17:42:14.409+0000] {dag.py:4138} INFO - Setting next_dagrun for example_complex to None, run_after=None
[2026-01-05T17:42:14.437+0000] {processor.py:208} INFO - Processing /home/airflow/.local/lib/python3.12/site-packages/airflow/example_dags/example_complex.py took 0.120 seconds
[2026-01-05T17:42:44.782+0000] {processor.py:186} INFO - Started process (PID=3367) to work on /home/airflow/.local/lib/python3.12/site-packages/airflow/example_dags/example_complex.py
[2026-01-05T17:42:44.783+0000] {processor.py:914} INFO - Processing file /home/airflow/.local/lib/python3.12/site-packages/airflow/example_dags/example_complex.py for tasks to queue
[2026-01-05T17:42:44.787+0000] {logging_mixin.py:190} INFO - [2026-01-05T17:42:44.787+0000] {dagbag.py:587} INFO - Filling up the DagBag from /home/airflow/.local/lib/python3.12/site-packages/airflow/example_dags/example_complex.py
[2026-01-05T17:42:44.802+0000] {processor.py:925} INFO - DAG(s) 'example_complex' retrieved from /home/airflow/.local/lib/python3.12/site-packages/airflow/example_dags/example_complex.py
[2026-01-05T17:42:44.842+0000] {logging_mixin.py:190} INFO - [2026-01-05T17:42:44.842+0000] {dag.py:3211} INFO - Sync 1 DAGs
[2026-01-05T17:42:44.862+0000] {logging_mixin.py:190} INFO - [2026-01-05T17:42:44.861+0000] {dag.py:4138} INFO - Setting next_dagrun for example_complex to None, run_after=None
[2026-01-05T17:42:44.893+0000] {processor.py:208} INFO - Processing /home/airflow/.local/lib/python3.12/site-packages/airflow/example_dags/example_complex.py took 0.120 seconds
[2026-01-05T17:43:15.044+0000] {processor.py:186} INFO - Started process (PID=3433) to work on /home/airflow/.local/lib/python3.12/site-packages/airflow/example_dags/example_complex.py
[2026-01-05T17:43:15.045+0000] {processor.py:914} INFO - Processing file /home/airflow/.local/lib/python3.12/site-packages/airflow/example_dags/example_complex.py for tasks to queue
[2026-01-05T17:43:15.048+0000] {logging_mixin.py:190} INFO - [2026-01-05T17:43:15.048+0000] {dagbag.py:587} INFO - Filling up the DagBag from /home/airflow/.local/lib/python3.12/site-packages/airflow/example_dags/example_complex.py
[2026-01-05T17:43:15.062+0000] {processor.py:925} INFO - DAG(s) 'example_complex' retrieved from /home/airflow/.local/lib/python3.12/site-packages/airflow/example_dags/example_complex.py
[2026-01-05T17:43:15.108+0000] {logging_mixin.py:190} INFO - [2026-01-05T17:43:15.108+0000] {dag.py:3211} INFO - Sync 1 DAGs
[2026-01-05T17:43:15.128+0000] {logging_mixin.py:190} INFO - [2026-01-05T17:43:15.128+0000] {dag.py:4138} INFO - Setting next_dagrun for example_complex to None, run_after=None
[2026-01-05T17:43:15.157+0000] {processor.py:208} INFO - Processing /home/airflow/.local/lib/python3.12/site-packages/airflow/example_dags/example_complex.py took 0.123 seconds
[2026-01-05T17:43:45.224+0000] {processor.py:186} INFO - Started process (PID=3499) to work on /home/airflow/.local/lib/python3.12/site-packages/airflow/example_dags/example_complex.py
[2026-01-05T17:43:45.226+0000] {processor.py:914} INFO - Processing file /home/airflow/.local/lib/python3.12/site-packages/airflow/example_dags/example_complex.py for tasks to queue
[2026-01-05T17:43:45.230+0000] {logging_mixin.py:190} INFO - [2026-01-05T17:43:45.229+0000] {dagbag.py:587} INFO - Filling up the DagBag from /home/airflow/.local/lib/python3.12/site-packages/airflow/example_dags/example_complex.py
[2026-01-05T17:43:45.242+0000] {processor.py:925} INFO - DAG(s) 'example_complex' retrieved from /home/airflow/.local/lib/python3.12/site-packages/airflow/example_dags/example_complex.py
[2026-01-05T17:43:45.289+0000] {logging_mixin.py:190} INFO - [2026-01-05T17:43:45.288+0000] {dag.py:3211} INFO - Sync 1 DAGs
[2026-01-05T17:43:45.306+0000] {logging_mixin.py:190} INFO - [2026-01-05T17:43:45.306+0000] {dag.py:4138} INFO - Setting next_dagrun for example_complex to None, run_after=None
[2026-01-05T17:43:45.334+0000] {processor.py:208} INFO - Processing /home/airflow/.local/lib/python3.12/site-packages/airflow/example_dags/example_complex.py took 0.118 seconds
[2026-01-05T17:44:16.041+0000] {processor.py:186} INFO - Started process (PID=3565) to work on /home/airflow/.local/lib/python3.12/site-packages/airflow/example_dags/example_complex.py
[2026-01-05T17:44:16.042+0000] {processor.py:914} INFO - Processing file /home/airflow/.local/lib/python3.12/site-packages/airflow/example_dags/example_complex.py for tasks to queue
[2026-01-05T17:44:16.046+0000] {logging_mixin.py:190} INFO - [2026-01-05T17:44:16.045+0000] {dagbag.py:587} INFO - Filling up the DagBag from /home/airflow/.local/lib/python3.12/site-packages/airflow/example_dags/example_complex.py
[2026-01-05T17:44:16.058+0000] {processor.py:925} INFO - DAG(s) 'example_complex' retrieved from /home/airflow/.local/lib/python3.12/site-packages/airflow/example_dags/example_complex.py
[2026-01-05T17:44:16.101+0000] {logging_mixin.py:190} INFO - [2026-01-05T17:44:16.101+0000] {dag.py:3211} INFO - Sync 1 DAGs
[2026-01-05T17:44:16.122+0000] {logging_mixin.py:190} INFO - [2026-01-05T17:44:16.122+0000] {dag.py:4138} INFO - Setting next_dagrun for example_complex to None, run_after=None
[2026-01-05T17:44:16.149+0000] {processor.py:208} INFO - Processing /home/airflow/.local/lib/python3.12/site-packages/airflow/example_dags/example_complex.py took 0.117 seconds
[2026-01-05T17:44:46.525+0000] {processor.py:186} INFO - Started process (PID=3632) to work on /home/airflow/.local/lib/python3.12/site-packages/airflow/example_dags/example_complex.py
[2026-01-05T17:44:46.526+0000] {processor.py:914} INFO - Processing file /home/airflow/.local/lib/python3.12/site-packages/airflow/example_dags/example_complex.py for tasks to queue
[2026-01-05T17:44:46.530+0000] {logging_mixin.py:190} INFO - [2026-01-05T17:44:46.529+0000] {dagbag.py:587} INFO - Filling up the DagBag from /home/airflow/.local/lib/python3.12/site-packages/airflow/example_dags/example_complex.py
[2026-01-05T17:44:46.545+0000] {processor.py:925} INFO - DAG(s) 'example_complex' retrieved from /home/airflow/.local/lib/python3.12/site-packages/airflow/example_dags/example_complex.py
[2026-01-05T17:44:46.587+0000] {logging_mixin.py:190} INFO - [2026-01-05T17:44:46.587+0000] {dag.py:3211} INFO - Sync 1 DAGs
[2026-01-05T17:44:46.605+0000] {logging_mixin.py:190} INFO - [2026-01-05T17:44:46.605+0000] {dag.py:4138} INFO - Setting next_dagrun for example_complex to None, run_after=None
[2026-01-05T17:44:46.633+0000] {processor.py:208} INFO - Processing /home/airflow/.local/lib/python3.12/site-packages/airflow/example_dags/example_complex.py took 0.115 seconds
