[2026-01-05T17:17:56.806+0000] {processor.py:186} INFO - Started process (PID=175) to work on /home/airflow/.local/lib/python3.12/site-packages/airflow/example_dags/example_params_ui_tutorial.py
[2026-01-05T17:17:56.808+0000] {processor.py:914} INFO - Processing file /home/airflow/.local/lib/python3.12/site-packages/airflow/example_dags/example_params_ui_tutorial.py for tasks to queue
[2026-01-05T17:17:56.813+0000] {logging_mixin.py:190} INFO - [2026-01-05T17:17:56.812+0000] {dagbag.py:587} INFO - Filling up the DagBag from /home/airflow/.local/lib/python3.12/site-packages/airflow/example_dags/example_params_ui_tutorial.py
[2026-01-05T17:17:56.833+0000] {processor.py:925} INFO - DAG(s) 'example_params_ui_tutorial' retrieved from /home/airflow/.local/lib/python3.12/site-packages/airflow/example_dags/example_params_ui_tutorial.py
[2026-01-05T17:17:57.088+0000] {logging_mixin.py:190} INFO - [2026-01-05T17:17:57.087+0000] {dag.py:3211} INFO - Sync 1 DAGs
[2026-01-05T17:17:57.122+0000] {logging_mixin.py:190} INFO - [2026-01-05T17:17:57.122+0000] {dag.py:4138} INFO - Setting next_dagrun for example_params_ui_tutorial to None, run_after=None
[2026-01-05T17:17:57.177+0000] {processor.py:208} INFO - Processing /home/airflow/.local/lib/python3.12/site-packages/airflow/example_dags/example_params_ui_tutorial.py took 0.385 seconds
[2026-01-05T17:18:29.751+0000] {processor.py:186} INFO - Started process (PID=241) to work on /home/airflow/.local/lib/python3.12/site-packages/airflow/example_dags/example_params_ui_tutorial.py
[2026-01-05T17:18:29.753+0000] {processor.py:914} INFO - Processing file /home/airflow/.local/lib/python3.12/site-packages/airflow/example_dags/example_params_ui_tutorial.py for tasks to queue
[2026-01-05T17:18:29.757+0000] {logging_mixin.py:190} INFO - [2026-01-05T17:18:29.757+0000] {dagbag.py:587} INFO - Filling up the DagBag from /home/airflow/.local/lib/python3.12/site-packages/airflow/example_dags/example_params_ui_tutorial.py
[2026-01-05T17:18:29.771+0000] {processor.py:925} INFO - DAG(s) 'example_params_ui_tutorial' retrieved from /home/airflow/.local/lib/python3.12/site-packages/airflow/example_dags/example_params_ui_tutorial.py
[2026-01-05T17:18:29.862+0000] {logging_mixin.py:190} INFO - [2026-01-05T17:18:29.861+0000] {dag.py:3211} INFO - Sync 1 DAGs
[2026-01-05T17:18:29.892+0000] {logging_mixin.py:190} INFO - [2026-01-05T17:18:29.892+0000] {dag.py:4138} INFO - Setting next_dagrun for example_params_ui_tutorial to None, run_after=None
[2026-01-05T17:18:29.918+0000] {processor.py:208} INFO - Processing /home/airflow/.local/lib/python3.12/site-packages/airflow/example_dags/example_params_ui_tutorial.py took 0.176 seconds
[2026-01-05T17:19:00.467+0000] {processor.py:186} INFO - Started process (PID=307) to work on /home/airflow/.local/lib/python3.12/site-packages/airflow/example_dags/example_params_ui_tutorial.py
[2026-01-05T17:19:00.469+0000] {processor.py:914} INFO - Processing file /home/airflow/.local/lib/python3.12/site-packages/airflow/example_dags/example_params_ui_tutorial.py for tasks to queue
[2026-01-05T17:19:00.473+0000] {logging_mixin.py:190} INFO - [2026-01-05T17:19:00.473+0000] {dagbag.py:587} INFO - Filling up the DagBag from /home/airflow/.local/lib/python3.12/site-packages/airflow/example_dags/example_params_ui_tutorial.py
[2026-01-05T17:19:00.484+0000] {processor.py:925} INFO - DAG(s) 'example_params_ui_tutorial' retrieved from /home/airflow/.local/lib/python3.12/site-packages/airflow/example_dags/example_params_ui_tutorial.py
[2026-01-05T17:19:00.537+0000] {logging_mixin.py:190} INFO - [2026-01-05T17:19:00.537+0000] {dag.py:3211} INFO - Sync 1 DAGs
[2026-01-05T17:19:00.555+0000] {logging_mixin.py:190} INFO - [2026-01-05T17:19:00.555+0000] {dag.py:4138} INFO - Setting next_dagrun for example_params_ui_tutorial to None, run_after=None
[2026-01-05T17:19:00.579+0000] {processor.py:208} INFO - Processing /home/airflow/.local/lib/python3.12/site-packages/airflow/example_dags/example_params_ui_tutorial.py took 0.122 seconds
[2026-01-05T17:19:31.232+0000] {processor.py:186} INFO - Started process (PID=373) to work on /home/airflow/.local/lib/python3.12/site-packages/airflow/example_dags/example_params_ui_tutorial.py
[2026-01-05T17:19:31.236+0000] {processor.py:914} INFO - Processing file /home/airflow/.local/lib/python3.12/site-packages/airflow/example_dags/example_params_ui_tutorial.py for tasks to queue
[2026-01-05T17:19:31.241+0000] {logging_mixin.py:190} INFO - [2026-01-05T17:19:31.240+0000] {dagbag.py:587} INFO - Filling up the DagBag from /home/airflow/.local/lib/python3.12/site-packages/airflow/example_dags/example_params_ui_tutorial.py
[2026-01-05T17:19:31.258+0000] {processor.py:925} INFO - DAG(s) 'example_params_ui_tutorial' retrieved from /home/airflow/.local/lib/python3.12/site-packages/airflow/example_dags/example_params_ui_tutorial.py
[2026-01-05T17:19:31.323+0000] {logging_mixin.py:190} INFO - [2026-01-05T17:19:31.322+0000] {dag.py:3211} INFO - Sync 1 DAGs
[2026-01-05T17:19:31.344+0000] {logging_mixin.py:190} INFO - [2026-01-05T17:19:31.343+0000] {dag.py:4138} INFO - Setting next_dagrun for example_params_ui_tutorial to None, run_after=None
[2026-01-05T17:19:31.367+0000] {processor.py:208} INFO - Processing /home/airflow/.local/lib/python3.12/site-packages/airflow/example_dags/example_params_ui_tutorial.py took 0.143 seconds
[2026-01-05T17:20:01.570+0000] {processor.py:186} INFO - Started process (PID=439) to work on /home/airflow/.local/lib/python3.12/site-packages/airflow/example_dags/example_params_ui_tutorial.py
[2026-01-05T17:20:01.572+0000] {processor.py:914} INFO - Processing file /home/airflow/.local/lib/python3.12/site-packages/airflow/example_dags/example_params_ui_tutorial.py for tasks to queue
[2026-01-05T17:20:01.576+0000] {logging_mixin.py:190} INFO - [2026-01-05T17:20:01.576+0000] {dagbag.py:587} INFO - Filling up the DagBag from /home/airflow/.local/lib/python3.12/site-packages/airflow/example_dags/example_params_ui_tutorial.py
[2026-01-05T17:20:01.587+0000] {processor.py:925} INFO - DAG(s) 'example_params_ui_tutorial' retrieved from /home/airflow/.local/lib/python3.12/site-packages/airflow/example_dags/example_params_ui_tutorial.py
[2026-01-05T17:20:01.652+0000] {logging_mixin.py:190} INFO - [2026-01-05T17:20:01.652+0000] {dag.py:3211} INFO - Sync 1 DAGs
[2026-01-05T17:20:01.675+0000] {logging_mixin.py:190} INFO - [2026-01-05T17:20:01.674+0000] {dag.py:4138} INFO - Setting next_dagrun for example_params_ui_tutorial to None, run_after=None
[2026-01-05T17:20:01.700+0000] {processor.py:208} INFO - Processing /home/airflow/.local/lib/python3.12/site-packages/airflow/example_dags/example_params_ui_tutorial.py took 0.139 seconds
[2026-01-05T17:20:34.231+0000] {processor.py:186} INFO - Started process (PID=505) to work on /home/airflow/.local/lib/python3.12/site-packages/airflow/example_dags/example_params_ui_tutorial.py
[2026-01-05T17:20:34.234+0000] {processor.py:914} INFO - Processing file /home/airflow/.local/lib/python3.12/site-packages/airflow/example_dags/example_params_ui_tutorial.py for tasks to queue
[2026-01-05T17:20:34.241+0000] {logging_mixin.py:190} INFO - [2026-01-05T17:20:34.239+0000] {dagbag.py:587} INFO - Filling up the DagBag from /home/airflow/.local/lib/python3.12/site-packages/airflow/example_dags/example_params_ui_tutorial.py
[2026-01-05T17:20:34.263+0000] {processor.py:925} INFO - DAG(s) 'example_params_ui_tutorial' retrieved from /home/airflow/.local/lib/python3.12/site-packages/airflow/example_dags/example_params_ui_tutorial.py
[2026-01-05T17:20:34.381+0000] {logging_mixin.py:190} INFO - [2026-01-05T17:20:34.380+0000] {dag.py:3211} INFO - Sync 1 DAGs
[2026-01-05T17:20:34.423+0000] {logging_mixin.py:190} INFO - [2026-01-05T17:20:34.422+0000] {dag.py:4138} INFO - Setting next_dagrun for example_params_ui_tutorial to None, run_after=None
[2026-01-05T17:20:34.479+0000] {processor.py:208} INFO - Processing /home/airflow/.local/lib/python3.12/site-packages/airflow/example_dags/example_params_ui_tutorial.py took 0.265 seconds
[2026-01-05T17:21:04.902+0000] {processor.py:186} INFO - Started process (PID=571) to work on /home/airflow/.local/lib/python3.12/site-packages/airflow/example_dags/example_params_ui_tutorial.py
[2026-01-05T17:21:04.903+0000] {processor.py:914} INFO - Processing file /home/airflow/.local/lib/python3.12/site-packages/airflow/example_dags/example_params_ui_tutorial.py for tasks to queue
[2026-01-05T17:21:04.905+0000] {logging_mixin.py:190} INFO - [2026-01-05T17:21:04.905+0000] {dagbag.py:587} INFO - Filling up the DagBag from /home/airflow/.local/lib/python3.12/site-packages/airflow/example_dags/example_params_ui_tutorial.py
[2026-01-05T17:21:04.913+0000] {processor.py:925} INFO - DAG(s) 'example_params_ui_tutorial' retrieved from /home/airflow/.local/lib/python3.12/site-packages/airflow/example_dags/example_params_ui_tutorial.py
[2026-01-05T17:21:04.981+0000] {logging_mixin.py:190} INFO - [2026-01-05T17:21:04.980+0000] {dag.py:3211} INFO - Sync 1 DAGs
[2026-01-05T17:21:05.000+0000] {logging_mixin.py:190} INFO - [2026-01-05T17:21:05.000+0000] {dag.py:4138} INFO - Setting next_dagrun for example_params_ui_tutorial to None, run_after=None
[2026-01-05T17:21:05.030+0000] {processor.py:208} INFO - Processing /home/airflow/.local/lib/python3.12/site-packages/airflow/example_dags/example_params_ui_tutorial.py took 0.133 seconds
[2026-01-05T17:21:35.196+0000] {processor.py:186} INFO - Started process (PID=637) to work on /home/airflow/.local/lib/python3.12/site-packages/airflow/example_dags/example_params_ui_tutorial.py
[2026-01-05T17:21:35.198+0000] {processor.py:914} INFO - Processing file /home/airflow/.local/lib/python3.12/site-packages/airflow/example_dags/example_params_ui_tutorial.py for tasks to queue
[2026-01-05T17:21:35.201+0000] {logging_mixin.py:190} INFO - [2026-01-05T17:21:35.200+0000] {dagbag.py:587} INFO - Filling up the DagBag from /home/airflow/.local/lib/python3.12/site-packages/airflow/example_dags/example_params_ui_tutorial.py
[2026-01-05T17:21:35.213+0000] {processor.py:925} INFO - DAG(s) 'example_params_ui_tutorial' retrieved from /home/airflow/.local/lib/python3.12/site-packages/airflow/example_dags/example_params_ui_tutorial.py
[2026-01-05T17:21:35.264+0000] {logging_mixin.py:190} INFO - [2026-01-05T17:21:35.264+0000] {dag.py:3211} INFO - Sync 1 DAGs
[2026-01-05T17:21:35.283+0000] {logging_mixin.py:190} INFO - [2026-01-05T17:21:35.282+0000] {dag.py:4138} INFO - Setting next_dagrun for example_params_ui_tutorial to None, run_after=None
[2026-01-05T17:21:35.303+0000] {processor.py:208} INFO - Processing /home/airflow/.local/lib/python3.12/site-packages/airflow/example_dags/example_params_ui_tutorial.py took 0.115 seconds
[2026-01-05T17:22:06.146+0000] {processor.py:186} INFO - Started process (PID=703) to work on /home/airflow/.local/lib/python3.12/site-packages/airflow/example_dags/example_params_ui_tutorial.py
[2026-01-05T17:22:06.148+0000] {processor.py:914} INFO - Processing file /home/airflow/.local/lib/python3.12/site-packages/airflow/example_dags/example_params_ui_tutorial.py for tasks to queue
[2026-01-05T17:22:06.150+0000] {logging_mixin.py:190} INFO - [2026-01-05T17:22:06.150+0000] {dagbag.py:587} INFO - Filling up the DagBag from /home/airflow/.local/lib/python3.12/site-packages/airflow/example_dags/example_params_ui_tutorial.py
[2026-01-05T17:22:06.160+0000] {processor.py:925} INFO - DAG(s) 'example_params_ui_tutorial' retrieved from /home/airflow/.local/lib/python3.12/site-packages/airflow/example_dags/example_params_ui_tutorial.py
[2026-01-05T17:22:06.218+0000] {logging_mixin.py:190} INFO - [2026-01-05T17:22:06.218+0000] {dag.py:3211} INFO - Sync 1 DAGs
[2026-01-05T17:22:06.238+0000] {logging_mixin.py:190} INFO - [2026-01-05T17:22:06.237+0000] {dag.py:4138} INFO - Setting next_dagrun for example_params_ui_tutorial to None, run_after=None
[2026-01-05T17:22:06.265+0000] {processor.py:208} INFO - Processing /home/airflow/.local/lib/python3.12/site-packages/airflow/example_dags/example_params_ui_tutorial.py took 0.128 seconds
[2026-01-05T17:22:37.536+0000] {processor.py:186} INFO - Started process (PID=770) to work on /home/airflow/.local/lib/python3.12/site-packages/airflow/example_dags/example_params_ui_tutorial.py
[2026-01-05T17:22:37.540+0000] {processor.py:914} INFO - Processing file /home/airflow/.local/lib/python3.12/site-packages/airflow/example_dags/example_params_ui_tutorial.py for tasks to queue
[2026-01-05T17:22:37.556+0000] {logging_mixin.py:190} INFO - [2026-01-05T17:22:37.555+0000] {dagbag.py:587} INFO - Filling up the DagBag from /home/airflow/.local/lib/python3.12/site-packages/airflow/example_dags/example_params_ui_tutorial.py
[2026-01-05T17:22:37.593+0000] {processor.py:925} INFO - DAG(s) 'example_params_ui_tutorial' retrieved from /home/airflow/.local/lib/python3.12/site-packages/airflow/example_dags/example_params_ui_tutorial.py
[2026-01-05T17:22:37.710+0000] {logging_mixin.py:190} INFO - [2026-01-05T17:22:37.709+0000] {dag.py:3211} INFO - Sync 1 DAGs
[2026-01-05T17:22:37.750+0000] {logging_mixin.py:190} INFO - [2026-01-05T17:22:37.749+0000] {dag.py:4138} INFO - Setting next_dagrun for example_params_ui_tutorial to None, run_after=None
[2026-01-05T17:22:37.803+0000] {processor.py:208} INFO - Processing /home/airflow/.local/lib/python3.12/site-packages/airflow/example_dags/example_params_ui_tutorial.py took 0.290 seconds
[2026-01-05T17:23:07.936+0000] {processor.py:186} INFO - Started process (PID=836) to work on /home/airflow/.local/lib/python3.12/site-packages/airflow/example_dags/example_params_ui_tutorial.py
[2026-01-05T17:23:07.938+0000] {processor.py:914} INFO - Processing file /home/airflow/.local/lib/python3.12/site-packages/airflow/example_dags/example_params_ui_tutorial.py for tasks to queue
[2026-01-05T17:23:07.942+0000] {logging_mixin.py:190} INFO - [2026-01-05T17:23:07.942+0000] {dagbag.py:587} INFO - Filling up the DagBag from /home/airflow/.local/lib/python3.12/site-packages/airflow/example_dags/example_params_ui_tutorial.py
[2026-01-05T17:23:07.950+0000] {processor.py:925} INFO - DAG(s) 'example_params_ui_tutorial' retrieved from /home/airflow/.local/lib/python3.12/site-packages/airflow/example_dags/example_params_ui_tutorial.py
[2026-01-05T17:23:08.016+0000] {logging_mixin.py:190} INFO - [2026-01-05T17:23:08.016+0000] {dag.py:3211} INFO - Sync 1 DAGs
[2026-01-05T17:23:08.033+0000] {logging_mixin.py:190} INFO - [2026-01-05T17:23:08.032+0000] {dag.py:4138} INFO - Setting next_dagrun for example_params_ui_tutorial to None, run_after=None
[2026-01-05T17:23:08.057+0000] {processor.py:208} INFO - Processing /home/airflow/.local/lib/python3.12/site-packages/airflow/example_dags/example_params_ui_tutorial.py took 0.130 seconds
[2026-01-05T17:23:38.302+0000] {processor.py:186} INFO - Started process (PID=902) to work on /home/airflow/.local/lib/python3.12/site-packages/airflow/example_dags/example_params_ui_tutorial.py
[2026-01-05T17:23:38.304+0000] {processor.py:914} INFO - Processing file /home/airflow/.local/lib/python3.12/site-packages/airflow/example_dags/example_params_ui_tutorial.py for tasks to queue
[2026-01-05T17:23:38.307+0000] {logging_mixin.py:190} INFO - [2026-01-05T17:23:38.306+0000] {dagbag.py:587} INFO - Filling up the DagBag from /home/airflow/.local/lib/python3.12/site-packages/airflow/example_dags/example_params_ui_tutorial.py
[2026-01-05T17:23:38.314+0000] {processor.py:925} INFO - DAG(s) 'example_params_ui_tutorial' retrieved from /home/airflow/.local/lib/python3.12/site-packages/airflow/example_dags/example_params_ui_tutorial.py
[2026-01-05T17:23:38.356+0000] {logging_mixin.py:190} INFO - [2026-01-05T17:23:38.356+0000] {dag.py:3211} INFO - Sync 1 DAGs
[2026-01-05T17:23:38.373+0000] {logging_mixin.py:190} INFO - [2026-01-05T17:23:38.373+0000] {dag.py:4138} INFO - Setting next_dagrun for example_params_ui_tutorial to None, run_after=None
[2026-01-05T17:23:38.395+0000] {processor.py:208} INFO - Processing /home/airflow/.local/lib/python3.12/site-packages/airflow/example_dags/example_params_ui_tutorial.py took 0.099 seconds
[2026-01-05T17:24:08.684+0000] {processor.py:186} INFO - Started process (PID=968) to work on /home/airflow/.local/lib/python3.12/site-packages/airflow/example_dags/example_params_ui_tutorial.py
[2026-01-05T17:24:08.685+0000] {processor.py:914} INFO - Processing file /home/airflow/.local/lib/python3.12/site-packages/airflow/example_dags/example_params_ui_tutorial.py for tasks to queue
[2026-01-05T17:24:08.689+0000] {logging_mixin.py:190} INFO - [2026-01-05T17:24:08.688+0000] {dagbag.py:587} INFO - Filling up the DagBag from /home/airflow/.local/lib/python3.12/site-packages/airflow/example_dags/example_params_ui_tutorial.py
[2026-01-05T17:24:08.700+0000] {processor.py:925} INFO - DAG(s) 'example_params_ui_tutorial' retrieved from /home/airflow/.local/lib/python3.12/site-packages/airflow/example_dags/example_params_ui_tutorial.py
[2026-01-05T17:24:08.743+0000] {logging_mixin.py:190} INFO - [2026-01-05T17:24:08.743+0000] {dag.py:3211} INFO - Sync 1 DAGs
[2026-01-05T17:24:08.759+0000] {logging_mixin.py:190} INFO - [2026-01-05T17:24:08.759+0000] {dag.py:4138} INFO - Setting next_dagrun for example_params_ui_tutorial to None, run_after=None
[2026-01-05T17:24:08.784+0000] {processor.py:208} INFO - Processing /home/airflow/.local/lib/python3.12/site-packages/airflow/example_dags/example_params_ui_tutorial.py took 0.109 seconds
[2026-01-05T17:24:39.212+0000] {processor.py:186} INFO - Started process (PID=1033) to work on /home/airflow/.local/lib/python3.12/site-packages/airflow/example_dags/example_params_ui_tutorial.py
[2026-01-05T17:24:39.214+0000] {processor.py:914} INFO - Processing file /home/airflow/.local/lib/python3.12/site-packages/airflow/example_dags/example_params_ui_tutorial.py for tasks to queue
[2026-01-05T17:24:39.218+0000] {logging_mixin.py:190} INFO - [2026-01-05T17:24:39.217+0000] {dagbag.py:587} INFO - Filling up the DagBag from /home/airflow/.local/lib/python3.12/site-packages/airflow/example_dags/example_params_ui_tutorial.py
[2026-01-05T17:24:39.229+0000] {processor.py:925} INFO - DAG(s) 'example_params_ui_tutorial' retrieved from /home/airflow/.local/lib/python3.12/site-packages/airflow/example_dags/example_params_ui_tutorial.py
[2026-01-05T17:24:39.281+0000] {logging_mixin.py:190} INFO - [2026-01-05T17:24:39.281+0000] {dag.py:3211} INFO - Sync 1 DAGs
[2026-01-05T17:24:39.300+0000] {logging_mixin.py:190} INFO - [2026-01-05T17:24:39.300+0000] {dag.py:4138} INFO - Setting next_dagrun for example_params_ui_tutorial to None, run_after=None
[2026-01-05T17:24:39.323+0000] {processor.py:208} INFO - Processing /home/airflow/.local/lib/python3.12/site-packages/airflow/example_dags/example_params_ui_tutorial.py took 0.119 seconds
[2026-01-05T17:25:10.171+0000] {processor.py:186} INFO - Started process (PID=1099) to work on /home/airflow/.local/lib/python3.12/site-packages/airflow/example_dags/example_params_ui_tutorial.py
[2026-01-05T17:25:10.173+0000] {processor.py:914} INFO - Processing file /home/airflow/.local/lib/python3.12/site-packages/airflow/example_dags/example_params_ui_tutorial.py for tasks to queue
[2026-01-05T17:25:10.176+0000] {logging_mixin.py:190} INFO - [2026-01-05T17:25:10.176+0000] {dagbag.py:587} INFO - Filling up the DagBag from /home/airflow/.local/lib/python3.12/site-packages/airflow/example_dags/example_params_ui_tutorial.py
[2026-01-05T17:25:10.183+0000] {processor.py:925} INFO - DAG(s) 'example_params_ui_tutorial' retrieved from /home/airflow/.local/lib/python3.12/site-packages/airflow/example_dags/example_params_ui_tutorial.py
[2026-01-05T17:25:10.232+0000] {logging_mixin.py:190} INFO - [2026-01-05T17:25:10.232+0000] {dag.py:3211} INFO - Sync 1 DAGs
[2026-01-05T17:25:10.249+0000] {logging_mixin.py:190} INFO - [2026-01-05T17:25:10.248+0000] {dag.py:4138} INFO - Setting next_dagrun for example_params_ui_tutorial to None, run_after=None
[2026-01-05T17:25:10.270+0000] {processor.py:208} INFO - Processing /home/airflow/.local/lib/python3.12/site-packages/airflow/example_dags/example_params_ui_tutorial.py took 0.106 seconds
[2026-01-05T17:25:41.269+0000] {processor.py:186} INFO - Started process (PID=1165) to work on /home/airflow/.local/lib/python3.12/site-packages/airflow/example_dags/example_params_ui_tutorial.py
[2026-01-05T17:25:41.271+0000] {processor.py:914} INFO - Processing file /home/airflow/.local/lib/python3.12/site-packages/airflow/example_dags/example_params_ui_tutorial.py for tasks to queue
[2026-01-05T17:25:41.275+0000] {logging_mixin.py:190} INFO - [2026-01-05T17:25:41.274+0000] {dagbag.py:587} INFO - Filling up the DagBag from /home/airflow/.local/lib/python3.12/site-packages/airflow/example_dags/example_params_ui_tutorial.py
[2026-01-05T17:25:41.284+0000] {processor.py:925} INFO - DAG(s) 'example_params_ui_tutorial' retrieved from /home/airflow/.local/lib/python3.12/site-packages/airflow/example_dags/example_params_ui_tutorial.py
[2026-01-05T17:25:41.339+0000] {logging_mixin.py:190} INFO - [2026-01-05T17:25:41.338+0000] {dag.py:3211} INFO - Sync 1 DAGs
[2026-01-05T17:25:41.362+0000] {logging_mixin.py:190} INFO - [2026-01-05T17:25:41.362+0000] {dag.py:4138} INFO - Setting next_dagrun for example_params_ui_tutorial to None, run_after=None
[2026-01-05T17:25:41.390+0000] {processor.py:208} INFO - Processing /home/airflow/.local/lib/python3.12/site-packages/airflow/example_dags/example_params_ui_tutorial.py took 0.126 seconds
[2026-01-05T17:26:11.674+0000] {processor.py:186} INFO - Started process (PID=1230) to work on /home/airflow/.local/lib/python3.12/site-packages/airflow/example_dags/example_params_ui_tutorial.py
[2026-01-05T17:26:11.676+0000] {processor.py:914} INFO - Processing file /home/airflow/.local/lib/python3.12/site-packages/airflow/example_dags/example_params_ui_tutorial.py for tasks to queue
[2026-01-05T17:26:11.679+0000] {logging_mixin.py:190} INFO - [2026-01-05T17:26:11.678+0000] {dagbag.py:587} INFO - Filling up the DagBag from /home/airflow/.local/lib/python3.12/site-packages/airflow/example_dags/example_params_ui_tutorial.py
[2026-01-05T17:26:11.687+0000] {processor.py:925} INFO - DAG(s) 'example_params_ui_tutorial' retrieved from /home/airflow/.local/lib/python3.12/site-packages/airflow/example_dags/example_params_ui_tutorial.py
[2026-01-05T17:26:11.731+0000] {logging_mixin.py:190} INFO - [2026-01-05T17:26:11.731+0000] {dag.py:3211} INFO - Sync 1 DAGs
[2026-01-05T17:26:11.746+0000] {logging_mixin.py:190} INFO - [2026-01-05T17:26:11.746+0000] {dag.py:4138} INFO - Setting next_dagrun for example_params_ui_tutorial to None, run_after=None
[2026-01-05T17:26:11.766+0000] {processor.py:208} INFO - Processing /home/airflow/.local/lib/python3.12/site-packages/airflow/example_dags/example_params_ui_tutorial.py took 0.100 seconds
[2026-01-05T17:26:42.286+0000] {processor.py:186} INFO - Started process (PID=1296) to work on /home/airflow/.local/lib/python3.12/site-packages/airflow/example_dags/example_params_ui_tutorial.py
[2026-01-05T17:26:42.288+0000] {processor.py:914} INFO - Processing file /home/airflow/.local/lib/python3.12/site-packages/airflow/example_dags/example_params_ui_tutorial.py for tasks to queue
[2026-01-05T17:26:42.290+0000] {logging_mixin.py:190} INFO - [2026-01-05T17:26:42.290+0000] {dagbag.py:587} INFO - Filling up the DagBag from /home/airflow/.local/lib/python3.12/site-packages/airflow/example_dags/example_params_ui_tutorial.py
[2026-01-05T17:26:42.298+0000] {processor.py:925} INFO - DAG(s) 'example_params_ui_tutorial' retrieved from /home/airflow/.local/lib/python3.12/site-packages/airflow/example_dags/example_params_ui_tutorial.py
[2026-01-05T17:26:42.345+0000] {logging_mixin.py:190} INFO - [2026-01-05T17:26:42.345+0000] {dag.py:3211} INFO - Sync 1 DAGs
[2026-01-05T17:26:42.359+0000] {logging_mixin.py:190} INFO - [2026-01-05T17:26:42.358+0000] {dag.py:4138} INFO - Setting next_dagrun for example_params_ui_tutorial to None, run_after=None
[2026-01-05T17:26:42.381+0000] {processor.py:208} INFO - Processing /home/airflow/.local/lib/python3.12/site-packages/airflow/example_dags/example_params_ui_tutorial.py took 0.102 seconds
[2026-01-05T17:27:12.882+0000] {processor.py:186} INFO - Started process (PID=1362) to work on /home/airflow/.local/lib/python3.12/site-packages/airflow/example_dags/example_params_ui_tutorial.py
[2026-01-05T17:27:12.884+0000] {processor.py:914} INFO - Processing file /home/airflow/.local/lib/python3.12/site-packages/airflow/example_dags/example_params_ui_tutorial.py for tasks to queue
[2026-01-05T17:27:12.887+0000] {logging_mixin.py:190} INFO - [2026-01-05T17:27:12.887+0000] {dagbag.py:587} INFO - Filling up the DagBag from /home/airflow/.local/lib/python3.12/site-packages/airflow/example_dags/example_params_ui_tutorial.py
[2026-01-05T17:27:12.896+0000] {processor.py:925} INFO - DAG(s) 'example_params_ui_tutorial' retrieved from /home/airflow/.local/lib/python3.12/site-packages/airflow/example_dags/example_params_ui_tutorial.py
[2026-01-05T17:27:12.940+0000] {logging_mixin.py:190} INFO - [2026-01-05T17:27:12.939+0000] {dag.py:3211} INFO - Sync 1 DAGs
[2026-01-05T17:27:12.957+0000] {logging_mixin.py:190} INFO - [2026-01-05T17:27:12.957+0000] {dag.py:4138} INFO - Setting next_dagrun for example_params_ui_tutorial to None, run_after=None
[2026-01-05T17:27:12.982+0000] {processor.py:208} INFO - Processing /home/airflow/.local/lib/python3.12/site-packages/airflow/example_dags/example_params_ui_tutorial.py took 0.108 seconds
[2026-01-05T17:27:43.344+0000] {processor.py:186} INFO - Started process (PID=1428) to work on /home/airflow/.local/lib/python3.12/site-packages/airflow/example_dags/example_params_ui_tutorial.py
[2026-01-05T17:27:43.346+0000] {processor.py:914} INFO - Processing file /home/airflow/.local/lib/python3.12/site-packages/airflow/example_dags/example_params_ui_tutorial.py for tasks to queue
[2026-01-05T17:27:43.350+0000] {logging_mixin.py:190} INFO - [2026-01-05T17:27:43.349+0000] {dagbag.py:587} INFO - Filling up the DagBag from /home/airflow/.local/lib/python3.12/site-packages/airflow/example_dags/example_params_ui_tutorial.py
[2026-01-05T17:27:43.360+0000] {processor.py:925} INFO - DAG(s) 'example_params_ui_tutorial' retrieved from /home/airflow/.local/lib/python3.12/site-packages/airflow/example_dags/example_params_ui_tutorial.py
[2026-01-05T17:27:43.412+0000] {logging_mixin.py:190} INFO - [2026-01-05T17:27:43.412+0000] {dag.py:3211} INFO - Sync 1 DAGs
[2026-01-05T17:27:43.428+0000] {logging_mixin.py:190} INFO - [2026-01-05T17:27:43.428+0000] {dag.py:4138} INFO - Setting next_dagrun for example_params_ui_tutorial to None, run_after=None
[2026-01-05T17:27:43.451+0000] {processor.py:208} INFO - Processing /home/airflow/.local/lib/python3.12/site-packages/airflow/example_dags/example_params_ui_tutorial.py took 0.115 seconds
[2026-01-05T17:28:14.013+0000] {processor.py:186} INFO - Started process (PID=1494) to work on /home/airflow/.local/lib/python3.12/site-packages/airflow/example_dags/example_params_ui_tutorial.py
[2026-01-05T17:28:14.020+0000] {processor.py:914} INFO - Processing file /home/airflow/.local/lib/python3.12/site-packages/airflow/example_dags/example_params_ui_tutorial.py for tasks to queue
[2026-01-05T17:28:14.027+0000] {logging_mixin.py:190} INFO - [2026-01-05T17:28:14.027+0000] {dagbag.py:587} INFO - Filling up the DagBag from /home/airflow/.local/lib/python3.12/site-packages/airflow/example_dags/example_params_ui_tutorial.py
[2026-01-05T17:28:14.043+0000] {processor.py:925} INFO - DAG(s) 'example_params_ui_tutorial' retrieved from /home/airflow/.local/lib/python3.12/site-packages/airflow/example_dags/example_params_ui_tutorial.py
[2026-01-05T17:28:14.152+0000] {logging_mixin.py:190} INFO - [2026-01-05T17:28:14.151+0000] {dag.py:3211} INFO - Sync 1 DAGs
[2026-01-05T17:28:14.177+0000] {logging_mixin.py:190} INFO - [2026-01-05T17:28:14.177+0000] {dag.py:4138} INFO - Setting next_dagrun for example_params_ui_tutorial to None, run_after=None
[2026-01-05T17:28:14.214+0000] {processor.py:208} INFO - Processing /home/airflow/.local/lib/python3.12/site-packages/airflow/example_dags/example_params_ui_tutorial.py took 0.220 seconds
[2026-01-05T17:28:44.335+0000] {processor.py:186} INFO - Started process (PID=1560) to work on /home/airflow/.local/lib/python3.12/site-packages/airflow/example_dags/example_params_ui_tutorial.py
[2026-01-05T17:28:44.337+0000] {processor.py:914} INFO - Processing file /home/airflow/.local/lib/python3.12/site-packages/airflow/example_dags/example_params_ui_tutorial.py for tasks to queue
[2026-01-05T17:28:44.340+0000] {logging_mixin.py:190} INFO - [2026-01-05T17:28:44.339+0000] {dagbag.py:587} INFO - Filling up the DagBag from /home/airflow/.local/lib/python3.12/site-packages/airflow/example_dags/example_params_ui_tutorial.py
[2026-01-05T17:28:44.348+0000] {processor.py:925} INFO - DAG(s) 'example_params_ui_tutorial' retrieved from /home/airflow/.local/lib/python3.12/site-packages/airflow/example_dags/example_params_ui_tutorial.py
[2026-01-05T17:28:44.396+0000] {logging_mixin.py:190} INFO - [2026-01-05T17:28:44.396+0000] {dag.py:3211} INFO - Sync 1 DAGs
[2026-01-05T17:28:44.411+0000] {logging_mixin.py:190} INFO - [2026-01-05T17:28:44.410+0000] {dag.py:4138} INFO - Setting next_dagrun for example_params_ui_tutorial to None, run_after=None
[2026-01-05T17:28:44.440+0000] {processor.py:208} INFO - Processing /home/airflow/.local/lib/python3.12/site-packages/airflow/example_dags/example_params_ui_tutorial.py took 0.112 seconds
[2026-01-05T17:29:15.455+0000] {processor.py:186} INFO - Started process (PID=1625) to work on /home/airflow/.local/lib/python3.12/site-packages/airflow/example_dags/example_params_ui_tutorial.py
[2026-01-05T17:29:15.457+0000] {processor.py:914} INFO - Processing file /home/airflow/.local/lib/python3.12/site-packages/airflow/example_dags/example_params_ui_tutorial.py for tasks to queue
[2026-01-05T17:29:15.460+0000] {logging_mixin.py:190} INFO - [2026-01-05T17:29:15.460+0000] {dagbag.py:587} INFO - Filling up the DagBag from /home/airflow/.local/lib/python3.12/site-packages/airflow/example_dags/example_params_ui_tutorial.py
[2026-01-05T17:29:15.471+0000] {processor.py:925} INFO - DAG(s) 'example_params_ui_tutorial' retrieved from /home/airflow/.local/lib/python3.12/site-packages/airflow/example_dags/example_params_ui_tutorial.py
[2026-01-05T17:29:15.526+0000] {logging_mixin.py:190} INFO - [2026-01-05T17:29:15.526+0000] {dag.py:3211} INFO - Sync 1 DAGs
[2026-01-05T17:29:15.543+0000] {logging_mixin.py:190} INFO - [2026-01-05T17:29:15.542+0000] {dag.py:4138} INFO - Setting next_dagrun for example_params_ui_tutorial to None, run_after=None
[2026-01-05T17:29:15.567+0000] {processor.py:208} INFO - Processing /home/airflow/.local/lib/python3.12/site-packages/airflow/example_dags/example_params_ui_tutorial.py took 0.125 seconds
[2026-01-05T17:29:45.777+0000] {processor.py:186} INFO - Started process (PID=1693) to work on /home/airflow/.local/lib/python3.12/site-packages/airflow/example_dags/example_params_ui_tutorial.py
[2026-01-05T17:29:45.778+0000] {processor.py:914} INFO - Processing file /home/airflow/.local/lib/python3.12/site-packages/airflow/example_dags/example_params_ui_tutorial.py for tasks to queue
[2026-01-05T17:29:45.781+0000] {logging_mixin.py:190} INFO - [2026-01-05T17:29:45.781+0000] {dagbag.py:587} INFO - Filling up the DagBag from /home/airflow/.local/lib/python3.12/site-packages/airflow/example_dags/example_params_ui_tutorial.py
[2026-01-05T17:29:45.789+0000] {processor.py:925} INFO - DAG(s) 'example_params_ui_tutorial' retrieved from /home/airflow/.local/lib/python3.12/site-packages/airflow/example_dags/example_params_ui_tutorial.py
[2026-01-05T17:29:45.845+0000] {logging_mixin.py:190} INFO - [2026-01-05T17:29:45.844+0000] {dag.py:3211} INFO - Sync 1 DAGs
[2026-01-05T17:29:45.870+0000] {logging_mixin.py:190} INFO - [2026-01-05T17:29:45.869+0000] {dag.py:4138} INFO - Setting next_dagrun for example_params_ui_tutorial to None, run_after=None
[2026-01-05T17:29:45.901+0000] {processor.py:208} INFO - Processing /home/airflow/.local/lib/python3.12/site-packages/airflow/example_dags/example_params_ui_tutorial.py took 0.129 seconds
[2026-01-05T17:30:16.256+0000] {processor.py:186} INFO - Started process (PID=1759) to work on /home/airflow/.local/lib/python3.12/site-packages/airflow/example_dags/example_params_ui_tutorial.py
[2026-01-05T17:30:16.257+0000] {processor.py:914} INFO - Processing file /home/airflow/.local/lib/python3.12/site-packages/airflow/example_dags/example_params_ui_tutorial.py for tasks to queue
[2026-01-05T17:30:16.261+0000] {logging_mixin.py:190} INFO - [2026-01-05T17:30:16.260+0000] {dagbag.py:587} INFO - Filling up the DagBag from /home/airflow/.local/lib/python3.12/site-packages/airflow/example_dags/example_params_ui_tutorial.py
[2026-01-05T17:30:16.269+0000] {processor.py:925} INFO - DAG(s) 'example_params_ui_tutorial' retrieved from /home/airflow/.local/lib/python3.12/site-packages/airflow/example_dags/example_params_ui_tutorial.py
[2026-01-05T17:30:16.312+0000] {logging_mixin.py:190} INFO - [2026-01-05T17:30:16.312+0000] {dag.py:3211} INFO - Sync 1 DAGs
[2026-01-05T17:30:16.329+0000] {logging_mixin.py:190} INFO - [2026-01-05T17:30:16.329+0000] {dag.py:4138} INFO - Setting next_dagrun for example_params_ui_tutorial to None, run_after=None
[2026-01-05T17:30:16.354+0000] {processor.py:208} INFO - Processing /home/airflow/.local/lib/python3.12/site-packages/airflow/example_dags/example_params_ui_tutorial.py took 0.106 seconds
[2026-01-05T17:30:47.033+0000] {processor.py:186} INFO - Started process (PID=1824) to work on /home/airflow/.local/lib/python3.12/site-packages/airflow/example_dags/example_params_ui_tutorial.py
[2026-01-05T17:30:47.042+0000] {processor.py:914} INFO - Processing file /home/airflow/.local/lib/python3.12/site-packages/airflow/example_dags/example_params_ui_tutorial.py for tasks to queue
[2026-01-05T17:30:47.047+0000] {logging_mixin.py:190} INFO - [2026-01-05T17:30:47.046+0000] {dagbag.py:587} INFO - Filling up the DagBag from /home/airflow/.local/lib/python3.12/site-packages/airflow/example_dags/example_params_ui_tutorial.py
[2026-01-05T17:30:47.067+0000] {processor.py:925} INFO - DAG(s) 'example_params_ui_tutorial' retrieved from /home/airflow/.local/lib/python3.12/site-packages/airflow/example_dags/example_params_ui_tutorial.py
[2026-01-05T17:30:47.182+0000] {logging_mixin.py:190} INFO - [2026-01-05T17:30:47.182+0000] {dag.py:3211} INFO - Sync 1 DAGs
[2026-01-05T17:30:47.228+0000] {logging_mixin.py:190} INFO - [2026-01-05T17:30:47.228+0000] {dag.py:4138} INFO - Setting next_dagrun for example_params_ui_tutorial to None, run_after=None
[2026-01-05T17:30:47.263+0000] {processor.py:208} INFO - Processing /home/airflow/.local/lib/python3.12/site-packages/airflow/example_dags/example_params_ui_tutorial.py took 0.241 seconds
[2026-01-05T17:31:17.843+0000] {processor.py:186} INFO - Started process (PID=1890) to work on /home/airflow/.local/lib/python3.12/site-packages/airflow/example_dags/example_params_ui_tutorial.py
[2026-01-05T17:31:17.845+0000] {processor.py:914} INFO - Processing file /home/airflow/.local/lib/python3.12/site-packages/airflow/example_dags/example_params_ui_tutorial.py for tasks to queue
[2026-01-05T17:31:17.848+0000] {logging_mixin.py:190} INFO - [2026-01-05T17:31:17.847+0000] {dagbag.py:587} INFO - Filling up the DagBag from /home/airflow/.local/lib/python3.12/site-packages/airflow/example_dags/example_params_ui_tutorial.py
[2026-01-05T17:31:17.857+0000] {processor.py:925} INFO - DAG(s) 'example_params_ui_tutorial' retrieved from /home/airflow/.local/lib/python3.12/site-packages/airflow/example_dags/example_params_ui_tutorial.py
[2026-01-05T17:31:17.903+0000] {logging_mixin.py:190} INFO - [2026-01-05T17:31:17.903+0000] {dag.py:3211} INFO - Sync 1 DAGs
[2026-01-05T17:31:17.920+0000] {logging_mixin.py:190} INFO - [2026-01-05T17:31:17.919+0000] {dag.py:4138} INFO - Setting next_dagrun for example_params_ui_tutorial to None, run_after=None
[2026-01-05T17:31:17.941+0000] {processor.py:208} INFO - Processing /home/airflow/.local/lib/python3.12/site-packages/airflow/example_dags/example_params_ui_tutorial.py took 0.106 seconds
[2026-01-05T17:31:48.617+0000] {processor.py:186} INFO - Started process (PID=1956) to work on /home/airflow/.local/lib/python3.12/site-packages/airflow/example_dags/example_params_ui_tutorial.py
[2026-01-05T17:31:48.619+0000] {processor.py:914} INFO - Processing file /home/airflow/.local/lib/python3.12/site-packages/airflow/example_dags/example_params_ui_tutorial.py for tasks to queue
[2026-01-05T17:31:48.622+0000] {logging_mixin.py:190} INFO - [2026-01-05T17:31:48.622+0000] {dagbag.py:587} INFO - Filling up the DagBag from /home/airflow/.local/lib/python3.12/site-packages/airflow/example_dags/example_params_ui_tutorial.py
[2026-01-05T17:31:48.629+0000] {processor.py:925} INFO - DAG(s) 'example_params_ui_tutorial' retrieved from /home/airflow/.local/lib/python3.12/site-packages/airflow/example_dags/example_params_ui_tutorial.py
[2026-01-05T17:31:48.679+0000] {logging_mixin.py:190} INFO - [2026-01-05T17:31:48.679+0000] {dag.py:3211} INFO - Sync 1 DAGs
[2026-01-05T17:31:48.696+0000] {logging_mixin.py:190} INFO - [2026-01-05T17:31:48.695+0000] {dag.py:4138} INFO - Setting next_dagrun for example_params_ui_tutorial to None, run_after=None
[2026-01-05T17:31:48.720+0000] {processor.py:208} INFO - Processing /home/airflow/.local/lib/python3.12/site-packages/airflow/example_dags/example_params_ui_tutorial.py took 0.113 seconds
[2026-01-05T17:32:19.338+0000] {processor.py:186} INFO - Started process (PID=2022) to work on /home/airflow/.local/lib/python3.12/site-packages/airflow/example_dags/example_params_ui_tutorial.py
[2026-01-05T17:32:19.340+0000] {processor.py:914} INFO - Processing file /home/airflow/.local/lib/python3.12/site-packages/airflow/example_dags/example_params_ui_tutorial.py for tasks to queue
[2026-01-05T17:32:19.344+0000] {logging_mixin.py:190} INFO - [2026-01-05T17:32:19.344+0000] {dagbag.py:587} INFO - Filling up the DagBag from /home/airflow/.local/lib/python3.12/site-packages/airflow/example_dags/example_params_ui_tutorial.py
[2026-01-05T17:32:19.355+0000] {processor.py:925} INFO - DAG(s) 'example_params_ui_tutorial' retrieved from /home/airflow/.local/lib/python3.12/site-packages/airflow/example_dags/example_params_ui_tutorial.py
[2026-01-05T17:32:19.415+0000] {logging_mixin.py:190} INFO - [2026-01-05T17:32:19.415+0000] {dag.py:3211} INFO - Sync 1 DAGs
[2026-01-05T17:32:19.630+0000] {logging_mixin.py:190} INFO - [2026-01-05T17:32:19.630+0000] {dag.py:4138} INFO - Setting next_dagrun for example_params_ui_tutorial to None, run_after=None
[2026-01-05T17:32:19.655+0000] {processor.py:208} INFO - Processing /home/airflow/.local/lib/python3.12/site-packages/airflow/example_dags/example_params_ui_tutorial.py took 0.325 seconds
[2026-01-05T17:32:50.023+0000] {processor.py:186} INFO - Started process (PID=2090) to work on /home/airflow/.local/lib/python3.12/site-packages/airflow/example_dags/example_params_ui_tutorial.py
[2026-01-05T17:32:50.025+0000] {processor.py:914} INFO - Processing file /home/airflow/.local/lib/python3.12/site-packages/airflow/example_dags/example_params_ui_tutorial.py for tasks to queue
[2026-01-05T17:32:50.028+0000] {logging_mixin.py:190} INFO - [2026-01-05T17:32:50.028+0000] {dagbag.py:587} INFO - Filling up the DagBag from /home/airflow/.local/lib/python3.12/site-packages/airflow/example_dags/example_params_ui_tutorial.py
[2026-01-05T17:32:50.036+0000] {processor.py:925} INFO - DAG(s) 'example_params_ui_tutorial' retrieved from /home/airflow/.local/lib/python3.12/site-packages/airflow/example_dags/example_params_ui_tutorial.py
[2026-01-05T17:32:50.077+0000] {logging_mixin.py:190} INFO - [2026-01-05T17:32:50.077+0000] {dag.py:3211} INFO - Sync 1 DAGs
[2026-01-05T17:32:50.094+0000] {logging_mixin.py:190} INFO - [2026-01-05T17:32:50.093+0000] {dag.py:4138} INFO - Setting next_dagrun for example_params_ui_tutorial to None, run_after=None
[2026-01-05T17:32:50.114+0000] {processor.py:208} INFO - Processing /home/airflow/.local/lib/python3.12/site-packages/airflow/example_dags/example_params_ui_tutorial.py took 0.097 seconds
[2026-01-05T17:33:21.328+0000] {processor.py:186} INFO - Started process (PID=2154) to work on /home/airflow/.local/lib/python3.12/site-packages/airflow/example_dags/example_params_ui_tutorial.py
[2026-01-05T17:33:21.330+0000] {processor.py:914} INFO - Processing file /home/airflow/.local/lib/python3.12/site-packages/airflow/example_dags/example_params_ui_tutorial.py for tasks to queue
[2026-01-05T17:33:21.334+0000] {logging_mixin.py:190} INFO - [2026-01-05T17:33:21.333+0000] {dagbag.py:587} INFO - Filling up the DagBag from /home/airflow/.local/lib/python3.12/site-packages/airflow/example_dags/example_params_ui_tutorial.py
[2026-01-05T17:33:21.345+0000] {processor.py:925} INFO - DAG(s) 'example_params_ui_tutorial' retrieved from /home/airflow/.local/lib/python3.12/site-packages/airflow/example_dags/example_params_ui_tutorial.py
[2026-01-05T17:33:21.669+0000] {logging_mixin.py:190} INFO - [2026-01-05T17:33:21.669+0000] {dag.py:3211} INFO - Sync 1 DAGs
[2026-01-05T17:33:21.689+0000] {logging_mixin.py:190} INFO - [2026-01-05T17:33:21.689+0000] {dag.py:4138} INFO - Setting next_dagrun for example_params_ui_tutorial to None, run_after=None
[2026-01-05T17:33:21.721+0000] {processor.py:208} INFO - Processing /home/airflow/.local/lib/python3.12/site-packages/airflow/example_dags/example_params_ui_tutorial.py took 0.402 seconds
[2026-01-05T17:33:51.913+0000] {processor.py:186} INFO - Started process (PID=2220) to work on /home/airflow/.local/lib/python3.12/site-packages/airflow/example_dags/example_params_ui_tutorial.py
[2026-01-05T17:33:51.915+0000] {processor.py:914} INFO - Processing file /home/airflow/.local/lib/python3.12/site-packages/airflow/example_dags/example_params_ui_tutorial.py for tasks to queue
[2026-01-05T17:33:51.919+0000] {logging_mixin.py:190} INFO - [2026-01-05T17:33:51.919+0000] {dagbag.py:587} INFO - Filling up the DagBag from /home/airflow/.local/lib/python3.12/site-packages/airflow/example_dags/example_params_ui_tutorial.py
[2026-01-05T17:33:51.930+0000] {processor.py:925} INFO - DAG(s) 'example_params_ui_tutorial' retrieved from /home/airflow/.local/lib/python3.12/site-packages/airflow/example_dags/example_params_ui_tutorial.py
[2026-01-05T17:33:52.201+0000] {logging_mixin.py:190} INFO - [2026-01-05T17:33:52.200+0000] {dag.py:3211} INFO - Sync 1 DAGs
[2026-01-05T17:33:52.217+0000] {logging_mixin.py:190} INFO - [2026-01-05T17:33:52.217+0000] {dag.py:4138} INFO - Setting next_dagrun for example_params_ui_tutorial to None, run_after=None
[2026-01-05T17:33:52.243+0000] {processor.py:208} INFO - Processing /home/airflow/.local/lib/python3.12/site-packages/airflow/example_dags/example_params_ui_tutorial.py took 0.340 seconds
[2026-01-05T17:34:22.531+0000] {processor.py:186} INFO - Started process (PID=2286) to work on /home/airflow/.local/lib/python3.12/site-packages/airflow/example_dags/example_params_ui_tutorial.py
[2026-01-05T17:34:22.533+0000] {processor.py:914} INFO - Processing file /home/airflow/.local/lib/python3.12/site-packages/airflow/example_dags/example_params_ui_tutorial.py for tasks to queue
[2026-01-05T17:34:22.536+0000] {logging_mixin.py:190} INFO - [2026-01-05T17:34:22.535+0000] {dagbag.py:587} INFO - Filling up the DagBag from /home/airflow/.local/lib/python3.12/site-packages/airflow/example_dags/example_params_ui_tutorial.py
[2026-01-05T17:34:22.545+0000] {processor.py:925} INFO - DAG(s) 'example_params_ui_tutorial' retrieved from /home/airflow/.local/lib/python3.12/site-packages/airflow/example_dags/example_params_ui_tutorial.py
[2026-01-05T17:34:22.614+0000] {logging_mixin.py:190} INFO - [2026-01-05T17:34:22.613+0000] {dag.py:3211} INFO - Sync 1 DAGs
[2026-01-05T17:34:22.632+0000] {logging_mixin.py:190} INFO - [2026-01-05T17:34:22.632+0000] {dag.py:4138} INFO - Setting next_dagrun for example_params_ui_tutorial to None, run_after=None
[2026-01-05T17:34:22.669+0000] {processor.py:208} INFO - Processing /home/airflow/.local/lib/python3.12/site-packages/airflow/example_dags/example_params_ui_tutorial.py took 0.144 seconds
[2026-01-05T17:34:52.839+0000] {processor.py:186} INFO - Started process (PID=2353) to work on /home/airflow/.local/lib/python3.12/site-packages/airflow/example_dags/example_params_ui_tutorial.py
[2026-01-05T17:34:52.840+0000] {processor.py:914} INFO - Processing file /home/airflow/.local/lib/python3.12/site-packages/airflow/example_dags/example_params_ui_tutorial.py for tasks to queue
[2026-01-05T17:34:52.843+0000] {logging_mixin.py:190} INFO - [2026-01-05T17:34:52.843+0000] {dagbag.py:587} INFO - Filling up the DagBag from /home/airflow/.local/lib/python3.12/site-packages/airflow/example_dags/example_params_ui_tutorial.py
[2026-01-05T17:34:52.852+0000] {processor.py:925} INFO - DAG(s) 'example_params_ui_tutorial' retrieved from /home/airflow/.local/lib/python3.12/site-packages/airflow/example_dags/example_params_ui_tutorial.py
[2026-01-05T17:34:52.904+0000] {logging_mixin.py:190} INFO - [2026-01-05T17:34:52.904+0000] {dag.py:3211} INFO - Sync 1 DAGs
[2026-01-05T17:34:52.918+0000] {logging_mixin.py:190} INFO - [2026-01-05T17:34:52.918+0000] {dag.py:4138} INFO - Setting next_dagrun for example_params_ui_tutorial to None, run_after=None
[2026-01-05T17:34:52.944+0000] {processor.py:208} INFO - Processing /home/airflow/.local/lib/python3.12/site-packages/airflow/example_dags/example_params_ui_tutorial.py took 0.112 seconds
[2026-01-05T17:35:23.617+0000] {processor.py:186} INFO - Started process (PID=2419) to work on /home/airflow/.local/lib/python3.12/site-packages/airflow/example_dags/example_params_ui_tutorial.py
[2026-01-05T17:35:23.618+0000] {processor.py:914} INFO - Processing file /home/airflow/.local/lib/python3.12/site-packages/airflow/example_dags/example_params_ui_tutorial.py for tasks to queue
[2026-01-05T17:35:23.621+0000] {logging_mixin.py:190} INFO - [2026-01-05T17:35:23.621+0000] {dagbag.py:587} INFO - Filling up the DagBag from /home/airflow/.local/lib/python3.12/site-packages/airflow/example_dags/example_params_ui_tutorial.py
[2026-01-05T17:35:23.631+0000] {processor.py:925} INFO - DAG(s) 'example_params_ui_tutorial' retrieved from /home/airflow/.local/lib/python3.12/site-packages/airflow/example_dags/example_params_ui_tutorial.py
[2026-01-05T17:35:23.690+0000] {logging_mixin.py:190} INFO - [2026-01-05T17:35:23.690+0000] {dag.py:3211} INFO - Sync 1 DAGs
[2026-01-05T17:35:23.707+0000] {logging_mixin.py:190} INFO - [2026-01-05T17:35:23.706+0000] {dag.py:4138} INFO - Setting next_dagrun for example_params_ui_tutorial to None, run_after=None
[2026-01-05T17:35:23.732+0000] {processor.py:208} INFO - Processing /home/airflow/.local/lib/python3.12/site-packages/airflow/example_dags/example_params_ui_tutorial.py took 0.124 seconds
[2026-01-05T17:35:54.213+0000] {processor.py:186} INFO - Started process (PID=2485) to work on /home/airflow/.local/lib/python3.12/site-packages/airflow/example_dags/example_params_ui_tutorial.py
[2026-01-05T17:35:54.215+0000] {processor.py:914} INFO - Processing file /home/airflow/.local/lib/python3.12/site-packages/airflow/example_dags/example_params_ui_tutorial.py for tasks to queue
[2026-01-05T17:35:54.219+0000] {logging_mixin.py:190} INFO - [2026-01-05T17:35:54.219+0000] {dagbag.py:587} INFO - Filling up the DagBag from /home/airflow/.local/lib/python3.12/site-packages/airflow/example_dags/example_params_ui_tutorial.py
[2026-01-05T17:35:54.230+0000] {processor.py:925} INFO - DAG(s) 'example_params_ui_tutorial' retrieved from /home/airflow/.local/lib/python3.12/site-packages/airflow/example_dags/example_params_ui_tutorial.py
[2026-01-05T17:35:54.281+0000] {logging_mixin.py:190} INFO - [2026-01-05T17:35:54.281+0000] {dag.py:3211} INFO - Sync 1 DAGs
[2026-01-05T17:35:54.301+0000] {logging_mixin.py:190} INFO - [2026-01-05T17:35:54.301+0000] {dag.py:4138} INFO - Setting next_dagrun for example_params_ui_tutorial to None, run_after=None
[2026-01-05T17:35:54.326+0000] {processor.py:208} INFO - Processing /home/airflow/.local/lib/python3.12/site-packages/airflow/example_dags/example_params_ui_tutorial.py took 0.122 seconds
[2026-01-05T17:36:25.029+0000] {processor.py:186} INFO - Started process (PID=2551) to work on /home/airflow/.local/lib/python3.12/site-packages/airflow/example_dags/example_params_ui_tutorial.py
[2026-01-05T17:36:25.031+0000] {processor.py:914} INFO - Processing file /home/airflow/.local/lib/python3.12/site-packages/airflow/example_dags/example_params_ui_tutorial.py for tasks to queue
[2026-01-05T17:36:25.034+0000] {logging_mixin.py:190} INFO - [2026-01-05T17:36:25.033+0000] {dagbag.py:587} INFO - Filling up the DagBag from /home/airflow/.local/lib/python3.12/site-packages/airflow/example_dags/example_params_ui_tutorial.py
[2026-01-05T17:36:25.042+0000] {processor.py:925} INFO - DAG(s) 'example_params_ui_tutorial' retrieved from /home/airflow/.local/lib/python3.12/site-packages/airflow/example_dags/example_params_ui_tutorial.py
[2026-01-05T17:36:25.086+0000] {logging_mixin.py:190} INFO - [2026-01-05T17:36:25.086+0000] {dag.py:3211} INFO - Sync 1 DAGs
[2026-01-05T17:36:25.103+0000] {logging_mixin.py:190} INFO - [2026-01-05T17:36:25.103+0000] {dag.py:4138} INFO - Setting next_dagrun for example_params_ui_tutorial to None, run_after=None
[2026-01-05T17:36:25.128+0000] {processor.py:208} INFO - Processing /home/airflow/.local/lib/python3.12/site-packages/airflow/example_dags/example_params_ui_tutorial.py took 0.109 seconds
[2026-01-05T17:36:55.550+0000] {processor.py:186} INFO - Started process (PID=2617) to work on /home/airflow/.local/lib/python3.12/site-packages/airflow/example_dags/example_params_ui_tutorial.py
[2026-01-05T17:36:55.551+0000] {processor.py:914} INFO - Processing file /home/airflow/.local/lib/python3.12/site-packages/airflow/example_dags/example_params_ui_tutorial.py for tasks to queue
[2026-01-05T17:36:55.555+0000] {logging_mixin.py:190} INFO - [2026-01-05T17:36:55.555+0000] {dagbag.py:587} INFO - Filling up the DagBag from /home/airflow/.local/lib/python3.12/site-packages/airflow/example_dags/example_params_ui_tutorial.py
[2026-01-05T17:36:55.564+0000] {processor.py:925} INFO - DAG(s) 'example_params_ui_tutorial' retrieved from /home/airflow/.local/lib/python3.12/site-packages/airflow/example_dags/example_params_ui_tutorial.py
[2026-01-05T17:36:55.615+0000] {logging_mixin.py:190} INFO - [2026-01-05T17:36:55.615+0000] {dag.py:3211} INFO - Sync 1 DAGs
[2026-01-05T17:36:55.633+0000] {logging_mixin.py:190} INFO - [2026-01-05T17:36:55.632+0000] {dag.py:4138} INFO - Setting next_dagrun for example_params_ui_tutorial to None, run_after=None
[2026-01-05T17:36:55.656+0000] {processor.py:208} INFO - Processing /home/airflow/.local/lib/python3.12/site-packages/airflow/example_dags/example_params_ui_tutorial.py took 0.115 seconds
[2026-01-05T17:37:25.804+0000] {processor.py:186} INFO - Started process (PID=2683) to work on /home/airflow/.local/lib/python3.12/site-packages/airflow/example_dags/example_params_ui_tutorial.py
[2026-01-05T17:37:25.806+0000] {processor.py:914} INFO - Processing file /home/airflow/.local/lib/python3.12/site-packages/airflow/example_dags/example_params_ui_tutorial.py for tasks to queue
[2026-01-05T17:37:25.809+0000] {logging_mixin.py:190} INFO - [2026-01-05T17:37:25.809+0000] {dagbag.py:587} INFO - Filling up the DagBag from /home/airflow/.local/lib/python3.12/site-packages/airflow/example_dags/example_params_ui_tutorial.py
[2026-01-05T17:37:25.818+0000] {processor.py:925} INFO - DAG(s) 'example_params_ui_tutorial' retrieved from /home/airflow/.local/lib/python3.12/site-packages/airflow/example_dags/example_params_ui_tutorial.py
[2026-01-05T17:37:25.868+0000] {logging_mixin.py:190} INFO - [2026-01-05T17:37:25.868+0000] {dag.py:3211} INFO - Sync 1 DAGs
[2026-01-05T17:37:25.886+0000] {logging_mixin.py:190} INFO - [2026-01-05T17:37:25.886+0000] {dag.py:4138} INFO - Setting next_dagrun for example_params_ui_tutorial to None, run_after=None
[2026-01-05T17:37:25.910+0000] {processor.py:208} INFO - Processing /home/airflow/.local/lib/python3.12/site-packages/airflow/example_dags/example_params_ui_tutorial.py took 0.115 seconds
[2026-01-05T17:37:56.785+0000] {processor.py:186} INFO - Started process (PID=2749) to work on /home/airflow/.local/lib/python3.12/site-packages/airflow/example_dags/example_params_ui_tutorial.py
[2026-01-05T17:37:56.787+0000] {processor.py:914} INFO - Processing file /home/airflow/.local/lib/python3.12/site-packages/airflow/example_dags/example_params_ui_tutorial.py for tasks to queue
[2026-01-05T17:37:56.790+0000] {logging_mixin.py:190} INFO - [2026-01-05T17:37:56.789+0000] {dagbag.py:587} INFO - Filling up the DagBag from /home/airflow/.local/lib/python3.12/site-packages/airflow/example_dags/example_params_ui_tutorial.py
[2026-01-05T17:37:56.797+0000] {processor.py:925} INFO - DAG(s) 'example_params_ui_tutorial' retrieved from /home/airflow/.local/lib/python3.12/site-packages/airflow/example_dags/example_params_ui_tutorial.py
[2026-01-05T17:37:56.846+0000] {logging_mixin.py:190} INFO - [2026-01-05T17:37:56.846+0000] {dag.py:3211} INFO - Sync 1 DAGs
[2026-01-05T17:37:56.859+0000] {logging_mixin.py:190} INFO - [2026-01-05T17:37:56.858+0000] {dag.py:4138} INFO - Setting next_dagrun for example_params_ui_tutorial to None, run_after=None
[2026-01-05T17:37:56.875+0000] {processor.py:208} INFO - Processing /home/airflow/.local/lib/python3.12/site-packages/airflow/example_dags/example_params_ui_tutorial.py took 0.095 seconds
[2026-01-05T17:38:27.339+0000] {processor.py:186} INFO - Started process (PID=2815) to work on /home/airflow/.local/lib/python3.12/site-packages/airflow/example_dags/example_params_ui_tutorial.py
[2026-01-05T17:38:27.343+0000] {processor.py:914} INFO - Processing file /home/airflow/.local/lib/python3.12/site-packages/airflow/example_dags/example_params_ui_tutorial.py for tasks to queue
[2026-01-05T17:38:27.354+0000] {logging_mixin.py:190} INFO - [2026-01-05T17:38:27.353+0000] {dagbag.py:587} INFO - Filling up the DagBag from /home/airflow/.local/lib/python3.12/site-packages/airflow/example_dags/example_params_ui_tutorial.py
[2026-01-05T17:38:27.370+0000] {processor.py:925} INFO - DAG(s) 'example_params_ui_tutorial' retrieved from /home/airflow/.local/lib/python3.12/site-packages/airflow/example_dags/example_params_ui_tutorial.py
[2026-01-05T17:38:27.451+0000] {logging_mixin.py:190} INFO - [2026-01-05T17:38:27.451+0000] {dag.py:3211} INFO - Sync 1 DAGs
[2026-01-05T17:38:27.496+0000] {logging_mixin.py:190} INFO - [2026-01-05T17:38:27.495+0000] {dag.py:4138} INFO - Setting next_dagrun for example_params_ui_tutorial to None, run_after=None
[2026-01-05T17:38:27.535+0000] {processor.py:208} INFO - Processing /home/airflow/.local/lib/python3.12/site-packages/airflow/example_dags/example_params_ui_tutorial.py took 0.205 seconds
[2026-01-05T17:38:58.290+0000] {processor.py:186} INFO - Started process (PID=2881) to work on /home/airflow/.local/lib/python3.12/site-packages/airflow/example_dags/example_params_ui_tutorial.py
[2026-01-05T17:38:58.291+0000] {processor.py:914} INFO - Processing file /home/airflow/.local/lib/python3.12/site-packages/airflow/example_dags/example_params_ui_tutorial.py for tasks to queue
[2026-01-05T17:38:58.298+0000] {logging_mixin.py:190} INFO - [2026-01-05T17:38:58.297+0000] {dagbag.py:587} INFO - Filling up the DagBag from /home/airflow/.local/lib/python3.12/site-packages/airflow/example_dags/example_params_ui_tutorial.py
[2026-01-05T17:38:58.310+0000] {processor.py:925} INFO - DAG(s) 'example_params_ui_tutorial' retrieved from /home/airflow/.local/lib/python3.12/site-packages/airflow/example_dags/example_params_ui_tutorial.py
[2026-01-05T17:38:58.366+0000] {logging_mixin.py:190} INFO - [2026-01-05T17:38:58.366+0000] {dag.py:3211} INFO - Sync 1 DAGs
[2026-01-05T17:38:58.385+0000] {logging_mixin.py:190} INFO - [2026-01-05T17:38:58.385+0000] {dag.py:4138} INFO - Setting next_dagrun for example_params_ui_tutorial to None, run_after=None
[2026-01-05T17:38:58.409+0000] {processor.py:208} INFO - Processing /home/airflow/.local/lib/python3.12/site-packages/airflow/example_dags/example_params_ui_tutorial.py took 0.129 seconds
[2026-01-05T17:39:28.815+0000] {processor.py:186} INFO - Started process (PID=2947) to work on /home/airflow/.local/lib/python3.12/site-packages/airflow/example_dags/example_params_ui_tutorial.py
[2026-01-05T17:39:28.817+0000] {processor.py:914} INFO - Processing file /home/airflow/.local/lib/python3.12/site-packages/airflow/example_dags/example_params_ui_tutorial.py for tasks to queue
[2026-01-05T17:39:28.822+0000] {logging_mixin.py:190} INFO - [2026-01-05T17:39:28.821+0000] {dagbag.py:587} INFO - Filling up the DagBag from /home/airflow/.local/lib/python3.12/site-packages/airflow/example_dags/example_params_ui_tutorial.py
[2026-01-05T17:39:28.832+0000] {processor.py:925} INFO - DAG(s) 'example_params_ui_tutorial' retrieved from /home/airflow/.local/lib/python3.12/site-packages/airflow/example_dags/example_params_ui_tutorial.py
[2026-01-05T17:39:28.909+0000] {logging_mixin.py:190} INFO - [2026-01-05T17:39:28.909+0000] {dag.py:3211} INFO - Sync 1 DAGs
[2026-01-05T17:39:28.940+0000] {logging_mixin.py:190} INFO - [2026-01-05T17:39:28.939+0000] {dag.py:4138} INFO - Setting next_dagrun for example_params_ui_tutorial to None, run_after=None
[2026-01-05T17:39:28.974+0000] {processor.py:208} INFO - Processing /home/airflow/.local/lib/python3.12/site-packages/airflow/example_dags/example_params_ui_tutorial.py took 0.167 seconds
[2026-01-05T17:40:00.000+0000] {processor.py:186} INFO - Started process (PID=3013) to work on /home/airflow/.local/lib/python3.12/site-packages/airflow/example_dags/example_params_ui_tutorial.py
[2026-01-05T17:40:00.001+0000] {processor.py:914} INFO - Processing file /home/airflow/.local/lib/python3.12/site-packages/airflow/example_dags/example_params_ui_tutorial.py for tasks to queue
[2026-01-05T17:40:00.004+0000] {logging_mixin.py:190} INFO - [2026-01-05T17:40:00.004+0000] {dagbag.py:587} INFO - Filling up the DagBag from /home/airflow/.local/lib/python3.12/site-packages/airflow/example_dags/example_params_ui_tutorial.py
[2026-01-05T17:40:00.023+0000] {processor.py:925} INFO - DAG(s) 'example_params_ui_tutorial' retrieved from /home/airflow/.local/lib/python3.12/site-packages/airflow/example_dags/example_params_ui_tutorial.py
[2026-01-05T17:40:00.109+0000] {logging_mixin.py:190} INFO - [2026-01-05T17:40:00.108+0000] {dag.py:3211} INFO - Sync 1 DAGs
[2026-01-05T17:40:00.149+0000] {logging_mixin.py:190} INFO - [2026-01-05T17:40:00.148+0000] {dag.py:4138} INFO - Setting next_dagrun for example_params_ui_tutorial to None, run_after=None
[2026-01-05T17:40:00.207+0000] {processor.py:208} INFO - Processing /home/airflow/.local/lib/python3.12/site-packages/airflow/example_dags/example_params_ui_tutorial.py took 0.217 seconds
[2026-01-05T17:40:30.893+0000] {processor.py:186} INFO - Started process (PID=3085) to work on /home/airflow/.local/lib/python3.12/site-packages/airflow/example_dags/example_params_ui_tutorial.py
[2026-01-05T17:40:30.895+0000] {processor.py:914} INFO - Processing file /home/airflow/.local/lib/python3.12/site-packages/airflow/example_dags/example_params_ui_tutorial.py for tasks to queue
[2026-01-05T17:40:30.900+0000] {logging_mixin.py:190} INFO - [2026-01-05T17:40:30.899+0000] {dagbag.py:587} INFO - Filling up the DagBag from /home/airflow/.local/lib/python3.12/site-packages/airflow/example_dags/example_params_ui_tutorial.py
[2026-01-05T17:40:30.911+0000] {processor.py:925} INFO - DAG(s) 'example_params_ui_tutorial' retrieved from /home/airflow/.local/lib/python3.12/site-packages/airflow/example_dags/example_params_ui_tutorial.py
[2026-01-05T17:40:30.964+0000] {logging_mixin.py:190} INFO - [2026-01-05T17:40:30.964+0000] {dag.py:3211} INFO - Sync 1 DAGs
[2026-01-05T17:40:30.978+0000] {logging_mixin.py:190} INFO - [2026-01-05T17:40:30.978+0000] {dag.py:4138} INFO - Setting next_dagrun for example_params_ui_tutorial to None, run_after=None
[2026-01-05T17:40:31.003+0000] {processor.py:208} INFO - Processing /home/airflow/.local/lib/python3.12/site-packages/airflow/example_dags/example_params_ui_tutorial.py took 0.119 seconds
[2026-01-05T17:41:01.321+0000] {processor.py:186} INFO - Started process (PID=3151) to work on /home/airflow/.local/lib/python3.12/site-packages/airflow/example_dags/example_params_ui_tutorial.py
[2026-01-05T17:41:01.323+0000] {processor.py:914} INFO - Processing file /home/airflow/.local/lib/python3.12/site-packages/airflow/example_dags/example_params_ui_tutorial.py for tasks to queue
[2026-01-05T17:41:01.326+0000] {logging_mixin.py:190} INFO - [2026-01-05T17:41:01.326+0000] {dagbag.py:587} INFO - Filling up the DagBag from /home/airflow/.local/lib/python3.12/site-packages/airflow/example_dags/example_params_ui_tutorial.py
[2026-01-05T17:41:01.333+0000] {processor.py:925} INFO - DAG(s) 'example_params_ui_tutorial' retrieved from /home/airflow/.local/lib/python3.12/site-packages/airflow/example_dags/example_params_ui_tutorial.py
[2026-01-05T17:41:01.373+0000] {logging_mixin.py:190} INFO - [2026-01-05T17:41:01.373+0000] {dag.py:3211} INFO - Sync 1 DAGs
[2026-01-05T17:41:01.389+0000] {logging_mixin.py:190} INFO - [2026-01-05T17:41:01.388+0000] {dag.py:4138} INFO - Setting next_dagrun for example_params_ui_tutorial to None, run_after=None
[2026-01-05T17:41:01.411+0000] {processor.py:208} INFO - Processing /home/airflow/.local/lib/python3.12/site-packages/airflow/example_dags/example_params_ui_tutorial.py took 0.097 seconds
[2026-01-05T17:41:31.658+0000] {processor.py:186} INFO - Started process (PID=3218) to work on /home/airflow/.local/lib/python3.12/site-packages/airflow/example_dags/example_params_ui_tutorial.py
[2026-01-05T17:41:31.660+0000] {processor.py:914} INFO - Processing file /home/airflow/.local/lib/python3.12/site-packages/airflow/example_dags/example_params_ui_tutorial.py for tasks to queue
[2026-01-05T17:41:31.665+0000] {logging_mixin.py:190} INFO - [2026-01-05T17:41:31.664+0000] {dagbag.py:587} INFO - Filling up the DagBag from /home/airflow/.local/lib/python3.12/site-packages/airflow/example_dags/example_params_ui_tutorial.py
[2026-01-05T17:41:31.674+0000] {processor.py:925} INFO - DAG(s) 'example_params_ui_tutorial' retrieved from /home/airflow/.local/lib/python3.12/site-packages/airflow/example_dags/example_params_ui_tutorial.py
[2026-01-05T17:41:31.722+0000] {logging_mixin.py:190} INFO - [2026-01-05T17:41:31.722+0000] {dag.py:3211} INFO - Sync 1 DAGs
[2026-01-05T17:41:31.739+0000] {logging_mixin.py:190} INFO - [2026-01-05T17:41:31.739+0000] {dag.py:4138} INFO - Setting next_dagrun for example_params_ui_tutorial to None, run_after=None
[2026-01-05T17:41:31.761+0000] {processor.py:208} INFO - Processing /home/airflow/.local/lib/python3.12/site-packages/airflow/example_dags/example_params_ui_tutorial.py took 0.112 seconds
[2026-01-05T17:42:01.925+0000] {processor.py:186} INFO - Started process (PID=3283) to work on /home/airflow/.local/lib/python3.12/site-packages/airflow/example_dags/example_params_ui_tutorial.py
[2026-01-05T17:42:01.926+0000] {processor.py:914} INFO - Processing file /home/airflow/.local/lib/python3.12/site-packages/airflow/example_dags/example_params_ui_tutorial.py for tasks to queue
[2026-01-05T17:42:01.930+0000] {logging_mixin.py:190} INFO - [2026-01-05T17:42:01.930+0000] {dagbag.py:587} INFO - Filling up the DagBag from /home/airflow/.local/lib/python3.12/site-packages/airflow/example_dags/example_params_ui_tutorial.py
[2026-01-05T17:42:01.943+0000] {processor.py:925} INFO - DAG(s) 'example_params_ui_tutorial' retrieved from /home/airflow/.local/lib/python3.12/site-packages/airflow/example_dags/example_params_ui_tutorial.py
[2026-01-05T17:42:02.000+0000] {logging_mixin.py:190} INFO - [2026-01-05T17:42:01.999+0000] {dag.py:3211} INFO - Sync 1 DAGs
[2026-01-05T17:42:02.023+0000] {logging_mixin.py:190} INFO - [2026-01-05T17:42:02.022+0000] {dag.py:4138} INFO - Setting next_dagrun for example_params_ui_tutorial to None, run_after=None
[2026-01-05T17:42:02.056+0000] {processor.py:208} INFO - Processing /home/airflow/.local/lib/python3.12/site-packages/airflow/example_dags/example_params_ui_tutorial.py took 0.140 seconds
[2026-01-05T17:42:32.240+0000] {processor.py:186} INFO - Started process (PID=3349) to work on /home/airflow/.local/lib/python3.12/site-packages/airflow/example_dags/example_params_ui_tutorial.py
[2026-01-05T17:42:32.242+0000] {processor.py:914} INFO - Processing file /home/airflow/.local/lib/python3.12/site-packages/airflow/example_dags/example_params_ui_tutorial.py for tasks to queue
[2026-01-05T17:42:32.246+0000] {logging_mixin.py:190} INFO - [2026-01-05T17:42:32.246+0000] {dagbag.py:587} INFO - Filling up the DagBag from /home/airflow/.local/lib/python3.12/site-packages/airflow/example_dags/example_params_ui_tutorial.py
[2026-01-05T17:42:32.259+0000] {processor.py:925} INFO - DAG(s) 'example_params_ui_tutorial' retrieved from /home/airflow/.local/lib/python3.12/site-packages/airflow/example_dags/example_params_ui_tutorial.py
[2026-01-05T17:42:32.325+0000] {logging_mixin.py:190} INFO - [2026-01-05T17:42:32.324+0000] {dag.py:3211} INFO - Sync 1 DAGs
[2026-01-05T17:42:32.341+0000] {logging_mixin.py:190} INFO - [2026-01-05T17:42:32.341+0000] {dag.py:4138} INFO - Setting next_dagrun for example_params_ui_tutorial to None, run_after=None
[2026-01-05T17:42:32.368+0000] {processor.py:208} INFO - Processing /home/airflow/.local/lib/python3.12/site-packages/airflow/example_dags/example_params_ui_tutorial.py took 0.139 seconds
[2026-01-05T17:43:02.723+0000] {processor.py:186} INFO - Started process (PID=3416) to work on /home/airflow/.local/lib/python3.12/site-packages/airflow/example_dags/example_params_ui_tutorial.py
[2026-01-05T17:43:02.725+0000] {processor.py:914} INFO - Processing file /home/airflow/.local/lib/python3.12/site-packages/airflow/example_dags/example_params_ui_tutorial.py for tasks to queue
[2026-01-05T17:43:02.729+0000] {logging_mixin.py:190} INFO - [2026-01-05T17:43:02.728+0000] {dagbag.py:587} INFO - Filling up the DagBag from /home/airflow/.local/lib/python3.12/site-packages/airflow/example_dags/example_params_ui_tutorial.py
[2026-01-05T17:43:02.739+0000] {processor.py:925} INFO - DAG(s) 'example_params_ui_tutorial' retrieved from /home/airflow/.local/lib/python3.12/site-packages/airflow/example_dags/example_params_ui_tutorial.py
[2026-01-05T17:43:02.809+0000] {logging_mixin.py:190} INFO - [2026-01-05T17:43:02.809+0000] {dag.py:3211} INFO - Sync 1 DAGs
[2026-01-05T17:43:02.831+0000] {logging_mixin.py:190} INFO - [2026-01-05T17:43:02.831+0000] {dag.py:4138} INFO - Setting next_dagrun for example_params_ui_tutorial to None, run_after=None
[2026-01-05T17:43:02.860+0000] {processor.py:208} INFO - Processing /home/airflow/.local/lib/python3.12/site-packages/airflow/example_dags/example_params_ui_tutorial.py took 0.146 seconds
[2026-01-05T17:43:33.651+0000] {processor.py:186} INFO - Started process (PID=3482) to work on /home/airflow/.local/lib/python3.12/site-packages/airflow/example_dags/example_params_ui_tutorial.py
[2026-01-05T17:43:33.653+0000] {processor.py:914} INFO - Processing file /home/airflow/.local/lib/python3.12/site-packages/airflow/example_dags/example_params_ui_tutorial.py for tasks to queue
[2026-01-05T17:43:33.657+0000] {logging_mixin.py:190} INFO - [2026-01-05T17:43:33.656+0000] {dagbag.py:587} INFO - Filling up the DagBag from /home/airflow/.local/lib/python3.12/site-packages/airflow/example_dags/example_params_ui_tutorial.py
[2026-01-05T17:43:33.668+0000] {processor.py:925} INFO - DAG(s) 'example_params_ui_tutorial' retrieved from /home/airflow/.local/lib/python3.12/site-packages/airflow/example_dags/example_params_ui_tutorial.py
[2026-01-05T17:43:33.727+0000] {logging_mixin.py:190} INFO - [2026-01-05T17:43:33.727+0000] {dag.py:3211} INFO - Sync 1 DAGs
[2026-01-05T17:43:33.749+0000] {logging_mixin.py:190} INFO - [2026-01-05T17:43:33.749+0000] {dag.py:4138} INFO - Setting next_dagrun for example_params_ui_tutorial to None, run_after=None
[2026-01-05T17:43:33.777+0000] {processor.py:208} INFO - Processing /home/airflow/.local/lib/python3.12/site-packages/airflow/example_dags/example_params_ui_tutorial.py took 0.136 seconds
[2026-01-05T17:44:04.403+0000] {processor.py:186} INFO - Started process (PID=3547) to work on /home/airflow/.local/lib/python3.12/site-packages/airflow/example_dags/example_params_ui_tutorial.py
[2026-01-05T17:44:04.405+0000] {processor.py:914} INFO - Processing file /home/airflow/.local/lib/python3.12/site-packages/airflow/example_dags/example_params_ui_tutorial.py for tasks to queue
[2026-01-05T17:44:04.409+0000] {logging_mixin.py:190} INFO - [2026-01-05T17:44:04.409+0000] {dagbag.py:587} INFO - Filling up the DagBag from /home/airflow/.local/lib/python3.12/site-packages/airflow/example_dags/example_params_ui_tutorial.py
[2026-01-05T17:44:04.419+0000] {processor.py:925} INFO - DAG(s) 'example_params_ui_tutorial' retrieved from /home/airflow/.local/lib/python3.12/site-packages/airflow/example_dags/example_params_ui_tutorial.py
[2026-01-05T17:44:04.473+0000] {logging_mixin.py:190} INFO - [2026-01-05T17:44:04.473+0000] {dag.py:3211} INFO - Sync 1 DAGs
[2026-01-05T17:44:04.499+0000] {logging_mixin.py:190} INFO - [2026-01-05T17:44:04.499+0000] {dag.py:4138} INFO - Setting next_dagrun for example_params_ui_tutorial to None, run_after=None
[2026-01-05T17:44:04.525+0000] {processor.py:208} INFO - Processing /home/airflow/.local/lib/python3.12/site-packages/airflow/example_dags/example_params_ui_tutorial.py took 0.131 seconds
[2026-01-05T17:44:35.180+0000] {processor.py:186} INFO - Started process (PID=3614) to work on /home/airflow/.local/lib/python3.12/site-packages/airflow/example_dags/example_params_ui_tutorial.py
[2026-01-05T17:44:35.182+0000] {processor.py:914} INFO - Processing file /home/airflow/.local/lib/python3.12/site-packages/airflow/example_dags/example_params_ui_tutorial.py for tasks to queue
[2026-01-05T17:44:35.187+0000] {logging_mixin.py:190} INFO - [2026-01-05T17:44:35.186+0000] {dagbag.py:587} INFO - Filling up the DagBag from /home/airflow/.local/lib/python3.12/site-packages/airflow/example_dags/example_params_ui_tutorial.py
[2026-01-05T17:44:35.206+0000] {processor.py:925} INFO - DAG(s) 'example_params_ui_tutorial' retrieved from /home/airflow/.local/lib/python3.12/site-packages/airflow/example_dags/example_params_ui_tutorial.py
[2026-01-05T17:44:35.269+0000] {logging_mixin.py:190} INFO - [2026-01-05T17:44:35.269+0000] {dag.py:3211} INFO - Sync 1 DAGs
[2026-01-05T17:44:35.295+0000] {logging_mixin.py:190} INFO - [2026-01-05T17:44:35.294+0000] {dag.py:4138} INFO - Setting next_dagrun for example_params_ui_tutorial to None, run_after=None
[2026-01-05T17:44:35.325+0000] {processor.py:208} INFO - Processing /home/airflow/.local/lib/python3.12/site-packages/airflow/example_dags/example_params_ui_tutorial.py took 0.155 seconds
[2026-01-05T17:45:05.927+0000] {processor.py:186} INFO - Started process (PID=3679) to work on /home/airflow/.local/lib/python3.12/site-packages/airflow/example_dags/example_params_ui_tutorial.py
[2026-01-05T17:45:05.928+0000] {processor.py:914} INFO - Processing file /home/airflow/.local/lib/python3.12/site-packages/airflow/example_dags/example_params_ui_tutorial.py for tasks to queue
[2026-01-05T17:45:05.932+0000] {logging_mixin.py:190} INFO - [2026-01-05T17:45:05.932+0000] {dagbag.py:587} INFO - Filling up the DagBag from /home/airflow/.local/lib/python3.12/site-packages/airflow/example_dags/example_params_ui_tutorial.py
[2026-01-05T17:45:05.940+0000] {processor.py:925} INFO - DAG(s) 'example_params_ui_tutorial' retrieved from /home/airflow/.local/lib/python3.12/site-packages/airflow/example_dags/example_params_ui_tutorial.py
[2026-01-05T17:45:06.002+0000] {logging_mixin.py:190} INFO - [2026-01-05T17:45:06.001+0000] {dag.py:3211} INFO - Sync 1 DAGs
[2026-01-05T17:45:06.019+0000] {logging_mixin.py:190} INFO - [2026-01-05T17:45:06.018+0000] {dag.py:4138} INFO - Setting next_dagrun for example_params_ui_tutorial to None, run_after=None
[2026-01-05T17:45:06.047+0000] {processor.py:208} INFO - Processing /home/airflow/.local/lib/python3.12/site-packages/airflow/example_dags/example_params_ui_tutorial.py took 0.128 seconds
