[2026-01-05T17:17:54.578+0000] {processor.py:186} INFO - Started process (PID=159) to work on /home/airflow/.local/lib/python3.12/site-packages/airflow/example_dags/example_task_group.py
[2026-01-05T17:17:54.582+0000] {processor.py:914} INFO - Processing file /home/airflow/.local/lib/python3.12/site-packages/airflow/example_dags/example_task_group.py for tasks to queue
[2026-01-05T17:17:54.589+0000] {logging_mixin.py:190} INFO - [2026-01-05T17:17:54.588+0000] {dagbag.py:587} INFO - Filling up the DagBag from /home/airflow/.local/lib/python3.12/site-packages/airflow/example_dags/example_task_group.py
[2026-01-05T17:17:54.619+0000] {processor.py:925} INFO - DAG(s) 'example_task_group' retrieved from /home/airflow/.local/lib/python3.12/site-packages/airflow/example_dags/example_task_group.py
[2026-01-05T17:17:54.720+0000] {logging_mixin.py:190} INFO - [2026-01-05T17:17:54.719+0000] {dag.py:3211} INFO - Sync 1 DAGs
[2026-01-05T17:17:54.811+0000] {logging_mixin.py:190} INFO - [2026-01-05T17:17:54.810+0000] {dag.py:4138} INFO - Setting next_dagrun for example_task_group to 2026-01-04 00:00:00+00:00, run_after=2026-01-05 00:00:00+00:00
[2026-01-05T17:17:54.870+0000] {processor.py:208} INFO - Processing /home/airflow/.local/lib/python3.12/site-packages/airflow/example_dags/example_task_group.py took 0.307 seconds
[2026-01-05T17:18:28.874+0000] {processor.py:186} INFO - Started process (PID=232) to work on /home/airflow/.local/lib/python3.12/site-packages/airflow/example_dags/example_task_group.py
[2026-01-05T17:18:28.876+0000] {processor.py:914} INFO - Processing file /home/airflow/.local/lib/python3.12/site-packages/airflow/example_dags/example_task_group.py for tasks to queue
[2026-01-05T17:18:28.880+0000] {logging_mixin.py:190} INFO - [2026-01-05T17:18:28.880+0000] {dagbag.py:587} INFO - Filling up the DagBag from /home/airflow/.local/lib/python3.12/site-packages/airflow/example_dags/example_task_group.py
[2026-01-05T17:18:28.891+0000] {processor.py:925} INFO - DAG(s) 'example_task_group' retrieved from /home/airflow/.local/lib/python3.12/site-packages/airflow/example_dags/example_task_group.py
[2026-01-05T17:18:28.916+0000] {logging_mixin.py:190} INFO - [2026-01-05T17:18:28.916+0000] {dag.py:3211} INFO - Sync 1 DAGs
[2026-01-05T17:18:28.945+0000] {logging_mixin.py:190} INFO - [2026-01-05T17:18:28.945+0000] {dag.py:4138} INFO - Setting next_dagrun for example_task_group to 2026-01-04 00:00:00+00:00, run_after=2026-01-05 00:00:00+00:00
[2026-01-05T17:18:28.973+0000] {processor.py:208} INFO - Processing /home/airflow/.local/lib/python3.12/site-packages/airflow/example_dags/example_task_group.py took 0.107 seconds
[2026-01-05T17:18:59.370+0000] {processor.py:186} INFO - Started process (PID=298) to work on /home/airflow/.local/lib/python3.12/site-packages/airflow/example_dags/example_task_group.py
[2026-01-05T17:18:59.372+0000] {processor.py:914} INFO - Processing file /home/airflow/.local/lib/python3.12/site-packages/airflow/example_dags/example_task_group.py for tasks to queue
[2026-01-05T17:18:59.380+0000] {logging_mixin.py:190} INFO - [2026-01-05T17:18:59.378+0000] {dagbag.py:587} INFO - Filling up the DagBag from /home/airflow/.local/lib/python3.12/site-packages/airflow/example_dags/example_task_group.py
[2026-01-05T17:18:59.397+0000] {processor.py:925} INFO - DAG(s) 'example_task_group' retrieved from /home/airflow/.local/lib/python3.12/site-packages/airflow/example_dags/example_task_group.py
[2026-01-05T17:18:59.453+0000] {logging_mixin.py:190} INFO - [2026-01-05T17:18:59.452+0000] {dag.py:3211} INFO - Sync 1 DAGs
[2026-01-05T17:18:59.491+0000] {logging_mixin.py:190} INFO - [2026-01-05T17:18:59.491+0000] {dag.py:4138} INFO - Setting next_dagrun for example_task_group to 2026-01-04 00:00:00+00:00, run_after=2026-01-05 00:00:00+00:00
[2026-01-05T17:18:59.517+0000] {processor.py:208} INFO - Processing /home/airflow/.local/lib/python3.12/site-packages/airflow/example_dags/example_task_group.py took 0.162 seconds
[2026-01-05T17:19:30.026+0000] {processor.py:186} INFO - Started process (PID=364) to work on /home/airflow/.local/lib/python3.12/site-packages/airflow/example_dags/example_task_group.py
[2026-01-05T17:19:30.028+0000] {processor.py:914} INFO - Processing file /home/airflow/.local/lib/python3.12/site-packages/airflow/example_dags/example_task_group.py for tasks to queue
[2026-01-05T17:19:30.034+0000] {logging_mixin.py:190} INFO - [2026-01-05T17:19:30.033+0000] {dagbag.py:587} INFO - Filling up the DagBag from /home/airflow/.local/lib/python3.12/site-packages/airflow/example_dags/example_task_group.py
[2026-01-05T17:19:30.045+0000] {processor.py:925} INFO - DAG(s) 'example_task_group' retrieved from /home/airflow/.local/lib/python3.12/site-packages/airflow/example_dags/example_task_group.py
[2026-01-05T17:19:30.077+0000] {logging_mixin.py:190} INFO - [2026-01-05T17:19:30.077+0000] {dag.py:3211} INFO - Sync 1 DAGs
[2026-01-05T17:19:30.104+0000] {logging_mixin.py:190} INFO - [2026-01-05T17:19:30.104+0000] {dag.py:4138} INFO - Setting next_dagrun for example_task_group to 2026-01-04 00:00:00+00:00, run_after=2026-01-05 00:00:00+00:00
[2026-01-05T17:19:30.126+0000] {processor.py:208} INFO - Processing /home/airflow/.local/lib/python3.12/site-packages/airflow/example_dags/example_task_group.py took 0.108 seconds
[2026-01-05T17:20:00.578+0000] {processor.py:186} INFO - Started process (PID=430) to work on /home/airflow/.local/lib/python3.12/site-packages/airflow/example_dags/example_task_group.py
[2026-01-05T17:20:00.579+0000] {processor.py:914} INFO - Processing file /home/airflow/.local/lib/python3.12/site-packages/airflow/example_dags/example_task_group.py for tasks to queue
[2026-01-05T17:20:00.587+0000] {logging_mixin.py:190} INFO - [2026-01-05T17:20:00.586+0000] {dagbag.py:587} INFO - Filling up the DagBag from /home/airflow/.local/lib/python3.12/site-packages/airflow/example_dags/example_task_group.py
[2026-01-05T17:20:00.602+0000] {processor.py:925} INFO - DAG(s) 'example_task_group' retrieved from /home/airflow/.local/lib/python3.12/site-packages/airflow/example_dags/example_task_group.py
[2026-01-05T17:20:00.637+0000] {logging_mixin.py:190} INFO - [2026-01-05T17:20:00.637+0000] {dag.py:3211} INFO - Sync 1 DAGs
[2026-01-05T17:20:00.669+0000] {logging_mixin.py:190} INFO - [2026-01-05T17:20:00.669+0000] {dag.py:4138} INFO - Setting next_dagrun for example_task_group to 2026-01-04 00:00:00+00:00, run_after=2026-01-05 00:00:00+00:00
[2026-01-05T17:20:00.690+0000] {processor.py:208} INFO - Processing /home/airflow/.local/lib/python3.12/site-packages/airflow/example_dags/example_task_group.py took 0.124 seconds
[2026-01-05T17:20:32.959+0000] {processor.py:186} INFO - Started process (PID=496) to work on /home/airflow/.local/lib/python3.12/site-packages/airflow/example_dags/example_task_group.py
[2026-01-05T17:20:32.961+0000] {processor.py:914} INFO - Processing file /home/airflow/.local/lib/python3.12/site-packages/airflow/example_dags/example_task_group.py for tasks to queue
[2026-01-05T17:20:32.965+0000] {logging_mixin.py:190} INFO - [2026-01-05T17:20:32.965+0000] {dagbag.py:587} INFO - Filling up the DagBag from /home/airflow/.local/lib/python3.12/site-packages/airflow/example_dags/example_task_group.py
[2026-01-05T17:20:32.976+0000] {processor.py:925} INFO - DAG(s) 'example_task_group' retrieved from /home/airflow/.local/lib/python3.12/site-packages/airflow/example_dags/example_task_group.py
[2026-01-05T17:20:33.013+0000] {logging_mixin.py:190} INFO - [2026-01-05T17:20:33.012+0000] {dag.py:3211} INFO - Sync 1 DAGs
[2026-01-05T17:20:33.051+0000] {logging_mixin.py:190} INFO - [2026-01-05T17:20:33.051+0000] {dag.py:4138} INFO - Setting next_dagrun for example_task_group to 2026-01-04 00:00:00+00:00, run_after=2026-01-05 00:00:00+00:00
[2026-01-05T17:20:33.092+0000] {processor.py:208} INFO - Processing /home/airflow/.local/lib/python3.12/site-packages/airflow/example_dags/example_task_group.py took 0.142 seconds
[2026-01-05T17:21:04.026+0000] {processor.py:186} INFO - Started process (PID=562) to work on /home/airflow/.local/lib/python3.12/site-packages/airflow/example_dags/example_task_group.py
[2026-01-05T17:21:04.028+0000] {processor.py:914} INFO - Processing file /home/airflow/.local/lib/python3.12/site-packages/airflow/example_dags/example_task_group.py for tasks to queue
[2026-01-05T17:21:04.034+0000] {logging_mixin.py:190} INFO - [2026-01-05T17:21:04.033+0000] {dagbag.py:587} INFO - Filling up the DagBag from /home/airflow/.local/lib/python3.12/site-packages/airflow/example_dags/example_task_group.py
[2026-01-05T17:21:04.044+0000] {processor.py:925} INFO - DAG(s) 'example_task_group' retrieved from /home/airflow/.local/lib/python3.12/site-packages/airflow/example_dags/example_task_group.py
[2026-01-05T17:21:04.072+0000] {logging_mixin.py:190} INFO - [2026-01-05T17:21:04.072+0000] {dag.py:3211} INFO - Sync 1 DAGs
[2026-01-05T17:21:04.102+0000] {logging_mixin.py:190} INFO - [2026-01-05T17:21:04.102+0000] {dag.py:4138} INFO - Setting next_dagrun for example_task_group to 2026-01-04 00:00:00+00:00, run_after=2026-01-05 00:00:00+00:00
[2026-01-05T17:21:04.130+0000] {processor.py:208} INFO - Processing /home/airflow/.local/lib/python3.12/site-packages/airflow/example_dags/example_task_group.py took 0.115 seconds
[2026-01-05T17:21:34.251+0000] {processor.py:186} INFO - Started process (PID=628) to work on /home/airflow/.local/lib/python3.12/site-packages/airflow/example_dags/example_task_group.py
[2026-01-05T17:21:34.252+0000] {processor.py:914} INFO - Processing file /home/airflow/.local/lib/python3.12/site-packages/airflow/example_dags/example_task_group.py for tasks to queue
[2026-01-05T17:21:34.256+0000] {logging_mixin.py:190} INFO - [2026-01-05T17:21:34.255+0000] {dagbag.py:587} INFO - Filling up the DagBag from /home/airflow/.local/lib/python3.12/site-packages/airflow/example_dags/example_task_group.py
[2026-01-05T17:21:34.266+0000] {processor.py:925} INFO - DAG(s) 'example_task_group' retrieved from /home/airflow/.local/lib/python3.12/site-packages/airflow/example_dags/example_task_group.py
[2026-01-05T17:21:34.295+0000] {logging_mixin.py:190} INFO - [2026-01-05T17:21:34.295+0000] {dag.py:3211} INFO - Sync 1 DAGs
[2026-01-05T17:21:34.320+0000] {logging_mixin.py:190} INFO - [2026-01-05T17:21:34.320+0000] {dag.py:4138} INFO - Setting next_dagrun for example_task_group to 2026-01-04 00:00:00+00:00, run_after=2026-01-05 00:00:00+00:00
[2026-01-05T17:21:34.344+0000] {processor.py:208} INFO - Processing /home/airflow/.local/lib/python3.12/site-packages/airflow/example_dags/example_task_group.py took 0.100 seconds
[2026-01-05T17:22:05.264+0000] {processor.py:186} INFO - Started process (PID=694) to work on /home/airflow/.local/lib/python3.12/site-packages/airflow/example_dags/example_task_group.py
[2026-01-05T17:22:05.266+0000] {processor.py:914} INFO - Processing file /home/airflow/.local/lib/python3.12/site-packages/airflow/example_dags/example_task_group.py for tasks to queue
[2026-01-05T17:22:05.269+0000] {logging_mixin.py:190} INFO - [2026-01-05T17:22:05.269+0000] {dagbag.py:587} INFO - Filling up the DagBag from /home/airflow/.local/lib/python3.12/site-packages/airflow/example_dags/example_task_group.py
[2026-01-05T17:22:05.280+0000] {processor.py:925} INFO - DAG(s) 'example_task_group' retrieved from /home/airflow/.local/lib/python3.12/site-packages/airflow/example_dags/example_task_group.py
[2026-01-05T17:22:05.305+0000] {logging_mixin.py:190} INFO - [2026-01-05T17:22:05.305+0000] {dag.py:3211} INFO - Sync 1 DAGs
[2026-01-05T17:22:05.332+0000] {logging_mixin.py:190} INFO - [2026-01-05T17:22:05.332+0000] {dag.py:4138} INFO - Setting next_dagrun for example_task_group to 2026-01-04 00:00:00+00:00, run_after=2026-01-05 00:00:00+00:00
[2026-01-05T17:22:05.356+0000] {processor.py:208} INFO - Processing /home/airflow/.local/lib/python3.12/site-packages/airflow/example_dags/example_task_group.py took 0.098 seconds
[2026-01-05T17:22:35.774+0000] {processor.py:186} INFO - Started process (PID=760) to work on /home/airflow/.local/lib/python3.12/site-packages/airflow/example_dags/example_task_group.py
[2026-01-05T17:22:35.776+0000] {processor.py:914} INFO - Processing file /home/airflow/.local/lib/python3.12/site-packages/airflow/example_dags/example_task_group.py for tasks to queue
[2026-01-05T17:22:35.780+0000] {logging_mixin.py:190} INFO - [2026-01-05T17:22:35.779+0000] {dagbag.py:587} INFO - Filling up the DagBag from /home/airflow/.local/lib/python3.12/site-packages/airflow/example_dags/example_task_group.py
[2026-01-05T17:22:35.788+0000] {processor.py:925} INFO - DAG(s) 'example_task_group' retrieved from /home/airflow/.local/lib/python3.12/site-packages/airflow/example_dags/example_task_group.py
[2026-01-05T17:22:35.819+0000] {logging_mixin.py:190} INFO - [2026-01-05T17:22:35.819+0000] {dag.py:3211} INFO - Sync 1 DAGs
[2026-01-05T17:22:35.852+0000] {logging_mixin.py:190} INFO - [2026-01-05T17:22:35.852+0000] {dag.py:4138} INFO - Setting next_dagrun for example_task_group to 2026-01-04 00:00:00+00:00, run_after=2026-01-05 00:00:00+00:00
[2026-01-05T17:22:35.879+0000] {processor.py:208} INFO - Processing /home/airflow/.local/lib/python3.12/site-packages/airflow/example_dags/example_task_group.py took 0.112 seconds
[2026-01-05T17:23:05.960+0000] {processor.py:186} INFO - Started process (PID=826) to work on /home/airflow/.local/lib/python3.12/site-packages/airflow/example_dags/example_task_group.py
[2026-01-05T17:23:05.962+0000] {processor.py:914} INFO - Processing file /home/airflow/.local/lib/python3.12/site-packages/airflow/example_dags/example_task_group.py for tasks to queue
[2026-01-05T17:23:05.966+0000] {logging_mixin.py:190} INFO - [2026-01-05T17:23:05.965+0000] {dagbag.py:587} INFO - Filling up the DagBag from /home/airflow/.local/lib/python3.12/site-packages/airflow/example_dags/example_task_group.py
[2026-01-05T17:23:05.976+0000] {processor.py:925} INFO - DAG(s) 'example_task_group' retrieved from /home/airflow/.local/lib/python3.12/site-packages/airflow/example_dags/example_task_group.py
[2026-01-05T17:23:06.007+0000] {logging_mixin.py:190} INFO - [2026-01-05T17:23:06.006+0000] {dag.py:3211} INFO - Sync 1 DAGs
[2026-01-05T17:23:06.030+0000] {logging_mixin.py:190} INFO - [2026-01-05T17:23:06.030+0000] {dag.py:4138} INFO - Setting next_dagrun for example_task_group to 2026-01-04 00:00:00+00:00, run_after=2026-01-05 00:00:00+00:00
[2026-01-05T17:23:06.050+0000] {processor.py:208} INFO - Processing /home/airflow/.local/lib/python3.12/site-packages/airflow/example_dags/example_task_group.py took 0.097 seconds
[2026-01-05T17:23:36.181+0000] {processor.py:186} INFO - Started process (PID=891) to work on /home/airflow/.local/lib/python3.12/site-packages/airflow/example_dags/example_task_group.py
[2026-01-05T17:23:36.183+0000] {processor.py:914} INFO - Processing file /home/airflow/.local/lib/python3.12/site-packages/airflow/example_dags/example_task_group.py for tasks to queue
[2026-01-05T17:23:36.187+0000] {logging_mixin.py:190} INFO - [2026-01-05T17:23:36.187+0000] {dagbag.py:587} INFO - Filling up the DagBag from /home/airflow/.local/lib/python3.12/site-packages/airflow/example_dags/example_task_group.py
[2026-01-05T17:23:36.201+0000] {processor.py:925} INFO - DAG(s) 'example_task_group' retrieved from /home/airflow/.local/lib/python3.12/site-packages/airflow/example_dags/example_task_group.py
[2026-01-05T17:23:36.232+0000] {logging_mixin.py:190} INFO - [2026-01-05T17:23:36.232+0000] {dag.py:3211} INFO - Sync 1 DAGs
[2026-01-05T17:23:36.256+0000] {logging_mixin.py:190} INFO - [2026-01-05T17:23:36.256+0000] {dag.py:4138} INFO - Setting next_dagrun for example_task_group to 2026-01-04 00:00:00+00:00, run_after=2026-01-05 00:00:00+00:00
[2026-01-05T17:23:36.281+0000] {processor.py:208} INFO - Processing /home/airflow/.local/lib/python3.12/site-packages/airflow/example_dags/example_task_group.py took 0.107 seconds
[2026-01-05T17:24:06.485+0000] {processor.py:186} INFO - Started process (PID=957) to work on /home/airflow/.local/lib/python3.12/site-packages/airflow/example_dags/example_task_group.py
[2026-01-05T17:24:06.488+0000] {processor.py:914} INFO - Processing file /home/airflow/.local/lib/python3.12/site-packages/airflow/example_dags/example_task_group.py for tasks to queue
[2026-01-05T17:24:06.494+0000] {logging_mixin.py:190} INFO - [2026-01-05T17:24:06.492+0000] {dagbag.py:587} INFO - Filling up the DagBag from /home/airflow/.local/lib/python3.12/site-packages/airflow/example_dags/example_task_group.py
[2026-01-05T17:24:06.504+0000] {processor.py:925} INFO - DAG(s) 'example_task_group' retrieved from /home/airflow/.local/lib/python3.12/site-packages/airflow/example_dags/example_task_group.py
[2026-01-05T17:24:06.532+0000] {logging_mixin.py:190} INFO - [2026-01-05T17:24:06.532+0000] {dag.py:3211} INFO - Sync 1 DAGs
[2026-01-05T17:24:06.563+0000] {logging_mixin.py:190} INFO - [2026-01-05T17:24:06.563+0000] {dag.py:4138} INFO - Setting next_dagrun for example_task_group to 2026-01-04 00:00:00+00:00, run_after=2026-01-05 00:00:00+00:00
[2026-01-05T17:24:06.589+0000] {processor.py:208} INFO - Processing /home/airflow/.local/lib/python3.12/site-packages/airflow/example_dags/example_task_group.py took 0.114 seconds
[2026-01-05T17:24:37.171+0000] {processor.py:186} INFO - Started process (PID=1023) to work on /home/airflow/.local/lib/python3.12/site-packages/airflow/example_dags/example_task_group.py
[2026-01-05T17:24:37.172+0000] {processor.py:914} INFO - Processing file /home/airflow/.local/lib/python3.12/site-packages/airflow/example_dags/example_task_group.py for tasks to queue
[2026-01-05T17:24:37.175+0000] {logging_mixin.py:190} INFO - [2026-01-05T17:24:37.175+0000] {dagbag.py:587} INFO - Filling up the DagBag from /home/airflow/.local/lib/python3.12/site-packages/airflow/example_dags/example_task_group.py
[2026-01-05T17:24:37.183+0000] {processor.py:925} INFO - DAG(s) 'example_task_group' retrieved from /home/airflow/.local/lib/python3.12/site-packages/airflow/example_dags/example_task_group.py
[2026-01-05T17:24:37.202+0000] {logging_mixin.py:190} INFO - [2026-01-05T17:24:37.202+0000] {dag.py:3211} INFO - Sync 1 DAGs
[2026-01-05T17:24:37.235+0000] {logging_mixin.py:190} INFO - [2026-01-05T17:24:37.235+0000] {dag.py:4138} INFO - Setting next_dagrun for example_task_group to 2026-01-04 00:00:00+00:00, run_after=2026-01-05 00:00:00+00:00
[2026-01-05T17:24:37.262+0000] {processor.py:208} INFO - Processing /home/airflow/.local/lib/python3.12/site-packages/airflow/example_dags/example_task_group.py took 0.096 seconds
[2026-01-05T17:25:07.596+0000] {processor.py:186} INFO - Started process (PID=1089) to work on /home/airflow/.local/lib/python3.12/site-packages/airflow/example_dags/example_task_group.py
[2026-01-05T17:25:07.598+0000] {processor.py:914} INFO - Processing file /home/airflow/.local/lib/python3.12/site-packages/airflow/example_dags/example_task_group.py for tasks to queue
[2026-01-05T17:25:07.601+0000] {logging_mixin.py:190} INFO - [2026-01-05T17:25:07.601+0000] {dagbag.py:587} INFO - Filling up the DagBag from /home/airflow/.local/lib/python3.12/site-packages/airflow/example_dags/example_task_group.py
[2026-01-05T17:25:07.610+0000] {processor.py:925} INFO - DAG(s) 'example_task_group' retrieved from /home/airflow/.local/lib/python3.12/site-packages/airflow/example_dags/example_task_group.py
[2026-01-05T17:25:07.630+0000] {logging_mixin.py:190} INFO - [2026-01-05T17:25:07.630+0000] {dag.py:3211} INFO - Sync 1 DAGs
[2026-01-05T17:25:07.657+0000] {logging_mixin.py:190} INFO - [2026-01-05T17:25:07.657+0000] {dag.py:4138} INFO - Setting next_dagrun for example_task_group to 2026-01-04 00:00:00+00:00, run_after=2026-01-05 00:00:00+00:00
[2026-01-05T17:25:07.677+0000] {processor.py:208} INFO - Processing /home/airflow/.local/lib/python3.12/site-packages/airflow/example_dags/example_task_group.py took 0.089 seconds
[2026-01-05T17:25:38.180+0000] {processor.py:186} INFO - Started process (PID=1155) to work on /home/airflow/.local/lib/python3.12/site-packages/airflow/example_dags/example_task_group.py
[2026-01-05T17:25:38.182+0000] {processor.py:914} INFO - Processing file /home/airflow/.local/lib/python3.12/site-packages/airflow/example_dags/example_task_group.py for tasks to queue
[2026-01-05T17:25:38.187+0000] {logging_mixin.py:190} INFO - [2026-01-05T17:25:38.186+0000] {dagbag.py:587} INFO - Filling up the DagBag from /home/airflow/.local/lib/python3.12/site-packages/airflow/example_dags/example_task_group.py
[2026-01-05T17:25:38.200+0000] {processor.py:925} INFO - DAG(s) 'example_task_group' retrieved from /home/airflow/.local/lib/python3.12/site-packages/airflow/example_dags/example_task_group.py
[2026-01-05T17:25:38.237+0000] {logging_mixin.py:190} INFO - [2026-01-05T17:25:38.236+0000] {dag.py:3211} INFO - Sync 1 DAGs
[2026-01-05T17:25:38.269+0000] {logging_mixin.py:190} INFO - [2026-01-05T17:25:38.269+0000] {dag.py:4138} INFO - Setting next_dagrun for example_task_group to 2026-01-04 00:00:00+00:00, run_after=2026-01-05 00:00:00+00:00
[2026-01-05T17:25:38.290+0000] {processor.py:208} INFO - Processing /home/airflow/.local/lib/python3.12/site-packages/airflow/example_dags/example_task_group.py took 0.117 seconds
[2026-01-05T17:26:08.774+0000] {processor.py:186} INFO - Started process (PID=1221) to work on /home/airflow/.local/lib/python3.12/site-packages/airflow/example_dags/example_task_group.py
[2026-01-05T17:26:08.776+0000] {processor.py:914} INFO - Processing file /home/airflow/.local/lib/python3.12/site-packages/airflow/example_dags/example_task_group.py for tasks to queue
[2026-01-05T17:26:08.782+0000] {logging_mixin.py:190} INFO - [2026-01-05T17:26:08.781+0000] {dagbag.py:587} INFO - Filling up the DagBag from /home/airflow/.local/lib/python3.12/site-packages/airflow/example_dags/example_task_group.py
[2026-01-05T17:26:08.791+0000] {processor.py:925} INFO - DAG(s) 'example_task_group' retrieved from /home/airflow/.local/lib/python3.12/site-packages/airflow/example_dags/example_task_group.py
[2026-01-05T17:26:08.815+0000] {logging_mixin.py:190} INFO - [2026-01-05T17:26:08.814+0000] {dag.py:3211} INFO - Sync 1 DAGs
[2026-01-05T17:26:08.837+0000] {logging_mixin.py:190} INFO - [2026-01-05T17:26:08.836+0000] {dag.py:4138} INFO - Setting next_dagrun for example_task_group to 2026-01-04 00:00:00+00:00, run_after=2026-01-05 00:00:00+00:00
[2026-01-05T17:26:08.858+0000] {processor.py:208} INFO - Processing /home/airflow/.local/lib/python3.12/site-packages/airflow/example_dags/example_task_group.py took 0.097 seconds
[2026-01-05T17:26:39.338+0000] {processor.py:186} INFO - Started process (PID=1287) to work on /home/airflow/.local/lib/python3.12/site-packages/airflow/example_dags/example_task_group.py
[2026-01-05T17:26:39.339+0000] {processor.py:914} INFO - Processing file /home/airflow/.local/lib/python3.12/site-packages/airflow/example_dags/example_task_group.py for tasks to queue
[2026-01-05T17:26:39.343+0000] {logging_mixin.py:190} INFO - [2026-01-05T17:26:39.342+0000] {dagbag.py:587} INFO - Filling up the DagBag from /home/airflow/.local/lib/python3.12/site-packages/airflow/example_dags/example_task_group.py
[2026-01-05T17:26:39.352+0000] {processor.py:925} INFO - DAG(s) 'example_task_group' retrieved from /home/airflow/.local/lib/python3.12/site-packages/airflow/example_dags/example_task_group.py
[2026-01-05T17:26:39.381+0000] {logging_mixin.py:190} INFO - [2026-01-05T17:26:39.380+0000] {dag.py:3211} INFO - Sync 1 DAGs
[2026-01-05T17:26:39.406+0000] {logging_mixin.py:190} INFO - [2026-01-05T17:26:39.406+0000] {dag.py:4138} INFO - Setting next_dagrun for example_task_group to 2026-01-04 00:00:00+00:00, run_after=2026-01-05 00:00:00+00:00
[2026-01-05T17:26:39.428+0000] {processor.py:208} INFO - Processing /home/airflow/.local/lib/python3.12/site-packages/airflow/example_dags/example_task_group.py took 0.097 seconds
[2026-01-05T17:27:09.947+0000] {processor.py:186} INFO - Started process (PID=1353) to work on /home/airflow/.local/lib/python3.12/site-packages/airflow/example_dags/example_task_group.py
[2026-01-05T17:27:09.949+0000] {processor.py:914} INFO - Processing file /home/airflow/.local/lib/python3.12/site-packages/airflow/example_dags/example_task_group.py for tasks to queue
[2026-01-05T17:27:09.953+0000] {logging_mixin.py:190} INFO - [2026-01-05T17:27:09.953+0000] {dagbag.py:587} INFO - Filling up the DagBag from /home/airflow/.local/lib/python3.12/site-packages/airflow/example_dags/example_task_group.py
[2026-01-05T17:27:09.962+0000] {processor.py:925} INFO - DAG(s) 'example_task_group' retrieved from /home/airflow/.local/lib/python3.12/site-packages/airflow/example_dags/example_task_group.py
[2026-01-05T17:27:09.986+0000] {logging_mixin.py:190} INFO - [2026-01-05T17:27:09.986+0000] {dag.py:3211} INFO - Sync 1 DAGs
[2026-01-05T17:27:10.023+0000] {logging_mixin.py:190} INFO - [2026-01-05T17:27:10.023+0000] {dag.py:4138} INFO - Setting next_dagrun for example_task_group to 2026-01-04 00:00:00+00:00, run_after=2026-01-05 00:00:00+00:00
[2026-01-05T17:27:10.048+0000] {processor.py:208} INFO - Processing /home/airflow/.local/lib/python3.12/site-packages/airflow/example_dags/example_task_group.py took 0.109 seconds
[2026-01-05T17:27:40.139+0000] {processor.py:186} INFO - Started process (PID=1419) to work on /home/airflow/.local/lib/python3.12/site-packages/airflow/example_dags/example_task_group.py
[2026-01-05T17:27:40.141+0000] {processor.py:914} INFO - Processing file /home/airflow/.local/lib/python3.12/site-packages/airflow/example_dags/example_task_group.py for tasks to queue
[2026-01-05T17:27:40.145+0000] {logging_mixin.py:190} INFO - [2026-01-05T17:27:40.144+0000] {dagbag.py:587} INFO - Filling up the DagBag from /home/airflow/.local/lib/python3.12/site-packages/airflow/example_dags/example_task_group.py
[2026-01-05T17:27:40.152+0000] {processor.py:925} INFO - DAG(s) 'example_task_group' retrieved from /home/airflow/.local/lib/python3.12/site-packages/airflow/example_dags/example_task_group.py
[2026-01-05T17:27:40.177+0000] {logging_mixin.py:190} INFO - [2026-01-05T17:27:40.176+0000] {dag.py:3211} INFO - Sync 1 DAGs
[2026-01-05T17:27:40.206+0000] {logging_mixin.py:190} INFO - [2026-01-05T17:27:40.206+0000] {dag.py:4138} INFO - Setting next_dagrun for example_task_group to 2026-01-04 00:00:00+00:00, run_after=2026-01-05 00:00:00+00:00
[2026-01-05T17:27:40.230+0000] {processor.py:208} INFO - Processing /home/airflow/.local/lib/python3.12/site-packages/airflow/example_dags/example_task_group.py took 0.100 seconds
[2026-01-05T17:28:10.578+0000] {processor.py:186} INFO - Started process (PID=1485) to work on /home/airflow/.local/lib/python3.12/site-packages/airflow/example_dags/example_task_group.py
[2026-01-05T17:28:10.579+0000] {processor.py:914} INFO - Processing file /home/airflow/.local/lib/python3.12/site-packages/airflow/example_dags/example_task_group.py for tasks to queue
[2026-01-05T17:28:10.583+0000] {logging_mixin.py:190} INFO - [2026-01-05T17:28:10.583+0000] {dagbag.py:587} INFO - Filling up the DagBag from /home/airflow/.local/lib/python3.12/site-packages/airflow/example_dags/example_task_group.py
[2026-01-05T17:28:10.595+0000] {processor.py:925} INFO - DAG(s) 'example_task_group' retrieved from /home/airflow/.local/lib/python3.12/site-packages/airflow/example_dags/example_task_group.py
[2026-01-05T17:28:10.620+0000] {logging_mixin.py:190} INFO - [2026-01-05T17:28:10.619+0000] {dag.py:3211} INFO - Sync 1 DAGs
[2026-01-05T17:28:10.647+0000] {logging_mixin.py:190} INFO - [2026-01-05T17:28:10.647+0000] {dag.py:4138} INFO - Setting next_dagrun for example_task_group to 2026-01-04 00:00:00+00:00, run_after=2026-01-05 00:00:00+00:00
[2026-01-05T17:28:10.667+0000] {processor.py:208} INFO - Processing /home/airflow/.local/lib/python3.12/site-packages/airflow/example_dags/example_task_group.py took 0.098 seconds
[2026-01-05T17:28:41.656+0000] {processor.py:186} INFO - Started process (PID=1551) to work on /home/airflow/.local/lib/python3.12/site-packages/airflow/example_dags/example_task_group.py
[2026-01-05T17:28:41.658+0000] {processor.py:914} INFO - Processing file /home/airflow/.local/lib/python3.12/site-packages/airflow/example_dags/example_task_group.py for tasks to queue
[2026-01-05T17:28:41.661+0000] {logging_mixin.py:190} INFO - [2026-01-05T17:28:41.661+0000] {dagbag.py:587} INFO - Filling up the DagBag from /home/airflow/.local/lib/python3.12/site-packages/airflow/example_dags/example_task_group.py
[2026-01-05T17:28:41.670+0000] {processor.py:925} INFO - DAG(s) 'example_task_group' retrieved from /home/airflow/.local/lib/python3.12/site-packages/airflow/example_dags/example_task_group.py
[2026-01-05T17:28:41.693+0000] {logging_mixin.py:190} INFO - [2026-01-05T17:28:41.692+0000] {dag.py:3211} INFO - Sync 1 DAGs
[2026-01-05T17:28:41.715+0000] {logging_mixin.py:190} INFO - [2026-01-05T17:28:41.715+0000] {dag.py:4138} INFO - Setting next_dagrun for example_task_group to 2026-01-04 00:00:00+00:00, run_after=2026-01-05 00:00:00+00:00
[2026-01-05T17:28:41.736+0000] {processor.py:208} INFO - Processing /home/airflow/.local/lib/python3.12/site-packages/airflow/example_dags/example_task_group.py took 0.086 seconds
[2026-01-05T17:29:12.247+0000] {processor.py:186} INFO - Started process (PID=1617) to work on /home/airflow/.local/lib/python3.12/site-packages/airflow/example_dags/example_task_group.py
[2026-01-05T17:29:12.249+0000] {processor.py:914} INFO - Processing file /home/airflow/.local/lib/python3.12/site-packages/airflow/example_dags/example_task_group.py for tasks to queue
[2026-01-05T17:29:12.252+0000] {logging_mixin.py:190} INFO - [2026-01-05T17:29:12.251+0000] {dagbag.py:587} INFO - Filling up the DagBag from /home/airflow/.local/lib/python3.12/site-packages/airflow/example_dags/example_task_group.py
[2026-01-05T17:29:12.260+0000] {processor.py:925} INFO - DAG(s) 'example_task_group' retrieved from /home/airflow/.local/lib/python3.12/site-packages/airflow/example_dags/example_task_group.py
[2026-01-05T17:29:12.290+0000] {logging_mixin.py:190} INFO - [2026-01-05T17:29:12.290+0000] {dag.py:3211} INFO - Sync 1 DAGs
[2026-01-05T17:29:12.331+0000] {logging_mixin.py:190} INFO - [2026-01-05T17:29:12.330+0000] {dag.py:4138} INFO - Setting next_dagrun for example_task_group to 2026-01-04 00:00:00+00:00, run_after=2026-01-05 00:00:00+00:00
[2026-01-05T17:29:12.356+0000] {processor.py:208} INFO - Processing /home/airflow/.local/lib/python3.12/site-packages/airflow/example_dags/example_task_group.py took 0.115 seconds
[2026-01-05T17:29:42.954+0000] {processor.py:186} INFO - Started process (PID=1683) to work on /home/airflow/.local/lib/python3.12/site-packages/airflow/example_dags/example_task_group.py
[2026-01-05T17:29:42.955+0000] {processor.py:914} INFO - Processing file /home/airflow/.local/lib/python3.12/site-packages/airflow/example_dags/example_task_group.py for tasks to queue
[2026-01-05T17:29:42.958+0000] {logging_mixin.py:190} INFO - [2026-01-05T17:29:42.958+0000] {dagbag.py:587} INFO - Filling up the DagBag from /home/airflow/.local/lib/python3.12/site-packages/airflow/example_dags/example_task_group.py
[2026-01-05T17:29:42.967+0000] {processor.py:925} INFO - DAG(s) 'example_task_group' retrieved from /home/airflow/.local/lib/python3.12/site-packages/airflow/example_dags/example_task_group.py
[2026-01-05T17:29:43.004+0000] {logging_mixin.py:190} INFO - [2026-01-05T17:29:43.004+0000] {dag.py:3211} INFO - Sync 1 DAGs
[2026-01-05T17:29:43.036+0000] {logging_mixin.py:190} INFO - [2026-01-05T17:29:43.035+0000] {dag.py:4138} INFO - Setting next_dagrun for example_task_group to 2026-01-04 00:00:00+00:00, run_after=2026-01-05 00:00:00+00:00
[2026-01-05T17:29:43.062+0000] {processor.py:208} INFO - Processing /home/airflow/.local/lib/python3.12/site-packages/airflow/example_dags/example_task_group.py took 0.116 seconds
[2026-01-05T17:30:13.562+0000] {processor.py:186} INFO - Started process (PID=1749) to work on /home/airflow/.local/lib/python3.12/site-packages/airflow/example_dags/example_task_group.py
[2026-01-05T17:30:13.563+0000] {processor.py:914} INFO - Processing file /home/airflow/.local/lib/python3.12/site-packages/airflow/example_dags/example_task_group.py for tasks to queue
[2026-01-05T17:30:13.567+0000] {logging_mixin.py:190} INFO - [2026-01-05T17:30:13.566+0000] {dagbag.py:587} INFO - Filling up the DagBag from /home/airflow/.local/lib/python3.12/site-packages/airflow/example_dags/example_task_group.py
[2026-01-05T17:30:13.575+0000] {processor.py:925} INFO - DAG(s) 'example_task_group' retrieved from /home/airflow/.local/lib/python3.12/site-packages/airflow/example_dags/example_task_group.py
[2026-01-05T17:30:13.602+0000] {logging_mixin.py:190} INFO - [2026-01-05T17:30:13.601+0000] {dag.py:3211} INFO - Sync 1 DAGs
[2026-01-05T17:30:13.629+0000] {logging_mixin.py:190} INFO - [2026-01-05T17:30:13.628+0000] {dag.py:4138} INFO - Setting next_dagrun for example_task_group to 2026-01-04 00:00:00+00:00, run_after=2026-01-05 00:00:00+00:00
[2026-01-05T17:30:13.653+0000] {processor.py:208} INFO - Processing /home/airflow/.local/lib/python3.12/site-packages/airflow/example_dags/example_task_group.py took 0.098 seconds
[2026-01-05T17:30:44.565+0000] {processor.py:186} INFO - Started process (PID=1816) to work on /home/airflow/.local/lib/python3.12/site-packages/airflow/example_dags/example_task_group.py
[2026-01-05T17:30:44.566+0000] {processor.py:914} INFO - Processing file /home/airflow/.local/lib/python3.12/site-packages/airflow/example_dags/example_task_group.py for tasks to queue
[2026-01-05T17:30:44.569+0000] {logging_mixin.py:190} INFO - [2026-01-05T17:30:44.568+0000] {dagbag.py:587} INFO - Filling up the DagBag from /home/airflow/.local/lib/python3.12/site-packages/airflow/example_dags/example_task_group.py
[2026-01-05T17:30:44.576+0000] {processor.py:925} INFO - DAG(s) 'example_task_group' retrieved from /home/airflow/.local/lib/python3.12/site-packages/airflow/example_dags/example_task_group.py
[2026-01-05T17:30:44.600+0000] {logging_mixin.py:190} INFO - [2026-01-05T17:30:44.600+0000] {dag.py:3211} INFO - Sync 1 DAGs
[2026-01-05T17:30:44.622+0000] {logging_mixin.py:190} INFO - [2026-01-05T17:30:44.622+0000] {dag.py:4138} INFO - Setting next_dagrun for example_task_group to 2026-01-04 00:00:00+00:00, run_after=2026-01-05 00:00:00+00:00
[2026-01-05T17:30:44.639+0000] {processor.py:208} INFO - Processing /home/airflow/.local/lib/python3.12/site-packages/airflow/example_dags/example_task_group.py took 0.080 seconds
[2026-01-05T17:31:15.262+0000] {processor.py:186} INFO - Started process (PID=1882) to work on /home/airflow/.local/lib/python3.12/site-packages/airflow/example_dags/example_task_group.py
[2026-01-05T17:31:15.264+0000] {processor.py:914} INFO - Processing file /home/airflow/.local/lib/python3.12/site-packages/airflow/example_dags/example_task_group.py for tasks to queue
[2026-01-05T17:31:15.268+0000] {logging_mixin.py:190} INFO - [2026-01-05T17:31:15.267+0000] {dagbag.py:587} INFO - Filling up the DagBag from /home/airflow/.local/lib/python3.12/site-packages/airflow/example_dags/example_task_group.py
[2026-01-05T17:31:15.278+0000] {processor.py:925} INFO - DAG(s) 'example_task_group' retrieved from /home/airflow/.local/lib/python3.12/site-packages/airflow/example_dags/example_task_group.py
[2026-01-05T17:31:15.307+0000] {logging_mixin.py:190} INFO - [2026-01-05T17:31:15.307+0000] {dag.py:3211} INFO - Sync 1 DAGs
[2026-01-05T17:31:15.352+0000] {logging_mixin.py:190} INFO - [2026-01-05T17:31:15.352+0000] {dag.py:4138} INFO - Setting next_dagrun for example_task_group to 2026-01-04 00:00:00+00:00, run_after=2026-01-05 00:00:00+00:00
[2026-01-05T17:31:15.381+0000] {processor.py:208} INFO - Processing /home/airflow/.local/lib/python3.12/site-packages/airflow/example_dags/example_task_group.py took 0.128 seconds
[2026-01-05T17:31:45.942+0000] {processor.py:186} INFO - Started process (PID=1948) to work on /home/airflow/.local/lib/python3.12/site-packages/airflow/example_dags/example_task_group.py
[2026-01-05T17:31:45.944+0000] {processor.py:914} INFO - Processing file /home/airflow/.local/lib/python3.12/site-packages/airflow/example_dags/example_task_group.py for tasks to queue
[2026-01-05T17:31:45.947+0000] {logging_mixin.py:190} INFO - [2026-01-05T17:31:45.947+0000] {dagbag.py:587} INFO - Filling up the DagBag from /home/airflow/.local/lib/python3.12/site-packages/airflow/example_dags/example_task_group.py
[2026-01-05T17:31:45.957+0000] {processor.py:925} INFO - DAG(s) 'example_task_group' retrieved from /home/airflow/.local/lib/python3.12/site-packages/airflow/example_dags/example_task_group.py
[2026-01-05T17:31:45.987+0000] {logging_mixin.py:190} INFO - [2026-01-05T17:31:45.987+0000] {dag.py:3211} INFO - Sync 1 DAGs
[2026-01-05T17:31:46.022+0000] {logging_mixin.py:190} INFO - [2026-01-05T17:31:46.022+0000] {dag.py:4138} INFO - Setting next_dagrun for example_task_group to 2026-01-04 00:00:00+00:00, run_after=2026-01-05 00:00:00+00:00
[2026-01-05T17:31:46.051+0000] {processor.py:208} INFO - Processing /home/airflow/.local/lib/python3.12/site-packages/airflow/example_dags/example_task_group.py took 0.118 seconds
[2026-01-05T17:32:16.639+0000] {processor.py:186} INFO - Started process (PID=2014) to work on /home/airflow/.local/lib/python3.12/site-packages/airflow/example_dags/example_task_group.py
[2026-01-05T17:32:16.641+0000] {processor.py:914} INFO - Processing file /home/airflow/.local/lib/python3.12/site-packages/airflow/example_dags/example_task_group.py for tasks to queue
[2026-01-05T17:32:16.644+0000] {logging_mixin.py:190} INFO - [2026-01-05T17:32:16.644+0000] {dagbag.py:587} INFO - Filling up the DagBag from /home/airflow/.local/lib/python3.12/site-packages/airflow/example_dags/example_task_group.py
[2026-01-05T17:32:16.654+0000] {processor.py:925} INFO - DAG(s) 'example_task_group' retrieved from /home/airflow/.local/lib/python3.12/site-packages/airflow/example_dags/example_task_group.py
[2026-01-05T17:32:16.680+0000] {logging_mixin.py:190} INFO - [2026-01-05T17:32:16.679+0000] {dag.py:3211} INFO - Sync 1 DAGs
[2026-01-05T17:32:16.704+0000] {logging_mixin.py:190} INFO - [2026-01-05T17:32:16.704+0000] {dag.py:4138} INFO - Setting next_dagrun for example_task_group to 2026-01-04 00:00:00+00:00, run_after=2026-01-05 00:00:00+00:00
[2026-01-05T17:32:16.725+0000] {processor.py:208} INFO - Processing /home/airflow/.local/lib/python3.12/site-packages/airflow/example_dags/example_task_group.py took 0.094 seconds
[2026-01-05T17:32:47.935+0000] {processor.py:186} INFO - Started process (PID=2080) to work on /home/airflow/.local/lib/python3.12/site-packages/airflow/example_dags/example_task_group.py
[2026-01-05T17:32:47.937+0000] {processor.py:914} INFO - Processing file /home/airflow/.local/lib/python3.12/site-packages/airflow/example_dags/example_task_group.py for tasks to queue
[2026-01-05T17:32:47.940+0000] {logging_mixin.py:190} INFO - [2026-01-05T17:32:47.940+0000] {dagbag.py:587} INFO - Filling up the DagBag from /home/airflow/.local/lib/python3.12/site-packages/airflow/example_dags/example_task_group.py
[2026-01-05T17:32:47.947+0000] {processor.py:925} INFO - DAG(s) 'example_task_group' retrieved from /home/airflow/.local/lib/python3.12/site-packages/airflow/example_dags/example_task_group.py
[2026-01-05T17:32:47.975+0000] {logging_mixin.py:190} INFO - [2026-01-05T17:32:47.975+0000] {dag.py:3211} INFO - Sync 1 DAGs
[2026-01-05T17:32:48.165+0000] {logging_mixin.py:190} INFO - [2026-01-05T17:32:48.165+0000] {dag.py:4138} INFO - Setting next_dagrun for example_task_group to 2026-01-04 00:00:00+00:00, run_after=2026-01-05 00:00:00+00:00
[2026-01-05T17:32:48.187+0000] {processor.py:208} INFO - Processing /home/airflow/.local/lib/python3.12/site-packages/airflow/example_dags/example_task_group.py took 0.259 seconds
[2026-01-05T17:33:19.594+0000] {processor.py:186} INFO - Started process (PID=2146) to work on /home/airflow/.local/lib/python3.12/site-packages/airflow/example_dags/example_task_group.py
[2026-01-05T17:33:19.595+0000] {processor.py:914} INFO - Processing file /home/airflow/.local/lib/python3.12/site-packages/airflow/example_dags/example_task_group.py for tasks to queue
[2026-01-05T17:33:19.599+0000] {logging_mixin.py:190} INFO - [2026-01-05T17:33:19.598+0000] {dagbag.py:587} INFO - Filling up the DagBag from /home/airflow/.local/lib/python3.12/site-packages/airflow/example_dags/example_task_group.py
[2026-01-05T17:33:19.607+0000] {processor.py:925} INFO - DAG(s) 'example_task_group' retrieved from /home/airflow/.local/lib/python3.12/site-packages/airflow/example_dags/example_task_group.py
[2026-01-05T17:33:19.633+0000] {logging_mixin.py:190} INFO - [2026-01-05T17:33:19.632+0000] {dag.py:3211} INFO - Sync 1 DAGs
[2026-01-05T17:33:19.861+0000] {logging_mixin.py:190} INFO - [2026-01-05T17:33:19.861+0000] {dag.py:4138} INFO - Setting next_dagrun for example_task_group to 2026-01-04 00:00:00+00:00, run_after=2026-01-05 00:00:00+00:00
[2026-01-05T17:33:19.885+0000] {processor.py:208} INFO - Processing /home/airflow/.local/lib/python3.12/site-packages/airflow/example_dags/example_task_group.py took 0.300 seconds
[2026-01-05T17:33:50.470+0000] {processor.py:186} INFO - Started process (PID=2212) to work on /home/airflow/.local/lib/python3.12/site-packages/airflow/example_dags/example_task_group.py
[2026-01-05T17:33:50.472+0000] {processor.py:914} INFO - Processing file /home/airflow/.local/lib/python3.12/site-packages/airflow/example_dags/example_task_group.py for tasks to queue
[2026-01-05T17:33:50.477+0000] {logging_mixin.py:190} INFO - [2026-01-05T17:33:50.476+0000] {dagbag.py:587} INFO - Filling up the DagBag from /home/airflow/.local/lib/python3.12/site-packages/airflow/example_dags/example_task_group.py
[2026-01-05T17:33:50.487+0000] {processor.py:925} INFO - DAG(s) 'example_task_group' retrieved from /home/airflow/.local/lib/python3.12/site-packages/airflow/example_dags/example_task_group.py
[2026-01-05T17:33:50.515+0000] {logging_mixin.py:190} INFO - [2026-01-05T17:33:50.515+0000] {dag.py:3211} INFO - Sync 1 DAGs
[2026-01-05T17:33:50.744+0000] {logging_mixin.py:190} INFO - [2026-01-05T17:33:50.744+0000] {dag.py:4138} INFO - Setting next_dagrun for example_task_group to 2026-01-04 00:00:00+00:00, run_after=2026-01-05 00:00:00+00:00
[2026-01-05T17:33:50.771+0000] {processor.py:208} INFO - Processing /home/airflow/.local/lib/python3.12/site-packages/airflow/example_dags/example_task_group.py took 0.310 seconds
[2026-01-05T17:34:21.612+0000] {processor.py:186} INFO - Started process (PID=2278) to work on /home/airflow/.local/lib/python3.12/site-packages/airflow/example_dags/example_task_group.py
[2026-01-05T17:34:21.614+0000] {processor.py:914} INFO - Processing file /home/airflow/.local/lib/python3.12/site-packages/airflow/example_dags/example_task_group.py for tasks to queue
[2026-01-05T17:34:21.618+0000] {logging_mixin.py:190} INFO - [2026-01-05T17:34:21.618+0000] {dagbag.py:587} INFO - Filling up the DagBag from /home/airflow/.local/lib/python3.12/site-packages/airflow/example_dags/example_task_group.py
[2026-01-05T17:34:21.627+0000] {processor.py:925} INFO - DAG(s) 'example_task_group' retrieved from /home/airflow/.local/lib/python3.12/site-packages/airflow/example_dags/example_task_group.py
[2026-01-05T17:34:21.656+0000] {logging_mixin.py:190} INFO - [2026-01-05T17:34:21.656+0000] {dag.py:3211} INFO - Sync 1 DAGs
[2026-01-05T17:34:21.681+0000] {logging_mixin.py:190} INFO - [2026-01-05T17:34:21.680+0000] {dag.py:4138} INFO - Setting next_dagrun for example_task_group to 2026-01-04 00:00:00+00:00, run_after=2026-01-05 00:00:00+00:00
[2026-01-05T17:34:21.703+0000] {processor.py:208} INFO - Processing /home/airflow/.local/lib/python3.12/site-packages/airflow/example_dags/example_task_group.py took 0.099 seconds
[2026-01-05T17:34:52.040+0000] {processor.py:186} INFO - Started process (PID=2344) to work on /home/airflow/.local/lib/python3.12/site-packages/airflow/example_dags/example_task_group.py
[2026-01-05T17:34:52.041+0000] {processor.py:914} INFO - Processing file /home/airflow/.local/lib/python3.12/site-packages/airflow/example_dags/example_task_group.py for tasks to queue
[2026-01-05T17:34:52.045+0000] {logging_mixin.py:190} INFO - [2026-01-05T17:34:52.044+0000] {dagbag.py:587} INFO - Filling up the DagBag from /home/airflow/.local/lib/python3.12/site-packages/airflow/example_dags/example_task_group.py
[2026-01-05T17:34:52.051+0000] {processor.py:925} INFO - DAG(s) 'example_task_group' retrieved from /home/airflow/.local/lib/python3.12/site-packages/airflow/example_dags/example_task_group.py
[2026-01-05T17:34:52.073+0000] {logging_mixin.py:190} INFO - [2026-01-05T17:34:52.073+0000] {dag.py:3211} INFO - Sync 1 DAGs
[2026-01-05T17:34:52.098+0000] {logging_mixin.py:190} INFO - [2026-01-05T17:34:52.097+0000] {dag.py:4138} INFO - Setting next_dagrun for example_task_group to 2026-01-04 00:00:00+00:00, run_after=2026-01-05 00:00:00+00:00
[2026-01-05T17:34:52.116+0000] {processor.py:208} INFO - Processing /home/airflow/.local/lib/python3.12/site-packages/airflow/example_dags/example_task_group.py took 0.082 seconds
[2026-01-05T17:35:22.611+0000] {processor.py:186} INFO - Started process (PID=2410) to work on /home/airflow/.local/lib/python3.12/site-packages/airflow/example_dags/example_task_group.py
[2026-01-05T17:35:22.613+0000] {processor.py:914} INFO - Processing file /home/airflow/.local/lib/python3.12/site-packages/airflow/example_dags/example_task_group.py for tasks to queue
[2026-01-05T17:35:22.617+0000] {logging_mixin.py:190} INFO - [2026-01-05T17:35:22.616+0000] {dagbag.py:587} INFO - Filling up the DagBag from /home/airflow/.local/lib/python3.12/site-packages/airflow/example_dags/example_task_group.py
[2026-01-05T17:35:22.630+0000] {processor.py:925} INFO - DAG(s) 'example_task_group' retrieved from /home/airflow/.local/lib/python3.12/site-packages/airflow/example_dags/example_task_group.py
[2026-01-05T17:35:22.668+0000] {logging_mixin.py:190} INFO - [2026-01-05T17:35:22.668+0000] {dag.py:3211} INFO - Sync 1 DAGs
[2026-01-05T17:35:22.700+0000] {logging_mixin.py:190} INFO - [2026-01-05T17:35:22.700+0000] {dag.py:4138} INFO - Setting next_dagrun for example_task_group to 2026-01-04 00:00:00+00:00, run_after=2026-01-05 00:00:00+00:00
[2026-01-05T17:35:22.728+0000] {processor.py:208} INFO - Processing /home/airflow/.local/lib/python3.12/site-packages/airflow/example_dags/example_task_group.py took 0.123 seconds
[2026-01-05T17:35:53.359+0000] {processor.py:186} INFO - Started process (PID=2477) to work on /home/airflow/.local/lib/python3.12/site-packages/airflow/example_dags/example_task_group.py
[2026-01-05T17:35:53.362+0000] {processor.py:914} INFO - Processing file /home/airflow/.local/lib/python3.12/site-packages/airflow/example_dags/example_task_group.py for tasks to queue
[2026-01-05T17:35:53.368+0000] {logging_mixin.py:190} INFO - [2026-01-05T17:35:53.367+0000] {dagbag.py:587} INFO - Filling up the DagBag from /home/airflow/.local/lib/python3.12/site-packages/airflow/example_dags/example_task_group.py
[2026-01-05T17:35:53.383+0000] {processor.py:925} INFO - DAG(s) 'example_task_group' retrieved from /home/airflow/.local/lib/python3.12/site-packages/airflow/example_dags/example_task_group.py
[2026-01-05T17:35:53.414+0000] {logging_mixin.py:190} INFO - [2026-01-05T17:35:53.413+0000] {dag.py:3211} INFO - Sync 1 DAGs
[2026-01-05T17:35:53.437+0000] {logging_mixin.py:190} INFO - [2026-01-05T17:35:53.437+0000] {dag.py:4138} INFO - Setting next_dagrun for example_task_group to 2026-01-04 00:00:00+00:00, run_after=2026-01-05 00:00:00+00:00
[2026-01-05T17:35:53.459+0000] {processor.py:208} INFO - Processing /home/airflow/.local/lib/python3.12/site-packages/airflow/example_dags/example_task_group.py took 0.111 seconds
[2026-01-05T17:36:24.240+0000] {processor.py:186} INFO - Started process (PID=2543) to work on /home/airflow/.local/lib/python3.12/site-packages/airflow/example_dags/example_task_group.py
[2026-01-05T17:36:24.241+0000] {processor.py:914} INFO - Processing file /home/airflow/.local/lib/python3.12/site-packages/airflow/example_dags/example_task_group.py for tasks to queue
[2026-01-05T17:36:24.246+0000] {logging_mixin.py:190} INFO - [2026-01-05T17:36:24.246+0000] {dagbag.py:587} INFO - Filling up the DagBag from /home/airflow/.local/lib/python3.12/site-packages/airflow/example_dags/example_task_group.py
[2026-01-05T17:36:24.255+0000] {processor.py:925} INFO - DAG(s) 'example_task_group' retrieved from /home/airflow/.local/lib/python3.12/site-packages/airflow/example_dags/example_task_group.py
[2026-01-05T17:36:24.284+0000] {logging_mixin.py:190} INFO - [2026-01-05T17:36:24.283+0000] {dag.py:3211} INFO - Sync 1 DAGs
[2026-01-05T17:36:24.317+0000] {logging_mixin.py:190} INFO - [2026-01-05T17:36:24.317+0000] {dag.py:4138} INFO - Setting next_dagrun for example_task_group to 2026-01-04 00:00:00+00:00, run_after=2026-01-05 00:00:00+00:00
[2026-01-05T17:36:24.342+0000] {processor.py:208} INFO - Processing /home/airflow/.local/lib/python3.12/site-packages/airflow/example_dags/example_task_group.py took 0.110 seconds
[2026-01-05T17:36:54.752+0000] {processor.py:186} INFO - Started process (PID=2609) to work on /home/airflow/.local/lib/python3.12/site-packages/airflow/example_dags/example_task_group.py
[2026-01-05T17:36:54.754+0000] {processor.py:914} INFO - Processing file /home/airflow/.local/lib/python3.12/site-packages/airflow/example_dags/example_task_group.py for tasks to queue
[2026-01-05T17:36:54.758+0000] {logging_mixin.py:190} INFO - [2026-01-05T17:36:54.757+0000] {dagbag.py:587} INFO - Filling up the DagBag from /home/airflow/.local/lib/python3.12/site-packages/airflow/example_dags/example_task_group.py
[2026-01-05T17:36:54.767+0000] {processor.py:925} INFO - DAG(s) 'example_task_group' retrieved from /home/airflow/.local/lib/python3.12/site-packages/airflow/example_dags/example_task_group.py
[2026-01-05T17:36:54.790+0000] {logging_mixin.py:190} INFO - [2026-01-05T17:36:54.790+0000] {dag.py:3211} INFO - Sync 1 DAGs
[2026-01-05T17:36:54.816+0000] {logging_mixin.py:190} INFO - [2026-01-05T17:36:54.816+0000] {dag.py:4138} INFO - Setting next_dagrun for example_task_group to 2026-01-04 00:00:00+00:00, run_after=2026-01-05 00:00:00+00:00
[2026-01-05T17:36:54.836+0000] {processor.py:208} INFO - Processing /home/airflow/.local/lib/python3.12/site-packages/airflow/example_dags/example_task_group.py took 0.091 seconds
[2026-01-05T17:37:25.216+0000] {processor.py:186} INFO - Started process (PID=2675) to work on /home/airflow/.local/lib/python3.12/site-packages/airflow/example_dags/example_task_group.py
[2026-01-05T17:37:25.219+0000] {processor.py:914} INFO - Processing file /home/airflow/.local/lib/python3.12/site-packages/airflow/example_dags/example_task_group.py for tasks to queue
[2026-01-05T17:37:25.222+0000] {logging_mixin.py:190} INFO - [2026-01-05T17:37:25.222+0000] {dagbag.py:587} INFO - Filling up the DagBag from /home/airflow/.local/lib/python3.12/site-packages/airflow/example_dags/example_task_group.py
[2026-01-05T17:37:25.232+0000] {processor.py:925} INFO - DAG(s) 'example_task_group' retrieved from /home/airflow/.local/lib/python3.12/site-packages/airflow/example_dags/example_task_group.py
[2026-01-05T17:37:25.256+0000] {logging_mixin.py:190} INFO - [2026-01-05T17:37:25.256+0000] {dag.py:3211} INFO - Sync 1 DAGs
[2026-01-05T17:37:25.281+0000] {logging_mixin.py:190} INFO - [2026-01-05T17:37:25.281+0000] {dag.py:4138} INFO - Setting next_dagrun for example_task_group to 2026-01-04 00:00:00+00:00, run_after=2026-01-05 00:00:00+00:00
[2026-01-05T17:37:25.308+0000] {processor.py:208} INFO - Processing /home/airflow/.local/lib/python3.12/site-packages/airflow/example_dags/example_task_group.py took 0.100 seconds
[2026-01-05T17:37:56.034+0000] {processor.py:186} INFO - Started process (PID=2741) to work on /home/airflow/.local/lib/python3.12/site-packages/airflow/example_dags/example_task_group.py
[2026-01-05T17:37:56.036+0000] {processor.py:914} INFO - Processing file /home/airflow/.local/lib/python3.12/site-packages/airflow/example_dags/example_task_group.py for tasks to queue
[2026-01-05T17:37:56.040+0000] {logging_mixin.py:190} INFO - [2026-01-05T17:37:56.040+0000] {dagbag.py:587} INFO - Filling up the DagBag from /home/airflow/.local/lib/python3.12/site-packages/airflow/example_dags/example_task_group.py
[2026-01-05T17:37:56.051+0000] {processor.py:925} INFO - DAG(s) 'example_task_group' retrieved from /home/airflow/.local/lib/python3.12/site-packages/airflow/example_dags/example_task_group.py
[2026-01-05T17:37:56.090+0000] {logging_mixin.py:190} INFO - [2026-01-05T17:37:56.090+0000] {dag.py:3211} INFO - Sync 1 DAGs
[2026-01-05T17:37:56.120+0000] {logging_mixin.py:190} INFO - [2026-01-05T17:37:56.120+0000] {dag.py:4138} INFO - Setting next_dagrun for example_task_group to 2026-01-04 00:00:00+00:00, run_after=2026-01-05 00:00:00+00:00
[2026-01-05T17:37:56.145+0000] {processor.py:208} INFO - Processing /home/airflow/.local/lib/python3.12/site-packages/airflow/example_dags/example_task_group.py took 0.121 seconds
[2026-01-05T17:38:26.499+0000] {processor.py:186} INFO - Started process (PID=2807) to work on /home/airflow/.local/lib/python3.12/site-packages/airflow/example_dags/example_task_group.py
[2026-01-05T17:38:26.500+0000] {processor.py:914} INFO - Processing file /home/airflow/.local/lib/python3.12/site-packages/airflow/example_dags/example_task_group.py for tasks to queue
[2026-01-05T17:38:26.504+0000] {logging_mixin.py:190} INFO - [2026-01-05T17:38:26.503+0000] {dagbag.py:587} INFO - Filling up the DagBag from /home/airflow/.local/lib/python3.12/site-packages/airflow/example_dags/example_task_group.py
[2026-01-05T17:38:26.516+0000] {processor.py:925} INFO - DAG(s) 'example_task_group' retrieved from /home/airflow/.local/lib/python3.12/site-packages/airflow/example_dags/example_task_group.py
[2026-01-05T17:38:26.548+0000] {logging_mixin.py:190} INFO - [2026-01-05T17:38:26.548+0000] {dag.py:3211} INFO - Sync 1 DAGs
[2026-01-05T17:38:26.583+0000] {logging_mixin.py:190} INFO - [2026-01-05T17:38:26.583+0000] {dag.py:4138} INFO - Setting next_dagrun for example_task_group to 2026-01-04 00:00:00+00:00, run_after=2026-01-05 00:00:00+00:00
[2026-01-05T17:38:26.614+0000] {processor.py:208} INFO - Processing /home/airflow/.local/lib/python3.12/site-packages/airflow/example_dags/example_task_group.py took 0.121 seconds
[2026-01-05T17:38:56.697+0000] {processor.py:186} INFO - Started process (PID=2873) to work on /home/airflow/.local/lib/python3.12/site-packages/airflow/example_dags/example_task_group.py
[2026-01-05T17:38:56.698+0000] {processor.py:914} INFO - Processing file /home/airflow/.local/lib/python3.12/site-packages/airflow/example_dags/example_task_group.py for tasks to queue
[2026-01-05T17:38:56.701+0000] {logging_mixin.py:190} INFO - [2026-01-05T17:38:56.701+0000] {dagbag.py:587} INFO - Filling up the DagBag from /home/airflow/.local/lib/python3.12/site-packages/airflow/example_dags/example_task_group.py
[2026-01-05T17:38:56.708+0000] {processor.py:925} INFO - DAG(s) 'example_task_group' retrieved from /home/airflow/.local/lib/python3.12/site-packages/airflow/example_dags/example_task_group.py
[2026-01-05T17:38:56.729+0000] {logging_mixin.py:190} INFO - [2026-01-05T17:38:56.729+0000] {dag.py:3211} INFO - Sync 1 DAGs
[2026-01-05T17:38:56.748+0000] {logging_mixin.py:190} INFO - [2026-01-05T17:38:56.748+0000] {dag.py:4138} INFO - Setting next_dagrun for example_task_group to 2026-01-04 00:00:00+00:00, run_after=2026-01-05 00:00:00+00:00
[2026-01-05T17:38:56.767+0000] {processor.py:208} INFO - Processing /home/airflow/.local/lib/python3.12/site-packages/airflow/example_dags/example_task_group.py took 0.076 seconds
[2026-01-05T17:39:27.176+0000] {processor.py:186} INFO - Started process (PID=2939) to work on /home/airflow/.local/lib/python3.12/site-packages/airflow/example_dags/example_task_group.py
[2026-01-05T17:39:27.178+0000] {processor.py:914} INFO - Processing file /home/airflow/.local/lib/python3.12/site-packages/airflow/example_dags/example_task_group.py for tasks to queue
[2026-01-05T17:39:27.182+0000] {logging_mixin.py:190} INFO - [2026-01-05T17:39:27.181+0000] {dagbag.py:587} INFO - Filling up the DagBag from /home/airflow/.local/lib/python3.12/site-packages/airflow/example_dags/example_task_group.py
[2026-01-05T17:39:27.195+0000] {processor.py:925} INFO - DAG(s) 'example_task_group' retrieved from /home/airflow/.local/lib/python3.12/site-packages/airflow/example_dags/example_task_group.py
[2026-01-05T17:39:27.230+0000] {logging_mixin.py:190} INFO - [2026-01-05T17:39:27.230+0000] {dag.py:3211} INFO - Sync 1 DAGs
[2026-01-05T17:39:27.256+0000] {logging_mixin.py:190} INFO - [2026-01-05T17:39:27.256+0000] {dag.py:4138} INFO - Setting next_dagrun for example_task_group to 2026-01-04 00:00:00+00:00, run_after=2026-01-05 00:00:00+00:00
[2026-01-05T17:39:27.277+0000] {processor.py:208} INFO - Processing /home/airflow/.local/lib/python3.12/site-packages/airflow/example_dags/example_task_group.py took 0.110 seconds
[2026-01-05T17:39:57.988+0000] {processor.py:186} INFO - Started process (PID=3005) to work on /home/airflow/.local/lib/python3.12/site-packages/airflow/example_dags/example_task_group.py
[2026-01-05T17:39:57.990+0000] {processor.py:914} INFO - Processing file /home/airflow/.local/lib/python3.12/site-packages/airflow/example_dags/example_task_group.py for tasks to queue
[2026-01-05T17:39:57.995+0000] {logging_mixin.py:190} INFO - [2026-01-05T17:39:57.994+0000] {dagbag.py:587} INFO - Filling up the DagBag from /home/airflow/.local/lib/python3.12/site-packages/airflow/example_dags/example_task_group.py
[2026-01-05T17:39:58.009+0000] {processor.py:925} INFO - DAG(s) 'example_task_group' retrieved from /home/airflow/.local/lib/python3.12/site-packages/airflow/example_dags/example_task_group.py
[2026-01-05T17:39:58.046+0000] {logging_mixin.py:190} INFO - [2026-01-05T17:39:58.045+0000] {dag.py:3211} INFO - Sync 1 DAGs
[2026-01-05T17:39:58.079+0000] {logging_mixin.py:190} INFO - [2026-01-05T17:39:58.079+0000] {dag.py:4138} INFO - Setting next_dagrun for example_task_group to 2026-01-04 00:00:00+00:00, run_after=2026-01-05 00:00:00+00:00
[2026-01-05T17:39:58.112+0000] {processor.py:208} INFO - Processing /home/airflow/.local/lib/python3.12/site-packages/airflow/example_dags/example_task_group.py took 0.149 seconds
[2026-01-05T17:40:28.679+0000] {processor.py:186} INFO - Started process (PID=3071) to work on /home/airflow/.local/lib/python3.12/site-packages/airflow/example_dags/example_task_group.py
[2026-01-05T17:40:28.685+0000] {processor.py:914} INFO - Processing file /home/airflow/.local/lib/python3.12/site-packages/airflow/example_dags/example_task_group.py for tasks to queue
[2026-01-05T17:40:28.689+0000] {logging_mixin.py:190} INFO - [2026-01-05T17:40:28.689+0000] {dagbag.py:587} INFO - Filling up the DagBag from /home/airflow/.local/lib/python3.12/site-packages/airflow/example_dags/example_task_group.py
[2026-01-05T17:40:28.709+0000] {processor.py:925} INFO - DAG(s) 'example_task_group' retrieved from /home/airflow/.local/lib/python3.12/site-packages/airflow/example_dags/example_task_group.py
[2026-01-05T17:40:28.778+0000] {logging_mixin.py:190} INFO - [2026-01-05T17:40:28.778+0000] {dag.py:3211} INFO - Sync 1 DAGs
[2026-01-05T17:40:28.804+0000] {logging_mixin.py:190} INFO - [2026-01-05T17:40:28.804+0000] {dag.py:4138} INFO - Setting next_dagrun for example_task_group to 2026-01-04 00:00:00+00:00, run_after=2026-01-05 00:00:00+00:00
[2026-01-05T17:40:28.830+0000] {processor.py:208} INFO - Processing /home/airflow/.local/lib/python3.12/site-packages/airflow/example_dags/example_task_group.py took 0.162 seconds
[2026-01-05T17:40:59.607+0000] {processor.py:186} INFO - Started process (PID=3137) to work on /home/airflow/.local/lib/python3.12/site-packages/airflow/example_dags/example_task_group.py
[2026-01-05T17:40:59.609+0000] {processor.py:914} INFO - Processing file /home/airflow/.local/lib/python3.12/site-packages/airflow/example_dags/example_task_group.py for tasks to queue
[2026-01-05T17:40:59.613+0000] {logging_mixin.py:190} INFO - [2026-01-05T17:40:59.612+0000] {dagbag.py:587} INFO - Filling up the DagBag from /home/airflow/.local/lib/python3.12/site-packages/airflow/example_dags/example_task_group.py
[2026-01-05T17:40:59.625+0000] {processor.py:925} INFO - DAG(s) 'example_task_group' retrieved from /home/airflow/.local/lib/python3.12/site-packages/airflow/example_dags/example_task_group.py
[2026-01-05T17:40:59.649+0000] {logging_mixin.py:190} INFO - [2026-01-05T17:40:59.649+0000] {dag.py:3211} INFO - Sync 1 DAGs
[2026-01-05T17:40:59.675+0000] {logging_mixin.py:190} INFO - [2026-01-05T17:40:59.675+0000] {dag.py:4138} INFO - Setting next_dagrun for example_task_group to 2026-01-04 00:00:00+00:00, run_after=2026-01-05 00:00:00+00:00
[2026-01-05T17:40:59.695+0000] {processor.py:208} INFO - Processing /home/airflow/.local/lib/python3.12/site-packages/airflow/example_dags/example_task_group.py took 0.095 seconds
[2026-01-05T17:41:29.804+0000] {processor.py:186} INFO - Started process (PID=3203) to work on /home/airflow/.local/lib/python3.12/site-packages/airflow/example_dags/example_task_group.py
[2026-01-05T17:41:29.807+0000] {processor.py:914} INFO - Processing file /home/airflow/.local/lib/python3.12/site-packages/airflow/example_dags/example_task_group.py for tasks to queue
[2026-01-05T17:41:29.813+0000] {logging_mixin.py:190} INFO - [2026-01-05T17:41:29.813+0000] {dagbag.py:587} INFO - Filling up the DagBag from /home/airflow/.local/lib/python3.12/site-packages/airflow/example_dags/example_task_group.py
[2026-01-05T17:41:29.830+0000] {processor.py:925} INFO - DAG(s) 'example_task_group' retrieved from /home/airflow/.local/lib/python3.12/site-packages/airflow/example_dags/example_task_group.py
[2026-01-05T17:41:29.857+0000] {logging_mixin.py:190} INFO - [2026-01-05T17:41:29.857+0000] {dag.py:3211} INFO - Sync 1 DAGs
[2026-01-05T17:41:29.882+0000] {logging_mixin.py:190} INFO - [2026-01-05T17:41:29.881+0000] {dag.py:4138} INFO - Setting next_dagrun for example_task_group to 2026-01-04 00:00:00+00:00, run_after=2026-01-05 00:00:00+00:00
[2026-01-05T17:41:29.906+0000] {processor.py:208} INFO - Processing /home/airflow/.local/lib/python3.12/site-packages/airflow/example_dags/example_task_group.py took 0.117 seconds
[2026-01-05T17:42:00.081+0000] {processor.py:186} INFO - Started process (PID=3268) to work on /home/airflow/.local/lib/python3.12/site-packages/airflow/example_dags/example_task_group.py
[2026-01-05T17:42:00.083+0000] {processor.py:914} INFO - Processing file /home/airflow/.local/lib/python3.12/site-packages/airflow/example_dags/example_task_group.py for tasks to queue
[2026-01-05T17:42:00.086+0000] {logging_mixin.py:190} INFO - [2026-01-05T17:42:00.086+0000] {dagbag.py:587} INFO - Filling up the DagBag from /home/airflow/.local/lib/python3.12/site-packages/airflow/example_dags/example_task_group.py
[2026-01-05T17:42:00.096+0000] {processor.py:925} INFO - DAG(s) 'example_task_group' retrieved from /home/airflow/.local/lib/python3.12/site-packages/airflow/example_dags/example_task_group.py
[2026-01-05T17:42:00.123+0000] {logging_mixin.py:190} INFO - [2026-01-05T17:42:00.123+0000] {dag.py:3211} INFO - Sync 1 DAGs
[2026-01-05T17:42:00.151+0000] {logging_mixin.py:190} INFO - [2026-01-05T17:42:00.151+0000] {dag.py:4138} INFO - Setting next_dagrun for example_task_group to 2026-01-04 00:00:00+00:00, run_after=2026-01-05 00:00:00+00:00
[2026-01-05T17:42:00.176+0000] {processor.py:208} INFO - Processing /home/airflow/.local/lib/python3.12/site-packages/airflow/example_dags/example_task_group.py took 0.106 seconds
[2026-01-05T17:42:30.392+0000] {processor.py:186} INFO - Started process (PID=3334) to work on /home/airflow/.local/lib/python3.12/site-packages/airflow/example_dags/example_task_group.py
[2026-01-05T17:42:30.393+0000] {processor.py:914} INFO - Processing file /home/airflow/.local/lib/python3.12/site-packages/airflow/example_dags/example_task_group.py for tasks to queue
[2026-01-05T17:42:30.399+0000] {logging_mixin.py:190} INFO - [2026-01-05T17:42:30.398+0000] {dagbag.py:587} INFO - Filling up the DagBag from /home/airflow/.local/lib/python3.12/site-packages/airflow/example_dags/example_task_group.py
[2026-01-05T17:42:30.411+0000] {processor.py:925} INFO - DAG(s) 'example_task_group' retrieved from /home/airflow/.local/lib/python3.12/site-packages/airflow/example_dags/example_task_group.py
[2026-01-05T17:42:30.442+0000] {logging_mixin.py:190} INFO - [2026-01-05T17:42:30.441+0000] {dag.py:3211} INFO - Sync 1 DAGs
[2026-01-05T17:42:30.467+0000] {logging_mixin.py:190} INFO - [2026-01-05T17:42:30.467+0000] {dag.py:4138} INFO - Setting next_dagrun for example_task_group to 2026-01-04 00:00:00+00:00, run_after=2026-01-05 00:00:00+00:00
[2026-01-05T17:42:30.488+0000] {processor.py:208} INFO - Processing /home/airflow/.local/lib/python3.12/site-packages/airflow/example_dags/example_task_group.py took 0.104 seconds
[2026-01-05T17:43:00.738+0000] {processor.py:186} INFO - Started process (PID=3400) to work on /home/airflow/.local/lib/python3.12/site-packages/airflow/example_dags/example_task_group.py
[2026-01-05T17:43:00.740+0000] {processor.py:914} INFO - Processing file /home/airflow/.local/lib/python3.12/site-packages/airflow/example_dags/example_task_group.py for tasks to queue
[2026-01-05T17:43:00.743+0000] {logging_mixin.py:190} INFO - [2026-01-05T17:43:00.742+0000] {dagbag.py:587} INFO - Filling up the DagBag from /home/airflow/.local/lib/python3.12/site-packages/airflow/example_dags/example_task_group.py
[2026-01-05T17:43:00.752+0000] {processor.py:925} INFO - DAG(s) 'example_task_group' retrieved from /home/airflow/.local/lib/python3.12/site-packages/airflow/example_dags/example_task_group.py
[2026-01-05T17:43:00.784+0000] {logging_mixin.py:190} INFO - [2026-01-05T17:43:00.782+0000] {dag.py:3211} INFO - Sync 1 DAGs
[2026-01-05T17:43:00.815+0000] {logging_mixin.py:190} INFO - [2026-01-05T17:43:00.814+0000] {dag.py:4138} INFO - Setting next_dagrun for example_task_group to 2026-01-04 00:00:00+00:00, run_after=2026-01-05 00:00:00+00:00
[2026-01-05T17:43:00.845+0000] {processor.py:208} INFO - Processing /home/airflow/.local/lib/python3.12/site-packages/airflow/example_dags/example_task_group.py took 0.117 seconds
[2026-01-05T17:43:31.484+0000] {processor.py:186} INFO - Started process (PID=3472) to work on /home/airflow/.local/lib/python3.12/site-packages/airflow/example_dags/example_task_group.py
[2026-01-05T17:43:31.486+0000] {processor.py:914} INFO - Processing file /home/airflow/.local/lib/python3.12/site-packages/airflow/example_dags/example_task_group.py for tasks to queue
[2026-01-05T17:43:31.491+0000] {logging_mixin.py:190} INFO - [2026-01-05T17:43:31.490+0000] {dagbag.py:587} INFO - Filling up the DagBag from /home/airflow/.local/lib/python3.12/site-packages/airflow/example_dags/example_task_group.py
[2026-01-05T17:43:31.503+0000] {processor.py:925} INFO - DAG(s) 'example_task_group' retrieved from /home/airflow/.local/lib/python3.12/site-packages/airflow/example_dags/example_task_group.py
[2026-01-05T17:43:31.534+0000] {logging_mixin.py:190} INFO - [2026-01-05T17:43:31.534+0000] {dag.py:3211} INFO - Sync 1 DAGs
[2026-01-05T17:43:31.569+0000] {logging_mixin.py:190} INFO - [2026-01-05T17:43:31.569+0000] {dag.py:4138} INFO - Setting next_dagrun for example_task_group to 2026-01-04 00:00:00+00:00, run_after=2026-01-05 00:00:00+00:00
[2026-01-05T17:43:31.598+0000] {processor.py:208} INFO - Processing /home/airflow/.local/lib/python3.12/site-packages/airflow/example_dags/example_task_group.py took 0.124 seconds
[2026-01-05T17:44:02.363+0000] {processor.py:186} INFO - Started process (PID=3538) to work on /home/airflow/.local/lib/python3.12/site-packages/airflow/example_dags/example_task_group.py
[2026-01-05T17:44:02.364+0000] {processor.py:914} INFO - Processing file /home/airflow/.local/lib/python3.12/site-packages/airflow/example_dags/example_task_group.py for tasks to queue
[2026-01-05T17:44:02.369+0000] {logging_mixin.py:190} INFO - [2026-01-05T17:44:02.368+0000] {dagbag.py:587} INFO - Filling up the DagBag from /home/airflow/.local/lib/python3.12/site-packages/airflow/example_dags/example_task_group.py
[2026-01-05T17:44:02.378+0000] {processor.py:925} INFO - DAG(s) 'example_task_group' retrieved from /home/airflow/.local/lib/python3.12/site-packages/airflow/example_dags/example_task_group.py
[2026-01-05T17:44:02.415+0000] {logging_mixin.py:190} INFO - [2026-01-05T17:44:02.414+0000] {dag.py:3211} INFO - Sync 1 DAGs
[2026-01-05T17:44:02.451+0000] {logging_mixin.py:190} INFO - [2026-01-05T17:44:02.451+0000] {dag.py:4138} INFO - Setting next_dagrun for example_task_group to 2026-01-04 00:00:00+00:00, run_after=2026-01-05 00:00:00+00:00
[2026-01-05T17:44:02.489+0000] {processor.py:208} INFO - Processing /home/airflow/.local/lib/python3.12/site-packages/airflow/example_dags/example_task_group.py took 0.135 seconds
[2026-01-05T17:44:32.719+0000] {processor.py:186} INFO - Started process (PID=3604) to work on /home/airflow/.local/lib/python3.12/site-packages/airflow/example_dags/example_task_group.py
[2026-01-05T17:44:32.721+0000] {processor.py:914} INFO - Processing file /home/airflow/.local/lib/python3.12/site-packages/airflow/example_dags/example_task_group.py for tasks to queue
[2026-01-05T17:44:32.726+0000] {logging_mixin.py:190} INFO - [2026-01-05T17:44:32.726+0000] {dagbag.py:587} INFO - Filling up the DagBag from /home/airflow/.local/lib/python3.12/site-packages/airflow/example_dags/example_task_group.py
[2026-01-05T17:44:32.742+0000] {processor.py:925} INFO - DAG(s) 'example_task_group' retrieved from /home/airflow/.local/lib/python3.12/site-packages/airflow/example_dags/example_task_group.py
[2026-01-05T17:44:32.771+0000] {logging_mixin.py:190} INFO - [2026-01-05T17:44:32.771+0000] {dag.py:3211} INFO - Sync 1 DAGs
[2026-01-05T17:44:32.807+0000] {logging_mixin.py:190} INFO - [2026-01-05T17:44:32.807+0000] {dag.py:4138} INFO - Setting next_dagrun for example_task_group to 2026-01-04 00:00:00+00:00, run_after=2026-01-05 00:00:00+00:00
[2026-01-05T17:44:32.830+0000] {processor.py:208} INFO - Processing /home/airflow/.local/lib/python3.12/site-packages/airflow/example_dags/example_task_group.py took 0.122 seconds
[2026-01-05T17:45:03.287+0000] {processor.py:186} INFO - Started process (PID=3670) to work on /home/airflow/.local/lib/python3.12/site-packages/airflow/example_dags/example_task_group.py
[2026-01-05T17:45:03.289+0000] {processor.py:914} INFO - Processing file /home/airflow/.local/lib/python3.12/site-packages/airflow/example_dags/example_task_group.py for tasks to queue
[2026-01-05T17:45:03.297+0000] {logging_mixin.py:190} INFO - [2026-01-05T17:45:03.296+0000] {dagbag.py:587} INFO - Filling up the DagBag from /home/airflow/.local/lib/python3.12/site-packages/airflow/example_dags/example_task_group.py
[2026-01-05T17:45:03.312+0000] {processor.py:925} INFO - DAG(s) 'example_task_group' retrieved from /home/airflow/.local/lib/python3.12/site-packages/airflow/example_dags/example_task_group.py
[2026-01-05T17:45:03.349+0000] {logging_mixin.py:190} INFO - [2026-01-05T17:45:03.349+0000] {dag.py:3211} INFO - Sync 1 DAGs
[2026-01-05T17:45:03.401+0000] {logging_mixin.py:190} INFO - [2026-01-05T17:45:03.401+0000] {dag.py:4138} INFO - Setting next_dagrun for example_task_group to 2026-01-04 00:00:00+00:00, run_after=2026-01-05 00:00:00+00:00
[2026-01-05T17:45:03.433+0000] {processor.py:208} INFO - Processing /home/airflow/.local/lib/python3.12/site-packages/airflow/example_dags/example_task_group.py took 0.157 seconds
