[2026-01-05T17:17:54.265+0000] {processor.py:186} INFO - Started process (PID=158) to work on /home/airflow/.local/lib/python3.12/site-packages/airflow/example_dags/example_xcom.py
[2026-01-05T17:17:54.268+0000] {processor.py:914} INFO - Processing file /home/airflow/.local/lib/python3.12/site-packages/airflow/example_dags/example_xcom.py for tasks to queue
[2026-01-05T17:17:54.279+0000] {logging_mixin.py:190} INFO - [2026-01-05T17:17:54.278+0000] {dagbag.py:587} INFO - Filling up the DagBag from /home/airflow/.local/lib/python3.12/site-packages/airflow/example_dags/example_xcom.py
[2026-01-05T17:17:54.303+0000] {processor.py:925} INFO - DAG(s) 'example_xcom' retrieved from /home/airflow/.local/lib/python3.12/site-packages/airflow/example_dags/example_xcom.py
[2026-01-05T17:17:54.359+0000] {logging_mixin.py:190} INFO - [2026-01-05T17:17:54.359+0000] {dag.py:3211} INFO - Sync 1 DAGs
[2026-01-05T17:17:54.446+0000] {logging_mixin.py:190} INFO - [2026-01-05T17:17:54.445+0000] {dag.py:4138} INFO - Setting next_dagrun for example_xcom to 2021-01-01 00:00:00+00:00, run_after=2021-01-01 00:00:00+00:00
[2026-01-05T17:17:54.492+0000] {processor.py:208} INFO - Processing /home/airflow/.local/lib/python3.12/site-packages/airflow/example_dags/example_xcom.py took 0.252 seconds
[2026-01-05T17:18:28.736+0000] {processor.py:186} INFO - Started process (PID=231) to work on /home/airflow/.local/lib/python3.12/site-packages/airflow/example_dags/example_xcom.py
[2026-01-05T17:18:28.738+0000] {processor.py:914} INFO - Processing file /home/airflow/.local/lib/python3.12/site-packages/airflow/example_dags/example_xcom.py for tasks to queue
[2026-01-05T17:18:28.742+0000] {logging_mixin.py:190} INFO - [2026-01-05T17:18:28.742+0000] {dagbag.py:587} INFO - Filling up the DagBag from /home/airflow/.local/lib/python3.12/site-packages/airflow/example_dags/example_xcom.py
[2026-01-05T17:18:28.755+0000] {processor.py:925} INFO - DAG(s) 'example_xcom' retrieved from /home/airflow/.local/lib/python3.12/site-packages/airflow/example_dags/example_xcom.py
[2026-01-05T17:18:28.784+0000] {logging_mixin.py:190} INFO - [2026-01-05T17:18:28.784+0000] {dag.py:3211} INFO - Sync 1 DAGs
[2026-01-05T17:18:28.815+0000] {logging_mixin.py:190} INFO - [2026-01-05T17:18:28.814+0000] {dag.py:4138} INFO - Setting next_dagrun for example_xcom to 2021-01-01 00:00:00+00:00, run_after=2021-01-01 00:00:00+00:00
[2026-01-05T17:18:28.841+0000] {processor.py:208} INFO - Processing /home/airflow/.local/lib/python3.12/site-packages/airflow/example_dags/example_xcom.py took 0.113 seconds
[2026-01-05T17:18:59.168+0000] {processor.py:186} INFO - Started process (PID=297) to work on /home/airflow/.local/lib/python3.12/site-packages/airflow/example_dags/example_xcom.py
[2026-01-05T17:18:59.170+0000] {processor.py:914} INFO - Processing file /home/airflow/.local/lib/python3.12/site-packages/airflow/example_dags/example_xcom.py for tasks to queue
[2026-01-05T17:18:59.173+0000] {logging_mixin.py:190} INFO - [2026-01-05T17:18:59.173+0000] {dagbag.py:587} INFO - Filling up the DagBag from /home/airflow/.local/lib/python3.12/site-packages/airflow/example_dags/example_xcom.py
[2026-01-05T17:18:59.192+0000] {processor.py:925} INFO - DAG(s) 'example_xcom' retrieved from /home/airflow/.local/lib/python3.12/site-packages/airflow/example_dags/example_xcom.py
[2026-01-05T17:18:59.227+0000] {logging_mixin.py:190} INFO - [2026-01-05T17:18:59.227+0000] {dag.py:3211} INFO - Sync 1 DAGs
[2026-01-05T17:18:59.265+0000] {logging_mixin.py:190} INFO - [2026-01-05T17:18:59.265+0000] {dag.py:4138} INFO - Setting next_dagrun for example_xcom to 2021-01-01 00:00:00+00:00, run_after=2021-01-01 00:00:00+00:00
[2026-01-05T17:18:59.298+0000] {processor.py:208} INFO - Processing /home/airflow/.local/lib/python3.12/site-packages/airflow/example_dags/example_xcom.py took 0.139 seconds
[2026-01-05T17:19:29.468+0000] {processor.py:186} INFO - Started process (PID=362) to work on /home/airflow/.local/lib/python3.12/site-packages/airflow/example_dags/example_xcom.py
[2026-01-05T17:19:29.470+0000] {processor.py:914} INFO - Processing file /home/airflow/.local/lib/python3.12/site-packages/airflow/example_dags/example_xcom.py for tasks to queue
[2026-01-05T17:19:29.473+0000] {logging_mixin.py:190} INFO - [2026-01-05T17:19:29.472+0000] {dagbag.py:587} INFO - Filling up the DagBag from /home/airflow/.local/lib/python3.12/site-packages/airflow/example_dags/example_xcom.py
[2026-01-05T17:19:29.485+0000] {processor.py:925} INFO - DAG(s) 'example_xcom' retrieved from /home/airflow/.local/lib/python3.12/site-packages/airflow/example_dags/example_xcom.py
[2026-01-05T17:19:29.506+0000] {logging_mixin.py:190} INFO - [2026-01-05T17:19:29.506+0000] {dag.py:3211} INFO - Sync 1 DAGs
[2026-01-05T17:19:29.539+0000] {logging_mixin.py:190} INFO - [2026-01-05T17:19:29.538+0000] {dag.py:4138} INFO - Setting next_dagrun for example_xcom to 2021-01-01 00:00:00+00:00, run_after=2021-01-01 00:00:00+00:00
[2026-01-05T17:19:29.560+0000] {processor.py:208} INFO - Processing /home/airflow/.local/lib/python3.12/site-packages/airflow/example_dags/example_xcom.py took 0.098 seconds
[2026-01-05T17:20:00.429+0000] {processor.py:186} INFO - Started process (PID=429) to work on /home/airflow/.local/lib/python3.12/site-packages/airflow/example_dags/example_xcom.py
[2026-01-05T17:20:00.430+0000] {processor.py:914} INFO - Processing file /home/airflow/.local/lib/python3.12/site-packages/airflow/example_dags/example_xcom.py for tasks to queue
[2026-01-05T17:20:00.434+0000] {logging_mixin.py:190} INFO - [2026-01-05T17:20:00.433+0000] {dagbag.py:587} INFO - Filling up the DagBag from /home/airflow/.local/lib/python3.12/site-packages/airflow/example_dags/example_xcom.py
[2026-01-05T17:20:00.443+0000] {processor.py:925} INFO - DAG(s) 'example_xcom' retrieved from /home/airflow/.local/lib/python3.12/site-packages/airflow/example_dags/example_xcom.py
[2026-01-05T17:20:00.468+0000] {logging_mixin.py:190} INFO - [2026-01-05T17:20:00.467+0000] {dag.py:3211} INFO - Sync 1 DAGs
[2026-01-05T17:20:00.494+0000] {logging_mixin.py:190} INFO - [2026-01-05T17:20:00.494+0000] {dag.py:4138} INFO - Setting next_dagrun for example_xcom to 2021-01-01 00:00:00+00:00, run_after=2021-01-01 00:00:00+00:00
[2026-01-05T17:20:00.518+0000] {processor.py:208} INFO - Processing /home/airflow/.local/lib/python3.12/site-packages/airflow/example_dags/example_xcom.py took 0.098 seconds
[2026-01-05T17:20:32.861+0000] {processor.py:186} INFO - Started process (PID=495) to work on /home/airflow/.local/lib/python3.12/site-packages/airflow/example_dags/example_xcom.py
[2026-01-05T17:20:32.864+0000] {processor.py:914} INFO - Processing file /home/airflow/.local/lib/python3.12/site-packages/airflow/example_dags/example_xcom.py for tasks to queue
[2026-01-05T17:20:32.869+0000] {logging_mixin.py:190} INFO - [2026-01-05T17:20:32.868+0000] {dagbag.py:587} INFO - Filling up the DagBag from /home/airflow/.local/lib/python3.12/site-packages/airflow/example_dags/example_xcom.py
[2026-01-05T17:20:32.884+0000] {processor.py:925} INFO - DAG(s) 'example_xcom' retrieved from /home/airflow/.local/lib/python3.12/site-packages/airflow/example_dags/example_xcom.py
[2026-01-05T17:20:32.917+0000] {logging_mixin.py:190} INFO - [2026-01-05T17:20:32.917+0000] {dag.py:3211} INFO - Sync 1 DAGs
[2026-01-05T17:20:32.955+0000] {logging_mixin.py:190} INFO - [2026-01-05T17:20:32.954+0000] {dag.py:4138} INFO - Setting next_dagrun for example_xcom to 2021-01-01 00:00:00+00:00, run_after=2021-01-01 00:00:00+00:00
[2026-01-05T17:20:32.989+0000] {processor.py:208} INFO - Processing /home/airflow/.local/lib/python3.12/site-packages/airflow/example_dags/example_xcom.py took 0.138 seconds
[2026-01-05T17:21:03.857+0000] {processor.py:186} INFO - Started process (PID=561) to work on /home/airflow/.local/lib/python3.12/site-packages/airflow/example_dags/example_xcom.py
[2026-01-05T17:21:03.859+0000] {processor.py:914} INFO - Processing file /home/airflow/.local/lib/python3.12/site-packages/airflow/example_dags/example_xcom.py for tasks to queue
[2026-01-05T17:21:03.862+0000] {logging_mixin.py:190} INFO - [2026-01-05T17:21:03.862+0000] {dagbag.py:587} INFO - Filling up the DagBag from /home/airflow/.local/lib/python3.12/site-packages/airflow/example_dags/example_xcom.py
[2026-01-05T17:21:03.879+0000] {processor.py:925} INFO - DAG(s) 'example_xcom' retrieved from /home/airflow/.local/lib/python3.12/site-packages/airflow/example_dags/example_xcom.py
[2026-01-05T17:21:03.907+0000] {logging_mixin.py:190} INFO - [2026-01-05T17:21:03.907+0000] {dag.py:3211} INFO - Sync 1 DAGs
[2026-01-05T17:21:03.935+0000] {logging_mixin.py:190} INFO - [2026-01-05T17:21:03.934+0000] {dag.py:4138} INFO - Setting next_dagrun for example_xcom to 2021-01-01 00:00:00+00:00, run_after=2021-01-01 00:00:00+00:00
[2026-01-05T17:21:03.965+0000] {processor.py:208} INFO - Processing /home/airflow/.local/lib/python3.12/site-packages/airflow/example_dags/example_xcom.py took 0.115 seconds
[2026-01-05T17:21:34.106+0000] {processor.py:186} INFO - Started process (PID=627) to work on /home/airflow/.local/lib/python3.12/site-packages/airflow/example_dags/example_xcom.py
[2026-01-05T17:21:34.107+0000] {processor.py:914} INFO - Processing file /home/airflow/.local/lib/python3.12/site-packages/airflow/example_dags/example_xcom.py for tasks to queue
[2026-01-05T17:21:34.110+0000] {logging_mixin.py:190} INFO - [2026-01-05T17:21:34.110+0000] {dagbag.py:587} INFO - Filling up the DagBag from /home/airflow/.local/lib/python3.12/site-packages/airflow/example_dags/example_xcom.py
[2026-01-05T17:21:34.120+0000] {processor.py:925} INFO - DAG(s) 'example_xcom' retrieved from /home/airflow/.local/lib/python3.12/site-packages/airflow/example_dags/example_xcom.py
[2026-01-05T17:21:34.148+0000] {logging_mixin.py:190} INFO - [2026-01-05T17:21:34.148+0000] {dag.py:3211} INFO - Sync 1 DAGs
[2026-01-05T17:21:34.175+0000] {logging_mixin.py:190} INFO - [2026-01-05T17:21:34.175+0000] {dag.py:4138} INFO - Setting next_dagrun for example_xcom to 2021-01-01 00:00:00+00:00, run_after=2021-01-01 00:00:00+00:00
[2026-01-05T17:21:34.200+0000] {processor.py:208} INFO - Processing /home/airflow/.local/lib/python3.12/site-packages/airflow/example_dags/example_xcom.py took 0.103 seconds
[2026-01-05T17:22:05.126+0000] {processor.py:186} INFO - Started process (PID=693) to work on /home/airflow/.local/lib/python3.12/site-packages/airflow/example_dags/example_xcom.py
[2026-01-05T17:22:05.128+0000] {processor.py:914} INFO - Processing file /home/airflow/.local/lib/python3.12/site-packages/airflow/example_dags/example_xcom.py for tasks to queue
[2026-01-05T17:22:05.132+0000] {logging_mixin.py:190} INFO - [2026-01-05T17:22:05.131+0000] {dagbag.py:587} INFO - Filling up the DagBag from /home/airflow/.local/lib/python3.12/site-packages/airflow/example_dags/example_xcom.py
[2026-01-05T17:22:05.141+0000] {processor.py:925} INFO - DAG(s) 'example_xcom' retrieved from /home/airflow/.local/lib/python3.12/site-packages/airflow/example_dags/example_xcom.py
[2026-01-05T17:22:05.168+0000] {logging_mixin.py:190} INFO - [2026-01-05T17:22:05.167+0000] {dag.py:3211} INFO - Sync 1 DAGs
[2026-01-05T17:22:05.200+0000] {logging_mixin.py:190} INFO - [2026-01-05T17:22:05.199+0000] {dag.py:4138} INFO - Setting next_dagrun for example_xcom to 2021-01-01 00:00:00+00:00, run_after=2021-01-01 00:00:00+00:00
[2026-01-05T17:22:05.222+0000] {processor.py:208} INFO - Processing /home/airflow/.local/lib/python3.12/site-packages/airflow/example_dags/example_xcom.py took 0.102 seconds
[2026-01-05T17:22:35.606+0000] {processor.py:186} INFO - Started process (PID=759) to work on /home/airflow/.local/lib/python3.12/site-packages/airflow/example_dags/example_xcom.py
[2026-01-05T17:22:35.608+0000] {processor.py:914} INFO - Processing file /home/airflow/.local/lib/python3.12/site-packages/airflow/example_dags/example_xcom.py for tasks to queue
[2026-01-05T17:22:35.611+0000] {logging_mixin.py:190} INFO - [2026-01-05T17:22:35.611+0000] {dagbag.py:587} INFO - Filling up the DagBag from /home/airflow/.local/lib/python3.12/site-packages/airflow/example_dags/example_xcom.py
[2026-01-05T17:22:35.627+0000] {processor.py:925} INFO - DAG(s) 'example_xcom' retrieved from /home/airflow/.local/lib/python3.12/site-packages/airflow/example_dags/example_xcom.py
[2026-01-05T17:22:35.664+0000] {logging_mixin.py:190} INFO - [2026-01-05T17:22:35.664+0000] {dag.py:3211} INFO - Sync 1 DAGs
[2026-01-05T17:22:35.697+0000] {logging_mixin.py:190} INFO - [2026-01-05T17:22:35.697+0000] {dag.py:4138} INFO - Setting next_dagrun for example_xcom to 2021-01-01 00:00:00+00:00, run_after=2021-01-01 00:00:00+00:00
[2026-01-05T17:22:35.726+0000] {processor.py:208} INFO - Processing /home/airflow/.local/lib/python3.12/site-packages/airflow/example_dags/example_xcom.py took 0.130 seconds
[2026-01-05T17:23:05.800+0000] {processor.py:186} INFO - Started process (PID=824) to work on /home/airflow/.local/lib/python3.12/site-packages/airflow/example_dags/example_xcom.py
[2026-01-05T17:23:05.802+0000] {processor.py:914} INFO - Processing file /home/airflow/.local/lib/python3.12/site-packages/airflow/example_dags/example_xcom.py for tasks to queue
[2026-01-05T17:23:05.805+0000] {logging_mixin.py:190} INFO - [2026-01-05T17:23:05.805+0000] {dagbag.py:587} INFO - Filling up the DagBag from /home/airflow/.local/lib/python3.12/site-packages/airflow/example_dags/example_xcom.py
[2026-01-05T17:23:05.815+0000] {processor.py:925} INFO - DAG(s) 'example_xcom' retrieved from /home/airflow/.local/lib/python3.12/site-packages/airflow/example_dags/example_xcom.py
[2026-01-05T17:23:05.845+0000] {logging_mixin.py:190} INFO - [2026-01-05T17:23:05.845+0000] {dag.py:3211} INFO - Sync 1 DAGs
[2026-01-05T17:23:05.872+0000] {logging_mixin.py:190} INFO - [2026-01-05T17:23:05.872+0000] {dag.py:4138} INFO - Setting next_dagrun for example_xcom to 2021-01-01 00:00:00+00:00, run_after=2021-01-01 00:00:00+00:00
[2026-01-05T17:23:05.899+0000] {processor.py:208} INFO - Processing /home/airflow/.local/lib/python3.12/site-packages/airflow/example_dags/example_xcom.py took 0.105 seconds
[2026-01-05T17:23:36.035+0000] {processor.py:186} INFO - Started process (PID=890) to work on /home/airflow/.local/lib/python3.12/site-packages/airflow/example_dags/example_xcom.py
[2026-01-05T17:23:36.037+0000] {processor.py:914} INFO - Processing file /home/airflow/.local/lib/python3.12/site-packages/airflow/example_dags/example_xcom.py for tasks to queue
[2026-01-05T17:23:36.041+0000] {logging_mixin.py:190} INFO - [2026-01-05T17:23:36.040+0000] {dagbag.py:587} INFO - Filling up the DagBag from /home/airflow/.local/lib/python3.12/site-packages/airflow/example_dags/example_xcom.py
[2026-01-05T17:23:36.049+0000] {processor.py:925} INFO - DAG(s) 'example_xcom' retrieved from /home/airflow/.local/lib/python3.12/site-packages/airflow/example_dags/example_xcom.py
[2026-01-05T17:23:36.076+0000] {logging_mixin.py:190} INFO - [2026-01-05T17:23:36.075+0000] {dag.py:3211} INFO - Sync 1 DAGs
[2026-01-05T17:23:36.102+0000] {logging_mixin.py:190} INFO - [2026-01-05T17:23:36.102+0000] {dag.py:4138} INFO - Setting next_dagrun for example_xcom to 2021-01-01 00:00:00+00:00, run_after=2021-01-01 00:00:00+00:00
[2026-01-05T17:23:36.125+0000] {processor.py:208} INFO - Processing /home/airflow/.local/lib/python3.12/site-packages/airflow/example_dags/example_xcom.py took 0.096 seconds
[2026-01-05T17:24:06.297+0000] {processor.py:186} INFO - Started process (PID=956) to work on /home/airflow/.local/lib/python3.12/site-packages/airflow/example_dags/example_xcom.py
[2026-01-05T17:24:06.299+0000] {processor.py:914} INFO - Processing file /home/airflow/.local/lib/python3.12/site-packages/airflow/example_dags/example_xcom.py for tasks to queue
[2026-01-05T17:24:06.303+0000] {logging_mixin.py:190} INFO - [2026-01-05T17:24:06.302+0000] {dagbag.py:587} INFO - Filling up the DagBag from /home/airflow/.local/lib/python3.12/site-packages/airflow/example_dags/example_xcom.py
[2026-01-05T17:24:06.315+0000] {processor.py:925} INFO - DAG(s) 'example_xcom' retrieved from /home/airflow/.local/lib/python3.12/site-packages/airflow/example_dags/example_xcom.py
[2026-01-05T17:24:06.344+0000] {logging_mixin.py:190} INFO - [2026-01-05T17:24:06.344+0000] {dag.py:3211} INFO - Sync 1 DAGs
[2026-01-05T17:24:06.374+0000] {logging_mixin.py:190} INFO - [2026-01-05T17:24:06.374+0000] {dag.py:4138} INFO - Setting next_dagrun for example_xcom to 2021-01-01 00:00:00+00:00, run_after=2021-01-01 00:00:00+00:00
[2026-01-05T17:24:06.402+0000] {processor.py:208} INFO - Processing /home/airflow/.local/lib/python3.12/site-packages/airflow/example_dags/example_xcom.py took 0.112 seconds
[2026-01-05T17:24:37.003+0000] {processor.py:186} INFO - Started process (PID=1022) to work on /home/airflow/.local/lib/python3.12/site-packages/airflow/example_dags/example_xcom.py
[2026-01-05T17:24:37.006+0000] {processor.py:914} INFO - Processing file /home/airflow/.local/lib/python3.12/site-packages/airflow/example_dags/example_xcom.py for tasks to queue
[2026-01-05T17:24:37.011+0000] {logging_mixin.py:190} INFO - [2026-01-05T17:24:37.011+0000] {dagbag.py:587} INFO - Filling up the DagBag from /home/airflow/.local/lib/python3.12/site-packages/airflow/example_dags/example_xcom.py
[2026-01-05T17:24:37.027+0000] {processor.py:925} INFO - DAG(s) 'example_xcom' retrieved from /home/airflow/.local/lib/python3.12/site-packages/airflow/example_dags/example_xcom.py
[2026-01-05T17:24:37.064+0000] {logging_mixin.py:190} INFO - [2026-01-05T17:24:37.063+0000] {dag.py:3211} INFO - Sync 1 DAGs
[2026-01-05T17:24:37.104+0000] {logging_mixin.py:190} INFO - [2026-01-05T17:24:37.104+0000] {dag.py:4138} INFO - Setting next_dagrun for example_xcom to 2021-01-01 00:00:00+00:00, run_after=2021-01-01 00:00:00+00:00
[2026-01-05T17:24:37.126+0000] {processor.py:208} INFO - Processing /home/airflow/.local/lib/python3.12/site-packages/airflow/example_dags/example_xcom.py took 0.131 seconds
[2026-01-05T17:25:07.453+0000] {processor.py:186} INFO - Started process (PID=1088) to work on /home/airflow/.local/lib/python3.12/site-packages/airflow/example_dags/example_xcom.py
[2026-01-05T17:25:07.455+0000] {processor.py:914} INFO - Processing file /home/airflow/.local/lib/python3.12/site-packages/airflow/example_dags/example_xcom.py for tasks to queue
[2026-01-05T17:25:07.459+0000] {logging_mixin.py:190} INFO - [2026-01-05T17:25:07.459+0000] {dagbag.py:587} INFO - Filling up the DagBag from /home/airflow/.local/lib/python3.12/site-packages/airflow/example_dags/example_xcom.py
[2026-01-05T17:25:07.469+0000] {processor.py:925} INFO - DAG(s) 'example_xcom' retrieved from /home/airflow/.local/lib/python3.12/site-packages/airflow/example_dags/example_xcom.py
[2026-01-05T17:25:07.500+0000] {logging_mixin.py:190} INFO - [2026-01-05T17:25:07.499+0000] {dag.py:3211} INFO - Sync 1 DAGs
[2026-01-05T17:25:07.525+0000] {logging_mixin.py:190} INFO - [2026-01-05T17:25:07.524+0000] {dag.py:4138} INFO - Setting next_dagrun for example_xcom to 2021-01-01 00:00:00+00:00, run_after=2021-01-01 00:00:00+00:00
[2026-01-05T17:25:07.547+0000] {processor.py:208} INFO - Processing /home/airflow/.local/lib/python3.12/site-packages/airflow/example_dags/example_xcom.py took 0.101 seconds
[2026-01-05T17:25:38.025+0000] {processor.py:186} INFO - Started process (PID=1154) to work on /home/airflow/.local/lib/python3.12/site-packages/airflow/example_dags/example_xcom.py
[2026-01-05T17:25:38.026+0000] {processor.py:914} INFO - Processing file /home/airflow/.local/lib/python3.12/site-packages/airflow/example_dags/example_xcom.py for tasks to queue
[2026-01-05T17:25:38.030+0000] {logging_mixin.py:190} INFO - [2026-01-05T17:25:38.029+0000] {dagbag.py:587} INFO - Filling up the DagBag from /home/airflow/.local/lib/python3.12/site-packages/airflow/example_dags/example_xcom.py
[2026-01-05T17:25:38.038+0000] {processor.py:925} INFO - DAG(s) 'example_xcom' retrieved from /home/airflow/.local/lib/python3.12/site-packages/airflow/example_dags/example_xcom.py
[2026-01-05T17:25:38.065+0000] {logging_mixin.py:190} INFO - [2026-01-05T17:25:38.065+0000] {dag.py:3211} INFO - Sync 1 DAGs
[2026-01-05T17:25:38.090+0000] {logging_mixin.py:190} INFO - [2026-01-05T17:25:38.090+0000] {dag.py:4138} INFO - Setting next_dagrun for example_xcom to 2021-01-01 00:00:00+00:00, run_after=2021-01-01 00:00:00+00:00
[2026-01-05T17:25:38.117+0000] {processor.py:208} INFO - Processing /home/airflow/.local/lib/python3.12/site-packages/airflow/example_dags/example_xcom.py took 0.098 seconds
[2026-01-05T17:26:08.607+0000] {processor.py:186} INFO - Started process (PID=1220) to work on /home/airflow/.local/lib/python3.12/site-packages/airflow/example_dags/example_xcom.py
[2026-01-05T17:26:08.608+0000] {processor.py:914} INFO - Processing file /home/airflow/.local/lib/python3.12/site-packages/airflow/example_dags/example_xcom.py for tasks to queue
[2026-01-05T17:26:08.613+0000] {logging_mixin.py:190} INFO - [2026-01-05T17:26:08.613+0000] {dagbag.py:587} INFO - Filling up the DagBag from /home/airflow/.local/lib/python3.12/site-packages/airflow/example_dags/example_xcom.py
[2026-01-05T17:26:08.624+0000] {processor.py:925} INFO - DAG(s) 'example_xcom' retrieved from /home/airflow/.local/lib/python3.12/site-packages/airflow/example_dags/example_xcom.py
[2026-01-05T17:26:08.652+0000] {logging_mixin.py:190} INFO - [2026-01-05T17:26:08.652+0000] {dag.py:3211} INFO - Sync 1 DAGs
[2026-01-05T17:26:08.681+0000] {logging_mixin.py:190} INFO - [2026-01-05T17:26:08.681+0000] {dag.py:4138} INFO - Setting next_dagrun for example_xcom to 2021-01-01 00:00:00+00:00, run_after=2021-01-01 00:00:00+00:00
[2026-01-05T17:26:08.708+0000] {processor.py:208} INFO - Processing /home/airflow/.local/lib/python3.12/site-packages/airflow/example_dags/example_xcom.py took 0.107 seconds
[2026-01-05T17:26:39.174+0000] {processor.py:186} INFO - Started process (PID=1286) to work on /home/airflow/.local/lib/python3.12/site-packages/airflow/example_dags/example_xcom.py
[2026-01-05T17:26:39.177+0000] {processor.py:914} INFO - Processing file /home/airflow/.local/lib/python3.12/site-packages/airflow/example_dags/example_xcom.py for tasks to queue
[2026-01-05T17:26:39.182+0000] {logging_mixin.py:190} INFO - [2026-01-05T17:26:39.181+0000] {dagbag.py:587} INFO - Filling up the DagBag from /home/airflow/.local/lib/python3.12/site-packages/airflow/example_dags/example_xcom.py
[2026-01-05T17:26:39.201+0000] {processor.py:925} INFO - DAG(s) 'example_xcom' retrieved from /home/airflow/.local/lib/python3.12/site-packages/airflow/example_dags/example_xcom.py
[2026-01-05T17:26:39.239+0000] {logging_mixin.py:190} INFO - [2026-01-05T17:26:39.238+0000] {dag.py:3211} INFO - Sync 1 DAGs
[2026-01-05T17:26:39.260+0000] {logging_mixin.py:190} INFO - [2026-01-05T17:26:39.259+0000] {dag.py:4138} INFO - Setting next_dagrun for example_xcom to 2021-01-01 00:00:00+00:00, run_after=2021-01-01 00:00:00+00:00
[2026-01-05T17:26:39.282+0000] {processor.py:208} INFO - Processing /home/airflow/.local/lib/python3.12/site-packages/airflow/example_dags/example_xcom.py took 0.114 seconds
[2026-01-05T17:27:09.812+0000] {processor.py:186} INFO - Started process (PID=1352) to work on /home/airflow/.local/lib/python3.12/site-packages/airflow/example_dags/example_xcom.py
[2026-01-05T17:27:09.814+0000] {processor.py:914} INFO - Processing file /home/airflow/.local/lib/python3.12/site-packages/airflow/example_dags/example_xcom.py for tasks to queue
[2026-01-05T17:27:09.817+0000] {logging_mixin.py:190} INFO - [2026-01-05T17:27:09.817+0000] {dagbag.py:587} INFO - Filling up the DagBag from /home/airflow/.local/lib/python3.12/site-packages/airflow/example_dags/example_xcom.py
[2026-01-05T17:27:09.826+0000] {processor.py:925} INFO - DAG(s) 'example_xcom' retrieved from /home/airflow/.local/lib/python3.12/site-packages/airflow/example_dags/example_xcom.py
[2026-01-05T17:27:09.852+0000] {logging_mixin.py:190} INFO - [2026-01-05T17:27:09.852+0000] {dag.py:3211} INFO - Sync 1 DAGs
[2026-01-05T17:27:09.875+0000] {logging_mixin.py:190} INFO - [2026-01-05T17:27:09.875+0000] {dag.py:4138} INFO - Setting next_dagrun for example_xcom to 2021-01-01 00:00:00+00:00, run_after=2021-01-01 00:00:00+00:00
[2026-01-05T17:27:09.895+0000] {processor.py:208} INFO - Processing /home/airflow/.local/lib/python3.12/site-packages/airflow/example_dags/example_xcom.py took 0.089 seconds
[2026-01-05T17:27:39.985+0000] {processor.py:186} INFO - Started process (PID=1418) to work on /home/airflow/.local/lib/python3.12/site-packages/airflow/example_dags/example_xcom.py
[2026-01-05T17:27:39.986+0000] {processor.py:914} INFO - Processing file /home/airflow/.local/lib/python3.12/site-packages/airflow/example_dags/example_xcom.py for tasks to queue
[2026-01-05T17:27:39.992+0000] {logging_mixin.py:190} INFO - [2026-01-05T17:27:39.991+0000] {dagbag.py:587} INFO - Filling up the DagBag from /home/airflow/.local/lib/python3.12/site-packages/airflow/example_dags/example_xcom.py
[2026-01-05T17:27:40.008+0000] {processor.py:925} INFO - DAG(s) 'example_xcom' retrieved from /home/airflow/.local/lib/python3.12/site-packages/airflow/example_dags/example_xcom.py
[2026-01-05T17:27:40.037+0000] {logging_mixin.py:190} INFO - [2026-01-05T17:27:40.036+0000] {dag.py:3211} INFO - Sync 1 DAGs
[2026-01-05T17:27:40.060+0000] {logging_mixin.py:190} INFO - [2026-01-05T17:27:40.060+0000] {dag.py:4138} INFO - Setting next_dagrun for example_xcom to 2021-01-01 00:00:00+00:00, run_after=2021-01-01 00:00:00+00:00
[2026-01-05T17:27:40.080+0000] {processor.py:208} INFO - Processing /home/airflow/.local/lib/python3.12/site-packages/airflow/example_dags/example_xcom.py took 0.106 seconds
[2026-01-05T17:28:10.489+0000] {processor.py:186} INFO - Started process (PID=1484) to work on /home/airflow/.local/lib/python3.12/site-packages/airflow/example_dags/example_xcom.py
[2026-01-05T17:28:10.490+0000] {processor.py:914} INFO - Processing file /home/airflow/.local/lib/python3.12/site-packages/airflow/example_dags/example_xcom.py for tasks to queue
[2026-01-05T17:28:10.493+0000] {logging_mixin.py:190} INFO - [2026-01-05T17:28:10.493+0000] {dagbag.py:587} INFO - Filling up the DagBag from /home/airflow/.local/lib/python3.12/site-packages/airflow/example_dags/example_xcom.py
[2026-01-05T17:28:10.501+0000] {processor.py:925} INFO - DAG(s) 'example_xcom' retrieved from /home/airflow/.local/lib/python3.12/site-packages/airflow/example_dags/example_xcom.py
[2026-01-05T17:28:10.528+0000] {logging_mixin.py:190} INFO - [2026-01-05T17:28:10.528+0000] {dag.py:3211} INFO - Sync 1 DAGs
[2026-01-05T17:28:10.554+0000] {logging_mixin.py:190} INFO - [2026-01-05T17:28:10.554+0000] {dag.py:4138} INFO - Setting next_dagrun for example_xcom to 2021-01-01 00:00:00+00:00, run_after=2021-01-01 00:00:00+00:00
[2026-01-05T17:28:10.579+0000] {processor.py:208} INFO - Processing /home/airflow/.local/lib/python3.12/site-packages/airflow/example_dags/example_xcom.py took 0.097 seconds
[2026-01-05T17:28:41.531+0000] {processor.py:186} INFO - Started process (PID=1550) to work on /home/airflow/.local/lib/python3.12/site-packages/airflow/example_dags/example_xcom.py
[2026-01-05T17:28:41.533+0000] {processor.py:914} INFO - Processing file /home/airflow/.local/lib/python3.12/site-packages/airflow/example_dags/example_xcom.py for tasks to queue
[2026-01-05T17:28:41.536+0000] {logging_mixin.py:190} INFO - [2026-01-05T17:28:41.536+0000] {dagbag.py:587} INFO - Filling up the DagBag from /home/airflow/.local/lib/python3.12/site-packages/airflow/example_dags/example_xcom.py
[2026-01-05T17:28:41.549+0000] {processor.py:925} INFO - DAG(s) 'example_xcom' retrieved from /home/airflow/.local/lib/python3.12/site-packages/airflow/example_dags/example_xcom.py
[2026-01-05T17:28:41.586+0000] {logging_mixin.py:190} INFO - [2026-01-05T17:28:41.586+0000] {dag.py:3211} INFO - Sync 1 DAGs
[2026-01-05T17:28:41.612+0000] {logging_mixin.py:190} INFO - [2026-01-05T17:28:41.612+0000] {dag.py:4138} INFO - Setting next_dagrun for example_xcom to 2021-01-01 00:00:00+00:00, run_after=2021-01-01 00:00:00+00:00
[2026-01-05T17:28:41.634+0000] {processor.py:208} INFO - Processing /home/airflow/.local/lib/python3.12/site-packages/airflow/example_dags/example_xcom.py took 0.111 seconds
[2026-01-05T17:29:12.212+0000] {processor.py:186} INFO - Started process (PID=1616) to work on /home/airflow/.local/lib/python3.12/site-packages/airflow/example_dags/example_xcom.py
[2026-01-05T17:29:12.214+0000] {processor.py:914} INFO - Processing file /home/airflow/.local/lib/python3.12/site-packages/airflow/example_dags/example_xcom.py for tasks to queue
[2026-01-05T17:29:12.218+0000] {logging_mixin.py:190} INFO - [2026-01-05T17:29:12.218+0000] {dagbag.py:587} INFO - Filling up the DagBag from /home/airflow/.local/lib/python3.12/site-packages/airflow/example_dags/example_xcom.py
[2026-01-05T17:29:12.230+0000] {processor.py:925} INFO - DAG(s) 'example_xcom' retrieved from /home/airflow/.local/lib/python3.12/site-packages/airflow/example_dags/example_xcom.py
[2026-01-05T17:29:12.252+0000] {logging_mixin.py:190} INFO - [2026-01-05T17:29:12.252+0000] {dag.py:3211} INFO - Sync 1 DAGs
[2026-01-05T17:29:12.281+0000] {logging_mixin.py:190} INFO - [2026-01-05T17:29:12.280+0000] {dag.py:4138} INFO - Setting next_dagrun for example_xcom to 2021-01-01 00:00:00+00:00, run_after=2021-01-01 00:00:00+00:00
[2026-01-05T17:29:12.315+0000] {processor.py:208} INFO - Processing /home/airflow/.local/lib/python3.12/site-packages/airflow/example_dags/example_xcom.py took 0.113 seconds
[2026-01-05T17:29:42.909+0000] {processor.py:186} INFO - Started process (PID=1682) to work on /home/airflow/.local/lib/python3.12/site-packages/airflow/example_dags/example_xcom.py
[2026-01-05T17:29:42.911+0000] {processor.py:914} INFO - Processing file /home/airflow/.local/lib/python3.12/site-packages/airflow/example_dags/example_xcom.py for tasks to queue
[2026-01-05T17:29:42.914+0000] {logging_mixin.py:190} INFO - [2026-01-05T17:29:42.914+0000] {dagbag.py:587} INFO - Filling up the DagBag from /home/airflow/.local/lib/python3.12/site-packages/airflow/example_dags/example_xcom.py
[2026-01-05T17:29:42.927+0000] {processor.py:925} INFO - DAG(s) 'example_xcom' retrieved from /home/airflow/.local/lib/python3.12/site-packages/airflow/example_dags/example_xcom.py
[2026-01-05T17:29:42.956+0000] {logging_mixin.py:190} INFO - [2026-01-05T17:29:42.955+0000] {dag.py:3211} INFO - Sync 1 DAGs
[2026-01-05T17:29:42.993+0000] {logging_mixin.py:190} INFO - [2026-01-05T17:29:42.992+0000] {dag.py:4138} INFO - Setting next_dagrun for example_xcom to 2021-01-01 00:00:00+00:00, run_after=2021-01-01 00:00:00+00:00
[2026-01-05T17:29:43.019+0000] {processor.py:208} INFO - Processing /home/airflow/.local/lib/python3.12/site-packages/airflow/example_dags/example_xcom.py took 0.119 seconds
[2026-01-05T17:30:13.489+0000] {processor.py:186} INFO - Started process (PID=1748) to work on /home/airflow/.local/lib/python3.12/site-packages/airflow/example_dags/example_xcom.py
[2026-01-05T17:30:13.491+0000] {processor.py:914} INFO - Processing file /home/airflow/.local/lib/python3.12/site-packages/airflow/example_dags/example_xcom.py for tasks to queue
[2026-01-05T17:30:13.495+0000] {logging_mixin.py:190} INFO - [2026-01-05T17:30:13.495+0000] {dagbag.py:587} INFO - Filling up the DagBag from /home/airflow/.local/lib/python3.12/site-packages/airflow/example_dags/example_xcom.py
[2026-01-05T17:30:13.503+0000] {processor.py:925} INFO - DAG(s) 'example_xcom' retrieved from /home/airflow/.local/lib/python3.12/site-packages/airflow/example_dags/example_xcom.py
[2026-01-05T17:30:13.524+0000] {logging_mixin.py:190} INFO - [2026-01-05T17:30:13.524+0000] {dag.py:3211} INFO - Sync 1 DAGs
[2026-01-05T17:30:13.553+0000] {logging_mixin.py:190} INFO - [2026-01-05T17:30:13.552+0000] {dag.py:4138} INFO - Setting next_dagrun for example_xcom to 2021-01-01 00:00:00+00:00, run_after=2021-01-01 00:00:00+00:00
[2026-01-05T17:30:13.574+0000] {processor.py:208} INFO - Processing /home/airflow/.local/lib/python3.12/site-packages/airflow/example_dags/example_xcom.py took 0.092 seconds
[2026-01-05T17:30:44.524+0000] {processor.py:186} INFO - Started process (PID=1815) to work on /home/airflow/.local/lib/python3.12/site-packages/airflow/example_dags/example_xcom.py
[2026-01-05T17:30:44.526+0000] {processor.py:914} INFO - Processing file /home/airflow/.local/lib/python3.12/site-packages/airflow/example_dags/example_xcom.py for tasks to queue
[2026-01-05T17:30:44.529+0000] {logging_mixin.py:190} INFO - [2026-01-05T17:30:44.528+0000] {dagbag.py:587} INFO - Filling up the DagBag from /home/airflow/.local/lib/python3.12/site-packages/airflow/example_dags/example_xcom.py
[2026-01-05T17:30:44.537+0000] {processor.py:925} INFO - DAG(s) 'example_xcom' retrieved from /home/airflow/.local/lib/python3.12/site-packages/airflow/example_dags/example_xcom.py
[2026-01-05T17:30:44.560+0000] {logging_mixin.py:190} INFO - [2026-01-05T17:30:44.559+0000] {dag.py:3211} INFO - Sync 1 DAGs
[2026-01-05T17:30:44.582+0000] {logging_mixin.py:190} INFO - [2026-01-05T17:30:44.582+0000] {dag.py:4138} INFO - Setting next_dagrun for example_xcom to 2021-01-01 00:00:00+00:00, run_after=2021-01-01 00:00:00+00:00
[2026-01-05T17:30:44.602+0000] {processor.py:208} INFO - Processing /home/airflow/.local/lib/python3.12/site-packages/airflow/example_dags/example_xcom.py took 0.084 seconds
[2026-01-05T17:31:15.216+0000] {processor.py:186} INFO - Started process (PID=1881) to work on /home/airflow/.local/lib/python3.12/site-packages/airflow/example_dags/example_xcom.py
[2026-01-05T17:31:15.218+0000] {processor.py:914} INFO - Processing file /home/airflow/.local/lib/python3.12/site-packages/airflow/example_dags/example_xcom.py for tasks to queue
[2026-01-05T17:31:15.221+0000] {logging_mixin.py:190} INFO - [2026-01-05T17:31:15.221+0000] {dagbag.py:587} INFO - Filling up the DagBag from /home/airflow/.local/lib/python3.12/site-packages/airflow/example_dags/example_xcom.py
[2026-01-05T17:31:15.234+0000] {processor.py:925} INFO - DAG(s) 'example_xcom' retrieved from /home/airflow/.local/lib/python3.12/site-packages/airflow/example_dags/example_xcom.py
[2026-01-05T17:31:15.259+0000] {logging_mixin.py:190} INFO - [2026-01-05T17:31:15.259+0000] {dag.py:3211} INFO - Sync 1 DAGs
[2026-01-05T17:31:15.291+0000] {logging_mixin.py:190} INFO - [2026-01-05T17:31:15.291+0000] {dag.py:4138} INFO - Setting next_dagrun for example_xcom to 2021-01-01 00:00:00+00:00, run_after=2021-01-01 00:00:00+00:00
[2026-01-05T17:31:15.317+0000] {processor.py:208} INFO - Processing /home/airflow/.local/lib/python3.12/site-packages/airflow/example_dags/example_xcom.py took 0.111 seconds
[2026-01-05T17:31:45.868+0000] {processor.py:186} INFO - Started process (PID=1947) to work on /home/airflow/.local/lib/python3.12/site-packages/airflow/example_dags/example_xcom.py
[2026-01-05T17:31:45.870+0000] {processor.py:914} INFO - Processing file /home/airflow/.local/lib/python3.12/site-packages/airflow/example_dags/example_xcom.py for tasks to queue
[2026-01-05T17:31:45.873+0000] {logging_mixin.py:190} INFO - [2026-01-05T17:31:45.873+0000] {dagbag.py:587} INFO - Filling up the DagBag from /home/airflow/.local/lib/python3.12/site-packages/airflow/example_dags/example_xcom.py
[2026-01-05T17:31:45.883+0000] {processor.py:925} INFO - DAG(s) 'example_xcom' retrieved from /home/airflow/.local/lib/python3.12/site-packages/airflow/example_dags/example_xcom.py
[2026-01-05T17:31:45.915+0000] {logging_mixin.py:190} INFO - [2026-01-05T17:31:45.914+0000] {dag.py:3211} INFO - Sync 1 DAGs
[2026-01-05T17:31:45.943+0000] {logging_mixin.py:190} INFO - [2026-01-05T17:31:45.943+0000] {dag.py:4138} INFO - Setting next_dagrun for example_xcom to 2021-01-01 00:00:00+00:00, run_after=2021-01-01 00:00:00+00:00
[2026-01-05T17:31:45.968+0000] {processor.py:208} INFO - Processing /home/airflow/.local/lib/python3.12/site-packages/airflow/example_dags/example_xcom.py took 0.107 seconds
[2026-01-05T17:32:16.578+0000] {processor.py:186} INFO - Started process (PID=2013) to work on /home/airflow/.local/lib/python3.12/site-packages/airflow/example_dags/example_xcom.py
[2026-01-05T17:32:16.579+0000] {processor.py:914} INFO - Processing file /home/airflow/.local/lib/python3.12/site-packages/airflow/example_dags/example_xcom.py for tasks to queue
[2026-01-05T17:32:16.582+0000] {logging_mixin.py:190} INFO - [2026-01-05T17:32:16.582+0000] {dagbag.py:587} INFO - Filling up the DagBag from /home/airflow/.local/lib/python3.12/site-packages/airflow/example_dags/example_xcom.py
[2026-01-05T17:32:16.593+0000] {processor.py:925} INFO - DAG(s) 'example_xcom' retrieved from /home/airflow/.local/lib/python3.12/site-packages/airflow/example_dags/example_xcom.py
[2026-01-05T17:32:16.617+0000] {logging_mixin.py:190} INFO - [2026-01-05T17:32:16.617+0000] {dag.py:3211} INFO - Sync 1 DAGs
[2026-01-05T17:32:16.640+0000] {logging_mixin.py:190} INFO - [2026-01-05T17:32:16.640+0000] {dag.py:4138} INFO - Setting next_dagrun for example_xcom to 2021-01-01 00:00:00+00:00, run_after=2021-01-01 00:00:00+00:00
[2026-01-05T17:32:16.663+0000] {processor.py:208} INFO - Processing /home/airflow/.local/lib/python3.12/site-packages/airflow/example_dags/example_xcom.py took 0.091 seconds
[2026-01-05T17:32:47.935+0000] {processor.py:186} INFO - Started process (PID=2079) to work on /home/airflow/.local/lib/python3.12/site-packages/airflow/example_dags/example_xcom.py
[2026-01-05T17:32:47.937+0000] {processor.py:914} INFO - Processing file /home/airflow/.local/lib/python3.12/site-packages/airflow/example_dags/example_xcom.py for tasks to queue
[2026-01-05T17:32:47.940+0000] {logging_mixin.py:190} INFO - [2026-01-05T17:32:47.940+0000] {dagbag.py:587} INFO - Filling up the DagBag from /home/airflow/.local/lib/python3.12/site-packages/airflow/example_dags/example_xcom.py
[2026-01-05T17:32:47.949+0000] {processor.py:925} INFO - DAG(s) 'example_xcom' retrieved from /home/airflow/.local/lib/python3.12/site-packages/airflow/example_dags/example_xcom.py
[2026-01-05T17:32:47.975+0000] {logging_mixin.py:190} INFO - [2026-01-05T17:32:47.975+0000] {dag.py:3211} INFO - Sync 1 DAGs
[2026-01-05T17:32:47.996+0000] {logging_mixin.py:190} INFO - [2026-01-05T17:32:47.996+0000] {dag.py:4138} INFO - Setting next_dagrun for example_xcom to 2021-01-01 00:00:00+00:00, run_after=2021-01-01 00:00:00+00:00
[2026-01-05T17:32:48.192+0000] {processor.py:208} INFO - Processing /home/airflow/.local/lib/python3.12/site-packages/airflow/example_dags/example_xcom.py took 0.264 seconds
[2026-01-05T17:33:19.554+0000] {processor.py:186} INFO - Started process (PID=2145) to work on /home/airflow/.local/lib/python3.12/site-packages/airflow/example_dags/example_xcom.py
[2026-01-05T17:33:19.556+0000] {processor.py:914} INFO - Processing file /home/airflow/.local/lib/python3.12/site-packages/airflow/example_dags/example_xcom.py for tasks to queue
[2026-01-05T17:33:19.560+0000] {logging_mixin.py:190} INFO - [2026-01-05T17:33:19.559+0000] {dagbag.py:587} INFO - Filling up the DagBag from /home/airflow/.local/lib/python3.12/site-packages/airflow/example_dags/example_xcom.py
[2026-01-05T17:33:19.574+0000] {processor.py:925} INFO - DAG(s) 'example_xcom' retrieved from /home/airflow/.local/lib/python3.12/site-packages/airflow/example_dags/example_xcom.py
[2026-01-05T17:33:19.599+0000] {logging_mixin.py:190} INFO - [2026-01-05T17:33:19.599+0000] {dag.py:3211} INFO - Sync 1 DAGs
[2026-01-05T17:33:19.820+0000] {logging_mixin.py:190} INFO - [2026-01-05T17:33:19.819+0000] {dag.py:4138} INFO - Setting next_dagrun for example_xcom to 2021-01-01 00:00:00+00:00, run_after=2021-01-01 00:00:00+00:00
[2026-01-05T17:33:19.858+0000] {processor.py:208} INFO - Processing /home/airflow/.local/lib/python3.12/site-packages/airflow/example_dags/example_xcom.py took 0.315 seconds
[2026-01-05T17:33:50.107+0000] {processor.py:186} INFO - Started process (PID=2211) to work on /home/airflow/.local/lib/python3.12/site-packages/airflow/example_dags/example_xcom.py
[2026-01-05T17:33:50.109+0000] {processor.py:914} INFO - Processing file /home/airflow/.local/lib/python3.12/site-packages/airflow/example_dags/example_xcom.py for tasks to queue
[2026-01-05T17:33:50.114+0000] {logging_mixin.py:190} INFO - [2026-01-05T17:33:50.113+0000] {dagbag.py:587} INFO - Filling up the DagBag from /home/airflow/.local/lib/python3.12/site-packages/airflow/example_dags/example_xcom.py
[2026-01-05T17:33:50.133+0000] {processor.py:925} INFO - DAG(s) 'example_xcom' retrieved from /home/airflow/.local/lib/python3.12/site-packages/airflow/example_dags/example_xcom.py
[2026-01-05T17:33:50.174+0000] {logging_mixin.py:190} INFO - [2026-01-05T17:33:50.174+0000] {dag.py:3211} INFO - Sync 1 DAGs
[2026-01-05T17:33:50.465+0000] {logging_mixin.py:190} INFO - [2026-01-05T17:33:50.464+0000] {dag.py:4138} INFO - Setting next_dagrun for example_xcom to 2021-01-01 00:00:00+00:00, run_after=2021-01-01 00:00:00+00:00
[2026-01-05T17:33:50.488+0000] {processor.py:208} INFO - Processing /home/airflow/.local/lib/python3.12/site-packages/airflow/example_dags/example_xcom.py took 0.391 seconds
[2026-01-05T17:34:21.448+0000] {processor.py:186} INFO - Started process (PID=2277) to work on /home/airflow/.local/lib/python3.12/site-packages/airflow/example_dags/example_xcom.py
[2026-01-05T17:34:21.450+0000] {processor.py:914} INFO - Processing file /home/airflow/.local/lib/python3.12/site-packages/airflow/example_dags/example_xcom.py for tasks to queue
[2026-01-05T17:34:21.454+0000] {logging_mixin.py:190} INFO - [2026-01-05T17:34:21.453+0000] {dagbag.py:587} INFO - Filling up the DagBag from /home/airflow/.local/lib/python3.12/site-packages/airflow/example_dags/example_xcom.py
[2026-01-05T17:34:21.463+0000] {processor.py:925} INFO - DAG(s) 'example_xcom' retrieved from /home/airflow/.local/lib/python3.12/site-packages/airflow/example_dags/example_xcom.py
[2026-01-05T17:34:21.485+0000] {logging_mixin.py:190} INFO - [2026-01-05T17:34:21.485+0000] {dag.py:3211} INFO - Sync 1 DAGs
[2026-01-05T17:34:21.509+0000] {logging_mixin.py:190} INFO - [2026-01-05T17:34:21.509+0000] {dag.py:4138} INFO - Setting next_dagrun for example_xcom to 2021-01-01 00:00:00+00:00, run_after=2021-01-01 00:00:00+00:00
[2026-01-05T17:34:21.536+0000] {processor.py:208} INFO - Processing /home/airflow/.local/lib/python3.12/site-packages/airflow/example_dags/example_xcom.py took 0.093 seconds
[2026-01-05T17:34:51.891+0000] {processor.py:186} INFO - Started process (PID=2343) to work on /home/airflow/.local/lib/python3.12/site-packages/airflow/example_dags/example_xcom.py
[2026-01-05T17:34:51.892+0000] {processor.py:914} INFO - Processing file /home/airflow/.local/lib/python3.12/site-packages/airflow/example_dags/example_xcom.py for tasks to queue
[2026-01-05T17:34:51.895+0000] {logging_mixin.py:190} INFO - [2026-01-05T17:34:51.895+0000] {dagbag.py:587} INFO - Filling up the DagBag from /home/airflow/.local/lib/python3.12/site-packages/airflow/example_dags/example_xcom.py
[2026-01-05T17:34:51.903+0000] {processor.py:925} INFO - DAG(s) 'example_xcom' retrieved from /home/airflow/.local/lib/python3.12/site-packages/airflow/example_dags/example_xcom.py
[2026-01-05T17:34:51.933+0000] {logging_mixin.py:190} INFO - [2026-01-05T17:34:51.933+0000] {dag.py:3211} INFO - Sync 1 DAGs
[2026-01-05T17:34:51.956+0000] {logging_mixin.py:190} INFO - [2026-01-05T17:34:51.955+0000] {dag.py:4138} INFO - Setting next_dagrun for example_xcom to 2021-01-01 00:00:00+00:00, run_after=2021-01-01 00:00:00+00:00
[2026-01-05T17:34:51.981+0000] {processor.py:208} INFO - Processing /home/airflow/.local/lib/python3.12/site-packages/airflow/example_dags/example_xcom.py took 0.097 seconds
[2026-01-05T17:35:22.472+0000] {processor.py:186} INFO - Started process (PID=2409) to work on /home/airflow/.local/lib/python3.12/site-packages/airflow/example_dags/example_xcom.py
[2026-01-05T17:35:22.473+0000] {processor.py:914} INFO - Processing file /home/airflow/.local/lib/python3.12/site-packages/airflow/example_dags/example_xcom.py for tasks to queue
[2026-01-05T17:35:22.479+0000] {logging_mixin.py:190} INFO - [2026-01-05T17:35:22.478+0000] {dagbag.py:587} INFO - Filling up the DagBag from /home/airflow/.local/lib/python3.12/site-packages/airflow/example_dags/example_xcom.py
[2026-01-05T17:35:22.490+0000] {processor.py:925} INFO - DAG(s) 'example_xcom' retrieved from /home/airflow/.local/lib/python3.12/site-packages/airflow/example_dags/example_xcom.py
[2026-01-05T17:35:22.519+0000] {logging_mixin.py:190} INFO - [2026-01-05T17:35:22.518+0000] {dag.py:3211} INFO - Sync 1 DAGs
[2026-01-05T17:35:22.542+0000] {logging_mixin.py:190} INFO - [2026-01-05T17:35:22.541+0000] {dag.py:4138} INFO - Setting next_dagrun for example_xcom to 2021-01-01 00:00:00+00:00, run_after=2021-01-01 00:00:00+00:00
[2026-01-05T17:35:22.561+0000] {processor.py:208} INFO - Processing /home/airflow/.local/lib/python3.12/site-packages/airflow/example_dags/example_xcom.py took 0.102 seconds
[2026-01-05T17:35:53.197+0000] {processor.py:186} INFO - Started process (PID=2476) to work on /home/airflow/.local/lib/python3.12/site-packages/airflow/example_dags/example_xcom.py
[2026-01-05T17:35:53.199+0000] {processor.py:914} INFO - Processing file /home/airflow/.local/lib/python3.12/site-packages/airflow/example_dags/example_xcom.py for tasks to queue
[2026-01-05T17:35:53.202+0000] {logging_mixin.py:190} INFO - [2026-01-05T17:35:53.202+0000] {dagbag.py:587} INFO - Filling up the DagBag from /home/airflow/.local/lib/python3.12/site-packages/airflow/example_dags/example_xcom.py
[2026-01-05T17:35:53.219+0000] {processor.py:925} INFO - DAG(s) 'example_xcom' retrieved from /home/airflow/.local/lib/python3.12/site-packages/airflow/example_dags/example_xcom.py
[2026-01-05T17:35:53.247+0000] {logging_mixin.py:190} INFO - [2026-01-05T17:35:53.247+0000] {dag.py:3211} INFO - Sync 1 DAGs
[2026-01-05T17:35:53.274+0000] {logging_mixin.py:190} INFO - [2026-01-05T17:35:53.274+0000] {dag.py:4138} INFO - Setting next_dagrun for example_xcom to 2021-01-01 00:00:00+00:00, run_after=2021-01-01 00:00:00+00:00
[2026-01-05T17:35:53.296+0000] {processor.py:208} INFO - Processing /home/airflow/.local/lib/python3.12/site-packages/airflow/example_dags/example_xcom.py took 0.112 seconds
[2026-01-05T17:36:24.084+0000] {processor.py:186} INFO - Started process (PID=2542) to work on /home/airflow/.local/lib/python3.12/site-packages/airflow/example_dags/example_xcom.py
[2026-01-05T17:36:24.086+0000] {processor.py:914} INFO - Processing file /home/airflow/.local/lib/python3.12/site-packages/airflow/example_dags/example_xcom.py for tasks to queue
[2026-01-05T17:36:24.091+0000] {logging_mixin.py:190} INFO - [2026-01-05T17:36:24.090+0000] {dagbag.py:587} INFO - Filling up the DagBag from /home/airflow/.local/lib/python3.12/site-packages/airflow/example_dags/example_xcom.py
[2026-01-05T17:36:24.103+0000] {processor.py:925} INFO - DAG(s) 'example_xcom' retrieved from /home/airflow/.local/lib/python3.12/site-packages/airflow/example_dags/example_xcom.py
[2026-01-05T17:36:24.133+0000] {logging_mixin.py:190} INFO - [2026-01-05T17:36:24.133+0000] {dag.py:3211} INFO - Sync 1 DAGs
[2026-01-05T17:36:24.162+0000] {logging_mixin.py:190} INFO - [2026-01-05T17:36:24.161+0000] {dag.py:4138} INFO - Setting next_dagrun for example_xcom to 2021-01-01 00:00:00+00:00, run_after=2021-01-01 00:00:00+00:00
[2026-01-05T17:36:24.187+0000] {processor.py:208} INFO - Processing /home/airflow/.local/lib/python3.12/site-packages/airflow/example_dags/example_xcom.py took 0.114 seconds
[2026-01-05T17:36:54.606+0000] {processor.py:186} INFO - Started process (PID=2608) to work on /home/airflow/.local/lib/python3.12/site-packages/airflow/example_dags/example_xcom.py
[2026-01-05T17:36:54.607+0000] {processor.py:914} INFO - Processing file /home/airflow/.local/lib/python3.12/site-packages/airflow/example_dags/example_xcom.py for tasks to queue
[2026-01-05T17:36:54.613+0000] {logging_mixin.py:190} INFO - [2026-01-05T17:36:54.612+0000] {dagbag.py:587} INFO - Filling up the DagBag from /home/airflow/.local/lib/python3.12/site-packages/airflow/example_dags/example_xcom.py
[2026-01-05T17:36:54.626+0000] {processor.py:925} INFO - DAG(s) 'example_xcom' retrieved from /home/airflow/.local/lib/python3.12/site-packages/airflow/example_dags/example_xcom.py
[2026-01-05T17:36:54.655+0000] {logging_mixin.py:190} INFO - [2026-01-05T17:36:54.654+0000] {dag.py:3211} INFO - Sync 1 DAGs
[2026-01-05T17:36:54.680+0000] {logging_mixin.py:190} INFO - [2026-01-05T17:36:54.680+0000] {dag.py:4138} INFO - Setting next_dagrun for example_xcom to 2021-01-01 00:00:00+00:00, run_after=2021-01-01 00:00:00+00:00
[2026-01-05T17:36:54.700+0000] {processor.py:208} INFO - Processing /home/airflow/.local/lib/python3.12/site-packages/airflow/example_dags/example_xcom.py took 0.101 seconds
[2026-01-05T17:37:25.078+0000] {processor.py:186} INFO - Started process (PID=2674) to work on /home/airflow/.local/lib/python3.12/site-packages/airflow/example_dags/example_xcom.py
[2026-01-05T17:37:25.080+0000] {processor.py:914} INFO - Processing file /home/airflow/.local/lib/python3.12/site-packages/airflow/example_dags/example_xcom.py for tasks to queue
[2026-01-05T17:37:25.085+0000] {logging_mixin.py:190} INFO - [2026-01-05T17:37:25.084+0000] {dagbag.py:587} INFO - Filling up the DagBag from /home/airflow/.local/lib/python3.12/site-packages/airflow/example_dags/example_xcom.py
[2026-01-05T17:37:25.094+0000] {processor.py:925} INFO - DAG(s) 'example_xcom' retrieved from /home/airflow/.local/lib/python3.12/site-packages/airflow/example_dags/example_xcom.py
[2026-01-05T17:37:25.121+0000] {logging_mixin.py:190} INFO - [2026-01-05T17:37:25.121+0000] {dag.py:3211} INFO - Sync 1 DAGs
[2026-01-05T17:37:25.144+0000] {logging_mixin.py:190} INFO - [2026-01-05T17:37:25.144+0000] {dag.py:4138} INFO - Setting next_dagrun for example_xcom to 2021-01-01 00:00:00+00:00, run_after=2021-01-01 00:00:00+00:00
[2026-01-05T17:37:25.164+0000] {processor.py:208} INFO - Processing /home/airflow/.local/lib/python3.12/site-packages/airflow/example_dags/example_xcom.py took 0.092 seconds
[2026-01-05T17:37:55.903+0000] {processor.py:186} INFO - Started process (PID=2740) to work on /home/airflow/.local/lib/python3.12/site-packages/airflow/example_dags/example_xcom.py
[2026-01-05T17:37:55.905+0000] {processor.py:914} INFO - Processing file /home/airflow/.local/lib/python3.12/site-packages/airflow/example_dags/example_xcom.py for tasks to queue
[2026-01-05T17:37:55.909+0000] {logging_mixin.py:190} INFO - [2026-01-05T17:37:55.908+0000] {dagbag.py:587} INFO - Filling up the DagBag from /home/airflow/.local/lib/python3.12/site-packages/airflow/example_dags/example_xcom.py
[2026-01-05T17:37:55.917+0000] {processor.py:925} INFO - DAG(s) 'example_xcom' retrieved from /home/airflow/.local/lib/python3.12/site-packages/airflow/example_dags/example_xcom.py
[2026-01-05T17:37:55.943+0000] {logging_mixin.py:190} INFO - [2026-01-05T17:37:55.942+0000] {dag.py:3211} INFO - Sync 1 DAGs
[2026-01-05T17:37:55.965+0000] {logging_mixin.py:190} INFO - [2026-01-05T17:37:55.964+0000] {dag.py:4138} INFO - Setting next_dagrun for example_xcom to 2021-01-01 00:00:00+00:00, run_after=2021-01-01 00:00:00+00:00
[2026-01-05T17:37:55.986+0000] {processor.py:208} INFO - Processing /home/airflow/.local/lib/python3.12/site-packages/airflow/example_dags/example_xcom.py took 0.089 seconds
[2026-01-05T17:38:26.360+0000] {processor.py:186} INFO - Started process (PID=2806) to work on /home/airflow/.local/lib/python3.12/site-packages/airflow/example_dags/example_xcom.py
[2026-01-05T17:38:26.362+0000] {processor.py:914} INFO - Processing file /home/airflow/.local/lib/python3.12/site-packages/airflow/example_dags/example_xcom.py for tasks to queue
[2026-01-05T17:38:26.367+0000] {logging_mixin.py:190} INFO - [2026-01-05T17:38:26.367+0000] {dagbag.py:587} INFO - Filling up the DagBag from /home/airflow/.local/lib/python3.12/site-packages/airflow/example_dags/example_xcom.py
[2026-01-05T17:38:26.377+0000] {processor.py:925} INFO - DAG(s) 'example_xcom' retrieved from /home/airflow/.local/lib/python3.12/site-packages/airflow/example_dags/example_xcom.py
[2026-01-05T17:38:26.404+0000] {logging_mixin.py:190} INFO - [2026-01-05T17:38:26.404+0000] {dag.py:3211} INFO - Sync 1 DAGs
[2026-01-05T17:38:26.426+0000] {logging_mixin.py:190} INFO - [2026-01-05T17:38:26.425+0000] {dag.py:4138} INFO - Setting next_dagrun for example_xcom to 2021-01-01 00:00:00+00:00, run_after=2021-01-01 00:00:00+00:00
[2026-01-05T17:38:26.445+0000] {processor.py:208} INFO - Processing /home/airflow/.local/lib/python3.12/site-packages/airflow/example_dags/example_xcom.py took 0.093 seconds
[2026-01-05T17:38:56.540+0000] {processor.py:186} INFO - Started process (PID=2872) to work on /home/airflow/.local/lib/python3.12/site-packages/airflow/example_dags/example_xcom.py
[2026-01-05T17:38:56.542+0000] {processor.py:914} INFO - Processing file /home/airflow/.local/lib/python3.12/site-packages/airflow/example_dags/example_xcom.py for tasks to queue
[2026-01-05T17:38:56.545+0000] {logging_mixin.py:190} INFO - [2026-01-05T17:38:56.544+0000] {dagbag.py:587} INFO - Filling up the DagBag from /home/airflow/.local/lib/python3.12/site-packages/airflow/example_dags/example_xcom.py
[2026-01-05T17:38:56.552+0000] {processor.py:925} INFO - DAG(s) 'example_xcom' retrieved from /home/airflow/.local/lib/python3.12/site-packages/airflow/example_dags/example_xcom.py
[2026-01-05T17:38:56.583+0000] {logging_mixin.py:190} INFO - [2026-01-05T17:38:56.583+0000] {dag.py:3211} INFO - Sync 1 DAGs
[2026-01-05T17:38:56.615+0000] {logging_mixin.py:190} INFO - [2026-01-05T17:38:56.615+0000] {dag.py:4138} INFO - Setting next_dagrun for example_xcom to 2021-01-01 00:00:00+00:00, run_after=2021-01-01 00:00:00+00:00
[2026-01-05T17:38:56.639+0000] {processor.py:208} INFO - Processing /home/airflow/.local/lib/python3.12/site-packages/airflow/example_dags/example_xcom.py took 0.104 seconds
[2026-01-05T17:39:27.077+0000] {processor.py:186} INFO - Started process (PID=2938) to work on /home/airflow/.local/lib/python3.12/site-packages/airflow/example_dags/example_xcom.py
[2026-01-05T17:39:27.079+0000] {processor.py:914} INFO - Processing file /home/airflow/.local/lib/python3.12/site-packages/airflow/example_dags/example_xcom.py for tasks to queue
[2026-01-05T17:39:27.082+0000] {logging_mixin.py:190} INFO - [2026-01-05T17:39:27.082+0000] {dagbag.py:587} INFO - Filling up the DagBag from /home/airflow/.local/lib/python3.12/site-packages/airflow/example_dags/example_xcom.py
[2026-01-05T17:39:27.095+0000] {processor.py:925} INFO - DAG(s) 'example_xcom' retrieved from /home/airflow/.local/lib/python3.12/site-packages/airflow/example_dags/example_xcom.py
[2026-01-05T17:39:27.130+0000] {logging_mixin.py:190} INFO - [2026-01-05T17:39:27.130+0000] {dag.py:3211} INFO - Sync 1 DAGs
[2026-01-05T17:39:27.166+0000] {logging_mixin.py:190} INFO - [2026-01-05T17:39:27.166+0000] {dag.py:4138} INFO - Setting next_dagrun for example_xcom to 2021-01-01 00:00:00+00:00, run_after=2021-01-01 00:00:00+00:00
[2026-01-05T17:39:27.196+0000] {processor.py:208} INFO - Processing /home/airflow/.local/lib/python3.12/site-packages/airflow/example_dags/example_xcom.py took 0.128 seconds
[2026-01-05T17:39:57.735+0000] {processor.py:186} INFO - Started process (PID=3004) to work on /home/airflow/.local/lib/python3.12/site-packages/airflow/example_dags/example_xcom.py
[2026-01-05T17:39:57.738+0000] {processor.py:914} INFO - Processing file /home/airflow/.local/lib/python3.12/site-packages/airflow/example_dags/example_xcom.py for tasks to queue
[2026-01-05T17:39:57.750+0000] {logging_mixin.py:190} INFO - [2026-01-05T17:39:57.749+0000] {dagbag.py:587} INFO - Filling up the DagBag from /home/airflow/.local/lib/python3.12/site-packages/airflow/example_dags/example_xcom.py
[2026-01-05T17:39:57.768+0000] {processor.py:925} INFO - DAG(s) 'example_xcom' retrieved from /home/airflow/.local/lib/python3.12/site-packages/airflow/example_dags/example_xcom.py
[2026-01-05T17:39:57.809+0000] {logging_mixin.py:190} INFO - [2026-01-05T17:39:57.809+0000] {dag.py:3211} INFO - Sync 1 DAGs
[2026-01-05T17:39:57.843+0000] {logging_mixin.py:190} INFO - [2026-01-05T17:39:57.843+0000] {dag.py:4138} INFO - Setting next_dagrun for example_xcom to 2021-01-01 00:00:00+00:00, run_after=2021-01-01 00:00:00+00:00
[2026-01-05T17:39:57.912+0000] {processor.py:208} INFO - Processing /home/airflow/.local/lib/python3.12/site-packages/airflow/example_dags/example_xcom.py took 0.190 seconds
[2026-01-05T17:40:28.566+0000] {processor.py:186} INFO - Started process (PID=3070) to work on /home/airflow/.local/lib/python3.12/site-packages/airflow/example_dags/example_xcom.py
[2026-01-05T17:40:28.569+0000] {processor.py:914} INFO - Processing file /home/airflow/.local/lib/python3.12/site-packages/airflow/example_dags/example_xcom.py for tasks to queue
[2026-01-05T17:40:28.577+0000] {logging_mixin.py:190} INFO - [2026-01-05T17:40:28.577+0000] {dagbag.py:587} INFO - Filling up the DagBag from /home/airflow/.local/lib/python3.12/site-packages/airflow/example_dags/example_xcom.py
[2026-01-05T17:40:28.595+0000] {processor.py:925} INFO - DAG(s) 'example_xcom' retrieved from /home/airflow/.local/lib/python3.12/site-packages/airflow/example_dags/example_xcom.py
[2026-01-05T17:40:28.630+0000] {logging_mixin.py:190} INFO - [2026-01-05T17:40:28.630+0000] {dag.py:3211} INFO - Sync 1 DAGs
[2026-01-05T17:40:28.662+0000] {logging_mixin.py:190} INFO - [2026-01-05T17:40:28.662+0000] {dag.py:4138} INFO - Setting next_dagrun for example_xcom to 2021-01-01 00:00:00+00:00, run_after=2021-01-01 00:00:00+00:00
[2026-01-05T17:40:28.698+0000] {processor.py:208} INFO - Processing /home/airflow/.local/lib/python3.12/site-packages/airflow/example_dags/example_xcom.py took 0.142 seconds
[2026-01-05T17:40:59.479+0000] {processor.py:186} INFO - Started process (PID=3136) to work on /home/airflow/.local/lib/python3.12/site-packages/airflow/example_dags/example_xcom.py
[2026-01-05T17:40:59.481+0000] {processor.py:914} INFO - Processing file /home/airflow/.local/lib/python3.12/site-packages/airflow/example_dags/example_xcom.py for tasks to queue
[2026-01-05T17:40:59.484+0000] {logging_mixin.py:190} INFO - [2026-01-05T17:40:59.483+0000] {dagbag.py:587} INFO - Filling up the DagBag from /home/airflow/.local/lib/python3.12/site-packages/airflow/example_dags/example_xcom.py
[2026-01-05T17:40:59.491+0000] {processor.py:925} INFO - DAG(s) 'example_xcom' retrieved from /home/airflow/.local/lib/python3.12/site-packages/airflow/example_dags/example_xcom.py
[2026-01-05T17:40:59.516+0000] {logging_mixin.py:190} INFO - [2026-01-05T17:40:59.515+0000] {dag.py:3211} INFO - Sync 1 DAGs
[2026-01-05T17:40:59.537+0000] {logging_mixin.py:190} INFO - [2026-01-05T17:40:59.536+0000] {dag.py:4138} INFO - Setting next_dagrun for example_xcom to 2021-01-01 00:00:00+00:00, run_after=2021-01-01 00:00:00+00:00
[2026-01-05T17:40:59.560+0000] {processor.py:208} INFO - Processing /home/airflow/.local/lib/python3.12/site-packages/airflow/example_dags/example_xcom.py took 0.086 seconds
[2026-01-05T17:41:29.648+0000] {processor.py:186} INFO - Started process (PID=3201) to work on /home/airflow/.local/lib/python3.12/site-packages/airflow/example_dags/example_xcom.py
[2026-01-05T17:41:29.650+0000] {processor.py:914} INFO - Processing file /home/airflow/.local/lib/python3.12/site-packages/airflow/example_dags/example_xcom.py for tasks to queue
[2026-01-05T17:41:29.654+0000] {logging_mixin.py:190} INFO - [2026-01-05T17:41:29.653+0000] {dagbag.py:587} INFO - Filling up the DagBag from /home/airflow/.local/lib/python3.12/site-packages/airflow/example_dags/example_xcom.py
[2026-01-05T17:41:29.664+0000] {processor.py:925} INFO - DAG(s) 'example_xcom' retrieved from /home/airflow/.local/lib/python3.12/site-packages/airflow/example_dags/example_xcom.py
[2026-01-05T17:41:29.688+0000] {logging_mixin.py:190} INFO - [2026-01-05T17:41:29.688+0000] {dag.py:3211} INFO - Sync 1 DAGs
[2026-01-05T17:41:29.716+0000] {logging_mixin.py:190} INFO - [2026-01-05T17:41:29.715+0000] {dag.py:4138} INFO - Setting next_dagrun for example_xcom to 2021-01-01 00:00:00+00:00, run_after=2021-01-01 00:00:00+00:00
[2026-01-05T17:41:29.738+0000] {processor.py:208} INFO - Processing /home/airflow/.local/lib/python3.12/site-packages/airflow/example_dags/example_xcom.py took 0.096 seconds
[2026-01-05T17:41:59.912+0000] {processor.py:186} INFO - Started process (PID=3267) to work on /home/airflow/.local/lib/python3.12/site-packages/airflow/example_dags/example_xcom.py
[2026-01-05T17:41:59.913+0000] {processor.py:914} INFO - Processing file /home/airflow/.local/lib/python3.12/site-packages/airflow/example_dags/example_xcom.py for tasks to queue
[2026-01-05T17:41:59.916+0000] {logging_mixin.py:190} INFO - [2026-01-05T17:41:59.916+0000] {dagbag.py:587} INFO - Filling up the DagBag from /home/airflow/.local/lib/python3.12/site-packages/airflow/example_dags/example_xcom.py
[2026-01-05T17:41:59.927+0000] {processor.py:925} INFO - DAG(s) 'example_xcom' retrieved from /home/airflow/.local/lib/python3.12/site-packages/airflow/example_dags/example_xcom.py
[2026-01-05T17:41:59.957+0000] {logging_mixin.py:190} INFO - [2026-01-05T17:41:59.956+0000] {dag.py:3211} INFO - Sync 1 DAGs
[2026-01-05T17:41:59.984+0000] {logging_mixin.py:190} INFO - [2026-01-05T17:41:59.984+0000] {dag.py:4138} INFO - Setting next_dagrun for example_xcom to 2021-01-01 00:00:00+00:00, run_after=2021-01-01 00:00:00+00:00
[2026-01-05T17:42:00.009+0000] {processor.py:208} INFO - Processing /home/airflow/.local/lib/python3.12/site-packages/airflow/example_dags/example_xcom.py took 0.108 seconds
[2026-01-05T17:42:30.293+0000] {processor.py:186} INFO - Started process (PID=3333) to work on /home/airflow/.local/lib/python3.12/site-packages/airflow/example_dags/example_xcom.py
[2026-01-05T17:42:30.295+0000] {processor.py:914} INFO - Processing file /home/airflow/.local/lib/python3.12/site-packages/airflow/example_dags/example_xcom.py for tasks to queue
[2026-01-05T17:42:30.299+0000] {logging_mixin.py:190} INFO - [2026-01-05T17:42:30.298+0000] {dagbag.py:587} INFO - Filling up the DagBag from /home/airflow/.local/lib/python3.12/site-packages/airflow/example_dags/example_xcom.py
[2026-01-05T17:42:30.309+0000] {processor.py:925} INFO - DAG(s) 'example_xcom' retrieved from /home/airflow/.local/lib/python3.12/site-packages/airflow/example_dags/example_xcom.py
[2026-01-05T17:42:30.339+0000] {logging_mixin.py:190} INFO - [2026-01-05T17:42:30.338+0000] {dag.py:3211} INFO - Sync 1 DAGs
[2026-01-05T17:42:30.371+0000] {logging_mixin.py:190} INFO - [2026-01-05T17:42:30.370+0000] {dag.py:4138} INFO - Setting next_dagrun for example_xcom to 2021-01-01 00:00:00+00:00, run_after=2021-01-01 00:00:00+00:00
[2026-01-05T17:42:30.393+0000] {processor.py:208} INFO - Processing /home/airflow/.local/lib/python3.12/site-packages/airflow/example_dags/example_xcom.py took 0.109 seconds
[2026-01-05T17:43:00.570+0000] {processor.py:186} INFO - Started process (PID=3399) to work on /home/airflow/.local/lib/python3.12/site-packages/airflow/example_dags/example_xcom.py
[2026-01-05T17:43:00.571+0000] {processor.py:914} INFO - Processing file /home/airflow/.local/lib/python3.12/site-packages/airflow/example_dags/example_xcom.py for tasks to queue
[2026-01-05T17:43:00.575+0000] {logging_mixin.py:190} INFO - [2026-01-05T17:43:00.575+0000] {dagbag.py:587} INFO - Filling up the DagBag from /home/airflow/.local/lib/python3.12/site-packages/airflow/example_dags/example_xcom.py
[2026-01-05T17:43:00.589+0000] {processor.py:925} INFO - DAG(s) 'example_xcom' retrieved from /home/airflow/.local/lib/python3.12/site-packages/airflow/example_dags/example_xcom.py
[2026-01-05T17:43:00.628+0000] {logging_mixin.py:190} INFO - [2026-01-05T17:43:00.627+0000] {dag.py:3211} INFO - Sync 1 DAGs
[2026-01-05T17:43:00.663+0000] {logging_mixin.py:190} INFO - [2026-01-05T17:43:00.662+0000] {dag.py:4138} INFO - Setting next_dagrun for example_xcom to 2021-01-01 00:00:00+00:00, run_after=2021-01-01 00:00:00+00:00
[2026-01-05T17:43:00.685+0000] {processor.py:208} INFO - Processing /home/airflow/.local/lib/python3.12/site-packages/airflow/example_dags/example_xcom.py took 0.124 seconds
[2026-01-05T17:43:30.885+0000] {processor.py:186} INFO - Started process (PID=3464) to work on /home/airflow/.local/lib/python3.12/site-packages/airflow/example_dags/example_xcom.py
[2026-01-05T17:43:30.887+0000] {processor.py:914} INFO - Processing file /home/airflow/.local/lib/python3.12/site-packages/airflow/example_dags/example_xcom.py for tasks to queue
[2026-01-05T17:43:30.891+0000] {logging_mixin.py:190} INFO - [2026-01-05T17:43:30.890+0000] {dagbag.py:587} INFO - Filling up the DagBag from /home/airflow/.local/lib/python3.12/site-packages/airflow/example_dags/example_xcom.py
[2026-01-05T17:43:30.901+0000] {processor.py:925} INFO - DAG(s) 'example_xcom' retrieved from /home/airflow/.local/lib/python3.12/site-packages/airflow/example_dags/example_xcom.py
[2026-01-05T17:43:30.928+0000] {logging_mixin.py:190} INFO - [2026-01-05T17:43:30.928+0000] {dag.py:3211} INFO - Sync 1 DAGs
[2026-01-05T17:43:30.959+0000] {logging_mixin.py:190} INFO - [2026-01-05T17:43:30.959+0000] {dag.py:4138} INFO - Setting next_dagrun for example_xcom to 2021-01-01 00:00:00+00:00, run_after=2021-01-01 00:00:00+00:00
[2026-01-05T17:43:30.989+0000] {processor.py:208} INFO - Processing /home/airflow/.local/lib/python3.12/site-packages/airflow/example_dags/example_xcom.py took 0.114 seconds
[2026-01-05T17:44:01.221+0000] {processor.py:186} INFO - Started process (PID=3536) to work on /home/airflow/.local/lib/python3.12/site-packages/airflow/example_dags/example_xcom.py
[2026-01-05T17:44:01.222+0000] {processor.py:914} INFO - Processing file /home/airflow/.local/lib/python3.12/site-packages/airflow/example_dags/example_xcom.py for tasks to queue
[2026-01-05T17:44:01.226+0000] {logging_mixin.py:190} INFO - [2026-01-05T17:44:01.226+0000] {dagbag.py:587} INFO - Filling up the DagBag from /home/airflow/.local/lib/python3.12/site-packages/airflow/example_dags/example_xcom.py
[2026-01-05T17:44:01.234+0000] {processor.py:925} INFO - DAG(s) 'example_xcom' retrieved from /home/airflow/.local/lib/python3.12/site-packages/airflow/example_dags/example_xcom.py
[2026-01-05T17:44:01.266+0000] {logging_mixin.py:190} INFO - [2026-01-05T17:44:01.266+0000] {dag.py:3211} INFO - Sync 1 DAGs
[2026-01-05T17:44:01.296+0000] {logging_mixin.py:190} INFO - [2026-01-05T17:44:01.296+0000] {dag.py:4138} INFO - Setting next_dagrun for example_xcom to 2021-01-01 00:00:00+00:00, run_after=2021-01-01 00:00:00+00:00
[2026-01-05T17:44:01.326+0000] {processor.py:208} INFO - Processing /home/airflow/.local/lib/python3.12/site-packages/airflow/example_dags/example_xcom.py took 0.114 seconds
[2026-01-05T17:44:31.595+0000] {processor.py:186} INFO - Started process (PID=3603) to work on /home/airflow/.local/lib/python3.12/site-packages/airflow/example_dags/example_xcom.py
[2026-01-05T17:44:31.597+0000] {processor.py:914} INFO - Processing file /home/airflow/.local/lib/python3.12/site-packages/airflow/example_dags/example_xcom.py for tasks to queue
[2026-01-05T17:44:31.601+0000] {logging_mixin.py:190} INFO - [2026-01-05T17:44:31.600+0000] {dagbag.py:587} INFO - Filling up the DagBag from /home/airflow/.local/lib/python3.12/site-packages/airflow/example_dags/example_xcom.py
[2026-01-05T17:44:31.612+0000] {processor.py:925} INFO - DAG(s) 'example_xcom' retrieved from /home/airflow/.local/lib/python3.12/site-packages/airflow/example_dags/example_xcom.py
[2026-01-05T17:44:31.643+0000] {logging_mixin.py:190} INFO - [2026-01-05T17:44:31.642+0000] {dag.py:3211} INFO - Sync 1 DAGs
[2026-01-05T17:44:31.676+0000] {logging_mixin.py:190} INFO - [2026-01-05T17:44:31.675+0000] {dag.py:4138} INFO - Setting next_dagrun for example_xcom to 2021-01-01 00:00:00+00:00, run_after=2021-01-01 00:00:00+00:00
[2026-01-05T17:44:31.700+0000] {processor.py:208} INFO - Processing /home/airflow/.local/lib/python3.12/site-packages/airflow/example_dags/example_xcom.py took 0.115 seconds
[2026-01-05T17:45:02.248+0000] {processor.py:186} INFO - Started process (PID=3668) to work on /home/airflow/.local/lib/python3.12/site-packages/airflow/example_dags/example_xcom.py
[2026-01-05T17:45:02.250+0000] {processor.py:914} INFO - Processing file /home/airflow/.local/lib/python3.12/site-packages/airflow/example_dags/example_xcom.py for tasks to queue
[2026-01-05T17:45:02.255+0000] {logging_mixin.py:190} INFO - [2026-01-05T17:45:02.255+0000] {dagbag.py:587} INFO - Filling up the DagBag from /home/airflow/.local/lib/python3.12/site-packages/airflow/example_dags/example_xcom.py
[2026-01-05T17:45:02.268+0000] {processor.py:925} INFO - DAG(s) 'example_xcom' retrieved from /home/airflow/.local/lib/python3.12/site-packages/airflow/example_dags/example_xcom.py
[2026-01-05T17:45:02.301+0000] {logging_mixin.py:190} INFO - [2026-01-05T17:45:02.300+0000] {dag.py:3211} INFO - Sync 1 DAGs
[2026-01-05T17:45:02.341+0000] {logging_mixin.py:190} INFO - [2026-01-05T17:45:02.340+0000] {dag.py:4138} INFO - Setting next_dagrun for example_xcom to 2021-01-01 00:00:00+00:00, run_after=2021-01-01 00:00:00+00:00
[2026-01-05T17:45:02.375+0000] {processor.py:208} INFO - Processing /home/airflow/.local/lib/python3.12/site-packages/airflow/example_dags/example_xcom.py took 0.137 seconds
