[2026-01-05T17:17:45.643+0000] {processor.py:186} INFO - Started process (PID=122) to work on /home/airflow/.local/lib/python3.12/site-packages/airflow/example_dags/example_bash_decorator.py
[2026-01-05T17:17:45.646+0000] {processor.py:914} INFO - Processing file /home/airflow/.local/lib/python3.12/site-packages/airflow/example_dags/example_bash_decorator.py for tasks to queue
[2026-01-05T17:17:45.652+0000] {logging_mixin.py:190} INFO - [2026-01-05T17:17:45.651+0000] {dagbag.py:587} INFO - Filling up the DagBag from /home/airflow/.local/lib/python3.12/site-packages/airflow/example_dags/example_bash_decorator.py
[2026-01-05T17:17:45.712+0000] {processor.py:925} INFO - DAG(s) 'example_bash_decorator' retrieved from /home/airflow/.local/lib/python3.12/site-packages/airflow/example_dags/example_bash_decorator.py
[2026-01-05T17:17:46.037+0000] {logging_mixin.py:190} INFO - [2026-01-05T17:17:46.036+0000] {dag.py:3211} INFO - Sync 1 DAGs
[2026-01-05T17:17:46.067+0000] {logging_mixin.py:190} INFO - [2026-01-05T17:17:46.066+0000] {dag.py:4138} INFO - Setting next_dagrun for example_bash_decorator to None, run_after=None
[2026-01-05T17:17:46.121+0000] {processor.py:208} INFO - Processing /home/airflow/.local/lib/python3.12/site-packages/airflow/example_dags/example_bash_decorator.py took 0.503 seconds
[2026-01-05T17:18:16.352+0000] {processor.py:186} INFO - Started process (PID=189) to work on /home/airflow/.local/lib/python3.12/site-packages/airflow/example_dags/example_bash_decorator.py
[2026-01-05T17:18:16.354+0000] {processor.py:914} INFO - Processing file /home/airflow/.local/lib/python3.12/site-packages/airflow/example_dags/example_bash_decorator.py for tasks to queue
[2026-01-05T17:18:16.358+0000] {logging_mixin.py:190} INFO - [2026-01-05T17:18:16.357+0000] {dagbag.py:587} INFO - Filling up the DagBag from /home/airflow/.local/lib/python3.12/site-packages/airflow/example_dags/example_bash_decorator.py
[2026-01-05T17:18:16.393+0000] {processor.py:925} INFO - DAG(s) 'example_bash_decorator' retrieved from /home/airflow/.local/lib/python3.12/site-packages/airflow/example_dags/example_bash_decorator.py
[2026-01-05T17:18:16.481+0000] {logging_mixin.py:190} INFO - [2026-01-05T17:18:16.481+0000] {dag.py:3211} INFO - Sync 1 DAGs
[2026-01-05T17:18:16.511+0000] {logging_mixin.py:190} INFO - [2026-01-05T17:18:16.511+0000] {dag.py:4138} INFO - Setting next_dagrun for example_bash_decorator to None, run_after=None
[2026-01-05T17:18:16.570+0000] {processor.py:208} INFO - Processing /home/airflow/.local/lib/python3.12/site-packages/airflow/example_dags/example_bash_decorator.py took 0.227 seconds
[2026-01-05T17:18:47.089+0000] {processor.py:186} INFO - Started process (PID=255) to work on /home/airflow/.local/lib/python3.12/site-packages/airflow/example_dags/example_bash_decorator.py
[2026-01-05T17:18:47.091+0000] {processor.py:914} INFO - Processing file /home/airflow/.local/lib/python3.12/site-packages/airflow/example_dags/example_bash_decorator.py for tasks to queue
[2026-01-05T17:18:47.099+0000] {logging_mixin.py:190} INFO - [2026-01-05T17:18:47.099+0000] {dagbag.py:587} INFO - Filling up the DagBag from /home/airflow/.local/lib/python3.12/site-packages/airflow/example_dags/example_bash_decorator.py
[2026-01-05T17:18:47.114+0000] {processor.py:925} INFO - DAG(s) 'example_bash_decorator' retrieved from /home/airflow/.local/lib/python3.12/site-packages/airflow/example_dags/example_bash_decorator.py
[2026-01-05T17:18:47.155+0000] {logging_mixin.py:190} INFO - [2026-01-05T17:18:47.154+0000] {dag.py:3211} INFO - Sync 1 DAGs
[2026-01-05T17:18:47.179+0000] {logging_mixin.py:190} INFO - [2026-01-05T17:18:47.179+0000] {dag.py:4138} INFO - Setting next_dagrun for example_bash_decorator to None, run_after=None
[2026-01-05T17:18:47.205+0000] {processor.py:208} INFO - Processing /home/airflow/.local/lib/python3.12/site-packages/airflow/example_dags/example_bash_decorator.py took 0.123 seconds
[2026-01-05T17:19:18.053+0000] {processor.py:186} INFO - Started process (PID=321) to work on /home/airflow/.local/lib/python3.12/site-packages/airflow/example_dags/example_bash_decorator.py
[2026-01-05T17:19:18.058+0000] {processor.py:914} INFO - Processing file /home/airflow/.local/lib/python3.12/site-packages/airflow/example_dags/example_bash_decorator.py for tasks to queue
[2026-01-05T17:19:18.063+0000] {logging_mixin.py:190} INFO - [2026-01-05T17:19:18.062+0000] {dagbag.py:587} INFO - Filling up the DagBag from /home/airflow/.local/lib/python3.12/site-packages/airflow/example_dags/example_bash_decorator.py
[2026-01-05T17:19:18.092+0000] {processor.py:925} INFO - DAG(s) 'example_bash_decorator' retrieved from /home/airflow/.local/lib/python3.12/site-packages/airflow/example_dags/example_bash_decorator.py
[2026-01-05T17:19:18.149+0000] {logging_mixin.py:190} INFO - [2026-01-05T17:19:18.149+0000] {dag.py:3211} INFO - Sync 1 DAGs
[2026-01-05T17:19:18.184+0000] {logging_mixin.py:190} INFO - [2026-01-05T17:19:18.184+0000] {dag.py:4138} INFO - Setting next_dagrun for example_bash_decorator to None, run_after=None
[2026-01-05T17:19:18.229+0000] {processor.py:208} INFO - Processing /home/airflow/.local/lib/python3.12/site-packages/airflow/example_dags/example_bash_decorator.py took 0.188 seconds
[2026-01-05T17:19:48.419+0000] {processor.py:186} INFO - Started process (PID=387) to work on /home/airflow/.local/lib/python3.12/site-packages/airflow/example_dags/example_bash_decorator.py
[2026-01-05T17:19:48.423+0000] {processor.py:914} INFO - Processing file /home/airflow/.local/lib/python3.12/site-packages/airflow/example_dags/example_bash_decorator.py for tasks to queue
[2026-01-05T17:19:48.426+0000] {logging_mixin.py:190} INFO - [2026-01-05T17:19:48.425+0000] {dagbag.py:587} INFO - Filling up the DagBag from /home/airflow/.local/lib/python3.12/site-packages/airflow/example_dags/example_bash_decorator.py
[2026-01-05T17:19:48.441+0000] {processor.py:925} INFO - DAG(s) 'example_bash_decorator' retrieved from /home/airflow/.local/lib/python3.12/site-packages/airflow/example_dags/example_bash_decorator.py
[2026-01-05T17:19:48.465+0000] {logging_mixin.py:190} INFO - [2026-01-05T17:19:48.465+0000] {dag.py:3211} INFO - Sync 1 DAGs
[2026-01-05T17:19:48.482+0000] {logging_mixin.py:190} INFO - [2026-01-05T17:19:48.482+0000] {dag.py:4138} INFO - Setting next_dagrun for example_bash_decorator to None, run_after=None
[2026-01-05T17:19:48.503+0000] {processor.py:208} INFO - Processing /home/airflow/.local/lib/python3.12/site-packages/airflow/example_dags/example_bash_decorator.py took 0.090 seconds
[2026-01-05T17:20:18.741+0000] {processor.py:186} INFO - Started process (PID=453) to work on /home/airflow/.local/lib/python3.12/site-packages/airflow/example_dags/example_bash_decorator.py
[2026-01-05T17:20:18.742+0000] {processor.py:914} INFO - Processing file /home/airflow/.local/lib/python3.12/site-packages/airflow/example_dags/example_bash_decorator.py for tasks to queue
[2026-01-05T17:20:18.746+0000] {logging_mixin.py:190} INFO - [2026-01-05T17:20:18.745+0000] {dagbag.py:587} INFO - Filling up the DagBag from /home/airflow/.local/lib/python3.12/site-packages/airflow/example_dags/example_bash_decorator.py
[2026-01-05T17:20:18.761+0000] {processor.py:925} INFO - DAG(s) 'example_bash_decorator' retrieved from /home/airflow/.local/lib/python3.12/site-packages/airflow/example_dags/example_bash_decorator.py
[2026-01-05T17:20:18.787+0000] {logging_mixin.py:190} INFO - [2026-01-05T17:20:18.787+0000] {dag.py:3211} INFO - Sync 1 DAGs
[2026-01-05T17:20:18.803+0000] {logging_mixin.py:190} INFO - [2026-01-05T17:20:18.803+0000] {dag.py:4138} INFO - Setting next_dagrun for example_bash_decorator to None, run_after=None
[2026-01-05T17:20:18.822+0000] {processor.py:208} INFO - Processing /home/airflow/.local/lib/python3.12/site-packages/airflow/example_dags/example_bash_decorator.py took 0.088 seconds
[2026-01-05T17:20:49.892+0000] {processor.py:186} INFO - Started process (PID=519) to work on /home/airflow/.local/lib/python3.12/site-packages/airflow/example_dags/example_bash_decorator.py
[2026-01-05T17:20:49.894+0000] {processor.py:914} INFO - Processing file /home/airflow/.local/lib/python3.12/site-packages/airflow/example_dags/example_bash_decorator.py for tasks to queue
[2026-01-05T17:20:49.899+0000] {logging_mixin.py:190} INFO - [2026-01-05T17:20:49.899+0000] {dagbag.py:587} INFO - Filling up the DagBag from /home/airflow/.local/lib/python3.12/site-packages/airflow/example_dags/example_bash_decorator.py
[2026-01-05T17:20:49.916+0000] {processor.py:925} INFO - DAG(s) 'example_bash_decorator' retrieved from /home/airflow/.local/lib/python3.12/site-packages/airflow/example_dags/example_bash_decorator.py
[2026-01-05T17:20:49.944+0000] {logging_mixin.py:190} INFO - [2026-01-05T17:20:49.943+0000] {dag.py:3211} INFO - Sync 1 DAGs
[2026-01-05T17:20:49.969+0000] {logging_mixin.py:190} INFO - [2026-01-05T17:20:49.968+0000] {dag.py:4138} INFO - Setting next_dagrun for example_bash_decorator to None, run_after=None
[2026-01-05T17:20:49.993+0000] {processor.py:208} INFO - Processing /home/airflow/.local/lib/python3.12/site-packages/airflow/example_dags/example_bash_decorator.py took 0.109 seconds
[2026-01-05T17:21:20.275+0000] {processor.py:186} INFO - Started process (PID=585) to work on /home/airflow/.local/lib/python3.12/site-packages/airflow/example_dags/example_bash_decorator.py
[2026-01-05T17:21:20.276+0000] {processor.py:914} INFO - Processing file /home/airflow/.local/lib/python3.12/site-packages/airflow/example_dags/example_bash_decorator.py for tasks to queue
[2026-01-05T17:21:20.279+0000] {logging_mixin.py:190} INFO - [2026-01-05T17:21:20.279+0000] {dagbag.py:587} INFO - Filling up the DagBag from /home/airflow/.local/lib/python3.12/site-packages/airflow/example_dags/example_bash_decorator.py
[2026-01-05T17:21:20.298+0000] {processor.py:925} INFO - DAG(s) 'example_bash_decorator' retrieved from /home/airflow/.local/lib/python3.12/site-packages/airflow/example_dags/example_bash_decorator.py
[2026-01-05T17:21:20.325+0000] {logging_mixin.py:190} INFO - [2026-01-05T17:21:20.325+0000] {dag.py:3211} INFO - Sync 1 DAGs
[2026-01-05T17:21:20.345+0000] {logging_mixin.py:190} INFO - [2026-01-05T17:21:20.344+0000] {dag.py:4138} INFO - Setting next_dagrun for example_bash_decorator to None, run_after=None
[2026-01-05T17:21:20.369+0000] {processor.py:208} INFO - Processing /home/airflow/.local/lib/python3.12/site-packages/airflow/example_dags/example_bash_decorator.py took 0.100 seconds
[2026-01-05T17:21:50.552+0000] {processor.py:186} INFO - Started process (PID=651) to work on /home/airflow/.local/lib/python3.12/site-packages/airflow/example_dags/example_bash_decorator.py
[2026-01-05T17:21:50.554+0000] {processor.py:914} INFO - Processing file /home/airflow/.local/lib/python3.12/site-packages/airflow/example_dags/example_bash_decorator.py for tasks to queue
[2026-01-05T17:21:50.558+0000] {logging_mixin.py:190} INFO - [2026-01-05T17:21:50.557+0000] {dagbag.py:587} INFO - Filling up the DagBag from /home/airflow/.local/lib/python3.12/site-packages/airflow/example_dags/example_bash_decorator.py
[2026-01-05T17:21:50.575+0000] {processor.py:925} INFO - DAG(s) 'example_bash_decorator' retrieved from /home/airflow/.local/lib/python3.12/site-packages/airflow/example_dags/example_bash_decorator.py
[2026-01-05T17:21:50.599+0000] {logging_mixin.py:190} INFO - [2026-01-05T17:21:50.599+0000] {dag.py:3211} INFO - Sync 1 DAGs
[2026-01-05T17:21:50.616+0000] {logging_mixin.py:190} INFO - [2026-01-05T17:21:50.616+0000] {dag.py:4138} INFO - Setting next_dagrun for example_bash_decorator to None, run_after=None
[2026-01-05T17:21:50.643+0000] {processor.py:208} INFO - Processing /home/airflow/.local/lib/python3.12/site-packages/airflow/example_dags/example_bash_decorator.py took 0.098 seconds
[2026-01-05T17:22:21.245+0000] {processor.py:186} INFO - Started process (PID=717) to work on /home/airflow/.local/lib/python3.12/site-packages/airflow/example_dags/example_bash_decorator.py
[2026-01-05T17:22:21.246+0000] {processor.py:914} INFO - Processing file /home/airflow/.local/lib/python3.12/site-packages/airflow/example_dags/example_bash_decorator.py for tasks to queue
[2026-01-05T17:22:21.249+0000] {logging_mixin.py:190} INFO - [2026-01-05T17:22:21.249+0000] {dagbag.py:587} INFO - Filling up the DagBag from /home/airflow/.local/lib/python3.12/site-packages/airflow/example_dags/example_bash_decorator.py
[2026-01-05T17:22:21.262+0000] {processor.py:925} INFO - DAG(s) 'example_bash_decorator' retrieved from /home/airflow/.local/lib/python3.12/site-packages/airflow/example_dags/example_bash_decorator.py
[2026-01-05T17:22:21.288+0000] {logging_mixin.py:190} INFO - [2026-01-05T17:22:21.288+0000] {dag.py:3211} INFO - Sync 1 DAGs
[2026-01-05T17:22:21.305+0000] {logging_mixin.py:190} INFO - [2026-01-05T17:22:21.305+0000] {dag.py:4138} INFO - Setting next_dagrun for example_bash_decorator to None, run_after=None
[2026-01-05T17:22:21.323+0000] {processor.py:208} INFO - Processing /home/airflow/.local/lib/python3.12/site-packages/airflow/example_dags/example_bash_decorator.py took 0.085 seconds
[2026-01-05T17:22:52.116+0000] {processor.py:186} INFO - Started process (PID=783) to work on /home/airflow/.local/lib/python3.12/site-packages/airflow/example_dags/example_bash_decorator.py
[2026-01-05T17:22:52.117+0000] {processor.py:914} INFO - Processing file /home/airflow/.local/lib/python3.12/site-packages/airflow/example_dags/example_bash_decorator.py for tasks to queue
[2026-01-05T17:22:52.121+0000] {logging_mixin.py:190} INFO - [2026-01-05T17:22:52.120+0000] {dagbag.py:587} INFO - Filling up the DagBag from /home/airflow/.local/lib/python3.12/site-packages/airflow/example_dags/example_bash_decorator.py
[2026-01-05T17:22:52.138+0000] {processor.py:925} INFO - DAG(s) 'example_bash_decorator' retrieved from /home/airflow/.local/lib/python3.12/site-packages/airflow/example_dags/example_bash_decorator.py
[2026-01-05T17:22:52.165+0000] {logging_mixin.py:190} INFO - [2026-01-05T17:22:52.164+0000] {dag.py:3211} INFO - Sync 1 DAGs
[2026-01-05T17:22:52.178+0000] {logging_mixin.py:190} INFO - [2026-01-05T17:22:52.178+0000] {dag.py:4138} INFO - Setting next_dagrun for example_bash_decorator to None, run_after=None
[2026-01-05T17:22:52.196+0000] {processor.py:208} INFO - Processing /home/airflow/.local/lib/python3.12/site-packages/airflow/example_dags/example_bash_decorator.py took 0.086 seconds
[2026-01-05T17:23:23.225+0000] {processor.py:186} INFO - Started process (PID=849) to work on /home/airflow/.local/lib/python3.12/site-packages/airflow/example_dags/example_bash_decorator.py
[2026-01-05T17:23:23.227+0000] {processor.py:914} INFO - Processing file /home/airflow/.local/lib/python3.12/site-packages/airflow/example_dags/example_bash_decorator.py for tasks to queue
[2026-01-05T17:23:23.230+0000] {logging_mixin.py:190} INFO - [2026-01-05T17:23:23.230+0000] {dagbag.py:587} INFO - Filling up the DagBag from /home/airflow/.local/lib/python3.12/site-packages/airflow/example_dags/example_bash_decorator.py
[2026-01-05T17:23:23.247+0000] {processor.py:925} INFO - DAG(s) 'example_bash_decorator' retrieved from /home/airflow/.local/lib/python3.12/site-packages/airflow/example_dags/example_bash_decorator.py
[2026-01-05T17:23:23.277+0000] {logging_mixin.py:190} INFO - [2026-01-05T17:23:23.276+0000] {dag.py:3211} INFO - Sync 1 DAGs
[2026-01-05T17:23:23.296+0000] {logging_mixin.py:190} INFO - [2026-01-05T17:23:23.296+0000] {dag.py:4138} INFO - Setting next_dagrun for example_bash_decorator to None, run_after=None
[2026-01-05T17:23:23.319+0000] {processor.py:208} INFO - Processing /home/airflow/.local/lib/python3.12/site-packages/airflow/example_dags/example_bash_decorator.py took 0.101 seconds
[2026-01-05T17:23:53.499+0000] {processor.py:186} INFO - Started process (PID=915) to work on /home/airflow/.local/lib/python3.12/site-packages/airflow/example_dags/example_bash_decorator.py
[2026-01-05T17:23:53.501+0000] {processor.py:914} INFO - Processing file /home/airflow/.local/lib/python3.12/site-packages/airflow/example_dags/example_bash_decorator.py for tasks to queue
[2026-01-05T17:23:53.504+0000] {logging_mixin.py:190} INFO - [2026-01-05T17:23:53.503+0000] {dagbag.py:587} INFO - Filling up the DagBag from /home/airflow/.local/lib/python3.12/site-packages/airflow/example_dags/example_bash_decorator.py
[2026-01-05T17:23:53.519+0000] {processor.py:925} INFO - DAG(s) 'example_bash_decorator' retrieved from /home/airflow/.local/lib/python3.12/site-packages/airflow/example_dags/example_bash_decorator.py
[2026-01-05T17:23:53.549+0000] {logging_mixin.py:190} INFO - [2026-01-05T17:23:53.549+0000] {dag.py:3211} INFO - Sync 1 DAGs
[2026-01-05T17:23:53.573+0000] {logging_mixin.py:190} INFO - [2026-01-05T17:23:53.573+0000] {dag.py:4138} INFO - Setting next_dagrun for example_bash_decorator to None, run_after=None
[2026-01-05T17:23:53.601+0000] {processor.py:208} INFO - Processing /home/airflow/.local/lib/python3.12/site-packages/airflow/example_dags/example_bash_decorator.py took 0.110 seconds
[2026-01-05T17:24:23.802+0000] {processor.py:186} INFO - Started process (PID=981) to work on /home/airflow/.local/lib/python3.12/site-packages/airflow/example_dags/example_bash_decorator.py
[2026-01-05T17:24:23.803+0000] {processor.py:914} INFO - Processing file /home/airflow/.local/lib/python3.12/site-packages/airflow/example_dags/example_bash_decorator.py for tasks to queue
[2026-01-05T17:24:23.807+0000] {logging_mixin.py:190} INFO - [2026-01-05T17:24:23.806+0000] {dagbag.py:587} INFO - Filling up the DagBag from /home/airflow/.local/lib/python3.12/site-packages/airflow/example_dags/example_bash_decorator.py
[2026-01-05T17:24:23.826+0000] {processor.py:925} INFO - DAG(s) 'example_bash_decorator' retrieved from /home/airflow/.local/lib/python3.12/site-packages/airflow/example_dags/example_bash_decorator.py
[2026-01-05T17:24:23.853+0000] {logging_mixin.py:190} INFO - [2026-01-05T17:24:23.853+0000] {dag.py:3211} INFO - Sync 1 DAGs
[2026-01-05T17:24:23.868+0000] {logging_mixin.py:190} INFO - [2026-01-05T17:24:23.868+0000] {dag.py:4138} INFO - Setting next_dagrun for example_bash_decorator to None, run_after=None
[2026-01-05T17:24:23.886+0000] {processor.py:208} INFO - Processing /home/airflow/.local/lib/python3.12/site-packages/airflow/example_dags/example_bash_decorator.py took 0.092 seconds
[2026-01-05T17:24:54.228+0000] {processor.py:186} INFO - Started process (PID=1047) to work on /home/airflow/.local/lib/python3.12/site-packages/airflow/example_dags/example_bash_decorator.py
[2026-01-05T17:24:54.229+0000] {processor.py:914} INFO - Processing file /home/airflow/.local/lib/python3.12/site-packages/airflow/example_dags/example_bash_decorator.py for tasks to queue
[2026-01-05T17:24:54.232+0000] {logging_mixin.py:190} INFO - [2026-01-05T17:24:54.231+0000] {dagbag.py:587} INFO - Filling up the DagBag from /home/airflow/.local/lib/python3.12/site-packages/airflow/example_dags/example_bash_decorator.py
[2026-01-05T17:24:54.244+0000] {processor.py:925} INFO - DAG(s) 'example_bash_decorator' retrieved from /home/airflow/.local/lib/python3.12/site-packages/airflow/example_dags/example_bash_decorator.py
[2026-01-05T17:24:54.267+0000] {logging_mixin.py:190} INFO - [2026-01-05T17:24:54.267+0000] {dag.py:3211} INFO - Sync 1 DAGs
[2026-01-05T17:24:54.279+0000] {logging_mixin.py:190} INFO - [2026-01-05T17:24:54.279+0000] {dag.py:4138} INFO - Setting next_dagrun for example_bash_decorator to None, run_after=None
[2026-01-05T17:24:54.297+0000] {processor.py:208} INFO - Processing /home/airflow/.local/lib/python3.12/site-packages/airflow/example_dags/example_bash_decorator.py took 0.075 seconds
[2026-01-05T17:25:24.582+0000] {processor.py:186} INFO - Started process (PID=1113) to work on /home/airflow/.local/lib/python3.12/site-packages/airflow/example_dags/example_bash_decorator.py
[2026-01-05T17:25:24.583+0000] {processor.py:914} INFO - Processing file /home/airflow/.local/lib/python3.12/site-packages/airflow/example_dags/example_bash_decorator.py for tasks to queue
[2026-01-05T17:25:24.586+0000] {logging_mixin.py:190} INFO - [2026-01-05T17:25:24.586+0000] {dagbag.py:587} INFO - Filling up the DagBag from /home/airflow/.local/lib/python3.12/site-packages/airflow/example_dags/example_bash_decorator.py
[2026-01-05T17:25:24.599+0000] {processor.py:925} INFO - DAG(s) 'example_bash_decorator' retrieved from /home/airflow/.local/lib/python3.12/site-packages/airflow/example_dags/example_bash_decorator.py
[2026-01-05T17:25:24.629+0000] {logging_mixin.py:190} INFO - [2026-01-05T17:25:24.629+0000] {dag.py:3211} INFO - Sync 1 DAGs
[2026-01-05T17:25:24.648+0000] {logging_mixin.py:190} INFO - [2026-01-05T17:25:24.648+0000] {dag.py:4138} INFO - Setting next_dagrun for example_bash_decorator to None, run_after=None
[2026-01-05T17:25:24.672+0000] {processor.py:208} INFO - Processing /home/airflow/.local/lib/python3.12/site-packages/airflow/example_dags/example_bash_decorator.py took 0.096 seconds
[2026-01-05T17:25:55.631+0000] {processor.py:186} INFO - Started process (PID=1179) to work on /home/airflow/.local/lib/python3.12/site-packages/airflow/example_dags/example_bash_decorator.py
[2026-01-05T17:25:55.632+0000] {processor.py:914} INFO - Processing file /home/airflow/.local/lib/python3.12/site-packages/airflow/example_dags/example_bash_decorator.py for tasks to queue
[2026-01-05T17:25:55.635+0000] {logging_mixin.py:190} INFO - [2026-01-05T17:25:55.635+0000] {dagbag.py:587} INFO - Filling up the DagBag from /home/airflow/.local/lib/python3.12/site-packages/airflow/example_dags/example_bash_decorator.py
[2026-01-05T17:25:55.653+0000] {processor.py:925} INFO - DAG(s) 'example_bash_decorator' retrieved from /home/airflow/.local/lib/python3.12/site-packages/airflow/example_dags/example_bash_decorator.py
[2026-01-05T17:25:55.681+0000] {logging_mixin.py:190} INFO - [2026-01-05T17:25:55.680+0000] {dag.py:3211} INFO - Sync 1 DAGs
[2026-01-05T17:25:55.695+0000] {logging_mixin.py:190} INFO - [2026-01-05T17:25:55.694+0000] {dag.py:4138} INFO - Setting next_dagrun for example_bash_decorator to None, run_after=None
[2026-01-05T17:25:55.720+0000] {processor.py:208} INFO - Processing /home/airflow/.local/lib/python3.12/site-packages/airflow/example_dags/example_bash_decorator.py took 0.095 seconds
[2026-01-05T17:26:25.989+0000] {processor.py:186} INFO - Started process (PID=1245) to work on /home/airflow/.local/lib/python3.12/site-packages/airflow/example_dags/example_bash_decorator.py
[2026-01-05T17:26:25.990+0000] {processor.py:914} INFO - Processing file /home/airflow/.local/lib/python3.12/site-packages/airflow/example_dags/example_bash_decorator.py for tasks to queue
[2026-01-05T17:26:25.995+0000] {logging_mixin.py:190} INFO - [2026-01-05T17:26:25.993+0000] {dagbag.py:587} INFO - Filling up the DagBag from /home/airflow/.local/lib/python3.12/site-packages/airflow/example_dags/example_bash_decorator.py
[2026-01-05T17:26:26.009+0000] {processor.py:925} INFO - DAG(s) 'example_bash_decorator' retrieved from /home/airflow/.local/lib/python3.12/site-packages/airflow/example_dags/example_bash_decorator.py
[2026-01-05T17:26:26.036+0000] {logging_mixin.py:190} INFO - [2026-01-05T17:26:26.036+0000] {dag.py:3211} INFO - Sync 1 DAGs
[2026-01-05T17:26:26.052+0000] {logging_mixin.py:190} INFO - [2026-01-05T17:26:26.052+0000] {dag.py:4138} INFO - Setting next_dagrun for example_bash_decorator to None, run_after=None
[2026-01-05T17:26:26.075+0000] {processor.py:208} INFO - Processing /home/airflow/.local/lib/python3.12/site-packages/airflow/example_dags/example_bash_decorator.py took 0.092 seconds
[2026-01-05T17:26:56.137+0000] {processor.py:186} INFO - Started process (PID=1311) to work on /home/airflow/.local/lib/python3.12/site-packages/airflow/example_dags/example_bash_decorator.py
[2026-01-05T17:26:56.139+0000] {processor.py:914} INFO - Processing file /home/airflow/.local/lib/python3.12/site-packages/airflow/example_dags/example_bash_decorator.py for tasks to queue
[2026-01-05T17:26:56.142+0000] {logging_mixin.py:190} INFO - [2026-01-05T17:26:56.142+0000] {dagbag.py:587} INFO - Filling up the DagBag from /home/airflow/.local/lib/python3.12/site-packages/airflow/example_dags/example_bash_decorator.py
[2026-01-05T17:26:56.158+0000] {processor.py:925} INFO - DAG(s) 'example_bash_decorator' retrieved from /home/airflow/.local/lib/python3.12/site-packages/airflow/example_dags/example_bash_decorator.py
[2026-01-05T17:26:56.193+0000] {logging_mixin.py:190} INFO - [2026-01-05T17:26:56.192+0000] {dag.py:3211} INFO - Sync 1 DAGs
[2026-01-05T17:26:56.216+0000] {logging_mixin.py:190} INFO - [2026-01-05T17:26:56.215+0000] {dag.py:4138} INFO - Setting next_dagrun for example_bash_decorator to None, run_after=None
[2026-01-05T17:26:56.245+0000] {processor.py:208} INFO - Processing /home/airflow/.local/lib/python3.12/site-packages/airflow/example_dags/example_bash_decorator.py took 0.113 seconds
[2026-01-05T17:27:26.435+0000] {processor.py:186} INFO - Started process (PID=1377) to work on /home/airflow/.local/lib/python3.12/site-packages/airflow/example_dags/example_bash_decorator.py
[2026-01-05T17:27:26.437+0000] {processor.py:914} INFO - Processing file /home/airflow/.local/lib/python3.12/site-packages/airflow/example_dags/example_bash_decorator.py for tasks to queue
[2026-01-05T17:27:26.439+0000] {logging_mixin.py:190} INFO - [2026-01-05T17:27:26.439+0000] {dagbag.py:587} INFO - Filling up the DagBag from /home/airflow/.local/lib/python3.12/site-packages/airflow/example_dags/example_bash_decorator.py
[2026-01-05T17:27:26.455+0000] {processor.py:925} INFO - DAG(s) 'example_bash_decorator' retrieved from /home/airflow/.local/lib/python3.12/site-packages/airflow/example_dags/example_bash_decorator.py
[2026-01-05T17:27:26.482+0000] {logging_mixin.py:190} INFO - [2026-01-05T17:27:26.481+0000] {dag.py:3211} INFO - Sync 1 DAGs
[2026-01-05T17:27:26.494+0000] {logging_mixin.py:190} INFO - [2026-01-05T17:27:26.494+0000] {dag.py:4138} INFO - Setting next_dagrun for example_bash_decorator to None, run_after=None
[2026-01-05T17:27:26.515+0000] {processor.py:208} INFO - Processing /home/airflow/.local/lib/python3.12/site-packages/airflow/example_dags/example_bash_decorator.py took 0.085 seconds
[2026-01-05T17:27:58.391+0000] {processor.py:186} INFO - Started process (PID=1449) to work on /home/airflow/.local/lib/python3.12/site-packages/airflow/example_dags/example_bash_decorator.py
[2026-01-05T17:27:58.393+0000] {processor.py:914} INFO - Processing file /home/airflow/.local/lib/python3.12/site-packages/airflow/example_dags/example_bash_decorator.py for tasks to queue
[2026-01-05T17:27:58.397+0000] {logging_mixin.py:190} INFO - [2026-01-05T17:27:58.396+0000] {dagbag.py:587} INFO - Filling up the DagBag from /home/airflow/.local/lib/python3.12/site-packages/airflow/example_dags/example_bash_decorator.py
[2026-01-05T17:27:58.411+0000] {processor.py:925} INFO - DAG(s) 'example_bash_decorator' retrieved from /home/airflow/.local/lib/python3.12/site-packages/airflow/example_dags/example_bash_decorator.py
[2026-01-05T17:27:58.442+0000] {logging_mixin.py:190} INFO - [2026-01-05T17:27:58.442+0000] {dag.py:3211} INFO - Sync 1 DAGs
[2026-01-05T17:27:58.459+0000] {logging_mixin.py:190} INFO - [2026-01-05T17:27:58.459+0000] {dag.py:4138} INFO - Setting next_dagrun for example_bash_decorator to None, run_after=None
[2026-01-05T17:27:58.491+0000] {processor.py:208} INFO - Processing /home/airflow/.local/lib/python3.12/site-packages/airflow/example_dags/example_bash_decorator.py took 0.107 seconds
[2026-01-05T17:28:28.842+0000] {processor.py:186} INFO - Started process (PID=1515) to work on /home/airflow/.local/lib/python3.12/site-packages/airflow/example_dags/example_bash_decorator.py
[2026-01-05T17:28:28.843+0000] {processor.py:914} INFO - Processing file /home/airflow/.local/lib/python3.12/site-packages/airflow/example_dags/example_bash_decorator.py for tasks to queue
[2026-01-05T17:28:28.846+0000] {logging_mixin.py:190} INFO - [2026-01-05T17:28:28.846+0000] {dagbag.py:587} INFO - Filling up the DagBag from /home/airflow/.local/lib/python3.12/site-packages/airflow/example_dags/example_bash_decorator.py
[2026-01-05T17:28:28.865+0000] {processor.py:925} INFO - DAG(s) 'example_bash_decorator' retrieved from /home/airflow/.local/lib/python3.12/site-packages/airflow/example_dags/example_bash_decorator.py
[2026-01-05T17:28:28.899+0000] {logging_mixin.py:190} INFO - [2026-01-05T17:28:28.898+0000] {dag.py:3211} INFO - Sync 1 DAGs
[2026-01-05T17:28:28.926+0000] {logging_mixin.py:190} INFO - [2026-01-05T17:28:28.925+0000] {dag.py:4138} INFO - Setting next_dagrun for example_bash_decorator to None, run_after=None
[2026-01-05T17:28:28.956+0000] {processor.py:208} INFO - Processing /home/airflow/.local/lib/python3.12/site-packages/airflow/example_dags/example_bash_decorator.py took 0.123 seconds
[2026-01-05T17:28:59.499+0000] {processor.py:186} INFO - Started process (PID=1581) to work on /home/airflow/.local/lib/python3.12/site-packages/airflow/example_dags/example_bash_decorator.py
[2026-01-05T17:28:59.500+0000] {processor.py:914} INFO - Processing file /home/airflow/.local/lib/python3.12/site-packages/airflow/example_dags/example_bash_decorator.py for tasks to queue
[2026-01-05T17:28:59.503+0000] {logging_mixin.py:190} INFO - [2026-01-05T17:28:59.503+0000] {dagbag.py:587} INFO - Filling up the DagBag from /home/airflow/.local/lib/python3.12/site-packages/airflow/example_dags/example_bash_decorator.py
[2026-01-05T17:28:59.519+0000] {processor.py:925} INFO - DAG(s) 'example_bash_decorator' retrieved from /home/airflow/.local/lib/python3.12/site-packages/airflow/example_dags/example_bash_decorator.py
[2026-01-05T17:28:59.546+0000] {logging_mixin.py:190} INFO - [2026-01-05T17:28:59.546+0000] {dag.py:3211} INFO - Sync 1 DAGs
[2026-01-05T17:28:59.563+0000] {logging_mixin.py:190} INFO - [2026-01-05T17:28:59.563+0000] {dag.py:4138} INFO - Setting next_dagrun for example_bash_decorator to None, run_after=None
[2026-01-05T17:28:59.590+0000] {processor.py:208} INFO - Processing /home/airflow/.local/lib/python3.12/site-packages/airflow/example_dags/example_bash_decorator.py took 0.100 seconds
[2026-01-05T17:29:30.185+0000] {processor.py:186} INFO - Started process (PID=1647) to work on /home/airflow/.local/lib/python3.12/site-packages/airflow/example_dags/example_bash_decorator.py
[2026-01-05T17:29:30.187+0000] {processor.py:914} INFO - Processing file /home/airflow/.local/lib/python3.12/site-packages/airflow/example_dags/example_bash_decorator.py for tasks to queue
[2026-01-05T17:29:30.189+0000] {logging_mixin.py:190} INFO - [2026-01-05T17:29:30.189+0000] {dagbag.py:587} INFO - Filling up the DagBag from /home/airflow/.local/lib/python3.12/site-packages/airflow/example_dags/example_bash_decorator.py
[2026-01-05T17:29:30.202+0000] {processor.py:925} INFO - DAG(s) 'example_bash_decorator' retrieved from /home/airflow/.local/lib/python3.12/site-packages/airflow/example_dags/example_bash_decorator.py
[2026-01-05T17:29:30.233+0000] {logging_mixin.py:190} INFO - [2026-01-05T17:29:30.233+0000] {dag.py:3211} INFO - Sync 1 DAGs
[2026-01-05T17:29:30.246+0000] {logging_mixin.py:190} INFO - [2026-01-05T17:29:30.246+0000] {dag.py:4138} INFO - Setting next_dagrun for example_bash_decorator to None, run_after=None
[2026-01-05T17:29:30.267+0000] {processor.py:208} INFO - Processing /home/airflow/.local/lib/python3.12/site-packages/airflow/example_dags/example_bash_decorator.py took 0.087 seconds
[2026-01-05T17:30:00.448+0000] {processor.py:186} INFO - Started process (PID=1713) to work on /home/airflow/.local/lib/python3.12/site-packages/airflow/example_dags/example_bash_decorator.py
[2026-01-05T17:30:00.449+0000] {processor.py:914} INFO - Processing file /home/airflow/.local/lib/python3.12/site-packages/airflow/example_dags/example_bash_decorator.py for tasks to queue
[2026-01-05T17:30:00.452+0000] {logging_mixin.py:190} INFO - [2026-01-05T17:30:00.451+0000] {dagbag.py:587} INFO - Filling up the DagBag from /home/airflow/.local/lib/python3.12/site-packages/airflow/example_dags/example_bash_decorator.py
[2026-01-05T17:30:00.466+0000] {processor.py:925} INFO - DAG(s) 'example_bash_decorator' retrieved from /home/airflow/.local/lib/python3.12/site-packages/airflow/example_dags/example_bash_decorator.py
[2026-01-05T17:30:00.496+0000] {logging_mixin.py:190} INFO - [2026-01-05T17:30:00.495+0000] {dag.py:3211} INFO - Sync 1 DAGs
[2026-01-05T17:30:00.514+0000] {logging_mixin.py:190} INFO - [2026-01-05T17:30:00.514+0000] {dag.py:4138} INFO - Setting next_dagrun for example_bash_decorator to None, run_after=None
[2026-01-05T17:30:00.543+0000] {processor.py:208} INFO - Processing /home/airflow/.local/lib/python3.12/site-packages/airflow/example_dags/example_bash_decorator.py took 0.101 seconds
[2026-01-05T17:30:31.299+0000] {processor.py:186} INFO - Started process (PID=1780) to work on /home/airflow/.local/lib/python3.12/site-packages/airflow/example_dags/example_bash_decorator.py
[2026-01-05T17:30:31.301+0000] {processor.py:914} INFO - Processing file /home/airflow/.local/lib/python3.12/site-packages/airflow/example_dags/example_bash_decorator.py for tasks to queue
[2026-01-05T17:30:31.305+0000] {logging_mixin.py:190} INFO - [2026-01-05T17:30:31.305+0000] {dagbag.py:587} INFO - Filling up the DagBag from /home/airflow/.local/lib/python3.12/site-packages/airflow/example_dags/example_bash_decorator.py
[2026-01-05T17:30:31.319+0000] {processor.py:925} INFO - DAG(s) 'example_bash_decorator' retrieved from /home/airflow/.local/lib/python3.12/site-packages/airflow/example_dags/example_bash_decorator.py
[2026-01-05T17:30:31.349+0000] {logging_mixin.py:190} INFO - [2026-01-05T17:30:31.348+0000] {dag.py:3211} INFO - Sync 1 DAGs
[2026-01-05T17:30:31.368+0000] {logging_mixin.py:190} INFO - [2026-01-05T17:30:31.368+0000] {dag.py:4138} INFO - Setting next_dagrun for example_bash_decorator to None, run_after=None
[2026-01-05T17:30:31.391+0000] {processor.py:208} INFO - Processing /home/airflow/.local/lib/python3.12/site-packages/airflow/example_dags/example_bash_decorator.py took 0.100 seconds
[2026-01-05T17:31:02.013+0000] {processor.py:186} INFO - Started process (PID=1846) to work on /home/airflow/.local/lib/python3.12/site-packages/airflow/example_dags/example_bash_decorator.py
[2026-01-05T17:31:02.015+0000] {processor.py:914} INFO - Processing file /home/airflow/.local/lib/python3.12/site-packages/airflow/example_dags/example_bash_decorator.py for tasks to queue
[2026-01-05T17:31:02.018+0000] {logging_mixin.py:190} INFO - [2026-01-05T17:31:02.017+0000] {dagbag.py:587} INFO - Filling up the DagBag from /home/airflow/.local/lib/python3.12/site-packages/airflow/example_dags/example_bash_decorator.py
[2026-01-05T17:31:02.039+0000] {processor.py:925} INFO - DAG(s) 'example_bash_decorator' retrieved from /home/airflow/.local/lib/python3.12/site-packages/airflow/example_dags/example_bash_decorator.py
[2026-01-05T17:31:02.089+0000] {logging_mixin.py:190} INFO - [2026-01-05T17:31:02.088+0000] {dag.py:3211} INFO - Sync 1 DAGs
[2026-01-05T17:31:02.119+0000] {logging_mixin.py:190} INFO - [2026-01-05T17:31:02.118+0000] {dag.py:4138} INFO - Setting next_dagrun for example_bash_decorator to None, run_after=None
[2026-01-05T17:31:02.150+0000] {processor.py:208} INFO - Processing /home/airflow/.local/lib/python3.12/site-packages/airflow/example_dags/example_bash_decorator.py took 0.145 seconds
[2026-01-05T17:31:32.549+0000] {processor.py:186} INFO - Started process (PID=1912) to work on /home/airflow/.local/lib/python3.12/site-packages/airflow/example_dags/example_bash_decorator.py
[2026-01-05T17:31:32.551+0000] {processor.py:914} INFO - Processing file /home/airflow/.local/lib/python3.12/site-packages/airflow/example_dags/example_bash_decorator.py for tasks to queue
[2026-01-05T17:31:32.555+0000] {logging_mixin.py:190} INFO - [2026-01-05T17:31:32.554+0000] {dagbag.py:587} INFO - Filling up the DagBag from /home/airflow/.local/lib/python3.12/site-packages/airflow/example_dags/example_bash_decorator.py
[2026-01-05T17:31:32.571+0000] {processor.py:925} INFO - DAG(s) 'example_bash_decorator' retrieved from /home/airflow/.local/lib/python3.12/site-packages/airflow/example_dags/example_bash_decorator.py
[2026-01-05T17:31:32.605+0000] {logging_mixin.py:190} INFO - [2026-01-05T17:31:32.605+0000] {dag.py:3211} INFO - Sync 1 DAGs
[2026-01-05T17:31:32.620+0000] {logging_mixin.py:190} INFO - [2026-01-05T17:31:32.620+0000] {dag.py:4138} INFO - Setting next_dagrun for example_bash_decorator to None, run_after=None
[2026-01-05T17:31:32.643+0000] {processor.py:208} INFO - Processing /home/airflow/.local/lib/python3.12/site-packages/airflow/example_dags/example_bash_decorator.py took 0.101 seconds
[2026-01-05T17:32:02.851+0000] {processor.py:186} INFO - Started process (PID=1978) to work on /home/airflow/.local/lib/python3.12/site-packages/airflow/example_dags/example_bash_decorator.py
[2026-01-05T17:32:02.853+0000] {processor.py:914} INFO - Processing file /home/airflow/.local/lib/python3.12/site-packages/airflow/example_dags/example_bash_decorator.py for tasks to queue
[2026-01-05T17:32:02.857+0000] {logging_mixin.py:190} INFO - [2026-01-05T17:32:02.856+0000] {dagbag.py:587} INFO - Filling up the DagBag from /home/airflow/.local/lib/python3.12/site-packages/airflow/example_dags/example_bash_decorator.py
[2026-01-05T17:32:02.874+0000] {processor.py:925} INFO - DAG(s) 'example_bash_decorator' retrieved from /home/airflow/.local/lib/python3.12/site-packages/airflow/example_dags/example_bash_decorator.py
[2026-01-05T17:32:02.908+0000] {logging_mixin.py:190} INFO - [2026-01-05T17:32:02.908+0000] {dag.py:3211} INFO - Sync 1 DAGs
[2026-01-05T17:32:02.926+0000] {logging_mixin.py:190} INFO - [2026-01-05T17:32:02.925+0000] {dag.py:4138} INFO - Setting next_dagrun for example_bash_decorator to None, run_after=None
[2026-01-05T17:32:02.946+0000] {processor.py:208} INFO - Processing /home/airflow/.local/lib/python3.12/site-packages/airflow/example_dags/example_bash_decorator.py took 0.101 seconds
[2026-01-05T17:32:33.248+0000] {processor.py:186} INFO - Started process (PID=2044) to work on /home/airflow/.local/lib/python3.12/site-packages/airflow/example_dags/example_bash_decorator.py
[2026-01-05T17:32:33.250+0000] {processor.py:914} INFO - Processing file /home/airflow/.local/lib/python3.12/site-packages/airflow/example_dags/example_bash_decorator.py for tasks to queue
[2026-01-05T17:32:33.255+0000] {logging_mixin.py:190} INFO - [2026-01-05T17:32:33.254+0000] {dagbag.py:587} INFO - Filling up the DagBag from /home/airflow/.local/lib/python3.12/site-packages/airflow/example_dags/example_bash_decorator.py
[2026-01-05T17:32:33.271+0000] {processor.py:925} INFO - DAG(s) 'example_bash_decorator' retrieved from /home/airflow/.local/lib/python3.12/site-packages/airflow/example_dags/example_bash_decorator.py
[2026-01-05T17:32:33.301+0000] {logging_mixin.py:190} INFO - [2026-01-05T17:32:33.301+0000] {dag.py:3211} INFO - Sync 1 DAGs
[2026-01-05T17:32:33.318+0000] {logging_mixin.py:190} INFO - [2026-01-05T17:32:33.317+0000] {dag.py:4138} INFO - Setting next_dagrun for example_bash_decorator to None, run_after=None
[2026-01-05T17:32:33.336+0000] {processor.py:208} INFO - Processing /home/airflow/.local/lib/python3.12/site-packages/airflow/example_dags/example_bash_decorator.py took 0.096 seconds
[2026-01-05T17:33:03.612+0000] {processor.py:186} INFO - Started process (PID=2110) to work on /home/airflow/.local/lib/python3.12/site-packages/airflow/example_dags/example_bash_decorator.py
[2026-01-05T17:33:03.613+0000] {processor.py:914} INFO - Processing file /home/airflow/.local/lib/python3.12/site-packages/airflow/example_dags/example_bash_decorator.py for tasks to queue
[2026-01-05T17:33:03.617+0000] {logging_mixin.py:190} INFO - [2026-01-05T17:33:03.617+0000] {dagbag.py:587} INFO - Filling up the DagBag from /home/airflow/.local/lib/python3.12/site-packages/airflow/example_dags/example_bash_decorator.py
[2026-01-05T17:33:03.634+0000] {processor.py:925} INFO - DAG(s) 'example_bash_decorator' retrieved from /home/airflow/.local/lib/python3.12/site-packages/airflow/example_dags/example_bash_decorator.py
[2026-01-05T17:33:03.663+0000] {logging_mixin.py:190} INFO - [2026-01-05T17:33:03.662+0000] {dag.py:3211} INFO - Sync 1 DAGs
[2026-01-05T17:33:03.680+0000] {logging_mixin.py:190} INFO - [2026-01-05T17:33:03.680+0000] {dag.py:4138} INFO - Setting next_dagrun for example_bash_decorator to None, run_after=None
[2026-01-05T17:33:03.702+0000] {processor.py:208} INFO - Processing /home/airflow/.local/lib/python3.12/site-packages/airflow/example_dags/example_bash_decorator.py took 0.099 seconds
[2026-01-05T17:33:33.859+0000] {processor.py:186} INFO - Started process (PID=2176) to work on /home/airflow/.local/lib/python3.12/site-packages/airflow/example_dags/example_bash_decorator.py
[2026-01-05T17:33:33.861+0000] {processor.py:914} INFO - Processing file /home/airflow/.local/lib/python3.12/site-packages/airflow/example_dags/example_bash_decorator.py for tasks to queue
[2026-01-05T17:33:33.865+0000] {logging_mixin.py:190} INFO - [2026-01-05T17:33:33.865+0000] {dagbag.py:587} INFO - Filling up the DagBag from /home/airflow/.local/lib/python3.12/site-packages/airflow/example_dags/example_bash_decorator.py
[2026-01-05T17:33:33.886+0000] {processor.py:925} INFO - DAG(s) 'example_bash_decorator' retrieved from /home/airflow/.local/lib/python3.12/site-packages/airflow/example_dags/example_bash_decorator.py
[2026-01-05T17:33:33.918+0000] {logging_mixin.py:190} INFO - [2026-01-05T17:33:33.918+0000] {dag.py:3211} INFO - Sync 1 DAGs
[2026-01-05T17:33:33.937+0000] {logging_mixin.py:190} INFO - [2026-01-05T17:33:33.937+0000] {dag.py:4138} INFO - Setting next_dagrun for example_bash_decorator to None, run_after=None
[2026-01-05T17:33:33.963+0000] {processor.py:208} INFO - Processing /home/airflow/.local/lib/python3.12/site-packages/airflow/example_dags/example_bash_decorator.py took 0.112 seconds
[2026-01-05T17:34:04.896+0000] {processor.py:186} INFO - Started process (PID=2242) to work on /home/airflow/.local/lib/python3.12/site-packages/airflow/example_dags/example_bash_decorator.py
[2026-01-05T17:34:04.897+0000] {processor.py:914} INFO - Processing file /home/airflow/.local/lib/python3.12/site-packages/airflow/example_dags/example_bash_decorator.py for tasks to queue
[2026-01-05T17:34:04.900+0000] {logging_mixin.py:190} INFO - [2026-01-05T17:34:04.900+0000] {dagbag.py:587} INFO - Filling up the DagBag from /home/airflow/.local/lib/python3.12/site-packages/airflow/example_dags/example_bash_decorator.py
[2026-01-05T17:34:04.914+0000] {processor.py:925} INFO - DAG(s) 'example_bash_decorator' retrieved from /home/airflow/.local/lib/python3.12/site-packages/airflow/example_dags/example_bash_decorator.py
[2026-01-05T17:34:04.941+0000] {logging_mixin.py:190} INFO - [2026-01-05T17:34:04.941+0000] {dag.py:3211} INFO - Sync 1 DAGs
[2026-01-05T17:34:04.960+0000] {logging_mixin.py:190} INFO - [2026-01-05T17:34:04.960+0000] {dag.py:4138} INFO - Setting next_dagrun for example_bash_decorator to None, run_after=None
[2026-01-05T17:34:04.980+0000] {processor.py:208} INFO - Processing /home/airflow/.local/lib/python3.12/site-packages/airflow/example_dags/example_bash_decorator.py took 0.090 seconds
[2026-01-05T17:34:35.660+0000] {processor.py:186} INFO - Started process (PID=2308) to work on /home/airflow/.local/lib/python3.12/site-packages/airflow/example_dags/example_bash_decorator.py
[2026-01-05T17:34:35.661+0000] {processor.py:914} INFO - Processing file /home/airflow/.local/lib/python3.12/site-packages/airflow/example_dags/example_bash_decorator.py for tasks to queue
[2026-01-05T17:34:35.664+0000] {logging_mixin.py:190} INFO - [2026-01-05T17:34:35.664+0000] {dagbag.py:587} INFO - Filling up the DagBag from /home/airflow/.local/lib/python3.12/site-packages/airflow/example_dags/example_bash_decorator.py
[2026-01-05T17:34:35.678+0000] {processor.py:925} INFO - DAG(s) 'example_bash_decorator' retrieved from /home/airflow/.local/lib/python3.12/site-packages/airflow/example_dags/example_bash_decorator.py
[2026-01-05T17:34:35.708+0000] {logging_mixin.py:190} INFO - [2026-01-05T17:34:35.707+0000] {dag.py:3211} INFO - Sync 1 DAGs
[2026-01-05T17:34:35.723+0000] {logging_mixin.py:190} INFO - [2026-01-05T17:34:35.722+0000] {dag.py:4138} INFO - Setting next_dagrun for example_bash_decorator to None, run_after=None
[2026-01-05T17:34:35.746+0000] {processor.py:208} INFO - Processing /home/airflow/.local/lib/python3.12/site-packages/airflow/example_dags/example_bash_decorator.py took 0.095 seconds
[2026-01-05T17:35:06.201+0000] {processor.py:186} INFO - Started process (PID=2374) to work on /home/airflow/.local/lib/python3.12/site-packages/airflow/example_dags/example_bash_decorator.py
[2026-01-05T17:35:06.202+0000] {processor.py:914} INFO - Processing file /home/airflow/.local/lib/python3.12/site-packages/airflow/example_dags/example_bash_decorator.py for tasks to queue
[2026-01-05T17:35:06.205+0000] {logging_mixin.py:190} INFO - [2026-01-05T17:35:06.205+0000] {dagbag.py:587} INFO - Filling up the DagBag from /home/airflow/.local/lib/python3.12/site-packages/airflow/example_dags/example_bash_decorator.py
[2026-01-05T17:35:06.221+0000] {processor.py:925} INFO - DAG(s) 'example_bash_decorator' retrieved from /home/airflow/.local/lib/python3.12/site-packages/airflow/example_dags/example_bash_decorator.py
[2026-01-05T17:35:06.250+0000] {logging_mixin.py:190} INFO - [2026-01-05T17:35:06.249+0000] {dag.py:3211} INFO - Sync 1 DAGs
[2026-01-05T17:35:06.267+0000] {logging_mixin.py:190} INFO - [2026-01-05T17:35:06.266+0000] {dag.py:4138} INFO - Setting next_dagrun for example_bash_decorator to None, run_after=None
[2026-01-05T17:35:06.286+0000] {processor.py:208} INFO - Processing /home/airflow/.local/lib/python3.12/site-packages/airflow/example_dags/example_bash_decorator.py took 0.092 seconds
[2026-01-05T17:35:37.005+0000] {processor.py:186} INFO - Started process (PID=2441) to work on /home/airflow/.local/lib/python3.12/site-packages/airflow/example_dags/example_bash_decorator.py
[2026-01-05T17:35:37.007+0000] {processor.py:914} INFO - Processing file /home/airflow/.local/lib/python3.12/site-packages/airflow/example_dags/example_bash_decorator.py for tasks to queue
[2026-01-05T17:35:37.010+0000] {logging_mixin.py:190} INFO - [2026-01-05T17:35:37.009+0000] {dagbag.py:587} INFO - Filling up the DagBag from /home/airflow/.local/lib/python3.12/site-packages/airflow/example_dags/example_bash_decorator.py
[2026-01-05T17:35:37.023+0000] {processor.py:925} INFO - DAG(s) 'example_bash_decorator' retrieved from /home/airflow/.local/lib/python3.12/site-packages/airflow/example_dags/example_bash_decorator.py
[2026-01-05T17:35:37.044+0000] {logging_mixin.py:190} INFO - [2026-01-05T17:35:37.044+0000] {dag.py:3211} INFO - Sync 1 DAGs
[2026-01-05T17:35:37.060+0000] {logging_mixin.py:190} INFO - [2026-01-05T17:35:37.060+0000] {dag.py:4138} INFO - Setting next_dagrun for example_bash_decorator to None, run_after=None
[2026-01-05T17:35:37.082+0000] {processor.py:208} INFO - Processing /home/airflow/.local/lib/python3.12/site-packages/airflow/example_dags/example_bash_decorator.py took 0.085 seconds
[2026-01-05T17:36:07.839+0000] {processor.py:186} INFO - Started process (PID=2507) to work on /home/airflow/.local/lib/python3.12/site-packages/airflow/example_dags/example_bash_decorator.py
[2026-01-05T17:36:07.841+0000] {processor.py:914} INFO - Processing file /home/airflow/.local/lib/python3.12/site-packages/airflow/example_dags/example_bash_decorator.py for tasks to queue
[2026-01-05T17:36:07.844+0000] {logging_mixin.py:190} INFO - [2026-01-05T17:36:07.844+0000] {dagbag.py:587} INFO - Filling up the DagBag from /home/airflow/.local/lib/python3.12/site-packages/airflow/example_dags/example_bash_decorator.py
[2026-01-05T17:36:07.860+0000] {processor.py:925} INFO - DAG(s) 'example_bash_decorator' retrieved from /home/airflow/.local/lib/python3.12/site-packages/airflow/example_dags/example_bash_decorator.py
[2026-01-05T17:36:07.886+0000] {logging_mixin.py:190} INFO - [2026-01-05T17:36:07.886+0000] {dag.py:3211} INFO - Sync 1 DAGs
[2026-01-05T17:36:07.903+0000] {logging_mixin.py:190} INFO - [2026-01-05T17:36:07.903+0000] {dag.py:4138} INFO - Setting next_dagrun for example_bash_decorator to None, run_after=None
[2026-01-05T17:36:07.929+0000] {processor.py:208} INFO - Processing /home/airflow/.local/lib/python3.12/site-packages/airflow/example_dags/example_bash_decorator.py took 0.098 seconds
[2026-01-05T17:36:38.597+0000] {processor.py:186} INFO - Started process (PID=2573) to work on /home/airflow/.local/lib/python3.12/site-packages/airflow/example_dags/example_bash_decorator.py
[2026-01-05T17:36:38.598+0000] {processor.py:914} INFO - Processing file /home/airflow/.local/lib/python3.12/site-packages/airflow/example_dags/example_bash_decorator.py for tasks to queue
[2026-01-05T17:36:38.602+0000] {logging_mixin.py:190} INFO - [2026-01-05T17:36:38.601+0000] {dagbag.py:587} INFO - Filling up the DagBag from /home/airflow/.local/lib/python3.12/site-packages/airflow/example_dags/example_bash_decorator.py
[2026-01-05T17:36:38.621+0000] {processor.py:925} INFO - DAG(s) 'example_bash_decorator' retrieved from /home/airflow/.local/lib/python3.12/site-packages/airflow/example_dags/example_bash_decorator.py
[2026-01-05T17:36:38.662+0000] {logging_mixin.py:190} INFO - [2026-01-05T17:36:38.662+0000] {dag.py:3211} INFO - Sync 1 DAGs
[2026-01-05T17:36:38.683+0000] {logging_mixin.py:190} INFO - [2026-01-05T17:36:38.683+0000] {dag.py:4138} INFO - Setting next_dagrun for example_bash_decorator to None, run_after=None
[2026-01-05T17:36:38.706+0000] {processor.py:208} INFO - Processing /home/airflow/.local/lib/python3.12/site-packages/airflow/example_dags/example_bash_decorator.py took 0.118 seconds
[2026-01-05T17:37:08.819+0000] {processor.py:186} INFO - Started process (PID=2639) to work on /home/airflow/.local/lib/python3.12/site-packages/airflow/example_dags/example_bash_decorator.py
[2026-01-05T17:37:08.821+0000] {processor.py:914} INFO - Processing file /home/airflow/.local/lib/python3.12/site-packages/airflow/example_dags/example_bash_decorator.py for tasks to queue
[2026-01-05T17:37:08.824+0000] {logging_mixin.py:190} INFO - [2026-01-05T17:37:08.824+0000] {dagbag.py:587} INFO - Filling up the DagBag from /home/airflow/.local/lib/python3.12/site-packages/airflow/example_dags/example_bash_decorator.py
[2026-01-05T17:37:08.842+0000] {processor.py:925} INFO - DAG(s) 'example_bash_decorator' retrieved from /home/airflow/.local/lib/python3.12/site-packages/airflow/example_dags/example_bash_decorator.py
[2026-01-05T17:37:08.870+0000] {logging_mixin.py:190} INFO - [2026-01-05T17:37:08.869+0000] {dag.py:3211} INFO - Sync 1 DAGs
[2026-01-05T17:37:08.884+0000] {logging_mixin.py:190} INFO - [2026-01-05T17:37:08.884+0000] {dag.py:4138} INFO - Setting next_dagrun for example_bash_decorator to None, run_after=None
[2026-01-05T17:37:08.905+0000] {processor.py:208} INFO - Processing /home/airflow/.local/lib/python3.12/site-packages/airflow/example_dags/example_bash_decorator.py took 0.095 seconds
[2026-01-05T17:37:39.445+0000] {processor.py:186} INFO - Started process (PID=2705) to work on /home/airflow/.local/lib/python3.12/site-packages/airflow/example_dags/example_bash_decorator.py
[2026-01-05T17:37:39.447+0000] {processor.py:914} INFO - Processing file /home/airflow/.local/lib/python3.12/site-packages/airflow/example_dags/example_bash_decorator.py for tasks to queue
[2026-01-05T17:37:39.450+0000] {logging_mixin.py:190} INFO - [2026-01-05T17:37:39.449+0000] {dagbag.py:587} INFO - Filling up the DagBag from /home/airflow/.local/lib/python3.12/site-packages/airflow/example_dags/example_bash_decorator.py
[2026-01-05T17:37:39.467+0000] {processor.py:925} INFO - DAG(s) 'example_bash_decorator' retrieved from /home/airflow/.local/lib/python3.12/site-packages/airflow/example_dags/example_bash_decorator.py
[2026-01-05T17:37:39.498+0000] {logging_mixin.py:190} INFO - [2026-01-05T17:37:39.498+0000] {dag.py:3211} INFO - Sync 1 DAGs
[2026-01-05T17:37:39.512+0000] {logging_mixin.py:190} INFO - [2026-01-05T17:37:39.512+0000] {dag.py:4138} INFO - Setting next_dagrun for example_bash_decorator to None, run_after=None
[2026-01-05T17:37:39.536+0000] {processor.py:208} INFO - Processing /home/airflow/.local/lib/python3.12/site-packages/airflow/example_dags/example_bash_decorator.py took 0.097 seconds
[2026-01-05T17:38:09.982+0000] {processor.py:186} INFO - Started process (PID=2771) to work on /home/airflow/.local/lib/python3.12/site-packages/airflow/example_dags/example_bash_decorator.py
[2026-01-05T17:38:09.984+0000] {processor.py:914} INFO - Processing file /home/airflow/.local/lib/python3.12/site-packages/airflow/example_dags/example_bash_decorator.py for tasks to queue
[2026-01-05T17:38:09.988+0000] {logging_mixin.py:190} INFO - [2026-01-05T17:38:09.987+0000] {dagbag.py:587} INFO - Filling up the DagBag from /home/airflow/.local/lib/python3.12/site-packages/airflow/example_dags/example_bash_decorator.py
[2026-01-05T17:38:10.007+0000] {processor.py:925} INFO - DAG(s) 'example_bash_decorator' retrieved from /home/airflow/.local/lib/python3.12/site-packages/airflow/example_dags/example_bash_decorator.py
[2026-01-05T17:38:10.034+0000] {logging_mixin.py:190} INFO - [2026-01-05T17:38:10.034+0000] {dag.py:3211} INFO - Sync 1 DAGs
[2026-01-05T17:38:10.049+0000] {logging_mixin.py:190} INFO - [2026-01-05T17:38:10.049+0000] {dag.py:4138} INFO - Setting next_dagrun for example_bash_decorator to None, run_after=None
[2026-01-05T17:38:10.072+0000] {processor.py:208} INFO - Processing /home/airflow/.local/lib/python3.12/site-packages/airflow/example_dags/example_bash_decorator.py took 0.099 seconds
[2026-01-05T17:38:40.634+0000] {processor.py:186} INFO - Started process (PID=2837) to work on /home/airflow/.local/lib/python3.12/site-packages/airflow/example_dags/example_bash_decorator.py
[2026-01-05T17:38:40.635+0000] {processor.py:914} INFO - Processing file /home/airflow/.local/lib/python3.12/site-packages/airflow/example_dags/example_bash_decorator.py for tasks to queue
[2026-01-05T17:38:40.638+0000] {logging_mixin.py:190} INFO - [2026-01-05T17:38:40.638+0000] {dagbag.py:587} INFO - Filling up the DagBag from /home/airflow/.local/lib/python3.12/site-packages/airflow/example_dags/example_bash_decorator.py
[2026-01-05T17:38:40.654+0000] {processor.py:925} INFO - DAG(s) 'example_bash_decorator' retrieved from /home/airflow/.local/lib/python3.12/site-packages/airflow/example_dags/example_bash_decorator.py
[2026-01-05T17:38:40.682+0000] {logging_mixin.py:190} INFO - [2026-01-05T17:38:40.682+0000] {dag.py:3211} INFO - Sync 1 DAGs
[2026-01-05T17:38:40.702+0000] {logging_mixin.py:190} INFO - [2026-01-05T17:38:40.702+0000] {dag.py:4138} INFO - Setting next_dagrun for example_bash_decorator to None, run_after=None
[2026-01-05T17:38:40.722+0000] {processor.py:208} INFO - Processing /home/airflow/.local/lib/python3.12/site-packages/airflow/example_dags/example_bash_decorator.py took 0.095 seconds
[2026-01-05T17:39:11.777+0000] {processor.py:186} INFO - Started process (PID=2903) to work on /home/airflow/.local/lib/python3.12/site-packages/airflow/example_dags/example_bash_decorator.py
[2026-01-05T17:39:11.779+0000] {processor.py:914} INFO - Processing file /home/airflow/.local/lib/python3.12/site-packages/airflow/example_dags/example_bash_decorator.py for tasks to queue
[2026-01-05T17:39:11.781+0000] {logging_mixin.py:190} INFO - [2026-01-05T17:39:11.781+0000] {dagbag.py:587} INFO - Filling up the DagBag from /home/airflow/.local/lib/python3.12/site-packages/airflow/example_dags/example_bash_decorator.py
[2026-01-05T17:39:11.796+0000] {processor.py:925} INFO - DAG(s) 'example_bash_decorator' retrieved from /home/airflow/.local/lib/python3.12/site-packages/airflow/example_dags/example_bash_decorator.py
[2026-01-05T17:39:11.822+0000] {logging_mixin.py:190} INFO - [2026-01-05T17:39:11.822+0000] {dag.py:3211} INFO - Sync 1 DAGs
[2026-01-05T17:39:11.840+0000] {logging_mixin.py:190} INFO - [2026-01-05T17:39:11.839+0000] {dag.py:4138} INFO - Setting next_dagrun for example_bash_decorator to None, run_after=None
[2026-01-05T17:39:11.858+0000] {processor.py:208} INFO - Processing /home/airflow/.local/lib/python3.12/site-packages/airflow/example_dags/example_bash_decorator.py took 0.088 seconds
[2026-01-05T17:39:42.396+0000] {processor.py:186} INFO - Started process (PID=2969) to work on /home/airflow/.local/lib/python3.12/site-packages/airflow/example_dags/example_bash_decorator.py
[2026-01-05T17:39:42.398+0000] {processor.py:914} INFO - Processing file /home/airflow/.local/lib/python3.12/site-packages/airflow/example_dags/example_bash_decorator.py for tasks to queue
[2026-01-05T17:39:42.400+0000] {logging_mixin.py:190} INFO - [2026-01-05T17:39:42.400+0000] {dagbag.py:587} INFO - Filling up the DagBag from /home/airflow/.local/lib/python3.12/site-packages/airflow/example_dags/example_bash_decorator.py
[2026-01-05T17:39:42.417+0000] {processor.py:925} INFO - DAG(s) 'example_bash_decorator' retrieved from /home/airflow/.local/lib/python3.12/site-packages/airflow/example_dags/example_bash_decorator.py
[2026-01-05T17:39:42.446+0000] {logging_mixin.py:190} INFO - [2026-01-05T17:39:42.445+0000] {dag.py:3211} INFO - Sync 1 DAGs
[2026-01-05T17:39:42.463+0000] {logging_mixin.py:190} INFO - [2026-01-05T17:39:42.462+0000] {dag.py:4138} INFO - Setting next_dagrun for example_bash_decorator to None, run_after=None
[2026-01-05T17:39:42.481+0000] {processor.py:208} INFO - Processing /home/airflow/.local/lib/python3.12/site-packages/airflow/example_dags/example_bash_decorator.py took 0.091 seconds
[2026-01-05T17:40:12.782+0000] {processor.py:186} INFO - Started process (PID=3035) to work on /home/airflow/.local/lib/python3.12/site-packages/airflow/example_dags/example_bash_decorator.py
[2026-01-05T17:40:12.784+0000] {processor.py:914} INFO - Processing file /home/airflow/.local/lib/python3.12/site-packages/airflow/example_dags/example_bash_decorator.py for tasks to queue
[2026-01-05T17:40:12.787+0000] {logging_mixin.py:190} INFO - [2026-01-05T17:40:12.786+0000] {dagbag.py:587} INFO - Filling up the DagBag from /home/airflow/.local/lib/python3.12/site-packages/airflow/example_dags/example_bash_decorator.py
[2026-01-05T17:40:12.799+0000] {processor.py:925} INFO - DAG(s) 'example_bash_decorator' retrieved from /home/airflow/.local/lib/python3.12/site-packages/airflow/example_dags/example_bash_decorator.py
[2026-01-05T17:40:12.829+0000] {logging_mixin.py:190} INFO - [2026-01-05T17:40:12.829+0000] {dag.py:3211} INFO - Sync 1 DAGs
[2026-01-05T17:40:12.846+0000] {logging_mixin.py:190} INFO - [2026-01-05T17:40:12.846+0000] {dag.py:4138} INFO - Setting next_dagrun for example_bash_decorator to None, run_after=None
[2026-01-05T17:40:12.865+0000] {processor.py:208} INFO - Processing /home/airflow/.local/lib/python3.12/site-packages/airflow/example_dags/example_bash_decorator.py took 0.089 seconds
[2026-01-05T17:40:43.118+0000] {processor.py:186} INFO - Started process (PID=3101) to work on /home/airflow/.local/lib/python3.12/site-packages/airflow/example_dags/example_bash_decorator.py
[2026-01-05T17:40:43.120+0000] {processor.py:914} INFO - Processing file /home/airflow/.local/lib/python3.12/site-packages/airflow/example_dags/example_bash_decorator.py for tasks to queue
[2026-01-05T17:40:43.123+0000] {logging_mixin.py:190} INFO - [2026-01-05T17:40:43.123+0000] {dagbag.py:587} INFO - Filling up the DagBag from /home/airflow/.local/lib/python3.12/site-packages/airflow/example_dags/example_bash_decorator.py
[2026-01-05T17:40:43.141+0000] {processor.py:925} INFO - DAG(s) 'example_bash_decorator' retrieved from /home/airflow/.local/lib/python3.12/site-packages/airflow/example_dags/example_bash_decorator.py
[2026-01-05T17:40:43.171+0000] {logging_mixin.py:190} INFO - [2026-01-05T17:40:43.170+0000] {dag.py:3211} INFO - Sync 1 DAGs
[2026-01-05T17:40:43.189+0000] {logging_mixin.py:190} INFO - [2026-01-05T17:40:43.189+0000] {dag.py:4138} INFO - Setting next_dagrun for example_bash_decorator to None, run_after=None
[2026-01-05T17:40:43.213+0000] {processor.py:208} INFO - Processing /home/airflow/.local/lib/python3.12/site-packages/airflow/example_dags/example_bash_decorator.py took 0.102 seconds
[2026-01-05T17:41:13.330+0000] {processor.py:186} INFO - Started process (PID=3167) to work on /home/airflow/.local/lib/python3.12/site-packages/airflow/example_dags/example_bash_decorator.py
[2026-01-05T17:41:13.332+0000] {processor.py:914} INFO - Processing file /home/airflow/.local/lib/python3.12/site-packages/airflow/example_dags/example_bash_decorator.py for tasks to queue
[2026-01-05T17:41:13.335+0000] {logging_mixin.py:190} INFO - [2026-01-05T17:41:13.334+0000] {dagbag.py:587} INFO - Filling up the DagBag from /home/airflow/.local/lib/python3.12/site-packages/airflow/example_dags/example_bash_decorator.py
[2026-01-05T17:41:13.349+0000] {processor.py:925} INFO - DAG(s) 'example_bash_decorator' retrieved from /home/airflow/.local/lib/python3.12/site-packages/airflow/example_dags/example_bash_decorator.py
[2026-01-05T17:41:13.376+0000] {logging_mixin.py:190} INFO - [2026-01-05T17:41:13.375+0000] {dag.py:3211} INFO - Sync 1 DAGs
[2026-01-05T17:41:13.391+0000] {logging_mixin.py:190} INFO - [2026-01-05T17:41:13.391+0000] {dag.py:4138} INFO - Setting next_dagrun for example_bash_decorator to None, run_after=None
[2026-01-05T17:41:13.412+0000] {processor.py:208} INFO - Processing /home/airflow/.local/lib/python3.12/site-packages/airflow/example_dags/example_bash_decorator.py took 0.088 seconds
[2026-01-05T17:41:43.691+0000] {processor.py:186} INFO - Started process (PID=3233) to work on /home/airflow/.local/lib/python3.12/site-packages/airflow/example_dags/example_bash_decorator.py
[2026-01-05T17:41:43.693+0000] {processor.py:914} INFO - Processing file /home/airflow/.local/lib/python3.12/site-packages/airflow/example_dags/example_bash_decorator.py for tasks to queue
[2026-01-05T17:41:43.698+0000] {logging_mixin.py:190} INFO - [2026-01-05T17:41:43.697+0000] {dagbag.py:587} INFO - Filling up the DagBag from /home/airflow/.local/lib/python3.12/site-packages/airflow/example_dags/example_bash_decorator.py
[2026-01-05T17:41:43.720+0000] {processor.py:925} INFO - DAG(s) 'example_bash_decorator' retrieved from /home/airflow/.local/lib/python3.12/site-packages/airflow/example_dags/example_bash_decorator.py
[2026-01-05T17:41:43.761+0000] {logging_mixin.py:190} INFO - [2026-01-05T17:41:43.760+0000] {dag.py:3211} INFO - Sync 1 DAGs
[2026-01-05T17:41:43.791+0000] {logging_mixin.py:190} INFO - [2026-01-05T17:41:43.790+0000] {dag.py:4138} INFO - Setting next_dagrun for example_bash_decorator to None, run_after=None
[2026-01-05T17:41:43.836+0000] {processor.py:208} INFO - Processing /home/airflow/.local/lib/python3.12/site-packages/airflow/example_dags/example_bash_decorator.py took 0.155 seconds
[2026-01-05T17:42:14.148+0000] {processor.py:186} INFO - Started process (PID=3299) to work on /home/airflow/.local/lib/python3.12/site-packages/airflow/example_dags/example_bash_decorator.py
[2026-01-05T17:42:14.150+0000] {processor.py:914} INFO - Processing file /home/airflow/.local/lib/python3.12/site-packages/airflow/example_dags/example_bash_decorator.py for tasks to queue
[2026-01-05T17:42:14.155+0000] {logging_mixin.py:190} INFO - [2026-01-05T17:42:14.154+0000] {dagbag.py:587} INFO - Filling up the DagBag from /home/airflow/.local/lib/python3.12/site-packages/airflow/example_dags/example_bash_decorator.py
[2026-01-05T17:42:14.177+0000] {processor.py:925} INFO - DAG(s) 'example_bash_decorator' retrieved from /home/airflow/.local/lib/python3.12/site-packages/airflow/example_dags/example_bash_decorator.py
[2026-01-05T17:42:14.218+0000] {logging_mixin.py:190} INFO - [2026-01-05T17:42:14.218+0000] {dag.py:3211} INFO - Sync 1 DAGs
[2026-01-05T17:42:14.245+0000] {logging_mixin.py:190} INFO - [2026-01-05T17:42:14.245+0000] {dag.py:4138} INFO - Setting next_dagrun for example_bash_decorator to None, run_after=None
[2026-01-05T17:42:14.273+0000] {processor.py:208} INFO - Processing /home/airflow/.local/lib/python3.12/site-packages/airflow/example_dags/example_bash_decorator.py took 0.135 seconds
[2026-01-05T17:42:44.625+0000] {processor.py:186} INFO - Started process (PID=3365) to work on /home/airflow/.local/lib/python3.12/site-packages/airflow/example_dags/example_bash_decorator.py
[2026-01-05T17:42:44.626+0000] {processor.py:914} INFO - Processing file /home/airflow/.local/lib/python3.12/site-packages/airflow/example_dags/example_bash_decorator.py for tasks to queue
[2026-01-05T17:42:44.630+0000] {logging_mixin.py:190} INFO - [2026-01-05T17:42:44.630+0000] {dagbag.py:587} INFO - Filling up the DagBag from /home/airflow/.local/lib/python3.12/site-packages/airflow/example_dags/example_bash_decorator.py
[2026-01-05T17:42:44.650+0000] {processor.py:925} INFO - DAG(s) 'example_bash_decorator' retrieved from /home/airflow/.local/lib/python3.12/site-packages/airflow/example_dags/example_bash_decorator.py
[2026-01-05T17:42:44.680+0000] {logging_mixin.py:190} INFO - [2026-01-05T17:42:44.679+0000] {dag.py:3211} INFO - Sync 1 DAGs
[2026-01-05T17:42:44.699+0000] {logging_mixin.py:190} INFO - [2026-01-05T17:42:44.698+0000] {dag.py:4138} INFO - Setting next_dagrun for example_bash_decorator to None, run_after=None
[2026-01-05T17:42:44.721+0000] {processor.py:208} INFO - Processing /home/airflow/.local/lib/python3.12/site-packages/airflow/example_dags/example_bash_decorator.py took 0.104 seconds
[2026-01-05T17:43:14.874+0000] {processor.py:186} INFO - Started process (PID=3431) to work on /home/airflow/.local/lib/python3.12/site-packages/airflow/example_dags/example_bash_decorator.py
[2026-01-05T17:43:14.876+0000] {processor.py:914} INFO - Processing file /home/airflow/.local/lib/python3.12/site-packages/airflow/example_dags/example_bash_decorator.py for tasks to queue
[2026-01-05T17:43:14.880+0000] {logging_mixin.py:190} INFO - [2026-01-05T17:43:14.879+0000] {dagbag.py:587} INFO - Filling up the DagBag from /home/airflow/.local/lib/python3.12/site-packages/airflow/example_dags/example_bash_decorator.py
[2026-01-05T17:43:14.900+0000] {processor.py:925} INFO - DAG(s) 'example_bash_decorator' retrieved from /home/airflow/.local/lib/python3.12/site-packages/airflow/example_dags/example_bash_decorator.py
[2026-01-05T17:43:14.935+0000] {logging_mixin.py:190} INFO - [2026-01-05T17:43:14.934+0000] {dag.py:3211} INFO - Sync 1 DAGs
[2026-01-05T17:43:14.957+0000] {logging_mixin.py:190} INFO - [2026-01-05T17:43:14.957+0000] {dag.py:4138} INFO - Setting next_dagrun for example_bash_decorator to None, run_after=None
[2026-01-05T17:43:14.984+0000] {processor.py:208} INFO - Processing /home/airflow/.local/lib/python3.12/site-packages/airflow/example_dags/example_bash_decorator.py took 0.119 seconds
[2026-01-05T17:43:45.049+0000] {processor.py:186} INFO - Started process (PID=3497) to work on /home/airflow/.local/lib/python3.12/site-packages/airflow/example_dags/example_bash_decorator.py
[2026-01-05T17:43:45.050+0000] {processor.py:914} INFO - Processing file /home/airflow/.local/lib/python3.12/site-packages/airflow/example_dags/example_bash_decorator.py for tasks to queue
[2026-01-05T17:43:45.053+0000] {logging_mixin.py:190} INFO - [2026-01-05T17:43:45.053+0000] {dagbag.py:587} INFO - Filling up the DagBag from /home/airflow/.local/lib/python3.12/site-packages/airflow/example_dags/example_bash_decorator.py
[2026-01-05T17:43:45.072+0000] {processor.py:925} INFO - DAG(s) 'example_bash_decorator' retrieved from /home/airflow/.local/lib/python3.12/site-packages/airflow/example_dags/example_bash_decorator.py
[2026-01-05T17:43:45.107+0000] {logging_mixin.py:190} INFO - [2026-01-05T17:43:45.107+0000] {dag.py:3211} INFO - Sync 1 DAGs
[2026-01-05T17:43:45.131+0000] {logging_mixin.py:190} INFO - [2026-01-05T17:43:45.130+0000] {dag.py:4138} INFO - Setting next_dagrun for example_bash_decorator to None, run_after=None
[2026-01-05T17:43:45.161+0000] {processor.py:208} INFO - Processing /home/airflow/.local/lib/python3.12/site-packages/airflow/example_dags/example_bash_decorator.py took 0.120 seconds
[2026-01-05T17:44:15.866+0000] {processor.py:186} INFO - Started process (PID=3563) to work on /home/airflow/.local/lib/python3.12/site-packages/airflow/example_dags/example_bash_decorator.py
[2026-01-05T17:44:15.867+0000] {processor.py:914} INFO - Processing file /home/airflow/.local/lib/python3.12/site-packages/airflow/example_dags/example_bash_decorator.py for tasks to queue
[2026-01-05T17:44:15.871+0000] {logging_mixin.py:190} INFO - [2026-01-05T17:44:15.870+0000] {dagbag.py:587} INFO - Filling up the DagBag from /home/airflow/.local/lib/python3.12/site-packages/airflow/example_dags/example_bash_decorator.py
[2026-01-05T17:44:15.898+0000] {processor.py:925} INFO - DAG(s) 'example_bash_decorator' retrieved from /home/airflow/.local/lib/python3.12/site-packages/airflow/example_dags/example_bash_decorator.py
[2026-01-05T17:44:15.936+0000] {logging_mixin.py:190} INFO - [2026-01-05T17:44:15.936+0000] {dag.py:3211} INFO - Sync 1 DAGs
[2026-01-05T17:44:15.958+0000] {logging_mixin.py:190} INFO - [2026-01-05T17:44:15.958+0000] {dag.py:4138} INFO - Setting next_dagrun for example_bash_decorator to None, run_after=None
[2026-01-05T17:44:15.985+0000] {processor.py:208} INFO - Processing /home/airflow/.local/lib/python3.12/site-packages/airflow/example_dags/example_bash_decorator.py took 0.129 seconds
[2026-01-05T17:44:46.376+0000] {processor.py:186} INFO - Started process (PID=3630) to work on /home/airflow/.local/lib/python3.12/site-packages/airflow/example_dags/example_bash_decorator.py
[2026-01-05T17:44:46.377+0000] {processor.py:914} INFO - Processing file /home/airflow/.local/lib/python3.12/site-packages/airflow/example_dags/example_bash_decorator.py for tasks to queue
[2026-01-05T17:44:46.381+0000] {logging_mixin.py:190} INFO - [2026-01-05T17:44:46.381+0000] {dagbag.py:587} INFO - Filling up the DagBag from /home/airflow/.local/lib/python3.12/site-packages/airflow/example_dags/example_bash_decorator.py
[2026-01-05T17:44:46.397+0000] {processor.py:925} INFO - DAG(s) 'example_bash_decorator' retrieved from /home/airflow/.local/lib/python3.12/site-packages/airflow/example_dags/example_bash_decorator.py
[2026-01-05T17:44:46.426+0000] {logging_mixin.py:190} INFO - [2026-01-05T17:44:46.425+0000] {dag.py:3211} INFO - Sync 1 DAGs
[2026-01-05T17:44:46.443+0000] {logging_mixin.py:190} INFO - [2026-01-05T17:44:46.442+0000] {dag.py:4138} INFO - Setting next_dagrun for example_bash_decorator to None, run_after=None
[2026-01-05T17:44:46.471+0000] {processor.py:208} INFO - Processing /home/airflow/.local/lib/python3.12/site-packages/airflow/example_dags/example_bash_decorator.py took 0.104 seconds
