[2026-01-05T17:17:55.013+0000] {processor.py:186} INFO - Started process (PID=160) to work on /home/airflow/.local/lib/python3.12/site-packages/airflow/example_dags/example_bash_operator.py
[2026-01-05T17:17:55.016+0000] {processor.py:914} INFO - Processing file /home/airflow/.local/lib/python3.12/site-packages/airflow/example_dags/example_bash_operator.py for tasks to queue
[2026-01-05T17:17:55.023+0000] {logging_mixin.py:190} INFO - [2026-01-05T17:17:55.023+0000] {dagbag.py:587} INFO - Filling up the DagBag from /home/airflow/.local/lib/python3.12/site-packages/airflow/example_dags/example_bash_operator.py
[2026-01-05T17:17:55.064+0000] {processor.py:925} INFO - DAG(s) 'example_bash_operator' retrieved from /home/airflow/.local/lib/python3.12/site-packages/airflow/example_dags/example_bash_operator.py
[2026-01-05T17:17:55.206+0000] {logging_mixin.py:190} INFO - [2026-01-05T17:17:55.205+0000] {dag.py:3211} INFO - Sync 1 DAGs
[2026-01-05T17:17:55.288+0000] {logging_mixin.py:190} INFO - [2026-01-05T17:17:55.287+0000] {dag.py:4138} INFO - Setting next_dagrun for example_bash_operator to 2026-01-04 00:00:00+00:00, run_after=2026-01-05 00:00:00+00:00
[2026-01-05T17:17:55.344+0000] {processor.py:208} INFO - Processing /home/airflow/.local/lib/python3.12/site-packages/airflow/example_dags/example_bash_operator.py took 0.348 seconds
[2026-01-05T17:18:28.892+0000] {processor.py:186} INFO - Started process (PID=233) to work on /home/airflow/.local/lib/python3.12/site-packages/airflow/example_dags/example_bash_operator.py
[2026-01-05T17:18:28.894+0000] {processor.py:914} INFO - Processing file /home/airflow/.local/lib/python3.12/site-packages/airflow/example_dags/example_bash_operator.py for tasks to queue
[2026-01-05T17:18:28.897+0000] {logging_mixin.py:190} INFO - [2026-01-05T17:18:28.896+0000] {dagbag.py:587} INFO - Filling up the DagBag from /home/airflow/.local/lib/python3.12/site-packages/airflow/example_dags/example_bash_operator.py
[2026-01-05T17:18:28.913+0000] {processor.py:925} INFO - DAG(s) 'example_bash_operator' retrieved from /home/airflow/.local/lib/python3.12/site-packages/airflow/example_dags/example_bash_operator.py
[2026-01-05T17:18:28.951+0000] {logging_mixin.py:190} INFO - [2026-01-05T17:18:28.951+0000] {dag.py:3211} INFO - Sync 1 DAGs
[2026-01-05T17:18:29.000+0000] {logging_mixin.py:190} INFO - [2026-01-05T17:18:29.000+0000] {dag.py:4138} INFO - Setting next_dagrun for example_bash_operator to 2026-01-04 00:00:00+00:00, run_after=2026-01-05 00:00:00+00:00
[2026-01-05T17:18:29.033+0000] {processor.py:208} INFO - Processing /home/airflow/.local/lib/python3.12/site-packages/airflow/example_dags/example_bash_operator.py took 0.149 seconds
[2026-01-05T17:18:59.523+0000] {processor.py:186} INFO - Started process (PID=299) to work on /home/airflow/.local/lib/python3.12/site-packages/airflow/example_dags/example_bash_operator.py
[2026-01-05T17:18:59.525+0000] {processor.py:914} INFO - Processing file /home/airflow/.local/lib/python3.12/site-packages/airflow/example_dags/example_bash_operator.py for tasks to queue
[2026-01-05T17:18:59.532+0000] {logging_mixin.py:190} INFO - [2026-01-05T17:18:59.532+0000] {dagbag.py:587} INFO - Filling up the DagBag from /home/airflow/.local/lib/python3.12/site-packages/airflow/example_dags/example_bash_operator.py
[2026-01-05T17:18:59.554+0000] {processor.py:925} INFO - DAG(s) 'example_bash_operator' retrieved from /home/airflow/.local/lib/python3.12/site-packages/airflow/example_dags/example_bash_operator.py
[2026-01-05T17:18:59.602+0000] {logging_mixin.py:190} INFO - [2026-01-05T17:18:59.602+0000] {dag.py:3211} INFO - Sync 1 DAGs
[2026-01-05T17:18:59.642+0000] {logging_mixin.py:190} INFO - [2026-01-05T17:18:59.642+0000] {dag.py:4138} INFO - Setting next_dagrun for example_bash_operator to 2026-01-04 00:00:00+00:00, run_after=2026-01-05 00:00:00+00:00
[2026-01-05T17:18:59.672+0000] {processor.py:208} INFO - Processing /home/airflow/.local/lib/python3.12/site-packages/airflow/example_dags/example_bash_operator.py took 0.159 seconds
[2026-01-05T17:19:30.192+0000] {processor.py:186} INFO - Started process (PID=365) to work on /home/airflow/.local/lib/python3.12/site-packages/airflow/example_dags/example_bash_operator.py
[2026-01-05T17:19:30.194+0000] {processor.py:914} INFO - Processing file /home/airflow/.local/lib/python3.12/site-packages/airflow/example_dags/example_bash_operator.py for tasks to queue
[2026-01-05T17:19:30.196+0000] {logging_mixin.py:190} INFO - [2026-01-05T17:19:30.196+0000] {dagbag.py:587} INFO - Filling up the DagBag from /home/airflow/.local/lib/python3.12/site-packages/airflow/example_dags/example_bash_operator.py
[2026-01-05T17:19:30.208+0000] {processor.py:925} INFO - DAG(s) 'example_bash_operator' retrieved from /home/airflow/.local/lib/python3.12/site-packages/airflow/example_dags/example_bash_operator.py
[2026-01-05T17:19:30.238+0000] {logging_mixin.py:190} INFO - [2026-01-05T17:19:30.237+0000] {dag.py:3211} INFO - Sync 1 DAGs
[2026-01-05T17:19:30.267+0000] {logging_mixin.py:190} INFO - [2026-01-05T17:19:30.266+0000] {dag.py:4138} INFO - Setting next_dagrun for example_bash_operator to 2026-01-04 00:00:00+00:00, run_after=2026-01-05 00:00:00+00:00
[2026-01-05T17:19:30.308+0000] {processor.py:208} INFO - Processing /home/airflow/.local/lib/python3.12/site-packages/airflow/example_dags/example_bash_operator.py took 0.124 seconds
[2026-01-05T17:20:00.625+0000] {processor.py:186} INFO - Started process (PID=431) to work on /home/airflow/.local/lib/python3.12/site-packages/airflow/example_dags/example_bash_operator.py
[2026-01-05T17:20:00.627+0000] {processor.py:914} INFO - Processing file /home/airflow/.local/lib/python3.12/site-packages/airflow/example_dags/example_bash_operator.py for tasks to queue
[2026-01-05T17:20:00.632+0000] {logging_mixin.py:190} INFO - [2026-01-05T17:20:00.632+0000] {dagbag.py:587} INFO - Filling up the DagBag from /home/airflow/.local/lib/python3.12/site-packages/airflow/example_dags/example_bash_operator.py
[2026-01-05T17:20:00.649+0000] {processor.py:925} INFO - DAG(s) 'example_bash_operator' retrieved from /home/airflow/.local/lib/python3.12/site-packages/airflow/example_dags/example_bash_operator.py
[2026-01-05T17:20:00.683+0000] {logging_mixin.py:190} INFO - [2026-01-05T17:20:00.683+0000] {dag.py:3211} INFO - Sync 1 DAGs
[2026-01-05T17:20:00.710+0000] {logging_mixin.py:190} INFO - [2026-01-05T17:20:00.710+0000] {dag.py:4138} INFO - Setting next_dagrun for example_bash_operator to 2026-01-04 00:00:00+00:00, run_after=2026-01-05 00:00:00+00:00
[2026-01-05T17:20:00.729+0000] {processor.py:208} INFO - Processing /home/airflow/.local/lib/python3.12/site-packages/airflow/example_dags/example_bash_operator.py took 0.113 seconds
[2026-01-05T17:20:33.043+0000] {processor.py:186} INFO - Started process (PID=497) to work on /home/airflow/.local/lib/python3.12/site-packages/airflow/example_dags/example_bash_operator.py
[2026-01-05T17:20:33.045+0000] {processor.py:914} INFO - Processing file /home/airflow/.local/lib/python3.12/site-packages/airflow/example_dags/example_bash_operator.py for tasks to queue
[2026-01-05T17:20:33.049+0000] {logging_mixin.py:190} INFO - [2026-01-05T17:20:33.049+0000] {dagbag.py:587} INFO - Filling up the DagBag from /home/airflow/.local/lib/python3.12/site-packages/airflow/example_dags/example_bash_operator.py
[2026-01-05T17:20:33.068+0000] {processor.py:925} INFO - DAG(s) 'example_bash_operator' retrieved from /home/airflow/.local/lib/python3.12/site-packages/airflow/example_dags/example_bash_operator.py
[2026-01-05T17:20:33.144+0000] {logging_mixin.py:190} INFO - [2026-01-05T17:20:33.143+0000] {dag.py:3211} INFO - Sync 1 DAGs
[2026-01-05T17:20:33.257+0000] {logging_mixin.py:190} INFO - [2026-01-05T17:20:33.256+0000] {dag.py:4138} INFO - Setting next_dagrun for example_bash_operator to 2026-01-04 00:00:00+00:00, run_after=2026-01-05 00:00:00+00:00
[2026-01-05T17:20:33.304+0000] {processor.py:208} INFO - Processing /home/airflow/.local/lib/python3.12/site-packages/airflow/example_dags/example_bash_operator.py took 0.271 seconds
[2026-01-05T17:21:04.072+0000] {processor.py:186} INFO - Started process (PID=563) to work on /home/airflow/.local/lib/python3.12/site-packages/airflow/example_dags/example_bash_operator.py
[2026-01-05T17:21:04.074+0000] {processor.py:914} INFO - Processing file /home/airflow/.local/lib/python3.12/site-packages/airflow/example_dags/example_bash_operator.py for tasks to queue
[2026-01-05T17:21:04.078+0000] {logging_mixin.py:190} INFO - [2026-01-05T17:21:04.077+0000] {dagbag.py:587} INFO - Filling up the DagBag from /home/airflow/.local/lib/python3.12/site-packages/airflow/example_dags/example_bash_operator.py
[2026-01-05T17:21:04.095+0000] {processor.py:925} INFO - DAG(s) 'example_bash_operator' retrieved from /home/airflow/.local/lib/python3.12/site-packages/airflow/example_dags/example_bash_operator.py
[2026-01-05T17:21:04.131+0000] {logging_mixin.py:190} INFO - [2026-01-05T17:21:04.130+0000] {dag.py:3211} INFO - Sync 1 DAGs
[2026-01-05T17:21:04.169+0000] {logging_mixin.py:190} INFO - [2026-01-05T17:21:04.168+0000] {dag.py:4138} INFO - Setting next_dagrun for example_bash_operator to 2026-01-04 00:00:00+00:00, run_after=2026-01-05 00:00:00+00:00
[2026-01-05T17:21:04.191+0000] {processor.py:208} INFO - Processing /home/airflow/.local/lib/python3.12/site-packages/airflow/example_dags/example_bash_operator.py took 0.127 seconds
[2026-01-05T17:21:34.397+0000] {processor.py:186} INFO - Started process (PID=629) to work on /home/airflow/.local/lib/python3.12/site-packages/airflow/example_dags/example_bash_operator.py
[2026-01-05T17:21:34.398+0000] {processor.py:914} INFO - Processing file /home/airflow/.local/lib/python3.12/site-packages/airflow/example_dags/example_bash_operator.py for tasks to queue
[2026-01-05T17:21:34.402+0000] {logging_mixin.py:190} INFO - [2026-01-05T17:21:34.402+0000] {dagbag.py:587} INFO - Filling up the DagBag from /home/airflow/.local/lib/python3.12/site-packages/airflow/example_dags/example_bash_operator.py
[2026-01-05T17:21:34.415+0000] {processor.py:925} INFO - DAG(s) 'example_bash_operator' retrieved from /home/airflow/.local/lib/python3.12/site-packages/airflow/example_dags/example_bash_operator.py
[2026-01-05T17:21:34.444+0000] {logging_mixin.py:190} INFO - [2026-01-05T17:21:34.444+0000] {dag.py:3211} INFO - Sync 1 DAGs
[2026-01-05T17:21:34.472+0000] {logging_mixin.py:190} INFO - [2026-01-05T17:21:34.472+0000] {dag.py:4138} INFO - Setting next_dagrun for example_bash_operator to 2026-01-04 00:00:00+00:00, run_after=2026-01-05 00:00:00+00:00
[2026-01-05T17:21:34.497+0000] {processor.py:208} INFO - Processing /home/airflow/.local/lib/python3.12/site-packages/airflow/example_dags/example_bash_operator.py took 0.107 seconds
[2026-01-05T17:22:05.293+0000] {processor.py:186} INFO - Started process (PID=695) to work on /home/airflow/.local/lib/python3.12/site-packages/airflow/example_dags/example_bash_operator.py
[2026-01-05T17:22:05.296+0000] {processor.py:914} INFO - Processing file /home/airflow/.local/lib/python3.12/site-packages/airflow/example_dags/example_bash_operator.py for tasks to queue
[2026-01-05T17:22:05.300+0000] {logging_mixin.py:190} INFO - [2026-01-05T17:22:05.299+0000] {dagbag.py:587} INFO - Filling up the DagBag from /home/airflow/.local/lib/python3.12/site-packages/airflow/example_dags/example_bash_operator.py
[2026-01-05T17:22:05.316+0000] {processor.py:925} INFO - DAG(s) 'example_bash_operator' retrieved from /home/airflow/.local/lib/python3.12/site-packages/airflow/example_dags/example_bash_operator.py
[2026-01-05T17:22:05.352+0000] {logging_mixin.py:190} INFO - [2026-01-05T17:22:05.351+0000] {dag.py:3211} INFO - Sync 1 DAGs
[2026-01-05T17:22:05.385+0000] {logging_mixin.py:190} INFO - [2026-01-05T17:22:05.385+0000] {dag.py:4138} INFO - Setting next_dagrun for example_bash_operator to 2026-01-04 00:00:00+00:00, run_after=2026-01-05 00:00:00+00:00
[2026-01-05T17:22:05.411+0000] {processor.py:208} INFO - Processing /home/airflow/.local/lib/python3.12/site-packages/airflow/example_dags/example_bash_operator.py took 0.125 seconds
[2026-01-05T17:22:35.845+0000] {processor.py:186} INFO - Started process (PID=761) to work on /home/airflow/.local/lib/python3.12/site-packages/airflow/example_dags/example_bash_operator.py
[2026-01-05T17:22:35.847+0000] {processor.py:914} INFO - Processing file /home/airflow/.local/lib/python3.12/site-packages/airflow/example_dags/example_bash_operator.py for tasks to queue
[2026-01-05T17:22:35.850+0000] {logging_mixin.py:190} INFO - [2026-01-05T17:22:35.850+0000] {dagbag.py:587} INFO - Filling up the DagBag from /home/airflow/.local/lib/python3.12/site-packages/airflow/example_dags/example_bash_operator.py
[2026-01-05T17:22:35.866+0000] {processor.py:925} INFO - DAG(s) 'example_bash_operator' retrieved from /home/airflow/.local/lib/python3.12/site-packages/airflow/example_dags/example_bash_operator.py
[2026-01-05T17:22:35.916+0000] {logging_mixin.py:190} INFO - [2026-01-05T17:22:35.916+0000] {dag.py:3211} INFO - Sync 1 DAGs
[2026-01-05T17:22:35.973+0000] {logging_mixin.py:190} INFO - [2026-01-05T17:22:35.973+0000] {dag.py:4138} INFO - Setting next_dagrun for example_bash_operator to 2026-01-04 00:00:00+00:00, run_after=2026-01-05 00:00:00+00:00
[2026-01-05T17:22:36.012+0000] {processor.py:208} INFO - Processing /home/airflow/.local/lib/python3.12/site-packages/airflow/example_dags/example_bash_operator.py took 0.175 seconds
[2026-01-05T17:23:06.093+0000] {processor.py:186} INFO - Started process (PID=827) to work on /home/airflow/.local/lib/python3.12/site-packages/airflow/example_dags/example_bash_operator.py
[2026-01-05T17:23:06.094+0000] {processor.py:914} INFO - Processing file /home/airflow/.local/lib/python3.12/site-packages/airflow/example_dags/example_bash_operator.py for tasks to queue
[2026-01-05T17:23:06.098+0000] {logging_mixin.py:190} INFO - [2026-01-05T17:23:06.098+0000] {dagbag.py:587} INFO - Filling up the DagBag from /home/airflow/.local/lib/python3.12/site-packages/airflow/example_dags/example_bash_operator.py
[2026-01-05T17:23:06.112+0000] {processor.py:925} INFO - DAG(s) 'example_bash_operator' retrieved from /home/airflow/.local/lib/python3.12/site-packages/airflow/example_dags/example_bash_operator.py
[2026-01-05T17:23:06.143+0000] {logging_mixin.py:190} INFO - [2026-01-05T17:23:06.143+0000] {dag.py:3211} INFO - Sync 1 DAGs
[2026-01-05T17:23:06.170+0000] {logging_mixin.py:190} INFO - [2026-01-05T17:23:06.170+0000] {dag.py:4138} INFO - Setting next_dagrun for example_bash_operator to 2026-01-04 00:00:00+00:00, run_after=2026-01-05 00:00:00+00:00
[2026-01-05T17:23:06.189+0000] {processor.py:208} INFO - Processing /home/airflow/.local/lib/python3.12/site-packages/airflow/example_dags/example_bash_operator.py took 0.104 seconds
[2026-01-05T17:23:36.348+0000] {processor.py:186} INFO - Started process (PID=893) to work on /home/airflow/.local/lib/python3.12/site-packages/airflow/example_dags/example_bash_operator.py
[2026-01-05T17:23:36.349+0000] {processor.py:914} INFO - Processing file /home/airflow/.local/lib/python3.12/site-packages/airflow/example_dags/example_bash_operator.py for tasks to queue
[2026-01-05T17:23:36.352+0000] {logging_mixin.py:190} INFO - [2026-01-05T17:23:36.352+0000] {dagbag.py:587} INFO - Filling up the DagBag from /home/airflow/.local/lib/python3.12/site-packages/airflow/example_dags/example_bash_operator.py
[2026-01-05T17:23:36.364+0000] {processor.py:925} INFO - DAG(s) 'example_bash_operator' retrieved from /home/airflow/.local/lib/python3.12/site-packages/airflow/example_dags/example_bash_operator.py
[2026-01-05T17:23:36.396+0000] {logging_mixin.py:190} INFO - [2026-01-05T17:23:36.396+0000] {dag.py:3211} INFO - Sync 1 DAGs
[2026-01-05T17:23:36.422+0000] {logging_mixin.py:190} INFO - [2026-01-05T17:23:36.422+0000] {dag.py:4138} INFO - Setting next_dagrun for example_bash_operator to 2026-01-04 00:00:00+00:00, run_after=2026-01-05 00:00:00+00:00
[2026-01-05T17:23:36.445+0000] {processor.py:208} INFO - Processing /home/airflow/.local/lib/python3.12/site-packages/airflow/example_dags/example_bash_operator.py took 0.104 seconds
[2026-01-05T17:24:06.660+0000] {processor.py:186} INFO - Started process (PID=959) to work on /home/airflow/.local/lib/python3.12/site-packages/airflow/example_dags/example_bash_operator.py
[2026-01-05T17:24:06.662+0000] {processor.py:914} INFO - Processing file /home/airflow/.local/lib/python3.12/site-packages/airflow/example_dags/example_bash_operator.py for tasks to queue
[2026-01-05T17:24:06.667+0000] {logging_mixin.py:190} INFO - [2026-01-05T17:24:06.667+0000] {dagbag.py:587} INFO - Filling up the DagBag from /home/airflow/.local/lib/python3.12/site-packages/airflow/example_dags/example_bash_operator.py
[2026-01-05T17:24:06.682+0000] {processor.py:925} INFO - DAG(s) 'example_bash_operator' retrieved from /home/airflow/.local/lib/python3.12/site-packages/airflow/example_dags/example_bash_operator.py
[2026-01-05T17:24:06.716+0000] {logging_mixin.py:190} INFO - [2026-01-05T17:24:06.716+0000] {dag.py:3211} INFO - Sync 1 DAGs
[2026-01-05T17:24:06.745+0000] {logging_mixin.py:190} INFO - [2026-01-05T17:24:06.745+0000] {dag.py:4138} INFO - Setting next_dagrun for example_bash_operator to 2026-01-04 00:00:00+00:00, run_after=2026-01-05 00:00:00+00:00
[2026-01-05T17:24:06.781+0000] {processor.py:208} INFO - Processing /home/airflow/.local/lib/python3.12/site-packages/airflow/example_dags/example_bash_operator.py took 0.127 seconds
[2026-01-05T17:24:37.327+0000] {processor.py:186} INFO - Started process (PID=1024) to work on /home/airflow/.local/lib/python3.12/site-packages/airflow/example_dags/example_bash_operator.py
[2026-01-05T17:24:37.329+0000] {processor.py:914} INFO - Processing file /home/airflow/.local/lib/python3.12/site-packages/airflow/example_dags/example_bash_operator.py for tasks to queue
[2026-01-05T17:24:37.332+0000] {logging_mixin.py:190} INFO - [2026-01-05T17:24:37.331+0000] {dagbag.py:587} INFO - Filling up the DagBag from /home/airflow/.local/lib/python3.12/site-packages/airflow/example_dags/example_bash_operator.py
[2026-01-05T17:24:37.347+0000] {processor.py:925} INFO - DAG(s) 'example_bash_operator' retrieved from /home/airflow/.local/lib/python3.12/site-packages/airflow/example_dags/example_bash_operator.py
[2026-01-05T17:24:37.378+0000] {logging_mixin.py:190} INFO - [2026-01-05T17:24:37.378+0000] {dag.py:3211} INFO - Sync 1 DAGs
[2026-01-05T17:24:37.402+0000] {logging_mixin.py:190} INFO - [2026-01-05T17:24:37.401+0000] {dag.py:4138} INFO - Setting next_dagrun for example_bash_operator to 2026-01-04 00:00:00+00:00, run_after=2026-01-05 00:00:00+00:00
[2026-01-05T17:24:37.423+0000] {processor.py:208} INFO - Processing /home/airflow/.local/lib/python3.12/site-packages/airflow/example_dags/example_bash_operator.py took 0.104 seconds
[2026-01-05T17:25:07.733+0000] {processor.py:186} INFO - Started process (PID=1090) to work on /home/airflow/.local/lib/python3.12/site-packages/airflow/example_dags/example_bash_operator.py
[2026-01-05T17:25:07.734+0000] {processor.py:914} INFO - Processing file /home/airflow/.local/lib/python3.12/site-packages/airflow/example_dags/example_bash_operator.py for tasks to queue
[2026-01-05T17:25:07.737+0000] {logging_mixin.py:190} INFO - [2026-01-05T17:25:07.737+0000] {dagbag.py:587} INFO - Filling up the DagBag from /home/airflow/.local/lib/python3.12/site-packages/airflow/example_dags/example_bash_operator.py
[2026-01-05T17:25:07.750+0000] {processor.py:925} INFO - DAG(s) 'example_bash_operator' retrieved from /home/airflow/.local/lib/python3.12/site-packages/airflow/example_dags/example_bash_operator.py
[2026-01-05T17:25:07.783+0000] {logging_mixin.py:190} INFO - [2026-01-05T17:25:07.783+0000] {dag.py:3211} INFO - Sync 1 DAGs
[2026-01-05T17:25:07.811+0000] {logging_mixin.py:190} INFO - [2026-01-05T17:25:07.810+0000] {dag.py:4138} INFO - Setting next_dagrun for example_bash_operator to 2026-01-04 00:00:00+00:00, run_after=2026-01-05 00:00:00+00:00
[2026-01-05T17:25:07.832+0000] {processor.py:208} INFO - Processing /home/airflow/.local/lib/python3.12/site-packages/airflow/example_dags/example_bash_operator.py took 0.106 seconds
[2026-01-05T17:25:38.351+0000] {processor.py:186} INFO - Started process (PID=1156) to work on /home/airflow/.local/lib/python3.12/site-packages/airflow/example_dags/example_bash_operator.py
[2026-01-05T17:25:38.353+0000] {processor.py:914} INFO - Processing file /home/airflow/.local/lib/python3.12/site-packages/airflow/example_dags/example_bash_operator.py for tasks to queue
[2026-01-05T17:25:38.356+0000] {logging_mixin.py:190} INFO - [2026-01-05T17:25:38.355+0000] {dagbag.py:587} INFO - Filling up the DagBag from /home/airflow/.local/lib/python3.12/site-packages/airflow/example_dags/example_bash_operator.py
[2026-01-05T17:25:38.367+0000] {processor.py:925} INFO - DAG(s) 'example_bash_operator' retrieved from /home/airflow/.local/lib/python3.12/site-packages/airflow/example_dags/example_bash_operator.py
[2026-01-05T17:25:38.400+0000] {logging_mixin.py:190} INFO - [2026-01-05T17:25:38.400+0000] {dag.py:3211} INFO - Sync 1 DAGs
[2026-01-05T17:25:38.430+0000] {logging_mixin.py:190} INFO - [2026-01-05T17:25:38.430+0000] {dag.py:4138} INFO - Setting next_dagrun for example_bash_operator to 2026-01-04 00:00:00+00:00, run_after=2026-01-05 00:00:00+00:00
[2026-01-05T17:25:38.453+0000] {processor.py:208} INFO - Processing /home/airflow/.local/lib/python3.12/site-packages/airflow/example_dags/example_bash_operator.py took 0.109 seconds
[2026-01-05T17:26:08.909+0000] {processor.py:186} INFO - Started process (PID=1222) to work on /home/airflow/.local/lib/python3.12/site-packages/airflow/example_dags/example_bash_operator.py
[2026-01-05T17:26:08.911+0000] {processor.py:914} INFO - Processing file /home/airflow/.local/lib/python3.12/site-packages/airflow/example_dags/example_bash_operator.py for tasks to queue
[2026-01-05T17:26:08.914+0000] {logging_mixin.py:190} INFO - [2026-01-05T17:26:08.914+0000] {dagbag.py:587} INFO - Filling up the DagBag from /home/airflow/.local/lib/python3.12/site-packages/airflow/example_dags/example_bash_operator.py
[2026-01-05T17:26:08.925+0000] {processor.py:925} INFO - DAG(s) 'example_bash_operator' retrieved from /home/airflow/.local/lib/python3.12/site-packages/airflow/example_dags/example_bash_operator.py
[2026-01-05T17:26:08.954+0000] {logging_mixin.py:190} INFO - [2026-01-05T17:26:08.954+0000] {dag.py:3211} INFO - Sync 1 DAGs
[2026-01-05T17:26:08.982+0000] {logging_mixin.py:190} INFO - [2026-01-05T17:26:08.982+0000] {dag.py:4138} INFO - Setting next_dagrun for example_bash_operator to 2026-01-04 00:00:00+00:00, run_after=2026-01-05 00:00:00+00:00
[2026-01-05T17:26:09.008+0000] {processor.py:208} INFO - Processing /home/airflow/.local/lib/python3.12/site-packages/airflow/example_dags/example_bash_operator.py took 0.104 seconds
[2026-01-05T17:26:39.336+0000] {processor.py:186} INFO - Started process (PID=1288) to work on /home/airflow/.local/lib/python3.12/site-packages/airflow/example_dags/example_bash_operator.py
[2026-01-05T17:26:39.338+0000] {processor.py:914} INFO - Processing file /home/airflow/.local/lib/python3.12/site-packages/airflow/example_dags/example_bash_operator.py for tasks to queue
[2026-01-05T17:26:39.343+0000] {logging_mixin.py:190} INFO - [2026-01-05T17:26:39.342+0000] {dagbag.py:587} INFO - Filling up the DagBag from /home/airflow/.local/lib/python3.12/site-packages/airflow/example_dags/example_bash_operator.py
[2026-01-05T17:26:39.356+0000] {processor.py:925} INFO - DAG(s) 'example_bash_operator' retrieved from /home/airflow/.local/lib/python3.12/site-packages/airflow/example_dags/example_bash_operator.py
[2026-01-05T17:26:39.387+0000] {logging_mixin.py:190} INFO - [2026-01-05T17:26:39.387+0000] {dag.py:3211} INFO - Sync 1 DAGs
[2026-01-05T17:26:39.410+0000] {logging_mixin.py:190} INFO - [2026-01-05T17:26:39.410+0000] {dag.py:4138} INFO - Setting next_dagrun for example_bash_operator to 2026-01-04 00:00:00+00:00, run_after=2026-01-05 00:00:00+00:00
[2026-01-05T17:26:39.428+0000] {processor.py:208} INFO - Processing /home/airflow/.local/lib/python3.12/site-packages/airflow/example_dags/example_bash_operator.py took 0.097 seconds
[2026-01-05T17:27:10.111+0000] {processor.py:186} INFO - Started process (PID=1354) to work on /home/airflow/.local/lib/python3.12/site-packages/airflow/example_dags/example_bash_operator.py
[2026-01-05T17:27:10.112+0000] {processor.py:914} INFO - Processing file /home/airflow/.local/lib/python3.12/site-packages/airflow/example_dags/example_bash_operator.py for tasks to queue
[2026-01-05T17:27:10.117+0000] {logging_mixin.py:190} INFO - [2026-01-05T17:27:10.116+0000] {dagbag.py:587} INFO - Filling up the DagBag from /home/airflow/.local/lib/python3.12/site-packages/airflow/example_dags/example_bash_operator.py
[2026-01-05T17:27:10.133+0000] {processor.py:925} INFO - DAG(s) 'example_bash_operator' retrieved from /home/airflow/.local/lib/python3.12/site-packages/airflow/example_dags/example_bash_operator.py
[2026-01-05T17:27:10.170+0000] {logging_mixin.py:190} INFO - [2026-01-05T17:27:10.169+0000] {dag.py:3211} INFO - Sync 1 DAGs
[2026-01-05T17:27:10.198+0000] {logging_mixin.py:190} INFO - [2026-01-05T17:27:10.198+0000] {dag.py:4138} INFO - Setting next_dagrun for example_bash_operator to 2026-01-04 00:00:00+00:00, run_after=2026-01-05 00:00:00+00:00
[2026-01-05T17:27:10.224+0000] {processor.py:208} INFO - Processing /home/airflow/.local/lib/python3.12/site-packages/airflow/example_dags/example_bash_operator.py took 0.121 seconds
[2026-01-05T17:27:40.290+0000] {processor.py:186} INFO - Started process (PID=1420) to work on /home/airflow/.local/lib/python3.12/site-packages/airflow/example_dags/example_bash_operator.py
[2026-01-05T17:27:40.291+0000] {processor.py:914} INFO - Processing file /home/airflow/.local/lib/python3.12/site-packages/airflow/example_dags/example_bash_operator.py for tasks to queue
[2026-01-05T17:27:40.295+0000] {logging_mixin.py:190} INFO - [2026-01-05T17:27:40.294+0000] {dagbag.py:587} INFO - Filling up the DagBag from /home/airflow/.local/lib/python3.12/site-packages/airflow/example_dags/example_bash_operator.py
[2026-01-05T17:27:40.311+0000] {processor.py:925} INFO - DAG(s) 'example_bash_operator' retrieved from /home/airflow/.local/lib/python3.12/site-packages/airflow/example_dags/example_bash_operator.py
[2026-01-05T17:27:40.346+0000] {logging_mixin.py:190} INFO - [2026-01-05T17:27:40.346+0000] {dag.py:3211} INFO - Sync 1 DAGs
[2026-01-05T17:27:40.378+0000] {logging_mixin.py:190} INFO - [2026-01-05T17:27:40.378+0000] {dag.py:4138} INFO - Setting next_dagrun for example_bash_operator to 2026-01-04 00:00:00+00:00, run_after=2026-01-05 00:00:00+00:00
[2026-01-05T17:27:40.404+0000] {processor.py:208} INFO - Processing /home/airflow/.local/lib/python3.12/site-packages/airflow/example_dags/example_bash_operator.py took 0.120 seconds
[2026-01-05T17:28:10.632+0000] {processor.py:186} INFO - Started process (PID=1486) to work on /home/airflow/.local/lib/python3.12/site-packages/airflow/example_dags/example_bash_operator.py
[2026-01-05T17:28:10.634+0000] {processor.py:914} INFO - Processing file /home/airflow/.local/lib/python3.12/site-packages/airflow/example_dags/example_bash_operator.py for tasks to queue
[2026-01-05T17:28:10.637+0000] {logging_mixin.py:190} INFO - [2026-01-05T17:28:10.637+0000] {dagbag.py:587} INFO - Filling up the DagBag from /home/airflow/.local/lib/python3.12/site-packages/airflow/example_dags/example_bash_operator.py
[2026-01-05T17:28:10.649+0000] {processor.py:925} INFO - DAG(s) 'example_bash_operator' retrieved from /home/airflow/.local/lib/python3.12/site-packages/airflow/example_dags/example_bash_operator.py
[2026-01-05T17:28:10.682+0000] {logging_mixin.py:190} INFO - [2026-01-05T17:28:10.682+0000] {dag.py:3211} INFO - Sync 1 DAGs
[2026-01-05T17:28:10.712+0000] {logging_mixin.py:190} INFO - [2026-01-05T17:28:10.711+0000] {dag.py:4138} INFO - Setting next_dagrun for example_bash_operator to 2026-01-04 00:00:00+00:00, run_after=2026-01-05 00:00:00+00:00
[2026-01-05T17:28:10.730+0000] {processor.py:208} INFO - Processing /home/airflow/.local/lib/python3.12/site-packages/airflow/example_dags/example_bash_operator.py took 0.107 seconds
[2026-01-05T17:28:41.678+0000] {processor.py:186} INFO - Started process (PID=1552) to work on /home/airflow/.local/lib/python3.12/site-packages/airflow/example_dags/example_bash_operator.py
[2026-01-05T17:28:41.679+0000] {processor.py:914} INFO - Processing file /home/airflow/.local/lib/python3.12/site-packages/airflow/example_dags/example_bash_operator.py for tasks to queue
[2026-01-05T17:28:41.683+0000] {logging_mixin.py:190} INFO - [2026-01-05T17:28:41.682+0000] {dagbag.py:587} INFO - Filling up the DagBag from /home/airflow/.local/lib/python3.12/site-packages/airflow/example_dags/example_bash_operator.py
[2026-01-05T17:28:41.694+0000] {processor.py:925} INFO - DAG(s) 'example_bash_operator' retrieved from /home/airflow/.local/lib/python3.12/site-packages/airflow/example_dags/example_bash_operator.py
[2026-01-05T17:28:41.728+0000] {logging_mixin.py:190} INFO - [2026-01-05T17:28:41.727+0000] {dag.py:3211} INFO - Sync 1 DAGs
[2026-01-05T17:28:41.755+0000] {logging_mixin.py:190} INFO - [2026-01-05T17:28:41.755+0000] {dag.py:4138} INFO - Setting next_dagrun for example_bash_operator to 2026-01-04 00:00:00+00:00, run_after=2026-01-05 00:00:00+00:00
[2026-01-05T17:28:41.775+0000] {processor.py:208} INFO - Processing /home/airflow/.local/lib/python3.12/site-packages/airflow/example_dags/example_bash_operator.py took 0.106 seconds
[2026-01-05T17:29:12.361+0000] {processor.py:186} INFO - Started process (PID=1618) to work on /home/airflow/.local/lib/python3.12/site-packages/airflow/example_dags/example_bash_operator.py
[2026-01-05T17:29:12.362+0000] {processor.py:914} INFO - Processing file /home/airflow/.local/lib/python3.12/site-packages/airflow/example_dags/example_bash_operator.py for tasks to queue
[2026-01-05T17:29:12.366+0000] {logging_mixin.py:190} INFO - [2026-01-05T17:29:12.365+0000] {dagbag.py:587} INFO - Filling up the DagBag from /home/airflow/.local/lib/python3.12/site-packages/airflow/example_dags/example_bash_operator.py
[2026-01-05T17:29:12.383+0000] {processor.py:925} INFO - DAG(s) 'example_bash_operator' retrieved from /home/airflow/.local/lib/python3.12/site-packages/airflow/example_dags/example_bash_operator.py
[2026-01-05T17:29:12.413+0000] {logging_mixin.py:190} INFO - [2026-01-05T17:29:12.413+0000] {dag.py:3211} INFO - Sync 1 DAGs
[2026-01-05T17:29:12.440+0000] {logging_mixin.py:190} INFO - [2026-01-05T17:29:12.440+0000] {dag.py:4138} INFO - Setting next_dagrun for example_bash_operator to 2026-01-04 00:00:00+00:00, run_after=2026-01-05 00:00:00+00:00
[2026-01-05T17:29:12.467+0000] {processor.py:208} INFO - Processing /home/airflow/.local/lib/python3.12/site-packages/airflow/example_dags/example_bash_operator.py took 0.114 seconds
[2026-01-05T17:29:43.069+0000] {processor.py:186} INFO - Started process (PID=1684) to work on /home/airflow/.local/lib/python3.12/site-packages/airflow/example_dags/example_bash_operator.py
[2026-01-05T17:29:43.070+0000] {processor.py:914} INFO - Processing file /home/airflow/.local/lib/python3.12/site-packages/airflow/example_dags/example_bash_operator.py for tasks to queue
[2026-01-05T17:29:43.074+0000] {logging_mixin.py:190} INFO - [2026-01-05T17:29:43.073+0000] {dagbag.py:587} INFO - Filling up the DagBag from /home/airflow/.local/lib/python3.12/site-packages/airflow/example_dags/example_bash_operator.py
[2026-01-05T17:29:43.092+0000] {processor.py:925} INFO - DAG(s) 'example_bash_operator' retrieved from /home/airflow/.local/lib/python3.12/site-packages/airflow/example_dags/example_bash_operator.py
[2026-01-05T17:29:43.126+0000] {logging_mixin.py:190} INFO - [2026-01-05T17:29:43.126+0000] {dag.py:3211} INFO - Sync 1 DAGs
[2026-01-05T17:29:43.156+0000] {logging_mixin.py:190} INFO - [2026-01-05T17:29:43.156+0000] {dag.py:4138} INFO - Setting next_dagrun for example_bash_operator to 2026-01-04 00:00:00+00:00, run_after=2026-01-05 00:00:00+00:00
[2026-01-05T17:29:43.178+0000] {processor.py:208} INFO - Processing /home/airflow/.local/lib/python3.12/site-packages/airflow/example_dags/example_bash_operator.py took 0.119 seconds
[2026-01-05T17:30:13.623+0000] {processor.py:186} INFO - Started process (PID=1750) to work on /home/airflow/.local/lib/python3.12/site-packages/airflow/example_dags/example_bash_operator.py
[2026-01-05T17:30:13.625+0000] {processor.py:914} INFO - Processing file /home/airflow/.local/lib/python3.12/site-packages/airflow/example_dags/example_bash_operator.py for tasks to queue
[2026-01-05T17:30:13.629+0000] {logging_mixin.py:190} INFO - [2026-01-05T17:30:13.628+0000] {dagbag.py:587} INFO - Filling up the DagBag from /home/airflow/.local/lib/python3.12/site-packages/airflow/example_dags/example_bash_operator.py
[2026-01-05T17:30:13.645+0000] {processor.py:925} INFO - DAG(s) 'example_bash_operator' retrieved from /home/airflow/.local/lib/python3.12/site-packages/airflow/example_dags/example_bash_operator.py
[2026-01-05T17:30:13.675+0000] {logging_mixin.py:190} INFO - [2026-01-05T17:30:13.675+0000] {dag.py:3211} INFO - Sync 1 DAGs
[2026-01-05T17:30:13.704+0000] {logging_mixin.py:190} INFO - [2026-01-05T17:30:13.704+0000] {dag.py:4138} INFO - Setting next_dagrun for example_bash_operator to 2026-01-04 00:00:00+00:00, run_after=2026-01-05 00:00:00+00:00
[2026-01-05T17:30:13.723+0000] {processor.py:208} INFO - Processing /home/airflow/.local/lib/python3.12/site-packages/airflow/example_dags/example_bash_operator.py took 0.108 seconds
[2026-01-05T17:30:44.643+0000] {processor.py:186} INFO - Started process (PID=1817) to work on /home/airflow/.local/lib/python3.12/site-packages/airflow/example_dags/example_bash_operator.py
[2026-01-05T17:30:44.645+0000] {processor.py:914} INFO - Processing file /home/airflow/.local/lib/python3.12/site-packages/airflow/example_dags/example_bash_operator.py for tasks to queue
[2026-01-05T17:30:44.648+0000] {logging_mixin.py:190} INFO - [2026-01-05T17:30:44.648+0000] {dagbag.py:587} INFO - Filling up the DagBag from /home/airflow/.local/lib/python3.12/site-packages/airflow/example_dags/example_bash_operator.py
[2026-01-05T17:30:44.660+0000] {processor.py:925} INFO - DAG(s) 'example_bash_operator' retrieved from /home/airflow/.local/lib/python3.12/site-packages/airflow/example_dags/example_bash_operator.py
[2026-01-05T17:30:44.684+0000] {logging_mixin.py:190} INFO - [2026-01-05T17:30:44.684+0000] {dag.py:3211} INFO - Sync 1 DAGs
[2026-01-05T17:30:44.708+0000] {logging_mixin.py:190} INFO - [2026-01-05T17:30:44.708+0000] {dag.py:4138} INFO - Setting next_dagrun for example_bash_operator to 2026-01-04 00:00:00+00:00, run_after=2026-01-05 00:00:00+00:00
[2026-01-05T17:30:44.730+0000] {processor.py:208} INFO - Processing /home/airflow/.local/lib/python3.12/site-packages/airflow/example_dags/example_bash_operator.py took 0.094 seconds
[2026-01-05T17:31:15.378+0000] {processor.py:186} INFO - Started process (PID=1883) to work on /home/airflow/.local/lib/python3.12/site-packages/airflow/example_dags/example_bash_operator.py
[2026-01-05T17:31:15.380+0000] {processor.py:914} INFO - Processing file /home/airflow/.local/lib/python3.12/site-packages/airflow/example_dags/example_bash_operator.py for tasks to queue
[2026-01-05T17:31:15.384+0000] {logging_mixin.py:190} INFO - [2026-01-05T17:31:15.384+0000] {dagbag.py:587} INFO - Filling up the DagBag from /home/airflow/.local/lib/python3.12/site-packages/airflow/example_dags/example_bash_operator.py
[2026-01-05T17:31:15.407+0000] {processor.py:925} INFO - DAG(s) 'example_bash_operator' retrieved from /home/airflow/.local/lib/python3.12/site-packages/airflow/example_dags/example_bash_operator.py
[2026-01-05T17:31:15.442+0000] {logging_mixin.py:190} INFO - [2026-01-05T17:31:15.441+0000] {dag.py:3211} INFO - Sync 1 DAGs
[2026-01-05T17:31:15.468+0000] {logging_mixin.py:190} INFO - [2026-01-05T17:31:15.467+0000] {dag.py:4138} INFO - Setting next_dagrun for example_bash_operator to 2026-01-04 00:00:00+00:00, run_after=2026-01-05 00:00:00+00:00
[2026-01-05T17:31:15.488+0000] {processor.py:208} INFO - Processing /home/airflow/.local/lib/python3.12/site-packages/airflow/example_dags/example_bash_operator.py took 0.118 seconds
[2026-01-05T17:31:46.014+0000] {processor.py:186} INFO - Started process (PID=1949) to work on /home/airflow/.local/lib/python3.12/site-packages/airflow/example_dags/example_bash_operator.py
[2026-01-05T17:31:46.016+0000] {processor.py:914} INFO - Processing file /home/airflow/.local/lib/python3.12/site-packages/airflow/example_dags/example_bash_operator.py for tasks to queue
[2026-01-05T17:31:46.019+0000] {logging_mixin.py:190} INFO - [2026-01-05T17:31:46.019+0000] {dagbag.py:587} INFO - Filling up the DagBag from /home/airflow/.local/lib/python3.12/site-packages/airflow/example_dags/example_bash_operator.py
[2026-01-05T17:31:46.035+0000] {processor.py:925} INFO - DAG(s) 'example_bash_operator' retrieved from /home/airflow/.local/lib/python3.12/site-packages/airflow/example_dags/example_bash_operator.py
[2026-01-05T17:31:46.079+0000] {logging_mixin.py:190} INFO - [2026-01-05T17:31:46.079+0000] {dag.py:3211} INFO - Sync 1 DAGs
[2026-01-05T17:31:46.119+0000] {logging_mixin.py:190} INFO - [2026-01-05T17:31:46.119+0000] {dag.py:4138} INFO - Setting next_dagrun for example_bash_operator to 2026-01-04 00:00:00+00:00, run_after=2026-01-05 00:00:00+00:00
[2026-01-05T17:31:46.145+0000] {processor.py:208} INFO - Processing /home/airflow/.local/lib/python3.12/site-packages/airflow/example_dags/example_bash_operator.py took 0.139 seconds
[2026-01-05T17:32:16.711+0000] {processor.py:186} INFO - Started process (PID=2015) to work on /home/airflow/.local/lib/python3.12/site-packages/airflow/example_dags/example_bash_operator.py
[2026-01-05T17:32:16.713+0000] {processor.py:914} INFO - Processing file /home/airflow/.local/lib/python3.12/site-packages/airflow/example_dags/example_bash_operator.py for tasks to queue
[2026-01-05T17:32:16.718+0000] {logging_mixin.py:190} INFO - [2026-01-05T17:32:16.717+0000] {dagbag.py:587} INFO - Filling up the DagBag from /home/airflow/.local/lib/python3.12/site-packages/airflow/example_dags/example_bash_operator.py
[2026-01-05T17:32:16.732+0000] {processor.py:925} INFO - DAG(s) 'example_bash_operator' retrieved from /home/airflow/.local/lib/python3.12/site-packages/airflow/example_dags/example_bash_operator.py
[2026-01-05T17:32:16.764+0000] {logging_mixin.py:190} INFO - [2026-01-05T17:32:16.763+0000] {dag.py:3211} INFO - Sync 1 DAGs
[2026-01-05T17:32:16.792+0000] {logging_mixin.py:190} INFO - [2026-01-05T17:32:16.791+0000] {dag.py:4138} INFO - Setting next_dagrun for example_bash_operator to 2026-01-04 00:00:00+00:00, run_after=2026-01-05 00:00:00+00:00
[2026-01-05T17:32:16.818+0000] {processor.py:208} INFO - Processing /home/airflow/.local/lib/python3.12/site-packages/airflow/example_dags/example_bash_operator.py took 0.113 seconds
[2026-01-05T17:32:48.254+0000] {processor.py:186} INFO - Started process (PID=2081) to work on /home/airflow/.local/lib/python3.12/site-packages/airflow/example_dags/example_bash_operator.py
[2026-01-05T17:32:48.257+0000] {processor.py:914} INFO - Processing file /home/airflow/.local/lib/python3.12/site-packages/airflow/example_dags/example_bash_operator.py for tasks to queue
[2026-01-05T17:32:48.260+0000] {logging_mixin.py:190} INFO - [2026-01-05T17:32:48.260+0000] {dagbag.py:587} INFO - Filling up the DagBag from /home/airflow/.local/lib/python3.12/site-packages/airflow/example_dags/example_bash_operator.py
[2026-01-05T17:32:48.272+0000] {processor.py:925} INFO - DAG(s) 'example_bash_operator' retrieved from /home/airflow/.local/lib/python3.12/site-packages/airflow/example_dags/example_bash_operator.py
[2026-01-05T17:32:48.309+0000] {logging_mixin.py:190} INFO - [2026-01-05T17:32:48.309+0000] {dag.py:3211} INFO - Sync 1 DAGs
[2026-01-05T17:32:48.502+0000] {logging_mixin.py:190} INFO - [2026-01-05T17:32:48.501+0000] {dag.py:4138} INFO - Setting next_dagrun for example_bash_operator to 2026-01-04 00:00:00+00:00, run_after=2026-01-05 00:00:00+00:00
[2026-01-05T17:32:48.521+0000] {processor.py:208} INFO - Processing /home/airflow/.local/lib/python3.12/site-packages/airflow/example_dags/example_bash_operator.py took 0.273 seconds
[2026-01-05T17:33:19.935+0000] {processor.py:186} INFO - Started process (PID=2147) to work on /home/airflow/.local/lib/python3.12/site-packages/airflow/example_dags/example_bash_operator.py
[2026-01-05T17:33:19.937+0000] {processor.py:914} INFO - Processing file /home/airflow/.local/lib/python3.12/site-packages/airflow/example_dags/example_bash_operator.py for tasks to queue
[2026-01-05T17:33:19.951+0000] {logging_mixin.py:190} INFO - [2026-01-05T17:33:19.950+0000] {dagbag.py:587} INFO - Filling up the DagBag from /home/airflow/.local/lib/python3.12/site-packages/airflow/example_dags/example_bash_operator.py
[2026-01-05T17:33:19.971+0000] {processor.py:925} INFO - DAG(s) 'example_bash_operator' retrieved from /home/airflow/.local/lib/python3.12/site-packages/airflow/example_dags/example_bash_operator.py
[2026-01-05T17:33:20.002+0000] {logging_mixin.py:190} INFO - [2026-01-05T17:33:20.001+0000] {dag.py:3211} INFO - Sync 1 DAGs
[2026-01-05T17:33:20.270+0000] {logging_mixin.py:190} INFO - [2026-01-05T17:33:20.270+0000] {dag.py:4138} INFO - Setting next_dagrun for example_bash_operator to 2026-01-04 00:00:00+00:00, run_after=2026-01-05 00:00:00+00:00
[2026-01-05T17:33:20.301+0000] {processor.py:208} INFO - Processing /home/airflow/.local/lib/python3.12/site-packages/airflow/example_dags/example_bash_operator.py took 0.384 seconds
[2026-01-05T17:33:50.552+0000] {processor.py:186} INFO - Started process (PID=2213) to work on /home/airflow/.local/lib/python3.12/site-packages/airflow/example_dags/example_bash_operator.py
[2026-01-05T17:33:50.553+0000] {processor.py:914} INFO - Processing file /home/airflow/.local/lib/python3.12/site-packages/airflow/example_dags/example_bash_operator.py for tasks to queue
[2026-01-05T17:33:50.557+0000] {logging_mixin.py:190} INFO - [2026-01-05T17:33:50.556+0000] {dagbag.py:587} INFO - Filling up the DagBag from /home/airflow/.local/lib/python3.12/site-packages/airflow/example_dags/example_bash_operator.py
[2026-01-05T17:33:50.569+0000] {processor.py:925} INFO - DAG(s) 'example_bash_operator' retrieved from /home/airflow/.local/lib/python3.12/site-packages/airflow/example_dags/example_bash_operator.py
[2026-01-05T17:33:50.603+0000] {logging_mixin.py:190} INFO - [2026-01-05T17:33:50.603+0000] {dag.py:3211} INFO - Sync 1 DAGs
[2026-01-05T17:33:50.846+0000] {logging_mixin.py:190} INFO - [2026-01-05T17:33:50.845+0000] {dag.py:4138} INFO - Setting next_dagrun for example_bash_operator to 2026-01-04 00:00:00+00:00, run_after=2026-01-05 00:00:00+00:00
[2026-01-05T17:33:50.868+0000] {processor.py:208} INFO - Processing /home/airflow/.local/lib/python3.12/site-packages/airflow/example_dags/example_bash_operator.py took 0.323 seconds
[2026-01-05T17:34:21.765+0000] {processor.py:186} INFO - Started process (PID=2279) to work on /home/airflow/.local/lib/python3.12/site-packages/airflow/example_dags/example_bash_operator.py
[2026-01-05T17:34:21.767+0000] {processor.py:914} INFO - Processing file /home/airflow/.local/lib/python3.12/site-packages/airflow/example_dags/example_bash_operator.py for tasks to queue
[2026-01-05T17:34:21.770+0000] {logging_mixin.py:190} INFO - [2026-01-05T17:34:21.770+0000] {dagbag.py:587} INFO - Filling up the DagBag from /home/airflow/.local/lib/python3.12/site-packages/airflow/example_dags/example_bash_operator.py
[2026-01-05T17:34:21.783+0000] {processor.py:925} INFO - DAG(s) 'example_bash_operator' retrieved from /home/airflow/.local/lib/python3.12/site-packages/airflow/example_dags/example_bash_operator.py
[2026-01-05T17:34:21.821+0000] {logging_mixin.py:190} INFO - [2026-01-05T17:34:21.821+0000] {dag.py:3211} INFO - Sync 1 DAGs
[2026-01-05T17:34:21.848+0000] {logging_mixin.py:190} INFO - [2026-01-05T17:34:21.848+0000] {dag.py:4138} INFO - Setting next_dagrun for example_bash_operator to 2026-01-04 00:00:00+00:00, run_after=2026-01-05 00:00:00+00:00
[2026-01-05T17:34:21.869+0000] {processor.py:208} INFO - Processing /home/airflow/.local/lib/python3.12/site-packages/airflow/example_dags/example_bash_operator.py took 0.112 seconds
[2026-01-05T17:34:52.184+0000] {processor.py:186} INFO - Started process (PID=2345) to work on /home/airflow/.local/lib/python3.12/site-packages/airflow/example_dags/example_bash_operator.py
[2026-01-05T17:34:52.186+0000] {processor.py:914} INFO - Processing file /home/airflow/.local/lib/python3.12/site-packages/airflow/example_dags/example_bash_operator.py for tasks to queue
[2026-01-05T17:34:52.189+0000] {logging_mixin.py:190} INFO - [2026-01-05T17:34:52.189+0000] {dagbag.py:587} INFO - Filling up the DagBag from /home/airflow/.local/lib/python3.12/site-packages/airflow/example_dags/example_bash_operator.py
[2026-01-05T17:34:52.199+0000] {processor.py:925} INFO - DAG(s) 'example_bash_operator' retrieved from /home/airflow/.local/lib/python3.12/site-packages/airflow/example_dags/example_bash_operator.py
[2026-01-05T17:34:52.237+0000] {logging_mixin.py:190} INFO - [2026-01-05T17:34:52.236+0000] {dag.py:3211} INFO - Sync 1 DAGs
[2026-01-05T17:34:52.268+0000] {logging_mixin.py:190} INFO - [2026-01-05T17:34:52.267+0000] {dag.py:4138} INFO - Setting next_dagrun for example_bash_operator to 2026-01-04 00:00:00+00:00, run_after=2026-01-05 00:00:00+00:00
[2026-01-05T17:34:52.292+0000] {processor.py:208} INFO - Processing /home/airflow/.local/lib/python3.12/site-packages/airflow/example_dags/example_bash_operator.py took 0.113 seconds
[2026-01-05T17:35:22.788+0000] {processor.py:186} INFO - Started process (PID=2411) to work on /home/airflow/.local/lib/python3.12/site-packages/airflow/example_dags/example_bash_operator.py
[2026-01-05T17:35:22.790+0000] {processor.py:914} INFO - Processing file /home/airflow/.local/lib/python3.12/site-packages/airflow/example_dags/example_bash_operator.py for tasks to queue
[2026-01-05T17:35:22.793+0000] {logging_mixin.py:190} INFO - [2026-01-05T17:35:22.793+0000] {dagbag.py:587} INFO - Filling up the DagBag from /home/airflow/.local/lib/python3.12/site-packages/airflow/example_dags/example_bash_operator.py
[2026-01-05T17:35:22.808+0000] {processor.py:925} INFO - DAG(s) 'example_bash_operator' retrieved from /home/airflow/.local/lib/python3.12/site-packages/airflow/example_dags/example_bash_operator.py
[2026-01-05T17:35:22.845+0000] {logging_mixin.py:190} INFO - [2026-01-05T17:35:22.845+0000] {dag.py:3211} INFO - Sync 1 DAGs
[2026-01-05T17:35:22.880+0000] {logging_mixin.py:190} INFO - [2026-01-05T17:35:22.880+0000] {dag.py:4138} INFO - Setting next_dagrun for example_bash_operator to 2026-01-04 00:00:00+00:00, run_after=2026-01-05 00:00:00+00:00
[2026-01-05T17:35:22.909+0000] {processor.py:208} INFO - Processing /home/airflow/.local/lib/python3.12/site-packages/airflow/example_dags/example_bash_operator.py took 0.129 seconds
[2026-01-05T17:35:53.522+0000] {processor.py:186} INFO - Started process (PID=2478) to work on /home/airflow/.local/lib/python3.12/site-packages/airflow/example_dags/example_bash_operator.py
[2026-01-05T17:35:53.524+0000] {processor.py:914} INFO - Processing file /home/airflow/.local/lib/python3.12/site-packages/airflow/example_dags/example_bash_operator.py for tasks to queue
[2026-01-05T17:35:53.528+0000] {logging_mixin.py:190} INFO - [2026-01-05T17:35:53.527+0000] {dagbag.py:587} INFO - Filling up the DagBag from /home/airflow/.local/lib/python3.12/site-packages/airflow/example_dags/example_bash_operator.py
[2026-01-05T17:35:53.541+0000] {processor.py:925} INFO - DAG(s) 'example_bash_operator' retrieved from /home/airflow/.local/lib/python3.12/site-packages/airflow/example_dags/example_bash_operator.py
[2026-01-05T17:35:53.576+0000] {logging_mixin.py:190} INFO - [2026-01-05T17:35:53.576+0000] {dag.py:3211} INFO - Sync 1 DAGs
[2026-01-05T17:35:53.616+0000] {logging_mixin.py:190} INFO - [2026-01-05T17:35:53.615+0000] {dag.py:4138} INFO - Setting next_dagrun for example_bash_operator to 2026-01-04 00:00:00+00:00, run_after=2026-01-05 00:00:00+00:00
[2026-01-05T17:35:53.646+0000] {processor.py:208} INFO - Processing /home/airflow/.local/lib/python3.12/site-packages/airflow/example_dags/example_bash_operator.py took 0.135 seconds
[2026-01-05T17:36:24.399+0000] {processor.py:186} INFO - Started process (PID=2544) to work on /home/airflow/.local/lib/python3.12/site-packages/airflow/example_dags/example_bash_operator.py
[2026-01-05T17:36:24.402+0000] {processor.py:914} INFO - Processing file /home/airflow/.local/lib/python3.12/site-packages/airflow/example_dags/example_bash_operator.py for tasks to queue
[2026-01-05T17:36:24.405+0000] {logging_mixin.py:190} INFO - [2026-01-05T17:36:24.405+0000] {dagbag.py:587} INFO - Filling up the DagBag from /home/airflow/.local/lib/python3.12/site-packages/airflow/example_dags/example_bash_operator.py
[2026-01-05T17:36:24.416+0000] {processor.py:925} INFO - DAG(s) 'example_bash_operator' retrieved from /home/airflow/.local/lib/python3.12/site-packages/airflow/example_dags/example_bash_operator.py
[2026-01-05T17:36:24.452+0000] {logging_mixin.py:190} INFO - [2026-01-05T17:36:24.451+0000] {dag.py:3211} INFO - Sync 1 DAGs
[2026-01-05T17:36:24.477+0000] {logging_mixin.py:190} INFO - [2026-01-05T17:36:24.477+0000] {dag.py:4138} INFO - Setting next_dagrun for example_bash_operator to 2026-01-04 00:00:00+00:00, run_after=2026-01-05 00:00:00+00:00
[2026-01-05T17:36:24.498+0000] {processor.py:208} INFO - Processing /home/airflow/.local/lib/python3.12/site-packages/airflow/example_dags/example_bash_operator.py took 0.108 seconds
[2026-01-05T17:36:54.897+0000] {processor.py:186} INFO - Started process (PID=2610) to work on /home/airflow/.local/lib/python3.12/site-packages/airflow/example_dags/example_bash_operator.py
[2026-01-05T17:36:54.899+0000] {processor.py:914} INFO - Processing file /home/airflow/.local/lib/python3.12/site-packages/airflow/example_dags/example_bash_operator.py for tasks to queue
[2026-01-05T17:36:54.906+0000] {logging_mixin.py:190} INFO - [2026-01-05T17:36:54.905+0000] {dagbag.py:587} INFO - Filling up the DagBag from /home/airflow/.local/lib/python3.12/site-packages/airflow/example_dags/example_bash_operator.py
[2026-01-05T17:36:54.928+0000] {processor.py:925} INFO - DAG(s) 'example_bash_operator' retrieved from /home/airflow/.local/lib/python3.12/site-packages/airflow/example_dags/example_bash_operator.py
[2026-01-05T17:36:54.969+0000] {logging_mixin.py:190} INFO - [2026-01-05T17:36:54.969+0000] {dag.py:3211} INFO - Sync 1 DAGs
[2026-01-05T17:36:54.994+0000] {logging_mixin.py:190} INFO - [2026-01-05T17:36:54.994+0000] {dag.py:4138} INFO - Setting next_dagrun for example_bash_operator to 2026-01-04 00:00:00+00:00, run_after=2026-01-05 00:00:00+00:00
[2026-01-05T17:36:55.020+0000] {processor.py:208} INFO - Processing /home/airflow/.local/lib/python3.12/site-packages/airflow/example_dags/example_bash_operator.py took 0.133 seconds
[2026-01-05T17:37:25.370+0000] {processor.py:186} INFO - Started process (PID=2677) to work on /home/airflow/.local/lib/python3.12/site-packages/airflow/example_dags/example_bash_operator.py
[2026-01-05T17:37:25.371+0000] {processor.py:914} INFO - Processing file /home/airflow/.local/lib/python3.12/site-packages/airflow/example_dags/example_bash_operator.py for tasks to queue
[2026-01-05T17:37:25.375+0000] {logging_mixin.py:190} INFO - [2026-01-05T17:37:25.374+0000] {dagbag.py:587} INFO - Filling up the DagBag from /home/airflow/.local/lib/python3.12/site-packages/airflow/example_dags/example_bash_operator.py
[2026-01-05T17:37:25.387+0000] {processor.py:925} INFO - DAG(s) 'example_bash_operator' retrieved from /home/airflow/.local/lib/python3.12/site-packages/airflow/example_dags/example_bash_operator.py
[2026-01-05T17:37:25.420+0000] {logging_mixin.py:190} INFO - [2026-01-05T17:37:25.419+0000] {dag.py:3211} INFO - Sync 1 DAGs
[2026-01-05T17:37:25.442+0000] {logging_mixin.py:190} INFO - [2026-01-05T17:37:25.442+0000] {dag.py:4138} INFO - Setting next_dagrun for example_bash_operator to 2026-01-04 00:00:00+00:00, run_after=2026-01-05 00:00:00+00:00
[2026-01-05T17:37:25.464+0000] {processor.py:208} INFO - Processing /home/airflow/.local/lib/python3.12/site-packages/airflow/example_dags/example_bash_operator.py took 0.103 seconds
[2026-01-05T17:37:56.203+0000] {processor.py:186} INFO - Started process (PID=2742) to work on /home/airflow/.local/lib/python3.12/site-packages/airflow/example_dags/example_bash_operator.py
[2026-01-05T17:37:56.204+0000] {processor.py:914} INFO - Processing file /home/airflow/.local/lib/python3.12/site-packages/airflow/example_dags/example_bash_operator.py for tasks to queue
[2026-01-05T17:37:56.208+0000] {logging_mixin.py:190} INFO - [2026-01-05T17:37:56.207+0000] {dagbag.py:587} INFO - Filling up the DagBag from /home/airflow/.local/lib/python3.12/site-packages/airflow/example_dags/example_bash_operator.py
[2026-01-05T17:37:56.222+0000] {processor.py:925} INFO - DAG(s) 'example_bash_operator' retrieved from /home/airflow/.local/lib/python3.12/site-packages/airflow/example_dags/example_bash_operator.py
[2026-01-05T17:37:56.257+0000] {logging_mixin.py:190} INFO - [2026-01-05T17:37:56.257+0000] {dag.py:3211} INFO - Sync 1 DAGs
[2026-01-05T17:37:56.282+0000] {logging_mixin.py:190} INFO - [2026-01-05T17:37:56.282+0000] {dag.py:4138} INFO - Setting next_dagrun for example_bash_operator to 2026-01-04 00:00:00+00:00, run_after=2026-01-05 00:00:00+00:00
[2026-01-05T17:37:56.299+0000] {processor.py:208} INFO - Processing /home/airflow/.local/lib/python3.12/site-packages/airflow/example_dags/example_bash_operator.py took 0.106 seconds
[2026-01-05T17:38:26.700+0000] {processor.py:186} INFO - Started process (PID=2808) to work on /home/airflow/.local/lib/python3.12/site-packages/airflow/example_dags/example_bash_operator.py
[2026-01-05T17:38:26.702+0000] {processor.py:914} INFO - Processing file /home/airflow/.local/lib/python3.12/site-packages/airflow/example_dags/example_bash_operator.py for tasks to queue
[2026-01-05T17:38:26.705+0000] {logging_mixin.py:190} INFO - [2026-01-05T17:38:26.705+0000] {dagbag.py:587} INFO - Filling up the DagBag from /home/airflow/.local/lib/python3.12/site-packages/airflow/example_dags/example_bash_operator.py
[2026-01-05T17:38:26.720+0000] {processor.py:925} INFO - DAG(s) 'example_bash_operator' retrieved from /home/airflow/.local/lib/python3.12/site-packages/airflow/example_dags/example_bash_operator.py
[2026-01-05T17:38:26.755+0000] {logging_mixin.py:190} INFO - [2026-01-05T17:38:26.755+0000] {dag.py:3211} INFO - Sync 1 DAGs
[2026-01-05T17:38:26.794+0000] {logging_mixin.py:190} INFO - [2026-01-05T17:38:26.794+0000] {dag.py:4138} INFO - Setting next_dagrun for example_bash_operator to 2026-01-04 00:00:00+00:00, run_after=2026-01-05 00:00:00+00:00
[2026-01-05T17:38:26.821+0000] {processor.py:208} INFO - Processing /home/airflow/.local/lib/python3.12/site-packages/airflow/example_dags/example_bash_operator.py took 0.128 seconds
[2026-01-05T17:38:57.716+0000] {processor.py:186} INFO - Started process (PID=2874) to work on /home/airflow/.local/lib/python3.12/site-packages/airflow/example_dags/example_bash_operator.py
[2026-01-05T17:38:57.718+0000] {processor.py:914} INFO - Processing file /home/airflow/.local/lib/python3.12/site-packages/airflow/example_dags/example_bash_operator.py for tasks to queue
[2026-01-05T17:38:57.720+0000] {logging_mixin.py:190} INFO - [2026-01-05T17:38:57.720+0000] {dagbag.py:587} INFO - Filling up the DagBag from /home/airflow/.local/lib/python3.12/site-packages/airflow/example_dags/example_bash_operator.py
[2026-01-05T17:38:57.733+0000] {processor.py:925} INFO - DAG(s) 'example_bash_operator' retrieved from /home/airflow/.local/lib/python3.12/site-packages/airflow/example_dags/example_bash_operator.py
[2026-01-05T17:38:57.768+0000] {logging_mixin.py:190} INFO - [2026-01-05T17:38:57.768+0000] {dag.py:3211} INFO - Sync 1 DAGs
[2026-01-05T17:38:57.801+0000] {logging_mixin.py:190} INFO - [2026-01-05T17:38:57.801+0000] {dag.py:4138} INFO - Setting next_dagrun for example_bash_operator to 2026-01-04 00:00:00+00:00, run_after=2026-01-05 00:00:00+00:00
[2026-01-05T17:38:57.829+0000] {processor.py:208} INFO - Processing /home/airflow/.local/lib/python3.12/site-packages/airflow/example_dags/example_bash_operator.py took 0.120 seconds
[2026-01-05T17:39:28.294+0000] {processor.py:186} INFO - Started process (PID=2940) to work on /home/airflow/.local/lib/python3.12/site-packages/airflow/example_dags/example_bash_operator.py
[2026-01-05T17:39:28.296+0000] {processor.py:914} INFO - Processing file /home/airflow/.local/lib/python3.12/site-packages/airflow/example_dags/example_bash_operator.py for tasks to queue
[2026-01-05T17:39:28.300+0000] {logging_mixin.py:190} INFO - [2026-01-05T17:39:28.300+0000] {dagbag.py:587} INFO - Filling up the DagBag from /home/airflow/.local/lib/python3.12/site-packages/airflow/example_dags/example_bash_operator.py
[2026-01-05T17:39:28.320+0000] {processor.py:925} INFO - DAG(s) 'example_bash_operator' retrieved from /home/airflow/.local/lib/python3.12/site-packages/airflow/example_dags/example_bash_operator.py
[2026-01-05T17:39:28.357+0000] {logging_mixin.py:190} INFO - [2026-01-05T17:39:28.356+0000] {dag.py:3211} INFO - Sync 1 DAGs
[2026-01-05T17:39:28.390+0000] {logging_mixin.py:190} INFO - [2026-01-05T17:39:28.390+0000] {dag.py:4138} INFO - Setting next_dagrun for example_bash_operator to 2026-01-04 00:00:00+00:00, run_after=2026-01-05 00:00:00+00:00
[2026-01-05T17:39:28.417+0000] {processor.py:208} INFO - Processing /home/airflow/.local/lib/python3.12/site-packages/airflow/example_dags/example_bash_operator.py took 0.132 seconds
[2026-01-05T17:39:59.055+0000] {processor.py:186} INFO - Started process (PID=3006) to work on /home/airflow/.local/lib/python3.12/site-packages/airflow/example_dags/example_bash_operator.py
[2026-01-05T17:39:59.058+0000] {processor.py:914} INFO - Processing file /home/airflow/.local/lib/python3.12/site-packages/airflow/example_dags/example_bash_operator.py for tasks to queue
[2026-01-05T17:39:59.063+0000] {logging_mixin.py:190} INFO - [2026-01-05T17:39:59.062+0000] {dagbag.py:587} INFO - Filling up the DagBag from /home/airflow/.local/lib/python3.12/site-packages/airflow/example_dags/example_bash_operator.py
[2026-01-05T17:39:59.081+0000] {processor.py:925} INFO - DAG(s) 'example_bash_operator' retrieved from /home/airflow/.local/lib/python3.12/site-packages/airflow/example_dags/example_bash_operator.py
[2026-01-05T17:39:59.130+0000] {logging_mixin.py:190} INFO - [2026-01-05T17:39:59.129+0000] {dag.py:3211} INFO - Sync 1 DAGs
[2026-01-05T17:39:59.165+0000] {logging_mixin.py:190} INFO - [2026-01-05T17:39:59.165+0000] {dag.py:4138} INFO - Setting next_dagrun for example_bash_operator to 2026-01-04 00:00:00+00:00, run_after=2026-01-05 00:00:00+00:00
[2026-01-05T17:39:59.198+0000] {processor.py:208} INFO - Processing /home/airflow/.local/lib/python3.12/site-packages/airflow/example_dags/example_bash_operator.py took 0.152 seconds
[2026-01-05T17:40:29.843+0000] {processor.py:186} INFO - Started process (PID=3072) to work on /home/airflow/.local/lib/python3.12/site-packages/airflow/example_dags/example_bash_operator.py
[2026-01-05T17:40:29.845+0000] {processor.py:914} INFO - Processing file /home/airflow/.local/lib/python3.12/site-packages/airflow/example_dags/example_bash_operator.py for tasks to queue
[2026-01-05T17:40:29.849+0000] {logging_mixin.py:190} INFO - [2026-01-05T17:40:29.849+0000] {dagbag.py:587} INFO - Filling up the DagBag from /home/airflow/.local/lib/python3.12/site-packages/airflow/example_dags/example_bash_operator.py
[2026-01-05T17:40:29.876+0000] {processor.py:925} INFO - DAG(s) 'example_bash_operator' retrieved from /home/airflow/.local/lib/python3.12/site-packages/airflow/example_dags/example_bash_operator.py
[2026-01-05T17:40:29.934+0000] {logging_mixin.py:190} INFO - [2026-01-05T17:40:29.933+0000] {dag.py:3211} INFO - Sync 1 DAGs
[2026-01-05T17:40:30.031+0000] {logging_mixin.py:190} INFO - [2026-01-05T17:40:30.031+0000] {dag.py:4138} INFO - Setting next_dagrun for example_bash_operator to 2026-01-04 00:00:00+00:00, run_after=2026-01-05 00:00:00+00:00
[2026-01-05T17:40:30.111+0000] {processor.py:208} INFO - Processing /home/airflow/.local/lib/python3.12/site-packages/airflow/example_dags/example_bash_operator.py took 0.277 seconds
[2026-01-05T17:41:00.762+0000] {processor.py:186} INFO - Started process (PID=3144) to work on /home/airflow/.local/lib/python3.12/site-packages/airflow/example_dags/example_bash_operator.py
[2026-01-05T17:41:00.765+0000] {processor.py:914} INFO - Processing file /home/airflow/.local/lib/python3.12/site-packages/airflow/example_dags/example_bash_operator.py for tasks to queue
[2026-01-05T17:41:00.770+0000] {logging_mixin.py:190} INFO - [2026-01-05T17:41:00.769+0000] {dagbag.py:587} INFO - Filling up the DagBag from /home/airflow/.local/lib/python3.12/site-packages/airflow/example_dags/example_bash_operator.py
[2026-01-05T17:41:00.788+0000] {processor.py:925} INFO - DAG(s) 'example_bash_operator' retrieved from /home/airflow/.local/lib/python3.12/site-packages/airflow/example_dags/example_bash_operator.py
[2026-01-05T17:41:00.829+0000] {logging_mixin.py:190} INFO - [2026-01-05T17:41:00.828+0000] {dag.py:3211} INFO - Sync 1 DAGs
[2026-01-05T17:41:00.857+0000] {logging_mixin.py:190} INFO - [2026-01-05T17:41:00.857+0000] {dag.py:4138} INFO - Setting next_dagrun for example_bash_operator to 2026-01-04 00:00:00+00:00, run_after=2026-01-05 00:00:00+00:00
[2026-01-05T17:41:00.881+0000] {processor.py:208} INFO - Processing /home/airflow/.local/lib/python3.12/site-packages/airflow/example_dags/example_bash_operator.py took 0.134 seconds
[2026-01-05T17:41:30.997+0000] {processor.py:186} INFO - Started process (PID=3210) to work on /home/airflow/.local/lib/python3.12/site-packages/airflow/example_dags/example_bash_operator.py
[2026-01-05T17:41:30.999+0000] {processor.py:914} INFO - Processing file /home/airflow/.local/lib/python3.12/site-packages/airflow/example_dags/example_bash_operator.py for tasks to queue
[2026-01-05T17:41:31.002+0000] {logging_mixin.py:190} INFO - [2026-01-05T17:41:31.001+0000] {dagbag.py:587} INFO - Filling up the DagBag from /home/airflow/.local/lib/python3.12/site-packages/airflow/example_dags/example_bash_operator.py
[2026-01-05T17:41:31.016+0000] {processor.py:925} INFO - DAG(s) 'example_bash_operator' retrieved from /home/airflow/.local/lib/python3.12/site-packages/airflow/example_dags/example_bash_operator.py
[2026-01-05T17:41:31.049+0000] {logging_mixin.py:190} INFO - [2026-01-05T17:41:31.049+0000] {dag.py:3211} INFO - Sync 1 DAGs
[2026-01-05T17:41:31.072+0000] {logging_mixin.py:190} INFO - [2026-01-05T17:41:31.072+0000] {dag.py:4138} INFO - Setting next_dagrun for example_bash_operator to 2026-01-04 00:00:00+00:00, run_after=2026-01-05 00:00:00+00:00
[2026-01-05T17:41:31.097+0000] {processor.py:208} INFO - Processing /home/airflow/.local/lib/python3.12/site-packages/airflow/example_dags/example_bash_operator.py took 0.106 seconds
[2026-01-05T17:42:01.263+0000] {processor.py:186} INFO - Started process (PID=3276) to work on /home/airflow/.local/lib/python3.12/site-packages/airflow/example_dags/example_bash_operator.py
[2026-01-05T17:42:01.265+0000] {processor.py:914} INFO - Processing file /home/airflow/.local/lib/python3.12/site-packages/airflow/example_dags/example_bash_operator.py for tasks to queue
[2026-01-05T17:42:01.269+0000] {logging_mixin.py:190} INFO - [2026-01-05T17:42:01.268+0000] {dagbag.py:587} INFO - Filling up the DagBag from /home/airflow/.local/lib/python3.12/site-packages/airflow/example_dags/example_bash_operator.py
[2026-01-05T17:42:01.290+0000] {processor.py:925} INFO - DAG(s) 'example_bash_operator' retrieved from /home/airflow/.local/lib/python3.12/site-packages/airflow/example_dags/example_bash_operator.py
[2026-01-05T17:42:01.324+0000] {logging_mixin.py:190} INFO - [2026-01-05T17:42:01.324+0000] {dag.py:3211} INFO - Sync 1 DAGs
[2026-01-05T17:42:01.352+0000] {logging_mixin.py:190} INFO - [2026-01-05T17:42:01.352+0000] {dag.py:4138} INFO - Setting next_dagrun for example_bash_operator to 2026-01-04 00:00:00+00:00, run_after=2026-01-05 00:00:00+00:00
[2026-01-05T17:42:01.380+0000] {processor.py:208} INFO - Processing /home/airflow/.local/lib/python3.12/site-packages/airflow/example_dags/example_bash_operator.py took 0.128 seconds
[2026-01-05T17:42:31.479+0000] {processor.py:186} INFO - Started process (PID=3342) to work on /home/airflow/.local/lib/python3.12/site-packages/airflow/example_dags/example_bash_operator.py
[2026-01-05T17:42:31.481+0000] {processor.py:914} INFO - Processing file /home/airflow/.local/lib/python3.12/site-packages/airflow/example_dags/example_bash_operator.py for tasks to queue
[2026-01-05T17:42:31.484+0000] {logging_mixin.py:190} INFO - [2026-01-05T17:42:31.483+0000] {dagbag.py:587} INFO - Filling up the DagBag from /home/airflow/.local/lib/python3.12/site-packages/airflow/example_dags/example_bash_operator.py
[2026-01-05T17:42:31.498+0000] {processor.py:925} INFO - DAG(s) 'example_bash_operator' retrieved from /home/airflow/.local/lib/python3.12/site-packages/airflow/example_dags/example_bash_operator.py
[2026-01-05T17:42:31.537+0000] {logging_mixin.py:190} INFO - [2026-01-05T17:42:31.537+0000] {dag.py:3211} INFO - Sync 1 DAGs
[2026-01-05T17:42:31.568+0000] {logging_mixin.py:190} INFO - [2026-01-05T17:42:31.567+0000] {dag.py:4138} INFO - Setting next_dagrun for example_bash_operator to 2026-01-04 00:00:00+00:00, run_after=2026-01-05 00:00:00+00:00
[2026-01-05T17:42:31.590+0000] {processor.py:208} INFO - Processing /home/airflow/.local/lib/python3.12/site-packages/airflow/example_dags/example_bash_operator.py took 0.121 seconds
[2026-01-05T17:43:01.910+0000] {processor.py:186} INFO - Started process (PID=3407) to work on /home/airflow/.local/lib/python3.12/site-packages/airflow/example_dags/example_bash_operator.py
[2026-01-05T17:43:01.912+0000] {processor.py:914} INFO - Processing file /home/airflow/.local/lib/python3.12/site-packages/airflow/example_dags/example_bash_operator.py for tasks to queue
[2026-01-05T17:43:01.916+0000] {logging_mixin.py:190} INFO - [2026-01-05T17:43:01.916+0000] {dagbag.py:587} INFO - Filling up the DagBag from /home/airflow/.local/lib/python3.12/site-packages/airflow/example_dags/example_bash_operator.py
[2026-01-05T17:43:01.930+0000] {processor.py:925} INFO - DAG(s) 'example_bash_operator' retrieved from /home/airflow/.local/lib/python3.12/site-packages/airflow/example_dags/example_bash_operator.py
[2026-01-05T17:43:01.963+0000] {logging_mixin.py:190} INFO - [2026-01-05T17:43:01.963+0000] {dag.py:3211} INFO - Sync 1 DAGs
[2026-01-05T17:43:01.989+0000] {logging_mixin.py:190} INFO - [2026-01-05T17:43:01.989+0000] {dag.py:4138} INFO - Setting next_dagrun for example_bash_operator to 2026-01-04 00:00:00+00:00, run_after=2026-01-05 00:00:00+00:00
[2026-01-05T17:43:02.015+0000] {processor.py:208} INFO - Processing /home/airflow/.local/lib/python3.12/site-packages/airflow/example_dags/example_bash_operator.py took 0.114 seconds
[2026-01-05T17:43:32.534+0000] {processor.py:186} INFO - Started process (PID=3473) to work on /home/airflow/.local/lib/python3.12/site-packages/airflow/example_dags/example_bash_operator.py
[2026-01-05T17:43:32.536+0000] {processor.py:914} INFO - Processing file /home/airflow/.local/lib/python3.12/site-packages/airflow/example_dags/example_bash_operator.py for tasks to queue
[2026-01-05T17:43:32.542+0000] {logging_mixin.py:190} INFO - [2026-01-05T17:43:32.541+0000] {dagbag.py:587} INFO - Filling up the DagBag from /home/airflow/.local/lib/python3.12/site-packages/airflow/example_dags/example_bash_operator.py
[2026-01-05T17:43:32.561+0000] {processor.py:925} INFO - DAG(s) 'example_bash_operator' retrieved from /home/airflow/.local/lib/python3.12/site-packages/airflow/example_dags/example_bash_operator.py
[2026-01-05T17:43:32.599+0000] {logging_mixin.py:190} INFO - [2026-01-05T17:43:32.599+0000] {dag.py:3211} INFO - Sync 1 DAGs
[2026-01-05T17:43:32.636+0000] {logging_mixin.py:190} INFO - [2026-01-05T17:43:32.636+0000] {dag.py:4138} INFO - Setting next_dagrun for example_bash_operator to 2026-01-04 00:00:00+00:00, run_after=2026-01-05 00:00:00+00:00
[2026-01-05T17:43:32.668+0000] {processor.py:208} INFO - Processing /home/airflow/.local/lib/python3.12/site-packages/airflow/example_dags/example_bash_operator.py took 0.143 seconds
[2026-01-05T17:44:02.787+0000] {processor.py:186} INFO - Started process (PID=3539) to work on /home/airflow/.local/lib/python3.12/site-packages/airflow/example_dags/example_bash_operator.py
[2026-01-05T17:44:02.789+0000] {processor.py:914} INFO - Processing file /home/airflow/.local/lib/python3.12/site-packages/airflow/example_dags/example_bash_operator.py for tasks to queue
[2026-01-05T17:44:02.792+0000] {logging_mixin.py:190} INFO - [2026-01-05T17:44:02.792+0000] {dagbag.py:587} INFO - Filling up the DagBag from /home/airflow/.local/lib/python3.12/site-packages/airflow/example_dags/example_bash_operator.py
[2026-01-05T17:44:02.812+0000] {processor.py:925} INFO - DAG(s) 'example_bash_operator' retrieved from /home/airflow/.local/lib/python3.12/site-packages/airflow/example_dags/example_bash_operator.py
[2026-01-05T17:44:02.852+0000] {logging_mixin.py:190} INFO - [2026-01-05T17:44:02.852+0000] {dag.py:3211} INFO - Sync 1 DAGs
[2026-01-05T17:44:02.887+0000] {logging_mixin.py:190} INFO - [2026-01-05T17:44:02.886+0000] {dag.py:4138} INFO - Setting next_dagrun for example_bash_operator to 2026-01-04 00:00:00+00:00, run_after=2026-01-05 00:00:00+00:00
[2026-01-05T17:44:02.914+0000] {processor.py:208} INFO - Processing /home/airflow/.local/lib/python3.12/site-packages/airflow/example_dags/example_bash_operator.py took 0.136 seconds
[2026-01-05T17:44:33.279+0000] {processor.py:186} INFO - Started process (PID=3606) to work on /home/airflow/.local/lib/python3.12/site-packages/airflow/example_dags/example_bash_operator.py
[2026-01-05T17:44:33.281+0000] {processor.py:914} INFO - Processing file /home/airflow/.local/lib/python3.12/site-packages/airflow/example_dags/example_bash_operator.py for tasks to queue
[2026-01-05T17:44:33.285+0000] {logging_mixin.py:190} INFO - [2026-01-05T17:44:33.285+0000] {dagbag.py:587} INFO - Filling up the DagBag from /home/airflow/.local/lib/python3.12/site-packages/airflow/example_dags/example_bash_operator.py
[2026-01-05T17:44:33.308+0000] {processor.py:925} INFO - DAG(s) 'example_bash_operator' retrieved from /home/airflow/.local/lib/python3.12/site-packages/airflow/example_dags/example_bash_operator.py
[2026-01-05T17:44:33.351+0000] {logging_mixin.py:190} INFO - [2026-01-05T17:44:33.351+0000] {dag.py:3211} INFO - Sync 1 DAGs
[2026-01-05T17:44:33.390+0000] {logging_mixin.py:190} INFO - [2026-01-05T17:44:33.390+0000] {dag.py:4138} INFO - Setting next_dagrun for example_bash_operator to 2026-01-04 00:00:00+00:00, run_after=2026-01-05 00:00:00+00:00
[2026-01-05T17:44:33.426+0000] {processor.py:208} INFO - Processing /home/airflow/.local/lib/python3.12/site-packages/airflow/example_dags/example_bash_operator.py took 0.157 seconds
[2026-01-05T17:45:03.488+0000] {processor.py:186} INFO - Started process (PID=3671) to work on /home/airflow/.local/lib/python3.12/site-packages/airflow/example_dags/example_bash_operator.py
[2026-01-05T17:45:03.490+0000] {processor.py:914} INFO - Processing file /home/airflow/.local/lib/python3.12/site-packages/airflow/example_dags/example_bash_operator.py for tasks to queue
[2026-01-05T17:45:03.497+0000] {logging_mixin.py:190} INFO - [2026-01-05T17:45:03.496+0000] {dagbag.py:587} INFO - Filling up the DagBag from /home/airflow/.local/lib/python3.12/site-packages/airflow/example_dags/example_bash_operator.py
[2026-01-05T17:45:03.516+0000] {processor.py:925} INFO - DAG(s) 'example_bash_operator' retrieved from /home/airflow/.local/lib/python3.12/site-packages/airflow/example_dags/example_bash_operator.py
[2026-01-05T17:45:03.564+0000] {logging_mixin.py:190} INFO - [2026-01-05T17:45:03.564+0000] {dag.py:3211} INFO - Sync 1 DAGs
[2026-01-05T17:45:03.599+0000] {logging_mixin.py:190} INFO - [2026-01-05T17:45:03.599+0000] {dag.py:4138} INFO - Setting next_dagrun for example_bash_operator to 2026-01-04 00:00:00+00:00, run_after=2026-01-05 00:00:00+00:00
[2026-01-05T17:45:03.631+0000] {processor.py:208} INFO - Processing /home/airflow/.local/lib/python3.12/site-packages/airflow/example_dags/example_bash_operator.py took 0.156 seconds
