[2026-01-05T17:17:46.886+0000] {processor.py:186} INFO - Started process (PID=128) to work on /home/airflow/.local/lib/python3.12/site-packages/airflow/example_dags/example_xcomargs.py
[2026-01-05T17:17:46.888+0000] {processor.py:914} INFO - Processing file /home/airflow/.local/lib/python3.12/site-packages/airflow/example_dags/example_xcomargs.py for tasks to queue
[2026-01-05T17:17:46.893+0000] {logging_mixin.py:190} INFO - [2026-01-05T17:17:46.892+0000] {dagbag.py:587} INFO - Filling up the DagBag from /home/airflow/.local/lib/python3.12/site-packages/airflow/example_dags/example_xcomargs.py
[2026-01-05T17:17:46.912+0000] {processor.py:925} INFO - DAG(s) 'example_xcom_args', 'example_xcom_args_with_operators' retrieved from /home/airflow/.local/lib/python3.12/site-packages/airflow/example_dags/example_xcomargs.py
[2026-01-05T17:17:46.986+0000] {logging_mixin.py:190} INFO - [2026-01-05T17:17:46.984+0000] {dag.py:3211} INFO - Sync 2 DAGs
[2026-01-05T17:17:47.031+0000] {logging_mixin.py:190} INFO - [2026-01-05T17:17:47.031+0000] {dag.py:4138} INFO - Setting next_dagrun for example_xcom_args to None, run_after=None
[2026-01-05T17:17:47.041+0000] {logging_mixin.py:190} INFO - [2026-01-05T17:17:47.041+0000] {dag.py:4138} INFO - Setting next_dagrun for example_xcom_args_with_operators to None, run_after=None
[2026-01-05T17:17:47.076+0000] {processor.py:208} INFO - Processing /home/airflow/.local/lib/python3.12/site-packages/airflow/example_dags/example_xcomargs.py took 0.202 seconds
[2026-01-05T17:18:17.887+0000] {processor.py:186} INFO - Started process (PID=194) to work on /home/airflow/.local/lib/python3.12/site-packages/airflow/example_dags/example_xcomargs.py
[2026-01-05T17:18:17.889+0000] {processor.py:914} INFO - Processing file /home/airflow/.local/lib/python3.12/site-packages/airflow/example_dags/example_xcomargs.py for tasks to queue
[2026-01-05T17:18:17.895+0000] {logging_mixin.py:190} INFO - [2026-01-05T17:18:17.895+0000] {dagbag.py:587} INFO - Filling up the DagBag from /home/airflow/.local/lib/python3.12/site-packages/airflow/example_dags/example_xcomargs.py
[2026-01-05T17:18:17.919+0000] {processor.py:925} INFO - DAG(s) 'example_xcom_args_with_operators', 'example_xcom_args' retrieved from /home/airflow/.local/lib/python3.12/site-packages/airflow/example_dags/example_xcomargs.py
[2026-01-05T17:18:17.971+0000] {logging_mixin.py:190} INFO - [2026-01-05T17:18:17.970+0000] {dag.py:3211} INFO - Sync 2 DAGs
[2026-01-05T17:18:18.000+0000] {logging_mixin.py:190} INFO - [2026-01-05T17:18:18.000+0000] {dag.py:4138} INFO - Setting next_dagrun for example_xcom_args to None, run_after=None
[2026-01-05T17:18:18.015+0000] {logging_mixin.py:190} INFO - [2026-01-05T17:18:18.015+0000] {dag.py:4138} INFO - Setting next_dagrun for example_xcom_args_with_operators to None, run_after=None
[2026-01-05T17:18:18.055+0000] {processor.py:208} INFO - Processing /home/airflow/.local/lib/python3.12/site-packages/airflow/example_dags/example_xcomargs.py took 0.187 seconds
[2026-01-05T17:18:48.667+0000] {processor.py:186} INFO - Started process (PID=260) to work on /home/airflow/.local/lib/python3.12/site-packages/airflow/example_dags/example_xcomargs.py
[2026-01-05T17:18:48.669+0000] {processor.py:914} INFO - Processing file /home/airflow/.local/lib/python3.12/site-packages/airflow/example_dags/example_xcomargs.py for tasks to queue
[2026-01-05T17:18:48.673+0000] {logging_mixin.py:190} INFO - [2026-01-05T17:18:48.672+0000] {dagbag.py:587} INFO - Filling up the DagBag from /home/airflow/.local/lib/python3.12/site-packages/airflow/example_dags/example_xcomargs.py
[2026-01-05T17:18:48.682+0000] {processor.py:925} INFO - DAG(s) 'example_xcom_args', 'example_xcom_args_with_operators' retrieved from /home/airflow/.local/lib/python3.12/site-packages/airflow/example_dags/example_xcomargs.py
[2026-01-05T17:18:48.718+0000] {logging_mixin.py:190} INFO - [2026-01-05T17:18:48.717+0000] {dag.py:3211} INFO - Sync 2 DAGs
[2026-01-05T17:18:48.734+0000] {logging_mixin.py:190} INFO - [2026-01-05T17:18:48.734+0000] {dag.py:4138} INFO - Setting next_dagrun for example_xcom_args to None, run_after=None
[2026-01-05T17:18:48.740+0000] {logging_mixin.py:190} INFO - [2026-01-05T17:18:48.740+0000] {dag.py:4138} INFO - Setting next_dagrun for example_xcom_args_with_operators to None, run_after=None
[2026-01-05T17:18:48.766+0000] {processor.py:208} INFO - Processing /home/airflow/.local/lib/python3.12/site-packages/airflow/example_dags/example_xcomargs.py took 0.105 seconds
[2026-01-05T17:19:19.974+0000] {processor.py:186} INFO - Started process (PID=327) to work on /home/airflow/.local/lib/python3.12/site-packages/airflow/example_dags/example_xcomargs.py
[2026-01-05T17:19:19.975+0000] {processor.py:914} INFO - Processing file /home/airflow/.local/lib/python3.12/site-packages/airflow/example_dags/example_xcomargs.py for tasks to queue
[2026-01-05T17:19:19.981+0000] {logging_mixin.py:190} INFO - [2026-01-05T17:19:19.980+0000] {dagbag.py:587} INFO - Filling up the DagBag from /home/airflow/.local/lib/python3.12/site-packages/airflow/example_dags/example_xcomargs.py
[2026-01-05T17:19:19.997+0000] {processor.py:925} INFO - DAG(s) 'example_xcom_args', 'example_xcom_args_with_operators' retrieved from /home/airflow/.local/lib/python3.12/site-packages/airflow/example_dags/example_xcomargs.py
[2026-01-05T17:19:20.051+0000] {logging_mixin.py:190} INFO - [2026-01-05T17:19:20.051+0000] {dag.py:3211} INFO - Sync 2 DAGs
[2026-01-05T17:19:20.085+0000] {logging_mixin.py:190} INFO - [2026-01-05T17:19:20.085+0000] {dag.py:4138} INFO - Setting next_dagrun for example_xcom_args to None, run_after=None
[2026-01-05T17:19:20.100+0000] {logging_mixin.py:190} INFO - [2026-01-05T17:19:20.100+0000] {dag.py:4138} INFO - Setting next_dagrun for example_xcom_args_with_operators to None, run_after=None
[2026-01-05T17:19:20.153+0000] {processor.py:208} INFO - Processing /home/airflow/.local/lib/python3.12/site-packages/airflow/example_dags/example_xcomargs.py took 0.195 seconds
[2026-01-05T17:19:50.243+0000] {processor.py:186} INFO - Started process (PID=392) to work on /home/airflow/.local/lib/python3.12/site-packages/airflow/example_dags/example_xcomargs.py
[2026-01-05T17:19:50.245+0000] {processor.py:914} INFO - Processing file /home/airflow/.local/lib/python3.12/site-packages/airflow/example_dags/example_xcomargs.py for tasks to queue
[2026-01-05T17:19:50.251+0000] {logging_mixin.py:190} INFO - [2026-01-05T17:19:50.250+0000] {dagbag.py:587} INFO - Filling up the DagBag from /home/airflow/.local/lib/python3.12/site-packages/airflow/example_dags/example_xcomargs.py
[2026-01-05T17:19:50.268+0000] {processor.py:925} INFO - DAG(s) 'example_xcom_args_with_operators', 'example_xcom_args' retrieved from /home/airflow/.local/lib/python3.12/site-packages/airflow/example_dags/example_xcomargs.py
[2026-01-05T17:19:50.311+0000] {logging_mixin.py:190} INFO - [2026-01-05T17:19:50.311+0000] {dag.py:3211} INFO - Sync 2 DAGs
[2026-01-05T17:19:50.335+0000] {logging_mixin.py:190} INFO - [2026-01-05T17:19:50.335+0000] {dag.py:4138} INFO - Setting next_dagrun for example_xcom_args to None, run_after=None
[2026-01-05T17:19:50.344+0000] {logging_mixin.py:190} INFO - [2026-01-05T17:19:50.343+0000] {dag.py:4138} INFO - Setting next_dagrun for example_xcom_args_with_operators to None, run_after=None
[2026-01-05T17:19:50.375+0000] {processor.py:208} INFO - Processing /home/airflow/.local/lib/python3.12/site-packages/airflow/example_dags/example_xcomargs.py took 0.140 seconds
[2026-01-05T17:20:21.240+0000] {processor.py:186} INFO - Started process (PID=459) to work on /home/airflow/.local/lib/python3.12/site-packages/airflow/example_dags/example_xcomargs.py
[2026-01-05T17:20:21.241+0000] {processor.py:914} INFO - Processing file /home/airflow/.local/lib/python3.12/site-packages/airflow/example_dags/example_xcomargs.py for tasks to queue
[2026-01-05T17:20:21.245+0000] {logging_mixin.py:190} INFO - [2026-01-05T17:20:21.245+0000] {dagbag.py:587} INFO - Filling up the DagBag from /home/airflow/.local/lib/python3.12/site-packages/airflow/example_dags/example_xcomargs.py
[2026-01-05T17:20:21.260+0000] {processor.py:925} INFO - DAG(s) 'example_xcom_args_with_operators', 'example_xcom_args' retrieved from /home/airflow/.local/lib/python3.12/site-packages/airflow/example_dags/example_xcomargs.py
[2026-01-05T17:20:21.292+0000] {logging_mixin.py:190} INFO - [2026-01-05T17:20:21.292+0000] {dag.py:3211} INFO - Sync 2 DAGs
[2026-01-05T17:20:21.318+0000] {logging_mixin.py:190} INFO - [2026-01-05T17:20:21.317+0000] {dag.py:4138} INFO - Setting next_dagrun for example_xcom_args to None, run_after=None
[2026-01-05T17:20:21.330+0000] {logging_mixin.py:190} INFO - [2026-01-05T17:20:21.330+0000] {dag.py:4138} INFO - Setting next_dagrun for example_xcom_args_with_operators to None, run_after=None
[2026-01-05T17:20:21.353+0000] {processor.py:208} INFO - Processing /home/airflow/.local/lib/python3.12/site-packages/airflow/example_dags/example_xcomargs.py took 0.124 seconds
[2026-01-05T17:20:51.498+0000] {processor.py:186} INFO - Started process (PID=525) to work on /home/airflow/.local/lib/python3.12/site-packages/airflow/example_dags/example_xcomargs.py
[2026-01-05T17:20:51.499+0000] {processor.py:914} INFO - Processing file /home/airflow/.local/lib/python3.12/site-packages/airflow/example_dags/example_xcomargs.py for tasks to queue
[2026-01-05T17:20:51.502+0000] {logging_mixin.py:190} INFO - [2026-01-05T17:20:51.502+0000] {dagbag.py:587} INFO - Filling up the DagBag from /home/airflow/.local/lib/python3.12/site-packages/airflow/example_dags/example_xcomargs.py
[2026-01-05T17:20:51.514+0000] {processor.py:925} INFO - DAG(s) 'example_xcom_args', 'example_xcom_args_with_operators' retrieved from /home/airflow/.local/lib/python3.12/site-packages/airflow/example_dags/example_xcomargs.py
[2026-01-05T17:20:51.541+0000] {logging_mixin.py:190} INFO - [2026-01-05T17:20:51.541+0000] {dag.py:3211} INFO - Sync 2 DAGs
[2026-01-05T17:20:51.560+0000] {logging_mixin.py:190} INFO - [2026-01-05T17:20:51.560+0000] {dag.py:4138} INFO - Setting next_dagrun for example_xcom_args to None, run_after=None
[2026-01-05T17:20:51.566+0000] {logging_mixin.py:190} INFO - [2026-01-05T17:20:51.566+0000] {dag.py:4138} INFO - Setting next_dagrun for example_xcom_args_with_operators to None, run_after=None
[2026-01-05T17:20:51.587+0000] {processor.py:208} INFO - Processing /home/airflow/.local/lib/python3.12/site-packages/airflow/example_dags/example_xcomargs.py took 0.097 seconds
[2026-01-05T17:21:21.808+0000] {processor.py:186} INFO - Started process (PID=591) to work on /home/airflow/.local/lib/python3.12/site-packages/airflow/example_dags/example_xcomargs.py
[2026-01-05T17:21:21.810+0000] {processor.py:914} INFO - Processing file /home/airflow/.local/lib/python3.12/site-packages/airflow/example_dags/example_xcomargs.py for tasks to queue
[2026-01-05T17:21:21.813+0000] {logging_mixin.py:190} INFO - [2026-01-05T17:21:21.812+0000] {dagbag.py:587} INFO - Filling up the DagBag from /home/airflow/.local/lib/python3.12/site-packages/airflow/example_dags/example_xcomargs.py
[2026-01-05T17:21:21.822+0000] {processor.py:925} INFO - DAG(s) 'example_xcom_args', 'example_xcom_args_with_operators' retrieved from /home/airflow/.local/lib/python3.12/site-packages/airflow/example_dags/example_xcomargs.py
[2026-01-05T17:21:21.849+0000] {logging_mixin.py:190} INFO - [2026-01-05T17:21:21.849+0000] {dag.py:3211} INFO - Sync 2 DAGs
[2026-01-05T17:21:21.869+0000] {logging_mixin.py:190} INFO - [2026-01-05T17:21:21.868+0000] {dag.py:4138} INFO - Setting next_dagrun for example_xcom_args to None, run_after=None
[2026-01-05T17:21:21.874+0000] {logging_mixin.py:190} INFO - [2026-01-05T17:21:21.874+0000] {dag.py:4138} INFO - Setting next_dagrun for example_xcom_args_with_operators to None, run_after=None
[2026-01-05T17:21:21.897+0000] {processor.py:208} INFO - Processing /home/airflow/.local/lib/python3.12/site-packages/airflow/example_dags/example_xcomargs.py took 0.095 seconds
[2026-01-05T17:21:52.104+0000] {processor.py:186} INFO - Started process (PID=657) to work on /home/airflow/.local/lib/python3.12/site-packages/airflow/example_dags/example_xcomargs.py
[2026-01-05T17:21:52.105+0000] {processor.py:914} INFO - Processing file /home/airflow/.local/lib/python3.12/site-packages/airflow/example_dags/example_xcomargs.py for tasks to queue
[2026-01-05T17:21:52.109+0000] {logging_mixin.py:190} INFO - [2026-01-05T17:21:52.109+0000] {dagbag.py:587} INFO - Filling up the DagBag from /home/airflow/.local/lib/python3.12/site-packages/airflow/example_dags/example_xcomargs.py
[2026-01-05T17:21:52.120+0000] {processor.py:925} INFO - DAG(s) 'example_xcom_args', 'example_xcom_args_with_operators' retrieved from /home/airflow/.local/lib/python3.12/site-packages/airflow/example_dags/example_xcomargs.py
[2026-01-05T17:21:52.150+0000] {logging_mixin.py:190} INFO - [2026-01-05T17:21:52.150+0000] {dag.py:3211} INFO - Sync 2 DAGs
[2026-01-05T17:21:52.167+0000] {logging_mixin.py:190} INFO - [2026-01-05T17:21:52.166+0000] {dag.py:4138} INFO - Setting next_dagrun for example_xcom_args to None, run_after=None
[2026-01-05T17:21:52.172+0000] {logging_mixin.py:190} INFO - [2026-01-05T17:21:52.172+0000] {dag.py:4138} INFO - Setting next_dagrun for example_xcom_args_with_operators to None, run_after=None
[2026-01-05T17:21:52.193+0000] {processor.py:208} INFO - Processing /home/airflow/.local/lib/python3.12/site-packages/airflow/example_dags/example_xcomargs.py took 0.095 seconds
[2026-01-05T17:22:22.715+0000] {processor.py:186} INFO - Started process (PID=723) to work on /home/airflow/.local/lib/python3.12/site-packages/airflow/example_dags/example_xcomargs.py
[2026-01-05T17:22:22.717+0000] {processor.py:914} INFO - Processing file /home/airflow/.local/lib/python3.12/site-packages/airflow/example_dags/example_xcomargs.py for tasks to queue
[2026-01-05T17:22:22.720+0000] {logging_mixin.py:190} INFO - [2026-01-05T17:22:22.719+0000] {dagbag.py:587} INFO - Filling up the DagBag from /home/airflow/.local/lib/python3.12/site-packages/airflow/example_dags/example_xcomargs.py
[2026-01-05T17:22:22.729+0000] {processor.py:925} INFO - DAG(s) 'example_xcom_args', 'example_xcom_args_with_operators' retrieved from /home/airflow/.local/lib/python3.12/site-packages/airflow/example_dags/example_xcomargs.py
[2026-01-05T17:22:22.756+0000] {logging_mixin.py:190} INFO - [2026-01-05T17:22:22.755+0000] {dag.py:3211} INFO - Sync 2 DAGs
[2026-01-05T17:22:22.769+0000] {logging_mixin.py:190} INFO - [2026-01-05T17:22:22.769+0000] {dag.py:4138} INFO - Setting next_dagrun for example_xcom_args to None, run_after=None
[2026-01-05T17:22:22.773+0000] {logging_mixin.py:190} INFO - [2026-01-05T17:22:22.773+0000] {dag.py:4138} INFO - Setting next_dagrun for example_xcom_args_with_operators to None, run_after=None
[2026-01-05T17:22:22.793+0000] {processor.py:208} INFO - Processing /home/airflow/.local/lib/python3.12/site-packages/airflow/example_dags/example_xcomargs.py took 0.084 seconds
[2026-01-05T17:22:53.603+0000] {processor.py:186} INFO - Started process (PID=789) to work on /home/airflow/.local/lib/python3.12/site-packages/airflow/example_dags/example_xcomargs.py
[2026-01-05T17:22:53.605+0000] {processor.py:914} INFO - Processing file /home/airflow/.local/lib/python3.12/site-packages/airflow/example_dags/example_xcomargs.py for tasks to queue
[2026-01-05T17:22:53.609+0000] {logging_mixin.py:190} INFO - [2026-01-05T17:22:53.609+0000] {dagbag.py:587} INFO - Filling up the DagBag from /home/airflow/.local/lib/python3.12/site-packages/airflow/example_dags/example_xcomargs.py
[2026-01-05T17:22:53.622+0000] {processor.py:925} INFO - DAG(s) 'example_xcom_args', 'example_xcom_args_with_operators' retrieved from /home/airflow/.local/lib/python3.12/site-packages/airflow/example_dags/example_xcomargs.py
[2026-01-05T17:22:53.648+0000] {logging_mixin.py:190} INFO - [2026-01-05T17:22:53.647+0000] {dag.py:3211} INFO - Sync 2 DAGs
[2026-01-05T17:22:53.665+0000] {logging_mixin.py:190} INFO - [2026-01-05T17:22:53.665+0000] {dag.py:4138} INFO - Setting next_dagrun for example_xcom_args to None, run_after=None
[2026-01-05T17:22:53.671+0000] {logging_mixin.py:190} INFO - [2026-01-05T17:22:53.671+0000] {dag.py:4138} INFO - Setting next_dagrun for example_xcom_args_with_operators to None, run_after=None
[2026-01-05T17:22:53.697+0000] {processor.py:208} INFO - Processing /home/airflow/.local/lib/python3.12/site-packages/airflow/example_dags/example_xcomargs.py took 0.103 seconds
[2026-01-05T17:23:24.714+0000] {processor.py:186} INFO - Started process (PID=855) to work on /home/airflow/.local/lib/python3.12/site-packages/airflow/example_dags/example_xcomargs.py
[2026-01-05T17:23:24.716+0000] {processor.py:914} INFO - Processing file /home/airflow/.local/lib/python3.12/site-packages/airflow/example_dags/example_xcomargs.py for tasks to queue
[2026-01-05T17:23:24.719+0000] {logging_mixin.py:190} INFO - [2026-01-05T17:23:24.719+0000] {dagbag.py:587} INFO - Filling up the DagBag from /home/airflow/.local/lib/python3.12/site-packages/airflow/example_dags/example_xcomargs.py
[2026-01-05T17:23:24.729+0000] {processor.py:925} INFO - DAG(s) 'example_xcom_args_with_operators', 'example_xcom_args' retrieved from /home/airflow/.local/lib/python3.12/site-packages/airflow/example_dags/example_xcomargs.py
[2026-01-05T17:23:24.758+0000] {logging_mixin.py:190} INFO - [2026-01-05T17:23:24.758+0000] {dag.py:3211} INFO - Sync 2 DAGs
[2026-01-05T17:23:24.778+0000] {logging_mixin.py:190} INFO - [2026-01-05T17:23:24.778+0000] {dag.py:4138} INFO - Setting next_dagrun for example_xcom_args to None, run_after=None
[2026-01-05T17:23:24.783+0000] {logging_mixin.py:190} INFO - [2026-01-05T17:23:24.783+0000] {dag.py:4138} INFO - Setting next_dagrun for example_xcom_args_with_operators to None, run_after=None
[2026-01-05T17:23:24.802+0000] {processor.py:208} INFO - Processing /home/airflow/.local/lib/python3.12/site-packages/airflow/example_dags/example_xcomargs.py took 0.097 seconds
[2026-01-05T17:23:55.095+0000] {processor.py:186} INFO - Started process (PID=921) to work on /home/airflow/.local/lib/python3.12/site-packages/airflow/example_dags/example_xcomargs.py
[2026-01-05T17:23:55.097+0000] {processor.py:914} INFO - Processing file /home/airflow/.local/lib/python3.12/site-packages/airflow/example_dags/example_xcomargs.py for tasks to queue
[2026-01-05T17:23:55.102+0000] {logging_mixin.py:190} INFO - [2026-01-05T17:23:55.101+0000] {dagbag.py:587} INFO - Filling up the DagBag from /home/airflow/.local/lib/python3.12/site-packages/airflow/example_dags/example_xcomargs.py
[2026-01-05T17:23:55.113+0000] {processor.py:925} INFO - DAG(s) 'example_xcom_args_with_operators', 'example_xcom_args' retrieved from /home/airflow/.local/lib/python3.12/site-packages/airflow/example_dags/example_xcomargs.py
[2026-01-05T17:23:55.144+0000] {logging_mixin.py:190} INFO - [2026-01-05T17:23:55.144+0000] {dag.py:3211} INFO - Sync 2 DAGs
[2026-01-05T17:23:55.161+0000] {logging_mixin.py:190} INFO - [2026-01-05T17:23:55.161+0000] {dag.py:4138} INFO - Setting next_dagrun for example_xcom_args to None, run_after=None
[2026-01-05T17:23:55.165+0000] {logging_mixin.py:190} INFO - [2026-01-05T17:23:55.165+0000] {dag.py:4138} INFO - Setting next_dagrun for example_xcom_args_with_operators to None, run_after=None
[2026-01-05T17:23:55.185+0000] {processor.py:208} INFO - Processing /home/airflow/.local/lib/python3.12/site-packages/airflow/example_dags/example_xcomargs.py took 0.099 seconds
[2026-01-05T17:24:25.476+0000] {processor.py:186} INFO - Started process (PID=987) to work on /home/airflow/.local/lib/python3.12/site-packages/airflow/example_dags/example_xcomargs.py
[2026-01-05T17:24:25.477+0000] {processor.py:914} INFO - Processing file /home/airflow/.local/lib/python3.12/site-packages/airflow/example_dags/example_xcomargs.py for tasks to queue
[2026-01-05T17:24:25.481+0000] {logging_mixin.py:190} INFO - [2026-01-05T17:24:25.481+0000] {dagbag.py:587} INFO - Filling up the DagBag from /home/airflow/.local/lib/python3.12/site-packages/airflow/example_dags/example_xcomargs.py
[2026-01-05T17:24:25.492+0000] {processor.py:925} INFO - DAG(s) 'example_xcom_args', 'example_xcom_args_with_operators' retrieved from /home/airflow/.local/lib/python3.12/site-packages/airflow/example_dags/example_xcomargs.py
[2026-01-05T17:24:25.517+0000] {logging_mixin.py:190} INFO - [2026-01-05T17:24:25.517+0000] {dag.py:3211} INFO - Sync 2 DAGs
[2026-01-05T17:24:25.532+0000] {logging_mixin.py:190} INFO - [2026-01-05T17:24:25.531+0000] {dag.py:4138} INFO - Setting next_dagrun for example_xcom_args to None, run_after=None
[2026-01-05T17:24:25.536+0000] {logging_mixin.py:190} INFO - [2026-01-05T17:24:25.536+0000] {dag.py:4138} INFO - Setting next_dagrun for example_xcom_args_with_operators to None, run_after=None
[2026-01-05T17:24:25.555+0000] {processor.py:208} INFO - Processing /home/airflow/.local/lib/python3.12/site-packages/airflow/example_dags/example_xcomargs.py took 0.085 seconds
[2026-01-05T17:24:55.713+0000] {processor.py:186} INFO - Started process (PID=1053) to work on /home/airflow/.local/lib/python3.12/site-packages/airflow/example_dags/example_xcomargs.py
[2026-01-05T17:24:55.715+0000] {processor.py:914} INFO - Processing file /home/airflow/.local/lib/python3.12/site-packages/airflow/example_dags/example_xcomargs.py for tasks to queue
[2026-01-05T17:24:55.719+0000] {logging_mixin.py:190} INFO - [2026-01-05T17:24:55.718+0000] {dagbag.py:587} INFO - Filling up the DagBag from /home/airflow/.local/lib/python3.12/site-packages/airflow/example_dags/example_xcomargs.py
[2026-01-05T17:24:55.727+0000] {processor.py:925} INFO - DAG(s) 'example_xcom_args_with_operators', 'example_xcom_args' retrieved from /home/airflow/.local/lib/python3.12/site-packages/airflow/example_dags/example_xcomargs.py
[2026-01-05T17:24:55.750+0000] {logging_mixin.py:190} INFO - [2026-01-05T17:24:55.750+0000] {dag.py:3211} INFO - Sync 2 DAGs
[2026-01-05T17:24:55.763+0000] {logging_mixin.py:190} INFO - [2026-01-05T17:24:55.763+0000] {dag.py:4138} INFO - Setting next_dagrun for example_xcom_args to None, run_after=None
[2026-01-05T17:24:55.770+0000] {logging_mixin.py:190} INFO - [2026-01-05T17:24:55.770+0000] {dag.py:4138} INFO - Setting next_dagrun for example_xcom_args_with_operators to None, run_after=None
[2026-01-05T17:24:55.789+0000] {processor.py:208} INFO - Processing /home/airflow/.local/lib/python3.12/site-packages/airflow/example_dags/example_xcomargs.py took 0.082 seconds
[2026-01-05T17:25:26.108+0000] {processor.py:186} INFO - Started process (PID=1119) to work on /home/airflow/.local/lib/python3.12/site-packages/airflow/example_dags/example_xcomargs.py
[2026-01-05T17:25:26.109+0000] {processor.py:914} INFO - Processing file /home/airflow/.local/lib/python3.12/site-packages/airflow/example_dags/example_xcomargs.py for tasks to queue
[2026-01-05T17:25:26.113+0000] {logging_mixin.py:190} INFO - [2026-01-05T17:25:26.112+0000] {dagbag.py:587} INFO - Filling up the DagBag from /home/airflow/.local/lib/python3.12/site-packages/airflow/example_dags/example_xcomargs.py
[2026-01-05T17:25:26.127+0000] {processor.py:925} INFO - DAG(s) 'example_xcom_args_with_operators', 'example_xcom_args' retrieved from /home/airflow/.local/lib/python3.12/site-packages/airflow/example_dags/example_xcomargs.py
[2026-01-05T17:25:26.159+0000] {logging_mixin.py:190} INFO - [2026-01-05T17:25:26.159+0000] {dag.py:3211} INFO - Sync 2 DAGs
[2026-01-05T17:25:26.180+0000] {logging_mixin.py:190} INFO - [2026-01-05T17:25:26.180+0000] {dag.py:4138} INFO - Setting next_dagrun for example_xcom_args to None, run_after=None
[2026-01-05T17:25:26.185+0000] {logging_mixin.py:190} INFO - [2026-01-05T17:25:26.185+0000] {dag.py:4138} INFO - Setting next_dagrun for example_xcom_args_with_operators to None, run_after=None
[2026-01-05T17:25:26.208+0000] {processor.py:208} INFO - Processing /home/airflow/.local/lib/python3.12/site-packages/airflow/example_dags/example_xcomargs.py took 0.110 seconds
[2026-01-05T17:25:56.426+0000] {processor.py:186} INFO - Started process (PID=1185) to work on /home/airflow/.local/lib/python3.12/site-packages/airflow/example_dags/example_xcomargs.py
[2026-01-05T17:25:56.428+0000] {processor.py:914} INFO - Processing file /home/airflow/.local/lib/python3.12/site-packages/airflow/example_dags/example_xcomargs.py for tasks to queue
[2026-01-05T17:25:56.431+0000] {logging_mixin.py:190} INFO - [2026-01-05T17:25:56.431+0000] {dagbag.py:587} INFO - Filling up the DagBag from /home/airflow/.local/lib/python3.12/site-packages/airflow/example_dags/example_xcomargs.py
[2026-01-05T17:25:56.441+0000] {processor.py:925} INFO - DAG(s) 'example_xcom_args_with_operators', 'example_xcom_args' retrieved from /home/airflow/.local/lib/python3.12/site-packages/airflow/example_dags/example_xcomargs.py
[2026-01-05T17:25:56.472+0000] {logging_mixin.py:190} INFO - [2026-01-05T17:25:56.472+0000] {dag.py:3211} INFO - Sync 2 DAGs
[2026-01-05T17:25:56.489+0000] {logging_mixin.py:190} INFO - [2026-01-05T17:25:56.489+0000] {dag.py:4138} INFO - Setting next_dagrun for example_xcom_args to None, run_after=None
[2026-01-05T17:25:56.494+0000] {logging_mixin.py:190} INFO - [2026-01-05T17:25:56.494+0000] {dag.py:4138} INFO - Setting next_dagrun for example_xcom_args_with_operators to None, run_after=None
[2026-01-05T17:25:56.514+0000] {processor.py:208} INFO - Processing /home/airflow/.local/lib/python3.12/site-packages/airflow/example_dags/example_xcomargs.py took 0.096 seconds
[2026-01-05T17:26:27.514+0000] {processor.py:186} INFO - Started process (PID=1257) to work on /home/airflow/.local/lib/python3.12/site-packages/airflow/example_dags/example_xcomargs.py
[2026-01-05T17:26:27.516+0000] {processor.py:914} INFO - Processing file /home/airflow/.local/lib/python3.12/site-packages/airflow/example_dags/example_xcomargs.py for tasks to queue
[2026-01-05T17:26:27.519+0000] {logging_mixin.py:190} INFO - [2026-01-05T17:26:27.519+0000] {dagbag.py:587} INFO - Filling up the DagBag from /home/airflow/.local/lib/python3.12/site-packages/airflow/example_dags/example_xcomargs.py
[2026-01-05T17:26:27.529+0000] {processor.py:925} INFO - DAG(s) 'example_xcom_args_with_operators', 'example_xcom_args' retrieved from /home/airflow/.local/lib/python3.12/site-packages/airflow/example_dags/example_xcomargs.py
[2026-01-05T17:26:27.553+0000] {logging_mixin.py:190} INFO - [2026-01-05T17:26:27.553+0000] {dag.py:3211} INFO - Sync 2 DAGs
[2026-01-05T17:26:27.568+0000] {logging_mixin.py:190} INFO - [2026-01-05T17:26:27.568+0000] {dag.py:4138} INFO - Setting next_dagrun for example_xcom_args to None, run_after=None
[2026-01-05T17:26:27.572+0000] {logging_mixin.py:190} INFO - [2026-01-05T17:26:27.572+0000] {dag.py:4138} INFO - Setting next_dagrun for example_xcom_args_with_operators to None, run_after=None
[2026-01-05T17:26:27.589+0000] {processor.py:208} INFO - Processing /home/airflow/.local/lib/python3.12/site-packages/airflow/example_dags/example_xcomargs.py took 0.081 seconds
[2026-01-05T17:26:57.765+0000] {processor.py:186} INFO - Started process (PID=1323) to work on /home/airflow/.local/lib/python3.12/site-packages/airflow/example_dags/example_xcomargs.py
[2026-01-05T17:26:57.767+0000] {processor.py:914} INFO - Processing file /home/airflow/.local/lib/python3.12/site-packages/airflow/example_dags/example_xcomargs.py for tasks to queue
[2026-01-05T17:26:57.772+0000] {logging_mixin.py:190} INFO - [2026-01-05T17:26:57.771+0000] {dagbag.py:587} INFO - Filling up the DagBag from /home/airflow/.local/lib/python3.12/site-packages/airflow/example_dags/example_xcomargs.py
[2026-01-05T17:26:57.780+0000] {processor.py:925} INFO - DAG(s) 'example_xcom_args_with_operators', 'example_xcom_args' retrieved from /home/airflow/.local/lib/python3.12/site-packages/airflow/example_dags/example_xcomargs.py
[2026-01-05T17:26:57.811+0000] {logging_mixin.py:190} INFO - [2026-01-05T17:26:57.811+0000] {dag.py:3211} INFO - Sync 2 DAGs
[2026-01-05T17:26:57.829+0000] {logging_mixin.py:190} INFO - [2026-01-05T17:26:57.829+0000] {dag.py:4138} INFO - Setting next_dagrun for example_xcom_args to None, run_after=None
[2026-01-05T17:26:57.833+0000] {logging_mixin.py:190} INFO - [2026-01-05T17:26:57.833+0000] {dag.py:4138} INFO - Setting next_dagrun for example_xcom_args_with_operators to None, run_after=None
[2026-01-05T17:26:57.858+0000] {processor.py:208} INFO - Processing /home/airflow/.local/lib/python3.12/site-packages/airflow/example_dags/example_xcomargs.py took 0.099 seconds
[2026-01-05T17:27:28.115+0000] {processor.py:186} INFO - Started process (PID=1389) to work on /home/airflow/.local/lib/python3.12/site-packages/airflow/example_dags/example_xcomargs.py
[2026-01-05T17:27:28.116+0000] {processor.py:914} INFO - Processing file /home/airflow/.local/lib/python3.12/site-packages/airflow/example_dags/example_xcomargs.py for tasks to queue
[2026-01-05T17:27:28.121+0000] {logging_mixin.py:190} INFO - [2026-01-05T17:27:28.120+0000] {dagbag.py:587} INFO - Filling up the DagBag from /home/airflow/.local/lib/python3.12/site-packages/airflow/example_dags/example_xcomargs.py
[2026-01-05T17:27:28.134+0000] {processor.py:925} INFO - DAG(s) 'example_xcom_args', 'example_xcom_args_with_operators' retrieved from /home/airflow/.local/lib/python3.12/site-packages/airflow/example_dags/example_xcomargs.py
[2026-01-05T17:27:28.160+0000] {logging_mixin.py:190} INFO - [2026-01-05T17:27:28.160+0000] {dag.py:3211} INFO - Sync 2 DAGs
[2026-01-05T17:27:28.181+0000] {logging_mixin.py:190} INFO - [2026-01-05T17:27:28.181+0000] {dag.py:4138} INFO - Setting next_dagrun for example_xcom_args to None, run_after=None
[2026-01-05T17:27:28.187+0000] {logging_mixin.py:190} INFO - [2026-01-05T17:27:28.187+0000] {dag.py:4138} INFO - Setting next_dagrun for example_xcom_args_with_operators to None, run_after=None
[2026-01-05T17:27:28.208+0000] {processor.py:208} INFO - Processing /home/airflow/.local/lib/python3.12/site-packages/airflow/example_dags/example_xcomargs.py took 0.101 seconds
[2026-01-05T17:27:59.305+0000] {processor.py:186} INFO - Started process (PID=1455) to work on /home/airflow/.local/lib/python3.12/site-packages/airflow/example_dags/example_xcomargs.py
[2026-01-05T17:27:59.307+0000] {processor.py:914} INFO - Processing file /home/airflow/.local/lib/python3.12/site-packages/airflow/example_dags/example_xcomargs.py for tasks to queue
[2026-01-05T17:27:59.315+0000] {logging_mixin.py:190} INFO - [2026-01-05T17:27:59.313+0000] {dagbag.py:587} INFO - Filling up the DagBag from /home/airflow/.local/lib/python3.12/site-packages/airflow/example_dags/example_xcomargs.py
[2026-01-05T17:27:59.332+0000] {processor.py:925} INFO - DAG(s) 'example_xcom_args', 'example_xcom_args_with_operators' retrieved from /home/airflow/.local/lib/python3.12/site-packages/airflow/example_dags/example_xcomargs.py
[2026-01-05T17:27:59.373+0000] {logging_mixin.py:190} INFO - [2026-01-05T17:27:59.372+0000] {dag.py:3211} INFO - Sync 2 DAGs
[2026-01-05T17:27:59.408+0000] {logging_mixin.py:190} INFO - [2026-01-05T17:27:59.408+0000] {dag.py:4138} INFO - Setting next_dagrun for example_xcom_args to None, run_after=None
[2026-01-05T17:27:59.419+0000] {logging_mixin.py:190} INFO - [2026-01-05T17:27:59.418+0000] {dag.py:4138} INFO - Setting next_dagrun for example_xcom_args_with_operators to None, run_after=None
[2026-01-05T17:27:59.453+0000] {processor.py:208} INFO - Processing /home/airflow/.local/lib/python3.12/site-packages/airflow/example_dags/example_xcomargs.py took 0.158 seconds
[2026-01-05T17:28:29.521+0000] {processor.py:186} INFO - Started process (PID=1521) to work on /home/airflow/.local/lib/python3.12/site-packages/airflow/example_dags/example_xcomargs.py
[2026-01-05T17:28:29.523+0000] {processor.py:914} INFO - Processing file /home/airflow/.local/lib/python3.12/site-packages/airflow/example_dags/example_xcomargs.py for tasks to queue
[2026-01-05T17:28:29.527+0000] {logging_mixin.py:190} INFO - [2026-01-05T17:28:29.527+0000] {dagbag.py:587} INFO - Filling up the DagBag from /home/airflow/.local/lib/python3.12/site-packages/airflow/example_dags/example_xcomargs.py
[2026-01-05T17:28:29.542+0000] {processor.py:925} INFO - DAG(s) 'example_xcom_args', 'example_xcom_args_with_operators' retrieved from /home/airflow/.local/lib/python3.12/site-packages/airflow/example_dags/example_xcomargs.py
[2026-01-05T17:28:29.582+0000] {logging_mixin.py:190} INFO - [2026-01-05T17:28:29.581+0000] {dag.py:3211} INFO - Sync 2 DAGs
[2026-01-05T17:28:29.601+0000] {logging_mixin.py:190} INFO - [2026-01-05T17:28:29.601+0000] {dag.py:4138} INFO - Setting next_dagrun for example_xcom_args to None, run_after=None
[2026-01-05T17:28:29.606+0000] {logging_mixin.py:190} INFO - [2026-01-05T17:28:29.606+0000] {dag.py:4138} INFO - Setting next_dagrun for example_xcom_args_with_operators to None, run_after=None
[2026-01-05T17:28:29.625+0000] {processor.py:208} INFO - Processing /home/airflow/.local/lib/python3.12/site-packages/airflow/example_dags/example_xcomargs.py took 0.114 seconds
[2026-01-05T17:28:59.926+0000] {processor.py:186} INFO - Started process (PID=1587) to work on /home/airflow/.local/lib/python3.12/site-packages/airflow/example_dags/example_xcomargs.py
[2026-01-05T17:28:59.927+0000] {processor.py:914} INFO - Processing file /home/airflow/.local/lib/python3.12/site-packages/airflow/example_dags/example_xcomargs.py for tasks to queue
[2026-01-05T17:28:59.930+0000] {logging_mixin.py:190} INFO - [2026-01-05T17:28:59.930+0000] {dagbag.py:587} INFO - Filling up the DagBag from /home/airflow/.local/lib/python3.12/site-packages/airflow/example_dags/example_xcomargs.py
[2026-01-05T17:28:59.943+0000] {processor.py:925} INFO - DAG(s) 'example_xcom_args', 'example_xcom_args_with_operators' retrieved from /home/airflow/.local/lib/python3.12/site-packages/airflow/example_dags/example_xcomargs.py
[2026-01-05T17:28:59.970+0000] {logging_mixin.py:190} INFO - [2026-01-05T17:28:59.970+0000] {dag.py:3211} INFO - Sync 2 DAGs
[2026-01-05T17:28:59.987+0000] {logging_mixin.py:190} INFO - [2026-01-05T17:28:59.987+0000] {dag.py:4138} INFO - Setting next_dagrun for example_xcom_args to None, run_after=None
[2026-01-05T17:28:59.995+0000] {logging_mixin.py:190} INFO - [2026-01-05T17:28:59.994+0000] {dag.py:4138} INFO - Setting next_dagrun for example_xcom_args_with_operators to None, run_after=None
[2026-01-05T17:29:00.019+0000] {processor.py:208} INFO - Processing /home/airflow/.local/lib/python3.12/site-packages/airflow/example_dags/example_xcomargs.py took 0.099 seconds
[2026-01-05T17:29:30.632+0000] {processor.py:186} INFO - Started process (PID=1653) to work on /home/airflow/.local/lib/python3.12/site-packages/airflow/example_dags/example_xcomargs.py
[2026-01-05T17:29:30.634+0000] {processor.py:914} INFO - Processing file /home/airflow/.local/lib/python3.12/site-packages/airflow/example_dags/example_xcomargs.py for tasks to queue
[2026-01-05T17:29:30.638+0000] {logging_mixin.py:190} INFO - [2026-01-05T17:29:30.637+0000] {dagbag.py:587} INFO - Filling up the DagBag from /home/airflow/.local/lib/python3.12/site-packages/airflow/example_dags/example_xcomargs.py
[2026-01-05T17:29:30.650+0000] {processor.py:925} INFO - DAG(s) 'example_xcom_args_with_operators', 'example_xcom_args' retrieved from /home/airflow/.local/lib/python3.12/site-packages/airflow/example_dags/example_xcomargs.py
[2026-01-05T17:29:30.678+0000] {logging_mixin.py:190} INFO - [2026-01-05T17:29:30.678+0000] {dag.py:3211} INFO - Sync 2 DAGs
[2026-01-05T17:29:30.693+0000] {logging_mixin.py:190} INFO - [2026-01-05T17:29:30.692+0000] {dag.py:4138} INFO - Setting next_dagrun for example_xcom_args to None, run_after=None
[2026-01-05T17:29:30.697+0000] {logging_mixin.py:190} INFO - [2026-01-05T17:29:30.697+0000] {dag.py:4138} INFO - Setting next_dagrun for example_xcom_args_with_operators to None, run_after=None
[2026-01-05T17:29:30.714+0000] {processor.py:208} INFO - Processing /home/airflow/.local/lib/python3.12/site-packages/airflow/example_dags/example_xcomargs.py took 0.090 seconds
[2026-01-05T17:30:01.069+0000] {processor.py:186} INFO - Started process (PID=1719) to work on /home/airflow/.local/lib/python3.12/site-packages/airflow/example_dags/example_xcomargs.py
[2026-01-05T17:30:01.071+0000] {processor.py:914} INFO - Processing file /home/airflow/.local/lib/python3.12/site-packages/airflow/example_dags/example_xcomargs.py for tasks to queue
[2026-01-05T17:30:01.075+0000] {logging_mixin.py:190} INFO - [2026-01-05T17:30:01.075+0000] {dagbag.py:587} INFO - Filling up the DagBag from /home/airflow/.local/lib/python3.12/site-packages/airflow/example_dags/example_xcomargs.py
[2026-01-05T17:30:01.084+0000] {processor.py:925} INFO - DAG(s) 'example_xcom_args_with_operators', 'example_xcom_args' retrieved from /home/airflow/.local/lib/python3.12/site-packages/airflow/example_dags/example_xcomargs.py
[2026-01-05T17:30:01.117+0000] {logging_mixin.py:190} INFO - [2026-01-05T17:30:01.117+0000] {dag.py:3211} INFO - Sync 2 DAGs
[2026-01-05T17:30:01.135+0000] {logging_mixin.py:190} INFO - [2026-01-05T17:30:01.135+0000] {dag.py:4138} INFO - Setting next_dagrun for example_xcom_args to None, run_after=None
[2026-01-05T17:30:01.142+0000] {logging_mixin.py:190} INFO - [2026-01-05T17:30:01.141+0000] {dag.py:4138} INFO - Setting next_dagrun for example_xcom_args_with_operators to None, run_after=None
[2026-01-05T17:30:01.168+0000] {processor.py:208} INFO - Processing /home/airflow/.local/lib/python3.12/site-packages/airflow/example_dags/example_xcomargs.py took 0.106 seconds
[2026-01-05T17:30:31.708+0000] {processor.py:186} INFO - Started process (PID=1786) to work on /home/airflow/.local/lib/python3.12/site-packages/airflow/example_dags/example_xcomargs.py
[2026-01-05T17:30:31.710+0000] {processor.py:914} INFO - Processing file /home/airflow/.local/lib/python3.12/site-packages/airflow/example_dags/example_xcomargs.py for tasks to queue
[2026-01-05T17:30:31.713+0000] {logging_mixin.py:190} INFO - [2026-01-05T17:30:31.713+0000] {dagbag.py:587} INFO - Filling up the DagBag from /home/airflow/.local/lib/python3.12/site-packages/airflow/example_dags/example_xcomargs.py
[2026-01-05T17:30:31.721+0000] {processor.py:925} INFO - DAG(s) 'example_xcom_args_with_operators', 'example_xcom_args' retrieved from /home/airflow/.local/lib/python3.12/site-packages/airflow/example_dags/example_xcomargs.py
[2026-01-05T17:30:31.744+0000] {logging_mixin.py:190} INFO - [2026-01-05T17:30:31.744+0000] {dag.py:3211} INFO - Sync 2 DAGs
[2026-01-05T17:30:31.760+0000] {logging_mixin.py:190} INFO - [2026-01-05T17:30:31.759+0000] {dag.py:4138} INFO - Setting next_dagrun for example_xcom_args to None, run_after=None
[2026-01-05T17:30:31.764+0000] {logging_mixin.py:190} INFO - [2026-01-05T17:30:31.764+0000] {dag.py:4138} INFO - Setting next_dagrun for example_xcom_args_with_operators to None, run_after=None
[2026-01-05T17:30:31.779+0000] {processor.py:208} INFO - Processing /home/airflow/.local/lib/python3.12/site-packages/airflow/example_dags/example_xcomargs.py took 0.076 seconds
[2026-01-05T17:31:02.524+0000] {processor.py:186} INFO - Started process (PID=1852) to work on /home/airflow/.local/lib/python3.12/site-packages/airflow/example_dags/example_xcomargs.py
[2026-01-05T17:31:02.526+0000] {processor.py:914} INFO - Processing file /home/airflow/.local/lib/python3.12/site-packages/airflow/example_dags/example_xcomargs.py for tasks to queue
[2026-01-05T17:31:02.530+0000] {logging_mixin.py:190} INFO - [2026-01-05T17:31:02.530+0000] {dagbag.py:587} INFO - Filling up the DagBag from /home/airflow/.local/lib/python3.12/site-packages/airflow/example_dags/example_xcomargs.py
[2026-01-05T17:31:02.543+0000] {processor.py:925} INFO - DAG(s) 'example_xcom_args_with_operators', 'example_xcom_args' retrieved from /home/airflow/.local/lib/python3.12/site-packages/airflow/example_dags/example_xcomargs.py
[2026-01-05T17:31:02.574+0000] {logging_mixin.py:190} INFO - [2026-01-05T17:31:02.574+0000] {dag.py:3211} INFO - Sync 2 DAGs
[2026-01-05T17:31:02.591+0000] {logging_mixin.py:190} INFO - [2026-01-05T17:31:02.591+0000] {dag.py:4138} INFO - Setting next_dagrun for example_xcom_args to None, run_after=None
[2026-01-05T17:31:02.598+0000] {logging_mixin.py:190} INFO - [2026-01-05T17:31:02.598+0000] {dag.py:4138} INFO - Setting next_dagrun for example_xcom_args_with_operators to None, run_after=None
[2026-01-05T17:31:02.621+0000] {processor.py:208} INFO - Processing /home/airflow/.local/lib/python3.12/site-packages/airflow/example_dags/example_xcomargs.py took 0.106 seconds
[2026-01-05T17:31:33.020+0000] {processor.py:186} INFO - Started process (PID=1918) to work on /home/airflow/.local/lib/python3.12/site-packages/airflow/example_dags/example_xcomargs.py
[2026-01-05T17:31:33.022+0000] {processor.py:914} INFO - Processing file /home/airflow/.local/lib/python3.12/site-packages/airflow/example_dags/example_xcomargs.py for tasks to queue
[2026-01-05T17:31:33.025+0000] {logging_mixin.py:190} INFO - [2026-01-05T17:31:33.025+0000] {dagbag.py:587} INFO - Filling up the DagBag from /home/airflow/.local/lib/python3.12/site-packages/airflow/example_dags/example_xcomargs.py
[2026-01-05T17:31:33.037+0000] {processor.py:925} INFO - DAG(s) 'example_xcom_args_with_operators', 'example_xcom_args' retrieved from /home/airflow/.local/lib/python3.12/site-packages/airflow/example_dags/example_xcomargs.py
[2026-01-05T17:31:33.068+0000] {logging_mixin.py:190} INFO - [2026-01-05T17:31:33.068+0000] {dag.py:3211} INFO - Sync 2 DAGs
[2026-01-05T17:31:33.087+0000] {logging_mixin.py:190} INFO - [2026-01-05T17:31:33.086+0000] {dag.py:4138} INFO - Setting next_dagrun for example_xcom_args to None, run_after=None
[2026-01-05T17:31:33.091+0000] {logging_mixin.py:190} INFO - [2026-01-05T17:31:33.091+0000] {dag.py:4138} INFO - Setting next_dagrun for example_xcom_args_with_operators to None, run_after=None
[2026-01-05T17:31:33.108+0000] {processor.py:208} INFO - Processing /home/airflow/.local/lib/python3.12/site-packages/airflow/example_dags/example_xcomargs.py took 0.097 seconds
[2026-01-05T17:32:03.284+0000] {processor.py:186} INFO - Started process (PID=1984) to work on /home/airflow/.local/lib/python3.12/site-packages/airflow/example_dags/example_xcomargs.py
[2026-01-05T17:32:03.286+0000] {processor.py:914} INFO - Processing file /home/airflow/.local/lib/python3.12/site-packages/airflow/example_dags/example_xcomargs.py for tasks to queue
[2026-01-05T17:32:03.289+0000] {logging_mixin.py:190} INFO - [2026-01-05T17:32:03.288+0000] {dagbag.py:587} INFO - Filling up the DagBag from /home/airflow/.local/lib/python3.12/site-packages/airflow/example_dags/example_xcomargs.py
[2026-01-05T17:32:03.297+0000] {processor.py:925} INFO - DAG(s) 'example_xcom_args_with_operators', 'example_xcom_args' retrieved from /home/airflow/.local/lib/python3.12/site-packages/airflow/example_dags/example_xcomargs.py
[2026-01-05T17:32:03.324+0000] {logging_mixin.py:190} INFO - [2026-01-05T17:32:03.323+0000] {dag.py:3211} INFO - Sync 2 DAGs
[2026-01-05T17:32:03.348+0000] {logging_mixin.py:190} INFO - [2026-01-05T17:32:03.348+0000] {dag.py:4138} INFO - Setting next_dagrun for example_xcom_args to None, run_after=None
[2026-01-05T17:32:03.353+0000] {logging_mixin.py:190} INFO - [2026-01-05T17:32:03.353+0000] {dag.py:4138} INFO - Setting next_dagrun for example_xcom_args_with_operators to None, run_after=None
[2026-01-05T17:32:03.375+0000] {processor.py:208} INFO - Processing /home/airflow/.local/lib/python3.12/site-packages/airflow/example_dags/example_xcomargs.py took 0.097 seconds
[2026-01-05T17:32:34.096+0000] {processor.py:186} INFO - Started process (PID=2050) to work on /home/airflow/.local/lib/python3.12/site-packages/airflow/example_dags/example_xcomargs.py
[2026-01-05T17:32:34.098+0000] {processor.py:914} INFO - Processing file /home/airflow/.local/lib/python3.12/site-packages/airflow/example_dags/example_xcomargs.py for tasks to queue
[2026-01-05T17:32:34.103+0000] {logging_mixin.py:190} INFO - [2026-01-05T17:32:34.102+0000] {dagbag.py:587} INFO - Filling up the DagBag from /home/airflow/.local/lib/python3.12/site-packages/airflow/example_dags/example_xcomargs.py
[2026-01-05T17:32:34.121+0000] {processor.py:925} INFO - DAG(s) 'example_xcom_args_with_operators', 'example_xcom_args' retrieved from /home/airflow/.local/lib/python3.12/site-packages/airflow/example_dags/example_xcomargs.py
[2026-01-05T17:32:34.164+0000] {logging_mixin.py:190} INFO - [2026-01-05T17:32:34.163+0000] {dag.py:3211} INFO - Sync 2 DAGs
[2026-01-05T17:32:34.184+0000] {logging_mixin.py:190} INFO - [2026-01-05T17:32:34.183+0000] {dag.py:4138} INFO - Setting next_dagrun for example_xcom_args to None, run_after=None
[2026-01-05T17:32:34.190+0000] {logging_mixin.py:190} INFO - [2026-01-05T17:32:34.189+0000] {dag.py:4138} INFO - Setting next_dagrun for example_xcom_args_with_operators to None, run_after=None
[2026-01-05T17:32:34.218+0000] {processor.py:208} INFO - Processing /home/airflow/.local/lib/python3.12/site-packages/airflow/example_dags/example_xcomargs.py took 0.132 seconds
[2026-01-05T17:33:04.537+0000] {processor.py:186} INFO - Started process (PID=2116) to work on /home/airflow/.local/lib/python3.12/site-packages/airflow/example_dags/example_xcomargs.py
[2026-01-05T17:33:04.539+0000] {processor.py:914} INFO - Processing file /home/airflow/.local/lib/python3.12/site-packages/airflow/example_dags/example_xcomargs.py for tasks to queue
[2026-01-05T17:33:04.543+0000] {logging_mixin.py:190} INFO - [2026-01-05T17:33:04.543+0000] {dagbag.py:587} INFO - Filling up the DagBag from /home/airflow/.local/lib/python3.12/site-packages/airflow/example_dags/example_xcomargs.py
[2026-01-05T17:33:04.552+0000] {processor.py:925} INFO - DAG(s) 'example_xcom_args_with_operators', 'example_xcom_args' retrieved from /home/airflow/.local/lib/python3.12/site-packages/airflow/example_dags/example_xcomargs.py
[2026-01-05T17:33:04.584+0000] {logging_mixin.py:190} INFO - [2026-01-05T17:33:04.584+0000] {dag.py:3211} INFO - Sync 2 DAGs
[2026-01-05T17:33:04.598+0000] {logging_mixin.py:190} INFO - [2026-01-05T17:33:04.598+0000] {dag.py:4138} INFO - Setting next_dagrun for example_xcom_args to None, run_after=None
[2026-01-05T17:33:04.604+0000] {logging_mixin.py:190} INFO - [2026-01-05T17:33:04.604+0000] {dag.py:4138} INFO - Setting next_dagrun for example_xcom_args_with_operators to None, run_after=None
[2026-01-05T17:33:04.629+0000] {processor.py:208} INFO - Processing /home/airflow/.local/lib/python3.12/site-packages/airflow/example_dags/example_xcomargs.py took 0.097 seconds
[2026-01-05T17:33:35.510+0000] {processor.py:186} INFO - Started process (PID=2182) to work on /home/airflow/.local/lib/python3.12/site-packages/airflow/example_dags/example_xcomargs.py
[2026-01-05T17:33:35.513+0000] {processor.py:914} INFO - Processing file /home/airflow/.local/lib/python3.12/site-packages/airflow/example_dags/example_xcomargs.py for tasks to queue
[2026-01-05T17:33:35.518+0000] {logging_mixin.py:190} INFO - [2026-01-05T17:33:35.517+0000] {dagbag.py:587} INFO - Filling up the DagBag from /home/airflow/.local/lib/python3.12/site-packages/airflow/example_dags/example_xcomargs.py
[2026-01-05T17:33:35.533+0000] {processor.py:925} INFO - DAG(s) 'example_xcom_args_with_operators', 'example_xcom_args' retrieved from /home/airflow/.local/lib/python3.12/site-packages/airflow/example_dags/example_xcomargs.py
[2026-01-05T17:33:35.577+0000] {logging_mixin.py:190} INFO - [2026-01-05T17:33:35.576+0000] {dag.py:3211} INFO - Sync 2 DAGs
[2026-01-05T17:33:35.604+0000] {logging_mixin.py:190} INFO - [2026-01-05T17:33:35.604+0000] {dag.py:4138} INFO - Setting next_dagrun for example_xcom_args to None, run_after=None
[2026-01-05T17:33:35.611+0000] {logging_mixin.py:190} INFO - [2026-01-05T17:33:35.611+0000] {dag.py:4138} INFO - Setting next_dagrun for example_xcom_args_with_operators to None, run_after=None
[2026-01-05T17:33:35.635+0000] {processor.py:208} INFO - Processing /home/airflow/.local/lib/python3.12/site-packages/airflow/example_dags/example_xcomargs.py took 0.137 seconds
[2026-01-05T17:34:06.287+0000] {processor.py:186} INFO - Started process (PID=2248) to work on /home/airflow/.local/lib/python3.12/site-packages/airflow/example_dags/example_xcomargs.py
[2026-01-05T17:34:06.289+0000] {processor.py:914} INFO - Processing file /home/airflow/.local/lib/python3.12/site-packages/airflow/example_dags/example_xcomargs.py for tasks to queue
[2026-01-05T17:34:06.292+0000] {logging_mixin.py:190} INFO - [2026-01-05T17:34:06.291+0000] {dagbag.py:587} INFO - Filling up the DagBag from /home/airflow/.local/lib/python3.12/site-packages/airflow/example_dags/example_xcomargs.py
[2026-01-05T17:34:06.303+0000] {processor.py:925} INFO - DAG(s) 'example_xcom_args', 'example_xcom_args_with_operators' retrieved from /home/airflow/.local/lib/python3.12/site-packages/airflow/example_dags/example_xcomargs.py
[2026-01-05T17:34:06.332+0000] {logging_mixin.py:190} INFO - [2026-01-05T17:34:06.332+0000] {dag.py:3211} INFO - Sync 2 DAGs
[2026-01-05T17:34:06.349+0000] {logging_mixin.py:190} INFO - [2026-01-05T17:34:06.349+0000] {dag.py:4138} INFO - Setting next_dagrun for example_xcom_args to None, run_after=None
[2026-01-05T17:34:06.354+0000] {logging_mixin.py:190} INFO - [2026-01-05T17:34:06.354+0000] {dag.py:4138} INFO - Setting next_dagrun for example_xcom_args_with_operators to None, run_after=None
[2026-01-05T17:34:06.375+0000] {processor.py:208} INFO - Processing /home/airflow/.local/lib/python3.12/site-packages/airflow/example_dags/example_xcomargs.py took 0.095 seconds
[2026-01-05T17:34:37.025+0000] {processor.py:186} INFO - Started process (PID=2314) to work on /home/airflow/.local/lib/python3.12/site-packages/airflow/example_dags/example_xcomargs.py
[2026-01-05T17:34:37.027+0000] {processor.py:914} INFO - Processing file /home/airflow/.local/lib/python3.12/site-packages/airflow/example_dags/example_xcomargs.py for tasks to queue
[2026-01-05T17:34:37.031+0000] {logging_mixin.py:190} INFO - [2026-01-05T17:34:37.031+0000] {dagbag.py:587} INFO - Filling up the DagBag from /home/airflow/.local/lib/python3.12/site-packages/airflow/example_dags/example_xcomargs.py
[2026-01-05T17:34:37.044+0000] {processor.py:925} INFO - DAG(s) 'example_xcom_args_with_operators', 'example_xcom_args' retrieved from /home/airflow/.local/lib/python3.12/site-packages/airflow/example_dags/example_xcomargs.py
[2026-01-05T17:34:37.085+0000] {logging_mixin.py:190} INFO - [2026-01-05T17:34:37.085+0000] {dag.py:3211} INFO - Sync 2 DAGs
[2026-01-05T17:34:37.102+0000] {logging_mixin.py:190} INFO - [2026-01-05T17:34:37.102+0000] {dag.py:4138} INFO - Setting next_dagrun for example_xcom_args to None, run_after=None
[2026-01-05T17:34:37.106+0000] {logging_mixin.py:190} INFO - [2026-01-05T17:34:37.106+0000] {dag.py:4138} INFO - Setting next_dagrun for example_xcom_args_with_operators to None, run_after=None
[2026-01-05T17:34:37.130+0000] {processor.py:208} INFO - Processing /home/airflow/.local/lib/python3.12/site-packages/airflow/example_dags/example_xcomargs.py took 0.113 seconds
[2026-01-05T17:35:07.566+0000] {processor.py:186} INFO - Started process (PID=2380) to work on /home/airflow/.local/lib/python3.12/site-packages/airflow/example_dags/example_xcomargs.py
[2026-01-05T17:35:07.568+0000] {processor.py:914} INFO - Processing file /home/airflow/.local/lib/python3.12/site-packages/airflow/example_dags/example_xcomargs.py for tasks to queue
[2026-01-05T17:35:07.571+0000] {logging_mixin.py:190} INFO - [2026-01-05T17:35:07.571+0000] {dagbag.py:587} INFO - Filling up the DagBag from /home/airflow/.local/lib/python3.12/site-packages/airflow/example_dags/example_xcomargs.py
[2026-01-05T17:35:07.584+0000] {processor.py:925} INFO - DAG(s) 'example_xcom_args_with_operators', 'example_xcom_args' retrieved from /home/airflow/.local/lib/python3.12/site-packages/airflow/example_dags/example_xcomargs.py
[2026-01-05T17:35:07.610+0000] {logging_mixin.py:190} INFO - [2026-01-05T17:35:07.609+0000] {dag.py:3211} INFO - Sync 2 DAGs
[2026-01-05T17:35:07.624+0000] {logging_mixin.py:190} INFO - [2026-01-05T17:35:07.623+0000] {dag.py:4138} INFO - Setting next_dagrun for example_xcom_args to None, run_after=None
[2026-01-05T17:35:07.628+0000] {logging_mixin.py:190} INFO - [2026-01-05T17:35:07.628+0000] {dag.py:4138} INFO - Setting next_dagrun for example_xcom_args_with_operators to None, run_after=None
[2026-01-05T17:35:07.649+0000] {processor.py:208} INFO - Processing /home/airflow/.local/lib/python3.12/site-packages/airflow/example_dags/example_xcomargs.py took 0.089 seconds
[2026-01-05T17:35:38.531+0000] {processor.py:186} INFO - Started process (PID=2447) to work on /home/airflow/.local/lib/python3.12/site-packages/airflow/example_dags/example_xcomargs.py
[2026-01-05T17:35:38.533+0000] {processor.py:914} INFO - Processing file /home/airflow/.local/lib/python3.12/site-packages/airflow/example_dags/example_xcomargs.py for tasks to queue
[2026-01-05T17:35:38.539+0000] {logging_mixin.py:190} INFO - [2026-01-05T17:35:38.538+0000] {dagbag.py:587} INFO - Filling up the DagBag from /home/airflow/.local/lib/python3.12/site-packages/airflow/example_dags/example_xcomargs.py
[2026-01-05T17:35:38.553+0000] {processor.py:925} INFO - DAG(s) 'example_xcom_args', 'example_xcom_args_with_operators' retrieved from /home/airflow/.local/lib/python3.12/site-packages/airflow/example_dags/example_xcomargs.py
[2026-01-05T17:35:38.583+0000] {logging_mixin.py:190} INFO - [2026-01-05T17:35:38.583+0000] {dag.py:3211} INFO - Sync 2 DAGs
[2026-01-05T17:35:38.599+0000] {logging_mixin.py:190} INFO - [2026-01-05T17:35:38.598+0000] {dag.py:4138} INFO - Setting next_dagrun for example_xcom_args to None, run_after=None
[2026-01-05T17:35:38.605+0000] {logging_mixin.py:190} INFO - [2026-01-05T17:35:38.604+0000] {dag.py:4138} INFO - Setting next_dagrun for example_xcom_args_with_operators to None, run_after=None
[2026-01-05T17:35:38.627+0000] {processor.py:208} INFO - Processing /home/airflow/.local/lib/python3.12/site-packages/airflow/example_dags/example_xcomargs.py took 0.104 seconds
[2026-01-05T17:36:09.296+0000] {processor.py:186} INFO - Started process (PID=2513) to work on /home/airflow/.local/lib/python3.12/site-packages/airflow/example_dags/example_xcomargs.py
[2026-01-05T17:36:09.299+0000] {processor.py:914} INFO - Processing file /home/airflow/.local/lib/python3.12/site-packages/airflow/example_dags/example_xcomargs.py for tasks to queue
[2026-01-05T17:36:09.302+0000] {logging_mixin.py:190} INFO - [2026-01-05T17:36:09.302+0000] {dagbag.py:587} INFO - Filling up the DagBag from /home/airflow/.local/lib/python3.12/site-packages/airflow/example_dags/example_xcomargs.py
[2026-01-05T17:36:09.313+0000] {processor.py:925} INFO - DAG(s) 'example_xcom_args', 'example_xcom_args_with_operators' retrieved from /home/airflow/.local/lib/python3.12/site-packages/airflow/example_dags/example_xcomargs.py
[2026-01-05T17:36:09.343+0000] {logging_mixin.py:190} INFO - [2026-01-05T17:36:09.343+0000] {dag.py:3211} INFO - Sync 2 DAGs
[2026-01-05T17:36:09.360+0000] {logging_mixin.py:190} INFO - [2026-01-05T17:36:09.360+0000] {dag.py:4138} INFO - Setting next_dagrun for example_xcom_args to None, run_after=None
[2026-01-05T17:36:09.365+0000] {logging_mixin.py:190} INFO - [2026-01-05T17:36:09.365+0000] {dag.py:4138} INFO - Setting next_dagrun for example_xcom_args_with_operators to None, run_after=None
[2026-01-05T17:36:09.389+0000] {processor.py:208} INFO - Processing /home/airflow/.local/lib/python3.12/site-packages/airflow/example_dags/example_xcomargs.py took 0.101 seconds
[2026-01-05T17:36:40.015+0000] {processor.py:186} INFO - Started process (PID=2579) to work on /home/airflow/.local/lib/python3.12/site-packages/airflow/example_dags/example_xcomargs.py
[2026-01-05T17:36:40.017+0000] {processor.py:914} INFO - Processing file /home/airflow/.local/lib/python3.12/site-packages/airflow/example_dags/example_xcomargs.py for tasks to queue
[2026-01-05T17:36:40.020+0000] {logging_mixin.py:190} INFO - [2026-01-05T17:36:40.020+0000] {dagbag.py:587} INFO - Filling up the DagBag from /home/airflow/.local/lib/python3.12/site-packages/airflow/example_dags/example_xcomargs.py
[2026-01-05T17:36:40.030+0000] {processor.py:925} INFO - DAG(s) 'example_xcom_args', 'example_xcom_args_with_operators' retrieved from /home/airflow/.local/lib/python3.12/site-packages/airflow/example_dags/example_xcomargs.py
[2026-01-05T17:36:40.064+0000] {logging_mixin.py:190} INFO - [2026-01-05T17:36:40.064+0000] {dag.py:3211} INFO - Sync 2 DAGs
[2026-01-05T17:36:40.085+0000] {logging_mixin.py:190} INFO - [2026-01-05T17:36:40.085+0000] {dag.py:4138} INFO - Setting next_dagrun for example_xcom_args to None, run_after=None
[2026-01-05T17:36:40.089+0000] {logging_mixin.py:190} INFO - [2026-01-05T17:36:40.089+0000] {dag.py:4138} INFO - Setting next_dagrun for example_xcom_args_with_operators to None, run_after=None
[2026-01-05T17:36:40.107+0000] {processor.py:208} INFO - Processing /home/airflow/.local/lib/python3.12/site-packages/airflow/example_dags/example_xcomargs.py took 0.101 seconds
[2026-01-05T17:37:10.231+0000] {processor.py:186} INFO - Started process (PID=2645) to work on /home/airflow/.local/lib/python3.12/site-packages/airflow/example_dags/example_xcomargs.py
[2026-01-05T17:37:10.232+0000] {processor.py:914} INFO - Processing file /home/airflow/.local/lib/python3.12/site-packages/airflow/example_dags/example_xcomargs.py for tasks to queue
[2026-01-05T17:37:10.236+0000] {logging_mixin.py:190} INFO - [2026-01-05T17:37:10.236+0000] {dagbag.py:587} INFO - Filling up the DagBag from /home/airflow/.local/lib/python3.12/site-packages/airflow/example_dags/example_xcomargs.py
[2026-01-05T17:37:10.247+0000] {processor.py:925} INFO - DAG(s) 'example_xcom_args', 'example_xcom_args_with_operators' retrieved from /home/airflow/.local/lib/python3.12/site-packages/airflow/example_dags/example_xcomargs.py
[2026-01-05T17:37:10.275+0000] {logging_mixin.py:190} INFO - [2026-01-05T17:37:10.275+0000] {dag.py:3211} INFO - Sync 2 DAGs
[2026-01-05T17:37:10.292+0000] {logging_mixin.py:190} INFO - [2026-01-05T17:37:10.292+0000] {dag.py:4138} INFO - Setting next_dagrun for example_xcom_args to None, run_after=None
[2026-01-05T17:37:10.296+0000] {logging_mixin.py:190} INFO - [2026-01-05T17:37:10.296+0000] {dag.py:4138} INFO - Setting next_dagrun for example_xcom_args_with_operators to None, run_after=None
[2026-01-05T17:37:10.314+0000] {processor.py:208} INFO - Processing /home/airflow/.local/lib/python3.12/site-packages/airflow/example_dags/example_xcomargs.py took 0.092 seconds
[2026-01-05T17:37:40.930+0000] {processor.py:186} INFO - Started process (PID=2711) to work on /home/airflow/.local/lib/python3.12/site-packages/airflow/example_dags/example_xcomargs.py
[2026-01-05T17:37:40.932+0000] {processor.py:914} INFO - Processing file /home/airflow/.local/lib/python3.12/site-packages/airflow/example_dags/example_xcomargs.py for tasks to queue
[2026-01-05T17:37:40.934+0000] {logging_mixin.py:190} INFO - [2026-01-05T17:37:40.934+0000] {dagbag.py:587} INFO - Filling up the DagBag from /home/airflow/.local/lib/python3.12/site-packages/airflow/example_dags/example_xcomargs.py
[2026-01-05T17:37:40.951+0000] {processor.py:925} INFO - DAG(s) 'example_xcom_args', 'example_xcom_args_with_operators' retrieved from /home/airflow/.local/lib/python3.12/site-packages/airflow/example_dags/example_xcomargs.py
[2026-01-05T17:37:40.983+0000] {logging_mixin.py:190} INFO - [2026-01-05T17:37:40.983+0000] {dag.py:3211} INFO - Sync 2 DAGs
[2026-01-05T17:37:40.998+0000] {logging_mixin.py:190} INFO - [2026-01-05T17:37:40.997+0000] {dag.py:4138} INFO - Setting next_dagrun for example_xcom_args to None, run_after=None
[2026-01-05T17:37:41.002+0000] {logging_mixin.py:190} INFO - [2026-01-05T17:37:41.002+0000] {dag.py:4138} INFO - Setting next_dagrun for example_xcom_args_with_operators to None, run_after=None
[2026-01-05T17:37:41.027+0000] {processor.py:208} INFO - Processing /home/airflow/.local/lib/python3.12/site-packages/airflow/example_dags/example_xcomargs.py took 0.105 seconds
[2026-01-05T17:38:11.414+0000] {processor.py:186} INFO - Started process (PID=2777) to work on /home/airflow/.local/lib/python3.12/site-packages/airflow/example_dags/example_xcomargs.py
[2026-01-05T17:38:11.416+0000] {processor.py:914} INFO - Processing file /home/airflow/.local/lib/python3.12/site-packages/airflow/example_dags/example_xcomargs.py for tasks to queue
[2026-01-05T17:38:11.418+0000] {logging_mixin.py:190} INFO - [2026-01-05T17:38:11.418+0000] {dagbag.py:587} INFO - Filling up the DagBag from /home/airflow/.local/lib/python3.12/site-packages/airflow/example_dags/example_xcomargs.py
[2026-01-05T17:38:11.432+0000] {processor.py:925} INFO - DAG(s) 'example_xcom_args_with_operators', 'example_xcom_args' retrieved from /home/airflow/.local/lib/python3.12/site-packages/airflow/example_dags/example_xcomargs.py
[2026-01-05T17:38:11.464+0000] {logging_mixin.py:190} INFO - [2026-01-05T17:38:11.463+0000] {dag.py:3211} INFO - Sync 2 DAGs
[2026-01-05T17:38:11.481+0000] {logging_mixin.py:190} INFO - [2026-01-05T17:38:11.481+0000] {dag.py:4138} INFO - Setting next_dagrun for example_xcom_args to None, run_after=None
[2026-01-05T17:38:11.486+0000] {logging_mixin.py:190} INFO - [2026-01-05T17:38:11.486+0000] {dag.py:4138} INFO - Setting next_dagrun for example_xcom_args_with_operators to None, run_after=None
[2026-01-05T17:38:11.509+0000] {processor.py:208} INFO - Processing /home/airflow/.local/lib/python3.12/site-packages/airflow/example_dags/example_xcomargs.py took 0.102 seconds
[2026-01-05T17:38:42.125+0000] {processor.py:186} INFO - Started process (PID=2843) to work on /home/airflow/.local/lib/python3.12/site-packages/airflow/example_dags/example_xcomargs.py
[2026-01-05T17:38:42.129+0000] {processor.py:914} INFO - Processing file /home/airflow/.local/lib/python3.12/site-packages/airflow/example_dags/example_xcomargs.py for tasks to queue
[2026-01-05T17:38:42.132+0000] {logging_mixin.py:190} INFO - [2026-01-05T17:38:42.132+0000] {dagbag.py:587} INFO - Filling up the DagBag from /home/airflow/.local/lib/python3.12/site-packages/airflow/example_dags/example_xcomargs.py
[2026-01-05T17:38:42.143+0000] {processor.py:925} INFO - DAG(s) 'example_xcom_args_with_operators', 'example_xcom_args' retrieved from /home/airflow/.local/lib/python3.12/site-packages/airflow/example_dags/example_xcomargs.py
[2026-01-05T17:38:42.177+0000] {logging_mixin.py:190} INFO - [2026-01-05T17:38:42.176+0000] {dag.py:3211} INFO - Sync 2 DAGs
[2026-01-05T17:38:42.195+0000] {logging_mixin.py:190} INFO - [2026-01-05T17:38:42.195+0000] {dag.py:4138} INFO - Setting next_dagrun for example_xcom_args to None, run_after=None
[2026-01-05T17:38:42.200+0000] {logging_mixin.py:190} INFO - [2026-01-05T17:38:42.200+0000] {dag.py:4138} INFO - Setting next_dagrun for example_xcom_args_with_operators to None, run_after=None
[2026-01-05T17:38:42.219+0000] {processor.py:208} INFO - Processing /home/airflow/.local/lib/python3.12/site-packages/airflow/example_dags/example_xcomargs.py took 0.103 seconds
[2026-01-05T17:39:13.163+0000] {processor.py:186} INFO - Started process (PID=2909) to work on /home/airflow/.local/lib/python3.12/site-packages/airflow/example_dags/example_xcomargs.py
[2026-01-05T17:39:13.165+0000] {processor.py:914} INFO - Processing file /home/airflow/.local/lib/python3.12/site-packages/airflow/example_dags/example_xcomargs.py for tasks to queue
[2026-01-05T17:39:13.170+0000] {logging_mixin.py:190} INFO - [2026-01-05T17:39:13.169+0000] {dagbag.py:587} INFO - Filling up the DagBag from /home/airflow/.local/lib/python3.12/site-packages/airflow/example_dags/example_xcomargs.py
[2026-01-05T17:39:13.186+0000] {processor.py:925} INFO - DAG(s) 'example_xcom_args_with_operators', 'example_xcom_args' retrieved from /home/airflow/.local/lib/python3.12/site-packages/airflow/example_dags/example_xcomargs.py
[2026-01-05T17:39:13.219+0000] {logging_mixin.py:190} INFO - [2026-01-05T17:39:13.218+0000] {dag.py:3211} INFO - Sync 2 DAGs
[2026-01-05T17:39:13.239+0000] {logging_mixin.py:190} INFO - [2026-01-05T17:39:13.239+0000] {dag.py:4138} INFO - Setting next_dagrun for example_xcom_args to None, run_after=None
[2026-01-05T17:39:13.243+0000] {logging_mixin.py:190} INFO - [2026-01-05T17:39:13.243+0000] {dag.py:4138} INFO - Setting next_dagrun for example_xcom_args_with_operators to None, run_after=None
[2026-01-05T17:39:13.264+0000] {processor.py:208} INFO - Processing /home/airflow/.local/lib/python3.12/site-packages/airflow/example_dags/example_xcomargs.py took 0.109 seconds
[2026-01-05T17:39:43.811+0000] {processor.py:186} INFO - Started process (PID=2975) to work on /home/airflow/.local/lib/python3.12/site-packages/airflow/example_dags/example_xcomargs.py
[2026-01-05T17:39:43.813+0000] {processor.py:914} INFO - Processing file /home/airflow/.local/lib/python3.12/site-packages/airflow/example_dags/example_xcomargs.py for tasks to queue
[2026-01-05T17:39:43.816+0000] {logging_mixin.py:190} INFO - [2026-01-05T17:39:43.816+0000] {dagbag.py:587} INFO - Filling up the DagBag from /home/airflow/.local/lib/python3.12/site-packages/airflow/example_dags/example_xcomargs.py
[2026-01-05T17:39:43.826+0000] {processor.py:925} INFO - DAG(s) 'example_xcom_args_with_operators', 'example_xcom_args' retrieved from /home/airflow/.local/lib/python3.12/site-packages/airflow/example_dags/example_xcomargs.py
[2026-01-05T17:39:43.853+0000] {logging_mixin.py:190} INFO - [2026-01-05T17:39:43.853+0000] {dag.py:3211} INFO - Sync 2 DAGs
[2026-01-05T17:39:43.868+0000] {logging_mixin.py:190} INFO - [2026-01-05T17:39:43.868+0000] {dag.py:4138} INFO - Setting next_dagrun for example_xcom_args to None, run_after=None
[2026-01-05T17:39:43.874+0000] {logging_mixin.py:190} INFO - [2026-01-05T17:39:43.873+0000] {dag.py:4138} INFO - Setting next_dagrun for example_xcom_args_with_operators to None, run_after=None
[2026-01-05T17:39:43.896+0000] {processor.py:208} INFO - Processing /home/airflow/.local/lib/python3.12/site-packages/airflow/example_dags/example_xcomargs.py took 0.093 seconds
[2026-01-05T17:40:14.402+0000] {processor.py:186} INFO - Started process (PID=3041) to work on /home/airflow/.local/lib/python3.12/site-packages/airflow/example_dags/example_xcomargs.py
[2026-01-05T17:40:14.405+0000] {processor.py:914} INFO - Processing file /home/airflow/.local/lib/python3.12/site-packages/airflow/example_dags/example_xcomargs.py for tasks to queue
[2026-01-05T17:40:14.410+0000] {logging_mixin.py:190} INFO - [2026-01-05T17:40:14.410+0000] {dagbag.py:587} INFO - Filling up the DagBag from /home/airflow/.local/lib/python3.12/site-packages/airflow/example_dags/example_xcomargs.py
[2026-01-05T17:40:14.424+0000] {processor.py:925} INFO - DAG(s) 'example_xcom_args_with_operators', 'example_xcom_args' retrieved from /home/airflow/.local/lib/python3.12/site-packages/airflow/example_dags/example_xcomargs.py
[2026-01-05T17:40:14.469+0000] {logging_mixin.py:190} INFO - [2026-01-05T17:40:14.468+0000] {dag.py:3211} INFO - Sync 2 DAGs
[2026-01-05T17:40:14.489+0000] {logging_mixin.py:190} INFO - [2026-01-05T17:40:14.489+0000] {dag.py:4138} INFO - Setting next_dagrun for example_xcom_args to None, run_after=None
[2026-01-05T17:40:14.495+0000] {logging_mixin.py:190} INFO - [2026-01-05T17:40:14.495+0000] {dag.py:4138} INFO - Setting next_dagrun for example_xcom_args_with_operators to None, run_after=None
[2026-01-05T17:40:14.531+0000] {processor.py:208} INFO - Processing /home/airflow/.local/lib/python3.12/site-packages/airflow/example_dags/example_xcomargs.py took 0.139 seconds
[2026-01-05T17:40:44.745+0000] {processor.py:186} INFO - Started process (PID=3107) to work on /home/airflow/.local/lib/python3.12/site-packages/airflow/example_dags/example_xcomargs.py
[2026-01-05T17:40:44.747+0000] {processor.py:914} INFO - Processing file /home/airflow/.local/lib/python3.12/site-packages/airflow/example_dags/example_xcomargs.py for tasks to queue
[2026-01-05T17:40:44.751+0000] {logging_mixin.py:190} INFO - [2026-01-05T17:40:44.751+0000] {dagbag.py:587} INFO - Filling up the DagBag from /home/airflow/.local/lib/python3.12/site-packages/airflow/example_dags/example_xcomargs.py
[2026-01-05T17:40:44.767+0000] {processor.py:925} INFO - DAG(s) 'example_xcom_args', 'example_xcom_args_with_operators' retrieved from /home/airflow/.local/lib/python3.12/site-packages/airflow/example_dags/example_xcomargs.py
[2026-01-05T17:40:44.797+0000] {logging_mixin.py:190} INFO - [2026-01-05T17:40:44.796+0000] {dag.py:3211} INFO - Sync 2 DAGs
[2026-01-05T17:40:44.818+0000] {logging_mixin.py:190} INFO - [2026-01-05T17:40:44.818+0000] {dag.py:4138} INFO - Setting next_dagrun for example_xcom_args to None, run_after=None
[2026-01-05T17:40:44.823+0000] {logging_mixin.py:190} INFO - [2026-01-05T17:40:44.823+0000] {dag.py:4138} INFO - Setting next_dagrun for example_xcom_args_with_operators to None, run_after=None
[2026-01-05T17:40:44.844+0000] {processor.py:208} INFO - Processing /home/airflow/.local/lib/python3.12/site-packages/airflow/example_dags/example_xcomargs.py took 0.106 seconds
[2026-01-05T17:41:14.972+0000] {processor.py:186} INFO - Started process (PID=3173) to work on /home/airflow/.local/lib/python3.12/site-packages/airflow/example_dags/example_xcomargs.py
[2026-01-05T17:41:14.974+0000] {processor.py:914} INFO - Processing file /home/airflow/.local/lib/python3.12/site-packages/airflow/example_dags/example_xcomargs.py for tasks to queue
[2026-01-05T17:41:14.977+0000] {logging_mixin.py:190} INFO - [2026-01-05T17:41:14.977+0000] {dagbag.py:587} INFO - Filling up the DagBag from /home/airflow/.local/lib/python3.12/site-packages/airflow/example_dags/example_xcomargs.py
[2026-01-05T17:41:14.988+0000] {processor.py:925} INFO - DAG(s) 'example_xcom_args', 'example_xcom_args_with_operators' retrieved from /home/airflow/.local/lib/python3.12/site-packages/airflow/example_dags/example_xcomargs.py
[2026-01-05T17:41:15.026+0000] {logging_mixin.py:190} INFO - [2026-01-05T17:41:15.026+0000] {dag.py:3211} INFO - Sync 2 DAGs
[2026-01-05T17:41:15.051+0000] {logging_mixin.py:190} INFO - [2026-01-05T17:41:15.050+0000] {dag.py:4138} INFO - Setting next_dagrun for example_xcom_args to None, run_after=None
[2026-01-05T17:41:15.058+0000] {logging_mixin.py:190} INFO - [2026-01-05T17:41:15.058+0000] {dag.py:4138} INFO - Setting next_dagrun for example_xcom_args_with_operators to None, run_after=None
[2026-01-05T17:41:15.078+0000] {processor.py:208} INFO - Processing /home/airflow/.local/lib/python3.12/site-packages/airflow/example_dags/example_xcomargs.py took 0.115 seconds
[2026-01-05T17:41:45.174+0000] {processor.py:186} INFO - Started process (PID=3239) to work on /home/airflow/.local/lib/python3.12/site-packages/airflow/example_dags/example_xcomargs.py
[2026-01-05T17:41:45.176+0000] {processor.py:914} INFO - Processing file /home/airflow/.local/lib/python3.12/site-packages/airflow/example_dags/example_xcomargs.py for tasks to queue
[2026-01-05T17:41:45.180+0000] {logging_mixin.py:190} INFO - [2026-01-05T17:41:45.179+0000] {dagbag.py:587} INFO - Filling up the DagBag from /home/airflow/.local/lib/python3.12/site-packages/airflow/example_dags/example_xcomargs.py
[2026-01-05T17:41:45.194+0000] {processor.py:925} INFO - DAG(s) 'example_xcom_args', 'example_xcom_args_with_operators' retrieved from /home/airflow/.local/lib/python3.12/site-packages/airflow/example_dags/example_xcomargs.py
[2026-01-05T17:41:45.226+0000] {logging_mixin.py:190} INFO - [2026-01-05T17:41:45.226+0000] {dag.py:3211} INFO - Sync 2 DAGs
[2026-01-05T17:41:45.243+0000] {logging_mixin.py:190} INFO - [2026-01-05T17:41:45.242+0000] {dag.py:4138} INFO - Setting next_dagrun for example_xcom_args to None, run_after=None
[2026-01-05T17:41:45.248+0000] {logging_mixin.py:190} INFO - [2026-01-05T17:41:45.248+0000] {dag.py:4138} INFO - Setting next_dagrun for example_xcom_args_with_operators to None, run_after=None
[2026-01-05T17:41:45.271+0000] {processor.py:208} INFO - Processing /home/airflow/.local/lib/python3.12/site-packages/airflow/example_dags/example_xcomargs.py took 0.107 seconds
[2026-01-05T17:42:15.655+0000] {processor.py:186} INFO - Started process (PID=3305) to work on /home/airflow/.local/lib/python3.12/site-packages/airflow/example_dags/example_xcomargs.py
[2026-01-05T17:42:15.657+0000] {processor.py:914} INFO - Processing file /home/airflow/.local/lib/python3.12/site-packages/airflow/example_dags/example_xcomargs.py for tasks to queue
[2026-01-05T17:42:15.662+0000] {logging_mixin.py:190} INFO - [2026-01-05T17:42:15.661+0000] {dagbag.py:587} INFO - Filling up the DagBag from /home/airflow/.local/lib/python3.12/site-packages/airflow/example_dags/example_xcomargs.py
[2026-01-05T17:42:15.677+0000] {processor.py:925} INFO - DAG(s) 'example_xcom_args_with_operators', 'example_xcom_args' retrieved from /home/airflow/.local/lib/python3.12/site-packages/airflow/example_dags/example_xcomargs.py
[2026-01-05T17:42:15.713+0000] {logging_mixin.py:190} INFO - [2026-01-05T17:42:15.712+0000] {dag.py:3211} INFO - Sync 2 DAGs
[2026-01-05T17:42:15.737+0000] {logging_mixin.py:190} INFO - [2026-01-05T17:42:15.737+0000] {dag.py:4138} INFO - Setting next_dagrun for example_xcom_args to None, run_after=None
[2026-01-05T17:42:15.742+0000] {logging_mixin.py:190} INFO - [2026-01-05T17:42:15.742+0000] {dag.py:4138} INFO - Setting next_dagrun for example_xcom_args_with_operators to None, run_after=None
[2026-01-05T17:42:15.771+0000] {processor.py:208} INFO - Processing /home/airflow/.local/lib/python3.12/site-packages/airflow/example_dags/example_xcomargs.py took 0.127 seconds
[2026-01-05T17:42:46.162+0000] {processor.py:186} INFO - Started process (PID=3371) to work on /home/airflow/.local/lib/python3.12/site-packages/airflow/example_dags/example_xcomargs.py
[2026-01-05T17:42:46.164+0000] {processor.py:914} INFO - Processing file /home/airflow/.local/lib/python3.12/site-packages/airflow/example_dags/example_xcomargs.py for tasks to queue
[2026-01-05T17:42:46.169+0000] {logging_mixin.py:190} INFO - [2026-01-05T17:42:46.168+0000] {dagbag.py:587} INFO - Filling up the DagBag from /home/airflow/.local/lib/python3.12/site-packages/airflow/example_dags/example_xcomargs.py
[2026-01-05T17:42:46.186+0000] {processor.py:925} INFO - DAG(s) 'example_xcom_args_with_operators', 'example_xcom_args' retrieved from /home/airflow/.local/lib/python3.12/site-packages/airflow/example_dags/example_xcomargs.py
[2026-01-05T17:42:46.221+0000] {logging_mixin.py:190} INFO - [2026-01-05T17:42:46.221+0000] {dag.py:3211} INFO - Sync 2 DAGs
[2026-01-05T17:42:46.242+0000] {logging_mixin.py:190} INFO - [2026-01-05T17:42:46.242+0000] {dag.py:4138} INFO - Setting next_dagrun for example_xcom_args to None, run_after=None
[2026-01-05T17:42:46.249+0000] {logging_mixin.py:190} INFO - [2026-01-05T17:42:46.248+0000] {dag.py:4138} INFO - Setting next_dagrun for example_xcom_args_with_operators to None, run_after=None
[2026-01-05T17:42:46.274+0000] {processor.py:208} INFO - Processing /home/airflow/.local/lib/python3.12/site-packages/airflow/example_dags/example_xcomargs.py took 0.123 seconds
[2026-01-05T17:43:16.402+0000] {processor.py:186} INFO - Started process (PID=3437) to work on /home/airflow/.local/lib/python3.12/site-packages/airflow/example_dags/example_xcomargs.py
[2026-01-05T17:43:16.404+0000] {processor.py:914} INFO - Processing file /home/airflow/.local/lib/python3.12/site-packages/airflow/example_dags/example_xcomargs.py for tasks to queue
[2026-01-05T17:43:16.409+0000] {logging_mixin.py:190} INFO - [2026-01-05T17:43:16.408+0000] {dagbag.py:587} INFO - Filling up the DagBag from /home/airflow/.local/lib/python3.12/site-packages/airflow/example_dags/example_xcomargs.py
[2026-01-05T17:43:16.427+0000] {processor.py:925} INFO - DAG(s) 'example_xcom_args_with_operators', 'example_xcom_args' retrieved from /home/airflow/.local/lib/python3.12/site-packages/airflow/example_dags/example_xcomargs.py
[2026-01-05T17:43:16.465+0000] {logging_mixin.py:190} INFO - [2026-01-05T17:43:16.465+0000] {dag.py:3211} INFO - Sync 2 DAGs
[2026-01-05T17:43:16.485+0000] {logging_mixin.py:190} INFO - [2026-01-05T17:43:16.484+0000] {dag.py:4138} INFO - Setting next_dagrun for example_xcom_args to None, run_after=None
[2026-01-05T17:43:16.491+0000] {logging_mixin.py:190} INFO - [2026-01-05T17:43:16.491+0000] {dag.py:4138} INFO - Setting next_dagrun for example_xcom_args_with_operators to None, run_after=None
[2026-01-05T17:43:16.510+0000] {processor.py:208} INFO - Processing /home/airflow/.local/lib/python3.12/site-packages/airflow/example_dags/example_xcomargs.py took 0.118 seconds
[2026-01-05T17:43:46.593+0000] {processor.py:186} INFO - Started process (PID=3502) to work on /home/airflow/.local/lib/python3.12/site-packages/airflow/example_dags/example_xcomargs.py
[2026-01-05T17:43:46.595+0000] {processor.py:914} INFO - Processing file /home/airflow/.local/lib/python3.12/site-packages/airflow/example_dags/example_xcomargs.py for tasks to queue
[2026-01-05T17:43:46.600+0000] {logging_mixin.py:190} INFO - [2026-01-05T17:43:46.600+0000] {dagbag.py:587} INFO - Filling up the DagBag from /home/airflow/.local/lib/python3.12/site-packages/airflow/example_dags/example_xcomargs.py
[2026-01-05T17:43:46.618+0000] {processor.py:925} INFO - DAG(s) 'example_xcom_args_with_operators', 'example_xcom_args' retrieved from /home/airflow/.local/lib/python3.12/site-packages/airflow/example_dags/example_xcomargs.py
[2026-01-05T17:43:46.652+0000] {logging_mixin.py:190} INFO - [2026-01-05T17:43:46.652+0000] {dag.py:3211} INFO - Sync 2 DAGs
[2026-01-05T17:43:46.675+0000] {logging_mixin.py:190} INFO - [2026-01-05T17:43:46.675+0000] {dag.py:4138} INFO - Setting next_dagrun for example_xcom_args to None, run_after=None
[2026-01-05T17:43:46.680+0000] {logging_mixin.py:190} INFO - [2026-01-05T17:43:46.680+0000] {dag.py:4138} INFO - Setting next_dagrun for example_xcom_args_with_operators to None, run_after=None
[2026-01-05T17:43:46.704+0000] {processor.py:208} INFO - Processing /home/airflow/.local/lib/python3.12/site-packages/airflow/example_dags/example_xcomargs.py took 0.123 seconds
[2026-01-05T17:44:17.354+0000] {processor.py:186} INFO - Started process (PID=3569) to work on /home/airflow/.local/lib/python3.12/site-packages/airflow/example_dags/example_xcomargs.py
[2026-01-05T17:44:17.355+0000] {processor.py:914} INFO - Processing file /home/airflow/.local/lib/python3.12/site-packages/airflow/example_dags/example_xcomargs.py for tasks to queue
[2026-01-05T17:44:17.359+0000] {logging_mixin.py:190} INFO - [2026-01-05T17:44:17.358+0000] {dagbag.py:587} INFO - Filling up the DagBag from /home/airflow/.local/lib/python3.12/site-packages/airflow/example_dags/example_xcomargs.py
[2026-01-05T17:44:17.369+0000] {processor.py:925} INFO - DAG(s) 'example_xcom_args_with_operators', 'example_xcom_args' retrieved from /home/airflow/.local/lib/python3.12/site-packages/airflow/example_dags/example_xcomargs.py
[2026-01-05T17:44:17.403+0000] {logging_mixin.py:190} INFO - [2026-01-05T17:44:17.403+0000] {dag.py:3211} INFO - Sync 2 DAGs
[2026-01-05T17:44:17.421+0000] {logging_mixin.py:190} INFO - [2026-01-05T17:44:17.421+0000] {dag.py:4138} INFO - Setting next_dagrun for example_xcom_args to None, run_after=None
[2026-01-05T17:44:17.426+0000] {logging_mixin.py:190} INFO - [2026-01-05T17:44:17.426+0000] {dag.py:4138} INFO - Setting next_dagrun for example_xcom_args_with_operators to None, run_after=None
[2026-01-05T17:44:17.450+0000] {processor.py:208} INFO - Processing /home/airflow/.local/lib/python3.12/site-packages/airflow/example_dags/example_xcomargs.py took 0.106 seconds
[2026-01-05T17:44:47.911+0000] {processor.py:186} INFO - Started process (PID=3636) to work on /home/airflow/.local/lib/python3.12/site-packages/airflow/example_dags/example_xcomargs.py
[2026-01-05T17:44:47.913+0000] {processor.py:914} INFO - Processing file /home/airflow/.local/lib/python3.12/site-packages/airflow/example_dags/example_xcomargs.py for tasks to queue
[2026-01-05T17:44:47.917+0000] {logging_mixin.py:190} INFO - [2026-01-05T17:44:47.916+0000] {dagbag.py:587} INFO - Filling up the DagBag from /home/airflow/.local/lib/python3.12/site-packages/airflow/example_dags/example_xcomargs.py
[2026-01-05T17:44:47.932+0000] {processor.py:925} INFO - DAG(s) 'example_xcom_args_with_operators', 'example_xcom_args' retrieved from /home/airflow/.local/lib/python3.12/site-packages/airflow/example_dags/example_xcomargs.py
[2026-01-05T17:44:47.968+0000] {logging_mixin.py:190} INFO - [2026-01-05T17:44:47.968+0000] {dag.py:3211} INFO - Sync 2 DAGs
[2026-01-05T17:44:47.989+0000] {logging_mixin.py:190} INFO - [2026-01-05T17:44:47.989+0000] {dag.py:4138} INFO - Setting next_dagrun for example_xcom_args to None, run_after=None
[2026-01-05T17:44:47.996+0000] {logging_mixin.py:190} INFO - [2026-01-05T17:44:47.996+0000] {dag.py:4138} INFO - Setting next_dagrun for example_xcom_args_with_operators to None, run_after=None
[2026-01-05T17:44:48.019+0000] {processor.py:208} INFO - Processing /home/airflow/.local/lib/python3.12/site-packages/airflow/example_dags/example_xcomargs.py took 0.118 seconds
