[2026-01-05T17:17:52.970+0000] {processor.py:186} INFO - Started process (PID=153) to work on /home/airflow/.local/lib/python3.12/site-packages/airflow/example_dags/example_task_group_decorator.py
[2026-01-05T17:17:52.973+0000] {processor.py:914} INFO - Processing file /home/airflow/.local/lib/python3.12/site-packages/airflow/example_dags/example_task_group_decorator.py for tasks to queue
[2026-01-05T17:17:52.979+0000] {logging_mixin.py:190} INFO - [2026-01-05T17:17:52.978+0000] {dagbag.py:587} INFO - Filling up the DagBag from /home/airflow/.local/lib/python3.12/site-packages/airflow/example_dags/example_task_group_decorator.py
[2026-01-05T17:17:53.027+0000] {processor.py:925} INFO - DAG(s) 'example_task_group_decorator' retrieved from /home/airflow/.local/lib/python3.12/site-packages/airflow/example_dags/example_task_group_decorator.py
[2026-01-05T17:17:53.086+0000] {logging_mixin.py:190} INFO - [2026-01-05T17:17:53.086+0000] {dag.py:3211} INFO - Sync 1 DAGs
[2026-01-05T17:17:53.135+0000] {logging_mixin.py:190} INFO - [2026-01-05T17:17:53.134+0000] {dag.py:4138} INFO - Setting next_dagrun for example_task_group_decorator to 2026-01-04 00:00:00+00:00, run_after=2026-01-05 00:00:00+00:00
[2026-01-05T17:17:53.177+0000] {processor.py:208} INFO - Processing /home/airflow/.local/lib/python3.12/site-packages/airflow/example_dags/example_task_group_decorator.py took 0.223 seconds
[2026-01-05T17:18:28.198+0000] {processor.py:186} INFO - Started process (PID=226) to work on /home/airflow/.local/lib/python3.12/site-packages/airflow/example_dags/example_task_group_decorator.py
[2026-01-05T17:18:28.201+0000] {processor.py:914} INFO - Processing file /home/airflow/.local/lib/python3.12/site-packages/airflow/example_dags/example_task_group_decorator.py for tasks to queue
[2026-01-05T17:18:28.206+0000] {logging_mixin.py:190} INFO - [2026-01-05T17:18:28.206+0000] {dagbag.py:587} INFO - Filling up the DagBag from /home/airflow/.local/lib/python3.12/site-packages/airflow/example_dags/example_task_group_decorator.py
[2026-01-05T17:18:28.244+0000] {processor.py:925} INFO - DAG(s) 'example_task_group_decorator' retrieved from /home/airflow/.local/lib/python3.12/site-packages/airflow/example_dags/example_task_group_decorator.py
[2026-01-05T17:18:28.294+0000] {logging_mixin.py:190} INFO - [2026-01-05T17:18:28.293+0000] {dag.py:3211} INFO - Sync 1 DAGs
[2026-01-05T17:18:28.341+0000] {logging_mixin.py:190} INFO - [2026-01-05T17:18:28.341+0000] {dag.py:4138} INFO - Setting next_dagrun for example_task_group_decorator to 2026-01-04 00:00:00+00:00, run_after=2026-01-05 00:00:00+00:00
[2026-01-05T17:18:28.378+0000] {processor.py:208} INFO - Processing /home/airflow/.local/lib/python3.12/site-packages/airflow/example_dags/example_task_group_decorator.py took 0.190 seconds
[2026-01-05T17:18:58.538+0000] {processor.py:186} INFO - Started process (PID=292) to work on /home/airflow/.local/lib/python3.12/site-packages/airflow/example_dags/example_task_group_decorator.py
[2026-01-05T17:18:58.540+0000] {processor.py:914} INFO - Processing file /home/airflow/.local/lib/python3.12/site-packages/airflow/example_dags/example_task_group_decorator.py for tasks to queue
[2026-01-05T17:18:58.542+0000] {logging_mixin.py:190} INFO - [2026-01-05T17:18:58.542+0000] {dagbag.py:587} INFO - Filling up the DagBag from /home/airflow/.local/lib/python3.12/site-packages/airflow/example_dags/example_task_group_decorator.py
[2026-01-05T17:18:58.562+0000] {processor.py:925} INFO - DAG(s) 'example_task_group_decorator' retrieved from /home/airflow/.local/lib/python3.12/site-packages/airflow/example_dags/example_task_group_decorator.py
[2026-01-05T17:18:58.605+0000] {logging_mixin.py:190} INFO - [2026-01-05T17:18:58.605+0000] {dag.py:3211} INFO - Sync 1 DAGs
[2026-01-05T17:18:58.643+0000] {logging_mixin.py:190} INFO - [2026-01-05T17:18:58.643+0000] {dag.py:4138} INFO - Setting next_dagrun for example_task_group_decorator to 2026-01-04 00:00:00+00:00, run_after=2026-01-05 00:00:00+00:00
[2026-01-05T17:18:58.673+0000] {processor.py:208} INFO - Processing /home/airflow/.local/lib/python3.12/site-packages/airflow/example_dags/example_task_group_decorator.py took 0.144 seconds
[2026-01-05T17:19:29.121+0000] {processor.py:186} INFO - Started process (PID=358) to work on /home/airflow/.local/lib/python3.12/site-packages/airflow/example_dags/example_task_group_decorator.py
[2026-01-05T17:19:29.123+0000] {processor.py:914} INFO - Processing file /home/airflow/.local/lib/python3.12/site-packages/airflow/example_dags/example_task_group_decorator.py for tasks to queue
[2026-01-05T17:19:29.126+0000] {logging_mixin.py:190} INFO - [2026-01-05T17:19:29.125+0000] {dagbag.py:587} INFO - Filling up the DagBag from /home/airflow/.local/lib/python3.12/site-packages/airflow/example_dags/example_task_group_decorator.py
[2026-01-05T17:19:29.139+0000] {processor.py:925} INFO - DAG(s) 'example_task_group_decorator' retrieved from /home/airflow/.local/lib/python3.12/site-packages/airflow/example_dags/example_task_group_decorator.py
[2026-01-05T17:19:29.161+0000] {logging_mixin.py:190} INFO - [2026-01-05T17:19:29.161+0000] {dag.py:3211} INFO - Sync 1 DAGs
[2026-01-05T17:19:29.198+0000] {logging_mixin.py:190} INFO - [2026-01-05T17:19:29.197+0000] {dag.py:4138} INFO - Setting next_dagrun for example_task_group_decorator to 2026-01-04 00:00:00+00:00, run_after=2026-01-05 00:00:00+00:00
[2026-01-05T17:19:29.233+0000] {processor.py:208} INFO - Processing /home/airflow/.local/lib/python3.12/site-packages/airflow/example_dags/example_task_group_decorator.py took 0.120 seconds
[2026-01-05T17:19:59.944+0000] {processor.py:186} INFO - Started process (PID=424) to work on /home/airflow/.local/lib/python3.12/site-packages/airflow/example_dags/example_task_group_decorator.py
[2026-01-05T17:19:59.946+0000] {processor.py:914} INFO - Processing file /home/airflow/.local/lib/python3.12/site-packages/airflow/example_dags/example_task_group_decorator.py for tasks to queue
[2026-01-05T17:19:59.950+0000] {logging_mixin.py:190} INFO - [2026-01-05T17:19:59.950+0000] {dagbag.py:587} INFO - Filling up the DagBag from /home/airflow/.local/lib/python3.12/site-packages/airflow/example_dags/example_task_group_decorator.py
[2026-01-05T17:19:59.969+0000] {processor.py:925} INFO - DAG(s) 'example_task_group_decorator' retrieved from /home/airflow/.local/lib/python3.12/site-packages/airflow/example_dags/example_task_group_decorator.py
[2026-01-05T17:20:00.004+0000] {logging_mixin.py:190} INFO - [2026-01-05T17:20:00.003+0000] {dag.py:3211} INFO - Sync 1 DAGs
[2026-01-05T17:20:00.046+0000] {logging_mixin.py:190} INFO - [2026-01-05T17:20:00.046+0000] {dag.py:4138} INFO - Setting next_dagrun for example_task_group_decorator to 2026-01-04 00:00:00+00:00, run_after=2026-01-05 00:00:00+00:00
[2026-01-05T17:20:00.071+0000] {processor.py:208} INFO - Processing /home/airflow/.local/lib/python3.12/site-packages/airflow/example_dags/example_task_group_decorator.py took 0.133 seconds
[2026-01-05T17:20:31.185+0000] {processor.py:186} INFO - Started process (PID=490) to work on /home/airflow/.local/lib/python3.12/site-packages/airflow/example_dags/example_task_group_decorator.py
[2026-01-05T17:20:31.188+0000] {processor.py:914} INFO - Processing file /home/airflow/.local/lib/python3.12/site-packages/airflow/example_dags/example_task_group_decorator.py for tasks to queue
[2026-01-05T17:20:31.203+0000] {logging_mixin.py:190} INFO - [2026-01-05T17:20:31.202+0000] {dagbag.py:587} INFO - Filling up the DagBag from /home/airflow/.local/lib/python3.12/site-packages/airflow/example_dags/example_task_group_decorator.py
[2026-01-05T17:20:31.306+0000] {processor.py:925} INFO - DAG(s) 'example_task_group_decorator' retrieved from /home/airflow/.local/lib/python3.12/site-packages/airflow/example_dags/example_task_group_decorator.py
[2026-01-05T17:20:31.426+0000] {logging_mixin.py:190} INFO - [2026-01-05T17:20:31.425+0000] {dag.py:3211} INFO - Sync 1 DAGs
[2026-01-05T17:20:31.532+0000] {logging_mixin.py:190} INFO - [2026-01-05T17:20:31.530+0000] {dag.py:4138} INFO - Setting next_dagrun for example_task_group_decorator to 2026-01-04 00:00:00+00:00, run_after=2026-01-05 00:00:00+00:00
[2026-01-05T17:20:31.611+0000] {processor.py:208} INFO - Processing /home/airflow/.local/lib/python3.12/site-packages/airflow/example_dags/example_task_group_decorator.py took 0.464 seconds
[2026-01-05T17:21:02.334+0000] {processor.py:186} INFO - Started process (PID=556) to work on /home/airflow/.local/lib/python3.12/site-packages/airflow/example_dags/example_task_group_decorator.py
[2026-01-05T17:21:02.336+0000] {processor.py:914} INFO - Processing file /home/airflow/.local/lib/python3.12/site-packages/airflow/example_dags/example_task_group_decorator.py for tasks to queue
[2026-01-05T17:21:02.341+0000] {logging_mixin.py:190} INFO - [2026-01-05T17:21:02.340+0000] {dagbag.py:587} INFO - Filling up the DagBag from /home/airflow/.local/lib/python3.12/site-packages/airflow/example_dags/example_task_group_decorator.py
[2026-01-05T17:21:02.360+0000] {processor.py:925} INFO - DAG(s) 'example_task_group_decorator' retrieved from /home/airflow/.local/lib/python3.12/site-packages/airflow/example_dags/example_task_group_decorator.py
[2026-01-05T17:21:02.391+0000] {logging_mixin.py:190} INFO - [2026-01-05T17:21:02.391+0000] {dag.py:3211} INFO - Sync 1 DAGs
[2026-01-05T17:21:02.424+0000] {logging_mixin.py:190} INFO - [2026-01-05T17:21:02.424+0000] {dag.py:4138} INFO - Setting next_dagrun for example_task_group_decorator to 2026-01-04 00:00:00+00:00, run_after=2026-01-05 00:00:00+00:00
[2026-01-05T17:21:02.445+0000] {processor.py:208} INFO - Processing /home/airflow/.local/lib/python3.12/site-packages/airflow/example_dags/example_task_group_decorator.py took 0.117 seconds
[2026-01-05T17:21:32.599+0000] {processor.py:186} INFO - Started process (PID=622) to work on /home/airflow/.local/lib/python3.12/site-packages/airflow/example_dags/example_task_group_decorator.py
[2026-01-05T17:21:32.600+0000] {processor.py:914} INFO - Processing file /home/airflow/.local/lib/python3.12/site-packages/airflow/example_dags/example_task_group_decorator.py for tasks to queue
[2026-01-05T17:21:32.604+0000] {logging_mixin.py:190} INFO - [2026-01-05T17:21:32.603+0000] {dagbag.py:587} INFO - Filling up the DagBag from /home/airflow/.local/lib/python3.12/site-packages/airflow/example_dags/example_task_group_decorator.py
[2026-01-05T17:21:32.627+0000] {processor.py:925} INFO - DAG(s) 'example_task_group_decorator' retrieved from /home/airflow/.local/lib/python3.12/site-packages/airflow/example_dags/example_task_group_decorator.py
[2026-01-05T17:21:32.662+0000] {logging_mixin.py:190} INFO - [2026-01-05T17:21:32.662+0000] {dag.py:3211} INFO - Sync 1 DAGs
[2026-01-05T17:21:32.693+0000] {logging_mixin.py:190} INFO - [2026-01-05T17:21:32.693+0000] {dag.py:4138} INFO - Setting next_dagrun for example_task_group_decorator to 2026-01-04 00:00:00+00:00, run_after=2026-01-05 00:00:00+00:00
[2026-01-05T17:21:32.714+0000] {processor.py:208} INFO - Processing /home/airflow/.local/lib/python3.12/site-packages/airflow/example_dags/example_task_group_decorator.py took 0.126 seconds
[2026-01-05T17:22:03.589+0000] {processor.py:186} INFO - Started process (PID=688) to work on /home/airflow/.local/lib/python3.12/site-packages/airflow/example_dags/example_task_group_decorator.py
[2026-01-05T17:22:03.591+0000] {processor.py:914} INFO - Processing file /home/airflow/.local/lib/python3.12/site-packages/airflow/example_dags/example_task_group_decorator.py for tasks to queue
[2026-01-05T17:22:03.596+0000] {logging_mixin.py:190} INFO - [2026-01-05T17:22:03.595+0000] {dagbag.py:587} INFO - Filling up the DagBag from /home/airflow/.local/lib/python3.12/site-packages/airflow/example_dags/example_task_group_decorator.py
[2026-01-05T17:22:03.615+0000] {processor.py:925} INFO - DAG(s) 'example_task_group_decorator' retrieved from /home/airflow/.local/lib/python3.12/site-packages/airflow/example_dags/example_task_group_decorator.py
[2026-01-05T17:22:03.650+0000] {logging_mixin.py:190} INFO - [2026-01-05T17:22:03.650+0000] {dag.py:3211} INFO - Sync 1 DAGs
[2026-01-05T17:22:03.689+0000] {logging_mixin.py:190} INFO - [2026-01-05T17:22:03.689+0000] {dag.py:4138} INFO - Setting next_dagrun for example_task_group_decorator to 2026-01-04 00:00:00+00:00, run_after=2026-01-05 00:00:00+00:00
[2026-01-05T17:22:03.716+0000] {processor.py:208} INFO - Processing /home/airflow/.local/lib/python3.12/site-packages/airflow/example_dags/example_task_group_decorator.py took 0.133 seconds
[2026-01-05T17:22:34.078+0000] {processor.py:186} INFO - Started process (PID=754) to work on /home/airflow/.local/lib/python3.12/site-packages/airflow/example_dags/example_task_group_decorator.py
[2026-01-05T17:22:34.080+0000] {processor.py:914} INFO - Processing file /home/airflow/.local/lib/python3.12/site-packages/airflow/example_dags/example_task_group_decorator.py for tasks to queue
[2026-01-05T17:22:34.090+0000] {logging_mixin.py:190} INFO - [2026-01-05T17:22:34.089+0000] {dagbag.py:587} INFO - Filling up the DagBag from /home/airflow/.local/lib/python3.12/site-packages/airflow/example_dags/example_task_group_decorator.py
[2026-01-05T17:22:34.114+0000] {processor.py:925} INFO - DAG(s) 'example_task_group_decorator' retrieved from /home/airflow/.local/lib/python3.12/site-packages/airflow/example_dags/example_task_group_decorator.py
[2026-01-05T17:22:34.177+0000] {logging_mixin.py:190} INFO - [2026-01-05T17:22:34.176+0000] {dag.py:3211} INFO - Sync 1 DAGs
[2026-01-05T17:22:34.214+0000] {logging_mixin.py:190} INFO - [2026-01-05T17:22:34.214+0000] {dag.py:4138} INFO - Setting next_dagrun for example_task_group_decorator to 2026-01-04 00:00:00+00:00, run_after=2026-01-05 00:00:00+00:00
[2026-01-05T17:22:34.251+0000] {processor.py:208} INFO - Processing /home/airflow/.local/lib/python3.12/site-packages/airflow/example_dags/example_task_group_decorator.py took 0.181 seconds
[2026-01-05T17:23:04.431+0000] {processor.py:186} INFO - Started process (PID=820) to work on /home/airflow/.local/lib/python3.12/site-packages/airflow/example_dags/example_task_group_decorator.py
[2026-01-05T17:23:04.432+0000] {processor.py:914} INFO - Processing file /home/airflow/.local/lib/python3.12/site-packages/airflow/example_dags/example_task_group_decorator.py for tasks to queue
[2026-01-05T17:23:04.438+0000] {logging_mixin.py:190} INFO - [2026-01-05T17:23:04.437+0000] {dagbag.py:587} INFO - Filling up the DagBag from /home/airflow/.local/lib/python3.12/site-packages/airflow/example_dags/example_task_group_decorator.py
[2026-01-05T17:23:04.455+0000] {processor.py:925} INFO - DAG(s) 'example_task_group_decorator' retrieved from /home/airflow/.local/lib/python3.12/site-packages/airflow/example_dags/example_task_group_decorator.py
[2026-01-05T17:23:04.493+0000] {logging_mixin.py:190} INFO - [2026-01-05T17:23:04.492+0000] {dag.py:3211} INFO - Sync 1 DAGs
[2026-01-05T17:23:04.530+0000] {logging_mixin.py:190} INFO - [2026-01-05T17:23:04.529+0000] {dag.py:4138} INFO - Setting next_dagrun for example_task_group_decorator to 2026-01-04 00:00:00+00:00, run_after=2026-01-05 00:00:00+00:00
[2026-01-05T17:23:04.558+0000] {processor.py:208} INFO - Processing /home/airflow/.local/lib/python3.12/site-packages/airflow/example_dags/example_task_group_decorator.py took 0.143 seconds
[2026-01-05T17:23:34.762+0000] {processor.py:186} INFO - Started process (PID=886) to work on /home/airflow/.local/lib/python3.12/site-packages/airflow/example_dags/example_task_group_decorator.py
[2026-01-05T17:23:34.763+0000] {processor.py:914} INFO - Processing file /home/airflow/.local/lib/python3.12/site-packages/airflow/example_dags/example_task_group_decorator.py for tasks to queue
[2026-01-05T17:23:34.766+0000] {logging_mixin.py:190} INFO - [2026-01-05T17:23:34.766+0000] {dagbag.py:587} INFO - Filling up the DagBag from /home/airflow/.local/lib/python3.12/site-packages/airflow/example_dags/example_task_group_decorator.py
[2026-01-05T17:23:34.781+0000] {processor.py:925} INFO - DAG(s) 'example_task_group_decorator' retrieved from /home/airflow/.local/lib/python3.12/site-packages/airflow/example_dags/example_task_group_decorator.py
[2026-01-05T17:23:34.810+0000] {logging_mixin.py:190} INFO - [2026-01-05T17:23:34.809+0000] {dag.py:3211} INFO - Sync 1 DAGs
[2026-01-05T17:23:34.834+0000] {logging_mixin.py:190} INFO - [2026-01-05T17:23:34.834+0000] {dag.py:4138} INFO - Setting next_dagrun for example_task_group_decorator to 2026-01-04 00:00:00+00:00, run_after=2026-01-05 00:00:00+00:00
[2026-01-05T17:23:34.854+0000] {processor.py:208} INFO - Processing /home/airflow/.local/lib/python3.12/site-packages/airflow/example_dags/example_task_group_decorator.py took 0.099 seconds
[2026-01-05T17:24:05.006+0000] {processor.py:186} INFO - Started process (PID=952) to work on /home/airflow/.local/lib/python3.12/site-packages/airflow/example_dags/example_task_group_decorator.py
[2026-01-05T17:24:05.008+0000] {processor.py:914} INFO - Processing file /home/airflow/.local/lib/python3.12/site-packages/airflow/example_dags/example_task_group_decorator.py for tasks to queue
[2026-01-05T17:24:05.012+0000] {logging_mixin.py:190} INFO - [2026-01-05T17:24:05.012+0000] {dagbag.py:587} INFO - Filling up the DagBag from /home/airflow/.local/lib/python3.12/site-packages/airflow/example_dags/example_task_group_decorator.py
[2026-01-05T17:24:05.031+0000] {processor.py:925} INFO - DAG(s) 'example_task_group_decorator' retrieved from /home/airflow/.local/lib/python3.12/site-packages/airflow/example_dags/example_task_group_decorator.py
[2026-01-05T17:24:05.066+0000] {logging_mixin.py:190} INFO - [2026-01-05T17:24:05.066+0000] {dag.py:3211} INFO - Sync 1 DAGs
[2026-01-05T17:24:05.101+0000] {logging_mixin.py:190} INFO - [2026-01-05T17:24:05.101+0000] {dag.py:4138} INFO - Setting next_dagrun for example_task_group_decorator to 2026-01-04 00:00:00+00:00, run_after=2026-01-05 00:00:00+00:00
[2026-01-05T17:24:05.126+0000] {processor.py:208} INFO - Processing /home/airflow/.local/lib/python3.12/site-packages/airflow/example_dags/example_task_group_decorator.py took 0.128 seconds
[2026-01-05T17:24:35.707+0000] {processor.py:186} INFO - Started process (PID=1018) to work on /home/airflow/.local/lib/python3.12/site-packages/airflow/example_dags/example_task_group_decorator.py
[2026-01-05T17:24:35.709+0000] {processor.py:914} INFO - Processing file /home/airflow/.local/lib/python3.12/site-packages/airflow/example_dags/example_task_group_decorator.py for tasks to queue
[2026-01-05T17:24:35.712+0000] {logging_mixin.py:190} INFO - [2026-01-05T17:24:35.712+0000] {dagbag.py:587} INFO - Filling up the DagBag from /home/airflow/.local/lib/python3.12/site-packages/airflow/example_dags/example_task_group_decorator.py
[2026-01-05T17:24:35.727+0000] {processor.py:925} INFO - DAG(s) 'example_task_group_decorator' retrieved from /home/airflow/.local/lib/python3.12/site-packages/airflow/example_dags/example_task_group_decorator.py
[2026-01-05T17:24:35.756+0000] {logging_mixin.py:190} INFO - [2026-01-05T17:24:35.756+0000] {dag.py:3211} INFO - Sync 1 DAGs
[2026-01-05T17:24:35.783+0000] {logging_mixin.py:190} INFO - [2026-01-05T17:24:35.783+0000] {dag.py:4138} INFO - Setting next_dagrun for example_task_group_decorator to 2026-01-04 00:00:00+00:00, run_after=2026-01-05 00:00:00+00:00
[2026-01-05T17:24:35.805+0000] {processor.py:208} INFO - Processing /home/airflow/.local/lib/python3.12/site-packages/airflow/example_dags/example_task_group_decorator.py took 0.105 seconds
[2026-01-05T17:25:06.182+0000] {processor.py:186} INFO - Started process (PID=1084) to work on /home/airflow/.local/lib/python3.12/site-packages/airflow/example_dags/example_task_group_decorator.py
[2026-01-05T17:25:06.183+0000] {processor.py:914} INFO - Processing file /home/airflow/.local/lib/python3.12/site-packages/airflow/example_dags/example_task_group_decorator.py for tasks to queue
[2026-01-05T17:25:06.187+0000] {logging_mixin.py:190} INFO - [2026-01-05T17:25:06.186+0000] {dagbag.py:587} INFO - Filling up the DagBag from /home/airflow/.local/lib/python3.12/site-packages/airflow/example_dags/example_task_group_decorator.py
[2026-01-05T17:25:06.202+0000] {processor.py:925} INFO - DAG(s) 'example_task_group_decorator' retrieved from /home/airflow/.local/lib/python3.12/site-packages/airflow/example_dags/example_task_group_decorator.py
[2026-01-05T17:25:06.229+0000] {logging_mixin.py:190} INFO - [2026-01-05T17:25:06.229+0000] {dag.py:3211} INFO - Sync 1 DAGs
[2026-01-05T17:25:06.254+0000] {logging_mixin.py:190} INFO - [2026-01-05T17:25:06.254+0000] {dag.py:4138} INFO - Setting next_dagrun for example_task_group_decorator to 2026-01-04 00:00:00+00:00, run_after=2026-01-05 00:00:00+00:00
[2026-01-05T17:25:06.275+0000] {processor.py:208} INFO - Processing /home/airflow/.local/lib/python3.12/site-packages/airflow/example_dags/example_task_group_decorator.py took 0.099 seconds
[2026-01-05T17:25:36.781+0000] {processor.py:186} INFO - Started process (PID=1150) to work on /home/airflow/.local/lib/python3.12/site-packages/airflow/example_dags/example_task_group_decorator.py
[2026-01-05T17:25:36.783+0000] {processor.py:914} INFO - Processing file /home/airflow/.local/lib/python3.12/site-packages/airflow/example_dags/example_task_group_decorator.py for tasks to queue
[2026-01-05T17:25:36.787+0000] {logging_mixin.py:190} INFO - [2026-01-05T17:25:36.787+0000] {dagbag.py:587} INFO - Filling up the DagBag from /home/airflow/.local/lib/python3.12/site-packages/airflow/example_dags/example_task_group_decorator.py
[2026-01-05T17:25:36.818+0000] {processor.py:925} INFO - DAG(s) 'example_task_group_decorator' retrieved from /home/airflow/.local/lib/python3.12/site-packages/airflow/example_dags/example_task_group_decorator.py
[2026-01-05T17:25:36.877+0000] {logging_mixin.py:190} INFO - [2026-01-05T17:25:36.876+0000] {dag.py:3211} INFO - Sync 1 DAGs
[2026-01-05T17:25:36.899+0000] {logging_mixin.py:190} INFO - [2026-01-05T17:25:36.899+0000] {dag.py:4138} INFO - Setting next_dagrun for example_task_group_decorator to 2026-01-04 00:00:00+00:00, run_after=2026-01-05 00:00:00+00:00
[2026-01-05T17:25:36.919+0000] {processor.py:208} INFO - Processing /home/airflow/.local/lib/python3.12/site-packages/airflow/example_dags/example_task_group_decorator.py took 0.147 seconds
[2026-01-05T17:26:07.326+0000] {processor.py:186} INFO - Started process (PID=1216) to work on /home/airflow/.local/lib/python3.12/site-packages/airflow/example_dags/example_task_group_decorator.py
[2026-01-05T17:26:07.328+0000] {processor.py:914} INFO - Processing file /home/airflow/.local/lib/python3.12/site-packages/airflow/example_dags/example_task_group_decorator.py for tasks to queue
[2026-01-05T17:26:07.331+0000] {logging_mixin.py:190} INFO - [2026-01-05T17:26:07.331+0000] {dagbag.py:587} INFO - Filling up the DagBag from /home/airflow/.local/lib/python3.12/site-packages/airflow/example_dags/example_task_group_decorator.py
[2026-01-05T17:26:07.350+0000] {processor.py:925} INFO - DAG(s) 'example_task_group_decorator' retrieved from /home/airflow/.local/lib/python3.12/site-packages/airflow/example_dags/example_task_group_decorator.py
[2026-01-05T17:26:07.380+0000] {logging_mixin.py:190} INFO - [2026-01-05T17:26:07.380+0000] {dag.py:3211} INFO - Sync 1 DAGs
[2026-01-05T17:26:07.406+0000] {logging_mixin.py:190} INFO - [2026-01-05T17:26:07.406+0000] {dag.py:4138} INFO - Setting next_dagrun for example_task_group_decorator to 2026-01-04 00:00:00+00:00, run_after=2026-01-05 00:00:00+00:00
[2026-01-05T17:26:07.427+0000] {processor.py:208} INFO - Processing /home/airflow/.local/lib/python3.12/site-packages/airflow/example_dags/example_task_group_decorator.py took 0.108 seconds
[2026-01-05T17:26:37.927+0000] {processor.py:186} INFO - Started process (PID=1282) to work on /home/airflow/.local/lib/python3.12/site-packages/airflow/example_dags/example_task_group_decorator.py
[2026-01-05T17:26:37.929+0000] {processor.py:914} INFO - Processing file /home/airflow/.local/lib/python3.12/site-packages/airflow/example_dags/example_task_group_decorator.py for tasks to queue
[2026-01-05T17:26:37.932+0000] {logging_mixin.py:190} INFO - [2026-01-05T17:26:37.932+0000] {dagbag.py:587} INFO - Filling up the DagBag from /home/airflow/.local/lib/python3.12/site-packages/airflow/example_dags/example_task_group_decorator.py
[2026-01-05T17:26:37.950+0000] {processor.py:925} INFO - DAG(s) 'example_task_group_decorator' retrieved from /home/airflow/.local/lib/python3.12/site-packages/airflow/example_dags/example_task_group_decorator.py
[2026-01-05T17:26:37.979+0000] {logging_mixin.py:190} INFO - [2026-01-05T17:26:37.979+0000] {dag.py:3211} INFO - Sync 1 DAGs
[2026-01-05T17:26:38.007+0000] {logging_mixin.py:190} INFO - [2026-01-05T17:26:38.007+0000] {dag.py:4138} INFO - Setting next_dagrun for example_task_group_decorator to 2026-01-04 00:00:00+00:00, run_after=2026-01-05 00:00:00+00:00
[2026-01-05T17:26:38.033+0000] {processor.py:208} INFO - Processing /home/airflow/.local/lib/python3.12/site-packages/airflow/example_dags/example_task_group_decorator.py took 0.114 seconds
[2026-01-05T17:27:08.547+0000] {processor.py:186} INFO - Started process (PID=1348) to work on /home/airflow/.local/lib/python3.12/site-packages/airflow/example_dags/example_task_group_decorator.py
[2026-01-05T17:27:08.548+0000] {processor.py:914} INFO - Processing file /home/airflow/.local/lib/python3.12/site-packages/airflow/example_dags/example_task_group_decorator.py for tasks to queue
[2026-01-05T17:27:08.551+0000] {logging_mixin.py:190} INFO - [2026-01-05T17:27:08.550+0000] {dagbag.py:587} INFO - Filling up the DagBag from /home/airflow/.local/lib/python3.12/site-packages/airflow/example_dags/example_task_group_decorator.py
[2026-01-05T17:27:08.569+0000] {processor.py:925} INFO - DAG(s) 'example_task_group_decorator' retrieved from /home/airflow/.local/lib/python3.12/site-packages/airflow/example_dags/example_task_group_decorator.py
[2026-01-05T17:27:08.601+0000] {logging_mixin.py:190} INFO - [2026-01-05T17:27:08.600+0000] {dag.py:3211} INFO - Sync 1 DAGs
[2026-01-05T17:27:08.624+0000] {logging_mixin.py:190} INFO - [2026-01-05T17:27:08.624+0000] {dag.py:4138} INFO - Setting next_dagrun for example_task_group_decorator to 2026-01-04 00:00:00+00:00, run_after=2026-01-05 00:00:00+00:00
[2026-01-05T17:27:08.647+0000] {processor.py:208} INFO - Processing /home/airflow/.local/lib/python3.12/site-packages/airflow/example_dags/example_task_group_decorator.py took 0.106 seconds
[2026-01-05T17:27:39.623+0000] {processor.py:186} INFO - Started process (PID=1414) to work on /home/airflow/.local/lib/python3.12/site-packages/airflow/example_dags/example_task_group_decorator.py
[2026-01-05T17:27:39.625+0000] {processor.py:914} INFO - Processing file /home/airflow/.local/lib/python3.12/site-packages/airflow/example_dags/example_task_group_decorator.py for tasks to queue
[2026-01-05T17:27:39.629+0000] {logging_mixin.py:190} INFO - [2026-01-05T17:27:39.628+0000] {dagbag.py:587} INFO - Filling up the DagBag from /home/airflow/.local/lib/python3.12/site-packages/airflow/example_dags/example_task_group_decorator.py
[2026-01-05T17:27:39.646+0000] {processor.py:925} INFO - DAG(s) 'example_task_group_decorator' retrieved from /home/airflow/.local/lib/python3.12/site-packages/airflow/example_dags/example_task_group_decorator.py
[2026-01-05T17:27:39.684+0000] {logging_mixin.py:190} INFO - [2026-01-05T17:27:39.684+0000] {dag.py:3211} INFO - Sync 1 DAGs
[2026-01-05T17:27:39.716+0000] {logging_mixin.py:190} INFO - [2026-01-05T17:27:39.715+0000] {dag.py:4138} INFO - Setting next_dagrun for example_task_group_decorator to 2026-01-04 00:00:00+00:00, run_after=2026-01-05 00:00:00+00:00
[2026-01-05T17:27:39.742+0000] {processor.py:208} INFO - Processing /home/airflow/.local/lib/python3.12/site-packages/airflow/example_dags/example_task_group_decorator.py took 0.129 seconds
[2026-01-05T17:28:10.064+0000] {processor.py:186} INFO - Started process (PID=1480) to work on /home/airflow/.local/lib/python3.12/site-packages/airflow/example_dags/example_task_group_decorator.py
[2026-01-05T17:28:10.066+0000] {processor.py:914} INFO - Processing file /home/airflow/.local/lib/python3.12/site-packages/airflow/example_dags/example_task_group_decorator.py for tasks to queue
[2026-01-05T17:28:10.068+0000] {logging_mixin.py:190} INFO - [2026-01-05T17:28:10.068+0000] {dagbag.py:587} INFO - Filling up the DagBag from /home/airflow/.local/lib/python3.12/site-packages/airflow/example_dags/example_task_group_decorator.py
[2026-01-05T17:28:10.087+0000] {processor.py:925} INFO - DAG(s) 'example_task_group_decorator' retrieved from /home/airflow/.local/lib/python3.12/site-packages/airflow/example_dags/example_task_group_decorator.py
[2026-01-05T17:28:10.125+0000] {logging_mixin.py:190} INFO - [2026-01-05T17:28:10.124+0000] {dag.py:3211} INFO - Sync 1 DAGs
[2026-01-05T17:28:10.176+0000] {logging_mixin.py:190} INFO - [2026-01-05T17:28:10.176+0000] {dag.py:4138} INFO - Setting next_dagrun for example_task_group_decorator to 2026-01-04 00:00:00+00:00, run_after=2026-01-05 00:00:00+00:00
[2026-01-05T17:28:10.205+0000] {processor.py:208} INFO - Processing /home/airflow/.local/lib/python3.12/site-packages/airflow/example_dags/example_task_group_decorator.py took 0.154 seconds
[2026-01-05T17:28:41.146+0000] {processor.py:186} INFO - Started process (PID=1546) to work on /home/airflow/.local/lib/python3.12/site-packages/airflow/example_dags/example_task_group_decorator.py
[2026-01-05T17:28:41.148+0000] {processor.py:914} INFO - Processing file /home/airflow/.local/lib/python3.12/site-packages/airflow/example_dags/example_task_group_decorator.py for tasks to queue
[2026-01-05T17:28:41.152+0000] {logging_mixin.py:190} INFO - [2026-01-05T17:28:41.152+0000] {dagbag.py:587} INFO - Filling up the DagBag from /home/airflow/.local/lib/python3.12/site-packages/airflow/example_dags/example_task_group_decorator.py
[2026-01-05T17:28:41.178+0000] {processor.py:925} INFO - DAG(s) 'example_task_group_decorator' retrieved from /home/airflow/.local/lib/python3.12/site-packages/airflow/example_dags/example_task_group_decorator.py
[2026-01-05T17:28:41.218+0000] {logging_mixin.py:190} INFO - [2026-01-05T17:28:41.218+0000] {dag.py:3211} INFO - Sync 1 DAGs
[2026-01-05T17:28:41.243+0000] {logging_mixin.py:190} INFO - [2026-01-05T17:28:41.243+0000] {dag.py:4138} INFO - Setting next_dagrun for example_task_group_decorator to 2026-01-04 00:00:00+00:00, run_after=2026-01-05 00:00:00+00:00
[2026-01-05T17:28:41.266+0000] {processor.py:208} INFO - Processing /home/airflow/.local/lib/python3.12/site-packages/airflow/example_dags/example_task_group_decorator.py took 0.128 seconds
[2026-01-05T17:29:11.924+0000] {processor.py:186} INFO - Started process (PID=1612) to work on /home/airflow/.local/lib/python3.12/site-packages/airflow/example_dags/example_task_group_decorator.py
[2026-01-05T17:29:11.926+0000] {processor.py:914} INFO - Processing file /home/airflow/.local/lib/python3.12/site-packages/airflow/example_dags/example_task_group_decorator.py for tasks to queue
[2026-01-05T17:29:11.930+0000] {logging_mixin.py:190} INFO - [2026-01-05T17:29:11.929+0000] {dagbag.py:587} INFO - Filling up the DagBag from /home/airflow/.local/lib/python3.12/site-packages/airflow/example_dags/example_task_group_decorator.py
[2026-01-05T17:29:11.955+0000] {processor.py:925} INFO - DAG(s) 'example_task_group_decorator' retrieved from /home/airflow/.local/lib/python3.12/site-packages/airflow/example_dags/example_task_group_decorator.py
[2026-01-05T17:29:11.986+0000] {logging_mixin.py:190} INFO - [2026-01-05T17:29:11.986+0000] {dag.py:3211} INFO - Sync 1 DAGs
[2026-01-05T17:29:12.013+0000] {logging_mixin.py:190} INFO - [2026-01-05T17:29:12.012+0000] {dag.py:4138} INFO - Setting next_dagrun for example_task_group_decorator to 2026-01-04 00:00:00+00:00, run_after=2026-01-05 00:00:00+00:00
[2026-01-05T17:29:12.031+0000] {processor.py:208} INFO - Processing /home/airflow/.local/lib/python3.12/site-packages/airflow/example_dags/example_task_group_decorator.py took 0.114 seconds
[2026-01-05T17:29:42.612+0000] {processor.py:186} INFO - Started process (PID=1678) to work on /home/airflow/.local/lib/python3.12/site-packages/airflow/example_dags/example_task_group_decorator.py
[2026-01-05T17:29:42.614+0000] {processor.py:914} INFO - Processing file /home/airflow/.local/lib/python3.12/site-packages/airflow/example_dags/example_task_group_decorator.py for tasks to queue
[2026-01-05T17:29:42.618+0000] {logging_mixin.py:190} INFO - [2026-01-05T17:29:42.617+0000] {dagbag.py:587} INFO - Filling up the DagBag from /home/airflow/.local/lib/python3.12/site-packages/airflow/example_dags/example_task_group_decorator.py
[2026-01-05T17:29:42.638+0000] {processor.py:925} INFO - DAG(s) 'example_task_group_decorator' retrieved from /home/airflow/.local/lib/python3.12/site-packages/airflow/example_dags/example_task_group_decorator.py
[2026-01-05T17:29:42.666+0000] {logging_mixin.py:190} INFO - [2026-01-05T17:29:42.666+0000] {dag.py:3211} INFO - Sync 1 DAGs
[2026-01-05T17:29:42.695+0000] {logging_mixin.py:190} INFO - [2026-01-05T17:29:42.695+0000] {dag.py:4138} INFO - Setting next_dagrun for example_task_group_decorator to 2026-01-04 00:00:00+00:00, run_after=2026-01-05 00:00:00+00:00
[2026-01-05T17:29:42.716+0000] {processor.py:208} INFO - Processing /home/airflow/.local/lib/python3.12/site-packages/airflow/example_dags/example_task_group_decorator.py took 0.112 seconds
[2026-01-05T17:30:13.120+0000] {processor.py:186} INFO - Started process (PID=1744) to work on /home/airflow/.local/lib/python3.12/site-packages/airflow/example_dags/example_task_group_decorator.py
[2026-01-05T17:30:13.123+0000] {processor.py:914} INFO - Processing file /home/airflow/.local/lib/python3.12/site-packages/airflow/example_dags/example_task_group_decorator.py for tasks to queue
[2026-01-05T17:30:13.127+0000] {logging_mixin.py:190} INFO - [2026-01-05T17:30:13.126+0000] {dagbag.py:587} INFO - Filling up the DagBag from /home/airflow/.local/lib/python3.12/site-packages/airflow/example_dags/example_task_group_decorator.py
[2026-01-05T17:30:13.144+0000] {processor.py:925} INFO - DAG(s) 'example_task_group_decorator' retrieved from /home/airflow/.local/lib/python3.12/site-packages/airflow/example_dags/example_task_group_decorator.py
[2026-01-05T17:30:13.175+0000] {logging_mixin.py:190} INFO - [2026-01-05T17:30:13.175+0000] {dag.py:3211} INFO - Sync 1 DAGs
[2026-01-05T17:30:13.203+0000] {logging_mixin.py:190} INFO - [2026-01-05T17:30:13.203+0000] {dag.py:4138} INFO - Setting next_dagrun for example_task_group_decorator to 2026-01-04 00:00:00+00:00, run_after=2026-01-05 00:00:00+00:00
[2026-01-05T17:30:13.234+0000] {processor.py:208} INFO - Processing /home/airflow/.local/lib/python3.12/site-packages/airflow/example_dags/example_task_group_decorator.py took 0.122 seconds
[2026-01-05T17:30:44.259+0000] {processor.py:186} INFO - Started process (PID=1811) to work on /home/airflow/.local/lib/python3.12/site-packages/airflow/example_dags/example_task_group_decorator.py
[2026-01-05T17:30:44.260+0000] {processor.py:914} INFO - Processing file /home/airflow/.local/lib/python3.12/site-packages/airflow/example_dags/example_task_group_decorator.py for tasks to queue
[2026-01-05T17:30:44.263+0000] {logging_mixin.py:190} INFO - [2026-01-05T17:30:44.263+0000] {dagbag.py:587} INFO - Filling up the DagBag from /home/airflow/.local/lib/python3.12/site-packages/airflow/example_dags/example_task_group_decorator.py
[2026-01-05T17:30:44.279+0000] {processor.py:925} INFO - DAG(s) 'example_task_group_decorator' retrieved from /home/airflow/.local/lib/python3.12/site-packages/airflow/example_dags/example_task_group_decorator.py
[2026-01-05T17:30:44.309+0000] {logging_mixin.py:190} INFO - [2026-01-05T17:30:44.308+0000] {dag.py:3211} INFO - Sync 1 DAGs
[2026-01-05T17:30:44.334+0000] {logging_mixin.py:190} INFO - [2026-01-05T17:30:44.334+0000] {dag.py:4138} INFO - Setting next_dagrun for example_task_group_decorator to 2026-01-04 00:00:00+00:00, run_after=2026-01-05 00:00:00+00:00
[2026-01-05T17:30:44.361+0000] {processor.py:208} INFO - Processing /home/airflow/.local/lib/python3.12/site-packages/airflow/example_dags/example_task_group_decorator.py took 0.108 seconds
[2026-01-05T17:31:14.934+0000] {processor.py:186} INFO - Started process (PID=1877) to work on /home/airflow/.local/lib/python3.12/site-packages/airflow/example_dags/example_task_group_decorator.py
[2026-01-05T17:31:14.936+0000] {processor.py:914} INFO - Processing file /home/airflow/.local/lib/python3.12/site-packages/airflow/example_dags/example_task_group_decorator.py for tasks to queue
[2026-01-05T17:31:14.940+0000] {logging_mixin.py:190} INFO - [2026-01-05T17:31:14.939+0000] {dagbag.py:587} INFO - Filling up the DagBag from /home/airflow/.local/lib/python3.12/site-packages/airflow/example_dags/example_task_group_decorator.py
[2026-01-05T17:31:14.960+0000] {processor.py:925} INFO - DAG(s) 'example_task_group_decorator' retrieved from /home/airflow/.local/lib/python3.12/site-packages/airflow/example_dags/example_task_group_decorator.py
[2026-01-05T17:31:14.987+0000] {logging_mixin.py:190} INFO - [2026-01-05T17:31:14.987+0000] {dag.py:3211} INFO - Sync 1 DAGs
[2026-01-05T17:31:15.015+0000] {logging_mixin.py:190} INFO - [2026-01-05T17:31:15.014+0000] {dag.py:4138} INFO - Setting next_dagrun for example_task_group_decorator to 2026-01-04 00:00:00+00:00, run_after=2026-01-05 00:00:00+00:00
[2026-01-05T17:31:15.040+0000] {processor.py:208} INFO - Processing /home/airflow/.local/lib/python3.12/site-packages/airflow/example_dags/example_task_group_decorator.py took 0.111 seconds
[2026-01-05T17:31:45.593+0000] {processor.py:186} INFO - Started process (PID=1943) to work on /home/airflow/.local/lib/python3.12/site-packages/airflow/example_dags/example_task_group_decorator.py
[2026-01-05T17:31:45.596+0000] {processor.py:914} INFO - Processing file /home/airflow/.local/lib/python3.12/site-packages/airflow/example_dags/example_task_group_decorator.py for tasks to queue
[2026-01-05T17:31:45.599+0000] {logging_mixin.py:190} INFO - [2026-01-05T17:31:45.599+0000] {dagbag.py:587} INFO - Filling up the DagBag from /home/airflow/.local/lib/python3.12/site-packages/airflow/example_dags/example_task_group_decorator.py
[2026-01-05T17:31:45.616+0000] {processor.py:925} INFO - DAG(s) 'example_task_group_decorator' retrieved from /home/airflow/.local/lib/python3.12/site-packages/airflow/example_dags/example_task_group_decorator.py
[2026-01-05T17:31:45.647+0000] {logging_mixin.py:190} INFO - [2026-01-05T17:31:45.647+0000] {dag.py:3211} INFO - Sync 1 DAGs
[2026-01-05T17:31:45.671+0000] {logging_mixin.py:190} INFO - [2026-01-05T17:31:45.670+0000] {dag.py:4138} INFO - Setting next_dagrun for example_task_group_decorator to 2026-01-04 00:00:00+00:00, run_after=2026-01-05 00:00:00+00:00
[2026-01-05T17:31:45.695+0000] {processor.py:208} INFO - Processing /home/airflow/.local/lib/python3.12/site-packages/airflow/example_dags/example_task_group_decorator.py took 0.109 seconds
[2026-01-05T17:32:16.234+0000] {processor.py:186} INFO - Started process (PID=2009) to work on /home/airflow/.local/lib/python3.12/site-packages/airflow/example_dags/example_task_group_decorator.py
[2026-01-05T17:32:16.235+0000] {processor.py:914} INFO - Processing file /home/airflow/.local/lib/python3.12/site-packages/airflow/example_dags/example_task_group_decorator.py for tasks to queue
[2026-01-05T17:32:16.238+0000] {logging_mixin.py:190} INFO - [2026-01-05T17:32:16.238+0000] {dagbag.py:587} INFO - Filling up the DagBag from /home/airflow/.local/lib/python3.12/site-packages/airflow/example_dags/example_task_group_decorator.py
[2026-01-05T17:32:16.252+0000] {processor.py:925} INFO - DAG(s) 'example_task_group_decorator' retrieved from /home/airflow/.local/lib/python3.12/site-packages/airflow/example_dags/example_task_group_decorator.py
[2026-01-05T17:32:16.275+0000] {logging_mixin.py:190} INFO - [2026-01-05T17:32:16.274+0000] {dag.py:3211} INFO - Sync 1 DAGs
[2026-01-05T17:32:16.305+0000] {logging_mixin.py:190} INFO - [2026-01-05T17:32:16.304+0000] {dag.py:4138} INFO - Setting next_dagrun for example_task_group_decorator to 2026-01-04 00:00:00+00:00, run_after=2026-01-05 00:00:00+00:00
[2026-01-05T17:32:16.328+0000] {processor.py:208} INFO - Processing /home/airflow/.local/lib/python3.12/site-packages/airflow/example_dags/example_task_group_decorator.py took 0.099 seconds
[2026-01-05T17:32:47.049+0000] {processor.py:186} INFO - Started process (PID=2075) to work on /home/airflow/.local/lib/python3.12/site-packages/airflow/example_dags/example_task_group_decorator.py
[2026-01-05T17:32:47.051+0000] {processor.py:914} INFO - Processing file /home/airflow/.local/lib/python3.12/site-packages/airflow/example_dags/example_task_group_decorator.py for tasks to queue
[2026-01-05T17:32:47.055+0000] {logging_mixin.py:190} INFO - [2026-01-05T17:32:47.054+0000] {dagbag.py:587} INFO - Filling up the DagBag from /home/airflow/.local/lib/python3.12/site-packages/airflow/example_dags/example_task_group_decorator.py
[2026-01-05T17:32:47.072+0000] {processor.py:925} INFO - DAG(s) 'example_task_group_decorator' retrieved from /home/airflow/.local/lib/python3.12/site-packages/airflow/example_dags/example_task_group_decorator.py
[2026-01-05T17:32:47.104+0000] {logging_mixin.py:190} INFO - [2026-01-05T17:32:47.104+0000] {dag.py:3211} INFO - Sync 1 DAGs
[2026-01-05T17:32:47.394+0000] {logging_mixin.py:190} INFO - [2026-01-05T17:32:47.394+0000] {dag.py:4138} INFO - Setting next_dagrun for example_task_group_decorator to 2026-01-04 00:00:00+00:00, run_after=2026-01-05 00:00:00+00:00
[2026-01-05T17:32:47.423+0000] {processor.py:208} INFO - Processing /home/airflow/.local/lib/python3.12/site-packages/airflow/example_dags/example_task_group_decorator.py took 0.381 seconds
[2026-01-05T17:33:18.681+0000] {processor.py:186} INFO - Started process (PID=2141) to work on /home/airflow/.local/lib/python3.12/site-packages/airflow/example_dags/example_task_group_decorator.py
[2026-01-05T17:33:18.683+0000] {processor.py:914} INFO - Processing file /home/airflow/.local/lib/python3.12/site-packages/airflow/example_dags/example_task_group_decorator.py for tasks to queue
[2026-01-05T17:33:18.688+0000] {logging_mixin.py:190} INFO - [2026-01-05T17:33:18.687+0000] {dagbag.py:587} INFO - Filling up the DagBag from /home/airflow/.local/lib/python3.12/site-packages/airflow/example_dags/example_task_group_decorator.py
[2026-01-05T17:33:18.710+0000] {processor.py:925} INFO - DAG(s) 'example_task_group_decorator' retrieved from /home/airflow/.local/lib/python3.12/site-packages/airflow/example_dags/example_task_group_decorator.py
[2026-01-05T17:33:18.751+0000] {logging_mixin.py:190} INFO - [2026-01-05T17:33:18.750+0000] {dag.py:3211} INFO - Sync 1 DAGs
[2026-01-05T17:33:19.040+0000] {logging_mixin.py:190} INFO - [2026-01-05T17:33:19.040+0000] {dag.py:4138} INFO - Setting next_dagrun for example_task_group_decorator to 2026-01-04 00:00:00+00:00, run_after=2026-01-05 00:00:00+00:00
[2026-01-05T17:33:19.067+0000] {processor.py:208} INFO - Processing /home/airflow/.local/lib/python3.12/site-packages/airflow/example_dags/example_task_group_decorator.py took 0.395 seconds
[2026-01-05T17:33:49.280+0000] {processor.py:186} INFO - Started process (PID=2207) to work on /home/airflow/.local/lib/python3.12/site-packages/airflow/example_dags/example_task_group_decorator.py
[2026-01-05T17:33:49.282+0000] {processor.py:914} INFO - Processing file /home/airflow/.local/lib/python3.12/site-packages/airflow/example_dags/example_task_group_decorator.py for tasks to queue
[2026-01-05T17:33:49.287+0000] {logging_mixin.py:190} INFO - [2026-01-05T17:33:49.286+0000] {dagbag.py:587} INFO - Filling up the DagBag from /home/airflow/.local/lib/python3.12/site-packages/airflow/example_dags/example_task_group_decorator.py
[2026-01-05T17:33:49.307+0000] {processor.py:925} INFO - DAG(s) 'example_task_group_decorator' retrieved from /home/airflow/.local/lib/python3.12/site-packages/airflow/example_dags/example_task_group_decorator.py
[2026-01-05T17:33:49.337+0000] {logging_mixin.py:190} INFO - [2026-01-05T17:33:49.336+0000] {dag.py:3211} INFO - Sync 1 DAGs
[2026-01-05T17:33:49.588+0000] {logging_mixin.py:190} INFO - [2026-01-05T17:33:49.587+0000] {dag.py:4138} INFO - Setting next_dagrun for example_task_group_decorator to 2026-01-04 00:00:00+00:00, run_after=2026-01-05 00:00:00+00:00
[2026-01-05T17:33:49.609+0000] {processor.py:208} INFO - Processing /home/airflow/.local/lib/python3.12/site-packages/airflow/example_dags/example_task_group_decorator.py took 0.337 seconds
[2026-01-05T17:34:20.003+0000] {processor.py:186} INFO - Started process (PID=2273) to work on /home/airflow/.local/lib/python3.12/site-packages/airflow/example_dags/example_task_group_decorator.py
[2026-01-05T17:34:20.005+0000] {processor.py:914} INFO - Processing file /home/airflow/.local/lib/python3.12/site-packages/airflow/example_dags/example_task_group_decorator.py for tasks to queue
[2026-01-05T17:34:20.009+0000] {logging_mixin.py:190} INFO - [2026-01-05T17:34:20.008+0000] {dagbag.py:587} INFO - Filling up the DagBag from /home/airflow/.local/lib/python3.12/site-packages/airflow/example_dags/example_task_group_decorator.py
[2026-01-05T17:34:20.023+0000] {processor.py:925} INFO - DAG(s) 'example_task_group_decorator' retrieved from /home/airflow/.local/lib/python3.12/site-packages/airflow/example_dags/example_task_group_decorator.py
[2026-01-05T17:34:20.057+0000] {logging_mixin.py:190} INFO - [2026-01-05T17:34:20.056+0000] {dag.py:3211} INFO - Sync 1 DAGs
[2026-01-05T17:34:20.087+0000] {logging_mixin.py:190} INFO - [2026-01-05T17:34:20.087+0000] {dag.py:4138} INFO - Setting next_dagrun for example_task_group_decorator to 2026-01-04 00:00:00+00:00, run_after=2026-01-05 00:00:00+00:00
[2026-01-05T17:34:20.127+0000] {processor.py:208} INFO - Processing /home/airflow/.local/lib/python3.12/site-packages/airflow/example_dags/example_task_group_decorator.py took 0.135 seconds
[2026-01-05T17:34:50.355+0000] {processor.py:186} INFO - Started process (PID=2338) to work on /home/airflow/.local/lib/python3.12/site-packages/airflow/example_dags/example_task_group_decorator.py
[2026-01-05T17:34:50.356+0000] {processor.py:914} INFO - Processing file /home/airflow/.local/lib/python3.12/site-packages/airflow/example_dags/example_task_group_decorator.py for tasks to queue
[2026-01-05T17:34:50.360+0000] {logging_mixin.py:190} INFO - [2026-01-05T17:34:50.359+0000] {dagbag.py:587} INFO - Filling up the DagBag from /home/airflow/.local/lib/python3.12/site-packages/airflow/example_dags/example_task_group_decorator.py
[2026-01-05T17:34:50.375+0000] {processor.py:925} INFO - DAG(s) 'example_task_group_decorator' retrieved from /home/airflow/.local/lib/python3.12/site-packages/airflow/example_dags/example_task_group_decorator.py
[2026-01-05T17:34:50.403+0000] {logging_mixin.py:190} INFO - [2026-01-05T17:34:50.403+0000] {dag.py:3211} INFO - Sync 1 DAGs
[2026-01-05T17:34:50.427+0000] {logging_mixin.py:190} INFO - [2026-01-05T17:34:50.426+0000] {dag.py:4138} INFO - Setting next_dagrun for example_task_group_decorator to 2026-01-04 00:00:00+00:00, run_after=2026-01-05 00:00:00+00:00
[2026-01-05T17:34:50.448+0000] {processor.py:208} INFO - Processing /home/airflow/.local/lib/python3.12/site-packages/airflow/example_dags/example_task_group_decorator.py took 0.099 seconds
[2026-01-05T17:35:20.848+0000] {processor.py:186} INFO - Started process (PID=2404) to work on /home/airflow/.local/lib/python3.12/site-packages/airflow/example_dags/example_task_group_decorator.py
[2026-01-05T17:35:20.850+0000] {processor.py:914} INFO - Processing file /home/airflow/.local/lib/python3.12/site-packages/airflow/example_dags/example_task_group_decorator.py for tasks to queue
[2026-01-05T17:35:20.854+0000] {logging_mixin.py:190} INFO - [2026-01-05T17:35:20.853+0000] {dagbag.py:587} INFO - Filling up the DagBag from /home/airflow/.local/lib/python3.12/site-packages/airflow/example_dags/example_task_group_decorator.py
[2026-01-05T17:35:20.877+0000] {processor.py:925} INFO - DAG(s) 'example_task_group_decorator' retrieved from /home/airflow/.local/lib/python3.12/site-packages/airflow/example_dags/example_task_group_decorator.py
[2026-01-05T17:35:20.908+0000] {logging_mixin.py:190} INFO - [2026-01-05T17:35:20.908+0000] {dag.py:3211} INFO - Sync 1 DAGs
[2026-01-05T17:35:20.943+0000] {logging_mixin.py:190} INFO - [2026-01-05T17:35:20.942+0000] {dag.py:4138} INFO - Setting next_dagrun for example_task_group_decorator to 2026-01-04 00:00:00+00:00, run_after=2026-01-05 00:00:00+00:00
[2026-01-05T17:35:20.970+0000] {processor.py:208} INFO - Processing /home/airflow/.local/lib/python3.12/site-packages/airflow/example_dags/example_task_group_decorator.py took 0.128 seconds
[2026-01-05T17:35:51.955+0000] {processor.py:186} INFO - Started process (PID=2472) to work on /home/airflow/.local/lib/python3.12/site-packages/airflow/example_dags/example_task_group_decorator.py
[2026-01-05T17:35:51.959+0000] {processor.py:914} INFO - Processing file /home/airflow/.local/lib/python3.12/site-packages/airflow/example_dags/example_task_group_decorator.py for tasks to queue
[2026-01-05T17:35:51.963+0000] {logging_mixin.py:190} INFO - [2026-01-05T17:35:51.962+0000] {dagbag.py:587} INFO - Filling up the DagBag from /home/airflow/.local/lib/python3.12/site-packages/airflow/example_dags/example_task_group_decorator.py
[2026-01-05T17:35:51.985+0000] {processor.py:925} INFO - DAG(s) 'example_task_group_decorator' retrieved from /home/airflow/.local/lib/python3.12/site-packages/airflow/example_dags/example_task_group_decorator.py
[2026-01-05T17:35:52.015+0000] {logging_mixin.py:190} INFO - [2026-01-05T17:35:52.015+0000] {dag.py:3211} INFO - Sync 1 DAGs
[2026-01-05T17:35:52.043+0000] {logging_mixin.py:190} INFO - [2026-01-05T17:35:52.042+0000] {dag.py:4138} INFO - Setting next_dagrun for example_task_group_decorator to 2026-01-04 00:00:00+00:00, run_after=2026-01-05 00:00:00+00:00
[2026-01-05T17:35:52.061+0000] {processor.py:208} INFO - Processing /home/airflow/.local/lib/python3.12/site-packages/airflow/example_dags/example_task_group_decorator.py took 0.117 seconds
[2026-01-05T17:36:22.809+0000] {processor.py:186} INFO - Started process (PID=2538) to work on /home/airflow/.local/lib/python3.12/site-packages/airflow/example_dags/example_task_group_decorator.py
[2026-01-05T17:36:22.811+0000] {processor.py:914} INFO - Processing file /home/airflow/.local/lib/python3.12/site-packages/airflow/example_dags/example_task_group_decorator.py for tasks to queue
[2026-01-05T17:36:22.817+0000] {logging_mixin.py:190} INFO - [2026-01-05T17:36:22.816+0000] {dagbag.py:587} INFO - Filling up the DagBag from /home/airflow/.local/lib/python3.12/site-packages/airflow/example_dags/example_task_group_decorator.py
[2026-01-05T17:36:22.838+0000] {processor.py:925} INFO - DAG(s) 'example_task_group_decorator' retrieved from /home/airflow/.local/lib/python3.12/site-packages/airflow/example_dags/example_task_group_decorator.py
[2026-01-05T17:36:22.877+0000] {logging_mixin.py:190} INFO - [2026-01-05T17:36:22.876+0000] {dag.py:3211} INFO - Sync 1 DAGs
[2026-01-05T17:36:22.906+0000] {logging_mixin.py:190} INFO - [2026-01-05T17:36:22.906+0000] {dag.py:4138} INFO - Setting next_dagrun for example_task_group_decorator to 2026-01-04 00:00:00+00:00, run_after=2026-01-05 00:00:00+00:00
[2026-01-05T17:36:22.931+0000] {processor.py:208} INFO - Processing /home/airflow/.local/lib/python3.12/site-packages/airflow/example_dags/example_task_group_decorator.py took 0.129 seconds
[2026-01-05T17:36:53.337+0000] {processor.py:186} INFO - Started process (PID=2604) to work on /home/airflow/.local/lib/python3.12/site-packages/airflow/example_dags/example_task_group_decorator.py
[2026-01-05T17:36:53.339+0000] {processor.py:914} INFO - Processing file /home/airflow/.local/lib/python3.12/site-packages/airflow/example_dags/example_task_group_decorator.py for tasks to queue
[2026-01-05T17:36:53.343+0000] {logging_mixin.py:190} INFO - [2026-01-05T17:36:53.342+0000] {dagbag.py:587} INFO - Filling up the DagBag from /home/airflow/.local/lib/python3.12/site-packages/airflow/example_dags/example_task_group_decorator.py
[2026-01-05T17:36:53.361+0000] {processor.py:925} INFO - DAG(s) 'example_task_group_decorator' retrieved from /home/airflow/.local/lib/python3.12/site-packages/airflow/example_dags/example_task_group_decorator.py
[2026-01-05T17:36:53.403+0000] {logging_mixin.py:190} INFO - [2026-01-05T17:36:53.402+0000] {dag.py:3211} INFO - Sync 1 DAGs
[2026-01-05T17:36:53.433+0000] {logging_mixin.py:190} INFO - [2026-01-05T17:36:53.432+0000] {dag.py:4138} INFO - Setting next_dagrun for example_task_group_decorator to 2026-01-04 00:00:00+00:00, run_after=2026-01-05 00:00:00+00:00
[2026-01-05T17:36:53.460+0000] {processor.py:208} INFO - Processing /home/airflow/.local/lib/python3.12/site-packages/airflow/example_dags/example_task_group_decorator.py took 0.133 seconds
[2026-01-05T17:37:23.680+0000] {processor.py:186} INFO - Started process (PID=2670) to work on /home/airflow/.local/lib/python3.12/site-packages/airflow/example_dags/example_task_group_decorator.py
[2026-01-05T17:37:23.682+0000] {processor.py:914} INFO - Processing file /home/airflow/.local/lib/python3.12/site-packages/airflow/example_dags/example_task_group_decorator.py for tasks to queue
[2026-01-05T17:37:23.685+0000] {logging_mixin.py:190} INFO - [2026-01-05T17:37:23.685+0000] {dagbag.py:587} INFO - Filling up the DagBag from /home/airflow/.local/lib/python3.12/site-packages/airflow/example_dags/example_task_group_decorator.py
[2026-01-05T17:37:23.699+0000] {processor.py:925} INFO - DAG(s) 'example_task_group_decorator' retrieved from /home/airflow/.local/lib/python3.12/site-packages/airflow/example_dags/example_task_group_decorator.py
[2026-01-05T17:37:23.731+0000] {logging_mixin.py:190} INFO - [2026-01-05T17:37:23.730+0000] {dag.py:3211} INFO - Sync 1 DAGs
[2026-01-05T17:37:23.756+0000] {logging_mixin.py:190} INFO - [2026-01-05T17:37:23.756+0000] {dag.py:4138} INFO - Setting next_dagrun for example_task_group_decorator to 2026-01-04 00:00:00+00:00, run_after=2026-01-05 00:00:00+00:00
[2026-01-05T17:37:23.783+0000] {processor.py:208} INFO - Processing /home/airflow/.local/lib/python3.12/site-packages/airflow/example_dags/example_task_group_decorator.py took 0.108 seconds
[2026-01-05T17:37:54.659+0000] {processor.py:186} INFO - Started process (PID=2736) to work on /home/airflow/.local/lib/python3.12/site-packages/airflow/example_dags/example_task_group_decorator.py
[2026-01-05T17:37:54.660+0000] {processor.py:914} INFO - Processing file /home/airflow/.local/lib/python3.12/site-packages/airflow/example_dags/example_task_group_decorator.py for tasks to queue
[2026-01-05T17:37:54.664+0000] {logging_mixin.py:190} INFO - [2026-01-05T17:37:54.663+0000] {dagbag.py:587} INFO - Filling up the DagBag from /home/airflow/.local/lib/python3.12/site-packages/airflow/example_dags/example_task_group_decorator.py
[2026-01-05T17:37:54.680+0000] {processor.py:925} INFO - DAG(s) 'example_task_group_decorator' retrieved from /home/airflow/.local/lib/python3.12/site-packages/airflow/example_dags/example_task_group_decorator.py
[2026-01-05T17:37:54.721+0000] {logging_mixin.py:190} INFO - [2026-01-05T17:37:54.721+0000] {dag.py:3211} INFO - Sync 1 DAGs
[2026-01-05T17:37:54.754+0000] {logging_mixin.py:190} INFO - [2026-01-05T17:37:54.754+0000] {dag.py:4138} INFO - Setting next_dagrun for example_task_group_decorator to 2026-01-04 00:00:00+00:00, run_after=2026-01-05 00:00:00+00:00
[2026-01-05T17:37:54.776+0000] {processor.py:208} INFO - Processing /home/airflow/.local/lib/python3.12/site-packages/airflow/example_dags/example_task_group_decorator.py took 0.128 seconds
[2026-01-05T17:38:25.143+0000] {processor.py:186} INFO - Started process (PID=2802) to work on /home/airflow/.local/lib/python3.12/site-packages/airflow/example_dags/example_task_group_decorator.py
[2026-01-05T17:38:25.144+0000] {processor.py:914} INFO - Processing file /home/airflow/.local/lib/python3.12/site-packages/airflow/example_dags/example_task_group_decorator.py for tasks to queue
[2026-01-05T17:38:25.148+0000] {logging_mixin.py:190} INFO - [2026-01-05T17:38:25.148+0000] {dagbag.py:587} INFO - Filling up the DagBag from /home/airflow/.local/lib/python3.12/site-packages/airflow/example_dags/example_task_group_decorator.py
[2026-01-05T17:38:25.169+0000] {processor.py:925} INFO - DAG(s) 'example_task_group_decorator' retrieved from /home/airflow/.local/lib/python3.12/site-packages/airflow/example_dags/example_task_group_decorator.py
[2026-01-05T17:38:25.200+0000] {logging_mixin.py:190} INFO - [2026-01-05T17:38:25.199+0000] {dag.py:3211} INFO - Sync 1 DAGs
[2026-01-05T17:38:25.223+0000] {logging_mixin.py:190} INFO - [2026-01-05T17:38:25.223+0000] {dag.py:4138} INFO - Setting next_dagrun for example_task_group_decorator to 2026-01-04 00:00:00+00:00, run_after=2026-01-05 00:00:00+00:00
[2026-01-05T17:38:25.245+0000] {processor.py:208} INFO - Processing /home/airflow/.local/lib/python3.12/site-packages/airflow/example_dags/example_task_group_decorator.py took 0.109 seconds
[2026-01-05T17:38:56.222+0000] {processor.py:186} INFO - Started process (PID=2868) to work on /home/airflow/.local/lib/python3.12/site-packages/airflow/example_dags/example_task_group_decorator.py
[2026-01-05T17:38:56.224+0000] {processor.py:914} INFO - Processing file /home/airflow/.local/lib/python3.12/site-packages/airflow/example_dags/example_task_group_decorator.py for tasks to queue
[2026-01-05T17:38:56.229+0000] {logging_mixin.py:190} INFO - [2026-01-05T17:38:56.228+0000] {dagbag.py:587} INFO - Filling up the DagBag from /home/airflow/.local/lib/python3.12/site-packages/airflow/example_dags/example_task_group_decorator.py
[2026-01-05T17:38:56.247+0000] {processor.py:925} INFO - DAG(s) 'example_task_group_decorator' retrieved from /home/airflow/.local/lib/python3.12/site-packages/airflow/example_dags/example_task_group_decorator.py
[2026-01-05T17:38:56.279+0000] {logging_mixin.py:190} INFO - [2026-01-05T17:38:56.278+0000] {dag.py:3211} INFO - Sync 1 DAGs
[2026-01-05T17:38:56.310+0000] {logging_mixin.py:190} INFO - [2026-01-05T17:38:56.310+0000] {dag.py:4138} INFO - Setting next_dagrun for example_task_group_decorator to 2026-01-04 00:00:00+00:00, run_after=2026-01-05 00:00:00+00:00
[2026-01-05T17:38:56.330+0000] {processor.py:208} INFO - Processing /home/airflow/.local/lib/python3.12/site-packages/airflow/example_dags/example_task_group_decorator.py took 0.116 seconds
[2026-01-05T17:39:26.722+0000] {processor.py:186} INFO - Started process (PID=2934) to work on /home/airflow/.local/lib/python3.12/site-packages/airflow/example_dags/example_task_group_decorator.py
[2026-01-05T17:39:26.725+0000] {processor.py:914} INFO - Processing file /home/airflow/.local/lib/python3.12/site-packages/airflow/example_dags/example_task_group_decorator.py for tasks to queue
[2026-01-05T17:39:26.729+0000] {logging_mixin.py:190} INFO - [2026-01-05T17:39:26.729+0000] {dagbag.py:587} INFO - Filling up the DagBag from /home/airflow/.local/lib/python3.12/site-packages/airflow/example_dags/example_task_group_decorator.py
[2026-01-05T17:39:26.749+0000] {processor.py:925} INFO - DAG(s) 'example_task_group_decorator' retrieved from /home/airflow/.local/lib/python3.12/site-packages/airflow/example_dags/example_task_group_decorator.py
[2026-01-05T17:39:26.792+0000] {logging_mixin.py:190} INFO - [2026-01-05T17:39:26.791+0000] {dag.py:3211} INFO - Sync 1 DAGs
[2026-01-05T17:39:26.821+0000] {logging_mixin.py:190} INFO - [2026-01-05T17:39:26.821+0000] {dag.py:4138} INFO - Setting next_dagrun for example_task_group_decorator to 2026-01-04 00:00:00+00:00, run_after=2026-01-05 00:00:00+00:00
[2026-01-05T17:39:26.851+0000] {processor.py:208} INFO - Processing /home/airflow/.local/lib/python3.12/site-packages/airflow/example_dags/example_task_group_decorator.py took 0.138 seconds
[2026-01-05T17:39:57.114+0000] {processor.py:186} INFO - Started process (PID=3000) to work on /home/airflow/.local/lib/python3.12/site-packages/airflow/example_dags/example_task_group_decorator.py
[2026-01-05T17:39:57.116+0000] {processor.py:914} INFO - Processing file /home/airflow/.local/lib/python3.12/site-packages/airflow/example_dags/example_task_group_decorator.py for tasks to queue
[2026-01-05T17:39:57.120+0000] {logging_mixin.py:190} INFO - [2026-01-05T17:39:57.120+0000] {dagbag.py:587} INFO - Filling up the DagBag from /home/airflow/.local/lib/python3.12/site-packages/airflow/example_dags/example_task_group_decorator.py
[2026-01-05T17:39:57.148+0000] {processor.py:925} INFO - DAG(s) 'example_task_group_decorator' retrieved from /home/airflow/.local/lib/python3.12/site-packages/airflow/example_dags/example_task_group_decorator.py
[2026-01-05T17:39:57.186+0000] {logging_mixin.py:190} INFO - [2026-01-05T17:39:57.185+0000] {dag.py:3211} INFO - Sync 1 DAGs
[2026-01-05T17:39:57.214+0000] {logging_mixin.py:190} INFO - [2026-01-05T17:39:57.214+0000] {dag.py:4138} INFO - Setting next_dagrun for example_task_group_decorator to 2026-01-04 00:00:00+00:00, run_after=2026-01-05 00:00:00+00:00
[2026-01-05T17:39:57.242+0000] {processor.py:208} INFO - Processing /home/airflow/.local/lib/python3.12/site-packages/airflow/example_dags/example_task_group_decorator.py took 0.139 seconds
[2026-01-05T17:40:27.541+0000] {processor.py:186} INFO - Started process (PID=3065) to work on /home/airflow/.local/lib/python3.12/site-packages/airflow/example_dags/example_task_group_decorator.py
[2026-01-05T17:40:27.542+0000] {processor.py:914} INFO - Processing file /home/airflow/.local/lib/python3.12/site-packages/airflow/example_dags/example_task_group_decorator.py for tasks to queue
[2026-01-05T17:40:27.548+0000] {logging_mixin.py:190} INFO - [2026-01-05T17:40:27.548+0000] {dagbag.py:587} INFO - Filling up the DagBag from /home/airflow/.local/lib/python3.12/site-packages/airflow/example_dags/example_task_group_decorator.py
[2026-01-05T17:40:27.571+0000] {processor.py:925} INFO - DAG(s) 'example_task_group_decorator' retrieved from /home/airflow/.local/lib/python3.12/site-packages/airflow/example_dags/example_task_group_decorator.py
[2026-01-05T17:40:27.628+0000] {logging_mixin.py:190} INFO - [2026-01-05T17:40:27.628+0000] {dag.py:3211} INFO - Sync 1 DAGs
[2026-01-05T17:40:27.670+0000] {logging_mixin.py:190} INFO - [2026-01-05T17:40:27.670+0000] {dag.py:4138} INFO - Setting next_dagrun for example_task_group_decorator to 2026-01-04 00:00:00+00:00, run_after=2026-01-05 00:00:00+00:00
[2026-01-05T17:40:27.705+0000] {processor.py:208} INFO - Processing /home/airflow/.local/lib/python3.12/site-packages/airflow/example_dags/example_task_group_decorator.py took 0.173 seconds
[2026-01-05T17:40:57.887+0000] {processor.py:186} INFO - Started process (PID=3130) to work on /home/airflow/.local/lib/python3.12/site-packages/airflow/example_dags/example_task_group_decorator.py
[2026-01-05T17:40:57.890+0000] {processor.py:914} INFO - Processing file /home/airflow/.local/lib/python3.12/site-packages/airflow/example_dags/example_task_group_decorator.py for tasks to queue
[2026-01-05T17:40:57.897+0000] {logging_mixin.py:190} INFO - [2026-01-05T17:40:57.896+0000] {dagbag.py:587} INFO - Filling up the DagBag from /home/airflow/.local/lib/python3.12/site-packages/airflow/example_dags/example_task_group_decorator.py
[2026-01-05T17:40:57.926+0000] {processor.py:925} INFO - DAG(s) 'example_task_group_decorator' retrieved from /home/airflow/.local/lib/python3.12/site-packages/airflow/example_dags/example_task_group_decorator.py
[2026-01-05T17:40:57.951+0000] {logging_mixin.py:190} INFO - [2026-01-05T17:40:57.951+0000] {dag.py:3211} INFO - Sync 1 DAGs
[2026-01-05T17:40:57.978+0000] {logging_mixin.py:190} INFO - [2026-01-05T17:40:57.978+0000] {dag.py:4138} INFO - Setting next_dagrun for example_task_group_decorator to 2026-01-04 00:00:00+00:00, run_after=2026-01-05 00:00:00+00:00
[2026-01-05T17:40:57.999+0000] {processor.py:208} INFO - Processing /home/airflow/.local/lib/python3.12/site-packages/airflow/example_dags/example_task_group_decorator.py took 0.126 seconds
[2026-01-05T17:41:28.186+0000] {processor.py:186} INFO - Started process (PID=3196) to work on /home/airflow/.local/lib/python3.12/site-packages/airflow/example_dags/example_task_group_decorator.py
[2026-01-05T17:41:28.188+0000] {processor.py:914} INFO - Processing file /home/airflow/.local/lib/python3.12/site-packages/airflow/example_dags/example_task_group_decorator.py for tasks to queue
[2026-01-05T17:41:28.191+0000] {logging_mixin.py:190} INFO - [2026-01-05T17:41:28.191+0000] {dagbag.py:587} INFO - Filling up the DagBag from /home/airflow/.local/lib/python3.12/site-packages/airflow/example_dags/example_task_group_decorator.py
[2026-01-05T17:41:28.201+0000] {processor.py:925} INFO - DAG(s) 'example_task_group_decorator' retrieved from /home/airflow/.local/lib/python3.12/site-packages/airflow/example_dags/example_task_group_decorator.py
[2026-01-05T17:41:28.232+0000] {logging_mixin.py:190} INFO - [2026-01-05T17:41:28.232+0000] {dag.py:3211} INFO - Sync 1 DAGs
[2026-01-05T17:41:28.254+0000] {logging_mixin.py:190} INFO - [2026-01-05T17:41:28.254+0000] {dag.py:4138} INFO - Setting next_dagrun for example_task_group_decorator to 2026-01-04 00:00:00+00:00, run_after=2026-01-05 00:00:00+00:00
[2026-01-05T17:41:28.276+0000] {processor.py:208} INFO - Processing /home/airflow/.local/lib/python3.12/site-packages/airflow/example_dags/example_task_group_decorator.py took 0.097 seconds
[2026-01-05T17:41:58.346+0000] {processor.py:186} INFO - Started process (PID=3262) to work on /home/airflow/.local/lib/python3.12/site-packages/airflow/example_dags/example_task_group_decorator.py
[2026-01-05T17:41:58.348+0000] {processor.py:914} INFO - Processing file /home/airflow/.local/lib/python3.12/site-packages/airflow/example_dags/example_task_group_decorator.py for tasks to queue
[2026-01-05T17:41:58.352+0000] {logging_mixin.py:190} INFO - [2026-01-05T17:41:58.351+0000] {dagbag.py:587} INFO - Filling up the DagBag from /home/airflow/.local/lib/python3.12/site-packages/airflow/example_dags/example_task_group_decorator.py
[2026-01-05T17:41:58.369+0000] {processor.py:925} INFO - DAG(s) 'example_task_group_decorator' retrieved from /home/airflow/.local/lib/python3.12/site-packages/airflow/example_dags/example_task_group_decorator.py
[2026-01-05T17:41:58.402+0000] {logging_mixin.py:190} INFO - [2026-01-05T17:41:58.401+0000] {dag.py:3211} INFO - Sync 1 DAGs
[2026-01-05T17:41:58.430+0000] {logging_mixin.py:190} INFO - [2026-01-05T17:41:58.429+0000] {dag.py:4138} INFO - Setting next_dagrun for example_task_group_decorator to 2026-01-04 00:00:00+00:00, run_after=2026-01-05 00:00:00+00:00
[2026-01-05T17:41:58.458+0000] {processor.py:208} INFO - Processing /home/airflow/.local/lib/python3.12/site-packages/airflow/example_dags/example_task_group_decorator.py took 0.121 seconds
[2026-01-05T17:42:28.838+0000] {processor.py:186} INFO - Started process (PID=3328) to work on /home/airflow/.local/lib/python3.12/site-packages/airflow/example_dags/example_task_group_decorator.py
[2026-01-05T17:42:28.839+0000] {processor.py:914} INFO - Processing file /home/airflow/.local/lib/python3.12/site-packages/airflow/example_dags/example_task_group_decorator.py for tasks to queue
[2026-01-05T17:42:28.845+0000] {logging_mixin.py:190} INFO - [2026-01-05T17:42:28.844+0000] {dagbag.py:587} INFO - Filling up the DagBag from /home/airflow/.local/lib/python3.12/site-packages/airflow/example_dags/example_task_group_decorator.py
[2026-01-05T17:42:28.864+0000] {processor.py:925} INFO - DAG(s) 'example_task_group_decorator' retrieved from /home/airflow/.local/lib/python3.12/site-packages/airflow/example_dags/example_task_group_decorator.py
[2026-01-05T17:42:28.903+0000] {logging_mixin.py:190} INFO - [2026-01-05T17:42:28.903+0000] {dag.py:3211} INFO - Sync 1 DAGs
[2026-01-05T17:42:28.933+0000] {logging_mixin.py:190} INFO - [2026-01-05T17:42:28.933+0000] {dag.py:4138} INFO - Setting next_dagrun for example_task_group_decorator to 2026-01-04 00:00:00+00:00, run_after=2026-01-05 00:00:00+00:00
[2026-01-05T17:42:28.963+0000] {processor.py:208} INFO - Processing /home/airflow/.local/lib/python3.12/site-packages/airflow/example_dags/example_task_group_decorator.py took 0.133 seconds
[2026-01-05T17:42:59.175+0000] {processor.py:186} INFO - Started process (PID=3394) to work on /home/airflow/.local/lib/python3.12/site-packages/airflow/example_dags/example_task_group_decorator.py
[2026-01-05T17:42:59.177+0000] {processor.py:914} INFO - Processing file /home/airflow/.local/lib/python3.12/site-packages/airflow/example_dags/example_task_group_decorator.py for tasks to queue
[2026-01-05T17:42:59.182+0000] {logging_mixin.py:190} INFO - [2026-01-05T17:42:59.181+0000] {dagbag.py:587} INFO - Filling up the DagBag from /home/airflow/.local/lib/python3.12/site-packages/airflow/example_dags/example_task_group_decorator.py
[2026-01-05T17:42:59.197+0000] {processor.py:925} INFO - DAG(s) 'example_task_group_decorator' retrieved from /home/airflow/.local/lib/python3.12/site-packages/airflow/example_dags/example_task_group_decorator.py
[2026-01-05T17:42:59.230+0000] {logging_mixin.py:190} INFO - [2026-01-05T17:42:59.230+0000] {dag.py:3211} INFO - Sync 1 DAGs
[2026-01-05T17:42:59.263+0000] {logging_mixin.py:190} INFO - [2026-01-05T17:42:59.262+0000] {dag.py:4138} INFO - Setting next_dagrun for example_task_group_decorator to 2026-01-04 00:00:00+00:00, run_after=2026-01-05 00:00:00+00:00
[2026-01-05T17:42:59.290+0000] {processor.py:208} INFO - Processing /home/airflow/.local/lib/python3.12/site-packages/airflow/example_dags/example_task_group_decorator.py took 0.122 seconds
[2026-01-05T17:43:29.633+0000] {processor.py:186} INFO - Started process (PID=3460) to work on /home/airflow/.local/lib/python3.12/site-packages/airflow/example_dags/example_task_group_decorator.py
[2026-01-05T17:43:29.638+0000] {processor.py:914} INFO - Processing file /home/airflow/.local/lib/python3.12/site-packages/airflow/example_dags/example_task_group_decorator.py for tasks to queue
[2026-01-05T17:43:29.642+0000] {logging_mixin.py:190} INFO - [2026-01-05T17:43:29.642+0000] {dagbag.py:587} INFO - Filling up the DagBag from /home/airflow/.local/lib/python3.12/site-packages/airflow/example_dags/example_task_group_decorator.py
[2026-01-05T17:43:29.672+0000] {processor.py:925} INFO - DAG(s) 'example_task_group_decorator' retrieved from /home/airflow/.local/lib/python3.12/site-packages/airflow/example_dags/example_task_group_decorator.py
[2026-01-05T17:43:29.728+0000] {logging_mixin.py:190} INFO - [2026-01-05T17:43:29.728+0000] {dag.py:3211} INFO - Sync 1 DAGs
[2026-01-05T17:43:29.770+0000] {logging_mixin.py:190} INFO - [2026-01-05T17:43:29.770+0000] {dag.py:4138} INFO - Setting next_dagrun for example_task_group_decorator to 2026-01-04 00:00:00+00:00, run_after=2026-01-05 00:00:00+00:00
[2026-01-05T17:43:29.797+0000] {processor.py:208} INFO - Processing /home/airflow/.local/lib/python3.12/site-packages/airflow/example_dags/example_task_group_decorator.py took 0.181 seconds
[2026-01-05T17:44:00.018+0000] {processor.py:186} INFO - Started process (PID=3526) to work on /home/airflow/.local/lib/python3.12/site-packages/airflow/example_dags/example_task_group_decorator.py
[2026-01-05T17:44:00.021+0000] {processor.py:914} INFO - Processing file /home/airflow/.local/lib/python3.12/site-packages/airflow/example_dags/example_task_group_decorator.py for tasks to queue
[2026-01-05T17:44:00.027+0000] {logging_mixin.py:190} INFO - [2026-01-05T17:44:00.026+0000] {dagbag.py:587} INFO - Filling up the DagBag from /home/airflow/.local/lib/python3.12/site-packages/airflow/example_dags/example_task_group_decorator.py
[2026-01-05T17:44:00.050+0000] {processor.py:925} INFO - DAG(s) 'example_task_group_decorator' retrieved from /home/airflow/.local/lib/python3.12/site-packages/airflow/example_dags/example_task_group_decorator.py
[2026-01-05T17:44:00.082+0000] {logging_mixin.py:190} INFO - [2026-01-05T17:44:00.082+0000] {dag.py:3211} INFO - Sync 1 DAGs
[2026-01-05T17:44:00.116+0000] {logging_mixin.py:190} INFO - [2026-01-05T17:44:00.115+0000] {dag.py:4138} INFO - Setting next_dagrun for example_task_group_decorator to 2026-01-04 00:00:00+00:00, run_after=2026-01-05 00:00:00+00:00
[2026-01-05T17:44:00.145+0000] {processor.py:208} INFO - Processing /home/airflow/.local/lib/python3.12/site-packages/airflow/example_dags/example_task_group_decorator.py took 0.143 seconds
[2026-01-05T17:44:30.357+0000] {processor.py:186} INFO - Started process (PID=3592) to work on /home/airflow/.local/lib/python3.12/site-packages/airflow/example_dags/example_task_group_decorator.py
[2026-01-05T17:44:30.359+0000] {processor.py:914} INFO - Processing file /home/airflow/.local/lib/python3.12/site-packages/airflow/example_dags/example_task_group_decorator.py for tasks to queue
[2026-01-05T17:44:30.364+0000] {logging_mixin.py:190} INFO - [2026-01-05T17:44:30.364+0000] {dagbag.py:587} INFO - Filling up the DagBag from /home/airflow/.local/lib/python3.12/site-packages/airflow/example_dags/example_task_group_decorator.py
[2026-01-05T17:44:30.389+0000] {processor.py:925} INFO - DAG(s) 'example_task_group_decorator' retrieved from /home/airflow/.local/lib/python3.12/site-packages/airflow/example_dags/example_task_group_decorator.py
[2026-01-05T17:44:30.427+0000] {logging_mixin.py:190} INFO - [2026-01-05T17:44:30.426+0000] {dag.py:3211} INFO - Sync 1 DAGs
[2026-01-05T17:44:30.466+0000] {logging_mixin.py:190} INFO - [2026-01-05T17:44:30.466+0000] {dag.py:4138} INFO - Setting next_dagrun for example_task_group_decorator to 2026-01-04 00:00:00+00:00, run_after=2026-01-05 00:00:00+00:00
[2026-01-05T17:44:30.504+0000] {processor.py:208} INFO - Processing /home/airflow/.local/lib/python3.12/site-packages/airflow/example_dags/example_task_group_decorator.py took 0.159 seconds
[2026-01-05T17:45:01.023+0000] {processor.py:186} INFO - Started process (PID=3659) to work on /home/airflow/.local/lib/python3.12/site-packages/airflow/example_dags/example_task_group_decorator.py
[2026-01-05T17:45:01.024+0000] {processor.py:914} INFO - Processing file /home/airflow/.local/lib/python3.12/site-packages/airflow/example_dags/example_task_group_decorator.py for tasks to queue
[2026-01-05T17:45:01.030+0000] {logging_mixin.py:190} INFO - [2026-01-05T17:45:01.030+0000] {dagbag.py:587} INFO - Filling up the DagBag from /home/airflow/.local/lib/python3.12/site-packages/airflow/example_dags/example_task_group_decorator.py
[2026-01-05T17:45:01.051+0000] {processor.py:925} INFO - DAG(s) 'example_task_group_decorator' retrieved from /home/airflow/.local/lib/python3.12/site-packages/airflow/example_dags/example_task_group_decorator.py
[2026-01-05T17:45:01.086+0000] {logging_mixin.py:190} INFO - [2026-01-05T17:45:01.086+0000] {dag.py:3211} INFO - Sync 1 DAGs
[2026-01-05T17:45:01.123+0000] {logging_mixin.py:190} INFO - [2026-01-05T17:45:01.123+0000] {dag.py:4138} INFO - Setting next_dagrun for example_task_group_decorator to 2026-01-04 00:00:00+00:00, run_after=2026-01-05 00:00:00+00:00
[2026-01-05T17:45:01.151+0000] {processor.py:208} INFO - Processing /home/airflow/.local/lib/python3.12/site-packages/airflow/example_dags/example_task_group_decorator.py took 0.139 seconds
