[2026-01-05T17:17:45.849+0000] {processor.py:186} INFO - Started process (PID=123) to work on /home/airflow/.local/lib/python3.12/site-packages/airflow/example_dags/example_params_trigger_ui.py
[2026-01-05T17:17:45.852+0000] {processor.py:914} INFO - Processing file /home/airflow/.local/lib/python3.12/site-packages/airflow/example_dags/example_params_trigger_ui.py for tasks to queue
[2026-01-05T17:17:45.858+0000] {logging_mixin.py:190} INFO - [2026-01-05T17:17:45.857+0000] {dagbag.py:587} INFO - Filling up the DagBag from /home/airflow/.local/lib/python3.12/site-packages/airflow/example_dags/example_params_trigger_ui.py
[2026-01-05T17:17:45.889+0000] {processor.py:925} INFO - DAG(s) 'example_params_trigger_ui' retrieved from /home/airflow/.local/lib/python3.12/site-packages/airflow/example_dags/example_params_trigger_ui.py
[2026-01-05T17:17:46.063+0000] {logging_mixin.py:190} INFO - [2026-01-05T17:17:46.062+0000] {dag.py:3211} INFO - Sync 1 DAGs
[2026-01-05T17:17:46.111+0000] {logging_mixin.py:190} INFO - [2026-01-05T17:17:46.111+0000] {dag.py:4138} INFO - Setting next_dagrun for example_params_trigger_ui to None, run_after=None
[2026-01-05T17:17:46.176+0000] {processor.py:208} INFO - Processing /home/airflow/.local/lib/python3.12/site-packages/airflow/example_dags/example_params_trigger_ui.py took 0.342 seconds
[2026-01-05T17:18:16.386+0000] {processor.py:186} INFO - Started process (PID=190) to work on /home/airflow/.local/lib/python3.12/site-packages/airflow/example_dags/example_params_trigger_ui.py
[2026-01-05T17:18:16.404+0000] {processor.py:914} INFO - Processing file /home/airflow/.local/lib/python3.12/site-packages/airflow/example_dags/example_params_trigger_ui.py for tasks to queue
[2026-01-05T17:18:16.410+0000] {logging_mixin.py:190} INFO - [2026-01-05T17:18:16.409+0000] {dagbag.py:587} INFO - Filling up the DagBag from /home/airflow/.local/lib/python3.12/site-packages/airflow/example_dags/example_params_trigger_ui.py
[2026-01-05T17:18:16.447+0000] {processor.py:925} INFO - DAG(s) 'example_params_trigger_ui' retrieved from /home/airflow/.local/lib/python3.12/site-packages/airflow/example_dags/example_params_trigger_ui.py
[2026-01-05T17:18:16.560+0000] {logging_mixin.py:190} INFO - [2026-01-05T17:18:16.560+0000] {dag.py:3211} INFO - Sync 1 DAGs
[2026-01-05T17:18:16.628+0000] {logging_mixin.py:190} INFO - [2026-01-05T17:18:16.627+0000] {dag.py:4138} INFO - Setting next_dagrun for example_params_trigger_ui to None, run_after=None
[2026-01-05T17:18:16.726+0000] {processor.py:208} INFO - Processing /home/airflow/.local/lib/python3.12/site-packages/airflow/example_dags/example_params_trigger_ui.py took 0.354 seconds
[2026-01-05T17:18:47.123+0000] {processor.py:186} INFO - Started process (PID=256) to work on /home/airflow/.local/lib/python3.12/site-packages/airflow/example_dags/example_params_trigger_ui.py
[2026-01-05T17:18:47.134+0000] {processor.py:914} INFO - Processing file /home/airflow/.local/lib/python3.12/site-packages/airflow/example_dags/example_params_trigger_ui.py for tasks to queue
[2026-01-05T17:18:47.137+0000] {logging_mixin.py:190} INFO - [2026-01-05T17:18:47.137+0000] {dagbag.py:587} INFO - Filling up the DagBag from /home/airflow/.local/lib/python3.12/site-packages/airflow/example_dags/example_params_trigger_ui.py
[2026-01-05T17:18:47.151+0000] {processor.py:925} INFO - DAG(s) 'example_params_trigger_ui' retrieved from /home/airflow/.local/lib/python3.12/site-packages/airflow/example_dags/example_params_trigger_ui.py
[2026-01-05T17:18:47.220+0000] {logging_mixin.py:190} INFO - [2026-01-05T17:18:47.220+0000] {dag.py:3211} INFO - Sync 1 DAGs
[2026-01-05T17:18:47.237+0000] {logging_mixin.py:190} INFO - [2026-01-05T17:18:47.237+0000] {dag.py:4138} INFO - Setting next_dagrun for example_params_trigger_ui to None, run_after=None
[2026-01-05T17:18:47.259+0000] {processor.py:208} INFO - Processing /home/airflow/.local/lib/python3.12/site-packages/airflow/example_dags/example_params_trigger_ui.py took 0.143 seconds
[2026-01-05T17:19:18.091+0000] {processor.py:186} INFO - Started process (PID=322) to work on /home/airflow/.local/lib/python3.12/site-packages/airflow/example_dags/example_params_trigger_ui.py
[2026-01-05T17:19:18.093+0000] {processor.py:914} INFO - Processing file /home/airflow/.local/lib/python3.12/site-packages/airflow/example_dags/example_params_trigger_ui.py for tasks to queue
[2026-01-05T17:19:18.099+0000] {logging_mixin.py:190} INFO - [2026-01-05T17:19:18.098+0000] {dagbag.py:587} INFO - Filling up the DagBag from /home/airflow/.local/lib/python3.12/site-packages/airflow/example_dags/example_params_trigger_ui.py
[2026-01-05T17:19:18.124+0000] {processor.py:925} INFO - DAG(s) 'example_params_trigger_ui' retrieved from /home/airflow/.local/lib/python3.12/site-packages/airflow/example_dags/example_params_trigger_ui.py
[2026-01-05T17:19:18.226+0000] {logging_mixin.py:190} INFO - [2026-01-05T17:19:18.226+0000] {dag.py:3211} INFO - Sync 1 DAGs
[2026-01-05T17:19:18.256+0000] {logging_mixin.py:190} INFO - [2026-01-05T17:19:18.255+0000] {dag.py:4138} INFO - Setting next_dagrun for example_params_trigger_ui to None, run_after=None
[2026-01-05T17:19:18.281+0000] {processor.py:208} INFO - Processing /home/airflow/.local/lib/python3.12/site-packages/airflow/example_dags/example_params_trigger_ui.py took 0.205 seconds
[2026-01-05T17:19:48.439+0000] {processor.py:186} INFO - Started process (PID=388) to work on /home/airflow/.local/lib/python3.12/site-packages/airflow/example_dags/example_params_trigger_ui.py
[2026-01-05T17:19:48.440+0000] {processor.py:914} INFO - Processing file /home/airflow/.local/lib/python3.12/site-packages/airflow/example_dags/example_params_trigger_ui.py for tasks to queue
[2026-01-05T17:19:48.443+0000] {logging_mixin.py:190} INFO - [2026-01-05T17:19:48.443+0000] {dagbag.py:587} INFO - Filling up the DagBag from /home/airflow/.local/lib/python3.12/site-packages/airflow/example_dags/example_params_trigger_ui.py
[2026-01-05T17:19:48.454+0000] {processor.py:925} INFO - DAG(s) 'example_params_trigger_ui' retrieved from /home/airflow/.local/lib/python3.12/site-packages/airflow/example_dags/example_params_trigger_ui.py
[2026-01-05T17:19:48.504+0000] {logging_mixin.py:190} INFO - [2026-01-05T17:19:48.504+0000] {dag.py:3211} INFO - Sync 1 DAGs
[2026-01-05T17:19:48.524+0000] {logging_mixin.py:190} INFO - [2026-01-05T17:19:48.524+0000] {dag.py:4138} INFO - Setting next_dagrun for example_params_trigger_ui to None, run_after=None
[2026-01-05T17:19:48.544+0000] {processor.py:208} INFO - Processing /home/airflow/.local/lib/python3.12/site-packages/airflow/example_dags/example_params_trigger_ui.py took 0.112 seconds
[2026-01-05T17:20:18.776+0000] {processor.py:186} INFO - Started process (PID=454) to work on /home/airflow/.local/lib/python3.12/site-packages/airflow/example_dags/example_params_trigger_ui.py
[2026-01-05T17:20:18.777+0000] {processor.py:914} INFO - Processing file /home/airflow/.local/lib/python3.12/site-packages/airflow/example_dags/example_params_trigger_ui.py for tasks to queue
[2026-01-05T17:20:18.780+0000] {logging_mixin.py:190} INFO - [2026-01-05T17:20:18.780+0000] {dagbag.py:587} INFO - Filling up the DagBag from /home/airflow/.local/lib/python3.12/site-packages/airflow/example_dags/example_params_trigger_ui.py
[2026-01-05T17:20:18.790+0000] {processor.py:925} INFO - DAG(s) 'example_params_trigger_ui' retrieved from /home/airflow/.local/lib/python3.12/site-packages/airflow/example_dags/example_params_trigger_ui.py
[2026-01-05T17:20:18.835+0000] {logging_mixin.py:190} INFO - [2026-01-05T17:20:18.835+0000] {dag.py:3211} INFO - Sync 1 DAGs
[2026-01-05T17:20:18.849+0000] {logging_mixin.py:190} INFO - [2026-01-05T17:20:18.849+0000] {dag.py:4138} INFO - Setting next_dagrun for example_params_trigger_ui to None, run_after=None
[2026-01-05T17:20:18.883+0000] {processor.py:208} INFO - Processing /home/airflow/.local/lib/python3.12/site-packages/airflow/example_dags/example_params_trigger_ui.py took 0.114 seconds
[2026-01-05T17:20:50.058+0000] {processor.py:186} INFO - Started process (PID=520) to work on /home/airflow/.local/lib/python3.12/site-packages/airflow/example_dags/example_params_trigger_ui.py
[2026-01-05T17:20:50.060+0000] {processor.py:914} INFO - Processing file /home/airflow/.local/lib/python3.12/site-packages/airflow/example_dags/example_params_trigger_ui.py for tasks to queue
[2026-01-05T17:20:50.066+0000] {logging_mixin.py:190} INFO - [2026-01-05T17:20:50.065+0000] {dagbag.py:587} INFO - Filling up the DagBag from /home/airflow/.local/lib/python3.12/site-packages/airflow/example_dags/example_params_trigger_ui.py
[2026-01-05T17:20:50.081+0000] {processor.py:925} INFO - DAG(s) 'example_params_trigger_ui' retrieved from /home/airflow/.local/lib/python3.12/site-packages/airflow/example_dags/example_params_trigger_ui.py
[2026-01-05T17:20:50.132+0000] {logging_mixin.py:190} INFO - [2026-01-05T17:20:50.132+0000] {dag.py:3211} INFO - Sync 1 DAGs
[2026-01-05T17:20:50.147+0000] {logging_mixin.py:190} INFO - [2026-01-05T17:20:50.146+0000] {dag.py:4138} INFO - Setting next_dagrun for example_params_trigger_ui to None, run_after=None
[2026-01-05T17:20:50.173+0000] {processor.py:208} INFO - Processing /home/airflow/.local/lib/python3.12/site-packages/airflow/example_dags/example_params_trigger_ui.py took 0.124 seconds
[2026-01-05T17:21:20.268+0000] {processor.py:186} INFO - Started process (PID=586) to work on /home/airflow/.local/lib/python3.12/site-packages/airflow/example_dags/example_params_trigger_ui.py
[2026-01-05T17:21:20.270+0000] {processor.py:914} INFO - Processing file /home/airflow/.local/lib/python3.12/site-packages/airflow/example_dags/example_params_trigger_ui.py for tasks to queue
[2026-01-05T17:21:20.274+0000] {logging_mixin.py:190} INFO - [2026-01-05T17:21:20.273+0000] {dagbag.py:587} INFO - Filling up the DagBag from /home/airflow/.local/lib/python3.12/site-packages/airflow/example_dags/example_params_trigger_ui.py
[2026-01-05T17:21:20.284+0000] {processor.py:925} INFO - DAG(s) 'example_params_trigger_ui' retrieved from /home/airflow/.local/lib/python3.12/site-packages/airflow/example_dags/example_params_trigger_ui.py
[2026-01-05T17:21:20.330+0000] {logging_mixin.py:190} INFO - [2026-01-05T17:21:20.329+0000] {dag.py:3211} INFO - Sync 1 DAGs
[2026-01-05T17:21:20.354+0000] {logging_mixin.py:190} INFO - [2026-01-05T17:21:20.353+0000] {dag.py:4138} INFO - Setting next_dagrun for example_params_trigger_ui to None, run_after=None
[2026-01-05T17:21:20.379+0000] {processor.py:208} INFO - Processing /home/airflow/.local/lib/python3.12/site-packages/airflow/example_dags/example_params_trigger_ui.py took 0.116 seconds
[2026-01-05T17:21:50.552+0000] {processor.py:186} INFO - Started process (PID=652) to work on /home/airflow/.local/lib/python3.12/site-packages/airflow/example_dags/example_params_trigger_ui.py
[2026-01-05T17:21:50.554+0000] {processor.py:914} INFO - Processing file /home/airflow/.local/lib/python3.12/site-packages/airflow/example_dags/example_params_trigger_ui.py for tasks to queue
[2026-01-05T17:21:50.558+0000] {logging_mixin.py:190} INFO - [2026-01-05T17:21:50.558+0000] {dagbag.py:587} INFO - Filling up the DagBag from /home/airflow/.local/lib/python3.12/site-packages/airflow/example_dags/example_params_trigger_ui.py
[2026-01-05T17:21:50.572+0000] {processor.py:925} INFO - DAG(s) 'example_params_trigger_ui' retrieved from /home/airflow/.local/lib/python3.12/site-packages/airflow/example_dags/example_params_trigger_ui.py
[2026-01-05T17:21:50.617+0000] {logging_mixin.py:190} INFO - [2026-01-05T17:21:50.617+0000] {dag.py:3211} INFO - Sync 1 DAGs
[2026-01-05T17:21:50.637+0000] {logging_mixin.py:190} INFO - [2026-01-05T17:21:50.637+0000] {dag.py:4138} INFO - Setting next_dagrun for example_params_trigger_ui to None, run_after=None
[2026-01-05T17:21:50.659+0000] {processor.py:208} INFO - Processing /home/airflow/.local/lib/python3.12/site-packages/airflow/example_dags/example_params_trigger_ui.py took 0.115 seconds
[2026-01-05T17:22:21.267+0000] {processor.py:186} INFO - Started process (PID=718) to work on /home/airflow/.local/lib/python3.12/site-packages/airflow/example_dags/example_params_trigger_ui.py
[2026-01-05T17:22:21.268+0000] {processor.py:914} INFO - Processing file /home/airflow/.local/lib/python3.12/site-packages/airflow/example_dags/example_params_trigger_ui.py for tasks to queue
[2026-01-05T17:22:21.272+0000] {logging_mixin.py:190} INFO - [2026-01-05T17:22:21.271+0000] {dagbag.py:587} INFO - Filling up the DagBag from /home/airflow/.local/lib/python3.12/site-packages/airflow/example_dags/example_params_trigger_ui.py
[2026-01-05T17:22:21.283+0000] {processor.py:925} INFO - DAG(s) 'example_params_trigger_ui' retrieved from /home/airflow/.local/lib/python3.12/site-packages/airflow/example_dags/example_params_trigger_ui.py
[2026-01-05T17:22:21.326+0000] {logging_mixin.py:190} INFO - [2026-01-05T17:22:21.326+0000] {dag.py:3211} INFO - Sync 1 DAGs
[2026-01-05T17:22:21.342+0000] {logging_mixin.py:190} INFO - [2026-01-05T17:22:21.342+0000] {dag.py:4138} INFO - Setting next_dagrun for example_params_trigger_ui to None, run_after=None
[2026-01-05T17:22:21.366+0000] {processor.py:208} INFO - Processing /home/airflow/.local/lib/python3.12/site-packages/airflow/example_dags/example_params_trigger_ui.py took 0.106 seconds
[2026-01-05T17:22:52.257+0000] {processor.py:186} INFO - Started process (PID=784) to work on /home/airflow/.local/lib/python3.12/site-packages/airflow/example_dags/example_params_trigger_ui.py
[2026-01-05T17:22:52.258+0000] {processor.py:914} INFO - Processing file /home/airflow/.local/lib/python3.12/site-packages/airflow/example_dags/example_params_trigger_ui.py for tasks to queue
[2026-01-05T17:22:52.261+0000] {logging_mixin.py:190} INFO - [2026-01-05T17:22:52.261+0000] {dagbag.py:587} INFO - Filling up the DagBag from /home/airflow/.local/lib/python3.12/site-packages/airflow/example_dags/example_params_trigger_ui.py
[2026-01-05T17:22:52.273+0000] {processor.py:925} INFO - DAG(s) 'example_params_trigger_ui' retrieved from /home/airflow/.local/lib/python3.12/site-packages/airflow/example_dags/example_params_trigger_ui.py
[2026-01-05T17:22:52.317+0000] {logging_mixin.py:190} INFO - [2026-01-05T17:22:52.317+0000] {dag.py:3211} INFO - Sync 1 DAGs
[2026-01-05T17:22:52.336+0000] {logging_mixin.py:190} INFO - [2026-01-05T17:22:52.336+0000] {dag.py:4138} INFO - Setting next_dagrun for example_params_trigger_ui to None, run_after=None
[2026-01-05T17:22:52.362+0000] {processor.py:208} INFO - Processing /home/airflow/.local/lib/python3.12/site-packages/airflow/example_dags/example_params_trigger_ui.py took 0.111 seconds
[2026-01-05T17:23:23.247+0000] {processor.py:186} INFO - Started process (PID=850) to work on /home/airflow/.local/lib/python3.12/site-packages/airflow/example_dags/example_params_trigger_ui.py
[2026-01-05T17:23:23.249+0000] {processor.py:914} INFO - Processing file /home/airflow/.local/lib/python3.12/site-packages/airflow/example_dags/example_params_trigger_ui.py for tasks to queue
[2026-01-05T17:23:23.252+0000] {logging_mixin.py:190} INFO - [2026-01-05T17:23:23.251+0000] {dagbag.py:587} INFO - Filling up the DagBag from /home/airflow/.local/lib/python3.12/site-packages/airflow/example_dags/example_params_trigger_ui.py
[2026-01-05T17:23:23.264+0000] {processor.py:925} INFO - DAG(s) 'example_params_trigger_ui' retrieved from /home/airflow/.local/lib/python3.12/site-packages/airflow/example_dags/example_params_trigger_ui.py
[2026-01-05T17:23:23.318+0000] {logging_mixin.py:190} INFO - [2026-01-05T17:23:23.317+0000] {dag.py:3211} INFO - Sync 1 DAGs
[2026-01-05T17:23:23.350+0000] {logging_mixin.py:190} INFO - [2026-01-05T17:23:23.349+0000] {dag.py:4138} INFO - Setting next_dagrun for example_params_trigger_ui to None, run_after=None
[2026-01-05T17:23:23.382+0000] {processor.py:208} INFO - Processing /home/airflow/.local/lib/python3.12/site-packages/airflow/example_dags/example_params_trigger_ui.py took 0.141 seconds
[2026-01-05T17:23:53.705+0000] {processor.py:186} INFO - Started process (PID=916) to work on /home/airflow/.local/lib/python3.12/site-packages/airflow/example_dags/example_params_trigger_ui.py
[2026-01-05T17:23:53.708+0000] {processor.py:914} INFO - Processing file /home/airflow/.local/lib/python3.12/site-packages/airflow/example_dags/example_params_trigger_ui.py for tasks to queue
[2026-01-05T17:23:53.715+0000] {logging_mixin.py:190} INFO - [2026-01-05T17:23:53.714+0000] {dagbag.py:587} INFO - Filling up the DagBag from /home/airflow/.local/lib/python3.12/site-packages/airflow/example_dags/example_params_trigger_ui.py
[2026-01-05T17:23:53.738+0000] {processor.py:925} INFO - DAG(s) 'example_params_trigger_ui' retrieved from /home/airflow/.local/lib/python3.12/site-packages/airflow/example_dags/example_params_trigger_ui.py
[2026-01-05T17:23:53.788+0000] {logging_mixin.py:190} INFO - [2026-01-05T17:23:53.788+0000] {dag.py:3211} INFO - Sync 1 DAGs
[2026-01-05T17:23:53.804+0000] {logging_mixin.py:190} INFO - [2026-01-05T17:23:53.804+0000] {dag.py:4138} INFO - Setting next_dagrun for example_params_trigger_ui to None, run_after=None
[2026-01-05T17:23:53.828+0000] {processor.py:208} INFO - Processing /home/airflow/.local/lib/python3.12/site-packages/airflow/example_dags/example_params_trigger_ui.py took 0.137 seconds
[2026-01-05T17:24:23.945+0000] {processor.py:186} INFO - Started process (PID=982) to work on /home/airflow/.local/lib/python3.12/site-packages/airflow/example_dags/example_params_trigger_ui.py
[2026-01-05T17:24:23.948+0000] {processor.py:914} INFO - Processing file /home/airflow/.local/lib/python3.12/site-packages/airflow/example_dags/example_params_trigger_ui.py for tasks to queue
[2026-01-05T17:24:23.953+0000] {logging_mixin.py:190} INFO - [2026-01-05T17:24:23.953+0000] {dagbag.py:587} INFO - Filling up the DagBag from /home/airflow/.local/lib/python3.12/site-packages/airflow/example_dags/example_params_trigger_ui.py
[2026-01-05T17:24:23.967+0000] {processor.py:925} INFO - DAG(s) 'example_params_trigger_ui' retrieved from /home/airflow/.local/lib/python3.12/site-packages/airflow/example_dags/example_params_trigger_ui.py
[2026-01-05T17:24:24.043+0000] {logging_mixin.py:190} INFO - [2026-01-05T17:24:24.043+0000] {dag.py:3211} INFO - Sync 1 DAGs
[2026-01-05T17:24:24.068+0000] {logging_mixin.py:190} INFO - [2026-01-05T17:24:24.068+0000] {dag.py:4138} INFO - Setting next_dagrun for example_params_trigger_ui to None, run_after=None
[2026-01-05T17:24:24.097+0000] {processor.py:208} INFO - Processing /home/airflow/.local/lib/python3.12/site-packages/airflow/example_dags/example_params_trigger_ui.py took 0.163 seconds
[2026-01-05T17:24:54.357+0000] {processor.py:186} INFO - Started process (PID=1048) to work on /home/airflow/.local/lib/python3.12/site-packages/airflow/example_dags/example_params_trigger_ui.py
[2026-01-05T17:24:54.359+0000] {processor.py:914} INFO - Processing file /home/airflow/.local/lib/python3.12/site-packages/airflow/example_dags/example_params_trigger_ui.py for tasks to queue
[2026-01-05T17:24:54.361+0000] {logging_mixin.py:190} INFO - [2026-01-05T17:24:54.361+0000] {dagbag.py:587} INFO - Filling up the DagBag from /home/airflow/.local/lib/python3.12/site-packages/airflow/example_dags/example_params_trigger_ui.py
[2026-01-05T17:24:54.373+0000] {processor.py:925} INFO - DAG(s) 'example_params_trigger_ui' retrieved from /home/airflow/.local/lib/python3.12/site-packages/airflow/example_dags/example_params_trigger_ui.py
[2026-01-05T17:24:54.437+0000] {logging_mixin.py:190} INFO - [2026-01-05T17:24:54.436+0000] {dag.py:3211} INFO - Sync 1 DAGs
[2026-01-05T17:24:54.452+0000] {logging_mixin.py:190} INFO - [2026-01-05T17:24:54.452+0000] {dag.py:4138} INFO - Setting next_dagrun for example_params_trigger_ui to None, run_after=None
[2026-01-05T17:24:54.476+0000] {processor.py:208} INFO - Processing /home/airflow/.local/lib/python3.12/site-packages/airflow/example_dags/example_params_trigger_ui.py took 0.126 seconds
[2026-01-05T17:25:24.583+0000] {processor.py:186} INFO - Started process (PID=1114) to work on /home/airflow/.local/lib/python3.12/site-packages/airflow/example_dags/example_params_trigger_ui.py
[2026-01-05T17:25:24.584+0000] {processor.py:914} INFO - Processing file /home/airflow/.local/lib/python3.12/site-packages/airflow/example_dags/example_params_trigger_ui.py for tasks to queue
[2026-01-05T17:25:24.588+0000] {logging_mixin.py:190} INFO - [2026-01-05T17:25:24.587+0000] {dagbag.py:587} INFO - Filling up the DagBag from /home/airflow/.local/lib/python3.12/site-packages/airflow/example_dags/example_params_trigger_ui.py
[2026-01-05T17:25:24.600+0000] {processor.py:925} INFO - DAG(s) 'example_params_trigger_ui' retrieved from /home/airflow/.local/lib/python3.12/site-packages/airflow/example_dags/example_params_trigger_ui.py
[2026-01-05T17:25:24.649+0000] {logging_mixin.py:190} INFO - [2026-01-05T17:25:24.649+0000] {dag.py:3211} INFO - Sync 1 DAGs
[2026-01-05T17:25:24.666+0000] {logging_mixin.py:190} INFO - [2026-01-05T17:25:24.666+0000] {dag.py:4138} INFO - Setting next_dagrun for example_params_trigger_ui to None, run_after=None
[2026-01-05T17:25:24.695+0000] {processor.py:208} INFO - Processing /home/airflow/.local/lib/python3.12/site-packages/airflow/example_dags/example_params_trigger_ui.py took 0.119 seconds
[2026-01-05T17:25:55.631+0000] {processor.py:186} INFO - Started process (PID=1180) to work on /home/airflow/.local/lib/python3.12/site-packages/airflow/example_dags/example_params_trigger_ui.py
[2026-01-05T17:25:55.632+0000] {processor.py:914} INFO - Processing file /home/airflow/.local/lib/python3.12/site-packages/airflow/example_dags/example_params_trigger_ui.py for tasks to queue
[2026-01-05T17:25:55.635+0000] {logging_mixin.py:190} INFO - [2026-01-05T17:25:55.635+0000] {dagbag.py:587} INFO - Filling up the DagBag from /home/airflow/.local/lib/python3.12/site-packages/airflow/example_dags/example_params_trigger_ui.py
[2026-01-05T17:25:55.645+0000] {processor.py:925} INFO - DAG(s) 'example_params_trigger_ui' retrieved from /home/airflow/.local/lib/python3.12/site-packages/airflow/example_dags/example_params_trigger_ui.py
[2026-01-05T17:25:55.694+0000] {logging_mixin.py:190} INFO - [2026-01-05T17:25:55.693+0000] {dag.py:3211} INFO - Sync 1 DAGs
[2026-01-05T17:25:55.713+0000] {logging_mixin.py:190} INFO - [2026-01-05T17:25:55.712+0000] {dag.py:4138} INFO - Setting next_dagrun for example_params_trigger_ui to None, run_after=None
[2026-01-05T17:25:55.733+0000] {processor.py:208} INFO - Processing /home/airflow/.local/lib/python3.12/site-packages/airflow/example_dags/example_params_trigger_ui.py took 0.108 seconds
[2026-01-05T17:26:26.077+0000] {processor.py:186} INFO - Started process (PID=1246) to work on /home/airflow/.local/lib/python3.12/site-packages/airflow/example_dags/example_params_trigger_ui.py
[2026-01-05T17:26:26.078+0000] {processor.py:914} INFO - Processing file /home/airflow/.local/lib/python3.12/site-packages/airflow/example_dags/example_params_trigger_ui.py for tasks to queue
[2026-01-05T17:26:26.081+0000] {logging_mixin.py:190} INFO - [2026-01-05T17:26:26.080+0000] {dagbag.py:587} INFO - Filling up the DagBag from /home/airflow/.local/lib/python3.12/site-packages/airflow/example_dags/example_params_trigger_ui.py
[2026-01-05T17:26:26.096+0000] {processor.py:925} INFO - DAG(s) 'example_params_trigger_ui' retrieved from /home/airflow/.local/lib/python3.12/site-packages/airflow/example_dags/example_params_trigger_ui.py
[2026-01-05T17:26:26.147+0000] {logging_mixin.py:190} INFO - [2026-01-05T17:26:26.146+0000] {dag.py:3211} INFO - Sync 1 DAGs
[2026-01-05T17:26:26.163+0000] {logging_mixin.py:190} INFO - [2026-01-05T17:26:26.163+0000] {dag.py:4138} INFO - Setting next_dagrun for example_params_trigger_ui to None, run_after=None
[2026-01-05T17:26:26.191+0000] {processor.py:208} INFO - Processing /home/airflow/.local/lib/python3.12/site-packages/airflow/example_dags/example_params_trigger_ui.py took 0.121 seconds
[2026-01-05T17:26:56.259+0000] {processor.py:186} INFO - Started process (PID=1312) to work on /home/airflow/.local/lib/python3.12/site-packages/airflow/example_dags/example_params_trigger_ui.py
[2026-01-05T17:26:56.261+0000] {processor.py:914} INFO - Processing file /home/airflow/.local/lib/python3.12/site-packages/airflow/example_dags/example_params_trigger_ui.py for tasks to queue
[2026-01-05T17:26:56.267+0000] {logging_mixin.py:190} INFO - [2026-01-05T17:26:56.266+0000] {dagbag.py:587} INFO - Filling up the DagBag from /home/airflow/.local/lib/python3.12/site-packages/airflow/example_dags/example_params_trigger_ui.py
[2026-01-05T17:26:56.280+0000] {processor.py:925} INFO - DAG(s) 'example_params_trigger_ui' retrieved from /home/airflow/.local/lib/python3.12/site-packages/airflow/example_dags/example_params_trigger_ui.py
[2026-01-05T17:26:56.334+0000] {logging_mixin.py:190} INFO - [2026-01-05T17:26:56.333+0000] {dag.py:3211} INFO - Sync 1 DAGs
[2026-01-05T17:26:56.355+0000] {logging_mixin.py:190} INFO - [2026-01-05T17:26:56.355+0000] {dag.py:4138} INFO - Setting next_dagrun for example_params_trigger_ui to None, run_after=None
[2026-01-05T17:26:56.379+0000] {processor.py:208} INFO - Processing /home/airflow/.local/lib/python3.12/site-packages/airflow/example_dags/example_params_trigger_ui.py took 0.132 seconds
[2026-01-05T17:27:26.570+0000] {processor.py:186} INFO - Started process (PID=1378) to work on /home/airflow/.local/lib/python3.12/site-packages/airflow/example_dags/example_params_trigger_ui.py
[2026-01-05T17:27:26.572+0000] {processor.py:914} INFO - Processing file /home/airflow/.local/lib/python3.12/site-packages/airflow/example_dags/example_params_trigger_ui.py for tasks to queue
[2026-01-05T17:27:26.574+0000] {logging_mixin.py:190} INFO - [2026-01-05T17:27:26.574+0000] {dagbag.py:587} INFO - Filling up the DagBag from /home/airflow/.local/lib/python3.12/site-packages/airflow/example_dags/example_params_trigger_ui.py
[2026-01-05T17:27:26.585+0000] {processor.py:925} INFO - DAG(s) 'example_params_trigger_ui' retrieved from /home/airflow/.local/lib/python3.12/site-packages/airflow/example_dags/example_params_trigger_ui.py
[2026-01-05T17:27:26.623+0000] {logging_mixin.py:190} INFO - [2026-01-05T17:27:26.622+0000] {dag.py:3211} INFO - Sync 1 DAGs
[2026-01-05T17:27:26.636+0000] {logging_mixin.py:190} INFO - [2026-01-05T17:27:26.636+0000] {dag.py:4138} INFO - Setting next_dagrun for example_params_trigger_ui to None, run_after=None
[2026-01-05T17:27:26.657+0000] {processor.py:208} INFO - Processing /home/airflow/.local/lib/python3.12/site-packages/airflow/example_dags/example_params_trigger_ui.py took 0.094 seconds
[2026-01-05T17:27:58.523+0000] {processor.py:186} INFO - Started process (PID=1450) to work on /home/airflow/.local/lib/python3.12/site-packages/airflow/example_dags/example_params_trigger_ui.py
[2026-01-05T17:27:58.525+0000] {processor.py:914} INFO - Processing file /home/airflow/.local/lib/python3.12/site-packages/airflow/example_dags/example_params_trigger_ui.py for tasks to queue
[2026-01-05T17:27:58.530+0000] {logging_mixin.py:190} INFO - [2026-01-05T17:27:58.529+0000] {dagbag.py:587} INFO - Filling up the DagBag from /home/airflow/.local/lib/python3.12/site-packages/airflow/example_dags/example_params_trigger_ui.py
[2026-01-05T17:27:58.551+0000] {processor.py:925} INFO - DAG(s) 'example_params_trigger_ui' retrieved from /home/airflow/.local/lib/python3.12/site-packages/airflow/example_dags/example_params_trigger_ui.py
[2026-01-05T17:27:58.623+0000] {logging_mixin.py:190} INFO - [2026-01-05T17:27:58.623+0000] {dag.py:3211} INFO - Sync 1 DAGs
[2026-01-05T17:27:58.647+0000] {logging_mixin.py:190} INFO - [2026-01-05T17:27:58.646+0000] {dag.py:4138} INFO - Setting next_dagrun for example_params_trigger_ui to None, run_after=None
[2026-01-05T17:27:58.671+0000] {processor.py:208} INFO - Processing /home/airflow/.local/lib/python3.12/site-packages/airflow/example_dags/example_params_trigger_ui.py took 0.162 seconds
[2026-01-05T17:28:28.948+0000] {processor.py:186} INFO - Started process (PID=1516) to work on /home/airflow/.local/lib/python3.12/site-packages/airflow/example_dags/example_params_trigger_ui.py
[2026-01-05T17:28:28.949+0000] {processor.py:914} INFO - Processing file /home/airflow/.local/lib/python3.12/site-packages/airflow/example_dags/example_params_trigger_ui.py for tasks to queue
[2026-01-05T17:28:28.955+0000] {logging_mixin.py:190} INFO - [2026-01-05T17:28:28.954+0000] {dagbag.py:587} INFO - Filling up the DagBag from /home/airflow/.local/lib/python3.12/site-packages/airflow/example_dags/example_params_trigger_ui.py
[2026-01-05T17:28:28.970+0000] {processor.py:925} INFO - DAG(s) 'example_params_trigger_ui' retrieved from /home/airflow/.local/lib/python3.12/site-packages/airflow/example_dags/example_params_trigger_ui.py
[2026-01-05T17:28:29.022+0000] {logging_mixin.py:190} INFO - [2026-01-05T17:28:29.021+0000] {dag.py:3211} INFO - Sync 1 DAGs
[2026-01-05T17:28:29.041+0000] {logging_mixin.py:190} INFO - [2026-01-05T17:28:29.041+0000] {dag.py:4138} INFO - Setting next_dagrun for example_params_trigger_ui to None, run_after=None
[2026-01-05T17:28:29.065+0000] {processor.py:208} INFO - Processing /home/airflow/.local/lib/python3.12/site-packages/airflow/example_dags/example_params_trigger_ui.py took 0.126 seconds
[2026-01-05T17:28:59.592+0000] {processor.py:186} INFO - Started process (PID=1582) to work on /home/airflow/.local/lib/python3.12/site-packages/airflow/example_dags/example_params_trigger_ui.py
[2026-01-05T17:28:59.594+0000] {processor.py:914} INFO - Processing file /home/airflow/.local/lib/python3.12/site-packages/airflow/example_dags/example_params_trigger_ui.py for tasks to queue
[2026-01-05T17:28:59.597+0000] {logging_mixin.py:190} INFO - [2026-01-05T17:28:59.597+0000] {dagbag.py:587} INFO - Filling up the DagBag from /home/airflow/.local/lib/python3.12/site-packages/airflow/example_dags/example_params_trigger_ui.py
[2026-01-05T17:28:59.610+0000] {processor.py:925} INFO - DAG(s) 'example_params_trigger_ui' retrieved from /home/airflow/.local/lib/python3.12/site-packages/airflow/example_dags/example_params_trigger_ui.py
[2026-01-05T17:28:59.658+0000] {logging_mixin.py:190} INFO - [2026-01-05T17:28:59.658+0000] {dag.py:3211} INFO - Sync 1 DAGs
[2026-01-05T17:28:59.675+0000] {logging_mixin.py:190} INFO - [2026-01-05T17:28:59.675+0000] {dag.py:4138} INFO - Setting next_dagrun for example_params_trigger_ui to None, run_after=None
[2026-01-05T17:28:59.697+0000] {processor.py:208} INFO - Processing /home/airflow/.local/lib/python3.12/site-packages/airflow/example_dags/example_params_trigger_ui.py took 0.113 seconds
[2026-01-05T17:29:30.281+0000] {processor.py:186} INFO - Started process (PID=1648) to work on /home/airflow/.local/lib/python3.12/site-packages/airflow/example_dags/example_params_trigger_ui.py
[2026-01-05T17:29:30.282+0000] {processor.py:914} INFO - Processing file /home/airflow/.local/lib/python3.12/site-packages/airflow/example_dags/example_params_trigger_ui.py for tasks to queue
[2026-01-05T17:29:30.285+0000] {logging_mixin.py:190} INFO - [2026-01-05T17:29:30.285+0000] {dagbag.py:587} INFO - Filling up the DagBag from /home/airflow/.local/lib/python3.12/site-packages/airflow/example_dags/example_params_trigger_ui.py
[2026-01-05T17:29:30.299+0000] {processor.py:925} INFO - DAG(s) 'example_params_trigger_ui' retrieved from /home/airflow/.local/lib/python3.12/site-packages/airflow/example_dags/example_params_trigger_ui.py
[2026-01-05T17:29:30.344+0000] {logging_mixin.py:190} INFO - [2026-01-05T17:29:30.344+0000] {dag.py:3211} INFO - Sync 1 DAGs
[2026-01-05T17:29:30.361+0000] {logging_mixin.py:190} INFO - [2026-01-05T17:29:30.361+0000] {dag.py:4138} INFO - Setting next_dagrun for example_params_trigger_ui to None, run_after=None
[2026-01-05T17:29:30.379+0000] {processor.py:208} INFO - Processing /home/airflow/.local/lib/python3.12/site-packages/airflow/example_dags/example_params_trigger_ui.py took 0.105 seconds
[2026-01-05T17:30:00.574+0000] {processor.py:186} INFO - Started process (PID=1714) to work on /home/airflow/.local/lib/python3.12/site-packages/airflow/example_dags/example_params_trigger_ui.py
[2026-01-05T17:30:00.576+0000] {processor.py:914} INFO - Processing file /home/airflow/.local/lib/python3.12/site-packages/airflow/example_dags/example_params_trigger_ui.py for tasks to queue
[2026-01-05T17:30:00.579+0000] {logging_mixin.py:190} INFO - [2026-01-05T17:30:00.579+0000] {dagbag.py:587} INFO - Filling up the DagBag from /home/airflow/.local/lib/python3.12/site-packages/airflow/example_dags/example_params_trigger_ui.py
[2026-01-05T17:30:00.590+0000] {processor.py:925} INFO - DAG(s) 'example_params_trigger_ui' retrieved from /home/airflow/.local/lib/python3.12/site-packages/airflow/example_dags/example_params_trigger_ui.py
[2026-01-05T17:30:00.635+0000] {logging_mixin.py:190} INFO - [2026-01-05T17:30:00.635+0000] {dag.py:3211} INFO - Sync 1 DAGs
[2026-01-05T17:30:00.650+0000] {logging_mixin.py:190} INFO - [2026-01-05T17:30:00.650+0000] {dag.py:4138} INFO - Setting next_dagrun for example_params_trigger_ui to None, run_after=None
[2026-01-05T17:30:00.672+0000] {processor.py:208} INFO - Processing /home/airflow/.local/lib/python3.12/site-packages/airflow/example_dags/example_params_trigger_ui.py took 0.105 seconds
[2026-01-05T17:30:31.375+0000] {processor.py:186} INFO - Started process (PID=1781) to work on /home/airflow/.local/lib/python3.12/site-packages/airflow/example_dags/example_params_trigger_ui.py
[2026-01-05T17:30:31.376+0000] {processor.py:914} INFO - Processing file /home/airflow/.local/lib/python3.12/site-packages/airflow/example_dags/example_params_trigger_ui.py for tasks to queue
[2026-01-05T17:30:31.381+0000] {logging_mixin.py:190} INFO - [2026-01-05T17:30:31.380+0000] {dagbag.py:587} INFO - Filling up the DagBag from /home/airflow/.local/lib/python3.12/site-packages/airflow/example_dags/example_params_trigger_ui.py
[2026-01-05T17:30:31.393+0000] {processor.py:925} INFO - DAG(s) 'example_params_trigger_ui' retrieved from /home/airflow/.local/lib/python3.12/site-packages/airflow/example_dags/example_params_trigger_ui.py
[2026-01-05T17:30:31.441+0000] {logging_mixin.py:190} INFO - [2026-01-05T17:30:31.441+0000] {dag.py:3211} INFO - Sync 1 DAGs
[2026-01-05T17:30:31.457+0000] {logging_mixin.py:190} INFO - [2026-01-05T17:30:31.457+0000] {dag.py:4138} INFO - Setting next_dagrun for example_params_trigger_ui to None, run_after=None
[2026-01-05T17:30:31.478+0000] {processor.py:208} INFO - Processing /home/airflow/.local/lib/python3.12/site-packages/airflow/example_dags/example_params_trigger_ui.py took 0.111 seconds
[2026-01-05T17:31:02.132+0000] {processor.py:186} INFO - Started process (PID=1847) to work on /home/airflow/.local/lib/python3.12/site-packages/airflow/example_dags/example_params_trigger_ui.py
[2026-01-05T17:31:02.134+0000] {processor.py:914} INFO - Processing file /home/airflow/.local/lib/python3.12/site-packages/airflow/example_dags/example_params_trigger_ui.py for tasks to queue
[2026-01-05T17:31:02.140+0000] {logging_mixin.py:190} INFO - [2026-01-05T17:31:02.139+0000] {dagbag.py:587} INFO - Filling up the DagBag from /home/airflow/.local/lib/python3.12/site-packages/airflow/example_dags/example_params_trigger_ui.py
[2026-01-05T17:31:02.154+0000] {processor.py:925} INFO - DAG(s) 'example_params_trigger_ui' retrieved from /home/airflow/.local/lib/python3.12/site-packages/airflow/example_dags/example_params_trigger_ui.py
[2026-01-05T17:31:02.217+0000] {logging_mixin.py:190} INFO - [2026-01-05T17:31:02.217+0000] {dag.py:3211} INFO - Sync 1 DAGs
[2026-01-05T17:31:02.242+0000] {logging_mixin.py:190} INFO - [2026-01-05T17:31:02.241+0000] {dag.py:4138} INFO - Setting next_dagrun for example_params_trigger_ui to None, run_after=None
[2026-01-05T17:31:02.269+0000] {processor.py:208} INFO - Processing /home/airflow/.local/lib/python3.12/site-packages/airflow/example_dags/example_params_trigger_ui.py took 0.148 seconds
[2026-01-05T17:31:32.608+0000] {processor.py:186} INFO - Started process (PID=1913) to work on /home/airflow/.local/lib/python3.12/site-packages/airflow/example_dags/example_params_trigger_ui.py
[2026-01-05T17:31:32.610+0000] {processor.py:914} INFO - Processing file /home/airflow/.local/lib/python3.12/site-packages/airflow/example_dags/example_params_trigger_ui.py for tasks to queue
[2026-01-05T17:31:32.613+0000] {logging_mixin.py:190} INFO - [2026-01-05T17:31:32.613+0000] {dagbag.py:587} INFO - Filling up the DagBag from /home/airflow/.local/lib/python3.12/site-packages/airflow/example_dags/example_params_trigger_ui.py
[2026-01-05T17:31:32.623+0000] {processor.py:925} INFO - DAG(s) 'example_params_trigger_ui' retrieved from /home/airflow/.local/lib/python3.12/site-packages/airflow/example_dags/example_params_trigger_ui.py
[2026-01-05T17:31:32.673+0000] {logging_mixin.py:190} INFO - [2026-01-05T17:31:32.672+0000] {dag.py:3211} INFO - Sync 1 DAGs
[2026-01-05T17:31:32.688+0000] {logging_mixin.py:190} INFO - [2026-01-05T17:31:32.688+0000] {dag.py:4138} INFO - Setting next_dagrun for example_params_trigger_ui to None, run_after=None
[2026-01-05T17:31:32.712+0000] {processor.py:208} INFO - Processing /home/airflow/.local/lib/python3.12/site-packages/airflow/example_dags/example_params_trigger_ui.py took 0.110 seconds
[2026-01-05T17:32:02.940+0000] {processor.py:186} INFO - Started process (PID=1979) to work on /home/airflow/.local/lib/python3.12/site-packages/airflow/example_dags/example_params_trigger_ui.py
[2026-01-05T17:32:02.941+0000] {processor.py:914} INFO - Processing file /home/airflow/.local/lib/python3.12/site-packages/airflow/example_dags/example_params_trigger_ui.py for tasks to queue
[2026-01-05T17:32:02.944+0000] {logging_mixin.py:190} INFO - [2026-01-05T17:32:02.944+0000] {dagbag.py:587} INFO - Filling up the DagBag from /home/airflow/.local/lib/python3.12/site-packages/airflow/example_dags/example_params_trigger_ui.py
[2026-01-05T17:32:02.956+0000] {processor.py:925} INFO - DAG(s) 'example_params_trigger_ui' retrieved from /home/airflow/.local/lib/python3.12/site-packages/airflow/example_dags/example_params_trigger_ui.py
[2026-01-05T17:32:03.012+0000] {logging_mixin.py:190} INFO - [2026-01-05T17:32:03.012+0000] {dag.py:3211} INFO - Sync 1 DAGs
[2026-01-05T17:32:03.031+0000] {logging_mixin.py:190} INFO - [2026-01-05T17:32:03.031+0000] {dag.py:4138} INFO - Setting next_dagrun for example_params_trigger_ui to None, run_after=None
[2026-01-05T17:32:03.057+0000] {processor.py:208} INFO - Processing /home/airflow/.local/lib/python3.12/site-packages/airflow/example_dags/example_params_trigger_ui.py took 0.125 seconds
[2026-01-05T17:32:33.397+0000] {processor.py:186} INFO - Started process (PID=2045) to work on /home/airflow/.local/lib/python3.12/site-packages/airflow/example_dags/example_params_trigger_ui.py
[2026-01-05T17:32:33.399+0000] {processor.py:914} INFO - Processing file /home/airflow/.local/lib/python3.12/site-packages/airflow/example_dags/example_params_trigger_ui.py for tasks to queue
[2026-01-05T17:32:33.403+0000] {logging_mixin.py:190} INFO - [2026-01-05T17:32:33.402+0000] {dagbag.py:587} INFO - Filling up the DagBag from /home/airflow/.local/lib/python3.12/site-packages/airflow/example_dags/example_params_trigger_ui.py
[2026-01-05T17:32:33.415+0000] {processor.py:925} INFO - DAG(s) 'example_params_trigger_ui' retrieved from /home/airflow/.local/lib/python3.12/site-packages/airflow/example_dags/example_params_trigger_ui.py
[2026-01-05T17:32:33.466+0000] {logging_mixin.py:190} INFO - [2026-01-05T17:32:33.465+0000] {dag.py:3211} INFO - Sync 1 DAGs
[2026-01-05T17:32:33.480+0000] {logging_mixin.py:190} INFO - [2026-01-05T17:32:33.479+0000] {dag.py:4138} INFO - Setting next_dagrun for example_params_trigger_ui to None, run_after=None
[2026-01-05T17:32:33.500+0000] {processor.py:208} INFO - Processing /home/airflow/.local/lib/python3.12/site-packages/airflow/example_dags/example_params_trigger_ui.py took 0.111 seconds
[2026-01-05T17:33:03.703+0000] {processor.py:186} INFO - Started process (PID=2111) to work on /home/airflow/.local/lib/python3.12/site-packages/airflow/example_dags/example_params_trigger_ui.py
[2026-01-05T17:33:03.704+0000] {processor.py:914} INFO - Processing file /home/airflow/.local/lib/python3.12/site-packages/airflow/example_dags/example_params_trigger_ui.py for tasks to queue
[2026-01-05T17:33:03.708+0000] {logging_mixin.py:190} INFO - [2026-01-05T17:33:03.707+0000] {dagbag.py:587} INFO - Filling up the DagBag from /home/airflow/.local/lib/python3.12/site-packages/airflow/example_dags/example_params_trigger_ui.py
[2026-01-05T17:33:03.720+0000] {processor.py:925} INFO - DAG(s) 'example_params_trigger_ui' retrieved from /home/airflow/.local/lib/python3.12/site-packages/airflow/example_dags/example_params_trigger_ui.py
[2026-01-05T17:33:03.761+0000] {logging_mixin.py:190} INFO - [2026-01-05T17:33:03.761+0000] {dag.py:3211} INFO - Sync 1 DAGs
[2026-01-05T17:33:03.782+0000] {logging_mixin.py:190} INFO - [2026-01-05T17:33:03.782+0000] {dag.py:4138} INFO - Setting next_dagrun for example_params_trigger_ui to None, run_after=None
[2026-01-05T17:33:03.810+0000] {processor.py:208} INFO - Processing /home/airflow/.local/lib/python3.12/site-packages/airflow/example_dags/example_params_trigger_ui.py took 0.116 seconds
[2026-01-05T17:33:33.951+0000] {processor.py:186} INFO - Started process (PID=2177) to work on /home/airflow/.local/lib/python3.12/site-packages/airflow/example_dags/example_params_trigger_ui.py
[2026-01-05T17:33:33.953+0000] {processor.py:914} INFO - Processing file /home/airflow/.local/lib/python3.12/site-packages/airflow/example_dags/example_params_trigger_ui.py for tasks to queue
[2026-01-05T17:33:33.957+0000] {logging_mixin.py:190} INFO - [2026-01-05T17:33:33.957+0000] {dagbag.py:587} INFO - Filling up the DagBag from /home/airflow/.local/lib/python3.12/site-packages/airflow/example_dags/example_params_trigger_ui.py
[2026-01-05T17:33:33.972+0000] {processor.py:925} INFO - DAG(s) 'example_params_trigger_ui' retrieved from /home/airflow/.local/lib/python3.12/site-packages/airflow/example_dags/example_params_trigger_ui.py
[2026-01-05T17:33:34.042+0000] {logging_mixin.py:190} INFO - [2026-01-05T17:33:34.042+0000] {dag.py:3211} INFO - Sync 1 DAGs
[2026-01-05T17:33:34.058+0000] {logging_mixin.py:190} INFO - [2026-01-05T17:33:34.058+0000] {dag.py:4138} INFO - Setting next_dagrun for example_params_trigger_ui to None, run_after=None
[2026-01-05T17:33:34.084+0000] {processor.py:208} INFO - Processing /home/airflow/.local/lib/python3.12/site-packages/airflow/example_dags/example_params_trigger_ui.py took 0.141 seconds
[2026-01-05T17:34:04.975+0000] {processor.py:186} INFO - Started process (PID=2243) to work on /home/airflow/.local/lib/python3.12/site-packages/airflow/example_dags/example_params_trigger_ui.py
[2026-01-05T17:34:04.977+0000] {processor.py:914} INFO - Processing file /home/airflow/.local/lib/python3.12/site-packages/airflow/example_dags/example_params_trigger_ui.py for tasks to queue
[2026-01-05T17:34:04.980+0000] {logging_mixin.py:190} INFO - [2026-01-05T17:34:04.979+0000] {dagbag.py:587} INFO - Filling up the DagBag from /home/airflow/.local/lib/python3.12/site-packages/airflow/example_dags/example_params_trigger_ui.py
[2026-01-05T17:34:04.991+0000] {processor.py:925} INFO - DAG(s) 'example_params_trigger_ui' retrieved from /home/airflow/.local/lib/python3.12/site-packages/airflow/example_dags/example_params_trigger_ui.py
[2026-01-05T17:34:05.034+0000] {logging_mixin.py:190} INFO - [2026-01-05T17:34:05.033+0000] {dag.py:3211} INFO - Sync 1 DAGs
[2026-01-05T17:34:05.052+0000] {logging_mixin.py:190} INFO - [2026-01-05T17:34:05.051+0000] {dag.py:4138} INFO - Setting next_dagrun for example_params_trigger_ui to None, run_after=None
[2026-01-05T17:34:05.077+0000] {processor.py:208} INFO - Processing /home/airflow/.local/lib/python3.12/site-packages/airflow/example_dags/example_params_trigger_ui.py took 0.109 seconds
[2026-01-05T17:34:35.716+0000] {processor.py:186} INFO - Started process (PID=2309) to work on /home/airflow/.local/lib/python3.12/site-packages/airflow/example_dags/example_params_trigger_ui.py
[2026-01-05T17:34:35.718+0000] {processor.py:914} INFO - Processing file /home/airflow/.local/lib/python3.12/site-packages/airflow/example_dags/example_params_trigger_ui.py for tasks to queue
[2026-01-05T17:34:35.721+0000] {logging_mixin.py:190} INFO - [2026-01-05T17:34:35.721+0000] {dagbag.py:587} INFO - Filling up the DagBag from /home/airflow/.local/lib/python3.12/site-packages/airflow/example_dags/example_params_trigger_ui.py
[2026-01-05T17:34:35.732+0000] {processor.py:925} INFO - DAG(s) 'example_params_trigger_ui' retrieved from /home/airflow/.local/lib/python3.12/site-packages/airflow/example_dags/example_params_trigger_ui.py
[2026-01-05T17:34:35.776+0000] {logging_mixin.py:190} INFO - [2026-01-05T17:34:35.776+0000] {dag.py:3211} INFO - Sync 1 DAGs
[2026-01-05T17:34:35.791+0000] {logging_mixin.py:190} INFO - [2026-01-05T17:34:35.791+0000] {dag.py:4138} INFO - Setting next_dagrun for example_params_trigger_ui to None, run_after=None
[2026-01-05T17:34:35.813+0000] {processor.py:208} INFO - Processing /home/airflow/.local/lib/python3.12/site-packages/airflow/example_dags/example_params_trigger_ui.py took 0.110 seconds
[2026-01-05T17:35:06.277+0000] {processor.py:186} INFO - Started process (PID=2375) to work on /home/airflow/.local/lib/python3.12/site-packages/airflow/example_dags/example_params_trigger_ui.py
[2026-01-05T17:35:06.279+0000] {processor.py:914} INFO - Processing file /home/airflow/.local/lib/python3.12/site-packages/airflow/example_dags/example_params_trigger_ui.py for tasks to queue
[2026-01-05T17:35:06.283+0000] {logging_mixin.py:190} INFO - [2026-01-05T17:35:06.282+0000] {dagbag.py:587} INFO - Filling up the DagBag from /home/airflow/.local/lib/python3.12/site-packages/airflow/example_dags/example_params_trigger_ui.py
[2026-01-05T17:35:06.294+0000] {processor.py:925} INFO - DAG(s) 'example_params_trigger_ui' retrieved from /home/airflow/.local/lib/python3.12/site-packages/airflow/example_dags/example_params_trigger_ui.py
[2026-01-05T17:35:06.337+0000] {logging_mixin.py:190} INFO - [2026-01-05T17:35:06.337+0000] {dag.py:3211} INFO - Sync 1 DAGs
[2026-01-05T17:35:06.351+0000] {logging_mixin.py:190} INFO - [2026-01-05T17:35:06.351+0000] {dag.py:4138} INFO - Setting next_dagrun for example_params_trigger_ui to None, run_after=None
[2026-01-05T17:35:06.373+0000] {processor.py:208} INFO - Processing /home/airflow/.local/lib/python3.12/site-packages/airflow/example_dags/example_params_trigger_ui.py took 0.103 seconds
[2026-01-05T17:35:37.111+0000] {processor.py:186} INFO - Started process (PID=2442) to work on /home/airflow/.local/lib/python3.12/site-packages/airflow/example_dags/example_params_trigger_ui.py
[2026-01-05T17:35:37.113+0000] {processor.py:914} INFO - Processing file /home/airflow/.local/lib/python3.12/site-packages/airflow/example_dags/example_params_trigger_ui.py for tasks to queue
[2026-01-05T17:35:37.117+0000] {logging_mixin.py:190} INFO - [2026-01-05T17:35:37.116+0000] {dagbag.py:587} INFO - Filling up the DagBag from /home/airflow/.local/lib/python3.12/site-packages/airflow/example_dags/example_params_trigger_ui.py
[2026-01-05T17:35:37.127+0000] {processor.py:925} INFO - DAG(s) 'example_params_trigger_ui' retrieved from /home/airflow/.local/lib/python3.12/site-packages/airflow/example_dags/example_params_trigger_ui.py
[2026-01-05T17:35:37.169+0000] {logging_mixin.py:190} INFO - [2026-01-05T17:35:37.169+0000] {dag.py:3211} INFO - Sync 1 DAGs
[2026-01-05T17:35:37.191+0000] {logging_mixin.py:190} INFO - [2026-01-05T17:35:37.191+0000] {dag.py:4138} INFO - Setting next_dagrun for example_params_trigger_ui to None, run_after=None
[2026-01-05T17:35:37.213+0000] {processor.py:208} INFO - Processing /home/airflow/.local/lib/python3.12/site-packages/airflow/example_dags/example_params_trigger_ui.py took 0.109 seconds
[2026-01-05T17:36:07.942+0000] {processor.py:186} INFO - Started process (PID=2508) to work on /home/airflow/.local/lib/python3.12/site-packages/airflow/example_dags/example_params_trigger_ui.py
[2026-01-05T17:36:07.944+0000] {processor.py:914} INFO - Processing file /home/airflow/.local/lib/python3.12/site-packages/airflow/example_dags/example_params_trigger_ui.py for tasks to queue
[2026-01-05T17:36:07.949+0000] {logging_mixin.py:190} INFO - [2026-01-05T17:36:07.949+0000] {dagbag.py:587} INFO - Filling up the DagBag from /home/airflow/.local/lib/python3.12/site-packages/airflow/example_dags/example_params_trigger_ui.py
[2026-01-05T17:36:07.964+0000] {processor.py:925} INFO - DAG(s) 'example_params_trigger_ui' retrieved from /home/airflow/.local/lib/python3.12/site-packages/airflow/example_dags/example_params_trigger_ui.py
[2026-01-05T17:36:08.015+0000] {logging_mixin.py:190} INFO - [2026-01-05T17:36:08.015+0000] {dag.py:3211} INFO - Sync 1 DAGs
[2026-01-05T17:36:08.031+0000] {logging_mixin.py:190} INFO - [2026-01-05T17:36:08.031+0000] {dag.py:4138} INFO - Setting next_dagrun for example_params_trigger_ui to None, run_after=None
[2026-01-05T17:36:08.052+0000] {processor.py:208} INFO - Processing /home/airflow/.local/lib/python3.12/site-packages/airflow/example_dags/example_params_trigger_ui.py took 0.119 seconds
[2026-01-05T17:36:38.682+0000] {processor.py:186} INFO - Started process (PID=2574) to work on /home/airflow/.local/lib/python3.12/site-packages/airflow/example_dags/example_params_trigger_ui.py
[2026-01-05T17:36:38.683+0000] {processor.py:914} INFO - Processing file /home/airflow/.local/lib/python3.12/site-packages/airflow/example_dags/example_params_trigger_ui.py for tasks to queue
[2026-01-05T17:36:38.687+0000] {logging_mixin.py:190} INFO - [2026-01-05T17:36:38.687+0000] {dagbag.py:587} INFO - Filling up the DagBag from /home/airflow/.local/lib/python3.12/site-packages/airflow/example_dags/example_params_trigger_ui.py
[2026-01-05T17:36:38.700+0000] {processor.py:925} INFO - DAG(s) 'example_params_trigger_ui' retrieved from /home/airflow/.local/lib/python3.12/site-packages/airflow/example_dags/example_params_trigger_ui.py
[2026-01-05T17:36:38.759+0000] {logging_mixin.py:190} INFO - [2026-01-05T17:36:38.759+0000] {dag.py:3211} INFO - Sync 1 DAGs
[2026-01-05T17:36:38.778+0000] {logging_mixin.py:190} INFO - [2026-01-05T17:36:38.778+0000] {dag.py:4138} INFO - Setting next_dagrun for example_params_trigger_ui to None, run_after=None
[2026-01-05T17:36:38.801+0000] {processor.py:208} INFO - Processing /home/airflow/.local/lib/python3.12/site-packages/airflow/example_dags/example_params_trigger_ui.py took 0.126 seconds
[2026-01-05T17:37:08.881+0000] {processor.py:186} INFO - Started process (PID=2640) to work on /home/airflow/.local/lib/python3.12/site-packages/airflow/example_dags/example_params_trigger_ui.py
[2026-01-05T17:37:08.882+0000] {processor.py:914} INFO - Processing file /home/airflow/.local/lib/python3.12/site-packages/airflow/example_dags/example_params_trigger_ui.py for tasks to queue
[2026-01-05T17:37:08.885+0000] {logging_mixin.py:190} INFO - [2026-01-05T17:37:08.884+0000] {dagbag.py:587} INFO - Filling up the DagBag from /home/airflow/.local/lib/python3.12/site-packages/airflow/example_dags/example_params_trigger_ui.py
[2026-01-05T17:37:08.896+0000] {processor.py:925} INFO - DAG(s) 'example_params_trigger_ui' retrieved from /home/airflow/.local/lib/python3.12/site-packages/airflow/example_dags/example_params_trigger_ui.py
[2026-01-05T17:37:08.945+0000] {logging_mixin.py:190} INFO - [2026-01-05T17:37:08.944+0000] {dag.py:3211} INFO - Sync 1 DAGs
[2026-01-05T17:37:08.958+0000] {logging_mixin.py:190} INFO - [2026-01-05T17:37:08.957+0000] {dag.py:4138} INFO - Setting next_dagrun for example_params_trigger_ui to None, run_after=None
[2026-01-05T17:37:08.978+0000] {processor.py:208} INFO - Processing /home/airflow/.local/lib/python3.12/site-packages/airflow/example_dags/example_params_trigger_ui.py took 0.104 seconds
[2026-01-05T17:37:39.518+0000] {processor.py:186} INFO - Started process (PID=2706) to work on /home/airflow/.local/lib/python3.12/site-packages/airflow/example_dags/example_params_trigger_ui.py
[2026-01-05T17:37:39.520+0000] {processor.py:914} INFO - Processing file /home/airflow/.local/lib/python3.12/site-packages/airflow/example_dags/example_params_trigger_ui.py for tasks to queue
[2026-01-05T17:37:39.525+0000] {logging_mixin.py:190} INFO - [2026-01-05T17:37:39.525+0000] {dagbag.py:587} INFO - Filling up the DagBag from /home/airflow/.local/lib/python3.12/site-packages/airflow/example_dags/example_params_trigger_ui.py
[2026-01-05T17:37:39.541+0000] {processor.py:925} INFO - DAG(s) 'example_params_trigger_ui' retrieved from /home/airflow/.local/lib/python3.12/site-packages/airflow/example_dags/example_params_trigger_ui.py
[2026-01-05T17:37:39.643+0000] {logging_mixin.py:190} INFO - [2026-01-05T17:37:39.643+0000] {dag.py:3211} INFO - Sync 1 DAGs
[2026-01-05T17:37:39.664+0000] {logging_mixin.py:190} INFO - [2026-01-05T17:37:39.663+0000] {dag.py:4138} INFO - Setting next_dagrun for example_params_trigger_ui to None, run_after=None
[2026-01-05T17:37:39.691+0000] {processor.py:208} INFO - Processing /home/airflow/.local/lib/python3.12/site-packages/airflow/example_dags/example_params_trigger_ui.py took 0.181 seconds
[2026-01-05T17:38:10.049+0000] {processor.py:186} INFO - Started process (PID=2772) to work on /home/airflow/.local/lib/python3.12/site-packages/airflow/example_dags/example_params_trigger_ui.py
[2026-01-05T17:38:10.050+0000] {processor.py:914} INFO - Processing file /home/airflow/.local/lib/python3.12/site-packages/airflow/example_dags/example_params_trigger_ui.py for tasks to queue
[2026-01-05T17:38:10.054+0000] {logging_mixin.py:190} INFO - [2026-01-05T17:38:10.054+0000] {dagbag.py:587} INFO - Filling up the DagBag from /home/airflow/.local/lib/python3.12/site-packages/airflow/example_dags/example_params_trigger_ui.py
[2026-01-05T17:38:10.065+0000] {processor.py:925} INFO - DAG(s) 'example_params_trigger_ui' retrieved from /home/airflow/.local/lib/python3.12/site-packages/airflow/example_dags/example_params_trigger_ui.py
[2026-01-05T17:38:10.130+0000] {logging_mixin.py:190} INFO - [2026-01-05T17:38:10.130+0000] {dag.py:3211} INFO - Sync 1 DAGs
[2026-01-05T17:38:10.155+0000] {logging_mixin.py:190} INFO - [2026-01-05T17:38:10.154+0000] {dag.py:4138} INFO - Setting next_dagrun for example_params_trigger_ui to None, run_after=None
[2026-01-05T17:38:10.186+0000] {processor.py:208} INFO - Processing /home/airflow/.local/lib/python3.12/site-packages/airflow/example_dags/example_params_trigger_ui.py took 0.143 seconds
[2026-01-05T17:38:40.739+0000] {processor.py:186} INFO - Started process (PID=2838) to work on /home/airflow/.local/lib/python3.12/site-packages/airflow/example_dags/example_params_trigger_ui.py
[2026-01-05T17:38:40.740+0000] {processor.py:914} INFO - Processing file /home/airflow/.local/lib/python3.12/site-packages/airflow/example_dags/example_params_trigger_ui.py for tasks to queue
[2026-01-05T17:38:40.748+0000] {logging_mixin.py:190} INFO - [2026-01-05T17:38:40.747+0000] {dagbag.py:587} INFO - Filling up the DagBag from /home/airflow/.local/lib/python3.12/site-packages/airflow/example_dags/example_params_trigger_ui.py
[2026-01-05T17:38:40.764+0000] {processor.py:925} INFO - DAG(s) 'example_params_trigger_ui' retrieved from /home/airflow/.local/lib/python3.12/site-packages/airflow/example_dags/example_params_trigger_ui.py
[2026-01-05T17:38:40.835+0000] {logging_mixin.py:190} INFO - [2026-01-05T17:38:40.835+0000] {dag.py:3211} INFO - Sync 1 DAGs
[2026-01-05T17:38:40.860+0000] {logging_mixin.py:190} INFO - [2026-01-05T17:38:40.859+0000] {dag.py:4138} INFO - Setting next_dagrun for example_params_trigger_ui to None, run_after=None
[2026-01-05T17:38:40.886+0000] {processor.py:208} INFO - Processing /home/airflow/.local/lib/python3.12/site-packages/airflow/example_dags/example_params_trigger_ui.py took 0.155 seconds
[2026-01-05T17:39:11.861+0000] {processor.py:186} INFO - Started process (PID=2904) to work on /home/airflow/.local/lib/python3.12/site-packages/airflow/example_dags/example_params_trigger_ui.py
[2026-01-05T17:39:11.863+0000] {processor.py:914} INFO - Processing file /home/airflow/.local/lib/python3.12/site-packages/airflow/example_dags/example_params_trigger_ui.py for tasks to queue
[2026-01-05T17:39:11.866+0000] {logging_mixin.py:190} INFO - [2026-01-05T17:39:11.866+0000] {dagbag.py:587} INFO - Filling up the DagBag from /home/airflow/.local/lib/python3.12/site-packages/airflow/example_dags/example_params_trigger_ui.py
[2026-01-05T17:39:11.875+0000] {processor.py:925} INFO - DAG(s) 'example_params_trigger_ui' retrieved from /home/airflow/.local/lib/python3.12/site-packages/airflow/example_dags/example_params_trigger_ui.py
[2026-01-05T17:39:11.924+0000] {logging_mixin.py:190} INFO - [2026-01-05T17:39:11.924+0000] {dag.py:3211} INFO - Sync 1 DAGs
[2026-01-05T17:39:11.942+0000] {logging_mixin.py:190} INFO - [2026-01-05T17:39:11.942+0000] {dag.py:4138} INFO - Setting next_dagrun for example_params_trigger_ui to None, run_after=None
[2026-01-05T17:39:11.960+0000] {processor.py:208} INFO - Processing /home/airflow/.local/lib/python3.12/site-packages/airflow/example_dags/example_params_trigger_ui.py took 0.107 seconds
[2026-01-05T17:39:42.480+0000] {processor.py:186} INFO - Started process (PID=2970) to work on /home/airflow/.local/lib/python3.12/site-packages/airflow/example_dags/example_params_trigger_ui.py
[2026-01-05T17:39:42.481+0000] {processor.py:914} INFO - Processing file /home/airflow/.local/lib/python3.12/site-packages/airflow/example_dags/example_params_trigger_ui.py for tasks to queue
[2026-01-05T17:39:42.486+0000] {logging_mixin.py:190} INFO - [2026-01-05T17:39:42.486+0000] {dagbag.py:587} INFO - Filling up the DagBag from /home/airflow/.local/lib/python3.12/site-packages/airflow/example_dags/example_params_trigger_ui.py
[2026-01-05T17:39:42.500+0000] {processor.py:925} INFO - DAG(s) 'example_params_trigger_ui' retrieved from /home/airflow/.local/lib/python3.12/site-packages/airflow/example_dags/example_params_trigger_ui.py
[2026-01-05T17:39:42.543+0000] {logging_mixin.py:190} INFO - [2026-01-05T17:39:42.543+0000] {dag.py:3211} INFO - Sync 1 DAGs
[2026-01-05T17:39:42.557+0000] {logging_mixin.py:190} INFO - [2026-01-05T17:39:42.557+0000] {dag.py:4138} INFO - Setting next_dagrun for example_params_trigger_ui to None, run_after=None
[2026-01-05T17:39:42.574+0000] {processor.py:208} INFO - Processing /home/airflow/.local/lib/python3.12/site-packages/airflow/example_dags/example_params_trigger_ui.py took 0.101 seconds
[2026-01-05T17:40:12.913+0000] {processor.py:186} INFO - Started process (PID=3036) to work on /home/airflow/.local/lib/python3.12/site-packages/airflow/example_dags/example_params_trigger_ui.py
[2026-01-05T17:40:12.915+0000] {processor.py:914} INFO - Processing file /home/airflow/.local/lib/python3.12/site-packages/airflow/example_dags/example_params_trigger_ui.py for tasks to queue
[2026-01-05T17:40:12.920+0000] {logging_mixin.py:190} INFO - [2026-01-05T17:40:12.919+0000] {dagbag.py:587} INFO - Filling up the DagBag from /home/airflow/.local/lib/python3.12/site-packages/airflow/example_dags/example_params_trigger_ui.py
[2026-01-05T17:40:12.933+0000] {processor.py:925} INFO - DAG(s) 'example_params_trigger_ui' retrieved from /home/airflow/.local/lib/python3.12/site-packages/airflow/example_dags/example_params_trigger_ui.py
[2026-01-05T17:40:12.998+0000] {logging_mixin.py:190} INFO - [2026-01-05T17:40:12.997+0000] {dag.py:3211} INFO - Sync 1 DAGs
[2026-01-05T17:40:13.026+0000] {logging_mixin.py:190} INFO - [2026-01-05T17:40:13.026+0000] {dag.py:4138} INFO - Setting next_dagrun for example_params_trigger_ui to None, run_after=None
[2026-01-05T17:40:13.056+0000] {processor.py:208} INFO - Processing /home/airflow/.local/lib/python3.12/site-packages/airflow/example_dags/example_params_trigger_ui.py took 0.149 seconds
[2026-01-05T17:40:43.203+0000] {processor.py:186} INFO - Started process (PID=3102) to work on /home/airflow/.local/lib/python3.12/site-packages/airflow/example_dags/example_params_trigger_ui.py
[2026-01-05T17:40:43.205+0000] {processor.py:914} INFO - Processing file /home/airflow/.local/lib/python3.12/site-packages/airflow/example_dags/example_params_trigger_ui.py for tasks to queue
[2026-01-05T17:40:43.209+0000] {logging_mixin.py:190} INFO - [2026-01-05T17:40:43.208+0000] {dagbag.py:587} INFO - Filling up the DagBag from /home/airflow/.local/lib/python3.12/site-packages/airflow/example_dags/example_params_trigger_ui.py
[2026-01-05T17:40:43.222+0000] {processor.py:925} INFO - DAG(s) 'example_params_trigger_ui' retrieved from /home/airflow/.local/lib/python3.12/site-packages/airflow/example_dags/example_params_trigger_ui.py
[2026-01-05T17:40:43.273+0000] {logging_mixin.py:190} INFO - [2026-01-05T17:40:43.272+0000] {dag.py:3211} INFO - Sync 1 DAGs
[2026-01-05T17:40:43.288+0000] {logging_mixin.py:190} INFO - [2026-01-05T17:40:43.288+0000] {dag.py:4138} INFO - Setting next_dagrun for example_params_trigger_ui to None, run_after=None
[2026-01-05T17:40:43.310+0000] {processor.py:208} INFO - Processing /home/airflow/.local/lib/python3.12/site-packages/airflow/example_dags/example_params_trigger_ui.py took 0.116 seconds
[2026-01-05T17:41:13.436+0000] {processor.py:186} INFO - Started process (PID=3168) to work on /home/airflow/.local/lib/python3.12/site-packages/airflow/example_dags/example_params_trigger_ui.py
[2026-01-05T17:41:13.437+0000] {processor.py:914} INFO - Processing file /home/airflow/.local/lib/python3.12/site-packages/airflow/example_dags/example_params_trigger_ui.py for tasks to queue
[2026-01-05T17:41:13.440+0000] {logging_mixin.py:190} INFO - [2026-01-05T17:41:13.440+0000] {dagbag.py:587} INFO - Filling up the DagBag from /home/airflow/.local/lib/python3.12/site-packages/airflow/example_dags/example_params_trigger_ui.py
[2026-01-05T17:41:13.452+0000] {processor.py:925} INFO - DAG(s) 'example_params_trigger_ui' retrieved from /home/airflow/.local/lib/python3.12/site-packages/airflow/example_dags/example_params_trigger_ui.py
[2026-01-05T17:41:13.498+0000] {logging_mixin.py:190} INFO - [2026-01-05T17:41:13.498+0000] {dag.py:3211} INFO - Sync 1 DAGs
[2026-01-05T17:41:13.515+0000] {logging_mixin.py:190} INFO - [2026-01-05T17:41:13.515+0000] {dag.py:4138} INFO - Setting next_dagrun for example_params_trigger_ui to None, run_after=None
[2026-01-05T17:41:13.536+0000] {processor.py:208} INFO - Processing /home/airflow/.local/lib/python3.12/site-packages/airflow/example_dags/example_params_trigger_ui.py took 0.110 seconds
[2026-01-05T17:41:43.822+0000] {processor.py:186} INFO - Started process (PID=3234) to work on /home/airflow/.local/lib/python3.12/site-packages/airflow/example_dags/example_params_trigger_ui.py
[2026-01-05T17:41:43.825+0000] {processor.py:914} INFO - Processing file /home/airflow/.local/lib/python3.12/site-packages/airflow/example_dags/example_params_trigger_ui.py for tasks to queue
[2026-01-05T17:41:43.829+0000] {logging_mixin.py:190} INFO - [2026-01-05T17:41:43.829+0000] {dagbag.py:587} INFO - Filling up the DagBag from /home/airflow/.local/lib/python3.12/site-packages/airflow/example_dags/example_params_trigger_ui.py
[2026-01-05T17:41:43.851+0000] {processor.py:925} INFO - DAG(s) 'example_params_trigger_ui' retrieved from /home/airflow/.local/lib/python3.12/site-packages/airflow/example_dags/example_params_trigger_ui.py
[2026-01-05T17:41:43.929+0000] {logging_mixin.py:190} INFO - [2026-01-05T17:41:43.929+0000] {dag.py:3211} INFO - Sync 1 DAGs
[2026-01-05T17:41:43.945+0000] {logging_mixin.py:190} INFO - [2026-01-05T17:41:43.944+0000] {dag.py:4138} INFO - Setting next_dagrun for example_params_trigger_ui to None, run_after=None
[2026-01-05T17:41:43.965+0000] {processor.py:208} INFO - Processing /home/airflow/.local/lib/python3.12/site-packages/airflow/example_dags/example_params_trigger_ui.py took 0.155 seconds
[2026-01-05T17:42:14.261+0000] {processor.py:186} INFO - Started process (PID=3300) to work on /home/airflow/.local/lib/python3.12/site-packages/airflow/example_dags/example_params_trigger_ui.py
[2026-01-05T17:42:14.264+0000] {processor.py:914} INFO - Processing file /home/airflow/.local/lib/python3.12/site-packages/airflow/example_dags/example_params_trigger_ui.py for tasks to queue
[2026-01-05T17:42:14.268+0000] {logging_mixin.py:190} INFO - [2026-01-05T17:42:14.267+0000] {dagbag.py:587} INFO - Filling up the DagBag from /home/airflow/.local/lib/python3.12/site-packages/airflow/example_dags/example_params_trigger_ui.py
[2026-01-05T17:42:14.280+0000] {processor.py:925} INFO - DAG(s) 'example_params_trigger_ui' retrieved from /home/airflow/.local/lib/python3.12/site-packages/airflow/example_dags/example_params_trigger_ui.py
[2026-01-05T17:42:14.342+0000] {logging_mixin.py:190} INFO - [2026-01-05T17:42:14.341+0000] {dag.py:3211} INFO - Sync 1 DAGs
[2026-01-05T17:42:14.364+0000] {logging_mixin.py:190} INFO - [2026-01-05T17:42:14.363+0000] {dag.py:4138} INFO - Setting next_dagrun for example_params_trigger_ui to None, run_after=None
[2026-01-05T17:42:14.390+0000] {processor.py:208} INFO - Processing /home/airflow/.local/lib/python3.12/site-packages/airflow/example_dags/example_params_trigger_ui.py took 0.139 seconds
[2026-01-05T17:42:44.775+0000] {processor.py:186} INFO - Started process (PID=3366) to work on /home/airflow/.local/lib/python3.12/site-packages/airflow/example_dags/example_params_trigger_ui.py
[2026-01-05T17:42:44.777+0000] {processor.py:914} INFO - Processing file /home/airflow/.local/lib/python3.12/site-packages/airflow/example_dags/example_params_trigger_ui.py for tasks to queue
[2026-01-05T17:42:44.781+0000] {logging_mixin.py:190} INFO - [2026-01-05T17:42:44.780+0000] {dagbag.py:587} INFO - Filling up the DagBag from /home/airflow/.local/lib/python3.12/site-packages/airflow/example_dags/example_params_trigger_ui.py
[2026-01-05T17:42:44.792+0000] {processor.py:925} INFO - DAG(s) 'example_params_trigger_ui' retrieved from /home/airflow/.local/lib/python3.12/site-packages/airflow/example_dags/example_params_trigger_ui.py
[2026-01-05T17:42:44.860+0000] {logging_mixin.py:190} INFO - [2026-01-05T17:42:44.860+0000] {dag.py:3211} INFO - Sync 1 DAGs
[2026-01-05T17:42:44.885+0000] {logging_mixin.py:190} INFO - [2026-01-05T17:42:44.884+0000] {dag.py:4138} INFO - Setting next_dagrun for example_params_trigger_ui to None, run_after=None
[2026-01-05T17:42:44.909+0000] {processor.py:208} INFO - Processing /home/airflow/.local/lib/python3.12/site-packages/airflow/example_dags/example_params_trigger_ui.py took 0.141 seconds
[2026-01-05T17:43:15.001+0000] {processor.py:186} INFO - Started process (PID=3432) to work on /home/airflow/.local/lib/python3.12/site-packages/airflow/example_dags/example_params_trigger_ui.py
[2026-01-05T17:43:15.003+0000] {processor.py:914} INFO - Processing file /home/airflow/.local/lib/python3.12/site-packages/airflow/example_dags/example_params_trigger_ui.py for tasks to queue
[2026-01-05T17:43:15.007+0000] {logging_mixin.py:190} INFO - [2026-01-05T17:43:15.006+0000] {dagbag.py:587} INFO - Filling up the DagBag from /home/airflow/.local/lib/python3.12/site-packages/airflow/example_dags/example_params_trigger_ui.py
[2026-01-05T17:43:15.022+0000] {processor.py:925} INFO - DAG(s) 'example_params_trigger_ui' retrieved from /home/airflow/.local/lib/python3.12/site-packages/airflow/example_dags/example_params_trigger_ui.py
[2026-01-05T17:43:15.079+0000] {logging_mixin.py:190} INFO - [2026-01-05T17:43:15.079+0000] {dag.py:3211} INFO - Sync 1 DAGs
[2026-01-05T17:43:15.101+0000] {logging_mixin.py:190} INFO - [2026-01-05T17:43:15.100+0000] {dag.py:4138} INFO - Setting next_dagrun for example_params_trigger_ui to None, run_after=None
[2026-01-05T17:43:15.126+0000] {processor.py:208} INFO - Processing /home/airflow/.local/lib/python3.12/site-packages/airflow/example_dags/example_params_trigger_ui.py took 0.134 seconds
[2026-01-05T17:43:45.223+0000] {processor.py:186} INFO - Started process (PID=3498) to work on /home/airflow/.local/lib/python3.12/site-packages/airflow/example_dags/example_params_trigger_ui.py
[2026-01-05T17:43:45.225+0000] {processor.py:914} INFO - Processing file /home/airflow/.local/lib/python3.12/site-packages/airflow/example_dags/example_params_trigger_ui.py for tasks to queue
[2026-01-05T17:43:45.228+0000] {logging_mixin.py:190} INFO - [2026-01-05T17:43:45.228+0000] {dagbag.py:587} INFO - Filling up the DagBag from /home/airflow/.local/lib/python3.12/site-packages/airflow/example_dags/example_params_trigger_ui.py
[2026-01-05T17:43:45.238+0000] {processor.py:925} INFO - DAG(s) 'example_params_trigger_ui' retrieved from /home/airflow/.local/lib/python3.12/site-packages/airflow/example_dags/example_params_trigger_ui.py
[2026-01-05T17:43:45.299+0000] {logging_mixin.py:190} INFO - [2026-01-05T17:43:45.298+0000] {dag.py:3211} INFO - Sync 1 DAGs
[2026-01-05T17:43:45.317+0000] {logging_mixin.py:190} INFO - [2026-01-05T17:43:45.317+0000] {dag.py:4138} INFO - Setting next_dagrun for example_params_trigger_ui to None, run_after=None
[2026-01-05T17:43:45.341+0000] {processor.py:208} INFO - Processing /home/airflow/.local/lib/python3.12/site-packages/airflow/example_dags/example_params_trigger_ui.py took 0.126 seconds
[2026-01-05T17:44:15.975+0000] {processor.py:186} INFO - Started process (PID=3564) to work on /home/airflow/.local/lib/python3.12/site-packages/airflow/example_dags/example_params_trigger_ui.py
[2026-01-05T17:44:15.977+0000] {processor.py:914} INFO - Processing file /home/airflow/.local/lib/python3.12/site-packages/airflow/example_dags/example_params_trigger_ui.py for tasks to queue
[2026-01-05T17:44:15.981+0000] {logging_mixin.py:190} INFO - [2026-01-05T17:44:15.981+0000] {dagbag.py:587} INFO - Filling up the DagBag from /home/airflow/.local/lib/python3.12/site-packages/airflow/example_dags/example_params_trigger_ui.py
[2026-01-05T17:44:15.994+0000] {processor.py:925} INFO - DAG(s) 'example_params_trigger_ui' retrieved from /home/airflow/.local/lib/python3.12/site-packages/airflow/example_dags/example_params_trigger_ui.py
[2026-01-05T17:44:16.050+0000] {logging_mixin.py:190} INFO - [2026-01-05T17:44:16.050+0000] {dag.py:3211} INFO - Sync 1 DAGs
[2026-01-05T17:44:16.070+0000] {logging_mixin.py:190} INFO - [2026-01-05T17:44:16.070+0000] {dag.py:4138} INFO - Setting next_dagrun for example_params_trigger_ui to None, run_after=None
[2026-01-05T17:44:16.092+0000] {processor.py:208} INFO - Processing /home/airflow/.local/lib/python3.12/site-packages/airflow/example_dags/example_params_trigger_ui.py took 0.125 seconds
[2026-01-05T17:44:46.503+0000] {processor.py:186} INFO - Started process (PID=3631) to work on /home/airflow/.local/lib/python3.12/site-packages/airflow/example_dags/example_params_trigger_ui.py
[2026-01-05T17:44:46.504+0000] {processor.py:914} INFO - Processing file /home/airflow/.local/lib/python3.12/site-packages/airflow/example_dags/example_params_trigger_ui.py for tasks to queue
[2026-01-05T17:44:46.508+0000] {logging_mixin.py:190} INFO - [2026-01-05T17:44:46.508+0000] {dagbag.py:587} INFO - Filling up the DagBag from /home/airflow/.local/lib/python3.12/site-packages/airflow/example_dags/example_params_trigger_ui.py
[2026-01-05T17:44:46.520+0000] {processor.py:925} INFO - DAG(s) 'example_params_trigger_ui' retrieved from /home/airflow/.local/lib/python3.12/site-packages/airflow/example_dags/example_params_trigger_ui.py
[2026-01-05T17:44:46.577+0000] {logging_mixin.py:190} INFO - [2026-01-05T17:44:46.576+0000] {dag.py:3211} INFO - Sync 1 DAGs
[2026-01-05T17:44:46.596+0000] {logging_mixin.py:190} INFO - [2026-01-05T17:44:46.596+0000] {dag.py:4138} INFO - Setting next_dagrun for example_params_trigger_ui to None, run_after=None
[2026-01-05T17:44:46.623+0000] {processor.py:208} INFO - Processing /home/airflow/.local/lib/python3.12/site-packages/airflow/example_dags/example_params_trigger_ui.py took 0.129 seconds
