[2026-01-05T17:17:55.868+0000] {processor.py:186} INFO - Started process (PID=172) to work on /home/airflow/.local/lib/python3.12/site-packages/airflow/example_dags/example_branch_python_dop_operator_3.py
[2026-01-05T17:17:55.871+0000] {processor.py:914} INFO - Processing file /home/airflow/.local/lib/python3.12/site-packages/airflow/example_dags/example_branch_python_dop_operator_3.py for tasks to queue
[2026-01-05T17:17:55.877+0000] {logging_mixin.py:190} INFO - [2026-01-05T17:17:55.876+0000] {dagbag.py:587} INFO - Filling up the DagBag from /home/airflow/.local/lib/python3.12/site-packages/airflow/example_dags/example_branch_python_dop_operator_3.py
[2026-01-05T17:17:55.929+0000] {processor.py:925} INFO - DAG(s) 'example_branch_dop_operator_v3' retrieved from /home/airflow/.local/lib/python3.12/site-packages/airflow/example_dags/example_branch_python_dop_operator_3.py
[2026-01-05T17:17:55.991+0000] {logging_mixin.py:190} INFO - [2026-01-05T17:17:55.990+0000] {dag.py:3211} INFO - Sync 1 DAGs
[2026-01-05T17:17:56.052+0000] {logging_mixin.py:190} INFO - [2026-01-05T17:17:56.051+0000] {dag.py:4138} INFO - Setting next_dagrun for example_branch_dop_operator_v3 to 2026-01-05 17:16:00+00:00, run_after=2026-01-05 17:17:00+00:00
[2026-01-05T17:17:56.103+0000] {processor.py:208} INFO - Processing /home/airflow/.local/lib/python3.12/site-packages/airflow/example_dags/example_branch_python_dop_operator_3.py took 0.254 seconds
[2026-01-05T17:18:29.397+0000] {processor.py:186} INFO - Started process (PID=238) to work on /home/airflow/.local/lib/python3.12/site-packages/airflow/example_dags/example_branch_python_dop_operator_3.py
[2026-01-05T17:18:29.399+0000] {processor.py:914} INFO - Processing file /home/airflow/.local/lib/python3.12/site-packages/airflow/example_dags/example_branch_python_dop_operator_3.py for tasks to queue
[2026-01-05T17:18:29.403+0000] {logging_mixin.py:190} INFO - [2026-01-05T17:18:29.402+0000] {dagbag.py:587} INFO - Filling up the DagBag from /home/airflow/.local/lib/python3.12/site-packages/airflow/example_dags/example_branch_python_dop_operator_3.py
[2026-01-05T17:18:29.416+0000] {processor.py:925} INFO - DAG(s) 'example_branch_dop_operator_v3' retrieved from /home/airflow/.local/lib/python3.12/site-packages/airflow/example_dags/example_branch_python_dop_operator_3.py
[2026-01-05T17:18:29.446+0000] {logging_mixin.py:190} INFO - [2026-01-05T17:18:29.446+0000] {dag.py:3211} INFO - Sync 1 DAGs
[2026-01-05T17:18:29.481+0000] {logging_mixin.py:190} INFO - [2026-01-05T17:18:29.480+0000] {dag.py:4138} INFO - Setting next_dagrun for example_branch_dop_operator_v3 to 2026-01-05 17:17:00+00:00, run_after=2026-01-05 17:18:00+00:00
[2026-01-05T17:18:29.505+0000] {processor.py:208} INFO - Processing /home/airflow/.local/lib/python3.12/site-packages/airflow/example_dags/example_branch_python_dop_operator_3.py took 0.117 seconds
[2026-01-05T17:18:59.927+0000] {processor.py:186} INFO - Started process (PID=304) to work on /home/airflow/.local/lib/python3.12/site-packages/airflow/example_dags/example_branch_python_dop_operator_3.py
[2026-01-05T17:18:59.929+0000] {processor.py:914} INFO - Processing file /home/airflow/.local/lib/python3.12/site-packages/airflow/example_dags/example_branch_python_dop_operator_3.py for tasks to queue
[2026-01-05T17:18:59.933+0000] {logging_mixin.py:190} INFO - [2026-01-05T17:18:59.932+0000] {dagbag.py:587} INFO - Filling up the DagBag from /home/airflow/.local/lib/python3.12/site-packages/airflow/example_dags/example_branch_python_dop_operator_3.py
[2026-01-05T17:18:59.944+0000] {processor.py:925} INFO - DAG(s) 'example_branch_dop_operator_v3' retrieved from /home/airflow/.local/lib/python3.12/site-packages/airflow/example_dags/example_branch_python_dop_operator_3.py
[2026-01-05T17:18:59.970+0000] {logging_mixin.py:190} INFO - [2026-01-05T17:18:59.970+0000] {dag.py:3211} INFO - Sync 1 DAGs
[2026-01-05T17:18:59.997+0000] {logging_mixin.py:190} INFO - [2026-01-05T17:18:59.997+0000] {dag.py:4138} INFO - Setting next_dagrun for example_branch_dop_operator_v3 to 2026-01-05 17:17:00+00:00, run_after=2026-01-05 17:18:00+00:00
[2026-01-05T17:19:00.023+0000] {processor.py:208} INFO - Processing /home/airflow/.local/lib/python3.12/site-packages/airflow/example_dags/example_branch_python_dop_operator_3.py took 0.103 seconds
[2026-01-05T17:19:30.520+0000] {processor.py:186} INFO - Started process (PID=369) to work on /home/airflow/.local/lib/python3.12/site-packages/airflow/example_dags/example_branch_python_dop_operator_3.py
[2026-01-05T17:19:30.522+0000] {processor.py:914} INFO - Processing file /home/airflow/.local/lib/python3.12/site-packages/airflow/example_dags/example_branch_python_dop_operator_3.py for tasks to queue
[2026-01-05T17:19:30.525+0000] {logging_mixin.py:190} INFO - [2026-01-05T17:19:30.525+0000] {dagbag.py:587} INFO - Filling up the DagBag from /home/airflow/.local/lib/python3.12/site-packages/airflow/example_dags/example_branch_python_dop_operator_3.py
[2026-01-05T17:19:30.537+0000] {processor.py:925} INFO - DAG(s) 'example_branch_dop_operator_v3' retrieved from /home/airflow/.local/lib/python3.12/site-packages/airflow/example_dags/example_branch_python_dop_operator_3.py
[2026-01-05T17:19:30.561+0000] {logging_mixin.py:190} INFO - [2026-01-05T17:19:30.561+0000] {dag.py:3211} INFO - Sync 1 DAGs
[2026-01-05T17:19:30.587+0000] {logging_mixin.py:190} INFO - [2026-01-05T17:19:30.587+0000] {dag.py:4138} INFO - Setting next_dagrun for example_branch_dop_operator_v3 to 2026-01-05 17:18:00+00:00, run_after=2026-01-05 17:19:00+00:00
[2026-01-05T17:19:30.606+0000] {processor.py:208} INFO - Processing /home/airflow/.local/lib/python3.12/site-packages/airflow/example_dags/example_branch_python_dop_operator_3.py took 0.093 seconds
[2026-01-05T17:20:00.926+0000] {processor.py:186} INFO - Started process (PID=435) to work on /home/airflow/.local/lib/python3.12/site-packages/airflow/example_dags/example_branch_python_dop_operator_3.py
[2026-01-05T17:20:00.928+0000] {processor.py:914} INFO - Processing file /home/airflow/.local/lib/python3.12/site-packages/airflow/example_dags/example_branch_python_dop_operator_3.py for tasks to queue
[2026-01-05T17:20:00.933+0000] {logging_mixin.py:190} INFO - [2026-01-05T17:20:00.932+0000] {dagbag.py:587} INFO - Filling up the DagBag from /home/airflow/.local/lib/python3.12/site-packages/airflow/example_dags/example_branch_python_dop_operator_3.py
[2026-01-05T17:20:00.949+0000] {processor.py:925} INFO - DAG(s) 'example_branch_dop_operator_v3' retrieved from /home/airflow/.local/lib/python3.12/site-packages/airflow/example_dags/example_branch_python_dop_operator_3.py
[2026-01-05T17:20:00.975+0000] {logging_mixin.py:190} INFO - [2026-01-05T17:20:00.974+0000] {dag.py:3211} INFO - Sync 1 DAGs
[2026-01-05T17:20:01.005+0000] {logging_mixin.py:190} INFO - [2026-01-05T17:20:01.005+0000] {dag.py:4138} INFO - Setting next_dagrun for example_branch_dop_operator_v3 to 2026-01-05 17:19:00+00:00, run_after=2026-01-05 17:20:00+00:00
[2026-01-05T17:20:01.023+0000] {processor.py:208} INFO - Processing /home/airflow/.local/lib/python3.12/site-packages/airflow/example_dags/example_branch_python_dop_operator_3.py took 0.105 seconds
[2026-01-05T17:20:33.688+0000] {processor.py:186} INFO - Started process (PID=502) to work on /home/airflow/.local/lib/python3.12/site-packages/airflow/example_dags/example_branch_python_dop_operator_3.py
[2026-01-05T17:20:33.691+0000] {processor.py:914} INFO - Processing file /home/airflow/.local/lib/python3.12/site-packages/airflow/example_dags/example_branch_python_dop_operator_3.py for tasks to queue
[2026-01-05T17:20:33.697+0000] {logging_mixin.py:190} INFO - [2026-01-05T17:20:33.696+0000] {dagbag.py:587} INFO - Filling up the DagBag from /home/airflow/.local/lib/python3.12/site-packages/airflow/example_dags/example_branch_python_dop_operator_3.py
[2026-01-05T17:20:33.717+0000] {processor.py:925} INFO - DAG(s) 'example_branch_dop_operator_v3' retrieved from /home/airflow/.local/lib/python3.12/site-packages/airflow/example_dags/example_branch_python_dop_operator_3.py
[2026-01-05T17:20:33.750+0000] {logging_mixin.py:190} INFO - [2026-01-05T17:20:33.749+0000] {dag.py:3211} INFO - Sync 1 DAGs
[2026-01-05T17:20:33.799+0000] {logging_mixin.py:190} INFO - [2026-01-05T17:20:33.799+0000] {dag.py:4138} INFO - Setting next_dagrun for example_branch_dop_operator_v3 to 2026-01-05 17:19:00+00:00, run_after=2026-01-05 17:20:00+00:00
[2026-01-05T17:20:33.831+0000] {processor.py:208} INFO - Processing /home/airflow/.local/lib/python3.12/site-packages/airflow/example_dags/example_branch_python_dop_operator_3.py took 0.154 seconds
[2026-01-05T17:21:04.446+0000] {processor.py:186} INFO - Started process (PID=568) to work on /home/airflow/.local/lib/python3.12/site-packages/airflow/example_dags/example_branch_python_dop_operator_3.py
[2026-01-05T17:21:04.448+0000] {processor.py:914} INFO - Processing file /home/airflow/.local/lib/python3.12/site-packages/airflow/example_dags/example_branch_python_dop_operator_3.py for tasks to queue
[2026-01-05T17:21:04.452+0000] {logging_mixin.py:190} INFO - [2026-01-05T17:21:04.452+0000] {dagbag.py:587} INFO - Filling up the DagBag from /home/airflow/.local/lib/python3.12/site-packages/airflow/example_dags/example_branch_python_dop_operator_3.py
[2026-01-05T17:21:04.463+0000] {processor.py:925} INFO - DAG(s) 'example_branch_dop_operator_v3' retrieved from /home/airflow/.local/lib/python3.12/site-packages/airflow/example_dags/example_branch_python_dop_operator_3.py
[2026-01-05T17:21:04.484+0000] {logging_mixin.py:190} INFO - [2026-01-05T17:21:04.484+0000] {dag.py:3211} INFO - Sync 1 DAGs
[2026-01-05T17:21:04.520+0000] {logging_mixin.py:190} INFO - [2026-01-05T17:21:04.520+0000] {dag.py:4138} INFO - Setting next_dagrun for example_branch_dop_operator_v3 to 2026-01-05 17:20:00+00:00, run_after=2026-01-05 17:21:00+00:00
[2026-01-05T17:21:04.549+0000] {processor.py:208} INFO - Processing /home/airflow/.local/lib/python3.12/site-packages/airflow/example_dags/example_branch_python_dop_operator_3.py took 0.109 seconds
[2026-01-05T17:21:34.840+0000] {processor.py:186} INFO - Started process (PID=634) to work on /home/airflow/.local/lib/python3.12/site-packages/airflow/example_dags/example_branch_python_dop_operator_3.py
[2026-01-05T17:21:34.841+0000] {processor.py:914} INFO - Processing file /home/airflow/.local/lib/python3.12/site-packages/airflow/example_dags/example_branch_python_dop_operator_3.py for tasks to queue
[2026-01-05T17:21:34.845+0000] {logging_mixin.py:190} INFO - [2026-01-05T17:21:34.844+0000] {dagbag.py:587} INFO - Filling up the DagBag from /home/airflow/.local/lib/python3.12/site-packages/airflow/example_dags/example_branch_python_dop_operator_3.py
[2026-01-05T17:21:34.857+0000] {processor.py:925} INFO - DAG(s) 'example_branch_dop_operator_v3' retrieved from /home/airflow/.local/lib/python3.12/site-packages/airflow/example_dags/example_branch_python_dop_operator_3.py
[2026-01-05T17:21:34.886+0000] {logging_mixin.py:190} INFO - [2026-01-05T17:21:34.886+0000] {dag.py:3211} INFO - Sync 1 DAGs
[2026-01-05T17:21:34.928+0000] {logging_mixin.py:190} INFO - [2026-01-05T17:21:34.928+0000] {dag.py:4138} INFO - Setting next_dagrun for example_branch_dop_operator_v3 to 2026-01-05 17:20:00+00:00, run_after=2026-01-05 17:21:00+00:00
[2026-01-05T17:21:34.948+0000] {processor.py:208} INFO - Processing /home/airflow/.local/lib/python3.12/site-packages/airflow/example_dags/example_branch_python_dop_operator_3.py took 0.116 seconds
[2026-01-05T17:22:05.701+0000] {processor.py:186} INFO - Started process (PID=700) to work on /home/airflow/.local/lib/python3.12/site-packages/airflow/example_dags/example_branch_python_dop_operator_3.py
[2026-01-05T17:22:05.703+0000] {processor.py:914} INFO - Processing file /home/airflow/.local/lib/python3.12/site-packages/airflow/example_dags/example_branch_python_dop_operator_3.py for tasks to queue
[2026-01-05T17:22:05.706+0000] {logging_mixin.py:190} INFO - [2026-01-05T17:22:05.706+0000] {dagbag.py:587} INFO - Filling up the DagBag from /home/airflow/.local/lib/python3.12/site-packages/airflow/example_dags/example_branch_python_dop_operator_3.py
[2026-01-05T17:22:05.720+0000] {processor.py:925} INFO - DAG(s) 'example_branch_dop_operator_v3' retrieved from /home/airflow/.local/lib/python3.12/site-packages/airflow/example_dags/example_branch_python_dop_operator_3.py
[2026-01-05T17:22:05.748+0000] {logging_mixin.py:190} INFO - [2026-01-05T17:22:05.748+0000] {dag.py:3211} INFO - Sync 1 DAGs
[2026-01-05T17:22:05.781+0000] {logging_mixin.py:190} INFO - [2026-01-05T17:22:05.781+0000] {dag.py:4138} INFO - Setting next_dagrun for example_branch_dop_operator_v3 to 2026-01-05 17:21:00+00:00, run_after=2026-01-05 17:22:00+00:00
[2026-01-05T17:22:05.811+0000] {processor.py:208} INFO - Processing /home/airflow/.local/lib/python3.12/site-packages/airflow/example_dags/example_branch_python_dop_operator_3.py took 0.119 seconds
[2026-01-05T17:22:36.342+0000] {processor.py:186} INFO - Started process (PID=766) to work on /home/airflow/.local/lib/python3.12/site-packages/airflow/example_dags/example_branch_python_dop_operator_3.py
[2026-01-05T17:22:36.344+0000] {processor.py:914} INFO - Processing file /home/airflow/.local/lib/python3.12/site-packages/airflow/example_dags/example_branch_python_dop_operator_3.py for tasks to queue
[2026-01-05T17:22:36.348+0000] {logging_mixin.py:190} INFO - [2026-01-05T17:22:36.347+0000] {dagbag.py:587} INFO - Filling up the DagBag from /home/airflow/.local/lib/python3.12/site-packages/airflow/example_dags/example_branch_python_dop_operator_3.py
[2026-01-05T17:22:36.363+0000] {processor.py:925} INFO - DAG(s) 'example_branch_dop_operator_v3' retrieved from /home/airflow/.local/lib/python3.12/site-packages/airflow/example_dags/example_branch_python_dop_operator_3.py
[2026-01-05T17:22:36.396+0000] {logging_mixin.py:190} INFO - [2026-01-05T17:22:36.396+0000] {dag.py:3211} INFO - Sync 1 DAGs
[2026-01-05T17:22:36.465+0000] {logging_mixin.py:190} INFO - [2026-01-05T17:22:36.464+0000] {dag.py:4138} INFO - Setting next_dagrun for example_branch_dop_operator_v3 to 2026-01-05 17:21:00+00:00, run_after=2026-01-05 17:22:00+00:00
[2026-01-05T17:22:36.504+0000] {processor.py:208} INFO - Processing /home/airflow/.local/lib/python3.12/site-packages/airflow/example_dags/example_branch_python_dop_operator_3.py took 0.169 seconds
[2026-01-05T17:23:06.598+0000] {processor.py:186} INFO - Started process (PID=831) to work on /home/airflow/.local/lib/python3.12/site-packages/airflow/example_dags/example_branch_python_dop_operator_3.py
[2026-01-05T17:23:06.602+0000] {processor.py:914} INFO - Processing file /home/airflow/.local/lib/python3.12/site-packages/airflow/example_dags/example_branch_python_dop_operator_3.py for tasks to queue
[2026-01-05T17:23:06.609+0000] {logging_mixin.py:190} INFO - [2026-01-05T17:23:06.608+0000] {dagbag.py:587} INFO - Filling up the DagBag from /home/airflow/.local/lib/python3.12/site-packages/airflow/example_dags/example_branch_python_dop_operator_3.py
[2026-01-05T17:23:06.630+0000] {processor.py:925} INFO - DAG(s) 'example_branch_dop_operator_v3' retrieved from /home/airflow/.local/lib/python3.12/site-packages/airflow/example_dags/example_branch_python_dop_operator_3.py
[2026-01-05T17:23:06.680+0000] {logging_mixin.py:190} INFO - [2026-01-05T17:23:06.680+0000] {dag.py:3211} INFO - Sync 1 DAGs
[2026-01-05T17:23:06.746+0000] {logging_mixin.py:190} INFO - [2026-01-05T17:23:06.746+0000] {dag.py:4138} INFO - Setting next_dagrun for example_branch_dop_operator_v3 to 2026-01-05 17:22:00+00:00, run_after=2026-01-05 17:23:00+00:00
[2026-01-05T17:23:06.772+0000] {processor.py:208} INFO - Processing /home/airflow/.local/lib/python3.12/site-packages/airflow/example_dags/example_branch_python_dop_operator_3.py took 0.188 seconds
[2026-01-05T17:23:37.002+0000] {processor.py:186} INFO - Started process (PID=897) to work on /home/airflow/.local/lib/python3.12/site-packages/airflow/example_dags/example_branch_python_dop_operator_3.py
[2026-01-05T17:23:37.004+0000] {processor.py:914} INFO - Processing file /home/airflow/.local/lib/python3.12/site-packages/airflow/example_dags/example_branch_python_dop_operator_3.py for tasks to queue
[2026-01-05T17:23:37.009+0000] {logging_mixin.py:190} INFO - [2026-01-05T17:23:37.008+0000] {dagbag.py:587} INFO - Filling up the DagBag from /home/airflow/.local/lib/python3.12/site-packages/airflow/example_dags/example_branch_python_dop_operator_3.py
[2026-01-05T17:23:37.028+0000] {processor.py:925} INFO - DAG(s) 'example_branch_dop_operator_v3' retrieved from /home/airflow/.local/lib/python3.12/site-packages/airflow/example_dags/example_branch_python_dop_operator_3.py
[2026-01-05T17:23:37.069+0000] {logging_mixin.py:190} INFO - [2026-01-05T17:23:37.069+0000] {dag.py:3211} INFO - Sync 1 DAGs
[2026-01-05T17:23:37.107+0000] {logging_mixin.py:190} INFO - [2026-01-05T17:23:37.107+0000] {dag.py:4138} INFO - Setting next_dagrun for example_branch_dop_operator_v3 to 2026-01-05 17:22:00+00:00, run_after=2026-01-05 17:23:00+00:00
[2026-01-05T17:23:37.131+0000] {processor.py:208} INFO - Processing /home/airflow/.local/lib/python3.12/site-packages/airflow/example_dags/example_branch_python_dop_operator_3.py took 0.140 seconds
[2026-01-05T17:24:07.194+0000] {processor.py:186} INFO - Started process (PID=963) to work on /home/airflow/.local/lib/python3.12/site-packages/airflow/example_dags/example_branch_python_dop_operator_3.py
[2026-01-05T17:24:07.196+0000] {processor.py:914} INFO - Processing file /home/airflow/.local/lib/python3.12/site-packages/airflow/example_dags/example_branch_python_dop_operator_3.py for tasks to queue
[2026-01-05T17:24:07.200+0000] {logging_mixin.py:190} INFO - [2026-01-05T17:24:07.199+0000] {dagbag.py:587} INFO - Filling up the DagBag from /home/airflow/.local/lib/python3.12/site-packages/airflow/example_dags/example_branch_python_dop_operator_3.py
[2026-01-05T17:24:07.210+0000] {processor.py:925} INFO - DAG(s) 'example_branch_dop_operator_v3' retrieved from /home/airflow/.local/lib/python3.12/site-packages/airflow/example_dags/example_branch_python_dop_operator_3.py
[2026-01-05T17:24:07.250+0000] {logging_mixin.py:190} INFO - [2026-01-05T17:24:07.250+0000] {dag.py:3211} INFO - Sync 1 DAGs
[2026-01-05T17:24:07.287+0000] {logging_mixin.py:190} INFO - [2026-01-05T17:24:07.287+0000] {dag.py:4138} INFO - Setting next_dagrun for example_branch_dop_operator_v3 to 2026-01-05 17:23:00+00:00, run_after=2026-01-05 17:24:00+00:00
[2026-01-05T17:24:07.305+0000] {processor.py:208} INFO - Processing /home/airflow/.local/lib/python3.12/site-packages/airflow/example_dags/example_branch_python_dop_operator_3.py took 0.121 seconds
[2026-01-05T17:24:37.790+0000] {processor.py:186} INFO - Started process (PID=1029) to work on /home/airflow/.local/lib/python3.12/site-packages/airflow/example_dags/example_branch_python_dop_operator_3.py
[2026-01-05T17:24:37.792+0000] {processor.py:914} INFO - Processing file /home/airflow/.local/lib/python3.12/site-packages/airflow/example_dags/example_branch_python_dop_operator_3.py for tasks to queue
[2026-01-05T17:24:37.795+0000] {logging_mixin.py:190} INFO - [2026-01-05T17:24:37.795+0000] {dagbag.py:587} INFO - Filling up the DagBag from /home/airflow/.local/lib/python3.12/site-packages/airflow/example_dags/example_branch_python_dop_operator_3.py
[2026-01-05T17:24:37.806+0000] {processor.py:925} INFO - DAG(s) 'example_branch_dop_operator_v3' retrieved from /home/airflow/.local/lib/python3.12/site-packages/airflow/example_dags/example_branch_python_dop_operator_3.py
[2026-01-05T17:24:37.829+0000] {logging_mixin.py:190} INFO - [2026-01-05T17:24:37.829+0000] {dag.py:3211} INFO - Sync 1 DAGs
[2026-01-05T17:24:37.856+0000] {logging_mixin.py:190} INFO - [2026-01-05T17:24:37.856+0000] {dag.py:4138} INFO - Setting next_dagrun for example_branch_dop_operator_v3 to 2026-01-05 17:23:00+00:00, run_after=2026-01-05 17:24:00+00:00
[2026-01-05T17:24:37.873+0000] {processor.py:208} INFO - Processing /home/airflow/.local/lib/python3.12/site-packages/airflow/example_dags/example_branch_python_dop_operator_3.py took 0.090 seconds
[2026-01-05T17:25:08.836+0000] {processor.py:186} INFO - Started process (PID=1095) to work on /home/airflow/.local/lib/python3.12/site-packages/airflow/example_dags/example_branch_python_dop_operator_3.py
[2026-01-05T17:25:08.837+0000] {processor.py:914} INFO - Processing file /home/airflow/.local/lib/python3.12/site-packages/airflow/example_dags/example_branch_python_dop_operator_3.py for tasks to queue
[2026-01-05T17:25:08.841+0000] {logging_mixin.py:190} INFO - [2026-01-05T17:25:08.840+0000] {dagbag.py:587} INFO - Filling up the DagBag from /home/airflow/.local/lib/python3.12/site-packages/airflow/example_dags/example_branch_python_dop_operator_3.py
[2026-01-05T17:25:08.851+0000] {processor.py:925} INFO - DAG(s) 'example_branch_dop_operator_v3' retrieved from /home/airflow/.local/lib/python3.12/site-packages/airflow/example_dags/example_branch_python_dop_operator_3.py
[2026-01-05T17:25:08.873+0000] {logging_mixin.py:190} INFO - [2026-01-05T17:25:08.872+0000] {dag.py:3211} INFO - Sync 1 DAGs
[2026-01-05T17:25:08.899+0000] {logging_mixin.py:190} INFO - [2026-01-05T17:25:08.899+0000] {dag.py:4138} INFO - Setting next_dagrun for example_branch_dop_operator_v3 to 2026-01-05 17:24:00+00:00, run_after=2026-01-05 17:25:00+00:00
[2026-01-05T17:25:08.920+0000] {processor.py:208} INFO - Processing /home/airflow/.local/lib/python3.12/site-packages/airflow/example_dags/example_branch_python_dop_operator_3.py took 0.091 seconds
[2026-01-05T17:25:39.790+0000] {processor.py:186} INFO - Started process (PID=1161) to work on /home/airflow/.local/lib/python3.12/site-packages/airflow/example_dags/example_branch_python_dop_operator_3.py
[2026-01-05T17:25:39.792+0000] {processor.py:914} INFO - Processing file /home/airflow/.local/lib/python3.12/site-packages/airflow/example_dags/example_branch_python_dop_operator_3.py for tasks to queue
[2026-01-05T17:25:39.795+0000] {logging_mixin.py:190} INFO - [2026-01-05T17:25:39.794+0000] {dagbag.py:587} INFO - Filling up the DagBag from /home/airflow/.local/lib/python3.12/site-packages/airflow/example_dags/example_branch_python_dop_operator_3.py
[2026-01-05T17:25:39.810+0000] {processor.py:925} INFO - DAG(s) 'example_branch_dop_operator_v3' retrieved from /home/airflow/.local/lib/python3.12/site-packages/airflow/example_dags/example_branch_python_dop_operator_3.py
[2026-01-05T17:25:39.834+0000] {logging_mixin.py:190} INFO - [2026-01-05T17:25:39.833+0000] {dag.py:3211} INFO - Sync 1 DAGs
[2026-01-05T17:25:39.860+0000] {logging_mixin.py:190} INFO - [2026-01-05T17:25:39.860+0000] {dag.py:4138} INFO - Setting next_dagrun for example_branch_dop_operator_v3 to 2026-01-05 17:24:00+00:00, run_after=2026-01-05 17:25:00+00:00
[2026-01-05T17:25:39.881+0000] {processor.py:208} INFO - Processing /home/airflow/.local/lib/python3.12/site-packages/airflow/example_dags/example_branch_python_dop_operator_3.py took 0.097 seconds
[2026-01-05T17:26:10.363+0000] {processor.py:186} INFO - Started process (PID=1227) to work on /home/airflow/.local/lib/python3.12/site-packages/airflow/example_dags/example_branch_python_dop_operator_3.py
[2026-01-05T17:26:10.365+0000] {processor.py:914} INFO - Processing file /home/airflow/.local/lib/python3.12/site-packages/airflow/example_dags/example_branch_python_dop_operator_3.py for tasks to queue
[2026-01-05T17:26:10.370+0000] {logging_mixin.py:190} INFO - [2026-01-05T17:26:10.369+0000] {dagbag.py:587} INFO - Filling up the DagBag from /home/airflow/.local/lib/python3.12/site-packages/airflow/example_dags/example_branch_python_dop_operator_3.py
[2026-01-05T17:26:10.384+0000] {processor.py:925} INFO - DAG(s) 'example_branch_dop_operator_v3' retrieved from /home/airflow/.local/lib/python3.12/site-packages/airflow/example_dags/example_branch_python_dop_operator_3.py
[2026-01-05T17:26:10.414+0000] {logging_mixin.py:190} INFO - [2026-01-05T17:26:10.414+0000] {dag.py:3211} INFO - Sync 1 DAGs
[2026-01-05T17:26:10.439+0000] {logging_mixin.py:190} INFO - [2026-01-05T17:26:10.439+0000] {dag.py:4138} INFO - Setting next_dagrun for example_branch_dop_operator_v3 to 2026-01-05 17:25:00+00:00, run_after=2026-01-05 17:26:00+00:00
[2026-01-05T17:26:10.461+0000] {processor.py:208} INFO - Processing /home/airflow/.local/lib/python3.12/site-packages/airflow/example_dags/example_branch_python_dop_operator_3.py took 0.108 seconds
[2026-01-05T17:26:41.166+0000] {processor.py:186} INFO - Started process (PID=1293) to work on /home/airflow/.local/lib/python3.12/site-packages/airflow/example_dags/example_branch_python_dop_operator_3.py
[2026-01-05T17:26:41.169+0000] {processor.py:914} INFO - Processing file /home/airflow/.local/lib/python3.12/site-packages/airflow/example_dags/example_branch_python_dop_operator_3.py for tasks to queue
[2026-01-05T17:26:41.172+0000] {logging_mixin.py:190} INFO - [2026-01-05T17:26:41.172+0000] {dagbag.py:587} INFO - Filling up the DagBag from /home/airflow/.local/lib/python3.12/site-packages/airflow/example_dags/example_branch_python_dop_operator_3.py
[2026-01-05T17:26:41.182+0000] {processor.py:925} INFO - DAG(s) 'example_branch_dop_operator_v3' retrieved from /home/airflow/.local/lib/python3.12/site-packages/airflow/example_dags/example_branch_python_dop_operator_3.py
[2026-01-05T17:26:41.205+0000] {logging_mixin.py:190} INFO - [2026-01-05T17:26:41.205+0000] {dag.py:3211} INFO - Sync 1 DAGs
[2026-01-05T17:26:41.229+0000] {logging_mixin.py:190} INFO - [2026-01-05T17:26:41.229+0000] {dag.py:4138} INFO - Setting next_dagrun for example_branch_dop_operator_v3 to 2026-01-05 17:25:00+00:00, run_after=2026-01-05 17:26:00+00:00
[2026-01-05T17:26:41.250+0000] {processor.py:208} INFO - Processing /home/airflow/.local/lib/python3.12/site-packages/airflow/example_dags/example_branch_python_dop_operator_3.py took 0.092 seconds
[2026-01-05T17:27:11.576+0000] {processor.py:186} INFO - Started process (PID=1359) to work on /home/airflow/.local/lib/python3.12/site-packages/airflow/example_dags/example_branch_python_dop_operator_3.py
[2026-01-05T17:27:11.577+0000] {processor.py:914} INFO - Processing file /home/airflow/.local/lib/python3.12/site-packages/airflow/example_dags/example_branch_python_dop_operator_3.py for tasks to queue
[2026-01-05T17:27:11.580+0000] {logging_mixin.py:190} INFO - [2026-01-05T17:27:11.580+0000] {dagbag.py:587} INFO - Filling up the DagBag from /home/airflow/.local/lib/python3.12/site-packages/airflow/example_dags/example_branch_python_dop_operator_3.py
[2026-01-05T17:27:11.591+0000] {processor.py:925} INFO - DAG(s) 'example_branch_dop_operator_v3' retrieved from /home/airflow/.local/lib/python3.12/site-packages/airflow/example_dags/example_branch_python_dop_operator_3.py
[2026-01-05T17:27:11.615+0000] {logging_mixin.py:190} INFO - [2026-01-05T17:27:11.614+0000] {dag.py:3211} INFO - Sync 1 DAGs
[2026-01-05T17:27:11.644+0000] {logging_mixin.py:190} INFO - [2026-01-05T17:27:11.644+0000] {dag.py:4138} INFO - Setting next_dagrun for example_branch_dop_operator_v3 to 2026-01-05 17:26:00+00:00, run_after=2026-01-05 17:27:00+00:00
[2026-01-05T17:27:11.669+0000] {processor.py:208} INFO - Processing /home/airflow/.local/lib/python3.12/site-packages/airflow/example_dags/example_branch_python_dop_operator_3.py took 0.100 seconds
[2026-01-05T17:27:41.859+0000] {processor.py:186} INFO - Started process (PID=1425) to work on /home/airflow/.local/lib/python3.12/site-packages/airflow/example_dags/example_branch_python_dop_operator_3.py
[2026-01-05T17:27:41.861+0000] {processor.py:914} INFO - Processing file /home/airflow/.local/lib/python3.12/site-packages/airflow/example_dags/example_branch_python_dop_operator_3.py for tasks to queue
[2026-01-05T17:27:41.865+0000] {logging_mixin.py:190} INFO - [2026-01-05T17:27:41.864+0000] {dagbag.py:587} INFO - Filling up the DagBag from /home/airflow/.local/lib/python3.12/site-packages/airflow/example_dags/example_branch_python_dop_operator_3.py
[2026-01-05T17:27:41.875+0000] {processor.py:925} INFO - DAG(s) 'example_branch_dop_operator_v3' retrieved from /home/airflow/.local/lib/python3.12/site-packages/airflow/example_dags/example_branch_python_dop_operator_3.py
[2026-01-05T17:27:41.906+0000] {logging_mixin.py:190} INFO - [2026-01-05T17:27:41.906+0000] {dag.py:3211} INFO - Sync 1 DAGs
[2026-01-05T17:27:41.937+0000] {logging_mixin.py:190} INFO - [2026-01-05T17:27:41.937+0000] {dag.py:4138} INFO - Setting next_dagrun for example_branch_dop_operator_v3 to 2026-01-05 17:26:00+00:00, run_after=2026-01-05 17:27:00+00:00
[2026-01-05T17:27:41.968+0000] {processor.py:208} INFO - Processing /home/airflow/.local/lib/python3.12/site-packages/airflow/example_dags/example_branch_python_dop_operator_3.py took 0.116 seconds
[2026-01-05T17:28:13.011+0000] {processor.py:186} INFO - Started process (PID=1491) to work on /home/airflow/.local/lib/python3.12/site-packages/airflow/example_dags/example_branch_python_dop_operator_3.py
[2026-01-05T17:28:13.014+0000] {processor.py:914} INFO - Processing file /home/airflow/.local/lib/python3.12/site-packages/airflow/example_dags/example_branch_python_dop_operator_3.py for tasks to queue
[2026-01-05T17:28:13.019+0000] {logging_mixin.py:190} INFO - [2026-01-05T17:28:13.019+0000] {dagbag.py:587} INFO - Filling up the DagBag from /home/airflow/.local/lib/python3.12/site-packages/airflow/example_dags/example_branch_python_dop_operator_3.py
[2026-01-05T17:28:13.037+0000] {processor.py:925} INFO - DAG(s) 'example_branch_dop_operator_v3' retrieved from /home/airflow/.local/lib/python3.12/site-packages/airflow/example_dags/example_branch_python_dop_operator_3.py
[2026-01-05T17:28:13.077+0000] {logging_mixin.py:190} INFO - [2026-01-05T17:28:13.076+0000] {dag.py:3211} INFO - Sync 1 DAGs
[2026-01-05T17:28:13.129+0000] {logging_mixin.py:190} INFO - [2026-01-05T17:28:13.128+0000] {dag.py:4138} INFO - Setting next_dagrun for example_branch_dop_operator_v3 to 2026-01-05 17:27:00+00:00, run_after=2026-01-05 17:28:00+00:00
[2026-01-05T17:28:13.168+0000] {processor.py:208} INFO - Processing /home/airflow/.local/lib/python3.12/site-packages/airflow/example_dags/example_branch_python_dop_operator_3.py took 0.166 seconds
[2026-01-05T17:28:44.032+0000] {processor.py:186} INFO - Started process (PID=1556) to work on /home/airflow/.local/lib/python3.12/site-packages/airflow/example_dags/example_branch_python_dop_operator_3.py
[2026-01-05T17:28:44.033+0000] {processor.py:914} INFO - Processing file /home/airflow/.local/lib/python3.12/site-packages/airflow/example_dags/example_branch_python_dop_operator_3.py for tasks to queue
[2026-01-05T17:28:44.038+0000] {logging_mixin.py:190} INFO - [2026-01-05T17:28:44.037+0000] {dagbag.py:587} INFO - Filling up the DagBag from /home/airflow/.local/lib/python3.12/site-packages/airflow/example_dags/example_branch_python_dop_operator_3.py
[2026-01-05T17:28:44.050+0000] {processor.py:925} INFO - DAG(s) 'example_branch_dop_operator_v3' retrieved from /home/airflow/.local/lib/python3.12/site-packages/airflow/example_dags/example_branch_python_dop_operator_3.py
[2026-01-05T17:28:44.080+0000] {logging_mixin.py:190} INFO - [2026-01-05T17:28:44.080+0000] {dag.py:3211} INFO - Sync 1 DAGs
[2026-01-05T17:28:44.116+0000] {logging_mixin.py:190} INFO - [2026-01-05T17:28:44.116+0000] {dag.py:4138} INFO - Setting next_dagrun for example_branch_dop_operator_v3 to 2026-01-05 17:27:00+00:00, run_after=2026-01-05 17:28:00+00:00
[2026-01-05T17:28:44.141+0000] {processor.py:208} INFO - Processing /home/airflow/.local/lib/python3.12/site-packages/airflow/example_dags/example_branch_python_dop_operator_3.py took 0.116 seconds
[2026-01-05T17:29:14.709+0000] {processor.py:186} INFO - Started process (PID=1622) to work on /home/airflow/.local/lib/python3.12/site-packages/airflow/example_dags/example_branch_python_dop_operator_3.py
[2026-01-05T17:29:14.711+0000] {processor.py:914} INFO - Processing file /home/airflow/.local/lib/python3.12/site-packages/airflow/example_dags/example_branch_python_dop_operator_3.py for tasks to queue
[2026-01-05T17:29:14.714+0000] {logging_mixin.py:190} INFO - [2026-01-05T17:29:14.713+0000] {dagbag.py:587} INFO - Filling up the DagBag from /home/airflow/.local/lib/python3.12/site-packages/airflow/example_dags/example_branch_python_dop_operator_3.py
[2026-01-05T17:29:14.724+0000] {processor.py:925} INFO - DAG(s) 'example_branch_dop_operator_v3' retrieved from /home/airflow/.local/lib/python3.12/site-packages/airflow/example_dags/example_branch_python_dop_operator_3.py
[2026-01-05T17:29:14.749+0000] {logging_mixin.py:190} INFO - [2026-01-05T17:29:14.749+0000] {dag.py:3211} INFO - Sync 1 DAGs
[2026-01-05T17:29:14.782+0000] {logging_mixin.py:190} INFO - [2026-01-05T17:29:14.782+0000] {dag.py:4138} INFO - Setting next_dagrun for example_branch_dop_operator_v3 to 2026-01-05 17:28:00+00:00, run_after=2026-01-05 17:29:00+00:00
[2026-01-05T17:29:14.808+0000] {processor.py:208} INFO - Processing /home/airflow/.local/lib/python3.12/site-packages/airflow/example_dags/example_branch_python_dop_operator_3.py took 0.105 seconds
[2026-01-05T17:29:45.331+0000] {processor.py:186} INFO - Started process (PID=1688) to work on /home/airflow/.local/lib/python3.12/site-packages/airflow/example_dags/example_branch_python_dop_operator_3.py
[2026-01-05T17:29:45.334+0000] {processor.py:914} INFO - Processing file /home/airflow/.local/lib/python3.12/site-packages/airflow/example_dags/example_branch_python_dop_operator_3.py for tasks to queue
[2026-01-05T17:29:45.339+0000] {logging_mixin.py:190} INFO - [2026-01-05T17:29:45.338+0000] {dagbag.py:587} INFO - Filling up the DagBag from /home/airflow/.local/lib/python3.12/site-packages/airflow/example_dags/example_branch_python_dop_operator_3.py
[2026-01-05T17:29:45.352+0000] {processor.py:925} INFO - DAG(s) 'example_branch_dop_operator_v3' retrieved from /home/airflow/.local/lib/python3.12/site-packages/airflow/example_dags/example_branch_python_dop_operator_3.py
[2026-01-05T17:29:45.380+0000] {logging_mixin.py:190} INFO - [2026-01-05T17:29:45.379+0000] {dag.py:3211} INFO - Sync 1 DAGs
[2026-01-05T17:29:45.414+0000] {logging_mixin.py:190} INFO - [2026-01-05T17:29:45.414+0000] {dag.py:4138} INFO - Setting next_dagrun for example_branch_dop_operator_v3 to 2026-01-05 17:28:00+00:00, run_after=2026-01-05 17:29:00+00:00
[2026-01-05T17:29:45.436+0000] {processor.py:208} INFO - Processing /home/airflow/.local/lib/python3.12/site-packages/airflow/example_dags/example_branch_python_dop_operator_3.py took 0.115 seconds
[2026-01-05T17:30:15.879+0000] {processor.py:186} INFO - Started process (PID=1754) to work on /home/airflow/.local/lib/python3.12/site-packages/airflow/example_dags/example_branch_python_dop_operator_3.py
[2026-01-05T17:30:15.881+0000] {processor.py:914} INFO - Processing file /home/airflow/.local/lib/python3.12/site-packages/airflow/example_dags/example_branch_python_dop_operator_3.py for tasks to queue
[2026-01-05T17:30:15.885+0000] {logging_mixin.py:190} INFO - [2026-01-05T17:30:15.885+0000] {dagbag.py:587} INFO - Filling up the DagBag from /home/airflow/.local/lib/python3.12/site-packages/airflow/example_dags/example_branch_python_dop_operator_3.py
[2026-01-05T17:30:15.895+0000] {processor.py:925} INFO - DAG(s) 'example_branch_dop_operator_v3' retrieved from /home/airflow/.local/lib/python3.12/site-packages/airflow/example_dags/example_branch_python_dop_operator_3.py
[2026-01-05T17:30:15.924+0000] {logging_mixin.py:190} INFO - [2026-01-05T17:30:15.924+0000] {dag.py:3211} INFO - Sync 1 DAGs
[2026-01-05T17:30:15.954+0000] {logging_mixin.py:190} INFO - [2026-01-05T17:30:15.954+0000] {dag.py:4138} INFO - Setting next_dagrun for example_branch_dop_operator_v3 to 2026-01-05 17:29:00+00:00, run_after=2026-01-05 17:30:00+00:00
[2026-01-05T17:30:15.976+0000] {processor.py:208} INFO - Processing /home/airflow/.local/lib/python3.12/site-packages/airflow/example_dags/example_branch_python_dop_operator_3.py took 0.102 seconds
[2026-01-05T17:30:46.855+0000] {processor.py:186} INFO - Started process (PID=1821) to work on /home/airflow/.local/lib/python3.12/site-packages/airflow/example_dags/example_branch_python_dop_operator_3.py
[2026-01-05T17:30:46.857+0000] {processor.py:914} INFO - Processing file /home/airflow/.local/lib/python3.12/site-packages/airflow/example_dags/example_branch_python_dop_operator_3.py for tasks to queue
[2026-01-05T17:30:46.861+0000] {logging_mixin.py:190} INFO - [2026-01-05T17:30:46.861+0000] {dagbag.py:587} INFO - Filling up the DagBag from /home/airflow/.local/lib/python3.12/site-packages/airflow/example_dags/example_branch_python_dop_operator_3.py
[2026-01-05T17:30:46.872+0000] {processor.py:925} INFO - DAG(s) 'example_branch_dop_operator_v3' retrieved from /home/airflow/.local/lib/python3.12/site-packages/airflow/example_dags/example_branch_python_dop_operator_3.py
[2026-01-05T17:30:46.903+0000] {logging_mixin.py:190} INFO - [2026-01-05T17:30:46.902+0000] {dag.py:3211} INFO - Sync 1 DAGs
[2026-01-05T17:30:46.936+0000] {logging_mixin.py:190} INFO - [2026-01-05T17:30:46.935+0000] {dag.py:4138} INFO - Setting next_dagrun for example_branch_dop_operator_v3 to 2026-01-05 17:29:00+00:00, run_after=2026-01-05 17:30:00+00:00
[2026-01-05T17:30:46.958+0000] {processor.py:208} INFO - Processing /home/airflow/.local/lib/python3.12/site-packages/airflow/example_dags/example_branch_python_dop_operator_3.py took 0.112 seconds
[2026-01-05T17:31:17.664+0000] {processor.py:186} INFO - Started process (PID=1887) to work on /home/airflow/.local/lib/python3.12/site-packages/airflow/example_dags/example_branch_python_dop_operator_3.py
[2026-01-05T17:31:17.666+0000] {processor.py:914} INFO - Processing file /home/airflow/.local/lib/python3.12/site-packages/airflow/example_dags/example_branch_python_dop_operator_3.py for tasks to queue
[2026-01-05T17:31:17.671+0000] {logging_mixin.py:190} INFO - [2026-01-05T17:31:17.671+0000] {dagbag.py:587} INFO - Filling up the DagBag from /home/airflow/.local/lib/python3.12/site-packages/airflow/example_dags/example_branch_python_dop_operator_3.py
[2026-01-05T17:31:17.688+0000] {processor.py:925} INFO - DAG(s) 'example_branch_dop_operator_v3' retrieved from /home/airflow/.local/lib/python3.12/site-packages/airflow/example_dags/example_branch_python_dop_operator_3.py
[2026-01-05T17:31:17.720+0000] {logging_mixin.py:190} INFO - [2026-01-05T17:31:17.719+0000] {dag.py:3211} INFO - Sync 1 DAGs
[2026-01-05T17:31:17.760+0000] {logging_mixin.py:190} INFO - [2026-01-05T17:31:17.760+0000] {dag.py:4138} INFO - Setting next_dagrun for example_branch_dop_operator_v3 to 2026-01-05 17:30:00+00:00, run_after=2026-01-05 17:31:00+00:00
[2026-01-05T17:31:17.779+0000] {processor.py:208} INFO - Processing /home/airflow/.local/lib/python3.12/site-packages/airflow/example_dags/example_branch_python_dop_operator_3.py took 0.128 seconds
[2026-01-05T17:31:48.306+0000] {processor.py:186} INFO - Started process (PID=1953) to work on /home/airflow/.local/lib/python3.12/site-packages/airflow/example_dags/example_branch_python_dop_operator_3.py
[2026-01-05T17:31:48.307+0000] {processor.py:914} INFO - Processing file /home/airflow/.local/lib/python3.12/site-packages/airflow/example_dags/example_branch_python_dop_operator_3.py for tasks to queue
[2026-01-05T17:31:48.310+0000] {logging_mixin.py:190} INFO - [2026-01-05T17:31:48.310+0000] {dagbag.py:587} INFO - Filling up the DagBag from /home/airflow/.local/lib/python3.12/site-packages/airflow/example_dags/example_branch_python_dop_operator_3.py
[2026-01-05T17:31:48.320+0000] {processor.py:925} INFO - DAG(s) 'example_branch_dop_operator_v3' retrieved from /home/airflow/.local/lib/python3.12/site-packages/airflow/example_dags/example_branch_python_dop_operator_3.py
[2026-01-05T17:31:48.346+0000] {logging_mixin.py:190} INFO - [2026-01-05T17:31:48.346+0000] {dag.py:3211} INFO - Sync 1 DAGs
[2026-01-05T17:31:48.385+0000] {logging_mixin.py:190} INFO - [2026-01-05T17:31:48.384+0000] {dag.py:4138} INFO - Setting next_dagrun for example_branch_dop_operator_v3 to 2026-01-05 17:30:00+00:00, run_after=2026-01-05 17:31:00+00:00
[2026-01-05T17:31:48.416+0000] {processor.py:208} INFO - Processing /home/airflow/.local/lib/python3.12/site-packages/airflow/example_dags/example_branch_python_dop_operator_3.py took 0.118 seconds
[2026-01-05T17:32:19.064+0000] {processor.py:186} INFO - Started process (PID=2019) to work on /home/airflow/.local/lib/python3.12/site-packages/airflow/example_dags/example_branch_python_dop_operator_3.py
[2026-01-05T17:32:19.066+0000] {processor.py:914} INFO - Processing file /home/airflow/.local/lib/python3.12/site-packages/airflow/example_dags/example_branch_python_dop_operator_3.py for tasks to queue
[2026-01-05T17:32:19.069+0000] {logging_mixin.py:190} INFO - [2026-01-05T17:32:19.068+0000] {dagbag.py:587} INFO - Filling up the DagBag from /home/airflow/.local/lib/python3.12/site-packages/airflow/example_dags/example_branch_python_dop_operator_3.py
[2026-01-05T17:32:19.079+0000] {processor.py:925} INFO - DAG(s) 'example_branch_dop_operator_v3' retrieved from /home/airflow/.local/lib/python3.12/site-packages/airflow/example_dags/example_branch_python_dop_operator_3.py
[2026-01-05T17:32:19.105+0000] {logging_mixin.py:190} INFO - [2026-01-05T17:32:19.105+0000] {dag.py:3211} INFO - Sync 1 DAGs
[2026-01-05T17:32:19.131+0000] {logging_mixin.py:190} INFO - [2026-01-05T17:32:19.130+0000] {dag.py:4138} INFO - Setting next_dagrun for example_branch_dop_operator_v3 to 2026-01-05 17:31:00+00:00, run_after=2026-01-05 17:32:00+00:00
[2026-01-05T17:32:19.159+0000] {processor.py:208} INFO - Processing /home/airflow/.local/lib/python3.12/site-packages/airflow/example_dags/example_branch_python_dop_operator_3.py took 0.100 seconds
[2026-01-05T17:32:49.273+0000] {processor.py:186} INFO - Started process (PID=2085) to work on /home/airflow/.local/lib/python3.12/site-packages/airflow/example_dags/example_branch_python_dop_operator_3.py
[2026-01-05T17:32:49.275+0000] {processor.py:914} INFO - Processing file /home/airflow/.local/lib/python3.12/site-packages/airflow/example_dags/example_branch_python_dop_operator_3.py for tasks to queue
[2026-01-05T17:32:49.279+0000] {logging_mixin.py:190} INFO - [2026-01-05T17:32:49.279+0000] {dagbag.py:587} INFO - Filling up the DagBag from /home/airflow/.local/lib/python3.12/site-packages/airflow/example_dags/example_branch_python_dop_operator_3.py
[2026-01-05T17:32:49.287+0000] {processor.py:925} INFO - DAG(s) 'example_branch_dop_operator_v3' retrieved from /home/airflow/.local/lib/python3.12/site-packages/airflow/example_dags/example_branch_python_dop_operator_3.py
[2026-01-05T17:32:49.313+0000] {logging_mixin.py:190} INFO - [2026-01-05T17:32:49.313+0000] {dag.py:3211} INFO - Sync 1 DAGs
[2026-01-05T17:32:49.520+0000] {logging_mixin.py:190} INFO - [2026-01-05T17:32:49.520+0000] {dag.py:4138} INFO - Setting next_dagrun for example_branch_dop_operator_v3 to 2026-01-05 17:31:00+00:00, run_after=2026-01-05 17:32:00+00:00
[2026-01-05T17:32:49.544+0000] {processor.py:208} INFO - Processing /home/airflow/.local/lib/python3.12/site-packages/airflow/example_dags/example_branch_python_dop_operator_3.py took 0.280 seconds
[2026-01-05T17:33:20.861+0000] {processor.py:186} INFO - Started process (PID=2151) to work on /home/airflow/.local/lib/python3.12/site-packages/airflow/example_dags/example_branch_python_dop_operator_3.py
[2026-01-05T17:33:20.863+0000] {processor.py:914} INFO - Processing file /home/airflow/.local/lib/python3.12/site-packages/airflow/example_dags/example_branch_python_dop_operator_3.py for tasks to queue
[2026-01-05T17:33:20.868+0000] {logging_mixin.py:190} INFO - [2026-01-05T17:33:20.867+0000] {dagbag.py:587} INFO - Filling up the DagBag from /home/airflow/.local/lib/python3.12/site-packages/airflow/example_dags/example_branch_python_dop_operator_3.py
[2026-01-05T17:33:20.885+0000] {processor.py:925} INFO - DAG(s) 'example_branch_dop_operator_v3' retrieved from /home/airflow/.local/lib/python3.12/site-packages/airflow/example_dags/example_branch_python_dop_operator_3.py
[2026-01-05T17:33:20.918+0000] {logging_mixin.py:190} INFO - [2026-01-05T17:33:20.918+0000] {dag.py:3211} INFO - Sync 1 DAGs
[2026-01-05T17:33:21.166+0000] {logging_mixin.py:190} INFO - [2026-01-05T17:33:21.166+0000] {dag.py:4138} INFO - Setting next_dagrun for example_branch_dop_operator_v3 to 2026-01-05 17:32:00+00:00, run_after=2026-01-05 17:33:00+00:00
[2026-01-05T17:33:21.212+0000] {processor.py:208} INFO - Processing /home/airflow/.local/lib/python3.12/site-packages/airflow/example_dags/example_branch_python_dop_operator_3.py took 0.362 seconds
[2026-01-05T17:33:51.306+0000] {processor.py:186} INFO - Started process (PID=2217) to work on /home/airflow/.local/lib/python3.12/site-packages/airflow/example_dags/example_branch_python_dop_operator_3.py
[2026-01-05T17:33:51.308+0000] {processor.py:914} INFO - Processing file /home/airflow/.local/lib/python3.12/site-packages/airflow/example_dags/example_branch_python_dop_operator_3.py for tasks to queue
[2026-01-05T17:33:51.311+0000] {logging_mixin.py:190} INFO - [2026-01-05T17:33:51.311+0000] {dagbag.py:587} INFO - Filling up the DagBag from /home/airflow/.local/lib/python3.12/site-packages/airflow/example_dags/example_branch_python_dop_operator_3.py
[2026-01-05T17:33:51.325+0000] {processor.py:925} INFO - DAG(s) 'example_branch_dop_operator_v3' retrieved from /home/airflow/.local/lib/python3.12/site-packages/airflow/example_dags/example_branch_python_dop_operator_3.py
[2026-01-05T17:33:51.349+0000] {logging_mixin.py:190} INFO - [2026-01-05T17:33:51.349+0000] {dag.py:3211} INFO - Sync 1 DAGs
[2026-01-05T17:33:51.608+0000] {logging_mixin.py:190} INFO - [2026-01-05T17:33:51.608+0000] {dag.py:4138} INFO - Setting next_dagrun for example_branch_dop_operator_v3 to 2026-01-05 17:32:00+00:00, run_after=2026-01-05 17:33:00+00:00
[2026-01-05T17:33:51.631+0000] {processor.py:208} INFO - Processing /home/airflow/.local/lib/python3.12/site-packages/airflow/example_dags/example_branch_python_dop_operator_3.py took 0.333 seconds
[2026-01-05T17:34:22.082+0000] {processor.py:186} INFO - Started process (PID=2283) to work on /home/airflow/.local/lib/python3.12/site-packages/airflow/example_dags/example_branch_python_dop_operator_3.py
[2026-01-05T17:34:22.084+0000] {processor.py:914} INFO - Processing file /home/airflow/.local/lib/python3.12/site-packages/airflow/example_dags/example_branch_python_dop_operator_3.py for tasks to queue
[2026-01-05T17:34:22.088+0000] {logging_mixin.py:190} INFO - [2026-01-05T17:34:22.087+0000] {dagbag.py:587} INFO - Filling up the DagBag from /home/airflow/.local/lib/python3.12/site-packages/airflow/example_dags/example_branch_python_dop_operator_3.py
[2026-01-05T17:34:22.098+0000] {processor.py:925} INFO - DAG(s) 'example_branch_dop_operator_v3' retrieved from /home/airflow/.local/lib/python3.12/site-packages/airflow/example_dags/example_branch_python_dop_operator_3.py
[2026-01-05T17:34:22.125+0000] {logging_mixin.py:190} INFO - [2026-01-05T17:34:22.125+0000] {dag.py:3211} INFO - Sync 1 DAGs
[2026-01-05T17:34:22.151+0000] {logging_mixin.py:190} INFO - [2026-01-05T17:34:22.150+0000] {dag.py:4138} INFO - Setting next_dagrun for example_branch_dop_operator_v3 to 2026-01-05 17:33:00+00:00, run_after=2026-01-05 17:34:00+00:00
[2026-01-05T17:34:22.171+0000] {processor.py:208} INFO - Processing /home/airflow/.local/lib/python3.12/site-packages/airflow/example_dags/example_branch_python_dop_operator_3.py took 0.097 seconds
[2026-01-05T17:34:52.528+0000] {processor.py:186} INFO - Started process (PID=2349) to work on /home/airflow/.local/lib/python3.12/site-packages/airflow/example_dags/example_branch_python_dop_operator_3.py
[2026-01-05T17:34:52.530+0000] {processor.py:914} INFO - Processing file /home/airflow/.local/lib/python3.12/site-packages/airflow/example_dags/example_branch_python_dop_operator_3.py for tasks to queue
[2026-01-05T17:34:52.533+0000] {logging_mixin.py:190} INFO - [2026-01-05T17:34:52.533+0000] {dagbag.py:587} INFO - Filling up the DagBag from /home/airflow/.local/lib/python3.12/site-packages/airflow/example_dags/example_branch_python_dop_operator_3.py
[2026-01-05T17:34:52.546+0000] {processor.py:925} INFO - DAG(s) 'example_branch_dop_operator_v3' retrieved from /home/airflow/.local/lib/python3.12/site-packages/airflow/example_dags/example_branch_python_dop_operator_3.py
[2026-01-05T17:34:52.570+0000] {logging_mixin.py:190} INFO - [2026-01-05T17:34:52.570+0000] {dag.py:3211} INFO - Sync 1 DAGs
[2026-01-05T17:34:52.596+0000] {logging_mixin.py:190} INFO - [2026-01-05T17:34:52.596+0000] {dag.py:4138} INFO - Setting next_dagrun for example_branch_dop_operator_v3 to 2026-01-05 17:33:00+00:00, run_after=2026-01-05 17:34:00+00:00
[2026-01-05T17:34:52.622+0000] {processor.py:208} INFO - Processing /home/airflow/.local/lib/python3.12/site-packages/airflow/example_dags/example_branch_python_dop_operator_3.py took 0.106 seconds
[2026-01-05T17:35:23.156+0000] {processor.py:186} INFO - Started process (PID=2415) to work on /home/airflow/.local/lib/python3.12/site-packages/airflow/example_dags/example_branch_python_dop_operator_3.py
[2026-01-05T17:35:23.157+0000] {processor.py:914} INFO - Processing file /home/airflow/.local/lib/python3.12/site-packages/airflow/example_dags/example_branch_python_dop_operator_3.py for tasks to queue
[2026-01-05T17:35:23.160+0000] {logging_mixin.py:190} INFO - [2026-01-05T17:35:23.159+0000] {dagbag.py:587} INFO - Filling up the DagBag from /home/airflow/.local/lib/python3.12/site-packages/airflow/example_dags/example_branch_python_dop_operator_3.py
[2026-01-05T17:35:23.170+0000] {processor.py:925} INFO - DAG(s) 'example_branch_dop_operator_v3' retrieved from /home/airflow/.local/lib/python3.12/site-packages/airflow/example_dags/example_branch_python_dop_operator_3.py
[2026-01-05T17:35:23.196+0000] {logging_mixin.py:190} INFO - [2026-01-05T17:35:23.195+0000] {dag.py:3211} INFO - Sync 1 DAGs
[2026-01-05T17:35:23.228+0000] {logging_mixin.py:190} INFO - [2026-01-05T17:35:23.228+0000] {dag.py:4138} INFO - Setting next_dagrun for example_branch_dop_operator_v3 to 2026-01-05 17:34:00+00:00, run_after=2026-01-05 17:35:00+00:00
[2026-01-05T17:35:23.249+0000] {processor.py:208} INFO - Processing /home/airflow/.local/lib/python3.12/site-packages/airflow/example_dags/example_branch_python_dop_operator_3.py took 0.102 seconds
[2026-01-05T17:35:53.893+0000] {processor.py:186} INFO - Started process (PID=2482) to work on /home/airflow/.local/lib/python3.12/site-packages/airflow/example_dags/example_branch_python_dop_operator_3.py
[2026-01-05T17:35:53.896+0000] {processor.py:914} INFO - Processing file /home/airflow/.local/lib/python3.12/site-packages/airflow/example_dags/example_branch_python_dop_operator_3.py for tasks to queue
[2026-01-05T17:35:53.901+0000] {logging_mixin.py:190} INFO - [2026-01-05T17:35:53.900+0000] {dagbag.py:587} INFO - Filling up the DagBag from /home/airflow/.local/lib/python3.12/site-packages/airflow/example_dags/example_branch_python_dop_operator_3.py
[2026-01-05T17:35:53.911+0000] {processor.py:925} INFO - DAG(s) 'example_branch_dop_operator_v3' retrieved from /home/airflow/.local/lib/python3.12/site-packages/airflow/example_dags/example_branch_python_dop_operator_3.py
[2026-01-05T17:35:53.936+0000] {logging_mixin.py:190} INFO - [2026-01-05T17:35:53.935+0000] {dag.py:3211} INFO - Sync 1 DAGs
[2026-01-05T17:35:53.970+0000] {logging_mixin.py:190} INFO - [2026-01-05T17:35:53.970+0000] {dag.py:4138} INFO - Setting next_dagrun for example_branch_dop_operator_v3 to 2026-01-05 17:34:00+00:00, run_after=2026-01-05 17:35:00+00:00
[2026-01-05T17:35:53.994+0000] {processor.py:208} INFO - Processing /home/airflow/.local/lib/python3.12/site-packages/airflow/example_dags/example_branch_python_dop_operator_3.py took 0.111 seconds
[2026-01-05T17:36:24.697+0000] {processor.py:186} INFO - Started process (PID=2548) to work on /home/airflow/.local/lib/python3.12/site-packages/airflow/example_dags/example_branch_python_dop_operator_3.py
[2026-01-05T17:36:24.699+0000] {processor.py:914} INFO - Processing file /home/airflow/.local/lib/python3.12/site-packages/airflow/example_dags/example_branch_python_dop_operator_3.py for tasks to queue
[2026-01-05T17:36:24.701+0000] {logging_mixin.py:190} INFO - [2026-01-05T17:36:24.701+0000] {dagbag.py:587} INFO - Filling up the DagBag from /home/airflow/.local/lib/python3.12/site-packages/airflow/example_dags/example_branch_python_dop_operator_3.py
[2026-01-05T17:36:24.713+0000] {processor.py:925} INFO - DAG(s) 'example_branch_dop_operator_v3' retrieved from /home/airflow/.local/lib/python3.12/site-packages/airflow/example_dags/example_branch_python_dop_operator_3.py
[2026-01-05T17:36:24.735+0000] {logging_mixin.py:190} INFO - [2026-01-05T17:36:24.734+0000] {dag.py:3211} INFO - Sync 1 DAGs
[2026-01-05T17:36:24.763+0000] {logging_mixin.py:190} INFO - [2026-01-05T17:36:24.762+0000] {dag.py:4138} INFO - Setting next_dagrun for example_branch_dop_operator_v3 to 2026-01-05 17:35:00+00:00, run_after=2026-01-05 17:36:00+00:00
[2026-01-05T17:36:24.787+0000] {processor.py:208} INFO - Processing /home/airflow/.local/lib/python3.12/site-packages/airflow/example_dags/example_branch_python_dop_operator_3.py took 0.097 seconds
[2026-01-05T17:36:55.199+0000] {processor.py:186} INFO - Started process (PID=2614) to work on /home/airflow/.local/lib/python3.12/site-packages/airflow/example_dags/example_branch_python_dop_operator_3.py
[2026-01-05T17:36:55.200+0000] {processor.py:914} INFO - Processing file /home/airflow/.local/lib/python3.12/site-packages/airflow/example_dags/example_branch_python_dop_operator_3.py for tasks to queue
[2026-01-05T17:36:55.203+0000] {logging_mixin.py:190} INFO - [2026-01-05T17:36:55.203+0000] {dagbag.py:587} INFO - Filling up the DagBag from /home/airflow/.local/lib/python3.12/site-packages/airflow/example_dags/example_branch_python_dop_operator_3.py
[2026-01-05T17:36:55.213+0000] {processor.py:925} INFO - DAG(s) 'example_branch_dop_operator_v3' retrieved from /home/airflow/.local/lib/python3.12/site-packages/airflow/example_dags/example_branch_python_dop_operator_3.py
[2026-01-05T17:36:55.240+0000] {logging_mixin.py:190} INFO - [2026-01-05T17:36:55.240+0000] {dag.py:3211} INFO - Sync 1 DAGs
[2026-01-05T17:36:55.281+0000] {logging_mixin.py:190} INFO - [2026-01-05T17:36:55.281+0000] {dag.py:4138} INFO - Setting next_dagrun for example_branch_dop_operator_v3 to 2026-01-05 17:35:00+00:00, run_after=2026-01-05 17:36:00+00:00
[2026-01-05T17:36:55.307+0000] {processor.py:208} INFO - Processing /home/airflow/.local/lib/python3.12/site-packages/airflow/example_dags/example_branch_python_dop_operator_3.py took 0.118 seconds
[2026-01-05T17:37:25.647+0000] {processor.py:186} INFO - Started process (PID=2680) to work on /home/airflow/.local/lib/python3.12/site-packages/airflow/example_dags/example_branch_python_dop_operator_3.py
[2026-01-05T17:37:25.648+0000] {processor.py:914} INFO - Processing file /home/airflow/.local/lib/python3.12/site-packages/airflow/example_dags/example_branch_python_dop_operator_3.py for tasks to queue
[2026-01-05T17:37:25.651+0000] {logging_mixin.py:190} INFO - [2026-01-05T17:37:25.651+0000] {dagbag.py:587} INFO - Filling up the DagBag from /home/airflow/.local/lib/python3.12/site-packages/airflow/example_dags/example_branch_python_dop_operator_3.py
[2026-01-05T17:37:25.661+0000] {processor.py:925} INFO - DAG(s) 'example_branch_dop_operator_v3' retrieved from /home/airflow/.local/lib/python3.12/site-packages/airflow/example_dags/example_branch_python_dop_operator_3.py
[2026-01-05T17:37:25.680+0000] {logging_mixin.py:190} INFO - [2026-01-05T17:37:25.680+0000] {dag.py:3211} INFO - Sync 1 DAGs
[2026-01-05T17:37:25.706+0000] {logging_mixin.py:190} INFO - [2026-01-05T17:37:25.706+0000] {dag.py:4138} INFO - Setting next_dagrun for example_branch_dop_operator_v3 to 2026-01-05 17:36:00+00:00, run_after=2026-01-05 17:37:00+00:00
[2026-01-05T17:37:25.726+0000] {processor.py:208} INFO - Processing /home/airflow/.local/lib/python3.12/site-packages/airflow/example_dags/example_branch_python_dop_operator_3.py took 0.085 seconds
[2026-01-05T17:37:56.525+0000] {processor.py:186} INFO - Started process (PID=2746) to work on /home/airflow/.local/lib/python3.12/site-packages/airflow/example_dags/example_branch_python_dop_operator_3.py
[2026-01-05T17:37:56.528+0000] {processor.py:914} INFO - Processing file /home/airflow/.local/lib/python3.12/site-packages/airflow/example_dags/example_branch_python_dop_operator_3.py for tasks to queue
[2026-01-05T17:37:56.535+0000] {logging_mixin.py:190} INFO - [2026-01-05T17:37:56.534+0000] {dagbag.py:587} INFO - Filling up the DagBag from /home/airflow/.local/lib/python3.12/site-packages/airflow/example_dags/example_branch_python_dop_operator_3.py
[2026-01-05T17:37:56.548+0000] {processor.py:925} INFO - DAG(s) 'example_branch_dop_operator_v3' retrieved from /home/airflow/.local/lib/python3.12/site-packages/airflow/example_dags/example_branch_python_dop_operator_3.py
[2026-01-05T17:37:56.572+0000] {logging_mixin.py:190} INFO - [2026-01-05T17:37:56.572+0000] {dag.py:3211} INFO - Sync 1 DAGs
[2026-01-05T17:37:56.601+0000] {logging_mixin.py:190} INFO - [2026-01-05T17:37:56.601+0000] {dag.py:4138} INFO - Setting next_dagrun for example_branch_dop_operator_v3 to 2026-01-05 17:36:00+00:00, run_after=2026-01-05 17:37:00+00:00
[2026-01-05T17:37:56.625+0000] {processor.py:208} INFO - Processing /home/airflow/.local/lib/python3.12/site-packages/airflow/example_dags/example_branch_python_dop_operator_3.py took 0.113 seconds
[2026-01-05T17:38:27.012+0000] {processor.py:186} INFO - Started process (PID=2812) to work on /home/airflow/.local/lib/python3.12/site-packages/airflow/example_dags/example_branch_python_dop_operator_3.py
[2026-01-05T17:38:27.013+0000] {processor.py:914} INFO - Processing file /home/airflow/.local/lib/python3.12/site-packages/airflow/example_dags/example_branch_python_dop_operator_3.py for tasks to queue
[2026-01-05T17:38:27.016+0000] {logging_mixin.py:190} INFO - [2026-01-05T17:38:27.015+0000] {dagbag.py:587} INFO - Filling up the DagBag from /home/airflow/.local/lib/python3.12/site-packages/airflow/example_dags/example_branch_python_dop_operator_3.py
[2026-01-05T17:38:27.024+0000] {processor.py:925} INFO - DAG(s) 'example_branch_dop_operator_v3' retrieved from /home/airflow/.local/lib/python3.12/site-packages/airflow/example_dags/example_branch_python_dop_operator_3.py
[2026-01-05T17:38:27.045+0000] {logging_mixin.py:190} INFO - [2026-01-05T17:38:27.045+0000] {dag.py:3211} INFO - Sync 1 DAGs
[2026-01-05T17:38:27.076+0000] {logging_mixin.py:190} INFO - [2026-01-05T17:38:27.076+0000] {dag.py:4138} INFO - Setting next_dagrun for example_branch_dop_operator_v3 to 2026-01-05 17:37:00+00:00, run_after=2026-01-05 17:38:00+00:00
[2026-01-05T17:38:27.104+0000] {processor.py:208} INFO - Processing /home/airflow/.local/lib/python3.12/site-packages/airflow/example_dags/example_branch_python_dop_operator_3.py took 0.101 seconds
[2026-01-05T17:38:58.025+0000] {processor.py:186} INFO - Started process (PID=2878) to work on /home/airflow/.local/lib/python3.12/site-packages/airflow/example_dags/example_branch_python_dop_operator_3.py
[2026-01-05T17:38:58.028+0000] {processor.py:914} INFO - Processing file /home/airflow/.local/lib/python3.12/site-packages/airflow/example_dags/example_branch_python_dop_operator_3.py for tasks to queue
[2026-01-05T17:38:58.033+0000] {logging_mixin.py:190} INFO - [2026-01-05T17:38:58.033+0000] {dagbag.py:587} INFO - Filling up the DagBag from /home/airflow/.local/lib/python3.12/site-packages/airflow/example_dags/example_branch_python_dop_operator_3.py
[2026-01-05T17:38:58.049+0000] {processor.py:925} INFO - DAG(s) 'example_branch_dop_operator_v3' retrieved from /home/airflow/.local/lib/python3.12/site-packages/airflow/example_dags/example_branch_python_dop_operator_3.py
[2026-01-05T17:38:58.080+0000] {logging_mixin.py:190} INFO - [2026-01-05T17:38:58.080+0000] {dag.py:3211} INFO - Sync 1 DAGs
[2026-01-05T17:38:58.103+0000] {logging_mixin.py:190} INFO - [2026-01-05T17:38:58.103+0000] {dag.py:4138} INFO - Setting next_dagrun for example_branch_dop_operator_v3 to 2026-01-05 17:37:00+00:00, run_after=2026-01-05 17:38:00+00:00
[2026-01-05T17:38:58.123+0000] {processor.py:208} INFO - Processing /home/airflow/.local/lib/python3.12/site-packages/airflow/example_dags/example_branch_python_dop_operator_3.py took 0.110 seconds
[2026-01-05T17:39:28.600+0000] {processor.py:186} INFO - Started process (PID=2944) to work on /home/airflow/.local/lib/python3.12/site-packages/airflow/example_dags/example_branch_python_dop_operator_3.py
[2026-01-05T17:39:28.601+0000] {processor.py:914} INFO - Processing file /home/airflow/.local/lib/python3.12/site-packages/airflow/example_dags/example_branch_python_dop_operator_3.py for tasks to queue
[2026-01-05T17:39:28.606+0000] {logging_mixin.py:190} INFO - [2026-01-05T17:39:28.605+0000] {dagbag.py:587} INFO - Filling up the DagBag from /home/airflow/.local/lib/python3.12/site-packages/airflow/example_dags/example_branch_python_dop_operator_3.py
[2026-01-05T17:39:28.616+0000] {processor.py:925} INFO - DAG(s) 'example_branch_dop_operator_v3' retrieved from /home/airflow/.local/lib/python3.12/site-packages/airflow/example_dags/example_branch_python_dop_operator_3.py
[2026-01-05T17:39:28.653+0000] {logging_mixin.py:190} INFO - [2026-01-05T17:39:28.653+0000] {dag.py:3211} INFO - Sync 1 DAGs
[2026-01-05T17:39:28.696+0000] {logging_mixin.py:190} INFO - [2026-01-05T17:39:28.696+0000] {dag.py:4138} INFO - Setting next_dagrun for example_branch_dop_operator_v3 to 2026-01-05 17:38:00+00:00, run_after=2026-01-05 17:39:00+00:00
[2026-01-05T17:39:28.718+0000] {processor.py:208} INFO - Processing /home/airflow/.local/lib/python3.12/site-packages/airflow/example_dags/example_branch_python_dop_operator_3.py took 0.126 seconds
[2026-01-05T17:39:59.610+0000] {processor.py:186} INFO - Started process (PID=3010) to work on /home/airflow/.local/lib/python3.12/site-packages/airflow/example_dags/example_branch_python_dop_operator_3.py
[2026-01-05T17:39:59.611+0000] {processor.py:914} INFO - Processing file /home/airflow/.local/lib/python3.12/site-packages/airflow/example_dags/example_branch_python_dop_operator_3.py for tasks to queue
[2026-01-05T17:39:59.615+0000] {logging_mixin.py:190} INFO - [2026-01-05T17:39:59.615+0000] {dagbag.py:587} INFO - Filling up the DagBag from /home/airflow/.local/lib/python3.12/site-packages/airflow/example_dags/example_branch_python_dop_operator_3.py
[2026-01-05T17:39:59.628+0000] {processor.py:925} INFO - DAG(s) 'example_branch_dop_operator_v3' retrieved from /home/airflow/.local/lib/python3.12/site-packages/airflow/example_dags/example_branch_python_dop_operator_3.py
[2026-01-05T17:39:59.658+0000] {logging_mixin.py:190} INFO - [2026-01-05T17:39:59.657+0000] {dag.py:3211} INFO - Sync 1 DAGs
[2026-01-05T17:39:59.691+0000] {logging_mixin.py:190} INFO - [2026-01-05T17:39:59.691+0000] {dag.py:4138} INFO - Setting next_dagrun for example_branch_dop_operator_v3 to 2026-01-05 17:38:00+00:00, run_after=2026-01-05 17:39:00+00:00
[2026-01-05T17:39:59.717+0000] {processor.py:208} INFO - Processing /home/airflow/.local/lib/python3.12/site-packages/airflow/example_dags/example_branch_python_dop_operator_3.py took 0.118 seconds
[2026-01-05T17:40:30.474+0000] {processor.py:186} INFO - Started process (PID=3076) to work on /home/airflow/.local/lib/python3.12/site-packages/airflow/example_dags/example_branch_python_dop_operator_3.py
[2026-01-05T17:40:30.476+0000] {processor.py:914} INFO - Processing file /home/airflow/.local/lib/python3.12/site-packages/airflow/example_dags/example_branch_python_dop_operator_3.py for tasks to queue
[2026-01-05T17:40:30.483+0000] {logging_mixin.py:190} INFO - [2026-01-05T17:40:30.482+0000] {dagbag.py:587} INFO - Filling up the DagBag from /home/airflow/.local/lib/python3.12/site-packages/airflow/example_dags/example_branch_python_dop_operator_3.py
[2026-01-05T17:40:30.500+0000] {processor.py:925} INFO - DAG(s) 'example_branch_dop_operator_v3' retrieved from /home/airflow/.local/lib/python3.12/site-packages/airflow/example_dags/example_branch_python_dop_operator_3.py
[2026-01-05T17:40:30.541+0000] {logging_mixin.py:190} INFO - [2026-01-05T17:40:30.541+0000] {dag.py:3211} INFO - Sync 1 DAGs
[2026-01-05T17:40:30.585+0000] {logging_mixin.py:190} INFO - [2026-01-05T17:40:30.585+0000] {dag.py:4138} INFO - Setting next_dagrun for example_branch_dop_operator_v3 to 2026-01-05 17:39:00+00:00, run_after=2026-01-05 17:40:00+00:00
[2026-01-05T17:40:30.618+0000] {processor.py:208} INFO - Processing /home/airflow/.local/lib/python3.12/site-packages/airflow/example_dags/example_branch_python_dop_operator_3.py took 0.155 seconds
[2026-01-05T17:41:01.039+0000] {processor.py:186} INFO - Started process (PID=3148) to work on /home/airflow/.local/lib/python3.12/site-packages/airflow/example_dags/example_branch_python_dop_operator_3.py
[2026-01-05T17:41:01.040+0000] {processor.py:914} INFO - Processing file /home/airflow/.local/lib/python3.12/site-packages/airflow/example_dags/example_branch_python_dop_operator_3.py for tasks to queue
[2026-01-05T17:41:01.045+0000] {logging_mixin.py:190} INFO - [2026-01-05T17:41:01.045+0000] {dagbag.py:587} INFO - Filling up the DagBag from /home/airflow/.local/lib/python3.12/site-packages/airflow/example_dags/example_branch_python_dop_operator_3.py
[2026-01-05T17:41:01.062+0000] {processor.py:925} INFO - DAG(s) 'example_branch_dop_operator_v3' retrieved from /home/airflow/.local/lib/python3.12/site-packages/airflow/example_dags/example_branch_python_dop_operator_3.py
[2026-01-05T17:41:01.090+0000] {logging_mixin.py:190} INFO - [2026-01-05T17:41:01.090+0000] {dag.py:3211} INFO - Sync 1 DAGs
[2026-01-05T17:41:01.112+0000] {logging_mixin.py:190} INFO - [2026-01-05T17:41:01.112+0000] {dag.py:4138} INFO - Setting next_dagrun for example_branch_dop_operator_v3 to 2026-01-05 17:40:00+00:00, run_after=2026-01-05 17:41:00+00:00
[2026-01-05T17:41:01.133+0000] {processor.py:208} INFO - Processing /home/airflow/.local/lib/python3.12/site-packages/airflow/example_dags/example_branch_python_dop_operator_3.py took 0.101 seconds
[2026-01-05T17:41:31.424+0000] {processor.py:186} INFO - Started process (PID=3214) to work on /home/airflow/.local/lib/python3.12/site-packages/airflow/example_dags/example_branch_python_dop_operator_3.py
[2026-01-05T17:41:31.425+0000] {processor.py:914} INFO - Processing file /home/airflow/.local/lib/python3.12/site-packages/airflow/example_dags/example_branch_python_dop_operator_3.py for tasks to queue
[2026-01-05T17:41:31.429+0000] {logging_mixin.py:190} INFO - [2026-01-05T17:41:31.428+0000] {dagbag.py:587} INFO - Filling up the DagBag from /home/airflow/.local/lib/python3.12/site-packages/airflow/example_dags/example_branch_python_dop_operator_3.py
[2026-01-05T17:41:31.437+0000] {processor.py:925} INFO - DAG(s) 'example_branch_dop_operator_v3' retrieved from /home/airflow/.local/lib/python3.12/site-packages/airflow/example_dags/example_branch_python_dop_operator_3.py
[2026-01-05T17:41:31.461+0000] {logging_mixin.py:190} INFO - [2026-01-05T17:41:31.461+0000] {dag.py:3211} INFO - Sync 1 DAGs
[2026-01-05T17:41:31.489+0000] {logging_mixin.py:190} INFO - [2026-01-05T17:41:31.489+0000] {dag.py:4138} INFO - Setting next_dagrun for example_branch_dop_operator_v3 to 2026-01-05 17:40:00+00:00, run_after=2026-01-05 17:41:00+00:00
[2026-01-05T17:41:31.513+0000] {processor.py:208} INFO - Processing /home/airflow/.local/lib/python3.12/site-packages/airflow/example_dags/example_branch_python_dop_operator_3.py took 0.094 seconds
[2026-01-05T17:42:01.591+0000] {processor.py:186} INFO - Started process (PID=3280) to work on /home/airflow/.local/lib/python3.12/site-packages/airflow/example_dags/example_branch_python_dop_operator_3.py
[2026-01-05T17:42:01.593+0000] {processor.py:914} INFO - Processing file /home/airflow/.local/lib/python3.12/site-packages/airflow/example_dags/example_branch_python_dop_operator_3.py for tasks to queue
[2026-01-05T17:42:01.598+0000] {logging_mixin.py:190} INFO - [2026-01-05T17:42:01.597+0000] {dagbag.py:587} INFO - Filling up the DagBag from /home/airflow/.local/lib/python3.12/site-packages/airflow/example_dags/example_branch_python_dop_operator_3.py
[2026-01-05T17:42:01.609+0000] {processor.py:925} INFO - DAG(s) 'example_branch_dop_operator_v3' retrieved from /home/airflow/.local/lib/python3.12/site-packages/airflow/example_dags/example_branch_python_dop_operator_3.py
[2026-01-05T17:42:01.638+0000] {logging_mixin.py:190} INFO - [2026-01-05T17:42:01.637+0000] {dag.py:3211} INFO - Sync 1 DAGs
[2026-01-05T17:42:01.676+0000] {logging_mixin.py:190} INFO - [2026-01-05T17:42:01.676+0000] {dag.py:4138} INFO - Setting next_dagrun for example_branch_dop_operator_v3 to 2026-01-05 17:41:00+00:00, run_after=2026-01-05 17:42:00+00:00
[2026-01-05T17:42:01.704+0000] {processor.py:208} INFO - Processing /home/airflow/.local/lib/python3.12/site-packages/airflow/example_dags/example_branch_python_dop_operator_3.py took 0.121 seconds
[2026-01-05T17:42:31.979+0000] {processor.py:186} INFO - Started process (PID=3346) to work on /home/airflow/.local/lib/python3.12/site-packages/airflow/example_dags/example_branch_python_dop_operator_3.py
[2026-01-05T17:42:31.981+0000] {processor.py:914} INFO - Processing file /home/airflow/.local/lib/python3.12/site-packages/airflow/example_dags/example_branch_python_dop_operator_3.py for tasks to queue
[2026-01-05T17:42:31.985+0000] {logging_mixin.py:190} INFO - [2026-01-05T17:42:31.984+0000] {dagbag.py:587} INFO - Filling up the DagBag from /home/airflow/.local/lib/python3.12/site-packages/airflow/example_dags/example_branch_python_dop_operator_3.py
[2026-01-05T17:42:31.996+0000] {processor.py:925} INFO - DAG(s) 'example_branch_dop_operator_v3' retrieved from /home/airflow/.local/lib/python3.12/site-packages/airflow/example_dags/example_branch_python_dop_operator_3.py
[2026-01-05T17:42:32.023+0000] {logging_mixin.py:190} INFO - [2026-01-05T17:42:32.023+0000] {dag.py:3211} INFO - Sync 1 DAGs
[2026-01-05T17:42:32.057+0000] {logging_mixin.py:190} INFO - [2026-01-05T17:42:32.057+0000] {dag.py:4138} INFO - Setting next_dagrun for example_branch_dop_operator_v3 to 2026-01-05 17:41:00+00:00, run_after=2026-01-05 17:42:00+00:00
[2026-01-05T17:42:32.082+0000] {processor.py:208} INFO - Processing /home/airflow/.local/lib/python3.12/site-packages/airflow/example_dags/example_branch_python_dop_operator_3.py took 0.112 seconds
[2026-01-05T17:43:02.398+0000] {processor.py:186} INFO - Started process (PID=3412) to work on /home/airflow/.local/lib/python3.12/site-packages/airflow/example_dags/example_branch_python_dop_operator_3.py
[2026-01-05T17:43:02.400+0000] {processor.py:914} INFO - Processing file /home/airflow/.local/lib/python3.12/site-packages/airflow/example_dags/example_branch_python_dop_operator_3.py for tasks to queue
[2026-01-05T17:43:02.404+0000] {logging_mixin.py:190} INFO - [2026-01-05T17:43:02.404+0000] {dagbag.py:587} INFO - Filling up the DagBag from /home/airflow/.local/lib/python3.12/site-packages/airflow/example_dags/example_branch_python_dop_operator_3.py
[2026-01-05T17:43:02.418+0000] {processor.py:925} INFO - DAG(s) 'example_branch_dop_operator_v3' retrieved from /home/airflow/.local/lib/python3.12/site-packages/airflow/example_dags/example_branch_python_dop_operator_3.py
[2026-01-05T17:43:02.452+0000] {logging_mixin.py:190} INFO - [2026-01-05T17:43:02.452+0000] {dag.py:3211} INFO - Sync 1 DAGs
[2026-01-05T17:43:02.493+0000] {logging_mixin.py:190} INFO - [2026-01-05T17:43:02.492+0000] {dag.py:4138} INFO - Setting next_dagrun for example_branch_dop_operator_v3 to 2026-01-05 17:42:00+00:00, run_after=2026-01-05 17:43:00+00:00
[2026-01-05T17:43:02.516+0000] {processor.py:208} INFO - Processing /home/airflow/.local/lib/python3.12/site-packages/airflow/example_dags/example_branch_python_dop_operator_3.py took 0.129 seconds
[2026-01-05T17:43:33.331+0000] {processor.py:186} INFO - Started process (PID=3478) to work on /home/airflow/.local/lib/python3.12/site-packages/airflow/example_dags/example_branch_python_dop_operator_3.py
[2026-01-05T17:43:33.333+0000] {processor.py:914} INFO - Processing file /home/airflow/.local/lib/python3.12/site-packages/airflow/example_dags/example_branch_python_dop_operator_3.py for tasks to queue
[2026-01-05T17:43:33.337+0000] {logging_mixin.py:190} INFO - [2026-01-05T17:43:33.337+0000] {dagbag.py:587} INFO - Filling up the DagBag from /home/airflow/.local/lib/python3.12/site-packages/airflow/example_dags/example_branch_python_dop_operator_3.py
[2026-01-05T17:43:33.350+0000] {processor.py:925} INFO - DAG(s) 'example_branch_dop_operator_v3' retrieved from /home/airflow/.local/lib/python3.12/site-packages/airflow/example_dags/example_branch_python_dop_operator_3.py
[2026-01-05T17:43:33.380+0000] {logging_mixin.py:190} INFO - [2026-01-05T17:43:33.380+0000] {dag.py:3211} INFO - Sync 1 DAGs
[2026-01-05T17:43:33.427+0000] {logging_mixin.py:190} INFO - [2026-01-05T17:43:33.427+0000] {dag.py:4138} INFO - Setting next_dagrun for example_branch_dop_operator_v3 to 2026-01-05 17:42:00+00:00, run_after=2026-01-05 17:43:00+00:00
[2026-01-05T17:43:33.455+0000] {processor.py:208} INFO - Processing /home/airflow/.local/lib/python3.12/site-packages/airflow/example_dags/example_branch_python_dop_operator_3.py took 0.131 seconds
[2026-01-05T17:44:04.009+0000] {processor.py:186} INFO - Started process (PID=3544) to work on /home/airflow/.local/lib/python3.12/site-packages/airflow/example_dags/example_branch_python_dop_operator_3.py
[2026-01-05T17:44:04.011+0000] {processor.py:914} INFO - Processing file /home/airflow/.local/lib/python3.12/site-packages/airflow/example_dags/example_branch_python_dop_operator_3.py for tasks to queue
[2026-01-05T17:44:04.014+0000] {logging_mixin.py:190} INFO - [2026-01-05T17:44:04.014+0000] {dagbag.py:587} INFO - Filling up the DagBag from /home/airflow/.local/lib/python3.12/site-packages/airflow/example_dags/example_branch_python_dop_operator_3.py
[2026-01-05T17:44:04.023+0000] {processor.py:925} INFO - DAG(s) 'example_branch_dop_operator_v3' retrieved from /home/airflow/.local/lib/python3.12/site-packages/airflow/example_dags/example_branch_python_dop_operator_3.py
[2026-01-05T17:44:04.049+0000] {logging_mixin.py:190} INFO - [2026-01-05T17:44:04.049+0000] {dag.py:3211} INFO - Sync 1 DAGs
[2026-01-05T17:44:04.080+0000] {logging_mixin.py:190} INFO - [2026-01-05T17:44:04.080+0000] {dag.py:4138} INFO - Setting next_dagrun for example_branch_dop_operator_v3 to 2026-01-05 17:43:00+00:00, run_after=2026-01-05 17:44:00+00:00
[2026-01-05T17:44:04.107+0000] {processor.py:208} INFO - Processing /home/airflow/.local/lib/python3.12/site-packages/airflow/example_dags/example_branch_python_dop_operator_3.py took 0.105 seconds
[2026-01-05T17:44:34.670+0000] {processor.py:186} INFO - Started process (PID=3611) to work on /home/airflow/.local/lib/python3.12/site-packages/airflow/example_dags/example_branch_python_dop_operator_3.py
[2026-01-05T17:44:34.672+0000] {processor.py:914} INFO - Processing file /home/airflow/.local/lib/python3.12/site-packages/airflow/example_dags/example_branch_python_dop_operator_3.py for tasks to queue
[2026-01-05T17:44:34.676+0000] {logging_mixin.py:190} INFO - [2026-01-05T17:44:34.675+0000] {dagbag.py:587} INFO - Filling up the DagBag from /home/airflow/.local/lib/python3.12/site-packages/airflow/example_dags/example_branch_python_dop_operator_3.py
[2026-01-05T17:44:34.690+0000] {processor.py:925} INFO - DAG(s) 'example_branch_dop_operator_v3' retrieved from /home/airflow/.local/lib/python3.12/site-packages/airflow/example_dags/example_branch_python_dop_operator_3.py
[2026-01-05T17:44:34.725+0000] {logging_mixin.py:190} INFO - [2026-01-05T17:44:34.724+0000] {dag.py:3211} INFO - Sync 1 DAGs
[2026-01-05T17:44:34.764+0000] {logging_mixin.py:190} INFO - [2026-01-05T17:44:34.763+0000] {dag.py:4138} INFO - Setting next_dagrun for example_branch_dop_operator_v3 to 2026-01-05 17:43:00+00:00, run_after=2026-01-05 17:44:00+00:00
[2026-01-05T17:44:34.791+0000] {processor.py:208} INFO - Processing /home/airflow/.local/lib/python3.12/site-packages/airflow/example_dags/example_branch_python_dop_operator_3.py took 0.131 seconds
[2026-01-05T17:45:05.101+0000] {processor.py:186} INFO - Started process (PID=3675) to work on /home/airflow/.local/lib/python3.12/site-packages/airflow/example_dags/example_branch_python_dop_operator_3.py
[2026-01-05T17:45:05.102+0000] {processor.py:914} INFO - Processing file /home/airflow/.local/lib/python3.12/site-packages/airflow/example_dags/example_branch_python_dop_operator_3.py for tasks to queue
[2026-01-05T17:45:05.106+0000] {logging_mixin.py:190} INFO - [2026-01-05T17:45:05.105+0000] {dagbag.py:587} INFO - Filling up the DagBag from /home/airflow/.local/lib/python3.12/site-packages/airflow/example_dags/example_branch_python_dop_operator_3.py
[2026-01-05T17:45:05.115+0000] {processor.py:925} INFO - DAG(s) 'example_branch_dop_operator_v3' retrieved from /home/airflow/.local/lib/python3.12/site-packages/airflow/example_dags/example_branch_python_dop_operator_3.py
[2026-01-05T17:45:05.142+0000] {logging_mixin.py:190} INFO - [2026-01-05T17:45:05.141+0000] {dag.py:3211} INFO - Sync 1 DAGs
[2026-01-05T17:45:05.174+0000] {logging_mixin.py:190} INFO - [2026-01-05T17:45:05.174+0000] {dag.py:4138} INFO - Setting next_dagrun for example_branch_dop_operator_v3 to 2026-01-05 17:44:00+00:00, run_after=2026-01-05 17:45:00+00:00
[2026-01-05T17:45:05.201+0000] {processor.py:208} INFO - Processing /home/airflow/.local/lib/python3.12/site-packages/airflow/example_dags/example_branch_python_dop_operator_3.py took 0.111 seconds
