[2026-01-05T17:17:49.045+0000] {processor.py:186} INFO - Started process (PID=135) to work on /home/airflow/.local/lib/python3.12/site-packages/airflow/example_dags/example_latest_only.py
[2026-01-05T17:17:49.047+0000] {processor.py:914} INFO - Processing file /home/airflow/.local/lib/python3.12/site-packages/airflow/example_dags/example_latest_only.py for tasks to queue
[2026-01-05T17:17:49.053+0000] {logging_mixin.py:190} INFO - [2026-01-05T17:17:49.053+0000] {dagbag.py:587} INFO - Filling up the DagBag from /home/airflow/.local/lib/python3.12/site-packages/airflow/example_dags/example_latest_only.py
[2026-01-05T17:17:49.069+0000] {processor.py:925} INFO - DAG(s) 'latest_only' retrieved from /home/airflow/.local/lib/python3.12/site-packages/airflow/example_dags/example_latest_only.py
[2026-01-05T17:17:49.125+0000] {logging_mixin.py:190} INFO - [2026-01-05T17:17:49.124+0000] {dag.py:3211} INFO - Sync 1 DAGs
[2026-01-05T17:17:49.180+0000] {logging_mixin.py:190} INFO - [2026-01-05T17:17:49.180+0000] {dag.py:4138} INFO - Setting next_dagrun for latest_only to 2026-01-05 12:00:00+00:00, run_after=2026-01-05 16:00:00+00:00
[2026-01-05T17:17:49.224+0000] {processor.py:208} INFO - Processing /home/airflow/.local/lib/python3.12/site-packages/airflow/example_dags/example_latest_only.py took 0.192 seconds
[2026-01-05T17:18:19.952+0000] {processor.py:186} INFO - Started process (PID=201) to work on /home/airflow/.local/lib/python3.12/site-packages/airflow/example_dags/example_latest_only.py
[2026-01-05T17:18:19.954+0000] {processor.py:914} INFO - Processing file /home/airflow/.local/lib/python3.12/site-packages/airflow/example_dags/example_latest_only.py for tasks to queue
[2026-01-05T17:18:19.959+0000] {logging_mixin.py:190} INFO - [2026-01-05T17:18:19.959+0000] {dagbag.py:587} INFO - Filling up the DagBag from /home/airflow/.local/lib/python3.12/site-packages/airflow/example_dags/example_latest_only.py
[2026-01-05T17:18:19.967+0000] {processor.py:925} INFO - DAG(s) 'latest_only' retrieved from /home/airflow/.local/lib/python3.12/site-packages/airflow/example_dags/example_latest_only.py
[2026-01-05T17:18:20.001+0000] {logging_mixin.py:190} INFO - [2026-01-05T17:18:20.000+0000] {dag.py:3211} INFO - Sync 1 DAGs
[2026-01-05T17:18:20.066+0000] {logging_mixin.py:190} INFO - [2026-01-05T17:18:20.066+0000] {dag.py:4138} INFO - Setting next_dagrun for latest_only to 2026-01-05 12:00:00+00:00, run_after=2026-01-05 16:00:00+00:00
[2026-01-05T17:18:20.121+0000] {processor.py:208} INFO - Processing /home/airflow/.local/lib/python3.12/site-packages/airflow/example_dags/example_latest_only.py took 0.178 seconds
[2026-01-05T17:18:50.479+0000] {processor.py:186} INFO - Started process (PID=267) to work on /home/airflow/.local/lib/python3.12/site-packages/airflow/example_dags/example_latest_only.py
[2026-01-05T17:18:50.482+0000] {processor.py:914} INFO - Processing file /home/airflow/.local/lib/python3.12/site-packages/airflow/example_dags/example_latest_only.py for tasks to queue
[2026-01-05T17:18:50.486+0000] {logging_mixin.py:190} INFO - [2026-01-05T17:18:50.486+0000] {dagbag.py:587} INFO - Filling up the DagBag from /home/airflow/.local/lib/python3.12/site-packages/airflow/example_dags/example_latest_only.py
[2026-01-05T17:18:50.501+0000] {processor.py:925} INFO - DAG(s) 'latest_only' retrieved from /home/airflow/.local/lib/python3.12/site-packages/airflow/example_dags/example_latest_only.py
[2026-01-05T17:18:50.549+0000] {logging_mixin.py:190} INFO - [2026-01-05T17:18:50.548+0000] {dag.py:3211} INFO - Sync 1 DAGs
[2026-01-05T17:18:50.599+0000] {logging_mixin.py:190} INFO - [2026-01-05T17:18:50.599+0000] {dag.py:4138} INFO - Setting next_dagrun for latest_only to 2026-01-05 12:00:00+00:00, run_after=2026-01-05 16:00:00+00:00
[2026-01-05T17:18:50.636+0000] {processor.py:208} INFO - Processing /home/airflow/.local/lib/python3.12/site-packages/airflow/example_dags/example_latest_only.py took 0.167 seconds
[2026-01-05T17:19:20.921+0000] {processor.py:186} INFO - Started process (PID=333) to work on /home/airflow/.local/lib/python3.12/site-packages/airflow/example_dags/example_latest_only.py
[2026-01-05T17:19:20.923+0000] {processor.py:914} INFO - Processing file /home/airflow/.local/lib/python3.12/site-packages/airflow/example_dags/example_latest_only.py for tasks to queue
[2026-01-05T17:19:20.928+0000] {logging_mixin.py:190} INFO - [2026-01-05T17:19:20.927+0000] {dagbag.py:587} INFO - Filling up the DagBag from /home/airflow/.local/lib/python3.12/site-packages/airflow/example_dags/example_latest_only.py
[2026-01-05T17:19:20.941+0000] {processor.py:925} INFO - DAG(s) 'latest_only' retrieved from /home/airflow/.local/lib/python3.12/site-packages/airflow/example_dags/example_latest_only.py
[2026-01-05T17:19:20.983+0000] {logging_mixin.py:190} INFO - [2026-01-05T17:19:20.983+0000] {dag.py:3211} INFO - Sync 1 DAGs
[2026-01-05T17:19:21.029+0000] {logging_mixin.py:190} INFO - [2026-01-05T17:19:21.029+0000] {dag.py:4138} INFO - Setting next_dagrun for latest_only to 2026-01-05 12:00:00+00:00, run_after=2026-01-05 16:00:00+00:00
[2026-01-05T17:19:21.057+0000] {processor.py:208} INFO - Processing /home/airflow/.local/lib/python3.12/site-packages/airflow/example_dags/example_latest_only.py took 0.146 seconds
[2026-01-05T17:19:51.776+0000] {processor.py:186} INFO - Started process (PID=399) to work on /home/airflow/.local/lib/python3.12/site-packages/airflow/example_dags/example_latest_only.py
[2026-01-05T17:19:51.777+0000] {processor.py:914} INFO - Processing file /home/airflow/.local/lib/python3.12/site-packages/airflow/example_dags/example_latest_only.py for tasks to queue
[2026-01-05T17:19:51.780+0000] {logging_mixin.py:190} INFO - [2026-01-05T17:19:51.780+0000] {dagbag.py:587} INFO - Filling up the DagBag from /home/airflow/.local/lib/python3.12/site-packages/airflow/example_dags/example_latest_only.py
[2026-01-05T17:19:51.787+0000] {processor.py:925} INFO - DAG(s) 'latest_only' retrieved from /home/airflow/.local/lib/python3.12/site-packages/airflow/example_dags/example_latest_only.py
[2026-01-05T17:19:51.813+0000] {logging_mixin.py:190} INFO - [2026-01-05T17:19:51.813+0000] {dag.py:3211} INFO - Sync 1 DAGs
[2026-01-05T17:19:51.840+0000] {logging_mixin.py:190} INFO - [2026-01-05T17:19:51.840+0000] {dag.py:4138} INFO - Setting next_dagrun for latest_only to 2026-01-05 12:00:00+00:00, run_after=2026-01-05 16:00:00+00:00
[2026-01-05T17:19:51.882+0000] {processor.py:208} INFO - Processing /home/airflow/.local/lib/python3.12/site-packages/airflow/example_dags/example_latest_only.py took 0.114 seconds
[2026-01-05T17:20:22.975+0000] {processor.py:186} INFO - Started process (PID=465) to work on /home/airflow/.local/lib/python3.12/site-packages/airflow/example_dags/example_latest_only.py
[2026-01-05T17:20:22.977+0000] {processor.py:914} INFO - Processing file /home/airflow/.local/lib/python3.12/site-packages/airflow/example_dags/example_latest_only.py for tasks to queue
[2026-01-05T17:20:22.981+0000] {logging_mixin.py:190} INFO - [2026-01-05T17:20:22.981+0000] {dagbag.py:587} INFO - Filling up the DagBag from /home/airflow/.local/lib/python3.12/site-packages/airflow/example_dags/example_latest_only.py
[2026-01-05T17:20:22.989+0000] {processor.py:925} INFO - DAG(s) 'latest_only' retrieved from /home/airflow/.local/lib/python3.12/site-packages/airflow/example_dags/example_latest_only.py
[2026-01-05T17:20:23.018+0000] {logging_mixin.py:190} INFO - [2026-01-05T17:20:23.018+0000] {dag.py:3211} INFO - Sync 1 DAGs
[2026-01-05T17:20:23.070+0000] {logging_mixin.py:190} INFO - [2026-01-05T17:20:23.070+0000] {dag.py:4138} INFO - Setting next_dagrun for latest_only to 2026-01-05 12:00:00+00:00, run_after=2026-01-05 16:00:00+00:00
[2026-01-05T17:20:23.099+0000] {processor.py:208} INFO - Processing /home/airflow/.local/lib/python3.12/site-packages/airflow/example_dags/example_latest_only.py took 0.132 seconds
[2026-01-05T17:20:53.965+0000] {processor.py:186} INFO - Started process (PID=531) to work on /home/airflow/.local/lib/python3.12/site-packages/airflow/example_dags/example_latest_only.py
[2026-01-05T17:20:53.966+0000] {processor.py:914} INFO - Processing file /home/airflow/.local/lib/python3.12/site-packages/airflow/example_dags/example_latest_only.py for tasks to queue
[2026-01-05T17:20:53.970+0000] {logging_mixin.py:190} INFO - [2026-01-05T17:20:53.970+0000] {dagbag.py:587} INFO - Filling up the DagBag from /home/airflow/.local/lib/python3.12/site-packages/airflow/example_dags/example_latest_only.py
[2026-01-05T17:20:53.978+0000] {processor.py:925} INFO - DAG(s) 'latest_only' retrieved from /home/airflow/.local/lib/python3.12/site-packages/airflow/example_dags/example_latest_only.py
[2026-01-05T17:20:54.003+0000] {logging_mixin.py:190} INFO - [2026-01-05T17:20:54.003+0000] {dag.py:3211} INFO - Sync 1 DAGs
[2026-01-05T17:20:54.029+0000] {logging_mixin.py:190} INFO - [2026-01-05T17:20:54.028+0000] {dag.py:4138} INFO - Setting next_dagrun for latest_only to 2026-01-05 12:00:00+00:00, run_after=2026-01-05 16:00:00+00:00
[2026-01-05T17:20:54.052+0000] {processor.py:208} INFO - Processing /home/airflow/.local/lib/python3.12/site-packages/airflow/example_dags/example_latest_only.py took 0.093 seconds
[2026-01-05T17:21:24.254+0000] {processor.py:186} INFO - Started process (PID=597) to work on /home/airflow/.local/lib/python3.12/site-packages/airflow/example_dags/example_latest_only.py
[2026-01-05T17:21:24.256+0000] {processor.py:914} INFO - Processing file /home/airflow/.local/lib/python3.12/site-packages/airflow/example_dags/example_latest_only.py for tasks to queue
[2026-01-05T17:21:24.259+0000] {logging_mixin.py:190} INFO - [2026-01-05T17:21:24.258+0000] {dagbag.py:587} INFO - Filling up the DagBag from /home/airflow/.local/lib/python3.12/site-packages/airflow/example_dags/example_latest_only.py
[2026-01-05T17:21:24.265+0000] {processor.py:925} INFO - DAG(s) 'latest_only' retrieved from /home/airflow/.local/lib/python3.12/site-packages/airflow/example_dags/example_latest_only.py
[2026-01-05T17:21:24.288+0000] {logging_mixin.py:190} INFO - [2026-01-05T17:21:24.288+0000] {dag.py:3211} INFO - Sync 1 DAGs
[2026-01-05T17:21:24.316+0000] {logging_mixin.py:190} INFO - [2026-01-05T17:21:24.315+0000] {dag.py:4138} INFO - Setting next_dagrun for latest_only to 2026-01-05 12:00:00+00:00, run_after=2026-01-05 16:00:00+00:00
[2026-01-05T17:21:24.337+0000] {processor.py:208} INFO - Processing /home/airflow/.local/lib/python3.12/site-packages/airflow/example_dags/example_latest_only.py took 0.090 seconds
[2026-01-05T17:21:54.581+0000] {processor.py:186} INFO - Started process (PID=663) to work on /home/airflow/.local/lib/python3.12/site-packages/airflow/example_dags/example_latest_only.py
[2026-01-05T17:21:54.582+0000] {processor.py:914} INFO - Processing file /home/airflow/.local/lib/python3.12/site-packages/airflow/example_dags/example_latest_only.py for tasks to queue
[2026-01-05T17:21:54.585+0000] {logging_mixin.py:190} INFO - [2026-01-05T17:21:54.584+0000] {dagbag.py:587} INFO - Filling up the DagBag from /home/airflow/.local/lib/python3.12/site-packages/airflow/example_dags/example_latest_only.py
[2026-01-05T17:21:54.592+0000] {processor.py:925} INFO - DAG(s) 'latest_only' retrieved from /home/airflow/.local/lib/python3.12/site-packages/airflow/example_dags/example_latest_only.py
[2026-01-05T17:21:54.615+0000] {logging_mixin.py:190} INFO - [2026-01-05T17:21:54.615+0000] {dag.py:3211} INFO - Sync 1 DAGs
[2026-01-05T17:21:54.644+0000] {logging_mixin.py:190} INFO - [2026-01-05T17:21:54.644+0000] {dag.py:4138} INFO - Setting next_dagrun for latest_only to 2026-01-05 12:00:00+00:00, run_after=2026-01-05 16:00:00+00:00
[2026-01-05T17:21:54.664+0000] {processor.py:208} INFO - Processing /home/airflow/.local/lib/python3.12/site-packages/airflow/example_dags/example_latest_only.py took 0.090 seconds
[2026-01-05T17:22:25.130+0000] {processor.py:186} INFO - Started process (PID=729) to work on /home/airflow/.local/lib/python3.12/site-packages/airflow/example_dags/example_latest_only.py
[2026-01-05T17:22:25.132+0000] {processor.py:914} INFO - Processing file /home/airflow/.local/lib/python3.12/site-packages/airflow/example_dags/example_latest_only.py for tasks to queue
[2026-01-05T17:22:25.137+0000] {logging_mixin.py:190} INFO - [2026-01-05T17:22:25.136+0000] {dagbag.py:587} INFO - Filling up the DagBag from /home/airflow/.local/lib/python3.12/site-packages/airflow/example_dags/example_latest_only.py
[2026-01-05T17:22:25.151+0000] {processor.py:925} INFO - DAG(s) 'latest_only' retrieved from /home/airflow/.local/lib/python3.12/site-packages/airflow/example_dags/example_latest_only.py
[2026-01-05T17:22:25.213+0000] {logging_mixin.py:190} INFO - [2026-01-05T17:22:25.213+0000] {dag.py:3211} INFO - Sync 1 DAGs
[2026-01-05T17:22:25.280+0000] {logging_mixin.py:190} INFO - [2026-01-05T17:22:25.279+0000] {dag.py:4138} INFO - Setting next_dagrun for latest_only to 2026-01-05 12:00:00+00:00, run_after=2026-01-05 16:00:00+00:00
[2026-01-05T17:22:25.311+0000] {processor.py:208} INFO - Processing /home/airflow/.local/lib/python3.12/site-packages/airflow/example_dags/example_latest_only.py took 0.195 seconds
[2026-01-05T17:22:56.045+0000] {processor.py:186} INFO - Started process (PID=795) to work on /home/airflow/.local/lib/python3.12/site-packages/airflow/example_dags/example_latest_only.py
[2026-01-05T17:22:56.047+0000] {processor.py:914} INFO - Processing file /home/airflow/.local/lib/python3.12/site-packages/airflow/example_dags/example_latest_only.py for tasks to queue
[2026-01-05T17:22:56.052+0000] {logging_mixin.py:190} INFO - [2026-01-05T17:22:56.051+0000] {dagbag.py:587} INFO - Filling up the DagBag from /home/airflow/.local/lib/python3.12/site-packages/airflow/example_dags/example_latest_only.py
[2026-01-05T17:22:56.058+0000] {processor.py:925} INFO - DAG(s) 'latest_only' retrieved from /home/airflow/.local/lib/python3.12/site-packages/airflow/example_dags/example_latest_only.py
[2026-01-05T17:22:56.085+0000] {logging_mixin.py:190} INFO - [2026-01-05T17:22:56.084+0000] {dag.py:3211} INFO - Sync 1 DAGs
[2026-01-05T17:22:56.117+0000] {logging_mixin.py:190} INFO - [2026-01-05T17:22:56.116+0000] {dag.py:4138} INFO - Setting next_dagrun for latest_only to 2026-01-05 12:00:00+00:00, run_after=2026-01-05 16:00:00+00:00
[2026-01-05T17:22:56.141+0000] {processor.py:208} INFO - Processing /home/airflow/.local/lib/python3.12/site-packages/airflow/example_dags/example_latest_only.py took 0.106 seconds
[2026-01-05T17:23:27.198+0000] {processor.py:186} INFO - Started process (PID=867) to work on /home/airflow/.local/lib/python3.12/site-packages/airflow/example_dags/example_latest_only.py
[2026-01-05T17:23:27.199+0000] {processor.py:914} INFO - Processing file /home/airflow/.local/lib/python3.12/site-packages/airflow/example_dags/example_latest_only.py for tasks to queue
[2026-01-05T17:23:27.202+0000] {logging_mixin.py:190} INFO - [2026-01-05T17:23:27.202+0000] {dagbag.py:587} INFO - Filling up the DagBag from /home/airflow/.local/lib/python3.12/site-packages/airflow/example_dags/example_latest_only.py
[2026-01-05T17:23:27.209+0000] {processor.py:925} INFO - DAG(s) 'latest_only' retrieved from /home/airflow/.local/lib/python3.12/site-packages/airflow/example_dags/example_latest_only.py
[2026-01-05T17:23:27.236+0000] {logging_mixin.py:190} INFO - [2026-01-05T17:23:27.235+0000] {dag.py:3211} INFO - Sync 1 DAGs
[2026-01-05T17:23:27.267+0000] {logging_mixin.py:190} INFO - [2026-01-05T17:23:27.266+0000] {dag.py:4138} INFO - Setting next_dagrun for latest_only to 2026-01-05 12:00:00+00:00, run_after=2026-01-05 16:00:00+00:00
[2026-01-05T17:23:27.291+0000] {processor.py:208} INFO - Processing /home/airflow/.local/lib/python3.12/site-packages/airflow/example_dags/example_latest_only.py took 0.100 seconds
[2026-01-05T17:23:57.528+0000] {processor.py:186} INFO - Started process (PID=933) to work on /home/airflow/.local/lib/python3.12/site-packages/airflow/example_dags/example_latest_only.py
[2026-01-05T17:23:57.529+0000] {processor.py:914} INFO - Processing file /home/airflow/.local/lib/python3.12/site-packages/airflow/example_dags/example_latest_only.py for tasks to queue
[2026-01-05T17:23:57.533+0000] {logging_mixin.py:190} INFO - [2026-01-05T17:23:57.532+0000] {dagbag.py:587} INFO - Filling up the DagBag from /home/airflow/.local/lib/python3.12/site-packages/airflow/example_dags/example_latest_only.py
[2026-01-05T17:23:57.539+0000] {processor.py:925} INFO - DAG(s) 'latest_only' retrieved from /home/airflow/.local/lib/python3.12/site-packages/airflow/example_dags/example_latest_only.py
[2026-01-05T17:23:57.563+0000] {logging_mixin.py:190} INFO - [2026-01-05T17:23:57.563+0000] {dag.py:3211} INFO - Sync 1 DAGs
[2026-01-05T17:23:57.593+0000] {logging_mixin.py:190} INFO - [2026-01-05T17:23:57.593+0000] {dag.py:4138} INFO - Setting next_dagrun for latest_only to 2026-01-05 12:00:00+00:00, run_after=2026-01-05 16:00:00+00:00
[2026-01-05T17:23:57.623+0000] {processor.py:208} INFO - Processing /home/airflow/.local/lib/python3.12/site-packages/airflow/example_dags/example_latest_only.py took 0.103 seconds
[2026-01-05T17:24:28.065+0000] {processor.py:186} INFO - Started process (PID=999) to work on /home/airflow/.local/lib/python3.12/site-packages/airflow/example_dags/example_latest_only.py
[2026-01-05T17:24:28.066+0000] {processor.py:914} INFO - Processing file /home/airflow/.local/lib/python3.12/site-packages/airflow/example_dags/example_latest_only.py for tasks to queue
[2026-01-05T17:24:28.069+0000] {logging_mixin.py:190} INFO - [2026-01-05T17:24:28.069+0000] {dagbag.py:587} INFO - Filling up the DagBag from /home/airflow/.local/lib/python3.12/site-packages/airflow/example_dags/example_latest_only.py
[2026-01-05T17:24:28.075+0000] {processor.py:925} INFO - DAG(s) 'latest_only' retrieved from /home/airflow/.local/lib/python3.12/site-packages/airflow/example_dags/example_latest_only.py
[2026-01-05T17:24:28.098+0000] {logging_mixin.py:190} INFO - [2026-01-05T17:24:28.098+0000] {dag.py:3211} INFO - Sync 1 DAGs
[2026-01-05T17:24:28.136+0000] {logging_mixin.py:190} INFO - [2026-01-05T17:24:28.136+0000] {dag.py:4138} INFO - Setting next_dagrun for latest_only to 2026-01-05 12:00:00+00:00, run_after=2026-01-05 16:00:00+00:00
[2026-01-05T17:24:28.160+0000] {processor.py:208} INFO - Processing /home/airflow/.local/lib/python3.12/site-packages/airflow/example_dags/example_latest_only.py took 0.103 seconds
[2026-01-05T17:24:58.296+0000] {processor.py:186} INFO - Started process (PID=1065) to work on /home/airflow/.local/lib/python3.12/site-packages/airflow/example_dags/example_latest_only.py
[2026-01-05T17:24:58.298+0000] {processor.py:914} INFO - Processing file /home/airflow/.local/lib/python3.12/site-packages/airflow/example_dags/example_latest_only.py for tasks to queue
[2026-01-05T17:24:58.302+0000] {logging_mixin.py:190} INFO - [2026-01-05T17:24:58.302+0000] {dagbag.py:587} INFO - Filling up the DagBag from /home/airflow/.local/lib/python3.12/site-packages/airflow/example_dags/example_latest_only.py
[2026-01-05T17:24:58.308+0000] {processor.py:925} INFO - DAG(s) 'latest_only' retrieved from /home/airflow/.local/lib/python3.12/site-packages/airflow/example_dags/example_latest_only.py
[2026-01-05T17:24:58.332+0000] {logging_mixin.py:190} INFO - [2026-01-05T17:24:58.332+0000] {dag.py:3211} INFO - Sync 1 DAGs
[2026-01-05T17:24:58.374+0000] {logging_mixin.py:190} INFO - [2026-01-05T17:24:58.373+0000] {dag.py:4138} INFO - Setting next_dagrun for latest_only to 2026-01-05 12:00:00+00:00, run_after=2026-01-05 16:00:00+00:00
[2026-01-05T17:24:58.405+0000] {processor.py:208} INFO - Processing /home/airflow/.local/lib/python3.12/site-packages/airflow/example_dags/example_latest_only.py took 0.119 seconds
[2026-01-05T17:25:28.562+0000] {processor.py:186} INFO - Started process (PID=1131) to work on /home/airflow/.local/lib/python3.12/site-packages/airflow/example_dags/example_latest_only.py
[2026-01-05T17:25:28.564+0000] {processor.py:914} INFO - Processing file /home/airflow/.local/lib/python3.12/site-packages/airflow/example_dags/example_latest_only.py for tasks to queue
[2026-01-05T17:25:28.568+0000] {logging_mixin.py:190} INFO - [2026-01-05T17:25:28.567+0000] {dagbag.py:587} INFO - Filling up the DagBag from /home/airflow/.local/lib/python3.12/site-packages/airflow/example_dags/example_latest_only.py
[2026-01-05T17:25:28.575+0000] {processor.py:925} INFO - DAG(s) 'latest_only' retrieved from /home/airflow/.local/lib/python3.12/site-packages/airflow/example_dags/example_latest_only.py
[2026-01-05T17:25:28.604+0000] {logging_mixin.py:190} INFO - [2026-01-05T17:25:28.603+0000] {dag.py:3211} INFO - Sync 1 DAGs
[2026-01-05T17:25:28.633+0000] {logging_mixin.py:190} INFO - [2026-01-05T17:25:28.633+0000] {dag.py:4138} INFO - Setting next_dagrun for latest_only to 2026-01-05 12:00:00+00:00, run_after=2026-01-05 16:00:00+00:00
[2026-01-05T17:25:28.662+0000] {processor.py:208} INFO - Processing /home/airflow/.local/lib/python3.12/site-packages/airflow/example_dags/example_latest_only.py took 0.110 seconds
[2026-01-05T17:25:58.788+0000] {processor.py:186} INFO - Started process (PID=1197) to work on /home/airflow/.local/lib/python3.12/site-packages/airflow/example_dags/example_latest_only.py
[2026-01-05T17:25:58.789+0000] {processor.py:914} INFO - Processing file /home/airflow/.local/lib/python3.12/site-packages/airflow/example_dags/example_latest_only.py for tasks to queue
[2026-01-05T17:25:58.793+0000] {logging_mixin.py:190} INFO - [2026-01-05T17:25:58.793+0000] {dagbag.py:587} INFO - Filling up the DagBag from /home/airflow/.local/lib/python3.12/site-packages/airflow/example_dags/example_latest_only.py
[2026-01-05T17:25:58.800+0000] {processor.py:925} INFO - DAG(s) 'latest_only' retrieved from /home/airflow/.local/lib/python3.12/site-packages/airflow/example_dags/example_latest_only.py
[2026-01-05T17:25:58.826+0000] {logging_mixin.py:190} INFO - [2026-01-05T17:25:58.826+0000] {dag.py:3211} INFO - Sync 1 DAGs
[2026-01-05T17:25:58.861+0000] {logging_mixin.py:190} INFO - [2026-01-05T17:25:58.861+0000] {dag.py:4138} INFO - Setting next_dagrun for latest_only to 2026-01-05 12:00:00+00:00, run_after=2026-01-05 16:00:00+00:00
[2026-01-05T17:25:58.886+0000] {processor.py:208} INFO - Processing /home/airflow/.local/lib/python3.12/site-packages/airflow/example_dags/example_latest_only.py took 0.106 seconds
[2026-01-05T17:26:29.137+0000] {processor.py:186} INFO - Started process (PID=1263) to work on /home/airflow/.local/lib/python3.12/site-packages/airflow/example_dags/example_latest_only.py
[2026-01-05T17:26:29.139+0000] {processor.py:914} INFO - Processing file /home/airflow/.local/lib/python3.12/site-packages/airflow/example_dags/example_latest_only.py for tasks to queue
[2026-01-05T17:26:29.142+0000] {logging_mixin.py:190} INFO - [2026-01-05T17:26:29.142+0000] {dagbag.py:587} INFO - Filling up the DagBag from /home/airflow/.local/lib/python3.12/site-packages/airflow/example_dags/example_latest_only.py
[2026-01-05T17:26:29.148+0000] {processor.py:925} INFO - DAG(s) 'latest_only' retrieved from /home/airflow/.local/lib/python3.12/site-packages/airflow/example_dags/example_latest_only.py
[2026-01-05T17:26:29.184+0000] {logging_mixin.py:190} INFO - [2026-01-05T17:26:29.183+0000] {dag.py:3211} INFO - Sync 1 DAGs
[2026-01-05T17:26:29.223+0000] {logging_mixin.py:190} INFO - [2026-01-05T17:26:29.222+0000] {dag.py:4138} INFO - Setting next_dagrun for latest_only to 2026-01-05 12:00:00+00:00, run_after=2026-01-05 16:00:00+00:00
[2026-01-05T17:26:29.249+0000] {processor.py:208} INFO - Processing /home/airflow/.local/lib/python3.12/site-packages/airflow/example_dags/example_latest_only.py took 0.117 seconds
[2026-01-05T17:26:59.415+0000] {processor.py:186} INFO - Started process (PID=1329) to work on /home/airflow/.local/lib/python3.12/site-packages/airflow/example_dags/example_latest_only.py
[2026-01-05T17:26:59.416+0000] {processor.py:914} INFO - Processing file /home/airflow/.local/lib/python3.12/site-packages/airflow/example_dags/example_latest_only.py for tasks to queue
[2026-01-05T17:26:59.419+0000] {logging_mixin.py:190} INFO - [2026-01-05T17:26:59.419+0000] {dagbag.py:587} INFO - Filling up the DagBag from /home/airflow/.local/lib/python3.12/site-packages/airflow/example_dags/example_latest_only.py
[2026-01-05T17:26:59.428+0000] {processor.py:925} INFO - DAG(s) 'latest_only' retrieved from /home/airflow/.local/lib/python3.12/site-packages/airflow/example_dags/example_latest_only.py
[2026-01-05T17:26:59.454+0000] {logging_mixin.py:190} INFO - [2026-01-05T17:26:59.453+0000] {dag.py:3211} INFO - Sync 1 DAGs
[2026-01-05T17:26:59.481+0000] {logging_mixin.py:190} INFO - [2026-01-05T17:26:59.481+0000] {dag.py:4138} INFO - Setting next_dagrun for latest_only to 2026-01-05 12:00:00+00:00, run_after=2026-01-05 16:00:00+00:00
[2026-01-05T17:26:59.505+0000] {processor.py:208} INFO - Processing /home/airflow/.local/lib/python3.12/site-packages/airflow/example_dags/example_latest_only.py took 0.096 seconds
[2026-01-05T17:27:29.586+0000] {processor.py:186} INFO - Started process (PID=1395) to work on /home/airflow/.local/lib/python3.12/site-packages/airflow/example_dags/example_latest_only.py
[2026-01-05T17:27:29.587+0000] {processor.py:914} INFO - Processing file /home/airflow/.local/lib/python3.12/site-packages/airflow/example_dags/example_latest_only.py for tasks to queue
[2026-01-05T17:27:29.590+0000] {logging_mixin.py:190} INFO - [2026-01-05T17:27:29.590+0000] {dagbag.py:587} INFO - Filling up the DagBag from /home/airflow/.local/lib/python3.12/site-packages/airflow/example_dags/example_latest_only.py
[2026-01-05T17:27:29.597+0000] {processor.py:925} INFO - DAG(s) 'latest_only' retrieved from /home/airflow/.local/lib/python3.12/site-packages/airflow/example_dags/example_latest_only.py
[2026-01-05T17:27:29.622+0000] {logging_mixin.py:190} INFO - [2026-01-05T17:27:29.621+0000] {dag.py:3211} INFO - Sync 1 DAGs
[2026-01-05T17:27:29.651+0000] {logging_mixin.py:190} INFO - [2026-01-05T17:27:29.651+0000] {dag.py:4138} INFO - Setting next_dagrun for latest_only to 2026-01-05 12:00:00+00:00, run_after=2026-01-05 16:00:00+00:00
[2026-01-05T17:27:29.673+0000] {processor.py:208} INFO - Processing /home/airflow/.local/lib/python3.12/site-packages/airflow/example_dags/example_latest_only.py took 0.093 seconds
[2026-01-05T17:28:00.229+0000] {processor.py:186} INFO - Started process (PID=1461) to work on /home/airflow/.local/lib/python3.12/site-packages/airflow/example_dags/example_latest_only.py
[2026-01-05T17:28:00.232+0000] {processor.py:914} INFO - Processing file /home/airflow/.local/lib/python3.12/site-packages/airflow/example_dags/example_latest_only.py for tasks to queue
[2026-01-05T17:28:00.236+0000] {logging_mixin.py:190} INFO - [2026-01-05T17:28:00.236+0000] {dagbag.py:587} INFO - Filling up the DagBag from /home/airflow/.local/lib/python3.12/site-packages/airflow/example_dags/example_latest_only.py
[2026-01-05T17:28:00.253+0000] {processor.py:925} INFO - DAG(s) 'latest_only' retrieved from /home/airflow/.local/lib/python3.12/site-packages/airflow/example_dags/example_latest_only.py
[2026-01-05T17:28:00.325+0000] {logging_mixin.py:190} INFO - [2026-01-05T17:28:00.325+0000] {dag.py:3211} INFO - Sync 1 DAGs
[2026-01-05T17:28:00.376+0000] {logging_mixin.py:190} INFO - [2026-01-05T17:28:00.374+0000] {dag.py:4138} INFO - Setting next_dagrun for latest_only to 2026-01-05 12:00:00+00:00, run_after=2026-01-05 16:00:00+00:00
[2026-01-05T17:28:00.437+0000] {processor.py:208} INFO - Processing /home/airflow/.local/lib/python3.12/site-packages/airflow/example_dags/example_latest_only.py took 0.218 seconds
[2026-01-05T17:28:31.040+0000] {processor.py:186} INFO - Started process (PID=1527) to work on /home/airflow/.local/lib/python3.12/site-packages/airflow/example_dags/example_latest_only.py
[2026-01-05T17:28:31.042+0000] {processor.py:914} INFO - Processing file /home/airflow/.local/lib/python3.12/site-packages/airflow/example_dags/example_latest_only.py for tasks to queue
[2026-01-05T17:28:31.048+0000] {logging_mixin.py:190} INFO - [2026-01-05T17:28:31.047+0000] {dagbag.py:587} INFO - Filling up the DagBag from /home/airflow/.local/lib/python3.12/site-packages/airflow/example_dags/example_latest_only.py
[2026-01-05T17:28:31.058+0000] {processor.py:925} INFO - DAG(s) 'latest_only' retrieved from /home/airflow/.local/lib/python3.12/site-packages/airflow/example_dags/example_latest_only.py
[2026-01-05T17:28:31.084+0000] {logging_mixin.py:190} INFO - [2026-01-05T17:28:31.084+0000] {dag.py:3211} INFO - Sync 1 DAGs
[2026-01-05T17:28:31.112+0000] {logging_mixin.py:190} INFO - [2026-01-05T17:28:31.111+0000] {dag.py:4138} INFO - Setting next_dagrun for latest_only to 2026-01-05 12:00:00+00:00, run_after=2026-01-05 16:00:00+00:00
[2026-01-05T17:28:31.135+0000] {processor.py:208} INFO - Processing /home/airflow/.local/lib/python3.12/site-packages/airflow/example_dags/example_latest_only.py took 0.104 seconds
[2026-01-05T17:29:01.588+0000] {processor.py:186} INFO - Started process (PID=1593) to work on /home/airflow/.local/lib/python3.12/site-packages/airflow/example_dags/example_latest_only.py
[2026-01-05T17:29:01.590+0000] {processor.py:914} INFO - Processing file /home/airflow/.local/lib/python3.12/site-packages/airflow/example_dags/example_latest_only.py for tasks to queue
[2026-01-05T17:29:01.593+0000] {logging_mixin.py:190} INFO - [2026-01-05T17:29:01.593+0000] {dagbag.py:587} INFO - Filling up the DagBag from /home/airflow/.local/lib/python3.12/site-packages/airflow/example_dags/example_latest_only.py
[2026-01-05T17:29:01.599+0000] {processor.py:925} INFO - DAG(s) 'latest_only' retrieved from /home/airflow/.local/lib/python3.12/site-packages/airflow/example_dags/example_latest_only.py
[2026-01-05T17:29:01.623+0000] {logging_mixin.py:190} INFO - [2026-01-05T17:29:01.623+0000] {dag.py:3211} INFO - Sync 1 DAGs
[2026-01-05T17:29:01.649+0000] {logging_mixin.py:190} INFO - [2026-01-05T17:29:01.649+0000] {dag.py:4138} INFO - Setting next_dagrun for latest_only to 2026-01-05 12:00:00+00:00, run_after=2026-01-05 16:00:00+00:00
[2026-01-05T17:29:01.673+0000] {processor.py:208} INFO - Processing /home/airflow/.local/lib/python3.12/site-packages/airflow/example_dags/example_latest_only.py took 0.090 seconds
[2026-01-05T17:29:32.157+0000] {processor.py:186} INFO - Started process (PID=1658) to work on /home/airflow/.local/lib/python3.12/site-packages/airflow/example_dags/example_latest_only.py
[2026-01-05T17:29:32.158+0000] {processor.py:914} INFO - Processing file /home/airflow/.local/lib/python3.12/site-packages/airflow/example_dags/example_latest_only.py for tasks to queue
[2026-01-05T17:29:32.161+0000] {logging_mixin.py:190} INFO - [2026-01-05T17:29:32.161+0000] {dagbag.py:587} INFO - Filling up the DagBag from /home/airflow/.local/lib/python3.12/site-packages/airflow/example_dags/example_latest_only.py
[2026-01-05T17:29:32.168+0000] {processor.py:925} INFO - DAG(s) 'latest_only' retrieved from /home/airflow/.local/lib/python3.12/site-packages/airflow/example_dags/example_latest_only.py
[2026-01-05T17:29:32.192+0000] {logging_mixin.py:190} INFO - [2026-01-05T17:29:32.192+0000] {dag.py:3211} INFO - Sync 1 DAGs
[2026-01-05T17:29:32.219+0000] {logging_mixin.py:190} INFO - [2026-01-05T17:29:32.218+0000] {dag.py:4138} INFO - Setting next_dagrun for latest_only to 2026-01-05 12:00:00+00:00, run_after=2026-01-05 16:00:00+00:00
[2026-01-05T17:29:32.242+0000] {processor.py:208} INFO - Processing /home/airflow/.local/lib/python3.12/site-packages/airflow/example_dags/example_latest_only.py took 0.095 seconds
[2026-01-05T17:30:02.732+0000] {processor.py:186} INFO - Started process (PID=1725) to work on /home/airflow/.local/lib/python3.12/site-packages/airflow/example_dags/example_latest_only.py
[2026-01-05T17:30:02.733+0000] {processor.py:914} INFO - Processing file /home/airflow/.local/lib/python3.12/site-packages/airflow/example_dags/example_latest_only.py for tasks to queue
[2026-01-05T17:30:02.737+0000] {logging_mixin.py:190} INFO - [2026-01-05T17:30:02.736+0000] {dagbag.py:587} INFO - Filling up the DagBag from /home/airflow/.local/lib/python3.12/site-packages/airflow/example_dags/example_latest_only.py
[2026-01-05T17:30:02.744+0000] {processor.py:925} INFO - DAG(s) 'latest_only' retrieved from /home/airflow/.local/lib/python3.12/site-packages/airflow/example_dags/example_latest_only.py
[2026-01-05T17:30:02.768+0000] {logging_mixin.py:190} INFO - [2026-01-05T17:30:02.768+0000] {dag.py:3211} INFO - Sync 1 DAGs
[2026-01-05T17:30:02.795+0000] {logging_mixin.py:190} INFO - [2026-01-05T17:30:02.795+0000] {dag.py:4138} INFO - Setting next_dagrun for latest_only to 2026-01-05 12:00:00+00:00, run_after=2026-01-05 16:00:00+00:00
[2026-01-05T17:30:02.818+0000] {processor.py:208} INFO - Processing /home/airflow/.local/lib/python3.12/site-packages/airflow/example_dags/example_latest_only.py took 0.093 seconds
[2026-01-05T17:30:33.313+0000] {processor.py:186} INFO - Started process (PID=1792) to work on /home/airflow/.local/lib/python3.12/site-packages/airflow/example_dags/example_latest_only.py
[2026-01-05T17:30:33.314+0000] {processor.py:914} INFO - Processing file /home/airflow/.local/lib/python3.12/site-packages/airflow/example_dags/example_latest_only.py for tasks to queue
[2026-01-05T17:30:33.317+0000] {logging_mixin.py:190} INFO - [2026-01-05T17:30:33.317+0000] {dagbag.py:587} INFO - Filling up the DagBag from /home/airflow/.local/lib/python3.12/site-packages/airflow/example_dags/example_latest_only.py
[2026-01-05T17:30:33.324+0000] {processor.py:925} INFO - DAG(s) 'latest_only' retrieved from /home/airflow/.local/lib/python3.12/site-packages/airflow/example_dags/example_latest_only.py
[2026-01-05T17:30:33.350+0000] {logging_mixin.py:190} INFO - [2026-01-05T17:30:33.349+0000] {dag.py:3211} INFO - Sync 1 DAGs
[2026-01-05T17:30:33.377+0000] {logging_mixin.py:190} INFO - [2026-01-05T17:30:33.377+0000] {dag.py:4138} INFO - Setting next_dagrun for latest_only to 2026-01-05 12:00:00+00:00, run_after=2026-01-05 16:00:00+00:00
[2026-01-05T17:30:33.402+0000] {processor.py:208} INFO - Processing /home/airflow/.local/lib/python3.12/site-packages/airflow/example_dags/example_latest_only.py took 0.096 seconds
[2026-01-05T17:31:03.888+0000] {processor.py:186} INFO - Started process (PID=1857) to work on /home/airflow/.local/lib/python3.12/site-packages/airflow/example_dags/example_latest_only.py
[2026-01-05T17:31:03.890+0000] {processor.py:914} INFO - Processing file /home/airflow/.local/lib/python3.12/site-packages/airflow/example_dags/example_latest_only.py for tasks to queue
[2026-01-05T17:31:03.894+0000] {logging_mixin.py:190} INFO - [2026-01-05T17:31:03.893+0000] {dagbag.py:587} INFO - Filling up the DagBag from /home/airflow/.local/lib/python3.12/site-packages/airflow/example_dags/example_latest_only.py
[2026-01-05T17:31:03.900+0000] {processor.py:925} INFO - DAG(s) 'latest_only' retrieved from /home/airflow/.local/lib/python3.12/site-packages/airflow/example_dags/example_latest_only.py
[2026-01-05T17:31:03.921+0000] {logging_mixin.py:190} INFO - [2026-01-05T17:31:03.920+0000] {dag.py:3211} INFO - Sync 1 DAGs
[2026-01-05T17:31:03.944+0000] {logging_mixin.py:190} INFO - [2026-01-05T17:31:03.944+0000] {dag.py:4138} INFO - Setting next_dagrun for latest_only to 2026-01-05 12:00:00+00:00, run_after=2026-01-05 16:00:00+00:00
[2026-01-05T17:31:03.966+0000] {processor.py:208} INFO - Processing /home/airflow/.local/lib/python3.12/site-packages/airflow/example_dags/example_latest_only.py took 0.085 seconds
[2026-01-05T17:31:34.478+0000] {processor.py:186} INFO - Started process (PID=1923) to work on /home/airflow/.local/lib/python3.12/site-packages/airflow/example_dags/example_latest_only.py
[2026-01-05T17:31:34.480+0000] {processor.py:914} INFO - Processing file /home/airflow/.local/lib/python3.12/site-packages/airflow/example_dags/example_latest_only.py for tasks to queue
[2026-01-05T17:31:34.483+0000] {logging_mixin.py:190} INFO - [2026-01-05T17:31:34.482+0000] {dagbag.py:587} INFO - Filling up the DagBag from /home/airflow/.local/lib/python3.12/site-packages/airflow/example_dags/example_latest_only.py
[2026-01-05T17:31:34.489+0000] {processor.py:925} INFO - DAG(s) 'latest_only' retrieved from /home/airflow/.local/lib/python3.12/site-packages/airflow/example_dags/example_latest_only.py
[2026-01-05T17:31:34.521+0000] {logging_mixin.py:190} INFO - [2026-01-05T17:31:34.521+0000] {dag.py:3211} INFO - Sync 1 DAGs
[2026-01-05T17:31:34.563+0000] {logging_mixin.py:190} INFO - [2026-01-05T17:31:34.563+0000] {dag.py:4138} INFO - Setting next_dagrun for latest_only to 2026-01-05 12:00:00+00:00, run_after=2026-01-05 16:00:00+00:00
[2026-01-05T17:31:34.589+0000] {processor.py:208} INFO - Processing /home/airflow/.local/lib/python3.12/site-packages/airflow/example_dags/example_latest_only.py took 0.118 seconds
[2026-01-05T17:32:04.771+0000] {processor.py:186} INFO - Started process (PID=1989) to work on /home/airflow/.local/lib/python3.12/site-packages/airflow/example_dags/example_latest_only.py
[2026-01-05T17:32:04.773+0000] {processor.py:914} INFO - Processing file /home/airflow/.local/lib/python3.12/site-packages/airflow/example_dags/example_latest_only.py for tasks to queue
[2026-01-05T17:32:04.780+0000] {logging_mixin.py:190} INFO - [2026-01-05T17:32:04.780+0000] {dagbag.py:587} INFO - Filling up the DagBag from /home/airflow/.local/lib/python3.12/site-packages/airflow/example_dags/example_latest_only.py
[2026-01-05T17:32:04.788+0000] {processor.py:925} INFO - DAG(s) 'latest_only' retrieved from /home/airflow/.local/lib/python3.12/site-packages/airflow/example_dags/example_latest_only.py
[2026-01-05T17:32:04.815+0000] {logging_mixin.py:190} INFO - [2026-01-05T17:32:04.815+0000] {dag.py:3211} INFO - Sync 1 DAGs
[2026-01-05T17:32:04.850+0000] {logging_mixin.py:190} INFO - [2026-01-05T17:32:04.850+0000] {dag.py:4138} INFO - Setting next_dagrun for latest_only to 2026-01-05 12:00:00+00:00, run_after=2026-01-05 16:00:00+00:00
[2026-01-05T17:32:04.873+0000] {processor.py:208} INFO - Processing /home/airflow/.local/lib/python3.12/site-packages/airflow/example_dags/example_latest_only.py took 0.110 seconds
[2026-01-05T17:32:35.396+0000] {processor.py:186} INFO - Started process (PID=2055) to work on /home/airflow/.local/lib/python3.12/site-packages/airflow/example_dags/example_latest_only.py
[2026-01-05T17:32:35.398+0000] {processor.py:914} INFO - Processing file /home/airflow/.local/lib/python3.12/site-packages/airflow/example_dags/example_latest_only.py for tasks to queue
[2026-01-05T17:32:35.400+0000] {logging_mixin.py:190} INFO - [2026-01-05T17:32:35.400+0000] {dagbag.py:587} INFO - Filling up the DagBag from /home/airflow/.local/lib/python3.12/site-packages/airflow/example_dags/example_latest_only.py
[2026-01-05T17:32:35.407+0000] {processor.py:925} INFO - DAG(s) 'latest_only' retrieved from /home/airflow/.local/lib/python3.12/site-packages/airflow/example_dags/example_latest_only.py
[2026-01-05T17:32:35.430+0000] {logging_mixin.py:190} INFO - [2026-01-05T17:32:35.430+0000] {dag.py:3211} INFO - Sync 1 DAGs
[2026-01-05T17:32:35.456+0000] {logging_mixin.py:190} INFO - [2026-01-05T17:32:35.456+0000] {dag.py:4138} INFO - Setting next_dagrun for latest_only to 2026-01-05 12:00:00+00:00, run_after=2026-01-05 16:00:00+00:00
[2026-01-05T17:32:35.479+0000] {processor.py:208} INFO - Processing /home/airflow/.local/lib/python3.12/site-packages/airflow/example_dags/example_latest_only.py took 0.088 seconds
[2026-01-05T17:33:05.898+0000] {processor.py:186} INFO - Started process (PID=2121) to work on /home/airflow/.local/lib/python3.12/site-packages/airflow/example_dags/example_latest_only.py
[2026-01-05T17:33:05.900+0000] {processor.py:914} INFO - Processing file /home/airflow/.local/lib/python3.12/site-packages/airflow/example_dags/example_latest_only.py for tasks to queue
[2026-01-05T17:33:05.904+0000] {logging_mixin.py:190} INFO - [2026-01-05T17:33:05.904+0000] {dagbag.py:587} INFO - Filling up the DagBag from /home/airflow/.local/lib/python3.12/site-packages/airflow/example_dags/example_latest_only.py
[2026-01-05T17:33:05.912+0000] {processor.py:925} INFO - DAG(s) 'latest_only' retrieved from /home/airflow/.local/lib/python3.12/site-packages/airflow/example_dags/example_latest_only.py
[2026-01-05T17:33:05.941+0000] {logging_mixin.py:190} INFO - [2026-01-05T17:33:05.940+0000] {dag.py:3211} INFO - Sync 1 DAGs
[2026-01-05T17:33:05.971+0000] {logging_mixin.py:190} INFO - [2026-01-05T17:33:05.971+0000] {dag.py:4138} INFO - Setting next_dagrun for latest_only to 2026-01-05 12:00:00+00:00, run_after=2026-01-05 16:00:00+00:00
[2026-01-05T17:33:05.995+0000] {processor.py:208} INFO - Processing /home/airflow/.local/lib/python3.12/site-packages/airflow/example_dags/example_latest_only.py took 0.106 seconds
[2026-01-05T17:33:36.218+0000] {processor.py:186} INFO - Started process (PID=2187) to work on /home/airflow/.local/lib/python3.12/site-packages/airflow/example_dags/example_latest_only.py
[2026-01-05T17:33:36.220+0000] {processor.py:914} INFO - Processing file /home/airflow/.local/lib/python3.12/site-packages/airflow/example_dags/example_latest_only.py for tasks to queue
[2026-01-05T17:33:36.224+0000] {logging_mixin.py:190} INFO - [2026-01-05T17:33:36.224+0000] {dagbag.py:587} INFO - Filling up the DagBag from /home/airflow/.local/lib/python3.12/site-packages/airflow/example_dags/example_latest_only.py
[2026-01-05T17:33:36.232+0000] {processor.py:925} INFO - DAG(s) 'latest_only' retrieved from /home/airflow/.local/lib/python3.12/site-packages/airflow/example_dags/example_latest_only.py
[2026-01-05T17:33:36.258+0000] {logging_mixin.py:190} INFO - [2026-01-05T17:33:36.258+0000] {dag.py:3211} INFO - Sync 1 DAGs
[2026-01-05T17:33:36.286+0000] {logging_mixin.py:190} INFO - [2026-01-05T17:33:36.285+0000] {dag.py:4138} INFO - Setting next_dagrun for latest_only to 2026-01-05 12:00:00+00:00, run_after=2026-01-05 16:00:00+00:00
[2026-01-05T17:33:36.309+0000] {processor.py:208} INFO - Processing /home/airflow/.local/lib/python3.12/site-packages/airflow/example_dags/example_latest_only.py took 0.102 seconds
[2026-01-05T17:34:06.685+0000] {processor.py:186} INFO - Started process (PID=2253) to work on /home/airflow/.local/lib/python3.12/site-packages/airflow/example_dags/example_latest_only.py
[2026-01-05T17:34:06.686+0000] {processor.py:914} INFO - Processing file /home/airflow/.local/lib/python3.12/site-packages/airflow/example_dags/example_latest_only.py for tasks to queue
[2026-01-05T17:34:06.690+0000] {logging_mixin.py:190} INFO - [2026-01-05T17:34:06.690+0000] {dagbag.py:587} INFO - Filling up the DagBag from /home/airflow/.local/lib/python3.12/site-packages/airflow/example_dags/example_latest_only.py
[2026-01-05T17:34:06.698+0000] {processor.py:925} INFO - DAG(s) 'latest_only' retrieved from /home/airflow/.local/lib/python3.12/site-packages/airflow/example_dags/example_latest_only.py
[2026-01-05T17:34:06.724+0000] {logging_mixin.py:190} INFO - [2026-01-05T17:34:06.724+0000] {dag.py:3211} INFO - Sync 1 DAGs
[2026-01-05T17:34:06.756+0000] {logging_mixin.py:190} INFO - [2026-01-05T17:34:06.756+0000] {dag.py:4138} INFO - Setting next_dagrun for latest_only to 2026-01-05 12:00:00+00:00, run_after=2026-01-05 16:00:00+00:00
[2026-01-05T17:34:06.780+0000] {processor.py:208} INFO - Processing /home/airflow/.local/lib/python3.12/site-packages/airflow/example_dags/example_latest_only.py took 0.103 seconds
[2026-01-05T17:34:37.600+0000] {processor.py:186} INFO - Started process (PID=2319) to work on /home/airflow/.local/lib/python3.12/site-packages/airflow/example_dags/example_latest_only.py
[2026-01-05T17:34:37.602+0000] {processor.py:914} INFO - Processing file /home/airflow/.local/lib/python3.12/site-packages/airflow/example_dags/example_latest_only.py for tasks to queue
[2026-01-05T17:34:37.605+0000] {logging_mixin.py:190} INFO - [2026-01-05T17:34:37.605+0000] {dagbag.py:587} INFO - Filling up the DagBag from /home/airflow/.local/lib/python3.12/site-packages/airflow/example_dags/example_latest_only.py
[2026-01-05T17:34:37.612+0000] {processor.py:925} INFO - DAG(s) 'latest_only' retrieved from /home/airflow/.local/lib/python3.12/site-packages/airflow/example_dags/example_latest_only.py
[2026-01-05T17:34:37.634+0000] {logging_mixin.py:190} INFO - [2026-01-05T17:34:37.634+0000] {dag.py:3211} INFO - Sync 1 DAGs
[2026-01-05T17:34:37.659+0000] {logging_mixin.py:190} INFO - [2026-01-05T17:34:37.659+0000] {dag.py:4138} INFO - Setting next_dagrun for latest_only to 2026-01-05 12:00:00+00:00, run_after=2026-01-05 16:00:00+00:00
[2026-01-05T17:34:37.681+0000] {processor.py:208} INFO - Processing /home/airflow/.local/lib/python3.12/site-packages/airflow/example_dags/example_latest_only.py took 0.089 seconds
[2026-01-05T17:35:07.969+0000] {processor.py:186} INFO - Started process (PID=2385) to work on /home/airflow/.local/lib/python3.12/site-packages/airflow/example_dags/example_latest_only.py
[2026-01-05T17:35:07.970+0000] {processor.py:914} INFO - Processing file /home/airflow/.local/lib/python3.12/site-packages/airflow/example_dags/example_latest_only.py for tasks to queue
[2026-01-05T17:35:07.973+0000] {logging_mixin.py:190} INFO - [2026-01-05T17:35:07.973+0000] {dagbag.py:587} INFO - Filling up the DagBag from /home/airflow/.local/lib/python3.12/site-packages/airflow/example_dags/example_latest_only.py
[2026-01-05T17:35:07.980+0000] {processor.py:925} INFO - DAG(s) 'latest_only' retrieved from /home/airflow/.local/lib/python3.12/site-packages/airflow/example_dags/example_latest_only.py
[2026-01-05T17:35:08.000+0000] {logging_mixin.py:190} INFO - [2026-01-05T17:35:08.000+0000] {dag.py:3211} INFO - Sync 1 DAGs
[2026-01-05T17:35:08.021+0000] {logging_mixin.py:190} INFO - [2026-01-05T17:35:08.020+0000] {dag.py:4138} INFO - Setting next_dagrun for latest_only to 2026-01-05 12:00:00+00:00, run_after=2026-01-05 16:00:00+00:00
[2026-01-05T17:35:08.044+0000] {processor.py:208} INFO - Processing /home/airflow/.local/lib/python3.12/site-packages/airflow/example_dags/example_latest_only.py took 0.083 seconds
[2026-01-05T17:35:39.131+0000] {processor.py:186} INFO - Started process (PID=2452) to work on /home/airflow/.local/lib/python3.12/site-packages/airflow/example_dags/example_latest_only.py
[2026-01-05T17:35:39.133+0000] {processor.py:914} INFO - Processing file /home/airflow/.local/lib/python3.12/site-packages/airflow/example_dags/example_latest_only.py for tasks to queue
[2026-01-05T17:35:39.137+0000] {logging_mixin.py:190} INFO - [2026-01-05T17:35:39.137+0000] {dagbag.py:587} INFO - Filling up the DagBag from /home/airflow/.local/lib/python3.12/site-packages/airflow/example_dags/example_latest_only.py
[2026-01-05T17:35:39.145+0000] {processor.py:925} INFO - DAG(s) 'latest_only' retrieved from /home/airflow/.local/lib/python3.12/site-packages/airflow/example_dags/example_latest_only.py
[2026-01-05T17:35:39.171+0000] {logging_mixin.py:190} INFO - [2026-01-05T17:35:39.171+0000] {dag.py:3211} INFO - Sync 1 DAGs
[2026-01-05T17:35:39.194+0000] {logging_mixin.py:190} INFO - [2026-01-05T17:35:39.194+0000] {dag.py:4138} INFO - Setting next_dagrun for latest_only to 2026-01-05 12:00:00+00:00, run_after=2026-01-05 16:00:00+00:00
[2026-01-05T17:35:39.217+0000] {processor.py:208} INFO - Processing /home/airflow/.local/lib/python3.12/site-packages/airflow/example_dags/example_latest_only.py took 0.096 seconds
[2026-01-05T17:36:09.770+0000] {processor.py:186} INFO - Started process (PID=2518) to work on /home/airflow/.local/lib/python3.12/site-packages/airflow/example_dags/example_latest_only.py
[2026-01-05T17:36:09.772+0000] {processor.py:914} INFO - Processing file /home/airflow/.local/lib/python3.12/site-packages/airflow/example_dags/example_latest_only.py for tasks to queue
[2026-01-05T17:36:09.775+0000] {logging_mixin.py:190} INFO - [2026-01-05T17:36:09.774+0000] {dagbag.py:587} INFO - Filling up the DagBag from /home/airflow/.local/lib/python3.12/site-packages/airflow/example_dags/example_latest_only.py
[2026-01-05T17:36:09.780+0000] {processor.py:925} INFO - DAG(s) 'latest_only' retrieved from /home/airflow/.local/lib/python3.12/site-packages/airflow/example_dags/example_latest_only.py
[2026-01-05T17:36:09.805+0000] {logging_mixin.py:190} INFO - [2026-01-05T17:36:09.805+0000] {dag.py:3211} INFO - Sync 1 DAGs
[2026-01-05T17:36:09.838+0000] {logging_mixin.py:190} INFO - [2026-01-05T17:36:09.838+0000] {dag.py:4138} INFO - Setting next_dagrun for latest_only to 2026-01-05 12:00:00+00:00, run_after=2026-01-05 16:00:00+00:00
[2026-01-05T17:36:09.867+0000] {processor.py:208} INFO - Processing /home/airflow/.local/lib/python3.12/site-packages/airflow/example_dags/example_latest_only.py took 0.105 seconds
[2026-01-05T17:36:40.440+0000] {processor.py:186} INFO - Started process (PID=2584) to work on /home/airflow/.local/lib/python3.12/site-packages/airflow/example_dags/example_latest_only.py
[2026-01-05T17:36:40.441+0000] {processor.py:914} INFO - Processing file /home/airflow/.local/lib/python3.12/site-packages/airflow/example_dags/example_latest_only.py for tasks to queue
[2026-01-05T17:36:40.445+0000] {logging_mixin.py:190} INFO - [2026-01-05T17:36:40.444+0000] {dagbag.py:587} INFO - Filling up the DagBag from /home/airflow/.local/lib/python3.12/site-packages/airflow/example_dags/example_latest_only.py
[2026-01-05T17:36:40.451+0000] {processor.py:925} INFO - DAG(s) 'latest_only' retrieved from /home/airflow/.local/lib/python3.12/site-packages/airflow/example_dags/example_latest_only.py
[2026-01-05T17:36:40.473+0000] {logging_mixin.py:190} INFO - [2026-01-05T17:36:40.473+0000] {dag.py:3211} INFO - Sync 1 DAGs
[2026-01-05T17:36:40.497+0000] {logging_mixin.py:190} INFO - [2026-01-05T17:36:40.496+0000] {dag.py:4138} INFO - Setting next_dagrun for latest_only to 2026-01-05 12:00:00+00:00, run_after=2026-01-05 16:00:00+00:00
[2026-01-05T17:36:40.517+0000] {processor.py:208} INFO - Processing /home/airflow/.local/lib/python3.12/site-packages/airflow/example_dags/example_latest_only.py took 0.084 seconds
[2026-01-05T17:37:10.731+0000] {processor.py:186} INFO - Started process (PID=2651) to work on /home/airflow/.local/lib/python3.12/site-packages/airflow/example_dags/example_latest_only.py
[2026-01-05T17:37:10.733+0000] {processor.py:914} INFO - Processing file /home/airflow/.local/lib/python3.12/site-packages/airflow/example_dags/example_latest_only.py for tasks to queue
[2026-01-05T17:37:10.736+0000] {logging_mixin.py:190} INFO - [2026-01-05T17:37:10.735+0000] {dagbag.py:587} INFO - Filling up the DagBag from /home/airflow/.local/lib/python3.12/site-packages/airflow/example_dags/example_latest_only.py
[2026-01-05T17:37:10.742+0000] {processor.py:925} INFO - DAG(s) 'latest_only' retrieved from /home/airflow/.local/lib/python3.12/site-packages/airflow/example_dags/example_latest_only.py
[2026-01-05T17:37:10.788+0000] {logging_mixin.py:190} INFO - [2026-01-05T17:37:10.788+0000] {dag.py:3211} INFO - Sync 1 DAGs
[2026-01-05T17:37:10.869+0000] {logging_mixin.py:190} INFO - [2026-01-05T17:37:10.869+0000] {dag.py:4138} INFO - Setting next_dagrun for latest_only to 2026-01-05 12:00:00+00:00, run_after=2026-01-05 16:00:00+00:00
[2026-01-05T17:37:10.923+0000] {processor.py:208} INFO - Processing /home/airflow/.local/lib/python3.12/site-packages/airflow/example_dags/example_latest_only.py took 0.199 seconds
[2026-01-05T17:37:41.617+0000] {processor.py:186} INFO - Started process (PID=2717) to work on /home/airflow/.local/lib/python3.12/site-packages/airflow/example_dags/example_latest_only.py
[2026-01-05T17:37:41.619+0000] {processor.py:914} INFO - Processing file /home/airflow/.local/lib/python3.12/site-packages/airflow/example_dags/example_latest_only.py for tasks to queue
[2026-01-05T17:37:41.624+0000] {logging_mixin.py:190} INFO - [2026-01-05T17:37:41.623+0000] {dagbag.py:587} INFO - Filling up the DagBag from /home/airflow/.local/lib/python3.12/site-packages/airflow/example_dags/example_latest_only.py
[2026-01-05T17:37:41.632+0000] {processor.py:925} INFO - DAG(s) 'latest_only' retrieved from /home/airflow/.local/lib/python3.12/site-packages/airflow/example_dags/example_latest_only.py
[2026-01-05T17:37:41.661+0000] {logging_mixin.py:190} INFO - [2026-01-05T17:37:41.661+0000] {dag.py:3211} INFO - Sync 1 DAGs
[2026-01-05T17:37:41.695+0000] {logging_mixin.py:190} INFO - [2026-01-05T17:37:41.695+0000] {dag.py:4138} INFO - Setting next_dagrun for latest_only to 2026-01-05 12:00:00+00:00, run_after=2026-01-05 16:00:00+00:00
[2026-01-05T17:37:41.721+0000] {processor.py:208} INFO - Processing /home/airflow/.local/lib/python3.12/site-packages/airflow/example_dags/example_latest_only.py took 0.112 seconds
[2026-01-05T17:38:11.859+0000] {processor.py:186} INFO - Started process (PID=2783) to work on /home/airflow/.local/lib/python3.12/site-packages/airflow/example_dags/example_latest_only.py
[2026-01-05T17:38:11.860+0000] {processor.py:914} INFO - Processing file /home/airflow/.local/lib/python3.12/site-packages/airflow/example_dags/example_latest_only.py for tasks to queue
[2026-01-05T17:38:11.863+0000] {logging_mixin.py:190} INFO - [2026-01-05T17:38:11.863+0000] {dagbag.py:587} INFO - Filling up the DagBag from /home/airflow/.local/lib/python3.12/site-packages/airflow/example_dags/example_latest_only.py
[2026-01-05T17:38:11.871+0000] {processor.py:925} INFO - DAG(s) 'latest_only' retrieved from /home/airflow/.local/lib/python3.12/site-packages/airflow/example_dags/example_latest_only.py
[2026-01-05T17:38:11.893+0000] {logging_mixin.py:190} INFO - [2026-01-05T17:38:11.892+0000] {dag.py:3211} INFO - Sync 1 DAGs
[2026-01-05T17:38:11.919+0000] {logging_mixin.py:190} INFO - [2026-01-05T17:38:11.919+0000] {dag.py:4138} INFO - Setting next_dagrun for latest_only to 2026-01-05 12:00:00+00:00, run_after=2026-01-05 16:00:00+00:00
[2026-01-05T17:38:11.942+0000] {processor.py:208} INFO - Processing /home/airflow/.local/lib/python3.12/site-packages/airflow/example_dags/example_latest_only.py took 0.090 seconds
[2026-01-05T17:38:42.600+0000] {processor.py:186} INFO - Started process (PID=2849) to work on /home/airflow/.local/lib/python3.12/site-packages/airflow/example_dags/example_latest_only.py
[2026-01-05T17:38:42.602+0000] {processor.py:914} INFO - Processing file /home/airflow/.local/lib/python3.12/site-packages/airflow/example_dags/example_latest_only.py for tasks to queue
[2026-01-05T17:38:42.606+0000] {logging_mixin.py:190} INFO - [2026-01-05T17:38:42.605+0000] {dagbag.py:587} INFO - Filling up the DagBag from /home/airflow/.local/lib/python3.12/site-packages/airflow/example_dags/example_latest_only.py
[2026-01-05T17:38:42.613+0000] {processor.py:925} INFO - DAG(s) 'latest_only' retrieved from /home/airflow/.local/lib/python3.12/site-packages/airflow/example_dags/example_latest_only.py
[2026-01-05T17:38:42.638+0000] {logging_mixin.py:190} INFO - [2026-01-05T17:38:42.638+0000] {dag.py:3211} INFO - Sync 1 DAGs
[2026-01-05T17:38:42.664+0000] {logging_mixin.py:190} INFO - [2026-01-05T17:38:42.664+0000] {dag.py:4138} INFO - Setting next_dagrun for latest_only to 2026-01-05 12:00:00+00:00, run_after=2026-01-05 16:00:00+00:00
[2026-01-05T17:38:42.686+0000] {processor.py:208} INFO - Processing /home/airflow/.local/lib/python3.12/site-packages/airflow/example_dags/example_latest_only.py took 0.095 seconds
[2026-01-05T17:39:13.675+0000] {processor.py:186} INFO - Started process (PID=2915) to work on /home/airflow/.local/lib/python3.12/site-packages/airflow/example_dags/example_latest_only.py
[2026-01-05T17:39:13.677+0000] {processor.py:914} INFO - Processing file /home/airflow/.local/lib/python3.12/site-packages/airflow/example_dags/example_latest_only.py for tasks to queue
[2026-01-05T17:39:13.681+0000] {logging_mixin.py:190} INFO - [2026-01-05T17:39:13.680+0000] {dagbag.py:587} INFO - Filling up the DagBag from /home/airflow/.local/lib/python3.12/site-packages/airflow/example_dags/example_latest_only.py
[2026-01-05T17:39:13.687+0000] {processor.py:925} INFO - DAG(s) 'latest_only' retrieved from /home/airflow/.local/lib/python3.12/site-packages/airflow/example_dags/example_latest_only.py
[2026-01-05T17:39:13.708+0000] {logging_mixin.py:190} INFO - [2026-01-05T17:39:13.708+0000] {dag.py:3211} INFO - Sync 1 DAGs
[2026-01-05T17:39:13.732+0000] {logging_mixin.py:190} INFO - [2026-01-05T17:39:13.732+0000] {dag.py:4138} INFO - Setting next_dagrun for latest_only to 2026-01-05 12:00:00+00:00, run_after=2026-01-05 16:00:00+00:00
[2026-01-05T17:39:13.754+0000] {processor.py:208} INFO - Processing /home/airflow/.local/lib/python3.12/site-packages/airflow/example_dags/example_latest_only.py took 0.087 seconds
[2026-01-05T17:39:44.279+0000] {processor.py:186} INFO - Started process (PID=2981) to work on /home/airflow/.local/lib/python3.12/site-packages/airflow/example_dags/example_latest_only.py
[2026-01-05T17:39:44.281+0000] {processor.py:914} INFO - Processing file /home/airflow/.local/lib/python3.12/site-packages/airflow/example_dags/example_latest_only.py for tasks to queue
[2026-01-05T17:39:44.285+0000] {logging_mixin.py:190} INFO - [2026-01-05T17:39:44.284+0000] {dagbag.py:587} INFO - Filling up the DagBag from /home/airflow/.local/lib/python3.12/site-packages/airflow/example_dags/example_latest_only.py
[2026-01-05T17:39:44.292+0000] {processor.py:925} INFO - DAG(s) 'latest_only' retrieved from /home/airflow/.local/lib/python3.12/site-packages/airflow/example_dags/example_latest_only.py
[2026-01-05T17:39:44.327+0000] {logging_mixin.py:190} INFO - [2026-01-05T17:39:44.327+0000] {dag.py:3211} INFO - Sync 1 DAGs
[2026-01-05T17:39:44.353+0000] {logging_mixin.py:190} INFO - [2026-01-05T17:39:44.353+0000] {dag.py:4138} INFO - Setting next_dagrun for latest_only to 2026-01-05 12:00:00+00:00, run_after=2026-01-05 16:00:00+00:00
[2026-01-05T17:39:44.372+0000] {processor.py:208} INFO - Processing /home/airflow/.local/lib/python3.12/site-packages/airflow/example_dags/example_latest_only.py took 0.102 seconds
[2026-01-05T17:40:14.940+0000] {processor.py:186} INFO - Started process (PID=3047) to work on /home/airflow/.local/lib/python3.12/site-packages/airflow/example_dags/example_latest_only.py
[2026-01-05T17:40:14.942+0000] {processor.py:914} INFO - Processing file /home/airflow/.local/lib/python3.12/site-packages/airflow/example_dags/example_latest_only.py for tasks to queue
[2026-01-05T17:40:14.945+0000] {logging_mixin.py:190} INFO - [2026-01-05T17:40:14.945+0000] {dagbag.py:587} INFO - Filling up the DagBag from /home/airflow/.local/lib/python3.12/site-packages/airflow/example_dags/example_latest_only.py
[2026-01-05T17:40:14.951+0000] {processor.py:925} INFO - DAG(s) 'latest_only' retrieved from /home/airflow/.local/lib/python3.12/site-packages/airflow/example_dags/example_latest_only.py
[2026-01-05T17:40:14.976+0000] {logging_mixin.py:190} INFO - [2026-01-05T17:40:14.976+0000] {dag.py:3211} INFO - Sync 1 DAGs
[2026-01-05T17:40:15.004+0000] {logging_mixin.py:190} INFO - [2026-01-05T17:40:15.004+0000] {dag.py:4138} INFO - Setting next_dagrun for latest_only to 2026-01-05 12:00:00+00:00, run_after=2026-01-05 16:00:00+00:00
[2026-01-05T17:40:15.026+0000] {processor.py:208} INFO - Processing /home/airflow/.local/lib/python3.12/site-packages/airflow/example_dags/example_latest_only.py took 0.094 seconds
[2026-01-05T17:40:45.259+0000] {processor.py:186} INFO - Started process (PID=3113) to work on /home/airflow/.local/lib/python3.12/site-packages/airflow/example_dags/example_latest_only.py
[2026-01-05T17:40:45.260+0000] {processor.py:914} INFO - Processing file /home/airflow/.local/lib/python3.12/site-packages/airflow/example_dags/example_latest_only.py for tasks to queue
[2026-01-05T17:40:45.263+0000] {logging_mixin.py:190} INFO - [2026-01-05T17:40:45.263+0000] {dagbag.py:587} INFO - Filling up the DagBag from /home/airflow/.local/lib/python3.12/site-packages/airflow/example_dags/example_latest_only.py
[2026-01-05T17:40:45.273+0000] {processor.py:925} INFO - DAG(s) 'latest_only' retrieved from /home/airflow/.local/lib/python3.12/site-packages/airflow/example_dags/example_latest_only.py
[2026-01-05T17:40:45.305+0000] {logging_mixin.py:190} INFO - [2026-01-05T17:40:45.305+0000] {dag.py:3211} INFO - Sync 1 DAGs
[2026-01-05T17:40:45.330+0000] {logging_mixin.py:190} INFO - [2026-01-05T17:40:45.330+0000] {dag.py:4138} INFO - Setting next_dagrun for latest_only to 2026-01-05 12:00:00+00:00, run_after=2026-01-05 16:00:00+00:00
[2026-01-05T17:40:45.353+0000] {processor.py:208} INFO - Processing /home/airflow/.local/lib/python3.12/site-packages/airflow/example_dags/example_latest_only.py took 0.101 seconds
[2026-01-05T17:41:15.494+0000] {processor.py:186} INFO - Started process (PID=3179) to work on /home/airflow/.local/lib/python3.12/site-packages/airflow/example_dags/example_latest_only.py
[2026-01-05T17:41:15.496+0000] {processor.py:914} INFO - Processing file /home/airflow/.local/lib/python3.12/site-packages/airflow/example_dags/example_latest_only.py for tasks to queue
[2026-01-05T17:41:15.500+0000] {logging_mixin.py:190} INFO - [2026-01-05T17:41:15.499+0000] {dagbag.py:587} INFO - Filling up the DagBag from /home/airflow/.local/lib/python3.12/site-packages/airflow/example_dags/example_latest_only.py
[2026-01-05T17:41:15.506+0000] {processor.py:925} INFO - DAG(s) 'latest_only' retrieved from /home/airflow/.local/lib/python3.12/site-packages/airflow/example_dags/example_latest_only.py
[2026-01-05T17:41:15.533+0000] {logging_mixin.py:190} INFO - [2026-01-05T17:41:15.533+0000] {dag.py:3211} INFO - Sync 1 DAGs
[2026-01-05T17:41:15.560+0000] {logging_mixin.py:190} INFO - [2026-01-05T17:41:15.560+0000] {dag.py:4138} INFO - Setting next_dagrun for latest_only to 2026-01-05 12:00:00+00:00, run_after=2026-01-05 16:00:00+00:00
[2026-01-05T17:41:15.590+0000] {processor.py:208} INFO - Processing /home/airflow/.local/lib/python3.12/site-packages/airflow/example_dags/example_latest_only.py took 0.106 seconds
[2026-01-05T17:41:45.788+0000] {processor.py:186} INFO - Started process (PID=3245) to work on /home/airflow/.local/lib/python3.12/site-packages/airflow/example_dags/example_latest_only.py
[2026-01-05T17:41:45.790+0000] {processor.py:914} INFO - Processing file /home/airflow/.local/lib/python3.12/site-packages/airflow/example_dags/example_latest_only.py for tasks to queue
[2026-01-05T17:41:45.793+0000] {logging_mixin.py:190} INFO - [2026-01-05T17:41:45.793+0000] {dagbag.py:587} INFO - Filling up the DagBag from /home/airflow/.local/lib/python3.12/site-packages/airflow/example_dags/example_latest_only.py
[2026-01-05T17:41:45.799+0000] {processor.py:925} INFO - DAG(s) 'latest_only' retrieved from /home/airflow/.local/lib/python3.12/site-packages/airflow/example_dags/example_latest_only.py
[2026-01-05T17:41:45.824+0000] {logging_mixin.py:190} INFO - [2026-01-05T17:41:45.824+0000] {dag.py:3211} INFO - Sync 1 DAGs
[2026-01-05T17:41:45.851+0000] {logging_mixin.py:190} INFO - [2026-01-05T17:41:45.850+0000] {dag.py:4138} INFO - Setting next_dagrun for latest_only to 2026-01-05 12:00:00+00:00, run_after=2026-01-05 16:00:00+00:00
[2026-01-05T17:41:45.872+0000] {processor.py:208} INFO - Processing /home/airflow/.local/lib/python3.12/site-packages/airflow/example_dags/example_latest_only.py took 0.091 seconds
[2026-01-05T17:42:16.250+0000] {processor.py:186} INFO - Started process (PID=3311) to work on /home/airflow/.local/lib/python3.12/site-packages/airflow/example_dags/example_latest_only.py
[2026-01-05T17:42:16.251+0000] {processor.py:914} INFO - Processing file /home/airflow/.local/lib/python3.12/site-packages/airflow/example_dags/example_latest_only.py for tasks to queue
[2026-01-05T17:42:16.254+0000] {logging_mixin.py:190} INFO - [2026-01-05T17:42:16.254+0000] {dagbag.py:587} INFO - Filling up the DagBag from /home/airflow/.local/lib/python3.12/site-packages/airflow/example_dags/example_latest_only.py
[2026-01-05T17:42:16.263+0000] {processor.py:925} INFO - DAG(s) 'latest_only' retrieved from /home/airflow/.local/lib/python3.12/site-packages/airflow/example_dags/example_latest_only.py
[2026-01-05T17:42:16.292+0000] {logging_mixin.py:190} INFO - [2026-01-05T17:42:16.292+0000] {dag.py:3211} INFO - Sync 1 DAGs
[2026-01-05T17:42:16.327+0000] {logging_mixin.py:190} INFO - [2026-01-05T17:42:16.326+0000] {dag.py:4138} INFO - Setting next_dagrun for latest_only to 2026-01-05 12:00:00+00:00, run_after=2026-01-05 16:00:00+00:00
[2026-01-05T17:42:16.353+0000] {processor.py:208} INFO - Processing /home/airflow/.local/lib/python3.12/site-packages/airflow/example_dags/example_latest_only.py took 0.111 seconds
[2026-01-05T17:42:46.735+0000] {processor.py:186} INFO - Started process (PID=3377) to work on /home/airflow/.local/lib/python3.12/site-packages/airflow/example_dags/example_latest_only.py
[2026-01-05T17:42:46.736+0000] {processor.py:914} INFO - Processing file /home/airflow/.local/lib/python3.12/site-packages/airflow/example_dags/example_latest_only.py for tasks to queue
[2026-01-05T17:42:46.739+0000] {logging_mixin.py:190} INFO - [2026-01-05T17:42:46.739+0000] {dagbag.py:587} INFO - Filling up the DagBag from /home/airflow/.local/lib/python3.12/site-packages/airflow/example_dags/example_latest_only.py
[2026-01-05T17:42:46.747+0000] {processor.py:925} INFO - DAG(s) 'latest_only' retrieved from /home/airflow/.local/lib/python3.12/site-packages/airflow/example_dags/example_latest_only.py
[2026-01-05T17:42:46.773+0000] {logging_mixin.py:190} INFO - [2026-01-05T17:42:46.772+0000] {dag.py:3211} INFO - Sync 1 DAGs
[2026-01-05T17:42:46.809+0000] {logging_mixin.py:190} INFO - [2026-01-05T17:42:46.809+0000] {dag.py:4138} INFO - Setting next_dagrun for latest_only to 2026-01-05 12:00:00+00:00, run_after=2026-01-05 16:00:00+00:00
[2026-01-05T17:42:46.835+0000] {processor.py:208} INFO - Processing /home/airflow/.local/lib/python3.12/site-packages/airflow/example_dags/example_latest_only.py took 0.109 seconds
[2026-01-05T17:43:17.038+0000] {processor.py:186} INFO - Started process (PID=3443) to work on /home/airflow/.local/lib/python3.12/site-packages/airflow/example_dags/example_latest_only.py
[2026-01-05T17:43:17.040+0000] {processor.py:914} INFO - Processing file /home/airflow/.local/lib/python3.12/site-packages/airflow/example_dags/example_latest_only.py for tasks to queue
[2026-01-05T17:43:17.043+0000] {logging_mixin.py:190} INFO - [2026-01-05T17:43:17.043+0000] {dagbag.py:587} INFO - Filling up the DagBag from /home/airflow/.local/lib/python3.12/site-packages/airflow/example_dags/example_latest_only.py
[2026-01-05T17:43:17.051+0000] {processor.py:925} INFO - DAG(s) 'latest_only' retrieved from /home/airflow/.local/lib/python3.12/site-packages/airflow/example_dags/example_latest_only.py
[2026-01-05T17:43:17.089+0000] {logging_mixin.py:190} INFO - [2026-01-05T17:43:17.089+0000] {dag.py:3211} INFO - Sync 1 DAGs
[2026-01-05T17:43:17.123+0000] {logging_mixin.py:190} INFO - [2026-01-05T17:43:17.123+0000] {dag.py:4138} INFO - Setting next_dagrun for latest_only to 2026-01-05 12:00:00+00:00, run_after=2026-01-05 16:00:00+00:00
[2026-01-05T17:43:17.156+0000] {processor.py:208} INFO - Processing /home/airflow/.local/lib/python3.12/site-packages/airflow/example_dags/example_latest_only.py took 0.126 seconds
[2026-01-05T17:43:47.424+0000] {processor.py:186} INFO - Started process (PID=3509) to work on /home/airflow/.local/lib/python3.12/site-packages/airflow/example_dags/example_latest_only.py
[2026-01-05T17:43:47.426+0000] {processor.py:914} INFO - Processing file /home/airflow/.local/lib/python3.12/site-packages/airflow/example_dags/example_latest_only.py for tasks to queue
[2026-01-05T17:43:47.430+0000] {logging_mixin.py:190} INFO - [2026-01-05T17:43:47.430+0000] {dagbag.py:587} INFO - Filling up the DagBag from /home/airflow/.local/lib/python3.12/site-packages/airflow/example_dags/example_latest_only.py
[2026-01-05T17:43:47.438+0000] {processor.py:925} INFO - DAG(s) 'latest_only' retrieved from /home/airflow/.local/lib/python3.12/site-packages/airflow/example_dags/example_latest_only.py
[2026-01-05T17:43:47.465+0000] {logging_mixin.py:190} INFO - [2026-01-05T17:43:47.465+0000] {dag.py:3211} INFO - Sync 1 DAGs
[2026-01-05T17:43:47.501+0000] {logging_mixin.py:190} INFO - [2026-01-05T17:43:47.501+0000] {dag.py:4138} INFO - Setting next_dagrun for latest_only to 2026-01-05 12:00:00+00:00, run_after=2026-01-05 16:00:00+00:00
[2026-01-05T17:43:47.528+0000] {processor.py:208} INFO - Processing /home/airflow/.local/lib/python3.12/site-packages/airflow/example_dags/example_latest_only.py took 0.110 seconds
[2026-01-05T17:44:17.918+0000] {processor.py:186} INFO - Started process (PID=3575) to work on /home/airflow/.local/lib/python3.12/site-packages/airflow/example_dags/example_latest_only.py
[2026-01-05T17:44:17.920+0000] {processor.py:914} INFO - Processing file /home/airflow/.local/lib/python3.12/site-packages/airflow/example_dags/example_latest_only.py for tasks to queue
[2026-01-05T17:44:17.924+0000] {logging_mixin.py:190} INFO - [2026-01-05T17:44:17.923+0000] {dagbag.py:587} INFO - Filling up the DagBag from /home/airflow/.local/lib/python3.12/site-packages/airflow/example_dags/example_latest_only.py
[2026-01-05T17:44:17.931+0000] {processor.py:925} INFO - DAG(s) 'latest_only' retrieved from /home/airflow/.local/lib/python3.12/site-packages/airflow/example_dags/example_latest_only.py
[2026-01-05T17:44:17.964+0000] {logging_mixin.py:190} INFO - [2026-01-05T17:44:17.964+0000] {dag.py:3211} INFO - Sync 1 DAGs
[2026-01-05T17:44:18.000+0000] {logging_mixin.py:190} INFO - [2026-01-05T17:44:17.999+0000] {dag.py:4138} INFO - Setting next_dagrun for latest_only to 2026-01-05 12:00:00+00:00, run_after=2026-01-05 16:00:00+00:00
[2026-01-05T17:44:18.026+0000] {processor.py:208} INFO - Processing /home/airflow/.local/lib/python3.12/site-packages/airflow/example_dags/example_latest_only.py took 0.117 seconds
[2026-01-05T17:44:48.483+0000] {processor.py:186} INFO - Started process (PID=3642) to work on /home/airflow/.local/lib/python3.12/site-packages/airflow/example_dags/example_latest_only.py
[2026-01-05T17:44:48.484+0000] {processor.py:914} INFO - Processing file /home/airflow/.local/lib/python3.12/site-packages/airflow/example_dags/example_latest_only.py for tasks to queue
[2026-01-05T17:44:48.488+0000] {logging_mixin.py:190} INFO - [2026-01-05T17:44:48.487+0000] {dagbag.py:587} INFO - Filling up the DagBag from /home/airflow/.local/lib/python3.12/site-packages/airflow/example_dags/example_latest_only.py
[2026-01-05T17:44:48.497+0000] {processor.py:925} INFO - DAG(s) 'latest_only' retrieved from /home/airflow/.local/lib/python3.12/site-packages/airflow/example_dags/example_latest_only.py
[2026-01-05T17:44:48.527+0000] {logging_mixin.py:190} INFO - [2026-01-05T17:44:48.526+0000] {dag.py:3211} INFO - Sync 1 DAGs
[2026-01-05T17:44:48.561+0000] {logging_mixin.py:190} INFO - [2026-01-05T17:44:48.560+0000] {dag.py:4138} INFO - Setting next_dagrun for latest_only to 2026-01-05 12:00:00+00:00, run_after=2026-01-05 16:00:00+00:00
[2026-01-05T17:44:48.586+0000] {processor.py:208} INFO - Processing /home/airflow/.local/lib/python3.12/site-packages/airflow/example_dags/example_latest_only.py took 0.111 seconds
