[2026-01-05T17:17:46.281+0000] {processor.py:186} INFO - Started process (PID=125) to work on /home/airflow/.local/lib/python3.12/site-packages/airflow/example_dags/example_short_circuit_decorator.py
[2026-01-05T17:17:46.283+0000] {processor.py:914} INFO - Processing file /home/airflow/.local/lib/python3.12/site-packages/airflow/example_dags/example_short_circuit_decorator.py for tasks to queue
[2026-01-05T17:17:46.293+0000] {logging_mixin.py:190} INFO - [2026-01-05T17:17:46.292+0000] {dagbag.py:587} INFO - Filling up the DagBag from /home/airflow/.local/lib/python3.12/site-packages/airflow/example_dags/example_short_circuit_decorator.py
[2026-01-05T17:17:46.322+0000] {processor.py:925} INFO - DAG(s) 'example_short_circuit_decorator' retrieved from /home/airflow/.local/lib/python3.12/site-packages/airflow/example_dags/example_short_circuit_decorator.py
[2026-01-05T17:17:46.403+0000] {logging_mixin.py:190} INFO - [2026-01-05T17:17:46.403+0000] {dag.py:3211} INFO - Sync 1 DAGs
[2026-01-05T17:17:46.468+0000] {logging_mixin.py:190} INFO - [2026-01-05T17:17:46.468+0000] {dag.py:4138} INFO - Setting next_dagrun for example_short_circuit_decorator to 2026-01-04 00:00:00+00:00, run_after=2026-01-05 00:00:00+00:00
[2026-01-05T17:17:46.511+0000] {processor.py:208} INFO - Processing /home/airflow/.local/lib/python3.12/site-packages/airflow/example_dags/example_short_circuit_decorator.py took 0.248 seconds
[2026-01-05T17:18:16.956+0000] {processor.py:186} INFO - Started process (PID=192) to work on /home/airflow/.local/lib/python3.12/site-packages/airflow/example_dags/example_short_circuit_decorator.py
[2026-01-05T17:18:16.961+0000] {processor.py:914} INFO - Processing file /home/airflow/.local/lib/python3.12/site-packages/airflow/example_dags/example_short_circuit_decorator.py for tasks to queue
[2026-01-05T17:18:16.972+0000] {logging_mixin.py:190} INFO - [2026-01-05T17:18:16.971+0000] {dagbag.py:587} INFO - Filling up the DagBag from /home/airflow/.local/lib/python3.12/site-packages/airflow/example_dags/example_short_circuit_decorator.py
[2026-01-05T17:18:17.002+0000] {processor.py:925} INFO - DAG(s) 'example_short_circuit_decorator' retrieved from /home/airflow/.local/lib/python3.12/site-packages/airflow/example_dags/example_short_circuit_decorator.py
[2026-01-05T17:18:17.141+0000] {logging_mixin.py:190} INFO - [2026-01-05T17:18:17.131+0000] {dag.py:3211} INFO - Sync 1 DAGs
[2026-01-05T17:18:17.218+0000] {logging_mixin.py:190} INFO - [2026-01-05T17:18:17.217+0000] {dag.py:4138} INFO - Setting next_dagrun for example_short_circuit_decorator to 2026-01-04 00:00:00+00:00, run_after=2026-01-05 00:00:00+00:00
[2026-01-05T17:18:17.300+0000] {processor.py:208} INFO - Processing /home/airflow/.local/lib/python3.12/site-packages/airflow/example_dags/example_short_circuit_decorator.py took 0.365 seconds
[2026-01-05T17:18:48.293+0000] {processor.py:186} INFO - Started process (PID=258) to work on /home/airflow/.local/lib/python3.12/site-packages/airflow/example_dags/example_short_circuit_decorator.py
[2026-01-05T17:18:48.295+0000] {processor.py:914} INFO - Processing file /home/airflow/.local/lib/python3.12/site-packages/airflow/example_dags/example_short_circuit_decorator.py for tasks to queue
[2026-01-05T17:18:48.297+0000] {logging_mixin.py:190} INFO - [2026-01-05T17:18:48.297+0000] {dagbag.py:587} INFO - Filling up the DagBag from /home/airflow/.local/lib/python3.12/site-packages/airflow/example_dags/example_short_circuit_decorator.py
[2026-01-05T17:18:48.306+0000] {processor.py:925} INFO - DAG(s) 'example_short_circuit_decorator' retrieved from /home/airflow/.local/lib/python3.12/site-packages/airflow/example_dags/example_short_circuit_decorator.py
[2026-01-05T17:18:48.339+0000] {logging_mixin.py:190} INFO - [2026-01-05T17:18:48.339+0000] {dag.py:3211} INFO - Sync 1 DAGs
[2026-01-05T17:18:48.368+0000] {logging_mixin.py:190} INFO - [2026-01-05T17:18:48.368+0000] {dag.py:4138} INFO - Setting next_dagrun for example_short_circuit_decorator to 2026-01-04 00:00:00+00:00, run_after=2026-01-05 00:00:00+00:00
[2026-01-05T17:18:48.396+0000] {processor.py:208} INFO - Processing /home/airflow/.local/lib/python3.12/site-packages/airflow/example_dags/example_short_circuit_decorator.py took 0.109 seconds
[2026-01-05T17:19:19.329+0000] {processor.py:186} INFO - Started process (PID=324) to work on /home/airflow/.local/lib/python3.12/site-packages/airflow/example_dags/example_short_circuit_decorator.py
[2026-01-05T17:19:19.331+0000] {processor.py:914} INFO - Processing file /home/airflow/.local/lib/python3.12/site-packages/airflow/example_dags/example_short_circuit_decorator.py for tasks to queue
[2026-01-05T17:19:19.340+0000] {logging_mixin.py:190} INFO - [2026-01-05T17:19:19.339+0000] {dagbag.py:587} INFO - Filling up the DagBag from /home/airflow/.local/lib/python3.12/site-packages/airflow/example_dags/example_short_circuit_decorator.py
[2026-01-05T17:19:19.365+0000] {processor.py:925} INFO - DAG(s) 'example_short_circuit_decorator' retrieved from /home/airflow/.local/lib/python3.12/site-packages/airflow/example_dags/example_short_circuit_decorator.py
[2026-01-05T17:19:19.417+0000] {logging_mixin.py:190} INFO - [2026-01-05T17:19:19.417+0000] {dag.py:3211} INFO - Sync 1 DAGs
[2026-01-05T17:19:19.491+0000] {logging_mixin.py:190} INFO - [2026-01-05T17:19:19.490+0000] {dag.py:4138} INFO - Setting next_dagrun for example_short_circuit_decorator to 2026-01-04 00:00:00+00:00, run_after=2026-01-05 00:00:00+00:00
[2026-01-05T17:19:19.549+0000] {processor.py:208} INFO - Processing /home/airflow/.local/lib/python3.12/site-packages/airflow/example_dags/example_short_circuit_decorator.py took 0.232 seconds
[2026-01-05T17:19:49.875+0000] {processor.py:186} INFO - Started process (PID=390) to work on /home/airflow/.local/lib/python3.12/site-packages/airflow/example_dags/example_short_circuit_decorator.py
[2026-01-05T17:19:49.878+0000] {processor.py:914} INFO - Processing file /home/airflow/.local/lib/python3.12/site-packages/airflow/example_dags/example_short_circuit_decorator.py for tasks to queue
[2026-01-05T17:19:49.881+0000] {logging_mixin.py:190} INFO - [2026-01-05T17:19:49.881+0000] {dagbag.py:587} INFO - Filling up the DagBag from /home/airflow/.local/lib/python3.12/site-packages/airflow/example_dags/example_short_circuit_decorator.py
[2026-01-05T17:19:49.889+0000] {processor.py:925} INFO - DAG(s) 'example_short_circuit_decorator' retrieved from /home/airflow/.local/lib/python3.12/site-packages/airflow/example_dags/example_short_circuit_decorator.py
[2026-01-05T17:19:49.930+0000] {logging_mixin.py:190} INFO - [2026-01-05T17:19:49.929+0000] {dag.py:3211} INFO - Sync 1 DAGs
[2026-01-05T17:19:49.961+0000] {logging_mixin.py:190} INFO - [2026-01-05T17:19:49.960+0000] {dag.py:4138} INFO - Setting next_dagrun for example_short_circuit_decorator to 2026-01-04 00:00:00+00:00, run_after=2026-01-05 00:00:00+00:00
[2026-01-05T17:19:49.987+0000] {processor.py:208} INFO - Processing /home/airflow/.local/lib/python3.12/site-packages/airflow/example_dags/example_short_circuit_decorator.py took 0.120 seconds
[2026-01-05T17:20:20.041+0000] {processor.py:186} INFO - Started process (PID=456) to work on /home/airflow/.local/lib/python3.12/site-packages/airflow/example_dags/example_short_circuit_decorator.py
[2026-01-05T17:20:20.043+0000] {processor.py:914} INFO - Processing file /home/airflow/.local/lib/python3.12/site-packages/airflow/example_dags/example_short_circuit_decorator.py for tasks to queue
[2026-01-05T17:20:20.046+0000] {logging_mixin.py:190} INFO - [2026-01-05T17:20:20.046+0000] {dagbag.py:587} INFO - Filling up the DagBag from /home/airflow/.local/lib/python3.12/site-packages/airflow/example_dags/example_short_circuit_decorator.py
[2026-01-05T17:20:20.058+0000] {processor.py:925} INFO - DAG(s) 'example_short_circuit_decorator' retrieved from /home/airflow/.local/lib/python3.12/site-packages/airflow/example_dags/example_short_circuit_decorator.py
[2026-01-05T17:20:20.087+0000] {logging_mixin.py:190} INFO - [2026-01-05T17:20:20.086+0000] {dag.py:3211} INFO - Sync 1 DAGs
[2026-01-05T17:20:20.113+0000] {logging_mixin.py:190} INFO - [2026-01-05T17:20:20.112+0000] {dag.py:4138} INFO - Setting next_dagrun for example_short_circuit_decorator to 2026-01-04 00:00:00+00:00, run_after=2026-01-05 00:00:00+00:00
[2026-01-05T17:20:20.135+0000] {processor.py:208} INFO - Processing /home/airflow/.local/lib/python3.12/site-packages/airflow/example_dags/example_short_circuit_decorator.py took 0.102 seconds
[2026-01-05T17:20:50.243+0000] {processor.py:186} INFO - Started process (PID=522) to work on /home/airflow/.local/lib/python3.12/site-packages/airflow/example_dags/example_short_circuit_decorator.py
[2026-01-05T17:20:50.245+0000] {processor.py:914} INFO - Processing file /home/airflow/.local/lib/python3.12/site-packages/airflow/example_dags/example_short_circuit_decorator.py for tasks to queue
[2026-01-05T17:20:50.251+0000] {logging_mixin.py:190} INFO - [2026-01-05T17:20:50.250+0000] {dagbag.py:587} INFO - Filling up the DagBag from /home/airflow/.local/lib/python3.12/site-packages/airflow/example_dags/example_short_circuit_decorator.py
[2026-01-05T17:20:50.264+0000] {processor.py:925} INFO - DAG(s) 'example_short_circuit_decorator' retrieved from /home/airflow/.local/lib/python3.12/site-packages/airflow/example_dags/example_short_circuit_decorator.py
[2026-01-05T17:20:50.302+0000] {logging_mixin.py:190} INFO - [2026-01-05T17:20:50.301+0000] {dag.py:3211} INFO - Sync 1 DAGs
[2026-01-05T17:20:50.334+0000] {logging_mixin.py:190} INFO - [2026-01-05T17:20:50.334+0000] {dag.py:4138} INFO - Setting next_dagrun for example_short_circuit_decorator to 2026-01-04 00:00:00+00:00, run_after=2026-01-05 00:00:00+00:00
[2026-01-05T17:20:50.358+0000] {processor.py:208} INFO - Processing /home/airflow/.local/lib/python3.12/site-packages/airflow/example_dags/example_short_circuit_decorator.py took 0.127 seconds
[2026-01-05T17:21:20.590+0000] {processor.py:186} INFO - Started process (PID=588) to work on /home/airflow/.local/lib/python3.12/site-packages/airflow/example_dags/example_short_circuit_decorator.py
[2026-01-05T17:21:20.592+0000] {processor.py:914} INFO - Processing file /home/airflow/.local/lib/python3.12/site-packages/airflow/example_dags/example_short_circuit_decorator.py for tasks to queue
[2026-01-05T17:21:20.594+0000] {logging_mixin.py:190} INFO - [2026-01-05T17:21:20.594+0000] {dagbag.py:587} INFO - Filling up the DagBag from /home/airflow/.local/lib/python3.12/site-packages/airflow/example_dags/example_short_circuit_decorator.py
[2026-01-05T17:21:20.603+0000] {processor.py:925} INFO - DAG(s) 'example_short_circuit_decorator' retrieved from /home/airflow/.local/lib/python3.12/site-packages/airflow/example_dags/example_short_circuit_decorator.py
[2026-01-05T17:21:20.629+0000] {logging_mixin.py:190} INFO - [2026-01-05T17:21:20.629+0000] {dag.py:3211} INFO - Sync 1 DAGs
[2026-01-05T17:21:20.654+0000] {logging_mixin.py:190} INFO - [2026-01-05T17:21:20.654+0000] {dag.py:4138} INFO - Setting next_dagrun for example_short_circuit_decorator to 2026-01-04 00:00:00+00:00, run_after=2026-01-05 00:00:00+00:00
[2026-01-05T17:21:20.673+0000] {processor.py:208} INFO - Processing /home/airflow/.local/lib/python3.12/site-packages/airflow/example_dags/example_short_circuit_decorator.py took 0.089 seconds
[2026-01-05T17:21:50.894+0000] {processor.py:186} INFO - Started process (PID=654) to work on /home/airflow/.local/lib/python3.12/site-packages/airflow/example_dags/example_short_circuit_decorator.py
[2026-01-05T17:21:50.896+0000] {processor.py:914} INFO - Processing file /home/airflow/.local/lib/python3.12/site-packages/airflow/example_dags/example_short_circuit_decorator.py for tasks to queue
[2026-01-05T17:21:50.898+0000] {logging_mixin.py:190} INFO - [2026-01-05T17:21:50.898+0000] {dagbag.py:587} INFO - Filling up the DagBag from /home/airflow/.local/lib/python3.12/site-packages/airflow/example_dags/example_short_circuit_decorator.py
[2026-01-05T17:21:50.906+0000] {processor.py:925} INFO - DAG(s) 'example_short_circuit_decorator' retrieved from /home/airflow/.local/lib/python3.12/site-packages/airflow/example_dags/example_short_circuit_decorator.py
[2026-01-05T17:21:50.933+0000] {logging_mixin.py:190} INFO - [2026-01-05T17:21:50.933+0000] {dag.py:3211} INFO - Sync 1 DAGs
[2026-01-05T17:21:50.954+0000] {logging_mixin.py:190} INFO - [2026-01-05T17:21:50.954+0000] {dag.py:4138} INFO - Setting next_dagrun for example_short_circuit_decorator to 2026-01-04 00:00:00+00:00, run_after=2026-01-05 00:00:00+00:00
[2026-01-05T17:21:50.976+0000] {processor.py:208} INFO - Processing /home/airflow/.local/lib/python3.12/site-packages/airflow/example_dags/example_short_circuit_decorator.py took 0.088 seconds
[2026-01-05T17:22:21.414+0000] {processor.py:186} INFO - Started process (PID=720) to work on /home/airflow/.local/lib/python3.12/site-packages/airflow/example_dags/example_short_circuit_decorator.py
[2026-01-05T17:22:21.415+0000] {processor.py:914} INFO - Processing file /home/airflow/.local/lib/python3.12/site-packages/airflow/example_dags/example_short_circuit_decorator.py for tasks to queue
[2026-01-05T17:22:21.418+0000] {logging_mixin.py:190} INFO - [2026-01-05T17:22:21.418+0000] {dagbag.py:587} INFO - Filling up the DagBag from /home/airflow/.local/lib/python3.12/site-packages/airflow/example_dags/example_short_circuit_decorator.py
[2026-01-05T17:22:21.431+0000] {processor.py:925} INFO - DAG(s) 'example_short_circuit_decorator' retrieved from /home/airflow/.local/lib/python3.12/site-packages/airflow/example_dags/example_short_circuit_decorator.py
[2026-01-05T17:22:21.458+0000] {logging_mixin.py:190} INFO - [2026-01-05T17:22:21.457+0000] {dag.py:3211} INFO - Sync 1 DAGs
[2026-01-05T17:22:21.486+0000] {logging_mixin.py:190} INFO - [2026-01-05T17:22:21.486+0000] {dag.py:4138} INFO - Setting next_dagrun for example_short_circuit_decorator to 2026-01-04 00:00:00+00:00, run_after=2026-01-05 00:00:00+00:00
[2026-01-05T17:22:21.504+0000] {processor.py:208} INFO - Processing /home/airflow/.local/lib/python3.12/site-packages/airflow/example_dags/example_short_circuit_decorator.py took 0.096 seconds
[2026-01-05T17:22:52.414+0000] {processor.py:186} INFO - Started process (PID=786) to work on /home/airflow/.local/lib/python3.12/site-packages/airflow/example_dags/example_short_circuit_decorator.py
[2026-01-05T17:22:52.416+0000] {processor.py:914} INFO - Processing file /home/airflow/.local/lib/python3.12/site-packages/airflow/example_dags/example_short_circuit_decorator.py for tasks to queue
[2026-01-05T17:22:52.419+0000] {logging_mixin.py:190} INFO - [2026-01-05T17:22:52.419+0000] {dagbag.py:587} INFO - Filling up the DagBag from /home/airflow/.local/lib/python3.12/site-packages/airflow/example_dags/example_short_circuit_decorator.py
[2026-01-05T17:22:52.427+0000] {processor.py:925} INFO - DAG(s) 'example_short_circuit_decorator' retrieved from /home/airflow/.local/lib/python3.12/site-packages/airflow/example_dags/example_short_circuit_decorator.py
[2026-01-05T17:22:52.454+0000] {logging_mixin.py:190} INFO - [2026-01-05T17:22:52.454+0000] {dag.py:3211} INFO - Sync 1 DAGs
[2026-01-05T17:22:52.480+0000] {logging_mixin.py:190} INFO - [2026-01-05T17:22:52.480+0000] {dag.py:4138} INFO - Setting next_dagrun for example_short_circuit_decorator to 2026-01-04 00:00:00+00:00, run_after=2026-01-05 00:00:00+00:00
[2026-01-05T17:22:52.503+0000] {processor.py:208} INFO - Processing /home/airflow/.local/lib/python3.12/site-packages/airflow/example_dags/example_short_circuit_decorator.py took 0.094 seconds
[2026-01-05T17:23:23.438+0000] {processor.py:186} INFO - Started process (PID=852) to work on /home/airflow/.local/lib/python3.12/site-packages/airflow/example_dags/example_short_circuit_decorator.py
[2026-01-05T17:23:23.439+0000] {processor.py:914} INFO - Processing file /home/airflow/.local/lib/python3.12/site-packages/airflow/example_dags/example_short_circuit_decorator.py for tasks to queue
[2026-01-05T17:23:23.443+0000] {logging_mixin.py:190} INFO - [2026-01-05T17:23:23.442+0000] {dagbag.py:587} INFO - Filling up the DagBag from /home/airflow/.local/lib/python3.12/site-packages/airflow/example_dags/example_short_circuit_decorator.py
[2026-01-05T17:23:23.458+0000] {processor.py:925} INFO - DAG(s) 'example_short_circuit_decorator' retrieved from /home/airflow/.local/lib/python3.12/site-packages/airflow/example_dags/example_short_circuit_decorator.py
[2026-01-05T17:23:23.491+0000] {logging_mixin.py:190} INFO - [2026-01-05T17:23:23.490+0000] {dag.py:3211} INFO - Sync 1 DAGs
[2026-01-05T17:23:23.524+0000] {logging_mixin.py:190} INFO - [2026-01-05T17:23:23.523+0000] {dag.py:4138} INFO - Setting next_dagrun for example_short_circuit_decorator to 2026-01-04 00:00:00+00:00, run_after=2026-01-05 00:00:00+00:00
[2026-01-05T17:23:23.542+0000] {processor.py:208} INFO - Processing /home/airflow/.local/lib/python3.12/site-packages/airflow/example_dags/example_short_circuit_decorator.py took 0.114 seconds
[2026-01-05T17:23:53.892+0000] {processor.py:186} INFO - Started process (PID=918) to work on /home/airflow/.local/lib/python3.12/site-packages/airflow/example_dags/example_short_circuit_decorator.py
[2026-01-05T17:23:53.894+0000] {processor.py:914} INFO - Processing file /home/airflow/.local/lib/python3.12/site-packages/airflow/example_dags/example_short_circuit_decorator.py for tasks to queue
[2026-01-05T17:23:53.899+0000] {logging_mixin.py:190} INFO - [2026-01-05T17:23:53.899+0000] {dagbag.py:587} INFO - Filling up the DagBag from /home/airflow/.local/lib/python3.12/site-packages/airflow/example_dags/example_short_circuit_decorator.py
[2026-01-05T17:23:53.909+0000] {processor.py:925} INFO - DAG(s) 'example_short_circuit_decorator' retrieved from /home/airflow/.local/lib/python3.12/site-packages/airflow/example_dags/example_short_circuit_decorator.py
[2026-01-05T17:23:53.936+0000] {logging_mixin.py:190} INFO - [2026-01-05T17:23:53.936+0000] {dag.py:3211} INFO - Sync 1 DAGs
[2026-01-05T17:23:53.962+0000] {logging_mixin.py:190} INFO - [2026-01-05T17:23:53.961+0000] {dag.py:4138} INFO - Setting next_dagrun for example_short_circuit_decorator to 2026-01-04 00:00:00+00:00, run_after=2026-01-05 00:00:00+00:00
[2026-01-05T17:23:53.986+0000] {processor.py:208} INFO - Processing /home/airflow/.local/lib/python3.12/site-packages/airflow/example_dags/example_short_circuit_decorator.py took 0.101 seconds
[2026-01-05T17:24:24.161+0000] {processor.py:186} INFO - Started process (PID=984) to work on /home/airflow/.local/lib/python3.12/site-packages/airflow/example_dags/example_short_circuit_decorator.py
[2026-01-05T17:24:24.162+0000] {processor.py:914} INFO - Processing file /home/airflow/.local/lib/python3.12/site-packages/airflow/example_dags/example_short_circuit_decorator.py for tasks to queue
[2026-01-05T17:24:24.166+0000] {logging_mixin.py:190} INFO - [2026-01-05T17:24:24.165+0000] {dagbag.py:587} INFO - Filling up the DagBag from /home/airflow/.local/lib/python3.12/site-packages/airflow/example_dags/example_short_circuit_decorator.py
[2026-01-05T17:24:24.176+0000] {processor.py:925} INFO - DAG(s) 'example_short_circuit_decorator' retrieved from /home/airflow/.local/lib/python3.12/site-packages/airflow/example_dags/example_short_circuit_decorator.py
[2026-01-05T17:24:24.204+0000] {logging_mixin.py:190} INFO - [2026-01-05T17:24:24.204+0000] {dag.py:3211} INFO - Sync 1 DAGs
[2026-01-05T17:24:24.228+0000] {logging_mixin.py:190} INFO - [2026-01-05T17:24:24.228+0000] {dag.py:4138} INFO - Setting next_dagrun for example_short_circuit_decorator to 2026-01-04 00:00:00+00:00, run_after=2026-01-05 00:00:00+00:00
[2026-01-05T17:24:24.253+0000] {processor.py:208} INFO - Processing /home/airflow/.local/lib/python3.12/site-packages/airflow/example_dags/example_short_circuit_decorator.py took 0.101 seconds
[2026-01-05T17:24:54.499+0000] {processor.py:186} INFO - Started process (PID=1050) to work on /home/airflow/.local/lib/python3.12/site-packages/airflow/example_dags/example_short_circuit_decorator.py
[2026-01-05T17:24:54.500+0000] {processor.py:914} INFO - Processing file /home/airflow/.local/lib/python3.12/site-packages/airflow/example_dags/example_short_circuit_decorator.py for tasks to queue
[2026-01-05T17:24:54.503+0000] {logging_mixin.py:190} INFO - [2026-01-05T17:24:54.503+0000] {dagbag.py:587} INFO - Filling up the DagBag from /home/airflow/.local/lib/python3.12/site-packages/airflow/example_dags/example_short_circuit_decorator.py
[2026-01-05T17:24:54.511+0000] {processor.py:925} INFO - DAG(s) 'example_short_circuit_decorator' retrieved from /home/airflow/.local/lib/python3.12/site-packages/airflow/example_dags/example_short_circuit_decorator.py
[2026-01-05T17:24:54.536+0000] {logging_mixin.py:190} INFO - [2026-01-05T17:24:54.536+0000] {dag.py:3211} INFO - Sync 1 DAGs
[2026-01-05T17:24:54.562+0000] {logging_mixin.py:190} INFO - [2026-01-05T17:24:54.562+0000] {dag.py:4138} INFO - Setting next_dagrun for example_short_circuit_decorator to 2026-01-04 00:00:00+00:00, run_after=2026-01-05 00:00:00+00:00
[2026-01-05T17:24:54.585+0000] {processor.py:208} INFO - Processing /home/airflow/.local/lib/python3.12/site-packages/airflow/example_dags/example_short_circuit_decorator.py took 0.093 seconds
[2026-01-05T17:25:24.755+0000] {processor.py:186} INFO - Started process (PID=1116) to work on /home/airflow/.local/lib/python3.12/site-packages/airflow/example_dags/example_short_circuit_decorator.py
[2026-01-05T17:25:24.756+0000] {processor.py:914} INFO - Processing file /home/airflow/.local/lib/python3.12/site-packages/airflow/example_dags/example_short_circuit_decorator.py for tasks to queue
[2026-01-05T17:25:24.759+0000] {logging_mixin.py:190} INFO - [2026-01-05T17:25:24.759+0000] {dagbag.py:587} INFO - Filling up the DagBag from /home/airflow/.local/lib/python3.12/site-packages/airflow/example_dags/example_short_circuit_decorator.py
[2026-01-05T17:25:24.771+0000] {processor.py:925} INFO - DAG(s) 'example_short_circuit_decorator' retrieved from /home/airflow/.local/lib/python3.12/site-packages/airflow/example_dags/example_short_circuit_decorator.py
[2026-01-05T17:25:24.798+0000] {logging_mixin.py:190} INFO - [2026-01-05T17:25:24.797+0000] {dag.py:3211} INFO - Sync 1 DAGs
[2026-01-05T17:25:24.828+0000] {logging_mixin.py:190} INFO - [2026-01-05T17:25:24.828+0000] {dag.py:4138} INFO - Setting next_dagrun for example_short_circuit_decorator to 2026-01-04 00:00:00+00:00, run_after=2026-01-05 00:00:00+00:00
[2026-01-05T17:25:24.856+0000] {processor.py:208} INFO - Processing /home/airflow/.local/lib/python3.12/site-packages/airflow/example_dags/example_short_circuit_decorator.py took 0.109 seconds
[2026-01-05T17:25:56.009+0000] {processor.py:186} INFO - Started process (PID=1182) to work on /home/airflow/.local/lib/python3.12/site-packages/airflow/example_dags/example_short_circuit_decorator.py
[2026-01-05T17:25:56.013+0000] {processor.py:914} INFO - Processing file /home/airflow/.local/lib/python3.12/site-packages/airflow/example_dags/example_short_circuit_decorator.py for tasks to queue
[2026-01-05T17:25:56.019+0000] {logging_mixin.py:190} INFO - [2026-01-05T17:25:56.018+0000] {dagbag.py:587} INFO - Filling up the DagBag from /home/airflow/.local/lib/python3.12/site-packages/airflow/example_dags/example_short_circuit_decorator.py
[2026-01-05T17:25:56.043+0000] {processor.py:925} INFO - DAG(s) 'example_short_circuit_decorator' retrieved from /home/airflow/.local/lib/python3.12/site-packages/airflow/example_dags/example_short_circuit_decorator.py
[2026-01-05T17:25:56.093+0000] {logging_mixin.py:190} INFO - [2026-01-05T17:25:56.093+0000] {dag.py:3211} INFO - Sync 1 DAGs
[2026-01-05T17:25:56.133+0000] {logging_mixin.py:190} INFO - [2026-01-05T17:25:56.132+0000] {dag.py:4138} INFO - Setting next_dagrun for example_short_circuit_decorator to 2026-01-04 00:00:00+00:00, run_after=2026-01-05 00:00:00+00:00
[2026-01-05T17:25:56.156+0000] {processor.py:208} INFO - Processing /home/airflow/.local/lib/python3.12/site-packages/airflow/example_dags/example_short_circuit_decorator.py took 0.164 seconds
[2026-01-05T17:26:26.237+0000] {processor.py:186} INFO - Started process (PID=1248) to work on /home/airflow/.local/lib/python3.12/site-packages/airflow/example_dags/example_short_circuit_decorator.py
[2026-01-05T17:26:26.239+0000] {processor.py:914} INFO - Processing file /home/airflow/.local/lib/python3.12/site-packages/airflow/example_dags/example_short_circuit_decorator.py for tasks to queue
[2026-01-05T17:26:26.242+0000] {logging_mixin.py:190} INFO - [2026-01-05T17:26:26.242+0000] {dagbag.py:587} INFO - Filling up the DagBag from /home/airflow/.local/lib/python3.12/site-packages/airflow/example_dags/example_short_circuit_decorator.py
[2026-01-05T17:26:26.253+0000] {processor.py:925} INFO - DAG(s) 'example_short_circuit_decorator' retrieved from /home/airflow/.local/lib/python3.12/site-packages/airflow/example_dags/example_short_circuit_decorator.py
[2026-01-05T17:26:26.281+0000] {logging_mixin.py:190} INFO - [2026-01-05T17:26:26.281+0000] {dag.py:3211} INFO - Sync 1 DAGs
[2026-01-05T17:26:26.300+0000] {logging_mixin.py:190} INFO - [2026-01-05T17:26:26.300+0000] {dag.py:4138} INFO - Setting next_dagrun for example_short_circuit_decorator to 2026-01-04 00:00:00+00:00, run_after=2026-01-05 00:00:00+00:00
[2026-01-05T17:26:26.322+0000] {processor.py:208} INFO - Processing /home/airflow/.local/lib/python3.12/site-packages/airflow/example_dags/example_short_circuit_decorator.py took 0.091 seconds
[2026-01-05T17:26:56.439+0000] {processor.py:186} INFO - Started process (PID=1314) to work on /home/airflow/.local/lib/python3.12/site-packages/airflow/example_dags/example_short_circuit_decorator.py
[2026-01-05T17:26:56.440+0000] {processor.py:914} INFO - Processing file /home/airflow/.local/lib/python3.12/site-packages/airflow/example_dags/example_short_circuit_decorator.py for tasks to queue
[2026-01-05T17:26:56.443+0000] {logging_mixin.py:190} INFO - [2026-01-05T17:26:56.443+0000] {dagbag.py:587} INFO - Filling up the DagBag from /home/airflow/.local/lib/python3.12/site-packages/airflow/example_dags/example_short_circuit_decorator.py
[2026-01-05T17:26:56.456+0000] {processor.py:925} INFO - DAG(s) 'example_short_circuit_decorator' retrieved from /home/airflow/.local/lib/python3.12/site-packages/airflow/example_dags/example_short_circuit_decorator.py
[2026-01-05T17:26:56.481+0000] {logging_mixin.py:190} INFO - [2026-01-05T17:26:56.481+0000] {dag.py:3211} INFO - Sync 1 DAGs
[2026-01-05T17:26:56.502+0000] {logging_mixin.py:190} INFO - [2026-01-05T17:26:56.502+0000] {dag.py:4138} INFO - Setting next_dagrun for example_short_circuit_decorator to 2026-01-04 00:00:00+00:00, run_after=2026-01-05 00:00:00+00:00
[2026-01-05T17:26:56.523+0000] {processor.py:208} INFO - Processing /home/airflow/.local/lib/python3.12/site-packages/airflow/example_dags/example_short_circuit_decorator.py took 0.092 seconds
[2026-01-05T17:27:26.914+0000] {processor.py:186} INFO - Started process (PID=1380) to work on /home/airflow/.local/lib/python3.12/site-packages/airflow/example_dags/example_short_circuit_decorator.py
[2026-01-05T17:27:26.915+0000] {processor.py:914} INFO - Processing file /home/airflow/.local/lib/python3.12/site-packages/airflow/example_dags/example_short_circuit_decorator.py for tasks to queue
[2026-01-05T17:27:26.920+0000] {logging_mixin.py:190} INFO - [2026-01-05T17:27:26.919+0000] {dagbag.py:587} INFO - Filling up the DagBag from /home/airflow/.local/lib/python3.12/site-packages/airflow/example_dags/example_short_circuit_decorator.py
[2026-01-05T17:27:26.934+0000] {processor.py:925} INFO - DAG(s) 'example_short_circuit_decorator' retrieved from /home/airflow/.local/lib/python3.12/site-packages/airflow/example_dags/example_short_circuit_decorator.py
[2026-01-05T17:27:26.982+0000] {logging_mixin.py:190} INFO - [2026-01-05T17:27:26.981+0000] {dag.py:3211} INFO - Sync 1 DAGs
[2026-01-05T17:27:27.010+0000] {logging_mixin.py:190} INFO - [2026-01-05T17:27:27.010+0000] {dag.py:4138} INFO - Setting next_dagrun for example_short_circuit_decorator to 2026-01-04 00:00:00+00:00, run_after=2026-01-05 00:00:00+00:00
[2026-01-05T17:27:27.045+0000] {processor.py:208} INFO - Processing /home/airflow/.local/lib/python3.12/site-packages/airflow/example_dags/example_short_circuit_decorator.py took 0.144 seconds
[2026-01-05T17:27:58.743+0000] {processor.py:186} INFO - Started process (PID=1452) to work on /home/airflow/.local/lib/python3.12/site-packages/airflow/example_dags/example_short_circuit_decorator.py
[2026-01-05T17:27:58.744+0000] {processor.py:914} INFO - Processing file /home/airflow/.local/lib/python3.12/site-packages/airflow/example_dags/example_short_circuit_decorator.py for tasks to queue
[2026-01-05T17:27:58.748+0000] {logging_mixin.py:190} INFO - [2026-01-05T17:27:58.748+0000] {dagbag.py:587} INFO - Filling up the DagBag from /home/airflow/.local/lib/python3.12/site-packages/airflow/example_dags/example_short_circuit_decorator.py
[2026-01-05T17:27:58.769+0000] {processor.py:925} INFO - DAG(s) 'example_short_circuit_decorator' retrieved from /home/airflow/.local/lib/python3.12/site-packages/airflow/example_dags/example_short_circuit_decorator.py
[2026-01-05T17:27:58.808+0000] {logging_mixin.py:190} INFO - [2026-01-05T17:27:58.808+0000] {dag.py:3211} INFO - Sync 1 DAGs
[2026-01-05T17:27:58.841+0000] {logging_mixin.py:190} INFO - [2026-01-05T17:27:58.841+0000] {dag.py:4138} INFO - Setting next_dagrun for example_short_circuit_decorator to 2026-01-04 00:00:00+00:00, run_after=2026-01-05 00:00:00+00:00
[2026-01-05T17:27:58.877+0000] {processor.py:208} INFO - Processing /home/airflow/.local/lib/python3.12/site-packages/airflow/example_dags/example_short_circuit_decorator.py took 0.144 seconds
[2026-01-05T17:28:29.117+0000] {processor.py:186} INFO - Started process (PID=1518) to work on /home/airflow/.local/lib/python3.12/site-packages/airflow/example_dags/example_short_circuit_decorator.py
[2026-01-05T17:28:29.120+0000] {processor.py:914} INFO - Processing file /home/airflow/.local/lib/python3.12/site-packages/airflow/example_dags/example_short_circuit_decorator.py for tasks to queue
[2026-01-05T17:28:29.126+0000] {logging_mixin.py:190} INFO - [2026-01-05T17:28:29.125+0000] {dagbag.py:587} INFO - Filling up the DagBag from /home/airflow/.local/lib/python3.12/site-packages/airflow/example_dags/example_short_circuit_decorator.py
[2026-01-05T17:28:29.141+0000] {processor.py:925} INFO - DAG(s) 'example_short_circuit_decorator' retrieved from /home/airflow/.local/lib/python3.12/site-packages/airflow/example_dags/example_short_circuit_decorator.py
[2026-01-05T17:28:29.178+0000] {logging_mixin.py:190} INFO - [2026-01-05T17:28:29.178+0000] {dag.py:3211} INFO - Sync 1 DAGs
[2026-01-05T17:28:29.206+0000] {logging_mixin.py:190} INFO - [2026-01-05T17:28:29.206+0000] {dag.py:4138} INFO - Setting next_dagrun for example_short_circuit_decorator to 2026-01-04 00:00:00+00:00, run_after=2026-01-05 00:00:00+00:00
[2026-01-05T17:28:29.228+0000] {processor.py:208} INFO - Processing /home/airflow/.local/lib/python3.12/site-packages/airflow/example_dags/example_short_circuit_decorator.py took 0.119 seconds
[2026-01-05T17:28:59.738+0000] {processor.py:186} INFO - Started process (PID=1584) to work on /home/airflow/.local/lib/python3.12/site-packages/airflow/example_dags/example_short_circuit_decorator.py
[2026-01-05T17:28:59.740+0000] {processor.py:914} INFO - Processing file /home/airflow/.local/lib/python3.12/site-packages/airflow/example_dags/example_short_circuit_decorator.py for tasks to queue
[2026-01-05T17:28:59.744+0000] {logging_mixin.py:190} INFO - [2026-01-05T17:28:59.743+0000] {dagbag.py:587} INFO - Filling up the DagBag from /home/airflow/.local/lib/python3.12/site-packages/airflow/example_dags/example_short_circuit_decorator.py
[2026-01-05T17:28:59.754+0000] {processor.py:925} INFO - DAG(s) 'example_short_circuit_decorator' retrieved from /home/airflow/.local/lib/python3.12/site-packages/airflow/example_dags/example_short_circuit_decorator.py
[2026-01-05T17:28:59.780+0000] {logging_mixin.py:190} INFO - [2026-01-05T17:28:59.780+0000] {dag.py:3211} INFO - Sync 1 DAGs
[2026-01-05T17:28:59.802+0000] {logging_mixin.py:190} INFO - [2026-01-05T17:28:59.802+0000] {dag.py:4138} INFO - Setting next_dagrun for example_short_circuit_decorator to 2026-01-04 00:00:00+00:00, run_after=2026-01-05 00:00:00+00:00
[2026-01-05T17:28:59.828+0000] {processor.py:208} INFO - Processing /home/airflow/.local/lib/python3.12/site-packages/airflow/example_dags/example_short_circuit_decorator.py took 0.097 seconds
[2026-01-05T17:29:30.420+0000] {processor.py:186} INFO - Started process (PID=1650) to work on /home/airflow/.local/lib/python3.12/site-packages/airflow/example_dags/example_short_circuit_decorator.py
[2026-01-05T17:29:30.422+0000] {processor.py:914} INFO - Processing file /home/airflow/.local/lib/python3.12/site-packages/airflow/example_dags/example_short_circuit_decorator.py for tasks to queue
[2026-01-05T17:29:30.425+0000] {logging_mixin.py:190} INFO - [2026-01-05T17:29:30.425+0000] {dagbag.py:587} INFO - Filling up the DagBag from /home/airflow/.local/lib/python3.12/site-packages/airflow/example_dags/example_short_circuit_decorator.py
[2026-01-05T17:29:30.437+0000] {processor.py:925} INFO - DAG(s) 'example_short_circuit_decorator' retrieved from /home/airflow/.local/lib/python3.12/site-packages/airflow/example_dags/example_short_circuit_decorator.py
[2026-01-05T17:29:30.473+0000] {logging_mixin.py:190} INFO - [2026-01-05T17:29:30.472+0000] {dag.py:3211} INFO - Sync 1 DAGs
[2026-01-05T17:29:30.502+0000] {logging_mixin.py:190} INFO - [2026-01-05T17:29:30.502+0000] {dag.py:4138} INFO - Setting next_dagrun for example_short_circuit_decorator to 2026-01-04 00:00:00+00:00, run_after=2026-01-05 00:00:00+00:00
[2026-01-05T17:29:30.526+0000] {processor.py:208} INFO - Processing /home/airflow/.local/lib/python3.12/site-packages/airflow/example_dags/example_short_circuit_decorator.py took 0.112 seconds
[2026-01-05T17:30:00.732+0000] {processor.py:186} INFO - Started process (PID=1716) to work on /home/airflow/.local/lib/python3.12/site-packages/airflow/example_dags/example_short_circuit_decorator.py
[2026-01-05T17:30:00.734+0000] {processor.py:914} INFO - Processing file /home/airflow/.local/lib/python3.12/site-packages/airflow/example_dags/example_short_circuit_decorator.py for tasks to queue
[2026-01-05T17:30:00.738+0000] {logging_mixin.py:190} INFO - [2026-01-05T17:30:00.738+0000] {dagbag.py:587} INFO - Filling up the DagBag from /home/airflow/.local/lib/python3.12/site-packages/airflow/example_dags/example_short_circuit_decorator.py
[2026-01-05T17:30:00.756+0000] {processor.py:925} INFO - DAG(s) 'example_short_circuit_decorator' retrieved from /home/airflow/.local/lib/python3.12/site-packages/airflow/example_dags/example_short_circuit_decorator.py
[2026-01-05T17:30:00.795+0000] {logging_mixin.py:190} INFO - [2026-01-05T17:30:00.795+0000] {dag.py:3211} INFO - Sync 1 DAGs
[2026-01-05T17:30:00.819+0000] {logging_mixin.py:190} INFO - [2026-01-05T17:30:00.819+0000] {dag.py:4138} INFO - Setting next_dagrun for example_short_circuit_decorator to 2026-01-04 00:00:00+00:00, run_after=2026-01-05 00:00:00+00:00
[2026-01-05T17:30:00.843+0000] {processor.py:208} INFO - Processing /home/airflow/.local/lib/python3.12/site-packages/airflow/example_dags/example_short_circuit_decorator.py took 0.120 seconds
[2026-01-05T17:30:31.523+0000] {processor.py:186} INFO - Started process (PID=1783) to work on /home/airflow/.local/lib/python3.12/site-packages/airflow/example_dags/example_short_circuit_decorator.py
[2026-01-05T17:30:31.526+0000] {processor.py:914} INFO - Processing file /home/airflow/.local/lib/python3.12/site-packages/airflow/example_dags/example_short_circuit_decorator.py for tasks to queue
[2026-01-05T17:30:31.530+0000] {logging_mixin.py:190} INFO - [2026-01-05T17:30:31.529+0000] {dagbag.py:587} INFO - Filling up the DagBag from /home/airflow/.local/lib/python3.12/site-packages/airflow/example_dags/example_short_circuit_decorator.py
[2026-01-05T17:30:31.541+0000] {processor.py:925} INFO - DAG(s) 'example_short_circuit_decorator' retrieved from /home/airflow/.local/lib/python3.12/site-packages/airflow/example_dags/example_short_circuit_decorator.py
[2026-01-05T17:30:31.564+0000] {logging_mixin.py:190} INFO - [2026-01-05T17:30:31.564+0000] {dag.py:3211} INFO - Sync 1 DAGs
[2026-01-05T17:30:31.601+0000] {logging_mixin.py:190} INFO - [2026-01-05T17:30:31.600+0000] {dag.py:4138} INFO - Setting next_dagrun for example_short_circuit_decorator to 2026-01-04 00:00:00+00:00, run_after=2026-01-05 00:00:00+00:00
[2026-01-05T17:30:31.628+0000] {processor.py:208} INFO - Processing /home/airflow/.local/lib/python3.12/site-packages/airflow/example_dags/example_short_circuit_decorator.py took 0.114 seconds
[2026-01-05T17:31:02.315+0000] {processor.py:186} INFO - Started process (PID=1849) to work on /home/airflow/.local/lib/python3.12/site-packages/airflow/example_dags/example_short_circuit_decorator.py
[2026-01-05T17:31:02.317+0000] {processor.py:914} INFO - Processing file /home/airflow/.local/lib/python3.12/site-packages/airflow/example_dags/example_short_circuit_decorator.py for tasks to queue
[2026-01-05T17:31:02.321+0000] {logging_mixin.py:190} INFO - [2026-01-05T17:31:02.321+0000] {dagbag.py:587} INFO - Filling up the DagBag from /home/airflow/.local/lib/python3.12/site-packages/airflow/example_dags/example_short_circuit_decorator.py
[2026-01-05T17:31:02.335+0000] {processor.py:925} INFO - DAG(s) 'example_short_circuit_decorator' retrieved from /home/airflow/.local/lib/python3.12/site-packages/airflow/example_dags/example_short_circuit_decorator.py
[2026-01-05T17:31:02.372+0000] {logging_mixin.py:190} INFO - [2026-01-05T17:31:02.372+0000] {dag.py:3211} INFO - Sync 1 DAGs
[2026-01-05T17:31:02.402+0000] {logging_mixin.py:190} INFO - [2026-01-05T17:31:02.401+0000] {dag.py:4138} INFO - Setting next_dagrun for example_short_circuit_decorator to 2026-01-04 00:00:00+00:00, run_after=2026-01-05 00:00:00+00:00
[2026-01-05T17:31:02.430+0000] {processor.py:208} INFO - Processing /home/airflow/.local/lib/python3.12/site-packages/airflow/example_dags/example_short_circuit_decorator.py took 0.123 seconds
[2026-01-05T17:31:32.764+0000] {processor.py:186} INFO - Started process (PID=1915) to work on /home/airflow/.local/lib/python3.12/site-packages/airflow/example_dags/example_short_circuit_decorator.py
[2026-01-05T17:31:32.766+0000] {processor.py:914} INFO - Processing file /home/airflow/.local/lib/python3.12/site-packages/airflow/example_dags/example_short_circuit_decorator.py for tasks to queue
[2026-01-05T17:31:32.772+0000] {logging_mixin.py:190} INFO - [2026-01-05T17:31:32.772+0000] {dagbag.py:587} INFO - Filling up the DagBag from /home/airflow/.local/lib/python3.12/site-packages/airflow/example_dags/example_short_circuit_decorator.py
[2026-01-05T17:31:32.784+0000] {processor.py:925} INFO - DAG(s) 'example_short_circuit_decorator' retrieved from /home/airflow/.local/lib/python3.12/site-packages/airflow/example_dags/example_short_circuit_decorator.py
[2026-01-05T17:31:32.815+0000] {logging_mixin.py:190} INFO - [2026-01-05T17:31:32.815+0000] {dag.py:3211} INFO - Sync 1 DAGs
[2026-01-05T17:31:32.846+0000] {logging_mixin.py:190} INFO - [2026-01-05T17:31:32.846+0000] {dag.py:4138} INFO - Setting next_dagrun for example_short_circuit_decorator to 2026-01-04 00:00:00+00:00, run_after=2026-01-05 00:00:00+00:00
[2026-01-05T17:31:32.869+0000] {processor.py:208} INFO - Processing /home/airflow/.local/lib/python3.12/site-packages/airflow/example_dags/example_short_circuit_decorator.py took 0.114 seconds
[2026-01-05T17:32:03.104+0000] {processor.py:186} INFO - Started process (PID=1981) to work on /home/airflow/.local/lib/python3.12/site-packages/airflow/example_dags/example_short_circuit_decorator.py
[2026-01-05T17:32:03.106+0000] {processor.py:914} INFO - Processing file /home/airflow/.local/lib/python3.12/site-packages/airflow/example_dags/example_short_circuit_decorator.py for tasks to queue
[2026-01-05T17:32:03.109+0000] {logging_mixin.py:190} INFO - [2026-01-05T17:32:03.109+0000] {dagbag.py:587} INFO - Filling up the DagBag from /home/airflow/.local/lib/python3.12/site-packages/airflow/example_dags/example_short_circuit_decorator.py
[2026-01-05T17:32:03.124+0000] {processor.py:925} INFO - DAG(s) 'example_short_circuit_decorator' retrieved from /home/airflow/.local/lib/python3.12/site-packages/airflow/example_dags/example_short_circuit_decorator.py
[2026-01-05T17:32:03.154+0000] {logging_mixin.py:190} INFO - [2026-01-05T17:32:03.154+0000] {dag.py:3211} INFO - Sync 1 DAGs
[2026-01-05T17:32:03.178+0000] {logging_mixin.py:190} INFO - [2026-01-05T17:32:03.178+0000] {dag.py:4138} INFO - Setting next_dagrun for example_short_circuit_decorator to 2026-01-04 00:00:00+00:00, run_after=2026-01-05 00:00:00+00:00
[2026-01-05T17:32:03.198+0000] {processor.py:208} INFO - Processing /home/airflow/.local/lib/python3.12/site-packages/airflow/example_dags/example_short_circuit_decorator.py took 0.103 seconds
[2026-01-05T17:32:33.771+0000] {processor.py:186} INFO - Started process (PID=2047) to work on /home/airflow/.local/lib/python3.12/site-packages/airflow/example_dags/example_short_circuit_decorator.py
[2026-01-05T17:32:33.772+0000] {processor.py:914} INFO - Processing file /home/airflow/.local/lib/python3.12/site-packages/airflow/example_dags/example_short_circuit_decorator.py for tasks to queue
[2026-01-05T17:32:33.777+0000] {logging_mixin.py:190} INFO - [2026-01-05T17:32:33.776+0000] {dagbag.py:587} INFO - Filling up the DagBag from /home/airflow/.local/lib/python3.12/site-packages/airflow/example_dags/example_short_circuit_decorator.py
[2026-01-05T17:32:33.786+0000] {processor.py:925} INFO - DAG(s) 'example_short_circuit_decorator' retrieved from /home/airflow/.local/lib/python3.12/site-packages/airflow/example_dags/example_short_circuit_decorator.py
[2026-01-05T17:32:33.813+0000] {logging_mixin.py:190} INFO - [2026-01-05T17:32:33.813+0000] {dag.py:3211} INFO - Sync 1 DAGs
[2026-01-05T17:32:33.839+0000] {logging_mixin.py:190} INFO - [2026-01-05T17:32:33.838+0000] {dag.py:4138} INFO - Setting next_dagrun for example_short_circuit_decorator to 2026-01-04 00:00:00+00:00, run_after=2026-01-05 00:00:00+00:00
[2026-01-05T17:32:33.862+0000] {processor.py:208} INFO - Processing /home/airflow/.local/lib/python3.12/site-packages/airflow/example_dags/example_short_circuit_decorator.py took 0.099 seconds
[2026-01-05T17:33:04.046+0000] {processor.py:186} INFO - Started process (PID=2113) to work on /home/airflow/.local/lib/python3.12/site-packages/airflow/example_dags/example_short_circuit_decorator.py
[2026-01-05T17:33:04.048+0000] {processor.py:914} INFO - Processing file /home/airflow/.local/lib/python3.12/site-packages/airflow/example_dags/example_short_circuit_decorator.py for tasks to queue
[2026-01-05T17:33:04.051+0000] {logging_mixin.py:190} INFO - [2026-01-05T17:33:04.051+0000] {dagbag.py:587} INFO - Filling up the DagBag from /home/airflow/.local/lib/python3.12/site-packages/airflow/example_dags/example_short_circuit_decorator.py
[2026-01-05T17:33:04.061+0000] {processor.py:925} INFO - DAG(s) 'example_short_circuit_decorator' retrieved from /home/airflow/.local/lib/python3.12/site-packages/airflow/example_dags/example_short_circuit_decorator.py
[2026-01-05T17:33:04.088+0000] {logging_mixin.py:190} INFO - [2026-01-05T17:33:04.087+0000] {dag.py:3211} INFO - Sync 1 DAGs
[2026-01-05T17:33:04.119+0000] {logging_mixin.py:190} INFO - [2026-01-05T17:33:04.118+0000] {dag.py:4138} INFO - Setting next_dagrun for example_short_circuit_decorator to 2026-01-04 00:00:00+00:00, run_after=2026-01-05 00:00:00+00:00
[2026-01-05T17:33:04.141+0000] {processor.py:208} INFO - Processing /home/airflow/.local/lib/python3.12/site-packages/airflow/example_dags/example_short_circuit_decorator.py took 0.102 seconds
[2026-01-05T17:33:34.316+0000] {processor.py:186} INFO - Started process (PID=2179) to work on /home/airflow/.local/lib/python3.12/site-packages/airflow/example_dags/example_short_circuit_decorator.py
[2026-01-05T17:33:34.318+0000] {processor.py:914} INFO - Processing file /home/airflow/.local/lib/python3.12/site-packages/airflow/example_dags/example_short_circuit_decorator.py for tasks to queue
[2026-01-05T17:33:34.320+0000] {logging_mixin.py:190} INFO - [2026-01-05T17:33:34.320+0000] {dagbag.py:587} INFO - Filling up the DagBag from /home/airflow/.local/lib/python3.12/site-packages/airflow/example_dags/example_short_circuit_decorator.py
[2026-01-05T17:33:34.334+0000] {processor.py:925} INFO - DAG(s) 'example_short_circuit_decorator' retrieved from /home/airflow/.local/lib/python3.12/site-packages/airflow/example_dags/example_short_circuit_decorator.py
[2026-01-05T17:33:34.371+0000] {logging_mixin.py:190} INFO - [2026-01-05T17:33:34.371+0000] {dag.py:3211} INFO - Sync 1 DAGs
[2026-01-05T17:33:34.407+0000] {logging_mixin.py:190} INFO - [2026-01-05T17:33:34.406+0000] {dag.py:4138} INFO - Setting next_dagrun for example_short_circuit_decorator to 2026-01-04 00:00:00+00:00, run_after=2026-01-05 00:00:00+00:00
[2026-01-05T17:33:34.433+0000] {processor.py:208} INFO - Processing /home/airflow/.local/lib/python3.12/site-packages/airflow/example_dags/example_short_circuit_decorator.py took 0.126 seconds
[2026-01-05T17:34:05.127+0000] {processor.py:186} INFO - Started process (PID=2245) to work on /home/airflow/.local/lib/python3.12/site-packages/airflow/example_dags/example_short_circuit_decorator.py
[2026-01-05T17:34:05.128+0000] {processor.py:914} INFO - Processing file /home/airflow/.local/lib/python3.12/site-packages/airflow/example_dags/example_short_circuit_decorator.py for tasks to queue
[2026-01-05T17:34:05.132+0000] {logging_mixin.py:190} INFO - [2026-01-05T17:34:05.131+0000] {dagbag.py:587} INFO - Filling up the DagBag from /home/airflow/.local/lib/python3.12/site-packages/airflow/example_dags/example_short_circuit_decorator.py
[2026-01-05T17:34:05.142+0000] {processor.py:925} INFO - DAG(s) 'example_short_circuit_decorator' retrieved from /home/airflow/.local/lib/python3.12/site-packages/airflow/example_dags/example_short_circuit_decorator.py
[2026-01-05T17:34:05.169+0000] {logging_mixin.py:190} INFO - [2026-01-05T17:34:05.169+0000] {dag.py:3211} INFO - Sync 1 DAGs
[2026-01-05T17:34:05.193+0000] {logging_mixin.py:190} INFO - [2026-01-05T17:34:05.193+0000] {dag.py:4138} INFO - Setting next_dagrun for example_short_circuit_decorator to 2026-01-04 00:00:00+00:00, run_after=2026-01-05 00:00:00+00:00
[2026-01-05T17:34:05.214+0000] {processor.py:208} INFO - Processing /home/airflow/.local/lib/python3.12/site-packages/airflow/example_dags/example_short_circuit_decorator.py took 0.094 seconds
[2026-01-05T17:34:35.855+0000] {processor.py:186} INFO - Started process (PID=2311) to work on /home/airflow/.local/lib/python3.12/site-packages/airflow/example_dags/example_short_circuit_decorator.py
[2026-01-05T17:34:35.857+0000] {processor.py:914} INFO - Processing file /home/airflow/.local/lib/python3.12/site-packages/airflow/example_dags/example_short_circuit_decorator.py for tasks to queue
[2026-01-05T17:34:35.860+0000] {logging_mixin.py:190} INFO - [2026-01-05T17:34:35.860+0000] {dagbag.py:587} INFO - Filling up the DagBag from /home/airflow/.local/lib/python3.12/site-packages/airflow/example_dags/example_short_circuit_decorator.py
[2026-01-05T17:34:35.869+0000] {processor.py:925} INFO - DAG(s) 'example_short_circuit_decorator' retrieved from /home/airflow/.local/lib/python3.12/site-packages/airflow/example_dags/example_short_circuit_decorator.py
[2026-01-05T17:34:35.895+0000] {logging_mixin.py:190} INFO - [2026-01-05T17:34:35.895+0000] {dag.py:3211} INFO - Sync 1 DAGs
[2026-01-05T17:34:35.923+0000] {logging_mixin.py:190} INFO - [2026-01-05T17:34:35.922+0000] {dag.py:4138} INFO - Setting next_dagrun for example_short_circuit_decorator to 2026-01-04 00:00:00+00:00, run_after=2026-01-05 00:00:00+00:00
[2026-01-05T17:34:35.941+0000] {processor.py:208} INFO - Processing /home/airflow/.local/lib/python3.12/site-packages/airflow/example_dags/example_short_circuit_decorator.py took 0.094 seconds
[2026-01-05T17:35:06.416+0000] {processor.py:186} INFO - Started process (PID=2377) to work on /home/airflow/.local/lib/python3.12/site-packages/airflow/example_dags/example_short_circuit_decorator.py
[2026-01-05T17:35:06.417+0000] {processor.py:914} INFO - Processing file /home/airflow/.local/lib/python3.12/site-packages/airflow/example_dags/example_short_circuit_decorator.py for tasks to queue
[2026-01-05T17:35:06.421+0000] {logging_mixin.py:190} INFO - [2026-01-05T17:35:06.420+0000] {dagbag.py:587} INFO - Filling up the DagBag from /home/airflow/.local/lib/python3.12/site-packages/airflow/example_dags/example_short_circuit_decorator.py
[2026-01-05T17:35:06.432+0000] {processor.py:925} INFO - DAG(s) 'example_short_circuit_decorator' retrieved from /home/airflow/.local/lib/python3.12/site-packages/airflow/example_dags/example_short_circuit_decorator.py
[2026-01-05T17:35:06.456+0000] {logging_mixin.py:190} INFO - [2026-01-05T17:35:06.456+0000] {dag.py:3211} INFO - Sync 1 DAGs
[2026-01-05T17:35:06.482+0000] {logging_mixin.py:190} INFO - [2026-01-05T17:35:06.481+0000] {dag.py:4138} INFO - Setting next_dagrun for example_short_circuit_decorator to 2026-01-04 00:00:00+00:00, run_after=2026-01-05 00:00:00+00:00
[2026-01-05T17:35:06.505+0000] {processor.py:208} INFO - Processing /home/airflow/.local/lib/python3.12/site-packages/airflow/example_dags/example_short_circuit_decorator.py took 0.098 seconds
[2026-01-05T17:35:37.269+0000] {processor.py:186} INFO - Started process (PID=2444) to work on /home/airflow/.local/lib/python3.12/site-packages/airflow/example_dags/example_short_circuit_decorator.py
[2026-01-05T17:35:37.271+0000] {processor.py:914} INFO - Processing file /home/airflow/.local/lib/python3.12/site-packages/airflow/example_dags/example_short_circuit_decorator.py for tasks to queue
[2026-01-05T17:35:37.275+0000] {logging_mixin.py:190} INFO - [2026-01-05T17:35:37.275+0000] {dagbag.py:587} INFO - Filling up the DagBag from /home/airflow/.local/lib/python3.12/site-packages/airflow/example_dags/example_short_circuit_decorator.py
[2026-01-05T17:35:37.291+0000] {processor.py:925} INFO - DAG(s) 'example_short_circuit_decorator' retrieved from /home/airflow/.local/lib/python3.12/site-packages/airflow/example_dags/example_short_circuit_decorator.py
[2026-01-05T17:35:37.334+0000] {logging_mixin.py:190} INFO - [2026-01-05T17:35:37.334+0000] {dag.py:3211} INFO - Sync 1 DAGs
[2026-01-05T17:35:37.376+0000] {logging_mixin.py:190} INFO - [2026-01-05T17:35:37.375+0000] {dag.py:4138} INFO - Setting next_dagrun for example_short_circuit_decorator to 2026-01-04 00:00:00+00:00, run_after=2026-01-05 00:00:00+00:00
[2026-01-05T17:35:37.419+0000] {processor.py:208} INFO - Processing /home/airflow/.local/lib/python3.12/site-packages/airflow/example_dags/example_short_circuit_decorator.py took 0.160 seconds
[2026-01-05T17:36:08.105+0000] {processor.py:186} INFO - Started process (PID=2510) to work on /home/airflow/.local/lib/python3.12/site-packages/airflow/example_dags/example_short_circuit_decorator.py
[2026-01-05T17:36:08.106+0000] {processor.py:914} INFO - Processing file /home/airflow/.local/lib/python3.12/site-packages/airflow/example_dags/example_short_circuit_decorator.py for tasks to queue
[2026-01-05T17:36:08.110+0000] {logging_mixin.py:190} INFO - [2026-01-05T17:36:08.110+0000] {dagbag.py:587} INFO - Filling up the DagBag from /home/airflow/.local/lib/python3.12/site-packages/airflow/example_dags/example_short_circuit_decorator.py
[2026-01-05T17:36:08.119+0000] {processor.py:925} INFO - DAG(s) 'example_short_circuit_decorator' retrieved from /home/airflow/.local/lib/python3.12/site-packages/airflow/example_dags/example_short_circuit_decorator.py
[2026-01-05T17:36:08.149+0000] {logging_mixin.py:190} INFO - [2026-01-05T17:36:08.148+0000] {dag.py:3211} INFO - Sync 1 DAGs
[2026-01-05T17:36:08.179+0000] {logging_mixin.py:190} INFO - [2026-01-05T17:36:08.178+0000] {dag.py:4138} INFO - Setting next_dagrun for example_short_circuit_decorator to 2026-01-04 00:00:00+00:00, run_after=2026-01-05 00:00:00+00:00
[2026-01-05T17:36:08.200+0000] {processor.py:208} INFO - Processing /home/airflow/.local/lib/python3.12/site-packages/airflow/example_dags/example_short_circuit_decorator.py took 0.101 seconds
[2026-01-05T17:36:38.846+0000] {processor.py:186} INFO - Started process (PID=2576) to work on /home/airflow/.local/lib/python3.12/site-packages/airflow/example_dags/example_short_circuit_decorator.py
[2026-01-05T17:36:38.847+0000] {processor.py:914} INFO - Processing file /home/airflow/.local/lib/python3.12/site-packages/airflow/example_dags/example_short_circuit_decorator.py for tasks to queue
[2026-01-05T17:36:38.851+0000] {logging_mixin.py:190} INFO - [2026-01-05T17:36:38.851+0000] {dagbag.py:587} INFO - Filling up the DagBag from /home/airflow/.local/lib/python3.12/site-packages/airflow/example_dags/example_short_circuit_decorator.py
[2026-01-05T17:36:38.866+0000] {processor.py:925} INFO - DAG(s) 'example_short_circuit_decorator' retrieved from /home/airflow/.local/lib/python3.12/site-packages/airflow/example_dags/example_short_circuit_decorator.py
[2026-01-05T17:36:38.895+0000] {logging_mixin.py:190} INFO - [2026-01-05T17:36:38.895+0000] {dag.py:3211} INFO - Sync 1 DAGs
[2026-01-05T17:36:38.921+0000] {logging_mixin.py:190} INFO - [2026-01-05T17:36:38.921+0000] {dag.py:4138} INFO - Setting next_dagrun for example_short_circuit_decorator to 2026-01-04 00:00:00+00:00, run_after=2026-01-05 00:00:00+00:00
[2026-01-05T17:36:38.943+0000] {processor.py:208} INFO - Processing /home/airflow/.local/lib/python3.12/site-packages/airflow/example_dags/example_short_circuit_decorator.py took 0.108 seconds
[2026-01-05T17:37:09.045+0000] {processor.py:186} INFO - Started process (PID=2642) to work on /home/airflow/.local/lib/python3.12/site-packages/airflow/example_dags/example_short_circuit_decorator.py
[2026-01-05T17:37:09.047+0000] {processor.py:914} INFO - Processing file /home/airflow/.local/lib/python3.12/site-packages/airflow/example_dags/example_short_circuit_decorator.py for tasks to queue
[2026-01-05T17:37:09.050+0000] {logging_mixin.py:190} INFO - [2026-01-05T17:37:09.050+0000] {dagbag.py:587} INFO - Filling up the DagBag from /home/airflow/.local/lib/python3.12/site-packages/airflow/example_dags/example_short_circuit_decorator.py
[2026-01-05T17:37:09.063+0000] {processor.py:925} INFO - DAG(s) 'example_short_circuit_decorator' retrieved from /home/airflow/.local/lib/python3.12/site-packages/airflow/example_dags/example_short_circuit_decorator.py
[2026-01-05T17:37:09.093+0000] {logging_mixin.py:190} INFO - [2026-01-05T17:37:09.092+0000] {dag.py:3211} INFO - Sync 1 DAGs
[2026-01-05T17:37:09.127+0000] {logging_mixin.py:190} INFO - [2026-01-05T17:37:09.127+0000] {dag.py:4138} INFO - Setting next_dagrun for example_short_circuit_decorator to 2026-01-04 00:00:00+00:00, run_after=2026-01-05 00:00:00+00:00
[2026-01-05T17:37:09.149+0000] {processor.py:208} INFO - Processing /home/airflow/.local/lib/python3.12/site-packages/airflow/example_dags/example_short_circuit_decorator.py took 0.114 seconds
[2026-01-05T17:37:39.746+0000] {processor.py:186} INFO - Started process (PID=2708) to work on /home/airflow/.local/lib/python3.12/site-packages/airflow/example_dags/example_short_circuit_decorator.py
[2026-01-05T17:37:39.747+0000] {processor.py:914} INFO - Processing file /home/airflow/.local/lib/python3.12/site-packages/airflow/example_dags/example_short_circuit_decorator.py for tasks to queue
[2026-01-05T17:37:39.751+0000] {logging_mixin.py:190} INFO - [2026-01-05T17:37:39.750+0000] {dagbag.py:587} INFO - Filling up the DagBag from /home/airflow/.local/lib/python3.12/site-packages/airflow/example_dags/example_short_circuit_decorator.py
[2026-01-05T17:37:39.764+0000] {processor.py:925} INFO - DAG(s) 'example_short_circuit_decorator' retrieved from /home/airflow/.local/lib/python3.12/site-packages/airflow/example_dags/example_short_circuit_decorator.py
[2026-01-05T17:37:39.794+0000] {logging_mixin.py:190} INFO - [2026-01-05T17:37:39.794+0000] {dag.py:3211} INFO - Sync 1 DAGs
[2026-01-05T17:37:39.820+0000] {logging_mixin.py:190} INFO - [2026-01-05T17:37:39.820+0000] {dag.py:4138} INFO - Setting next_dagrun for example_short_circuit_decorator to 2026-01-04 00:00:00+00:00, run_after=2026-01-05 00:00:00+00:00
[2026-01-05T17:37:39.844+0000] {processor.py:208} INFO - Processing /home/airflow/.local/lib/python3.12/site-packages/airflow/example_dags/example_short_circuit_decorator.py took 0.107 seconds
[2026-01-05T17:38:10.234+0000] {processor.py:186} INFO - Started process (PID=2774) to work on /home/airflow/.local/lib/python3.12/site-packages/airflow/example_dags/example_short_circuit_decorator.py
[2026-01-05T17:38:10.236+0000] {processor.py:914} INFO - Processing file /home/airflow/.local/lib/python3.12/site-packages/airflow/example_dags/example_short_circuit_decorator.py for tasks to queue
[2026-01-05T17:38:10.240+0000] {logging_mixin.py:190} INFO - [2026-01-05T17:38:10.240+0000] {dagbag.py:587} INFO - Filling up the DagBag from /home/airflow/.local/lib/python3.12/site-packages/airflow/example_dags/example_short_circuit_decorator.py
[2026-01-05T17:38:10.254+0000] {processor.py:925} INFO - DAG(s) 'example_short_circuit_decorator' retrieved from /home/airflow/.local/lib/python3.12/site-packages/airflow/example_dags/example_short_circuit_decorator.py
[2026-01-05T17:38:10.286+0000] {logging_mixin.py:190} INFO - [2026-01-05T17:38:10.286+0000] {dag.py:3211} INFO - Sync 1 DAGs
[2026-01-05T17:38:10.312+0000] {logging_mixin.py:190} INFO - [2026-01-05T17:38:10.312+0000] {dag.py:4138} INFO - Setting next_dagrun for example_short_circuit_decorator to 2026-01-04 00:00:00+00:00, run_after=2026-01-05 00:00:00+00:00
[2026-01-05T17:38:10.335+0000] {processor.py:208} INFO - Processing /home/airflow/.local/lib/python3.12/site-packages/airflow/example_dags/example_short_circuit_decorator.py took 0.108 seconds
[2026-01-05T17:38:40.932+0000] {processor.py:186} INFO - Started process (PID=2840) to work on /home/airflow/.local/lib/python3.12/site-packages/airflow/example_dags/example_short_circuit_decorator.py
[2026-01-05T17:38:40.933+0000] {processor.py:914} INFO - Processing file /home/airflow/.local/lib/python3.12/site-packages/airflow/example_dags/example_short_circuit_decorator.py for tasks to queue
[2026-01-05T17:38:40.936+0000] {logging_mixin.py:190} INFO - [2026-01-05T17:38:40.936+0000] {dagbag.py:587} INFO - Filling up the DagBag from /home/airflow/.local/lib/python3.12/site-packages/airflow/example_dags/example_short_circuit_decorator.py
[2026-01-05T17:38:40.946+0000] {processor.py:925} INFO - DAG(s) 'example_short_circuit_decorator' retrieved from /home/airflow/.local/lib/python3.12/site-packages/airflow/example_dags/example_short_circuit_decorator.py
[2026-01-05T17:38:40.972+0000] {logging_mixin.py:190} INFO - [2026-01-05T17:38:40.972+0000] {dag.py:3211} INFO - Sync 1 DAGs
[2026-01-05T17:38:41.013+0000] {logging_mixin.py:190} INFO - [2026-01-05T17:38:41.013+0000] {dag.py:4138} INFO - Setting next_dagrun for example_short_circuit_decorator to 2026-01-04 00:00:00+00:00, run_after=2026-01-05 00:00:00+00:00
[2026-01-05T17:38:41.045+0000] {processor.py:208} INFO - Processing /home/airflow/.local/lib/python3.12/site-packages/airflow/example_dags/example_short_circuit_decorator.py took 0.119 seconds
[2026-01-05T17:39:12.000+0000] {processor.py:186} INFO - Started process (PID=2906) to work on /home/airflow/.local/lib/python3.12/site-packages/airflow/example_dags/example_short_circuit_decorator.py
[2026-01-05T17:39:12.002+0000] {processor.py:914} INFO - Processing file /home/airflow/.local/lib/python3.12/site-packages/airflow/example_dags/example_short_circuit_decorator.py for tasks to queue
[2026-01-05T17:39:12.006+0000] {logging_mixin.py:190} INFO - [2026-01-05T17:39:12.006+0000] {dagbag.py:587} INFO - Filling up the DagBag from /home/airflow/.local/lib/python3.12/site-packages/airflow/example_dags/example_short_circuit_decorator.py
[2026-01-05T17:39:12.018+0000] {processor.py:925} INFO - DAG(s) 'example_short_circuit_decorator' retrieved from /home/airflow/.local/lib/python3.12/site-packages/airflow/example_dags/example_short_circuit_decorator.py
[2026-01-05T17:39:12.045+0000] {logging_mixin.py:190} INFO - [2026-01-05T17:39:12.044+0000] {dag.py:3211} INFO - Sync 1 DAGs
[2026-01-05T17:39:12.067+0000] {logging_mixin.py:190} INFO - [2026-01-05T17:39:12.067+0000] {dag.py:4138} INFO - Setting next_dagrun for example_short_circuit_decorator to 2026-01-04 00:00:00+00:00, run_after=2026-01-05 00:00:00+00:00
[2026-01-05T17:39:12.089+0000] {processor.py:208} INFO - Processing /home/airflow/.local/lib/python3.12/site-packages/airflow/example_dags/example_short_circuit_decorator.py took 0.098 seconds
[2026-01-05T17:39:42.616+0000] {processor.py:186} INFO - Started process (PID=2972) to work on /home/airflow/.local/lib/python3.12/site-packages/airflow/example_dags/example_short_circuit_decorator.py
[2026-01-05T17:39:42.618+0000] {processor.py:914} INFO - Processing file /home/airflow/.local/lib/python3.12/site-packages/airflow/example_dags/example_short_circuit_decorator.py for tasks to queue
[2026-01-05T17:39:42.621+0000] {logging_mixin.py:190} INFO - [2026-01-05T17:39:42.620+0000] {dagbag.py:587} INFO - Filling up the DagBag from /home/airflow/.local/lib/python3.12/site-packages/airflow/example_dags/example_short_circuit_decorator.py
[2026-01-05T17:39:42.631+0000] {processor.py:925} INFO - DAG(s) 'example_short_circuit_decorator' retrieved from /home/airflow/.local/lib/python3.12/site-packages/airflow/example_dags/example_short_circuit_decorator.py
[2026-01-05T17:39:42.654+0000] {logging_mixin.py:190} INFO - [2026-01-05T17:39:42.654+0000] {dag.py:3211} INFO - Sync 1 DAGs
[2026-01-05T17:39:42.687+0000] {logging_mixin.py:190} INFO - [2026-01-05T17:39:42.687+0000] {dag.py:4138} INFO - Setting next_dagrun for example_short_circuit_decorator to 2026-01-04 00:00:00+00:00, run_after=2026-01-05 00:00:00+00:00
[2026-01-05T17:39:42.710+0000] {processor.py:208} INFO - Processing /home/airflow/.local/lib/python3.12/site-packages/airflow/example_dags/example_short_circuit_decorator.py took 0.102 seconds
[2026-01-05T17:40:13.119+0000] {processor.py:186} INFO - Started process (PID=3038) to work on /home/airflow/.local/lib/python3.12/site-packages/airflow/example_dags/example_short_circuit_decorator.py
[2026-01-05T17:40:13.121+0000] {processor.py:914} INFO - Processing file /home/airflow/.local/lib/python3.12/site-packages/airflow/example_dags/example_short_circuit_decorator.py for tasks to queue
[2026-01-05T17:40:13.124+0000] {logging_mixin.py:190} INFO - [2026-01-05T17:40:13.123+0000] {dagbag.py:587} INFO - Filling up the DagBag from /home/airflow/.local/lib/python3.12/site-packages/airflow/example_dags/example_short_circuit_decorator.py
[2026-01-05T17:40:13.136+0000] {processor.py:925} INFO - DAG(s) 'example_short_circuit_decorator' retrieved from /home/airflow/.local/lib/python3.12/site-packages/airflow/example_dags/example_short_circuit_decorator.py
[2026-01-05T17:40:13.175+0000] {logging_mixin.py:190} INFO - [2026-01-05T17:40:13.175+0000] {dag.py:3211} INFO - Sync 1 DAGs
[2026-01-05T17:40:13.230+0000] {logging_mixin.py:190} INFO - [2026-01-05T17:40:13.229+0000] {dag.py:4138} INFO - Setting next_dagrun for example_short_circuit_decorator to 2026-01-04 00:00:00+00:00, run_after=2026-01-05 00:00:00+00:00
[2026-01-05T17:40:13.265+0000] {processor.py:208} INFO - Processing /home/airflow/.local/lib/python3.12/site-packages/airflow/example_dags/example_short_circuit_decorator.py took 0.155 seconds
[2026-01-05T17:40:43.371+0000] {processor.py:186} INFO - Started process (PID=3104) to work on /home/airflow/.local/lib/python3.12/site-packages/airflow/example_dags/example_short_circuit_decorator.py
[2026-01-05T17:40:43.373+0000] {processor.py:914} INFO - Processing file /home/airflow/.local/lib/python3.12/site-packages/airflow/example_dags/example_short_circuit_decorator.py for tasks to queue
[2026-01-05T17:40:43.375+0000] {logging_mixin.py:190} INFO - [2026-01-05T17:40:43.375+0000] {dagbag.py:587} INFO - Filling up the DagBag from /home/airflow/.local/lib/python3.12/site-packages/airflow/example_dags/example_short_circuit_decorator.py
[2026-01-05T17:40:43.385+0000] {processor.py:925} INFO - DAG(s) 'example_short_circuit_decorator' retrieved from /home/airflow/.local/lib/python3.12/site-packages/airflow/example_dags/example_short_circuit_decorator.py
[2026-01-05T17:40:43.416+0000] {logging_mixin.py:190} INFO - [2026-01-05T17:40:43.416+0000] {dag.py:3211} INFO - Sync 1 DAGs
[2026-01-05T17:40:43.447+0000] {logging_mixin.py:190} INFO - [2026-01-05T17:40:43.447+0000] {dag.py:4138} INFO - Setting next_dagrun for example_short_circuit_decorator to 2026-01-04 00:00:00+00:00, run_after=2026-01-05 00:00:00+00:00
[2026-01-05T17:40:43.470+0000] {processor.py:208} INFO - Processing /home/airflow/.local/lib/python3.12/site-packages/airflow/example_dags/example_short_circuit_decorator.py took 0.109 seconds
[2026-01-05T17:41:13.599+0000] {processor.py:186} INFO - Started process (PID=3170) to work on /home/airflow/.local/lib/python3.12/site-packages/airflow/example_dags/example_short_circuit_decorator.py
[2026-01-05T17:41:13.607+0000] {processor.py:914} INFO - Processing file /home/airflow/.local/lib/python3.12/site-packages/airflow/example_dags/example_short_circuit_decorator.py for tasks to queue
[2026-01-05T17:41:13.611+0000] {logging_mixin.py:190} INFO - [2026-01-05T17:41:13.611+0000] {dagbag.py:587} INFO - Filling up the DagBag from /home/airflow/.local/lib/python3.12/site-packages/airflow/example_dags/example_short_circuit_decorator.py
[2026-01-05T17:41:13.634+0000] {processor.py:925} INFO - DAG(s) 'example_short_circuit_decorator' retrieved from /home/airflow/.local/lib/python3.12/site-packages/airflow/example_dags/example_short_circuit_decorator.py
[2026-01-05T17:41:13.667+0000] {logging_mixin.py:190} INFO - [2026-01-05T17:41:13.667+0000] {dag.py:3211} INFO - Sync 1 DAGs
[2026-01-05T17:41:13.704+0000] {logging_mixin.py:190} INFO - [2026-01-05T17:41:13.704+0000] {dag.py:4138} INFO - Setting next_dagrun for example_short_circuit_decorator to 2026-01-04 00:00:00+00:00, run_after=2026-01-05 00:00:00+00:00
[2026-01-05T17:41:13.735+0000] {processor.py:208} INFO - Processing /home/airflow/.local/lib/python3.12/site-packages/airflow/example_dags/example_short_circuit_decorator.py took 0.144 seconds
[2026-01-05T17:41:44.010+0000] {processor.py:186} INFO - Started process (PID=3236) to work on /home/airflow/.local/lib/python3.12/site-packages/airflow/example_dags/example_short_circuit_decorator.py
[2026-01-05T17:41:44.012+0000] {processor.py:914} INFO - Processing file /home/airflow/.local/lib/python3.12/site-packages/airflow/example_dags/example_short_circuit_decorator.py for tasks to queue
[2026-01-05T17:41:44.015+0000] {logging_mixin.py:190} INFO - [2026-01-05T17:41:44.015+0000] {dagbag.py:587} INFO - Filling up the DagBag from /home/airflow/.local/lib/python3.12/site-packages/airflow/example_dags/example_short_circuit_decorator.py
[2026-01-05T17:41:44.027+0000] {processor.py:925} INFO - DAG(s) 'example_short_circuit_decorator' retrieved from /home/airflow/.local/lib/python3.12/site-packages/airflow/example_dags/example_short_circuit_decorator.py
[2026-01-05T17:41:44.051+0000] {logging_mixin.py:190} INFO - [2026-01-05T17:41:44.051+0000] {dag.py:3211} INFO - Sync 1 DAGs
[2026-01-05T17:41:44.078+0000] {logging_mixin.py:190} INFO - [2026-01-05T17:41:44.078+0000] {dag.py:4138} INFO - Setting next_dagrun for example_short_circuit_decorator to 2026-01-04 00:00:00+00:00, run_after=2026-01-05 00:00:00+00:00
[2026-01-05T17:41:44.105+0000] {processor.py:208} INFO - Processing /home/airflow/.local/lib/python3.12/site-packages/airflow/example_dags/example_short_circuit_decorator.py took 0.103 seconds
[2026-01-05T17:42:14.445+0000] {processor.py:186} INFO - Started process (PID=3302) to work on /home/airflow/.local/lib/python3.12/site-packages/airflow/example_dags/example_short_circuit_decorator.py
[2026-01-05T17:42:14.447+0000] {processor.py:914} INFO - Processing file /home/airflow/.local/lib/python3.12/site-packages/airflow/example_dags/example_short_circuit_decorator.py for tasks to queue
[2026-01-05T17:42:14.450+0000] {logging_mixin.py:190} INFO - [2026-01-05T17:42:14.450+0000] {dagbag.py:587} INFO - Filling up the DagBag from /home/airflow/.local/lib/python3.12/site-packages/airflow/example_dags/example_short_circuit_decorator.py
[2026-01-05T17:42:14.465+0000] {processor.py:925} INFO - DAG(s) 'example_short_circuit_decorator' retrieved from /home/airflow/.local/lib/python3.12/site-packages/airflow/example_dags/example_short_circuit_decorator.py
[2026-01-05T17:42:14.501+0000] {logging_mixin.py:190} INFO - [2026-01-05T17:42:14.500+0000] {dag.py:3211} INFO - Sync 1 DAGs
[2026-01-05T17:42:14.539+0000] {logging_mixin.py:190} INFO - [2026-01-05T17:42:14.539+0000] {dag.py:4138} INFO - Setting next_dagrun for example_short_circuit_decorator to 2026-01-04 00:00:00+00:00, run_after=2026-01-05 00:00:00+00:00
[2026-01-05T17:42:14.565+0000] {processor.py:208} INFO - Processing /home/airflow/.local/lib/python3.12/site-packages/airflow/example_dags/example_short_circuit_decorator.py took 0.130 seconds
[2026-01-05T17:42:44.958+0000] {processor.py:186} INFO - Started process (PID=3368) to work on /home/airflow/.local/lib/python3.12/site-packages/airflow/example_dags/example_short_circuit_decorator.py
[2026-01-05T17:42:44.960+0000] {processor.py:914} INFO - Processing file /home/airflow/.local/lib/python3.12/site-packages/airflow/example_dags/example_short_circuit_decorator.py for tasks to queue
[2026-01-05T17:42:44.963+0000] {logging_mixin.py:190} INFO - [2026-01-05T17:42:44.963+0000] {dagbag.py:587} INFO - Filling up the DagBag from /home/airflow/.local/lib/python3.12/site-packages/airflow/example_dags/example_short_circuit_decorator.py
[2026-01-05T17:42:44.979+0000] {processor.py:925} INFO - DAG(s) 'example_short_circuit_decorator' retrieved from /home/airflow/.local/lib/python3.12/site-packages/airflow/example_dags/example_short_circuit_decorator.py
[2026-01-05T17:42:45.013+0000] {logging_mixin.py:190} INFO - [2026-01-05T17:42:45.013+0000] {dag.py:3211} INFO - Sync 1 DAGs
[2026-01-05T17:42:45.048+0000] {logging_mixin.py:190} INFO - [2026-01-05T17:42:45.048+0000] {dag.py:4138} INFO - Setting next_dagrun for example_short_circuit_decorator to 2026-01-04 00:00:00+00:00, run_after=2026-01-05 00:00:00+00:00
[2026-01-05T17:42:45.071+0000] {processor.py:208} INFO - Processing /home/airflow/.local/lib/python3.12/site-packages/airflow/example_dags/example_short_circuit_decorator.py took 0.122 seconds
[2026-01-05T17:43:15.185+0000] {processor.py:186} INFO - Started process (PID=3434) to work on /home/airflow/.local/lib/python3.12/site-packages/airflow/example_dags/example_short_circuit_decorator.py
[2026-01-05T17:43:15.187+0000] {processor.py:914} INFO - Processing file /home/airflow/.local/lib/python3.12/site-packages/airflow/example_dags/example_short_circuit_decorator.py for tasks to queue
[2026-01-05T17:43:15.191+0000] {logging_mixin.py:190} INFO - [2026-01-05T17:43:15.190+0000] {dagbag.py:587} INFO - Filling up the DagBag from /home/airflow/.local/lib/python3.12/site-packages/airflow/example_dags/example_short_circuit_decorator.py
[2026-01-05T17:43:15.203+0000] {processor.py:925} INFO - DAG(s) 'example_short_circuit_decorator' retrieved from /home/airflow/.local/lib/python3.12/site-packages/airflow/example_dags/example_short_circuit_decorator.py
[2026-01-05T17:43:15.232+0000] {logging_mixin.py:190} INFO - [2026-01-05T17:43:15.231+0000] {dag.py:3211} INFO - Sync 1 DAGs
[2026-01-05T17:43:15.277+0000] {logging_mixin.py:190} INFO - [2026-01-05T17:43:15.276+0000] {dag.py:4138} INFO - Setting next_dagrun for example_short_circuit_decorator to 2026-01-04 00:00:00+00:00, run_after=2026-01-05 00:00:00+00:00
[2026-01-05T17:43:15.302+0000] {processor.py:208} INFO - Processing /home/airflow/.local/lib/python3.12/site-packages/airflow/example_dags/example_short_circuit_decorator.py took 0.126 seconds
[2026-01-05T17:43:45.390+0000] {processor.py:186} INFO - Started process (PID=3500) to work on /home/airflow/.local/lib/python3.12/site-packages/airflow/example_dags/example_short_circuit_decorator.py
[2026-01-05T17:43:45.392+0000] {processor.py:914} INFO - Processing file /home/airflow/.local/lib/python3.12/site-packages/airflow/example_dags/example_short_circuit_decorator.py for tasks to queue
[2026-01-05T17:43:45.395+0000] {logging_mixin.py:190} INFO - [2026-01-05T17:43:45.394+0000] {dagbag.py:587} INFO - Filling up the DagBag from /home/airflow/.local/lib/python3.12/site-packages/airflow/example_dags/example_short_circuit_decorator.py
[2026-01-05T17:43:45.406+0000] {processor.py:925} INFO - DAG(s) 'example_short_circuit_decorator' retrieved from /home/airflow/.local/lib/python3.12/site-packages/airflow/example_dags/example_short_circuit_decorator.py
[2026-01-05T17:43:45.437+0000] {logging_mixin.py:190} INFO - [2026-01-05T17:43:45.437+0000] {dag.py:3211} INFO - Sync 1 DAGs
[2026-01-05T17:43:45.466+0000] {logging_mixin.py:190} INFO - [2026-01-05T17:43:45.466+0000] {dag.py:4138} INFO - Setting next_dagrun for example_short_circuit_decorator to 2026-01-04 00:00:00+00:00, run_after=2026-01-05 00:00:00+00:00
[2026-01-05T17:43:45.496+0000] {processor.py:208} INFO - Processing /home/airflow/.local/lib/python3.12/site-packages/airflow/example_dags/example_short_circuit_decorator.py took 0.114 seconds
[2026-01-05T17:44:16.149+0000] {processor.py:186} INFO - Started process (PID=3566) to work on /home/airflow/.local/lib/python3.12/site-packages/airflow/example_dags/example_short_circuit_decorator.py
[2026-01-05T17:44:16.153+0000] {processor.py:914} INFO - Processing file /home/airflow/.local/lib/python3.12/site-packages/airflow/example_dags/example_short_circuit_decorator.py for tasks to queue
[2026-01-05T17:44:16.157+0000] {logging_mixin.py:190} INFO - [2026-01-05T17:44:16.156+0000] {dagbag.py:587} INFO - Filling up the DagBag from /home/airflow/.local/lib/python3.12/site-packages/airflow/example_dags/example_short_circuit_decorator.py
[2026-01-05T17:44:16.171+0000] {processor.py:925} INFO - DAG(s) 'example_short_circuit_decorator' retrieved from /home/airflow/.local/lib/python3.12/site-packages/airflow/example_dags/example_short_circuit_decorator.py
[2026-01-05T17:44:16.201+0000] {logging_mixin.py:190} INFO - [2026-01-05T17:44:16.201+0000] {dag.py:3211} INFO - Sync 1 DAGs
[2026-01-05T17:44:16.229+0000] {logging_mixin.py:190} INFO - [2026-01-05T17:44:16.228+0000] {dag.py:4138} INFO - Setting next_dagrun for example_short_circuit_decorator to 2026-01-04 00:00:00+00:00, run_after=2026-01-05 00:00:00+00:00
[2026-01-05T17:44:16.254+0000] {processor.py:208} INFO - Processing /home/airflow/.local/lib/python3.12/site-packages/airflow/example_dags/example_short_circuit_decorator.py took 0.114 seconds
[2026-01-05T17:44:46.685+0000] {processor.py:186} INFO - Started process (PID=3633) to work on /home/airflow/.local/lib/python3.12/site-packages/airflow/example_dags/example_short_circuit_decorator.py
[2026-01-05T17:44:46.687+0000] {processor.py:914} INFO - Processing file /home/airflow/.local/lib/python3.12/site-packages/airflow/example_dags/example_short_circuit_decorator.py for tasks to queue
[2026-01-05T17:44:46.693+0000] {logging_mixin.py:190} INFO - [2026-01-05T17:44:46.692+0000] {dagbag.py:587} INFO - Filling up the DagBag from /home/airflow/.local/lib/python3.12/site-packages/airflow/example_dags/example_short_circuit_decorator.py
[2026-01-05T17:44:46.709+0000] {processor.py:925} INFO - DAG(s) 'example_short_circuit_decorator' retrieved from /home/airflow/.local/lib/python3.12/site-packages/airflow/example_dags/example_short_circuit_decorator.py
[2026-01-05T17:44:46.741+0000] {logging_mixin.py:190} INFO - [2026-01-05T17:44:46.741+0000] {dag.py:3211} INFO - Sync 1 DAGs
[2026-01-05T17:44:46.771+0000] {logging_mixin.py:190} INFO - [2026-01-05T17:44:46.771+0000] {dag.py:4138} INFO - Setting next_dagrun for example_short_circuit_decorator to 2026-01-04 00:00:00+00:00, run_after=2026-01-05 00:00:00+00:00
[2026-01-05T17:44:46.803+0000] {processor.py:208} INFO - Processing /home/airflow/.local/lib/python3.12/site-packages/airflow/example_dags/example_short_circuit_decorator.py took 0.128 seconds
