[2026-01-05T17:17:51.326+0000] {processor.py:186} INFO - Started process (PID=145) to work on /home/airflow/.local/lib/python3.12/site-packages/airflow/example_dags/example_dynamic_task_mapping_with_no_taskflow_operators.py
[2026-01-05T17:17:51.328+0000] {processor.py:914} INFO - Processing file /home/airflow/.local/lib/python3.12/site-packages/airflow/example_dags/example_dynamic_task_mapping_with_no_taskflow_operators.py for tasks to queue
[2026-01-05T17:17:51.335+0000] {logging_mixin.py:190} INFO - [2026-01-05T17:17:51.334+0000] {dagbag.py:587} INFO - Filling up the DagBag from /home/airflow/.local/lib/python3.12/site-packages/airflow/example_dags/example_dynamic_task_mapping_with_no_taskflow_operators.py
[2026-01-05T17:17:51.357+0000] {processor.py:925} INFO - DAG(s) 'example_dynamic_task_mapping_with_no_taskflow_operators' retrieved from /home/airflow/.local/lib/python3.12/site-packages/airflow/example_dags/example_dynamic_task_mapping_with_no_taskflow_operators.py
[2026-01-05T17:17:51.408+0000] {logging_mixin.py:190} INFO - [2026-01-05T17:17:51.408+0000] {dag.py:3211} INFO - Sync 1 DAGs
[2026-01-05T17:17:51.493+0000] {logging_mixin.py:190} INFO - [2026-01-05T17:17:51.492+0000] {dag.py:4138} INFO - Setting next_dagrun for example_dynamic_task_mapping_with_no_taskflow_operators to 2026-01-04 00:00:00+00:00, run_after=2026-01-05 00:00:00+00:00
[2026-01-05T17:17:51.554+0000] {processor.py:208} INFO - Processing /home/airflow/.local/lib/python3.12/site-packages/airflow/example_dags/example_dynamic_task_mapping_with_no_taskflow_operators.py took 0.243 seconds
[2026-01-05T17:18:25.739+0000] {processor.py:186} INFO - Started process (PID=218) to work on /home/airflow/.local/lib/python3.12/site-packages/airflow/example_dags/example_dynamic_task_mapping_with_no_taskflow_operators.py
[2026-01-05T17:18:25.743+0000] {processor.py:914} INFO - Processing file /home/airflow/.local/lib/python3.12/site-packages/airflow/example_dags/example_dynamic_task_mapping_with_no_taskflow_operators.py for tasks to queue
[2026-01-05T17:18:25.750+0000] {logging_mixin.py:190} INFO - [2026-01-05T17:18:25.749+0000] {dagbag.py:587} INFO - Filling up the DagBag from /home/airflow/.local/lib/python3.12/site-packages/airflow/example_dags/example_dynamic_task_mapping_with_no_taskflow_operators.py
[2026-01-05T17:18:25.802+0000] {processor.py:925} INFO - DAG(s) 'example_dynamic_task_mapping_with_no_taskflow_operators' retrieved from /home/airflow/.local/lib/python3.12/site-packages/airflow/example_dags/example_dynamic_task_mapping_with_no_taskflow_operators.py
[2026-01-05T17:18:25.949+0000] {logging_mixin.py:190} INFO - [2026-01-05T17:18:25.949+0000] {dag.py:3211} INFO - Sync 1 DAGs
[2026-01-05T17:18:26.099+0000] {logging_mixin.py:190} INFO - [2026-01-05T17:18:26.098+0000] {dag.py:4138} INFO - Setting next_dagrun for example_dynamic_task_mapping_with_no_taskflow_operators to 2026-01-04 00:00:00+00:00, run_after=2026-01-05 00:00:00+00:00
[2026-01-05T17:18:26.190+0000] {processor.py:208} INFO - Processing /home/airflow/.local/lib/python3.12/site-packages/airflow/example_dags/example_dynamic_task_mapping_with_no_taskflow_operators.py took 0.511 seconds
[2026-01-05T17:18:56.678+0000] {processor.py:186} INFO - Started process (PID=284) to work on /home/airflow/.local/lib/python3.12/site-packages/airflow/example_dags/example_dynamic_task_mapping_with_no_taskflow_operators.py
[2026-01-05T17:18:56.687+0000] {processor.py:914} INFO - Processing file /home/airflow/.local/lib/python3.12/site-packages/airflow/example_dags/example_dynamic_task_mapping_with_no_taskflow_operators.py for tasks to queue
[2026-01-05T17:18:56.691+0000] {logging_mixin.py:190} INFO - [2026-01-05T17:18:56.691+0000] {dagbag.py:587} INFO - Filling up the DagBag from /home/airflow/.local/lib/python3.12/site-packages/airflow/example_dags/example_dynamic_task_mapping_with_no_taskflow_operators.py
[2026-01-05T17:18:56.705+0000] {processor.py:925} INFO - DAG(s) 'example_dynamic_task_mapping_with_no_taskflow_operators' retrieved from /home/airflow/.local/lib/python3.12/site-packages/airflow/example_dags/example_dynamic_task_mapping_with_no_taskflow_operators.py
[2026-01-05T17:18:56.738+0000] {logging_mixin.py:190} INFO - [2026-01-05T17:18:56.737+0000] {dag.py:3211} INFO - Sync 1 DAGs
[2026-01-05T17:18:56.776+0000] {logging_mixin.py:190} INFO - [2026-01-05T17:18:56.775+0000] {dag.py:4138} INFO - Setting next_dagrun for example_dynamic_task_mapping_with_no_taskflow_operators to 2026-01-04 00:00:00+00:00, run_after=2026-01-05 00:00:00+00:00
[2026-01-05T17:18:56.816+0000] {processor.py:208} INFO - Processing /home/airflow/.local/lib/python3.12/site-packages/airflow/example_dags/example_dynamic_task_mapping_with_no_taskflow_operators.py took 0.147 seconds
[2026-01-05T17:19:27.294+0000] {processor.py:186} INFO - Started process (PID=350) to work on /home/airflow/.local/lib/python3.12/site-packages/airflow/example_dags/example_dynamic_task_mapping_with_no_taskflow_operators.py
[2026-01-05T17:19:27.296+0000] {processor.py:914} INFO - Processing file /home/airflow/.local/lib/python3.12/site-packages/airflow/example_dags/example_dynamic_task_mapping_with_no_taskflow_operators.py for tasks to queue
[2026-01-05T17:19:27.298+0000] {logging_mixin.py:190} INFO - [2026-01-05T17:19:27.298+0000] {dagbag.py:587} INFO - Filling up the DagBag from /home/airflow/.local/lib/python3.12/site-packages/airflow/example_dags/example_dynamic_task_mapping_with_no_taskflow_operators.py
[2026-01-05T17:19:27.307+0000] {processor.py:925} INFO - DAG(s) 'example_dynamic_task_mapping_with_no_taskflow_operators' retrieved from /home/airflow/.local/lib/python3.12/site-packages/airflow/example_dags/example_dynamic_task_mapping_with_no_taskflow_operators.py
[2026-01-05T17:19:27.329+0000] {logging_mixin.py:190} INFO - [2026-01-05T17:19:27.329+0000] {dag.py:3211} INFO - Sync 1 DAGs
[2026-01-05T17:19:27.354+0000] {logging_mixin.py:190} INFO - [2026-01-05T17:19:27.354+0000] {dag.py:4138} INFO - Setting next_dagrun for example_dynamic_task_mapping_with_no_taskflow_operators to 2026-01-04 00:00:00+00:00, run_after=2026-01-05 00:00:00+00:00
[2026-01-05T17:19:27.375+0000] {processor.py:208} INFO - Processing /home/airflow/.local/lib/python3.12/site-packages/airflow/example_dags/example_dynamic_task_mapping_with_no_taskflow_operators.py took 0.090 seconds
[2026-01-05T17:19:58.147+0000] {processor.py:186} INFO - Started process (PID=416) to work on /home/airflow/.local/lib/python3.12/site-packages/airflow/example_dags/example_dynamic_task_mapping_with_no_taskflow_operators.py
[2026-01-05T17:19:58.149+0000] {processor.py:914} INFO - Processing file /home/airflow/.local/lib/python3.12/site-packages/airflow/example_dags/example_dynamic_task_mapping_with_no_taskflow_operators.py for tasks to queue
[2026-01-05T17:19:58.154+0000] {logging_mixin.py:190} INFO - [2026-01-05T17:19:58.153+0000] {dagbag.py:587} INFO - Filling up the DagBag from /home/airflow/.local/lib/python3.12/site-packages/airflow/example_dags/example_dynamic_task_mapping_with_no_taskflow_operators.py
[2026-01-05T17:19:58.168+0000] {processor.py:925} INFO - DAG(s) 'example_dynamic_task_mapping_with_no_taskflow_operators' retrieved from /home/airflow/.local/lib/python3.12/site-packages/airflow/example_dags/example_dynamic_task_mapping_with_no_taskflow_operators.py
[2026-01-05T17:19:58.202+0000] {logging_mixin.py:190} INFO - [2026-01-05T17:19:58.201+0000] {dag.py:3211} INFO - Sync 1 DAGs
[2026-01-05T17:19:58.232+0000] {logging_mixin.py:190} INFO - [2026-01-05T17:19:58.232+0000] {dag.py:4138} INFO - Setting next_dagrun for example_dynamic_task_mapping_with_no_taskflow_operators to 2026-01-04 00:00:00+00:00, run_after=2026-01-05 00:00:00+00:00
[2026-01-05T17:19:58.253+0000] {processor.py:208} INFO - Processing /home/airflow/.local/lib/python3.12/site-packages/airflow/example_dags/example_dynamic_task_mapping_with_no_taskflow_operators.py took 0.118 seconds
[2026-01-05T17:20:28.718+0000] {processor.py:186} INFO - Started process (PID=482) to work on /home/airflow/.local/lib/python3.12/site-packages/airflow/example_dags/example_dynamic_task_mapping_with_no_taskflow_operators.py
[2026-01-05T17:20:28.721+0000] {processor.py:914} INFO - Processing file /home/airflow/.local/lib/python3.12/site-packages/airflow/example_dags/example_dynamic_task_mapping_with_no_taskflow_operators.py for tasks to queue
[2026-01-05T17:20:28.728+0000] {logging_mixin.py:190} INFO - [2026-01-05T17:20:28.727+0000] {dagbag.py:587} INFO - Filling up the DagBag from /home/airflow/.local/lib/python3.12/site-packages/airflow/example_dags/example_dynamic_task_mapping_with_no_taskflow_operators.py
[2026-01-05T17:20:28.750+0000] {processor.py:925} INFO - DAG(s) 'example_dynamic_task_mapping_with_no_taskflow_operators' retrieved from /home/airflow/.local/lib/python3.12/site-packages/airflow/example_dags/example_dynamic_task_mapping_with_no_taskflow_operators.py
[2026-01-05T17:20:28.790+0000] {logging_mixin.py:190} INFO - [2026-01-05T17:20:28.790+0000] {dag.py:3211} INFO - Sync 1 DAGs
[2026-01-05T17:20:28.849+0000] {logging_mixin.py:190} INFO - [2026-01-05T17:20:28.848+0000] {dag.py:4138} INFO - Setting next_dagrun for example_dynamic_task_mapping_with_no_taskflow_operators to 2026-01-04 00:00:00+00:00, run_after=2026-01-05 00:00:00+00:00
[2026-01-05T17:20:28.922+0000] {processor.py:208} INFO - Processing /home/airflow/.local/lib/python3.12/site-packages/airflow/example_dags/example_dynamic_task_mapping_with_no_taskflow_operators.py took 0.217 seconds
[2026-01-05T17:20:59.214+0000] {processor.py:186} INFO - Started process (PID=548) to work on /home/airflow/.local/lib/python3.12/site-packages/airflow/example_dags/example_dynamic_task_mapping_with_no_taskflow_operators.py
[2026-01-05T17:20:59.216+0000] {processor.py:914} INFO - Processing file /home/airflow/.local/lib/python3.12/site-packages/airflow/example_dags/example_dynamic_task_mapping_with_no_taskflow_operators.py for tasks to queue
[2026-01-05T17:20:59.220+0000] {logging_mixin.py:190} INFO - [2026-01-05T17:20:59.220+0000] {dagbag.py:587} INFO - Filling up the DagBag from /home/airflow/.local/lib/python3.12/site-packages/airflow/example_dags/example_dynamic_task_mapping_with_no_taskflow_operators.py
[2026-01-05T17:20:59.232+0000] {processor.py:925} INFO - DAG(s) 'example_dynamic_task_mapping_with_no_taskflow_operators' retrieved from /home/airflow/.local/lib/python3.12/site-packages/airflow/example_dags/example_dynamic_task_mapping_with_no_taskflow_operators.py
[2026-01-05T17:20:59.274+0000] {logging_mixin.py:190} INFO - [2026-01-05T17:20:59.274+0000] {dag.py:3211} INFO - Sync 1 DAGs
[2026-01-05T17:20:59.301+0000] {logging_mixin.py:190} INFO - [2026-01-05T17:20:59.301+0000] {dag.py:4138} INFO - Setting next_dagrun for example_dynamic_task_mapping_with_no_taskflow_operators to 2026-01-04 00:00:00+00:00, run_after=2026-01-05 00:00:00+00:00
[2026-01-05T17:20:59.334+0000] {processor.py:208} INFO - Processing /home/airflow/.local/lib/python3.12/site-packages/airflow/example_dags/example_dynamic_task_mapping_with_no_taskflow_operators.py took 0.127 seconds
[2026-01-05T17:21:29.550+0000] {processor.py:186} INFO - Started process (PID=614) to work on /home/airflow/.local/lib/python3.12/site-packages/airflow/example_dags/example_dynamic_task_mapping_with_no_taskflow_operators.py
[2026-01-05T17:21:29.552+0000] {processor.py:914} INFO - Processing file /home/airflow/.local/lib/python3.12/site-packages/airflow/example_dags/example_dynamic_task_mapping_with_no_taskflow_operators.py for tasks to queue
[2026-01-05T17:21:29.563+0000] {logging_mixin.py:190} INFO - [2026-01-05T17:21:29.555+0000] {dagbag.py:587} INFO - Filling up the DagBag from /home/airflow/.local/lib/python3.12/site-packages/airflow/example_dags/example_dynamic_task_mapping_with_no_taskflow_operators.py
[2026-01-05T17:21:29.578+0000] {processor.py:925} INFO - DAG(s) 'example_dynamic_task_mapping_with_no_taskflow_operators' retrieved from /home/airflow/.local/lib/python3.12/site-packages/airflow/example_dags/example_dynamic_task_mapping_with_no_taskflow_operators.py
[2026-01-05T17:21:29.606+0000] {logging_mixin.py:190} INFO - [2026-01-05T17:21:29.606+0000] {dag.py:3211} INFO - Sync 1 DAGs
[2026-01-05T17:21:29.631+0000] {logging_mixin.py:190} INFO - [2026-01-05T17:21:29.630+0000] {dag.py:4138} INFO - Setting next_dagrun for example_dynamic_task_mapping_with_no_taskflow_operators to 2026-01-04 00:00:00+00:00, run_after=2026-01-05 00:00:00+00:00
[2026-01-05T17:21:29.650+0000] {processor.py:208} INFO - Processing /home/airflow/.local/lib/python3.12/site-packages/airflow/example_dags/example_dynamic_task_mapping_with_no_taskflow_operators.py took 0.107 seconds
[2026-01-05T17:21:59.748+0000] {processor.py:186} INFO - Started process (PID=680) to work on /home/airflow/.local/lib/python3.12/site-packages/airflow/example_dags/example_dynamic_task_mapping_with_no_taskflow_operators.py
[2026-01-05T17:21:59.750+0000] {processor.py:914} INFO - Processing file /home/airflow/.local/lib/python3.12/site-packages/airflow/example_dags/example_dynamic_task_mapping_with_no_taskflow_operators.py for tasks to queue
[2026-01-05T17:21:59.753+0000] {logging_mixin.py:190} INFO - [2026-01-05T17:21:59.753+0000] {dagbag.py:587} INFO - Filling up the DagBag from /home/airflow/.local/lib/python3.12/site-packages/airflow/example_dags/example_dynamic_task_mapping_with_no_taskflow_operators.py
[2026-01-05T17:21:59.764+0000] {processor.py:925} INFO - DAG(s) 'example_dynamic_task_mapping_with_no_taskflow_operators' retrieved from /home/airflow/.local/lib/python3.12/site-packages/airflow/example_dags/example_dynamic_task_mapping_with_no_taskflow_operators.py
[2026-01-05T17:21:59.805+0000] {logging_mixin.py:190} INFO - [2026-01-05T17:21:59.804+0000] {dag.py:3211} INFO - Sync 1 DAGs
[2026-01-05T17:21:59.836+0000] {logging_mixin.py:190} INFO - [2026-01-05T17:21:59.836+0000] {dag.py:4138} INFO - Setting next_dagrun for example_dynamic_task_mapping_with_no_taskflow_operators to 2026-01-04 00:00:00+00:00, run_after=2026-01-05 00:00:00+00:00
[2026-01-05T17:21:59.859+0000] {processor.py:208} INFO - Processing /home/airflow/.local/lib/python3.12/site-packages/airflow/example_dags/example_dynamic_task_mapping_with_no_taskflow_operators.py took 0.123 seconds
[2026-01-05T17:22:30.690+0000] {processor.py:186} INFO - Started process (PID=746) to work on /home/airflow/.local/lib/python3.12/site-packages/airflow/example_dags/example_dynamic_task_mapping_with_no_taskflow_operators.py
[2026-01-05T17:22:30.692+0000] {processor.py:914} INFO - Processing file /home/airflow/.local/lib/python3.12/site-packages/airflow/example_dags/example_dynamic_task_mapping_with_no_taskflow_operators.py for tasks to queue
[2026-01-05T17:22:30.696+0000] {logging_mixin.py:190} INFO - [2026-01-05T17:22:30.696+0000] {dagbag.py:587} INFO - Filling up the DagBag from /home/airflow/.local/lib/python3.12/site-packages/airflow/example_dags/example_dynamic_task_mapping_with_no_taskflow_operators.py
[2026-01-05T17:22:30.705+0000] {processor.py:925} INFO - DAG(s) 'example_dynamic_task_mapping_with_no_taskflow_operators' retrieved from /home/airflow/.local/lib/python3.12/site-packages/airflow/example_dags/example_dynamic_task_mapping_with_no_taskflow_operators.py
[2026-01-05T17:22:30.745+0000] {logging_mixin.py:190} INFO - [2026-01-05T17:22:30.745+0000] {dag.py:3211} INFO - Sync 1 DAGs
[2026-01-05T17:22:30.776+0000] {logging_mixin.py:190} INFO - [2026-01-05T17:22:30.776+0000] {dag.py:4138} INFO - Setting next_dagrun for example_dynamic_task_mapping_with_no_taskflow_operators to 2026-01-04 00:00:00+00:00, run_after=2026-01-05 00:00:00+00:00
[2026-01-05T17:22:30.799+0000] {processor.py:208} INFO - Processing /home/airflow/.local/lib/python3.12/site-packages/airflow/example_dags/example_dynamic_task_mapping_with_no_taskflow_operators.py took 0.117 seconds
[2026-01-05T17:23:01.014+0000] {processor.py:186} INFO - Started process (PID=811) to work on /home/airflow/.local/lib/python3.12/site-packages/airflow/example_dags/example_dynamic_task_mapping_with_no_taskflow_operators.py
[2026-01-05T17:23:01.016+0000] {processor.py:914} INFO - Processing file /home/airflow/.local/lib/python3.12/site-packages/airflow/example_dags/example_dynamic_task_mapping_with_no_taskflow_operators.py for tasks to queue
[2026-01-05T17:23:01.021+0000] {logging_mixin.py:190} INFO - [2026-01-05T17:23:01.020+0000] {dagbag.py:587} INFO - Filling up the DagBag from /home/airflow/.local/lib/python3.12/site-packages/airflow/example_dags/example_dynamic_task_mapping_with_no_taskflow_operators.py
[2026-01-05T17:23:01.034+0000] {processor.py:925} INFO - DAG(s) 'example_dynamic_task_mapping_with_no_taskflow_operators' retrieved from /home/airflow/.local/lib/python3.12/site-packages/airflow/example_dags/example_dynamic_task_mapping_with_no_taskflow_operators.py
[2026-01-05T17:23:01.063+0000] {logging_mixin.py:190} INFO - [2026-01-05T17:23:01.062+0000] {dag.py:3211} INFO - Sync 1 DAGs
[2026-01-05T17:23:01.094+0000] {logging_mixin.py:190} INFO - [2026-01-05T17:23:01.093+0000] {dag.py:4138} INFO - Setting next_dagrun for example_dynamic_task_mapping_with_no_taskflow_operators to 2026-01-04 00:00:00+00:00, run_after=2026-01-05 00:00:00+00:00
[2026-01-05T17:23:01.120+0000] {processor.py:208} INFO - Processing /home/airflow/.local/lib/python3.12/site-packages/airflow/example_dags/example_dynamic_task_mapping_with_no_taskflow_operators.py took 0.114 seconds
[2026-01-05T17:23:31.393+0000] {processor.py:186} INFO - Started process (PID=877) to work on /home/airflow/.local/lib/python3.12/site-packages/airflow/example_dags/example_dynamic_task_mapping_with_no_taskflow_operators.py
[2026-01-05T17:23:31.394+0000] {processor.py:914} INFO - Processing file /home/airflow/.local/lib/python3.12/site-packages/airflow/example_dags/example_dynamic_task_mapping_with_no_taskflow_operators.py for tasks to queue
[2026-01-05T17:23:31.399+0000] {logging_mixin.py:190} INFO - [2026-01-05T17:23:31.398+0000] {dagbag.py:587} INFO - Filling up the DagBag from /home/airflow/.local/lib/python3.12/site-packages/airflow/example_dags/example_dynamic_task_mapping_with_no_taskflow_operators.py
[2026-01-05T17:23:31.410+0000] {processor.py:925} INFO - DAG(s) 'example_dynamic_task_mapping_with_no_taskflow_operators' retrieved from /home/airflow/.local/lib/python3.12/site-packages/airflow/example_dags/example_dynamic_task_mapping_with_no_taskflow_operators.py
[2026-01-05T17:23:31.440+0000] {logging_mixin.py:190} INFO - [2026-01-05T17:23:31.439+0000] {dag.py:3211} INFO - Sync 1 DAGs
[2026-01-05T17:23:31.468+0000] {logging_mixin.py:190} INFO - [2026-01-05T17:23:31.468+0000] {dag.py:4138} INFO - Setting next_dagrun for example_dynamic_task_mapping_with_no_taskflow_operators to 2026-01-04 00:00:00+00:00, run_after=2026-01-05 00:00:00+00:00
[2026-01-05T17:23:31.495+0000] {processor.py:208} INFO - Processing /home/airflow/.local/lib/python3.12/site-packages/airflow/example_dags/example_dynamic_task_mapping_with_no_taskflow_operators.py took 0.117 seconds
[2026-01-05T17:24:01.636+0000] {processor.py:186} INFO - Started process (PID=943) to work on /home/airflow/.local/lib/python3.12/site-packages/airflow/example_dags/example_dynamic_task_mapping_with_no_taskflow_operators.py
[2026-01-05T17:24:01.639+0000] {processor.py:914} INFO - Processing file /home/airflow/.local/lib/python3.12/site-packages/airflow/example_dags/example_dynamic_task_mapping_with_no_taskflow_operators.py for tasks to queue
[2026-01-05T17:24:01.642+0000] {logging_mixin.py:190} INFO - [2026-01-05T17:24:01.642+0000] {dagbag.py:587} INFO - Filling up the DagBag from /home/airflow/.local/lib/python3.12/site-packages/airflow/example_dags/example_dynamic_task_mapping_with_no_taskflow_operators.py
[2026-01-05T17:24:01.656+0000] {processor.py:925} INFO - DAG(s) 'example_dynamic_task_mapping_with_no_taskflow_operators' retrieved from /home/airflow/.local/lib/python3.12/site-packages/airflow/example_dags/example_dynamic_task_mapping_with_no_taskflow_operators.py
[2026-01-05T17:24:01.686+0000] {logging_mixin.py:190} INFO - [2026-01-05T17:24:01.685+0000] {dag.py:3211} INFO - Sync 1 DAGs
[2026-01-05T17:24:01.718+0000] {logging_mixin.py:190} INFO - [2026-01-05T17:24:01.717+0000] {dag.py:4138} INFO - Setting next_dagrun for example_dynamic_task_mapping_with_no_taskflow_operators to 2026-01-04 00:00:00+00:00, run_after=2026-01-05 00:00:00+00:00
[2026-01-05T17:24:01.743+0000] {processor.py:208} INFO - Processing /home/airflow/.local/lib/python3.12/site-packages/airflow/example_dags/example_dynamic_task_mapping_with_no_taskflow_operators.py took 0.116 seconds
[2026-01-05T17:24:31.979+0000] {processor.py:186} INFO - Started process (PID=1009) to work on /home/airflow/.local/lib/python3.12/site-packages/airflow/example_dags/example_dynamic_task_mapping_with_no_taskflow_operators.py
[2026-01-05T17:24:31.981+0000] {processor.py:914} INFO - Processing file /home/airflow/.local/lib/python3.12/site-packages/airflow/example_dags/example_dynamic_task_mapping_with_no_taskflow_operators.py for tasks to queue
[2026-01-05T17:24:31.986+0000] {logging_mixin.py:190} INFO - [2026-01-05T17:24:31.985+0000] {dagbag.py:587} INFO - Filling up the DagBag from /home/airflow/.local/lib/python3.12/site-packages/airflow/example_dags/example_dynamic_task_mapping_with_no_taskflow_operators.py
[2026-01-05T17:24:31.995+0000] {processor.py:925} INFO - DAG(s) 'example_dynamic_task_mapping_with_no_taskflow_operators' retrieved from /home/airflow/.local/lib/python3.12/site-packages/airflow/example_dags/example_dynamic_task_mapping_with_no_taskflow_operators.py
[2026-01-05T17:24:32.018+0000] {logging_mixin.py:190} INFO - [2026-01-05T17:24:32.018+0000] {dag.py:3211} INFO - Sync 1 DAGs
[2026-01-05T17:24:32.048+0000] {logging_mixin.py:190} INFO - [2026-01-05T17:24:32.048+0000] {dag.py:4138} INFO - Setting next_dagrun for example_dynamic_task_mapping_with_no_taskflow_operators to 2026-01-04 00:00:00+00:00, run_after=2026-01-05 00:00:00+00:00
[2026-01-05T17:24:32.074+0000] {processor.py:208} INFO - Processing /home/airflow/.local/lib/python3.12/site-packages/airflow/example_dags/example_dynamic_task_mapping_with_no_taskflow_operators.py took 0.102 seconds
[2026-01-05T17:25:02.545+0000] {processor.py:186} INFO - Started process (PID=1075) to work on /home/airflow/.local/lib/python3.12/site-packages/airflow/example_dags/example_dynamic_task_mapping_with_no_taskflow_operators.py
[2026-01-05T17:25:02.546+0000] {processor.py:914} INFO - Processing file /home/airflow/.local/lib/python3.12/site-packages/airflow/example_dags/example_dynamic_task_mapping_with_no_taskflow_operators.py for tasks to queue
[2026-01-05T17:25:02.549+0000] {logging_mixin.py:190} INFO - [2026-01-05T17:25:02.549+0000] {dagbag.py:587} INFO - Filling up the DagBag from /home/airflow/.local/lib/python3.12/site-packages/airflow/example_dags/example_dynamic_task_mapping_with_no_taskflow_operators.py
[2026-01-05T17:25:02.556+0000] {processor.py:925} INFO - DAG(s) 'example_dynamic_task_mapping_with_no_taskflow_operators' retrieved from /home/airflow/.local/lib/python3.12/site-packages/airflow/example_dags/example_dynamic_task_mapping_with_no_taskflow_operators.py
[2026-01-05T17:25:02.578+0000] {logging_mixin.py:190} INFO - [2026-01-05T17:25:02.578+0000] {dag.py:3211} INFO - Sync 1 DAGs
[2026-01-05T17:25:02.600+0000] {logging_mixin.py:190} INFO - [2026-01-05T17:25:02.599+0000] {dag.py:4138} INFO - Setting next_dagrun for example_dynamic_task_mapping_with_no_taskflow_operators to 2026-01-04 00:00:00+00:00, run_after=2026-01-05 00:00:00+00:00
[2026-01-05T17:25:02.627+0000] {processor.py:208} INFO - Processing /home/airflow/.local/lib/python3.12/site-packages/airflow/example_dags/example_dynamic_task_mapping_with_no_taskflow_operators.py took 0.090 seconds
[2026-01-05T17:25:32.906+0000] {processor.py:186} INFO - Started process (PID=1141) to work on /home/airflow/.local/lib/python3.12/site-packages/airflow/example_dags/example_dynamic_task_mapping_with_no_taskflow_operators.py
[2026-01-05T17:25:32.908+0000] {processor.py:914} INFO - Processing file /home/airflow/.local/lib/python3.12/site-packages/airflow/example_dags/example_dynamic_task_mapping_with_no_taskflow_operators.py for tasks to queue
[2026-01-05T17:25:32.914+0000] {logging_mixin.py:190} INFO - [2026-01-05T17:25:32.913+0000] {dagbag.py:587} INFO - Filling up the DagBag from /home/airflow/.local/lib/python3.12/site-packages/airflow/example_dags/example_dynamic_task_mapping_with_no_taskflow_operators.py
[2026-01-05T17:25:32.929+0000] {processor.py:925} INFO - DAG(s) 'example_dynamic_task_mapping_with_no_taskflow_operators' retrieved from /home/airflow/.local/lib/python3.12/site-packages/airflow/example_dags/example_dynamic_task_mapping_with_no_taskflow_operators.py
[2026-01-05T17:25:32.955+0000] {logging_mixin.py:190} INFO - [2026-01-05T17:25:32.955+0000] {dag.py:3211} INFO - Sync 1 DAGs
[2026-01-05T17:25:32.985+0000] {logging_mixin.py:190} INFO - [2026-01-05T17:25:32.985+0000] {dag.py:4138} INFO - Setting next_dagrun for example_dynamic_task_mapping_with_no_taskflow_operators to 2026-01-04 00:00:00+00:00, run_after=2026-01-05 00:00:00+00:00
[2026-01-05T17:25:33.010+0000] {processor.py:208} INFO - Processing /home/airflow/.local/lib/python3.12/site-packages/airflow/example_dags/example_dynamic_task_mapping_with_no_taskflow_operators.py took 0.115 seconds
[2026-01-05T17:26:03.231+0000] {processor.py:186} INFO - Started process (PID=1207) to work on /home/airflow/.local/lib/python3.12/site-packages/airflow/example_dags/example_dynamic_task_mapping_with_no_taskflow_operators.py
[2026-01-05T17:26:03.233+0000] {processor.py:914} INFO - Processing file /home/airflow/.local/lib/python3.12/site-packages/airflow/example_dags/example_dynamic_task_mapping_with_no_taskflow_operators.py for tasks to queue
[2026-01-05T17:26:03.237+0000] {logging_mixin.py:190} INFO - [2026-01-05T17:26:03.236+0000] {dagbag.py:587} INFO - Filling up the DagBag from /home/airflow/.local/lib/python3.12/site-packages/airflow/example_dags/example_dynamic_task_mapping_with_no_taskflow_operators.py
[2026-01-05T17:26:03.245+0000] {processor.py:925} INFO - DAG(s) 'example_dynamic_task_mapping_with_no_taskflow_operators' retrieved from /home/airflow/.local/lib/python3.12/site-packages/airflow/example_dags/example_dynamic_task_mapping_with_no_taskflow_operators.py
[2026-01-05T17:26:03.275+0000] {logging_mixin.py:190} INFO - [2026-01-05T17:26:03.274+0000] {dag.py:3211} INFO - Sync 1 DAGs
[2026-01-05T17:26:03.298+0000] {logging_mixin.py:190} INFO - [2026-01-05T17:26:03.297+0000] {dag.py:4138} INFO - Setting next_dagrun for example_dynamic_task_mapping_with_no_taskflow_operators to 2026-01-04 00:00:00+00:00, run_after=2026-01-05 00:00:00+00:00
[2026-01-05T17:26:03.319+0000] {processor.py:208} INFO - Processing /home/airflow/.local/lib/python3.12/site-packages/airflow/example_dags/example_dynamic_task_mapping_with_no_taskflow_operators.py took 0.095 seconds
[2026-01-05T17:26:33.860+0000] {processor.py:186} INFO - Started process (PID=1273) to work on /home/airflow/.local/lib/python3.12/site-packages/airflow/example_dags/example_dynamic_task_mapping_with_no_taskflow_operators.py
[2026-01-05T17:26:33.862+0000] {processor.py:914} INFO - Processing file /home/airflow/.local/lib/python3.12/site-packages/airflow/example_dags/example_dynamic_task_mapping_with_no_taskflow_operators.py for tasks to queue
[2026-01-05T17:26:33.868+0000] {logging_mixin.py:190} INFO - [2026-01-05T17:26:33.868+0000] {dagbag.py:587} INFO - Filling up the DagBag from /home/airflow/.local/lib/python3.12/site-packages/airflow/example_dags/example_dynamic_task_mapping_with_no_taskflow_operators.py
[2026-01-05T17:26:33.877+0000] {processor.py:925} INFO - DAG(s) 'example_dynamic_task_mapping_with_no_taskflow_operators' retrieved from /home/airflow/.local/lib/python3.12/site-packages/airflow/example_dags/example_dynamic_task_mapping_with_no_taskflow_operators.py
[2026-01-05T17:26:33.902+0000] {logging_mixin.py:190} INFO - [2026-01-05T17:26:33.901+0000] {dag.py:3211} INFO - Sync 1 DAGs
[2026-01-05T17:26:33.926+0000] {logging_mixin.py:190} INFO - [2026-01-05T17:26:33.926+0000] {dag.py:4138} INFO - Setting next_dagrun for example_dynamic_task_mapping_with_no_taskflow_operators to 2026-01-04 00:00:00+00:00, run_after=2026-01-05 00:00:00+00:00
[2026-01-05T17:26:33.945+0000] {processor.py:208} INFO - Processing /home/airflow/.local/lib/python3.12/site-packages/airflow/example_dags/example_dynamic_task_mapping_with_no_taskflow_operators.py took 0.093 seconds
[2026-01-05T17:27:04.405+0000] {processor.py:186} INFO - Started process (PID=1339) to work on /home/airflow/.local/lib/python3.12/site-packages/airflow/example_dags/example_dynamic_task_mapping_with_no_taskflow_operators.py
[2026-01-05T17:27:04.406+0000] {processor.py:914} INFO - Processing file /home/airflow/.local/lib/python3.12/site-packages/airflow/example_dags/example_dynamic_task_mapping_with_no_taskflow_operators.py for tasks to queue
[2026-01-05T17:27:04.410+0000] {logging_mixin.py:190} INFO - [2026-01-05T17:27:04.409+0000] {dagbag.py:587} INFO - Filling up the DagBag from /home/airflow/.local/lib/python3.12/site-packages/airflow/example_dags/example_dynamic_task_mapping_with_no_taskflow_operators.py
[2026-01-05T17:27:04.422+0000] {processor.py:925} INFO - DAG(s) 'example_dynamic_task_mapping_with_no_taskflow_operators' retrieved from /home/airflow/.local/lib/python3.12/site-packages/airflow/example_dags/example_dynamic_task_mapping_with_no_taskflow_operators.py
[2026-01-05T17:27:04.450+0000] {logging_mixin.py:190} INFO - [2026-01-05T17:27:04.449+0000] {dag.py:3211} INFO - Sync 1 DAGs
[2026-01-05T17:27:04.488+0000] {logging_mixin.py:190} INFO - [2026-01-05T17:27:04.487+0000] {dag.py:4138} INFO - Setting next_dagrun for example_dynamic_task_mapping_with_no_taskflow_operators to 2026-01-04 00:00:00+00:00, run_after=2026-01-05 00:00:00+00:00
[2026-01-05T17:27:04.511+0000] {processor.py:208} INFO - Processing /home/airflow/.local/lib/python3.12/site-packages/airflow/example_dags/example_dynamic_task_mapping_with_no_taskflow_operators.py took 0.117 seconds
[2026-01-05T17:27:34.713+0000] {processor.py:186} INFO - Started process (PID=1405) to work on /home/airflow/.local/lib/python3.12/site-packages/airflow/example_dags/example_dynamic_task_mapping_with_no_taskflow_operators.py
[2026-01-05T17:27:34.715+0000] {processor.py:914} INFO - Processing file /home/airflow/.local/lib/python3.12/site-packages/airflow/example_dags/example_dynamic_task_mapping_with_no_taskflow_operators.py for tasks to queue
[2026-01-05T17:27:34.719+0000] {logging_mixin.py:190} INFO - [2026-01-05T17:27:34.718+0000] {dagbag.py:587} INFO - Filling up the DagBag from /home/airflow/.local/lib/python3.12/site-packages/airflow/example_dags/example_dynamic_task_mapping_with_no_taskflow_operators.py
[2026-01-05T17:27:34.728+0000] {processor.py:925} INFO - DAG(s) 'example_dynamic_task_mapping_with_no_taskflow_operators' retrieved from /home/airflow/.local/lib/python3.12/site-packages/airflow/example_dags/example_dynamic_task_mapping_with_no_taskflow_operators.py
[2026-01-05T17:27:34.751+0000] {logging_mixin.py:190} INFO - [2026-01-05T17:27:34.750+0000] {dag.py:3211} INFO - Sync 1 DAGs
[2026-01-05T17:27:34.774+0000] {logging_mixin.py:190} INFO - [2026-01-05T17:27:34.773+0000] {dag.py:4138} INFO - Setting next_dagrun for example_dynamic_task_mapping_with_no_taskflow_operators to 2026-01-04 00:00:00+00:00, run_after=2026-01-05 00:00:00+00:00
[2026-01-05T17:27:34.794+0000] {processor.py:208} INFO - Processing /home/airflow/.local/lib/python3.12/site-packages/airflow/example_dags/example_dynamic_task_mapping_with_no_taskflow_operators.py took 0.091 seconds
[2026-01-05T17:28:05.527+0000] {processor.py:186} INFO - Started process (PID=1471) to work on /home/airflow/.local/lib/python3.12/site-packages/airflow/example_dags/example_dynamic_task_mapping_with_no_taskflow_operators.py
[2026-01-05T17:28:05.529+0000] {processor.py:914} INFO - Processing file /home/airflow/.local/lib/python3.12/site-packages/airflow/example_dags/example_dynamic_task_mapping_with_no_taskflow_operators.py for tasks to queue
[2026-01-05T17:28:05.532+0000] {logging_mixin.py:190} INFO - [2026-01-05T17:28:05.531+0000] {dagbag.py:587} INFO - Filling up the DagBag from /home/airflow/.local/lib/python3.12/site-packages/airflow/example_dags/example_dynamic_task_mapping_with_no_taskflow_operators.py
[2026-01-05T17:28:05.539+0000] {processor.py:925} INFO - DAG(s) 'example_dynamic_task_mapping_with_no_taskflow_operators' retrieved from /home/airflow/.local/lib/python3.12/site-packages/airflow/example_dags/example_dynamic_task_mapping_with_no_taskflow_operators.py
[2026-01-05T17:28:05.566+0000] {logging_mixin.py:190} INFO - [2026-01-05T17:28:05.565+0000] {dag.py:3211} INFO - Sync 1 DAGs
[2026-01-05T17:28:05.596+0000] {logging_mixin.py:190} INFO - [2026-01-05T17:28:05.596+0000] {dag.py:4138} INFO - Setting next_dagrun for example_dynamic_task_mapping_with_no_taskflow_operators to 2026-01-04 00:00:00+00:00, run_after=2026-01-05 00:00:00+00:00
[2026-01-05T17:28:05.619+0000] {processor.py:208} INFO - Processing /home/airflow/.local/lib/python3.12/site-packages/airflow/example_dags/example_dynamic_task_mapping_with_no_taskflow_operators.py took 0.098 seconds
[2026-01-05T17:28:35.721+0000] {processor.py:186} INFO - Started process (PID=1536) to work on /home/airflow/.local/lib/python3.12/site-packages/airflow/example_dags/example_dynamic_task_mapping_with_no_taskflow_operators.py
[2026-01-05T17:28:35.723+0000] {processor.py:914} INFO - Processing file /home/airflow/.local/lib/python3.12/site-packages/airflow/example_dags/example_dynamic_task_mapping_with_no_taskflow_operators.py for tasks to queue
[2026-01-05T17:28:35.728+0000] {logging_mixin.py:190} INFO - [2026-01-05T17:28:35.728+0000] {dagbag.py:587} INFO - Filling up the DagBag from /home/airflow/.local/lib/python3.12/site-packages/airflow/example_dags/example_dynamic_task_mapping_with_no_taskflow_operators.py
[2026-01-05T17:28:35.739+0000] {processor.py:925} INFO - DAG(s) 'example_dynamic_task_mapping_with_no_taskflow_operators' retrieved from /home/airflow/.local/lib/python3.12/site-packages/airflow/example_dags/example_dynamic_task_mapping_with_no_taskflow_operators.py
[2026-01-05T17:28:35.771+0000] {logging_mixin.py:190} INFO - [2026-01-05T17:28:35.770+0000] {dag.py:3211} INFO - Sync 1 DAGs
[2026-01-05T17:28:35.812+0000] {logging_mixin.py:190} INFO - [2026-01-05T17:28:35.811+0000] {dag.py:4138} INFO - Setting next_dagrun for example_dynamic_task_mapping_with_no_taskflow_operators to 2026-01-04 00:00:00+00:00, run_after=2026-01-05 00:00:00+00:00
[2026-01-05T17:28:35.850+0000] {processor.py:208} INFO - Processing /home/airflow/.local/lib/python3.12/site-packages/airflow/example_dags/example_dynamic_task_mapping_with_no_taskflow_operators.py took 0.138 seconds
[2026-01-05T17:29:06.317+0000] {processor.py:186} INFO - Started process (PID=1602) to work on /home/airflow/.local/lib/python3.12/site-packages/airflow/example_dags/example_dynamic_task_mapping_with_no_taskflow_operators.py
[2026-01-05T17:29:06.319+0000] {processor.py:914} INFO - Processing file /home/airflow/.local/lib/python3.12/site-packages/airflow/example_dags/example_dynamic_task_mapping_with_no_taskflow_operators.py for tasks to queue
[2026-01-05T17:29:06.323+0000] {logging_mixin.py:190} INFO - [2026-01-05T17:29:06.322+0000] {dagbag.py:587} INFO - Filling up the DagBag from /home/airflow/.local/lib/python3.12/site-packages/airflow/example_dags/example_dynamic_task_mapping_with_no_taskflow_operators.py
[2026-01-05T17:29:06.338+0000] {processor.py:925} INFO - DAG(s) 'example_dynamic_task_mapping_with_no_taskflow_operators' retrieved from /home/airflow/.local/lib/python3.12/site-packages/airflow/example_dags/example_dynamic_task_mapping_with_no_taskflow_operators.py
[2026-01-05T17:29:06.361+0000] {logging_mixin.py:190} INFO - [2026-01-05T17:29:06.360+0000] {dag.py:3211} INFO - Sync 1 DAGs
[2026-01-05T17:29:06.386+0000] {logging_mixin.py:190} INFO - [2026-01-05T17:29:06.386+0000] {dag.py:4138} INFO - Setting next_dagrun for example_dynamic_task_mapping_with_no_taskflow_operators to 2026-01-04 00:00:00+00:00, run_after=2026-01-05 00:00:00+00:00
[2026-01-05T17:29:06.409+0000] {processor.py:208} INFO - Processing /home/airflow/.local/lib/python3.12/site-packages/airflow/example_dags/example_dynamic_task_mapping_with_no_taskflow_operators.py took 0.101 seconds
[2026-01-05T17:29:37.211+0000] {processor.py:186} INFO - Started process (PID=1668) to work on /home/airflow/.local/lib/python3.12/site-packages/airflow/example_dags/example_dynamic_task_mapping_with_no_taskflow_operators.py
[2026-01-05T17:29:37.213+0000] {processor.py:914} INFO - Processing file /home/airflow/.local/lib/python3.12/site-packages/airflow/example_dags/example_dynamic_task_mapping_with_no_taskflow_operators.py for tasks to queue
[2026-01-05T17:29:37.218+0000] {logging_mixin.py:190} INFO - [2026-01-05T17:29:37.217+0000] {dagbag.py:587} INFO - Filling up the DagBag from /home/airflow/.local/lib/python3.12/site-packages/airflow/example_dags/example_dynamic_task_mapping_with_no_taskflow_operators.py
[2026-01-05T17:29:37.230+0000] {processor.py:925} INFO - DAG(s) 'example_dynamic_task_mapping_with_no_taskflow_operators' retrieved from /home/airflow/.local/lib/python3.12/site-packages/airflow/example_dags/example_dynamic_task_mapping_with_no_taskflow_operators.py
[2026-01-05T17:29:37.265+0000] {logging_mixin.py:190} INFO - [2026-01-05T17:29:37.265+0000] {dag.py:3211} INFO - Sync 1 DAGs
[2026-01-05T17:29:37.317+0000] {logging_mixin.py:190} INFO - [2026-01-05T17:29:37.317+0000] {dag.py:4138} INFO - Setting next_dagrun for example_dynamic_task_mapping_with_no_taskflow_operators to 2026-01-04 00:00:00+00:00, run_after=2026-01-05 00:00:00+00:00
[2026-01-05T17:29:37.353+0000] {processor.py:208} INFO - Processing /home/airflow/.local/lib/python3.12/site-packages/airflow/example_dags/example_dynamic_task_mapping_with_no_taskflow_operators.py took 0.158 seconds
[2026-01-05T17:30:07.486+0000] {processor.py:186} INFO - Started process (PID=1734) to work on /home/airflow/.local/lib/python3.12/site-packages/airflow/example_dags/example_dynamic_task_mapping_with_no_taskflow_operators.py
[2026-01-05T17:30:07.489+0000] {processor.py:914} INFO - Processing file /home/airflow/.local/lib/python3.12/site-packages/airflow/example_dags/example_dynamic_task_mapping_with_no_taskflow_operators.py for tasks to queue
[2026-01-05T17:30:07.497+0000] {logging_mixin.py:190} INFO - [2026-01-05T17:30:07.496+0000] {dagbag.py:587} INFO - Filling up the DagBag from /home/airflow/.local/lib/python3.12/site-packages/airflow/example_dags/example_dynamic_task_mapping_with_no_taskflow_operators.py
[2026-01-05T17:30:07.514+0000] {processor.py:925} INFO - DAG(s) 'example_dynamic_task_mapping_with_no_taskflow_operators' retrieved from /home/airflow/.local/lib/python3.12/site-packages/airflow/example_dags/example_dynamic_task_mapping_with_no_taskflow_operators.py
[2026-01-05T17:30:07.551+0000] {logging_mixin.py:190} INFO - [2026-01-05T17:30:07.551+0000] {dag.py:3211} INFO - Sync 1 DAGs
[2026-01-05T17:30:07.592+0000] {logging_mixin.py:190} INFO - [2026-01-05T17:30:07.591+0000] {dag.py:4138} INFO - Setting next_dagrun for example_dynamic_task_mapping_with_no_taskflow_operators to 2026-01-04 00:00:00+00:00, run_after=2026-01-05 00:00:00+00:00
[2026-01-05T17:30:07.633+0000] {processor.py:208} INFO - Processing /home/airflow/.local/lib/python3.12/site-packages/airflow/example_dags/example_dynamic_task_mapping_with_no_taskflow_operators.py took 0.162 seconds
[2026-01-05T17:30:38.102+0000] {processor.py:186} INFO - Started process (PID=1801) to work on /home/airflow/.local/lib/python3.12/site-packages/airflow/example_dags/example_dynamic_task_mapping_with_no_taskflow_operators.py
[2026-01-05T17:30:38.104+0000] {processor.py:914} INFO - Processing file /home/airflow/.local/lib/python3.12/site-packages/airflow/example_dags/example_dynamic_task_mapping_with_no_taskflow_operators.py for tasks to queue
[2026-01-05T17:30:38.109+0000] {logging_mixin.py:190} INFO - [2026-01-05T17:30:38.108+0000] {dagbag.py:587} INFO - Filling up the DagBag from /home/airflow/.local/lib/python3.12/site-packages/airflow/example_dags/example_dynamic_task_mapping_with_no_taskflow_operators.py
[2026-01-05T17:30:38.117+0000] {processor.py:925} INFO - DAG(s) 'example_dynamic_task_mapping_with_no_taskflow_operators' retrieved from /home/airflow/.local/lib/python3.12/site-packages/airflow/example_dags/example_dynamic_task_mapping_with_no_taskflow_operators.py
[2026-01-05T17:30:38.146+0000] {logging_mixin.py:190} INFO - [2026-01-05T17:30:38.146+0000] {dag.py:3211} INFO - Sync 1 DAGs
[2026-01-05T17:30:38.176+0000] {logging_mixin.py:190} INFO - [2026-01-05T17:30:38.176+0000] {dag.py:4138} INFO - Setting next_dagrun for example_dynamic_task_mapping_with_no_taskflow_operators to 2026-01-04 00:00:00+00:00, run_after=2026-01-05 00:00:00+00:00
[2026-01-05T17:30:38.207+0000] {processor.py:208} INFO - Processing /home/airflow/.local/lib/python3.12/site-packages/airflow/example_dags/example_dynamic_task_mapping_with_no_taskflow_operators.py took 0.112 seconds
[2026-01-05T17:31:08.776+0000] {processor.py:186} INFO - Started process (PID=1867) to work on /home/airflow/.local/lib/python3.12/site-packages/airflow/example_dags/example_dynamic_task_mapping_with_no_taskflow_operators.py
[2026-01-05T17:31:08.777+0000] {processor.py:914} INFO - Processing file /home/airflow/.local/lib/python3.12/site-packages/airflow/example_dags/example_dynamic_task_mapping_with_no_taskflow_operators.py for tasks to queue
[2026-01-05T17:31:08.780+0000] {logging_mixin.py:190} INFO - [2026-01-05T17:31:08.780+0000] {dagbag.py:587} INFO - Filling up the DagBag from /home/airflow/.local/lib/python3.12/site-packages/airflow/example_dags/example_dynamic_task_mapping_with_no_taskflow_operators.py
[2026-01-05T17:31:08.788+0000] {processor.py:925} INFO - DAG(s) 'example_dynamic_task_mapping_with_no_taskflow_operators' retrieved from /home/airflow/.local/lib/python3.12/site-packages/airflow/example_dags/example_dynamic_task_mapping_with_no_taskflow_operators.py
[2026-01-05T17:31:08.812+0000] {logging_mixin.py:190} INFO - [2026-01-05T17:31:08.812+0000] {dag.py:3211} INFO - Sync 1 DAGs
[2026-01-05T17:31:08.835+0000] {logging_mixin.py:190} INFO - [2026-01-05T17:31:08.835+0000] {dag.py:4138} INFO - Setting next_dagrun for example_dynamic_task_mapping_with_no_taskflow_operators to 2026-01-04 00:00:00+00:00, run_after=2026-01-05 00:00:00+00:00
[2026-01-05T17:31:08.854+0000] {processor.py:208} INFO - Processing /home/airflow/.local/lib/python3.12/site-packages/airflow/example_dags/example_dynamic_task_mapping_with_no_taskflow_operators.py took 0.089 seconds
[2026-01-05T17:31:38.980+0000] {processor.py:186} INFO - Started process (PID=1933) to work on /home/airflow/.local/lib/python3.12/site-packages/airflow/example_dags/example_dynamic_task_mapping_with_no_taskflow_operators.py
[2026-01-05T17:31:38.982+0000] {processor.py:914} INFO - Processing file /home/airflow/.local/lib/python3.12/site-packages/airflow/example_dags/example_dynamic_task_mapping_with_no_taskflow_operators.py for tasks to queue
[2026-01-05T17:31:38.985+0000] {logging_mixin.py:190} INFO - [2026-01-05T17:31:38.985+0000] {dagbag.py:587} INFO - Filling up the DagBag from /home/airflow/.local/lib/python3.12/site-packages/airflow/example_dags/example_dynamic_task_mapping_with_no_taskflow_operators.py
[2026-01-05T17:31:38.992+0000] {processor.py:925} INFO - DAG(s) 'example_dynamic_task_mapping_with_no_taskflow_operators' retrieved from /home/airflow/.local/lib/python3.12/site-packages/airflow/example_dags/example_dynamic_task_mapping_with_no_taskflow_operators.py
[2026-01-05T17:31:39.022+0000] {logging_mixin.py:190} INFO - [2026-01-05T17:31:39.021+0000] {dag.py:3211} INFO - Sync 1 DAGs
[2026-01-05T17:31:39.051+0000] {logging_mixin.py:190} INFO - [2026-01-05T17:31:39.050+0000] {dag.py:4138} INFO - Setting next_dagrun for example_dynamic_task_mapping_with_no_taskflow_operators to 2026-01-04 00:00:00+00:00, run_after=2026-01-05 00:00:00+00:00
[2026-01-05T17:31:39.080+0000] {processor.py:208} INFO - Processing /home/airflow/.local/lib/python3.12/site-packages/airflow/example_dags/example_dynamic_task_mapping_with_no_taskflow_operators.py took 0.105 seconds
[2026-01-05T17:32:09.674+0000] {processor.py:186} INFO - Started process (PID=1999) to work on /home/airflow/.local/lib/python3.12/site-packages/airflow/example_dags/example_dynamic_task_mapping_with_no_taskflow_operators.py
[2026-01-05T17:32:09.676+0000] {processor.py:914} INFO - Processing file /home/airflow/.local/lib/python3.12/site-packages/airflow/example_dags/example_dynamic_task_mapping_with_no_taskflow_operators.py for tasks to queue
[2026-01-05T17:32:09.680+0000] {logging_mixin.py:190} INFO - [2026-01-05T17:32:09.680+0000] {dagbag.py:587} INFO - Filling up the DagBag from /home/airflow/.local/lib/python3.12/site-packages/airflow/example_dags/example_dynamic_task_mapping_with_no_taskflow_operators.py
[2026-01-05T17:32:09.693+0000] {processor.py:925} INFO - DAG(s) 'example_dynamic_task_mapping_with_no_taskflow_operators' retrieved from /home/airflow/.local/lib/python3.12/site-packages/airflow/example_dags/example_dynamic_task_mapping_with_no_taskflow_operators.py
[2026-01-05T17:32:09.725+0000] {logging_mixin.py:190} INFO - [2026-01-05T17:32:09.725+0000] {dag.py:3211} INFO - Sync 1 DAGs
[2026-01-05T17:32:09.761+0000] {logging_mixin.py:190} INFO - [2026-01-05T17:32:09.761+0000] {dag.py:4138} INFO - Setting next_dagrun for example_dynamic_task_mapping_with_no_taskflow_operators to 2026-01-04 00:00:00+00:00, run_after=2026-01-05 00:00:00+00:00
[2026-01-05T17:32:09.787+0000] {processor.py:208} INFO - Processing /home/airflow/.local/lib/python3.12/site-packages/airflow/example_dags/example_dynamic_task_mapping_with_no_taskflow_operators.py took 0.123 seconds
[2026-01-05T17:32:40.078+0000] {processor.py:186} INFO - Started process (PID=2065) to work on /home/airflow/.local/lib/python3.12/site-packages/airflow/example_dags/example_dynamic_task_mapping_with_no_taskflow_operators.py
[2026-01-05T17:32:40.080+0000] {processor.py:914} INFO - Processing file /home/airflow/.local/lib/python3.12/site-packages/airflow/example_dags/example_dynamic_task_mapping_with_no_taskflow_operators.py for tasks to queue
[2026-01-05T17:32:40.084+0000] {logging_mixin.py:190} INFO - [2026-01-05T17:32:40.083+0000] {dagbag.py:587} INFO - Filling up the DagBag from /home/airflow/.local/lib/python3.12/site-packages/airflow/example_dags/example_dynamic_task_mapping_with_no_taskflow_operators.py
[2026-01-05T17:32:40.093+0000] {processor.py:925} INFO - DAG(s) 'example_dynamic_task_mapping_with_no_taskflow_operators' retrieved from /home/airflow/.local/lib/python3.12/site-packages/airflow/example_dags/example_dynamic_task_mapping_with_no_taskflow_operators.py
[2026-01-05T17:32:40.123+0000] {logging_mixin.py:190} INFO - [2026-01-05T17:32:40.122+0000] {dag.py:3211} INFO - Sync 1 DAGs
[2026-01-05T17:32:40.161+0000] {logging_mixin.py:190} INFO - [2026-01-05T17:32:40.161+0000] {dag.py:4138} INFO - Setting next_dagrun for example_dynamic_task_mapping_with_no_taskflow_operators to 2026-01-04 00:00:00+00:00, run_after=2026-01-05 00:00:00+00:00
[2026-01-05T17:32:40.185+0000] {processor.py:208} INFO - Processing /home/airflow/.local/lib/python3.12/site-packages/airflow/example_dags/example_dynamic_task_mapping_with_no_taskflow_operators.py took 0.116 seconds
[2026-01-05T17:33:10.749+0000] {processor.py:186} INFO - Started process (PID=2131) to work on /home/airflow/.local/lib/python3.12/site-packages/airflow/example_dags/example_dynamic_task_mapping_with_no_taskflow_operators.py
[2026-01-05T17:33:10.751+0000] {processor.py:914} INFO - Processing file /home/airflow/.local/lib/python3.12/site-packages/airflow/example_dags/example_dynamic_task_mapping_with_no_taskflow_operators.py for tasks to queue
[2026-01-05T17:33:10.757+0000] {logging_mixin.py:190} INFO - [2026-01-05T17:33:10.756+0000] {dagbag.py:587} INFO - Filling up the DagBag from /home/airflow/.local/lib/python3.12/site-packages/airflow/example_dags/example_dynamic_task_mapping_with_no_taskflow_operators.py
[2026-01-05T17:33:10.770+0000] {processor.py:925} INFO - DAG(s) 'example_dynamic_task_mapping_with_no_taskflow_operators' retrieved from /home/airflow/.local/lib/python3.12/site-packages/airflow/example_dags/example_dynamic_task_mapping_with_no_taskflow_operators.py
[2026-01-05T17:33:10.796+0000] {logging_mixin.py:190} INFO - [2026-01-05T17:33:10.796+0000] {dag.py:3211} INFO - Sync 1 DAGs
[2026-01-05T17:33:10.819+0000] {logging_mixin.py:190} INFO - [2026-01-05T17:33:10.819+0000] {dag.py:4138} INFO - Setting next_dagrun for example_dynamic_task_mapping_with_no_taskflow_operators to 2026-01-04 00:00:00+00:00, run_after=2026-01-05 00:00:00+00:00
[2026-01-05T17:33:10.999+0000] {processor.py:208} INFO - Processing /home/airflow/.local/lib/python3.12/site-packages/airflow/example_dags/example_dynamic_task_mapping_with_no_taskflow_operators.py took 0.264 seconds
[2026-01-05T17:33:41.256+0000] {processor.py:186} INFO - Started process (PID=2197) to work on /home/airflow/.local/lib/python3.12/site-packages/airflow/example_dags/example_dynamic_task_mapping_with_no_taskflow_operators.py
[2026-01-05T17:33:41.257+0000] {processor.py:914} INFO - Processing file /home/airflow/.local/lib/python3.12/site-packages/airflow/example_dags/example_dynamic_task_mapping_with_no_taskflow_operators.py for tasks to queue
[2026-01-05T17:33:41.261+0000] {logging_mixin.py:190} INFO - [2026-01-05T17:33:41.261+0000] {dagbag.py:587} INFO - Filling up the DagBag from /home/airflow/.local/lib/python3.12/site-packages/airflow/example_dags/example_dynamic_task_mapping_with_no_taskflow_operators.py
[2026-01-05T17:33:41.270+0000] {processor.py:925} INFO - DAG(s) 'example_dynamic_task_mapping_with_no_taskflow_operators' retrieved from /home/airflow/.local/lib/python3.12/site-packages/airflow/example_dags/example_dynamic_task_mapping_with_no_taskflow_operators.py
[2026-01-05T17:33:41.294+0000] {logging_mixin.py:190} INFO - [2026-01-05T17:33:41.294+0000] {dag.py:3211} INFO - Sync 1 DAGs
[2026-01-05T17:33:41.324+0000] {logging_mixin.py:190} INFO - [2026-01-05T17:33:41.323+0000] {dag.py:4138} INFO - Setting next_dagrun for example_dynamic_task_mapping_with_no_taskflow_operators to 2026-01-04 00:00:00+00:00, run_after=2026-01-05 00:00:00+00:00
[2026-01-05T17:33:41.505+0000] {processor.py:208} INFO - Processing /home/airflow/.local/lib/python3.12/site-packages/airflow/example_dags/example_dynamic_task_mapping_with_no_taskflow_operators.py took 0.257 seconds
[2026-01-05T17:34:11.589+0000] {processor.py:186} INFO - Started process (PID=2263) to work on /home/airflow/.local/lib/python3.12/site-packages/airflow/example_dags/example_dynamic_task_mapping_with_no_taskflow_operators.py
[2026-01-05T17:34:11.591+0000] {processor.py:914} INFO - Processing file /home/airflow/.local/lib/python3.12/site-packages/airflow/example_dags/example_dynamic_task_mapping_with_no_taskflow_operators.py for tasks to queue
[2026-01-05T17:34:11.597+0000] {logging_mixin.py:190} INFO - [2026-01-05T17:34:11.596+0000] {dagbag.py:587} INFO - Filling up the DagBag from /home/airflow/.local/lib/python3.12/site-packages/airflow/example_dags/example_dynamic_task_mapping_with_no_taskflow_operators.py
[2026-01-05T17:34:11.606+0000] {processor.py:925} INFO - DAG(s) 'example_dynamic_task_mapping_with_no_taskflow_operators' retrieved from /home/airflow/.local/lib/python3.12/site-packages/airflow/example_dags/example_dynamic_task_mapping_with_no_taskflow_operators.py
[2026-01-05T17:34:11.633+0000] {logging_mixin.py:190} INFO - [2026-01-05T17:34:11.633+0000] {dag.py:3211} INFO - Sync 1 DAGs
[2026-01-05T17:34:11.663+0000] {logging_mixin.py:190} INFO - [2026-01-05T17:34:11.663+0000] {dag.py:4138} INFO - Setting next_dagrun for example_dynamic_task_mapping_with_no_taskflow_operators to 2026-01-04 00:00:00+00:00, run_after=2026-01-05 00:00:00+00:00
[2026-01-05T17:34:11.684+0000] {processor.py:208} INFO - Processing /home/airflow/.local/lib/python3.12/site-packages/airflow/example_dags/example_dynamic_task_mapping_with_no_taskflow_operators.py took 0.102 seconds
[2026-01-05T17:34:42.243+0000] {processor.py:186} INFO - Started process (PID=2329) to work on /home/airflow/.local/lib/python3.12/site-packages/airflow/example_dags/example_dynamic_task_mapping_with_no_taskflow_operators.py
[2026-01-05T17:34:42.244+0000] {processor.py:914} INFO - Processing file /home/airflow/.local/lib/python3.12/site-packages/airflow/example_dags/example_dynamic_task_mapping_with_no_taskflow_operators.py for tasks to queue
[2026-01-05T17:34:42.249+0000] {logging_mixin.py:190} INFO - [2026-01-05T17:34:42.249+0000] {dagbag.py:587} INFO - Filling up the DagBag from /home/airflow/.local/lib/python3.12/site-packages/airflow/example_dags/example_dynamic_task_mapping_with_no_taskflow_operators.py
[2026-01-05T17:34:42.259+0000] {processor.py:925} INFO - DAG(s) 'example_dynamic_task_mapping_with_no_taskflow_operators' retrieved from /home/airflow/.local/lib/python3.12/site-packages/airflow/example_dags/example_dynamic_task_mapping_with_no_taskflow_operators.py
[2026-01-05T17:34:42.289+0000] {logging_mixin.py:190} INFO - [2026-01-05T17:34:42.289+0000] {dag.py:3211} INFO - Sync 1 DAGs
[2026-01-05T17:34:42.318+0000] {logging_mixin.py:190} INFO - [2026-01-05T17:34:42.318+0000] {dag.py:4138} INFO - Setting next_dagrun for example_dynamic_task_mapping_with_no_taskflow_operators to 2026-01-04 00:00:00+00:00, run_after=2026-01-05 00:00:00+00:00
[2026-01-05T17:34:42.341+0000] {processor.py:208} INFO - Processing /home/airflow/.local/lib/python3.12/site-packages/airflow/example_dags/example_dynamic_task_mapping_with_no_taskflow_operators.py took 0.107 seconds
[2026-01-05T17:35:12.550+0000] {processor.py:186} INFO - Started process (PID=2395) to work on /home/airflow/.local/lib/python3.12/site-packages/airflow/example_dags/example_dynamic_task_mapping_with_no_taskflow_operators.py
[2026-01-05T17:35:12.552+0000] {processor.py:914} INFO - Processing file /home/airflow/.local/lib/python3.12/site-packages/airflow/example_dags/example_dynamic_task_mapping_with_no_taskflow_operators.py for tasks to queue
[2026-01-05T17:35:12.557+0000] {logging_mixin.py:190} INFO - [2026-01-05T17:35:12.556+0000] {dagbag.py:587} INFO - Filling up the DagBag from /home/airflow/.local/lib/python3.12/site-packages/airflow/example_dags/example_dynamic_task_mapping_with_no_taskflow_operators.py
[2026-01-05T17:35:12.564+0000] {processor.py:925} INFO - DAG(s) 'example_dynamic_task_mapping_with_no_taskflow_operators' retrieved from /home/airflow/.local/lib/python3.12/site-packages/airflow/example_dags/example_dynamic_task_mapping_with_no_taskflow_operators.py
[2026-01-05T17:35:12.589+0000] {logging_mixin.py:190} INFO - [2026-01-05T17:35:12.588+0000] {dag.py:3211} INFO - Sync 1 DAGs
[2026-01-05T17:35:12.616+0000] {logging_mixin.py:190} INFO - [2026-01-05T17:35:12.615+0000] {dag.py:4138} INFO - Setting next_dagrun for example_dynamic_task_mapping_with_no_taskflow_operators to 2026-01-04 00:00:00+00:00, run_after=2026-01-05 00:00:00+00:00
[2026-01-05T17:35:12.643+0000] {processor.py:208} INFO - Processing /home/airflow/.local/lib/python3.12/site-packages/airflow/example_dags/example_dynamic_task_mapping_with_no_taskflow_operators.py took 0.099 seconds
[2026-01-05T17:35:42.870+0000] {processor.py:186} INFO - Started process (PID=2462) to work on /home/airflow/.local/lib/python3.12/site-packages/airflow/example_dags/example_dynamic_task_mapping_with_no_taskflow_operators.py
[2026-01-05T17:35:42.872+0000] {processor.py:914} INFO - Processing file /home/airflow/.local/lib/python3.12/site-packages/airflow/example_dags/example_dynamic_task_mapping_with_no_taskflow_operators.py for tasks to queue
[2026-01-05T17:35:42.876+0000] {logging_mixin.py:190} INFO - [2026-01-05T17:35:42.875+0000] {dagbag.py:587} INFO - Filling up the DagBag from /home/airflow/.local/lib/python3.12/site-packages/airflow/example_dags/example_dynamic_task_mapping_with_no_taskflow_operators.py
[2026-01-05T17:35:42.886+0000] {processor.py:925} INFO - DAG(s) 'example_dynamic_task_mapping_with_no_taskflow_operators' retrieved from /home/airflow/.local/lib/python3.12/site-packages/airflow/example_dags/example_dynamic_task_mapping_with_no_taskflow_operators.py
[2026-01-05T17:35:42.911+0000] {logging_mixin.py:190} INFO - [2026-01-05T17:35:42.911+0000] {dag.py:3211} INFO - Sync 1 DAGs
[2026-01-05T17:35:42.945+0000] {logging_mixin.py:190} INFO - [2026-01-05T17:35:42.945+0000] {dag.py:4138} INFO - Setting next_dagrun for example_dynamic_task_mapping_with_no_taskflow_operators to 2026-01-04 00:00:00+00:00, run_after=2026-01-05 00:00:00+00:00
[2026-01-05T17:35:42.971+0000] {processor.py:208} INFO - Processing /home/airflow/.local/lib/python3.12/site-packages/airflow/example_dags/example_dynamic_task_mapping_with_no_taskflow_operators.py took 0.107 seconds
[2026-01-05T17:36:13.583+0000] {processor.py:186} INFO - Started process (PID=2528) to work on /home/airflow/.local/lib/python3.12/site-packages/airflow/example_dags/example_dynamic_task_mapping_with_no_taskflow_operators.py
[2026-01-05T17:36:13.585+0000] {processor.py:914} INFO - Processing file /home/airflow/.local/lib/python3.12/site-packages/airflow/example_dags/example_dynamic_task_mapping_with_no_taskflow_operators.py for tasks to queue
[2026-01-05T17:36:13.588+0000] {logging_mixin.py:190} INFO - [2026-01-05T17:36:13.588+0000] {dagbag.py:587} INFO - Filling up the DagBag from /home/airflow/.local/lib/python3.12/site-packages/airflow/example_dags/example_dynamic_task_mapping_with_no_taskflow_operators.py
[2026-01-05T17:36:13.597+0000] {processor.py:925} INFO - DAG(s) 'example_dynamic_task_mapping_with_no_taskflow_operators' retrieved from /home/airflow/.local/lib/python3.12/site-packages/airflow/example_dags/example_dynamic_task_mapping_with_no_taskflow_operators.py
[2026-01-05T17:36:13.620+0000] {logging_mixin.py:190} INFO - [2026-01-05T17:36:13.620+0000] {dag.py:3211} INFO - Sync 1 DAGs
[2026-01-05T17:36:13.648+0000] {logging_mixin.py:190} INFO - [2026-01-05T17:36:13.648+0000] {dag.py:4138} INFO - Setting next_dagrun for example_dynamic_task_mapping_with_no_taskflow_operators to 2026-01-04 00:00:00+00:00, run_after=2026-01-05 00:00:00+00:00
[2026-01-05T17:36:13.671+0000] {processor.py:208} INFO - Processing /home/airflow/.local/lib/python3.12/site-packages/airflow/example_dags/example_dynamic_task_mapping_with_no_taskflow_operators.py took 0.094 seconds
[2026-01-05T17:36:44.115+0000] {processor.py:186} INFO - Started process (PID=2594) to work on /home/airflow/.local/lib/python3.12/site-packages/airflow/example_dags/example_dynamic_task_mapping_with_no_taskflow_operators.py
[2026-01-05T17:36:44.117+0000] {processor.py:914} INFO - Processing file /home/airflow/.local/lib/python3.12/site-packages/airflow/example_dags/example_dynamic_task_mapping_with_no_taskflow_operators.py for tasks to queue
[2026-01-05T17:36:44.120+0000] {logging_mixin.py:190} INFO - [2026-01-05T17:36:44.119+0000] {dagbag.py:587} INFO - Filling up the DagBag from /home/airflow/.local/lib/python3.12/site-packages/airflow/example_dags/example_dynamic_task_mapping_with_no_taskflow_operators.py
[2026-01-05T17:36:44.128+0000] {processor.py:925} INFO - DAG(s) 'example_dynamic_task_mapping_with_no_taskflow_operators' retrieved from /home/airflow/.local/lib/python3.12/site-packages/airflow/example_dags/example_dynamic_task_mapping_with_no_taskflow_operators.py
[2026-01-05T17:36:44.153+0000] {logging_mixin.py:190} INFO - [2026-01-05T17:36:44.153+0000] {dag.py:3211} INFO - Sync 1 DAGs
[2026-01-05T17:36:44.178+0000] {logging_mixin.py:190} INFO - [2026-01-05T17:36:44.177+0000] {dag.py:4138} INFO - Setting next_dagrun for example_dynamic_task_mapping_with_no_taskflow_operators to 2026-01-04 00:00:00+00:00, run_after=2026-01-05 00:00:00+00:00
[2026-01-05T17:36:44.197+0000] {processor.py:208} INFO - Processing /home/airflow/.local/lib/python3.12/site-packages/airflow/example_dags/example_dynamic_task_mapping_with_no_taskflow_operators.py took 0.088 seconds
[2026-01-05T17:37:14.607+0000] {processor.py:186} INFO - Started process (PID=2660) to work on /home/airflow/.local/lib/python3.12/site-packages/airflow/example_dags/example_dynamic_task_mapping_with_no_taskflow_operators.py
[2026-01-05T17:37:14.609+0000] {processor.py:914} INFO - Processing file /home/airflow/.local/lib/python3.12/site-packages/airflow/example_dags/example_dynamic_task_mapping_with_no_taskflow_operators.py for tasks to queue
[2026-01-05T17:37:14.613+0000] {logging_mixin.py:190} INFO - [2026-01-05T17:37:14.612+0000] {dagbag.py:587} INFO - Filling up the DagBag from /home/airflow/.local/lib/python3.12/site-packages/airflow/example_dags/example_dynamic_task_mapping_with_no_taskflow_operators.py
[2026-01-05T17:37:14.623+0000] {processor.py:925} INFO - DAG(s) 'example_dynamic_task_mapping_with_no_taskflow_operators' retrieved from /home/airflow/.local/lib/python3.12/site-packages/airflow/example_dags/example_dynamic_task_mapping_with_no_taskflow_operators.py
[2026-01-05T17:37:14.650+0000] {logging_mixin.py:190} INFO - [2026-01-05T17:37:14.649+0000] {dag.py:3211} INFO - Sync 1 DAGs
[2026-01-05T17:37:14.674+0000] {logging_mixin.py:190} INFO - [2026-01-05T17:37:14.674+0000] {dag.py:4138} INFO - Setting next_dagrun for example_dynamic_task_mapping_with_no_taskflow_operators to 2026-01-04 00:00:00+00:00, run_after=2026-01-05 00:00:00+00:00
[2026-01-05T17:37:14.697+0000] {processor.py:208} INFO - Processing /home/airflow/.local/lib/python3.12/site-packages/airflow/example_dags/example_dynamic_task_mapping_with_no_taskflow_operators.py took 0.096 seconds
[2026-01-05T17:37:45.526+0000] {processor.py:186} INFO - Started process (PID=2726) to work on /home/airflow/.local/lib/python3.12/site-packages/airflow/example_dags/example_dynamic_task_mapping_with_no_taskflow_operators.py
[2026-01-05T17:37:45.528+0000] {processor.py:914} INFO - Processing file /home/airflow/.local/lib/python3.12/site-packages/airflow/example_dags/example_dynamic_task_mapping_with_no_taskflow_operators.py for tasks to queue
[2026-01-05T17:37:45.532+0000] {logging_mixin.py:190} INFO - [2026-01-05T17:37:45.531+0000] {dagbag.py:587} INFO - Filling up the DagBag from /home/airflow/.local/lib/python3.12/site-packages/airflow/example_dags/example_dynamic_task_mapping_with_no_taskflow_operators.py
[2026-01-05T17:37:45.545+0000] {processor.py:925} INFO - DAG(s) 'example_dynamic_task_mapping_with_no_taskflow_operators' retrieved from /home/airflow/.local/lib/python3.12/site-packages/airflow/example_dags/example_dynamic_task_mapping_with_no_taskflow_operators.py
[2026-01-05T17:37:45.580+0000] {logging_mixin.py:190} INFO - [2026-01-05T17:37:45.579+0000] {dag.py:3211} INFO - Sync 1 DAGs
[2026-01-05T17:37:45.616+0000] {logging_mixin.py:190} INFO - [2026-01-05T17:37:45.616+0000] {dag.py:4138} INFO - Setting next_dagrun for example_dynamic_task_mapping_with_no_taskflow_operators to 2026-01-04 00:00:00+00:00, run_after=2026-01-05 00:00:00+00:00
[2026-01-05T17:37:45.644+0000] {processor.py:208} INFO - Processing /home/airflow/.local/lib/python3.12/site-packages/airflow/example_dags/example_dynamic_task_mapping_with_no_taskflow_operators.py took 0.130 seconds
[2026-01-05T17:38:15.747+0000] {processor.py:186} INFO - Started process (PID=2792) to work on /home/airflow/.local/lib/python3.12/site-packages/airflow/example_dags/example_dynamic_task_mapping_with_no_taskflow_operators.py
[2026-01-05T17:38:15.749+0000] {processor.py:914} INFO - Processing file /home/airflow/.local/lib/python3.12/site-packages/airflow/example_dags/example_dynamic_task_mapping_with_no_taskflow_operators.py for tasks to queue
[2026-01-05T17:38:15.754+0000] {logging_mixin.py:190} INFO - [2026-01-05T17:38:15.754+0000] {dagbag.py:587} INFO - Filling up the DagBag from /home/airflow/.local/lib/python3.12/site-packages/airflow/example_dags/example_dynamic_task_mapping_with_no_taskflow_operators.py
[2026-01-05T17:38:15.770+0000] {processor.py:925} INFO - DAG(s) 'example_dynamic_task_mapping_with_no_taskflow_operators' retrieved from /home/airflow/.local/lib/python3.12/site-packages/airflow/example_dags/example_dynamic_task_mapping_with_no_taskflow_operators.py
[2026-01-05T17:38:15.807+0000] {logging_mixin.py:190} INFO - [2026-01-05T17:38:15.807+0000] {dag.py:3211} INFO - Sync 1 DAGs
[2026-01-05T17:38:15.835+0000] {logging_mixin.py:190} INFO - [2026-01-05T17:38:15.835+0000] {dag.py:4138} INFO - Setting next_dagrun for example_dynamic_task_mapping_with_no_taskflow_operators to 2026-01-04 00:00:00+00:00, run_after=2026-01-05 00:00:00+00:00
[2026-01-05T17:38:15.864+0000] {processor.py:208} INFO - Processing /home/airflow/.local/lib/python3.12/site-packages/airflow/example_dags/example_dynamic_task_mapping_with_no_taskflow_operators.py took 0.131 seconds
[2026-01-05T17:38:46.131+0000] {processor.py:186} INFO - Started process (PID=2858) to work on /home/airflow/.local/lib/python3.12/site-packages/airflow/example_dags/example_dynamic_task_mapping_with_no_taskflow_operators.py
[2026-01-05T17:38:46.133+0000] {processor.py:914} INFO - Processing file /home/airflow/.local/lib/python3.12/site-packages/airflow/example_dags/example_dynamic_task_mapping_with_no_taskflow_operators.py for tasks to queue
[2026-01-05T17:38:46.137+0000] {logging_mixin.py:190} INFO - [2026-01-05T17:38:46.137+0000] {dagbag.py:587} INFO - Filling up the DagBag from /home/airflow/.local/lib/python3.12/site-packages/airflow/example_dags/example_dynamic_task_mapping_with_no_taskflow_operators.py
[2026-01-05T17:38:46.147+0000] {processor.py:925} INFO - DAG(s) 'example_dynamic_task_mapping_with_no_taskflow_operators' retrieved from /home/airflow/.local/lib/python3.12/site-packages/airflow/example_dags/example_dynamic_task_mapping_with_no_taskflow_operators.py
[2026-01-05T17:38:46.175+0000] {logging_mixin.py:190} INFO - [2026-01-05T17:38:46.174+0000] {dag.py:3211} INFO - Sync 1 DAGs
[2026-01-05T17:38:46.199+0000] {logging_mixin.py:190} INFO - [2026-01-05T17:38:46.199+0000] {dag.py:4138} INFO - Setting next_dagrun for example_dynamic_task_mapping_with_no_taskflow_operators to 2026-01-04 00:00:00+00:00, run_after=2026-01-05 00:00:00+00:00
[2026-01-05T17:38:46.216+0000] {processor.py:208} INFO - Processing /home/airflow/.local/lib/python3.12/site-packages/airflow/example_dags/example_dynamic_task_mapping_with_no_taskflow_operators.py took 0.097 seconds
[2026-01-05T17:39:16.397+0000] {processor.py:186} INFO - Started process (PID=2924) to work on /home/airflow/.local/lib/python3.12/site-packages/airflow/example_dags/example_dynamic_task_mapping_with_no_taskflow_operators.py
[2026-01-05T17:39:16.398+0000] {processor.py:914} INFO - Processing file /home/airflow/.local/lib/python3.12/site-packages/airflow/example_dags/example_dynamic_task_mapping_with_no_taskflow_operators.py for tasks to queue
[2026-01-05T17:39:16.403+0000] {logging_mixin.py:190} INFO - [2026-01-05T17:39:16.402+0000] {dagbag.py:587} INFO - Filling up the DagBag from /home/airflow/.local/lib/python3.12/site-packages/airflow/example_dags/example_dynamic_task_mapping_with_no_taskflow_operators.py
[2026-01-05T17:39:16.410+0000] {processor.py:925} INFO - DAG(s) 'example_dynamic_task_mapping_with_no_taskflow_operators' retrieved from /home/airflow/.local/lib/python3.12/site-packages/airflow/example_dags/example_dynamic_task_mapping_with_no_taskflow_operators.py
[2026-01-05T17:39:16.435+0000] {logging_mixin.py:190} INFO - [2026-01-05T17:39:16.435+0000] {dag.py:3211} INFO - Sync 1 DAGs
[2026-01-05T17:39:16.464+0000] {logging_mixin.py:190} INFO - [2026-01-05T17:39:16.464+0000] {dag.py:4138} INFO - Setting next_dagrun for example_dynamic_task_mapping_with_no_taskflow_operators to 2026-01-04 00:00:00+00:00, run_after=2026-01-05 00:00:00+00:00
[2026-01-05T17:39:16.496+0000] {processor.py:208} INFO - Processing /home/airflow/.local/lib/python3.12/site-packages/airflow/example_dags/example_dynamic_task_mapping_with_no_taskflow_operators.py took 0.106 seconds
[2026-01-05T17:39:46.864+0000] {processor.py:186} INFO - Started process (PID=2990) to work on /home/airflow/.local/lib/python3.12/site-packages/airflow/example_dags/example_dynamic_task_mapping_with_no_taskflow_operators.py
[2026-01-05T17:39:46.867+0000] {processor.py:914} INFO - Processing file /home/airflow/.local/lib/python3.12/site-packages/airflow/example_dags/example_dynamic_task_mapping_with_no_taskflow_operators.py for tasks to queue
[2026-01-05T17:39:46.874+0000] {logging_mixin.py:190} INFO - [2026-01-05T17:39:46.873+0000] {dagbag.py:587} INFO - Filling up the DagBag from /home/airflow/.local/lib/python3.12/site-packages/airflow/example_dags/example_dynamic_task_mapping_with_no_taskflow_operators.py
[2026-01-05T17:39:46.891+0000] {processor.py:925} INFO - DAG(s) 'example_dynamic_task_mapping_with_no_taskflow_operators' retrieved from /home/airflow/.local/lib/python3.12/site-packages/airflow/example_dags/example_dynamic_task_mapping_with_no_taskflow_operators.py
[2026-01-05T17:39:46.937+0000] {logging_mixin.py:190} INFO - [2026-01-05T17:39:46.936+0000] {dag.py:3211} INFO - Sync 1 DAGs
[2026-01-05T17:39:46.974+0000] {logging_mixin.py:190} INFO - [2026-01-05T17:39:46.974+0000] {dag.py:4138} INFO - Setting next_dagrun for example_dynamic_task_mapping_with_no_taskflow_operators to 2026-01-04 00:00:00+00:00, run_after=2026-01-05 00:00:00+00:00
[2026-01-05T17:39:47.000+0000] {processor.py:208} INFO - Processing /home/airflow/.local/lib/python3.12/site-packages/airflow/example_dags/example_dynamic_task_mapping_with_no_taskflow_operators.py took 0.154 seconds
[2026-01-05T17:40:17.526+0000] {processor.py:186} INFO - Started process (PID=3056) to work on /home/airflow/.local/lib/python3.12/site-packages/airflow/example_dags/example_dynamic_task_mapping_with_no_taskflow_operators.py
[2026-01-05T17:40:17.528+0000] {processor.py:914} INFO - Processing file /home/airflow/.local/lib/python3.12/site-packages/airflow/example_dags/example_dynamic_task_mapping_with_no_taskflow_operators.py for tasks to queue
[2026-01-05T17:40:17.544+0000] {logging_mixin.py:190} INFO - [2026-01-05T17:40:17.535+0000] {dagbag.py:587} INFO - Filling up the DagBag from /home/airflow/.local/lib/python3.12/site-packages/airflow/example_dags/example_dynamic_task_mapping_with_no_taskflow_operators.py
[2026-01-05T17:40:17.557+0000] {processor.py:925} INFO - DAG(s) 'example_dynamic_task_mapping_with_no_taskflow_operators' retrieved from /home/airflow/.local/lib/python3.12/site-packages/airflow/example_dags/example_dynamic_task_mapping_with_no_taskflow_operators.py
[2026-01-05T17:40:17.601+0000] {logging_mixin.py:190} INFO - [2026-01-05T17:40:17.599+0000] {dag.py:3211} INFO - Sync 1 DAGs
[2026-01-05T17:40:17.668+0000] {logging_mixin.py:190} INFO - [2026-01-05T17:40:17.667+0000] {dag.py:4138} INFO - Setting next_dagrun for example_dynamic_task_mapping_with_no_taskflow_operators to 2026-01-04 00:00:00+00:00, run_after=2026-01-05 00:00:00+00:00
[2026-01-05T17:40:17.734+0000] {processor.py:208} INFO - Processing /home/airflow/.local/lib/python3.12/site-packages/airflow/example_dags/example_dynamic_task_mapping_with_no_taskflow_operators.py took 0.217 seconds
[2026-01-05T17:40:47.834+0000] {processor.py:186} INFO - Started process (PID=3122) to work on /home/airflow/.local/lib/python3.12/site-packages/airflow/example_dags/example_dynamic_task_mapping_with_no_taskflow_operators.py
[2026-01-05T17:40:47.836+0000] {processor.py:914} INFO - Processing file /home/airflow/.local/lib/python3.12/site-packages/airflow/example_dags/example_dynamic_task_mapping_with_no_taskflow_operators.py for tasks to queue
[2026-01-05T17:40:47.839+0000] {logging_mixin.py:190} INFO - [2026-01-05T17:40:47.838+0000] {dagbag.py:587} INFO - Filling up the DagBag from /home/airflow/.local/lib/python3.12/site-packages/airflow/example_dags/example_dynamic_task_mapping_with_no_taskflow_operators.py
[2026-01-05T17:40:47.846+0000] {processor.py:925} INFO - DAG(s) 'example_dynamic_task_mapping_with_no_taskflow_operators' retrieved from /home/airflow/.local/lib/python3.12/site-packages/airflow/example_dags/example_dynamic_task_mapping_with_no_taskflow_operators.py
[2026-01-05T17:40:47.870+0000] {logging_mixin.py:190} INFO - [2026-01-05T17:40:47.869+0000] {dag.py:3211} INFO - Sync 1 DAGs
[2026-01-05T17:40:47.896+0000] {logging_mixin.py:190} INFO - [2026-01-05T17:40:47.896+0000] {dag.py:4138} INFO - Setting next_dagrun for example_dynamic_task_mapping_with_no_taskflow_operators to 2026-01-04 00:00:00+00:00, run_after=2026-01-05 00:00:00+00:00
[2026-01-05T17:40:47.917+0000] {processor.py:208} INFO - Processing /home/airflow/.local/lib/python3.12/site-packages/airflow/example_dags/example_dynamic_task_mapping_with_no_taskflow_operators.py took 0.091 seconds
[2026-01-05T17:41:18.191+0000] {processor.py:186} INFO - Started process (PID=3188) to work on /home/airflow/.local/lib/python3.12/site-packages/airflow/example_dags/example_dynamic_task_mapping_with_no_taskflow_operators.py
[2026-01-05T17:41:18.193+0000] {processor.py:914} INFO - Processing file /home/airflow/.local/lib/python3.12/site-packages/airflow/example_dags/example_dynamic_task_mapping_with_no_taskflow_operators.py for tasks to queue
[2026-01-05T17:41:18.199+0000] {logging_mixin.py:190} INFO - [2026-01-05T17:41:18.198+0000] {dagbag.py:587} INFO - Filling up the DagBag from /home/airflow/.local/lib/python3.12/site-packages/airflow/example_dags/example_dynamic_task_mapping_with_no_taskflow_operators.py
[2026-01-05T17:41:18.213+0000] {processor.py:925} INFO - DAG(s) 'example_dynamic_task_mapping_with_no_taskflow_operators' retrieved from /home/airflow/.local/lib/python3.12/site-packages/airflow/example_dags/example_dynamic_task_mapping_with_no_taskflow_operators.py
[2026-01-05T17:41:18.253+0000] {logging_mixin.py:190} INFO - [2026-01-05T17:41:18.252+0000] {dag.py:3211} INFO - Sync 1 DAGs
[2026-01-05T17:41:18.312+0000] {logging_mixin.py:190} INFO - [2026-01-05T17:41:18.312+0000] {dag.py:4138} INFO - Setting next_dagrun for example_dynamic_task_mapping_with_no_taskflow_operators to 2026-01-04 00:00:00+00:00, run_after=2026-01-05 00:00:00+00:00
[2026-01-05T17:41:18.343+0000] {processor.py:208} INFO - Processing /home/airflow/.local/lib/python3.12/site-packages/airflow/example_dags/example_dynamic_task_mapping_with_no_taskflow_operators.py took 0.163 seconds
[2026-01-05T17:41:48.564+0000] {processor.py:186} INFO - Started process (PID=3254) to work on /home/airflow/.local/lib/python3.12/site-packages/airflow/example_dags/example_dynamic_task_mapping_with_no_taskflow_operators.py
[2026-01-05T17:41:48.565+0000] {processor.py:914} INFO - Processing file /home/airflow/.local/lib/python3.12/site-packages/airflow/example_dags/example_dynamic_task_mapping_with_no_taskflow_operators.py for tasks to queue
[2026-01-05T17:41:48.568+0000] {logging_mixin.py:190} INFO - [2026-01-05T17:41:48.567+0000] {dagbag.py:587} INFO - Filling up the DagBag from /home/airflow/.local/lib/python3.12/site-packages/airflow/example_dags/example_dynamic_task_mapping_with_no_taskflow_operators.py
[2026-01-05T17:41:48.582+0000] {processor.py:925} INFO - DAG(s) 'example_dynamic_task_mapping_with_no_taskflow_operators' retrieved from /home/airflow/.local/lib/python3.12/site-packages/airflow/example_dags/example_dynamic_task_mapping_with_no_taskflow_operators.py
[2026-01-05T17:41:48.614+0000] {logging_mixin.py:190} INFO - [2026-01-05T17:41:48.614+0000] {dag.py:3211} INFO - Sync 1 DAGs
[2026-01-05T17:41:48.644+0000] {logging_mixin.py:190} INFO - [2026-01-05T17:41:48.643+0000] {dag.py:4138} INFO - Setting next_dagrun for example_dynamic_task_mapping_with_no_taskflow_operators to 2026-01-04 00:00:00+00:00, run_after=2026-01-05 00:00:00+00:00
[2026-01-05T17:41:48.672+0000] {processor.py:208} INFO - Processing /home/airflow/.local/lib/python3.12/site-packages/airflow/example_dags/example_dynamic_task_mapping_with_no_taskflow_operators.py took 0.117 seconds
[2026-01-05T17:42:18.900+0000] {processor.py:186} INFO - Started process (PID=3320) to work on /home/airflow/.local/lib/python3.12/site-packages/airflow/example_dags/example_dynamic_task_mapping_with_no_taskflow_operators.py
[2026-01-05T17:42:18.902+0000] {processor.py:914} INFO - Processing file /home/airflow/.local/lib/python3.12/site-packages/airflow/example_dags/example_dynamic_task_mapping_with_no_taskflow_operators.py for tasks to queue
[2026-01-05T17:42:18.906+0000] {logging_mixin.py:190} INFO - [2026-01-05T17:42:18.905+0000] {dagbag.py:587} INFO - Filling up the DagBag from /home/airflow/.local/lib/python3.12/site-packages/airflow/example_dags/example_dynamic_task_mapping_with_no_taskflow_operators.py
[2026-01-05T17:42:18.917+0000] {processor.py:925} INFO - DAG(s) 'example_dynamic_task_mapping_with_no_taskflow_operators' retrieved from /home/airflow/.local/lib/python3.12/site-packages/airflow/example_dags/example_dynamic_task_mapping_with_no_taskflow_operators.py
[2026-01-05T17:42:18.942+0000] {logging_mixin.py:190} INFO - [2026-01-05T17:42:18.942+0000] {dag.py:3211} INFO - Sync 1 DAGs
[2026-01-05T17:42:18.975+0000] {logging_mixin.py:190} INFO - [2026-01-05T17:42:18.975+0000] {dag.py:4138} INFO - Setting next_dagrun for example_dynamic_task_mapping_with_no_taskflow_operators to 2026-01-04 00:00:00+00:00, run_after=2026-01-05 00:00:00+00:00
[2026-01-05T17:42:19.005+0000] {processor.py:208} INFO - Processing /home/airflow/.local/lib/python3.12/site-packages/airflow/example_dags/example_dynamic_task_mapping_with_no_taskflow_operators.py took 0.114 seconds
[2026-01-05T17:42:49.416+0000] {processor.py:186} INFO - Started process (PID=3386) to work on /home/airflow/.local/lib/python3.12/site-packages/airflow/example_dags/example_dynamic_task_mapping_with_no_taskflow_operators.py
[2026-01-05T17:42:49.418+0000] {processor.py:914} INFO - Processing file /home/airflow/.local/lib/python3.12/site-packages/airflow/example_dags/example_dynamic_task_mapping_with_no_taskflow_operators.py for tasks to queue
[2026-01-05T17:42:49.423+0000] {logging_mixin.py:190} INFO - [2026-01-05T17:42:49.422+0000] {dagbag.py:587} INFO - Filling up the DagBag from /home/airflow/.local/lib/python3.12/site-packages/airflow/example_dags/example_dynamic_task_mapping_with_no_taskflow_operators.py
[2026-01-05T17:42:49.434+0000] {processor.py:925} INFO - DAG(s) 'example_dynamic_task_mapping_with_no_taskflow_operators' retrieved from /home/airflow/.local/lib/python3.12/site-packages/airflow/example_dags/example_dynamic_task_mapping_with_no_taskflow_operators.py
[2026-01-05T17:42:49.461+0000] {logging_mixin.py:190} INFO - [2026-01-05T17:42:49.461+0000] {dag.py:3211} INFO - Sync 1 DAGs
[2026-01-05T17:42:49.493+0000] {logging_mixin.py:190} INFO - [2026-01-05T17:42:49.492+0000] {dag.py:4138} INFO - Setting next_dagrun for example_dynamic_task_mapping_with_no_taskflow_operators to 2026-01-04 00:00:00+00:00, run_after=2026-01-05 00:00:00+00:00
[2026-01-05T17:42:49.516+0000] {processor.py:208} INFO - Processing /home/airflow/.local/lib/python3.12/site-packages/airflow/example_dags/example_dynamic_task_mapping_with_no_taskflow_operators.py took 0.110 seconds
[2026-01-05T17:43:19.751+0000] {processor.py:186} INFO - Started process (PID=3452) to work on /home/airflow/.local/lib/python3.12/site-packages/airflow/example_dags/example_dynamic_task_mapping_with_no_taskflow_operators.py
[2026-01-05T17:43:19.753+0000] {processor.py:914} INFO - Processing file /home/airflow/.local/lib/python3.12/site-packages/airflow/example_dags/example_dynamic_task_mapping_with_no_taskflow_operators.py for tasks to queue
[2026-01-05T17:43:19.760+0000] {logging_mixin.py:190} INFO - [2026-01-05T17:43:19.759+0000] {dagbag.py:587} INFO - Filling up the DagBag from /home/airflow/.local/lib/python3.12/site-packages/airflow/example_dags/example_dynamic_task_mapping_with_no_taskflow_operators.py
[2026-01-05T17:43:19.773+0000] {processor.py:925} INFO - DAG(s) 'example_dynamic_task_mapping_with_no_taskflow_operators' retrieved from /home/airflow/.local/lib/python3.12/site-packages/airflow/example_dags/example_dynamic_task_mapping_with_no_taskflow_operators.py
[2026-01-05T17:43:19.807+0000] {logging_mixin.py:190} INFO - [2026-01-05T17:43:19.807+0000] {dag.py:3211} INFO - Sync 1 DAGs
[2026-01-05T17:43:19.849+0000] {logging_mixin.py:190} INFO - [2026-01-05T17:43:19.848+0000] {dag.py:4138} INFO - Setting next_dagrun for example_dynamic_task_mapping_with_no_taskflow_operators to 2026-01-04 00:00:00+00:00, run_after=2026-01-05 00:00:00+00:00
[2026-01-05T17:43:19.883+0000] {processor.py:208} INFO - Processing /home/airflow/.local/lib/python3.12/site-packages/airflow/example_dags/example_dynamic_task_mapping_with_no_taskflow_operators.py took 0.144 seconds
[2026-01-05T17:43:50.073+0000] {processor.py:186} INFO - Started process (PID=3518) to work on /home/airflow/.local/lib/python3.12/site-packages/airflow/example_dags/example_dynamic_task_mapping_with_no_taskflow_operators.py
[2026-01-05T17:43:50.074+0000] {processor.py:914} INFO - Processing file /home/airflow/.local/lib/python3.12/site-packages/airflow/example_dags/example_dynamic_task_mapping_with_no_taskflow_operators.py for tasks to queue
[2026-01-05T17:43:50.079+0000] {logging_mixin.py:190} INFO - [2026-01-05T17:43:50.078+0000] {dagbag.py:587} INFO - Filling up the DagBag from /home/airflow/.local/lib/python3.12/site-packages/airflow/example_dags/example_dynamic_task_mapping_with_no_taskflow_operators.py
[2026-01-05T17:43:50.090+0000] {processor.py:925} INFO - DAG(s) 'example_dynamic_task_mapping_with_no_taskflow_operators' retrieved from /home/airflow/.local/lib/python3.12/site-packages/airflow/example_dags/example_dynamic_task_mapping_with_no_taskflow_operators.py
[2026-01-05T17:43:50.117+0000] {logging_mixin.py:190} INFO - [2026-01-05T17:43:50.116+0000] {dag.py:3211} INFO - Sync 1 DAGs
[2026-01-05T17:43:50.144+0000] {logging_mixin.py:190} INFO - [2026-01-05T17:43:50.144+0000] {dag.py:4138} INFO - Setting next_dagrun for example_dynamic_task_mapping_with_no_taskflow_operators to 2026-01-04 00:00:00+00:00, run_after=2026-01-05 00:00:00+00:00
[2026-01-05T17:43:50.168+0000] {processor.py:208} INFO - Processing /home/airflow/.local/lib/python3.12/site-packages/airflow/example_dags/example_dynamic_task_mapping_with_no_taskflow_operators.py took 0.104 seconds
[2026-01-05T17:44:20.612+0000] {processor.py:186} INFO - Started process (PID=3584) to work on /home/airflow/.local/lib/python3.12/site-packages/airflow/example_dags/example_dynamic_task_mapping_with_no_taskflow_operators.py
[2026-01-05T17:44:20.613+0000] {processor.py:914} INFO - Processing file /home/airflow/.local/lib/python3.12/site-packages/airflow/example_dags/example_dynamic_task_mapping_with_no_taskflow_operators.py for tasks to queue
[2026-01-05T17:44:20.617+0000] {logging_mixin.py:190} INFO - [2026-01-05T17:44:20.616+0000] {dagbag.py:587} INFO - Filling up the DagBag from /home/airflow/.local/lib/python3.12/site-packages/airflow/example_dags/example_dynamic_task_mapping_with_no_taskflow_operators.py
[2026-01-05T17:44:20.626+0000] {processor.py:925} INFO - DAG(s) 'example_dynamic_task_mapping_with_no_taskflow_operators' retrieved from /home/airflow/.local/lib/python3.12/site-packages/airflow/example_dags/example_dynamic_task_mapping_with_no_taskflow_operators.py
[2026-01-05T17:44:20.650+0000] {logging_mixin.py:190} INFO - [2026-01-05T17:44:20.650+0000] {dag.py:3211} INFO - Sync 1 DAGs
[2026-01-05T17:44:20.679+0000] {logging_mixin.py:190} INFO - [2026-01-05T17:44:20.679+0000] {dag.py:4138} INFO - Setting next_dagrun for example_dynamic_task_mapping_with_no_taskflow_operators to 2026-01-04 00:00:00+00:00, run_after=2026-01-05 00:00:00+00:00
[2026-01-05T17:44:20.703+0000] {processor.py:208} INFO - Processing /home/airflow/.local/lib/python3.12/site-packages/airflow/example_dags/example_dynamic_task_mapping_with_no_taskflow_operators.py took 0.099 seconds
[2026-01-05T17:44:51.178+0000] {processor.py:186} INFO - Started process (PID=3651) to work on /home/airflow/.local/lib/python3.12/site-packages/airflow/example_dags/example_dynamic_task_mapping_with_no_taskflow_operators.py
[2026-01-05T17:44:51.180+0000] {processor.py:914} INFO - Processing file /home/airflow/.local/lib/python3.12/site-packages/airflow/example_dags/example_dynamic_task_mapping_with_no_taskflow_operators.py for tasks to queue
[2026-01-05T17:44:51.187+0000] {logging_mixin.py:190} INFO - [2026-01-05T17:44:51.186+0000] {dagbag.py:587} INFO - Filling up the DagBag from /home/airflow/.local/lib/python3.12/site-packages/airflow/example_dags/example_dynamic_task_mapping_with_no_taskflow_operators.py
[2026-01-05T17:44:51.200+0000] {processor.py:925} INFO - DAG(s) 'example_dynamic_task_mapping_with_no_taskflow_operators' retrieved from /home/airflow/.local/lib/python3.12/site-packages/airflow/example_dags/example_dynamic_task_mapping_with_no_taskflow_operators.py
[2026-01-05T17:44:51.232+0000] {logging_mixin.py:190} INFO - [2026-01-05T17:44:51.232+0000] {dag.py:3211} INFO - Sync 1 DAGs
[2026-01-05T17:44:51.261+0000] {logging_mixin.py:190} INFO - [2026-01-05T17:44:51.260+0000] {dag.py:4138} INFO - Setting next_dagrun for example_dynamic_task_mapping_with_no_taskflow_operators to 2026-01-04 00:00:00+00:00, run_after=2026-01-05 00:00:00+00:00
[2026-01-05T17:44:51.285+0000] {processor.py:208} INFO - Processing /home/airflow/.local/lib/python3.12/site-packages/airflow/example_dags/example_dynamic_task_mapping_with_no_taskflow_operators.py took 0.121 seconds
