[2026-01-05T17:17:49.535+0000] {processor.py:186} INFO - Started process (PID=137) to work on /home/airflow/.local/lib/python3.12/site-packages/airflow/example_dags/example_latest_only_with_trigger.py
[2026-01-05T17:17:49.538+0000] {processor.py:914} INFO - Processing file /home/airflow/.local/lib/python3.12/site-packages/airflow/example_dags/example_latest_only_with_trigger.py for tasks to queue
[2026-01-05T17:17:49.544+0000] {logging_mixin.py:190} INFO - [2026-01-05T17:17:49.543+0000] {dagbag.py:587} INFO - Filling up the DagBag from /home/airflow/.local/lib/python3.12/site-packages/airflow/example_dags/example_latest_only_with_trigger.py
[2026-01-05T17:17:49.562+0000] {processor.py:925} INFO - DAG(s) 'latest_only_with_trigger' retrieved from /home/airflow/.local/lib/python3.12/site-packages/airflow/example_dags/example_latest_only_with_trigger.py
[2026-01-05T17:17:49.613+0000] {logging_mixin.py:190} INFO - [2026-01-05T17:17:49.612+0000] {dag.py:3211} INFO - Sync 1 DAGs
[2026-01-05T17:17:49.678+0000] {logging_mixin.py:190} INFO - [2026-01-05T17:17:49.677+0000] {dag.py:4138} INFO - Setting next_dagrun for latest_only_with_trigger to 2026-01-05 12:00:00+00:00, run_after=2026-01-05 16:00:00+00:00
[2026-01-05T17:17:49.715+0000] {processor.py:208} INFO - Processing /home/airflow/.local/lib/python3.12/site-packages/airflow/example_dags/example_latest_only_with_trigger.py took 0.197 seconds
[2026-01-05T17:18:20.241+0000] {processor.py:186} INFO - Started process (PID=203) to work on /home/airflow/.local/lib/python3.12/site-packages/airflow/example_dags/example_latest_only_with_trigger.py
[2026-01-05T17:18:20.244+0000] {processor.py:914} INFO - Processing file /home/airflow/.local/lib/python3.12/site-packages/airflow/example_dags/example_latest_only_with_trigger.py for tasks to queue
[2026-01-05T17:18:20.250+0000] {logging_mixin.py:190} INFO - [2026-01-05T17:18:20.249+0000] {dagbag.py:587} INFO - Filling up the DagBag from /home/airflow/.local/lib/python3.12/site-packages/airflow/example_dags/example_latest_only_with_trigger.py
[2026-01-05T17:18:20.270+0000] {processor.py:925} INFO - DAG(s) 'latest_only_with_trigger' retrieved from /home/airflow/.local/lib/python3.12/site-packages/airflow/example_dags/example_latest_only_with_trigger.py
[2026-01-05T17:18:20.355+0000] {logging_mixin.py:190} INFO - [2026-01-05T17:18:20.354+0000] {dag.py:3211} INFO - Sync 1 DAGs
[2026-01-05T17:18:20.464+0000] {logging_mixin.py:190} INFO - [2026-01-05T17:18:20.464+0000] {dag.py:4138} INFO - Setting next_dagrun for latest_only_with_trigger to 2026-01-05 12:00:00+00:00, run_after=2026-01-05 16:00:00+00:00
[2026-01-05T17:18:20.539+0000] {processor.py:208} INFO - Processing /home/airflow/.local/lib/python3.12/site-packages/airflow/example_dags/example_latest_only_with_trigger.py took 0.313 seconds
[2026-01-05T17:18:50.702+0000] {processor.py:186} INFO - Started process (PID=269) to work on /home/airflow/.local/lib/python3.12/site-packages/airflow/example_dags/example_latest_only_with_trigger.py
[2026-01-05T17:18:50.704+0000] {processor.py:914} INFO - Processing file /home/airflow/.local/lib/python3.12/site-packages/airflow/example_dags/example_latest_only_with_trigger.py for tasks to queue
[2026-01-05T17:18:50.707+0000] {logging_mixin.py:190} INFO - [2026-01-05T17:18:50.707+0000] {dagbag.py:587} INFO - Filling up the DagBag from /home/airflow/.local/lib/python3.12/site-packages/airflow/example_dags/example_latest_only_with_trigger.py
[2026-01-05T17:18:50.720+0000] {processor.py:925} INFO - DAG(s) 'latest_only_with_trigger' retrieved from /home/airflow/.local/lib/python3.12/site-packages/airflow/example_dags/example_latest_only_with_trigger.py
[2026-01-05T17:18:50.759+0000] {logging_mixin.py:190} INFO - [2026-01-05T17:18:50.758+0000] {dag.py:3211} INFO - Sync 1 DAGs
[2026-01-05T17:18:50.790+0000] {logging_mixin.py:190} INFO - [2026-01-05T17:18:50.789+0000] {dag.py:4138} INFO - Setting next_dagrun for latest_only_with_trigger to 2026-01-05 12:00:00+00:00, run_after=2026-01-05 16:00:00+00:00
[2026-01-05T17:18:50.814+0000] {processor.py:208} INFO - Processing /home/airflow/.local/lib/python3.12/site-packages/airflow/example_dags/example_latest_only_with_trigger.py took 0.119 seconds
[2026-01-05T17:19:21.108+0000] {processor.py:186} INFO - Started process (PID=335) to work on /home/airflow/.local/lib/python3.12/site-packages/airflow/example_dags/example_latest_only_with_trigger.py
[2026-01-05T17:19:21.110+0000] {processor.py:914} INFO - Processing file /home/airflow/.local/lib/python3.12/site-packages/airflow/example_dags/example_latest_only_with_trigger.py for tasks to queue
[2026-01-05T17:19:21.114+0000] {logging_mixin.py:190} INFO - [2026-01-05T17:19:21.113+0000] {dagbag.py:587} INFO - Filling up the DagBag from /home/airflow/.local/lib/python3.12/site-packages/airflow/example_dags/example_latest_only_with_trigger.py
[2026-01-05T17:19:21.124+0000] {processor.py:925} INFO - DAG(s) 'latest_only_with_trigger' retrieved from /home/airflow/.local/lib/python3.12/site-packages/airflow/example_dags/example_latest_only_with_trigger.py
[2026-01-05T17:19:21.157+0000] {logging_mixin.py:190} INFO - [2026-01-05T17:19:21.156+0000] {dag.py:3211} INFO - Sync 1 DAGs
[2026-01-05T17:19:21.186+0000] {logging_mixin.py:190} INFO - [2026-01-05T17:19:21.186+0000] {dag.py:4138} INFO - Setting next_dagrun for latest_only_with_trigger to 2026-01-05 12:00:00+00:00, run_after=2026-01-05 16:00:00+00:00
[2026-01-05T17:19:21.211+0000] {processor.py:208} INFO - Processing /home/airflow/.local/lib/python3.12/site-packages/airflow/example_dags/example_latest_only_with_trigger.py took 0.114 seconds
[2026-01-05T17:19:52.133+0000] {processor.py:186} INFO - Started process (PID=401) to work on /home/airflow/.local/lib/python3.12/site-packages/airflow/example_dags/example_latest_only_with_trigger.py
[2026-01-05T17:19:52.134+0000] {processor.py:914} INFO - Processing file /home/airflow/.local/lib/python3.12/site-packages/airflow/example_dags/example_latest_only_with_trigger.py for tasks to queue
[2026-01-05T17:19:52.139+0000] {logging_mixin.py:190} INFO - [2026-01-05T17:19:52.138+0000] {dagbag.py:587} INFO - Filling up the DagBag from /home/airflow/.local/lib/python3.12/site-packages/airflow/example_dags/example_latest_only_with_trigger.py
[2026-01-05T17:19:52.145+0000] {processor.py:925} INFO - DAG(s) 'latest_only_with_trigger' retrieved from /home/airflow/.local/lib/python3.12/site-packages/airflow/example_dags/example_latest_only_with_trigger.py
[2026-01-05T17:19:52.173+0000] {logging_mixin.py:190} INFO - [2026-01-05T17:19:52.173+0000] {dag.py:3211} INFO - Sync 1 DAGs
[2026-01-05T17:19:52.198+0000] {logging_mixin.py:190} INFO - [2026-01-05T17:19:52.198+0000] {dag.py:4138} INFO - Setting next_dagrun for latest_only_with_trigger to 2026-01-05 12:00:00+00:00, run_after=2026-01-05 16:00:00+00:00
[2026-01-05T17:19:52.225+0000] {processor.py:208} INFO - Processing /home/airflow/.local/lib/python3.12/site-packages/airflow/example_dags/example_latest_only_with_trigger.py took 0.099 seconds
[2026-01-05T17:20:23.176+0000] {processor.py:186} INFO - Started process (PID=467) to work on /home/airflow/.local/lib/python3.12/site-packages/airflow/example_dags/example_latest_only_with_trigger.py
[2026-01-05T17:20:23.181+0000] {processor.py:914} INFO - Processing file /home/airflow/.local/lib/python3.12/site-packages/airflow/example_dags/example_latest_only_with_trigger.py for tasks to queue
[2026-01-05T17:20:23.186+0000] {logging_mixin.py:190} INFO - [2026-01-05T17:20:23.185+0000] {dagbag.py:587} INFO - Filling up the DagBag from /home/airflow/.local/lib/python3.12/site-packages/airflow/example_dags/example_latest_only_with_trigger.py
[2026-01-05T17:20:23.196+0000] {processor.py:925} INFO - DAG(s) 'latest_only_with_trigger' retrieved from /home/airflow/.local/lib/python3.12/site-packages/airflow/example_dags/example_latest_only_with_trigger.py
[2026-01-05T17:20:23.241+0000] {logging_mixin.py:190} INFO - [2026-01-05T17:20:23.241+0000] {dag.py:3211} INFO - Sync 1 DAGs
[2026-01-05T17:20:23.280+0000] {logging_mixin.py:190} INFO - [2026-01-05T17:20:23.280+0000] {dag.py:4138} INFO - Setting next_dagrun for latest_only_with_trigger to 2026-01-05 12:00:00+00:00, run_after=2026-01-05 16:00:00+00:00
[2026-01-05T17:20:23.308+0000] {processor.py:208} INFO - Processing /home/airflow/.local/lib/python3.12/site-packages/airflow/example_dags/example_latest_only_with_trigger.py took 0.142 seconds
[2026-01-05T17:20:54.099+0000] {processor.py:186} INFO - Started process (PID=533) to work on /home/airflow/.local/lib/python3.12/site-packages/airflow/example_dags/example_latest_only_with_trigger.py
[2026-01-05T17:20:54.101+0000] {processor.py:914} INFO - Processing file /home/airflow/.local/lib/python3.12/site-packages/airflow/example_dags/example_latest_only_with_trigger.py for tasks to queue
[2026-01-05T17:20:54.105+0000] {logging_mixin.py:190} INFO - [2026-01-05T17:20:54.104+0000] {dagbag.py:587} INFO - Filling up the DagBag from /home/airflow/.local/lib/python3.12/site-packages/airflow/example_dags/example_latest_only_with_trigger.py
[2026-01-05T17:20:54.113+0000] {processor.py:925} INFO - DAG(s) 'latest_only_with_trigger' retrieved from /home/airflow/.local/lib/python3.12/site-packages/airflow/example_dags/example_latest_only_with_trigger.py
[2026-01-05T17:20:54.139+0000] {logging_mixin.py:190} INFO - [2026-01-05T17:20:54.139+0000] {dag.py:3211} INFO - Sync 1 DAGs
[2026-01-05T17:20:54.169+0000] {logging_mixin.py:190} INFO - [2026-01-05T17:20:54.169+0000] {dag.py:4138} INFO - Setting next_dagrun for latest_only_with_trigger to 2026-01-05 12:00:00+00:00, run_after=2026-01-05 16:00:00+00:00
[2026-01-05T17:20:54.196+0000] {processor.py:208} INFO - Processing /home/airflow/.local/lib/python3.12/site-packages/airflow/example_dags/example_latest_only_with_trigger.py took 0.105 seconds
[2026-01-05T17:21:24.379+0000] {processor.py:186} INFO - Started process (PID=599) to work on /home/airflow/.local/lib/python3.12/site-packages/airflow/example_dags/example_latest_only_with_trigger.py
[2026-01-05T17:21:24.382+0000] {processor.py:914} INFO - Processing file /home/airflow/.local/lib/python3.12/site-packages/airflow/example_dags/example_latest_only_with_trigger.py for tasks to queue
[2026-01-05T17:21:24.384+0000] {logging_mixin.py:190} INFO - [2026-01-05T17:21:24.384+0000] {dagbag.py:587} INFO - Filling up the DagBag from /home/airflow/.local/lib/python3.12/site-packages/airflow/example_dags/example_latest_only_with_trigger.py
[2026-01-05T17:21:24.390+0000] {processor.py:925} INFO - DAG(s) 'latest_only_with_trigger' retrieved from /home/airflow/.local/lib/python3.12/site-packages/airflow/example_dags/example_latest_only_with_trigger.py
[2026-01-05T17:21:24.414+0000] {logging_mixin.py:190} INFO - [2026-01-05T17:21:24.414+0000] {dag.py:3211} INFO - Sync 1 DAGs
[2026-01-05T17:21:24.442+0000] {logging_mixin.py:190} INFO - [2026-01-05T17:21:24.441+0000] {dag.py:4138} INFO - Setting next_dagrun for latest_only_with_trigger to 2026-01-05 12:00:00+00:00, run_after=2026-01-05 16:00:00+00:00
[2026-01-05T17:21:24.461+0000] {processor.py:208} INFO - Processing /home/airflow/.local/lib/python3.12/site-packages/airflow/example_dags/example_latest_only_with_trigger.py took 0.089 seconds
[2026-01-05T17:21:54.705+0000] {processor.py:186} INFO - Started process (PID=665) to work on /home/airflow/.local/lib/python3.12/site-packages/airflow/example_dags/example_latest_only_with_trigger.py
[2026-01-05T17:21:54.707+0000] {processor.py:914} INFO - Processing file /home/airflow/.local/lib/python3.12/site-packages/airflow/example_dags/example_latest_only_with_trigger.py for tasks to queue
[2026-01-05T17:21:54.710+0000] {logging_mixin.py:190} INFO - [2026-01-05T17:21:54.710+0000] {dagbag.py:587} INFO - Filling up the DagBag from /home/airflow/.local/lib/python3.12/site-packages/airflow/example_dags/example_latest_only_with_trigger.py
[2026-01-05T17:21:54.717+0000] {processor.py:925} INFO - DAG(s) 'latest_only_with_trigger' retrieved from /home/airflow/.local/lib/python3.12/site-packages/airflow/example_dags/example_latest_only_with_trigger.py
[2026-01-05T17:21:54.740+0000] {logging_mixin.py:190} INFO - [2026-01-05T17:21:54.739+0000] {dag.py:3211} INFO - Sync 1 DAGs
[2026-01-05T17:21:54.764+0000] {logging_mixin.py:190} INFO - [2026-01-05T17:21:54.764+0000] {dag.py:4138} INFO - Setting next_dagrun for latest_only_with_trigger to 2026-01-05 12:00:00+00:00, run_after=2026-01-05 16:00:00+00:00
[2026-01-05T17:21:54.782+0000] {processor.py:208} INFO - Processing /home/airflow/.local/lib/python3.12/site-packages/airflow/example_dags/example_latest_only_with_trigger.py took 0.084 seconds
[2026-01-05T17:22:25.372+0000] {processor.py:186} INFO - Started process (PID=731) to work on /home/airflow/.local/lib/python3.12/site-packages/airflow/example_dags/example_latest_only_with_trigger.py
[2026-01-05T17:22:25.375+0000] {processor.py:914} INFO - Processing file /home/airflow/.local/lib/python3.12/site-packages/airflow/example_dags/example_latest_only_with_trigger.py for tasks to queue
[2026-01-05T17:22:25.382+0000] {logging_mixin.py:190} INFO - [2026-01-05T17:22:25.381+0000] {dagbag.py:587} INFO - Filling up the DagBag from /home/airflow/.local/lib/python3.12/site-packages/airflow/example_dags/example_latest_only_with_trigger.py
[2026-01-05T17:22:25.399+0000] {processor.py:925} INFO - DAG(s) 'latest_only_with_trigger' retrieved from /home/airflow/.local/lib/python3.12/site-packages/airflow/example_dags/example_latest_only_with_trigger.py
[2026-01-05T17:22:25.466+0000] {logging_mixin.py:190} INFO - [2026-01-05T17:22:25.466+0000] {dag.py:3211} INFO - Sync 1 DAGs
[2026-01-05T17:22:25.547+0000] {logging_mixin.py:190} INFO - [2026-01-05T17:22:25.546+0000] {dag.py:4138} INFO - Setting next_dagrun for latest_only_with_trigger to 2026-01-05 12:00:00+00:00, run_after=2026-01-05 16:00:00+00:00
[2026-01-05T17:22:25.616+0000] {processor.py:208} INFO - Processing /home/airflow/.local/lib/python3.12/site-packages/airflow/example_dags/example_latest_only_with_trigger.py took 0.257 seconds
[2026-01-05T17:22:56.195+0000] {processor.py:186} INFO - Started process (PID=797) to work on /home/airflow/.local/lib/python3.12/site-packages/airflow/example_dags/example_latest_only_with_trigger.py
[2026-01-05T17:22:56.196+0000] {processor.py:914} INFO - Processing file /home/airflow/.local/lib/python3.12/site-packages/airflow/example_dags/example_latest_only_with_trigger.py for tasks to queue
[2026-01-05T17:22:56.201+0000] {logging_mixin.py:190} INFO - [2026-01-05T17:22:56.200+0000] {dagbag.py:587} INFO - Filling up the DagBag from /home/airflow/.local/lib/python3.12/site-packages/airflow/example_dags/example_latest_only_with_trigger.py
[2026-01-05T17:22:56.207+0000] {processor.py:925} INFO - DAG(s) 'latest_only_with_trigger' retrieved from /home/airflow/.local/lib/python3.12/site-packages/airflow/example_dags/example_latest_only_with_trigger.py
[2026-01-05T17:22:56.236+0000] {logging_mixin.py:190} INFO - [2026-01-05T17:22:56.236+0000] {dag.py:3211} INFO - Sync 1 DAGs
[2026-01-05T17:22:56.264+0000] {logging_mixin.py:190} INFO - [2026-01-05T17:22:56.264+0000] {dag.py:4138} INFO - Setting next_dagrun for latest_only_with_trigger to 2026-01-05 12:00:00+00:00, run_after=2026-01-05 16:00:00+00:00
[2026-01-05T17:22:56.282+0000] {processor.py:208} INFO - Processing /home/airflow/.local/lib/python3.12/site-packages/airflow/example_dags/example_latest_only_with_trigger.py took 0.098 seconds
[2026-01-05T17:23:27.338+0000] {processor.py:186} INFO - Started process (PID=869) to work on /home/airflow/.local/lib/python3.12/site-packages/airflow/example_dags/example_latest_only_with_trigger.py
[2026-01-05T17:23:27.340+0000] {processor.py:914} INFO - Processing file /home/airflow/.local/lib/python3.12/site-packages/airflow/example_dags/example_latest_only_with_trigger.py for tasks to queue
[2026-01-05T17:23:27.343+0000] {logging_mixin.py:190} INFO - [2026-01-05T17:23:27.342+0000] {dagbag.py:587} INFO - Filling up the DagBag from /home/airflow/.local/lib/python3.12/site-packages/airflow/example_dags/example_latest_only_with_trigger.py
[2026-01-05T17:23:27.350+0000] {processor.py:925} INFO - DAG(s) 'latest_only_with_trigger' retrieved from /home/airflow/.local/lib/python3.12/site-packages/airflow/example_dags/example_latest_only_with_trigger.py
[2026-01-05T17:23:27.379+0000] {logging_mixin.py:190} INFO - [2026-01-05T17:23:27.379+0000] {dag.py:3211} INFO - Sync 1 DAGs
[2026-01-05T17:23:27.408+0000] {logging_mixin.py:190} INFO - [2026-01-05T17:23:27.408+0000] {dag.py:4138} INFO - Setting next_dagrun for latest_only_with_trigger to 2026-01-05 12:00:00+00:00, run_after=2026-01-05 16:00:00+00:00
[2026-01-05T17:23:27.440+0000] {processor.py:208} INFO - Processing /home/airflow/.local/lib/python3.12/site-packages/airflow/example_dags/example_latest_only_with_trigger.py took 0.109 seconds
[2026-01-05T17:23:57.675+0000] {processor.py:186} INFO - Started process (PID=935) to work on /home/airflow/.local/lib/python3.12/site-packages/airflow/example_dags/example_latest_only_with_trigger.py
[2026-01-05T17:23:57.677+0000] {processor.py:914} INFO - Processing file /home/airflow/.local/lib/python3.12/site-packages/airflow/example_dags/example_latest_only_with_trigger.py for tasks to queue
[2026-01-05T17:23:57.680+0000] {logging_mixin.py:190} INFO - [2026-01-05T17:23:57.680+0000] {dagbag.py:587} INFO - Filling up the DagBag from /home/airflow/.local/lib/python3.12/site-packages/airflow/example_dags/example_latest_only_with_trigger.py
[2026-01-05T17:23:57.690+0000] {processor.py:925} INFO - DAG(s) 'latest_only_with_trigger' retrieved from /home/airflow/.local/lib/python3.12/site-packages/airflow/example_dags/example_latest_only_with_trigger.py
[2026-01-05T17:23:57.728+0000] {logging_mixin.py:190} INFO - [2026-01-05T17:23:57.728+0000] {dag.py:3211} INFO - Sync 1 DAGs
[2026-01-05T17:23:57.763+0000] {logging_mixin.py:190} INFO - [2026-01-05T17:23:57.762+0000] {dag.py:4138} INFO - Setting next_dagrun for latest_only_with_trigger to 2026-01-05 12:00:00+00:00, run_after=2026-01-05 16:00:00+00:00
[2026-01-05T17:23:57.788+0000] {processor.py:208} INFO - Processing /home/airflow/.local/lib/python3.12/site-packages/airflow/example_dags/example_latest_only_with_trigger.py took 0.120 seconds
[2026-01-05T17:24:28.214+0000] {processor.py:186} INFO - Started process (PID=1001) to work on /home/airflow/.local/lib/python3.12/site-packages/airflow/example_dags/example_latest_only_with_trigger.py
[2026-01-05T17:24:28.215+0000] {processor.py:914} INFO - Processing file /home/airflow/.local/lib/python3.12/site-packages/airflow/example_dags/example_latest_only_with_trigger.py for tasks to queue
[2026-01-05T17:24:28.219+0000] {logging_mixin.py:190} INFO - [2026-01-05T17:24:28.218+0000] {dagbag.py:587} INFO - Filling up the DagBag from /home/airflow/.local/lib/python3.12/site-packages/airflow/example_dags/example_latest_only_with_trigger.py
[2026-01-05T17:24:28.225+0000] {processor.py:925} INFO - DAG(s) 'latest_only_with_trigger' retrieved from /home/airflow/.local/lib/python3.12/site-packages/airflow/example_dags/example_latest_only_with_trigger.py
[2026-01-05T17:24:28.247+0000] {logging_mixin.py:190} INFO - [2026-01-05T17:24:28.247+0000] {dag.py:3211} INFO - Sync 1 DAGs
[2026-01-05T17:24:28.272+0000] {logging_mixin.py:190} INFO - [2026-01-05T17:24:28.272+0000] {dag.py:4138} INFO - Setting next_dagrun for latest_only_with_trigger to 2026-01-05 12:00:00+00:00, run_after=2026-01-05 16:00:00+00:00
[2026-01-05T17:24:28.297+0000] {processor.py:208} INFO - Processing /home/airflow/.local/lib/python3.12/site-packages/airflow/example_dags/example_latest_only_with_trigger.py took 0.091 seconds
[2026-01-05T17:24:58.468+0000] {processor.py:186} INFO - Started process (PID=1067) to work on /home/airflow/.local/lib/python3.12/site-packages/airflow/example_dags/example_latest_only_with_trigger.py
[2026-01-05T17:24:58.470+0000] {processor.py:914} INFO - Processing file /home/airflow/.local/lib/python3.12/site-packages/airflow/example_dags/example_latest_only_with_trigger.py for tasks to queue
[2026-01-05T17:24:58.474+0000] {logging_mixin.py:190} INFO - [2026-01-05T17:24:58.474+0000] {dagbag.py:587} INFO - Filling up the DagBag from /home/airflow/.local/lib/python3.12/site-packages/airflow/example_dags/example_latest_only_with_trigger.py
[2026-01-05T17:24:58.486+0000] {processor.py:925} INFO - DAG(s) 'latest_only_with_trigger' retrieved from /home/airflow/.local/lib/python3.12/site-packages/airflow/example_dags/example_latest_only_with_trigger.py
[2026-01-05T17:24:58.527+0000] {logging_mixin.py:190} INFO - [2026-01-05T17:24:58.527+0000] {dag.py:3211} INFO - Sync 1 DAGs
[2026-01-05T17:24:58.573+0000] {logging_mixin.py:190} INFO - [2026-01-05T17:24:58.573+0000] {dag.py:4138} INFO - Setting next_dagrun for latest_only_with_trigger to 2026-01-05 12:00:00+00:00, run_after=2026-01-05 16:00:00+00:00
[2026-01-05T17:24:58.605+0000] {processor.py:208} INFO - Processing /home/airflow/.local/lib/python3.12/site-packages/airflow/example_dags/example_latest_only_with_trigger.py took 0.148 seconds
[2026-01-05T17:25:28.714+0000] {processor.py:186} INFO - Started process (PID=1133) to work on /home/airflow/.local/lib/python3.12/site-packages/airflow/example_dags/example_latest_only_with_trigger.py
[2026-01-05T17:25:28.715+0000] {processor.py:914} INFO - Processing file /home/airflow/.local/lib/python3.12/site-packages/airflow/example_dags/example_latest_only_with_trigger.py for tasks to queue
[2026-01-05T17:25:28.718+0000] {logging_mixin.py:190} INFO - [2026-01-05T17:25:28.718+0000] {dagbag.py:587} INFO - Filling up the DagBag from /home/airflow/.local/lib/python3.12/site-packages/airflow/example_dags/example_latest_only_with_trigger.py
[2026-01-05T17:25:28.726+0000] {processor.py:925} INFO - DAG(s) 'latest_only_with_trigger' retrieved from /home/airflow/.local/lib/python3.12/site-packages/airflow/example_dags/example_latest_only_with_trigger.py
[2026-01-05T17:25:28.753+0000] {logging_mixin.py:190} INFO - [2026-01-05T17:25:28.753+0000] {dag.py:3211} INFO - Sync 1 DAGs
[2026-01-05T17:25:28.781+0000] {logging_mixin.py:190} INFO - [2026-01-05T17:25:28.780+0000] {dag.py:4138} INFO - Setting next_dagrun for latest_only_with_trigger to 2026-01-05 12:00:00+00:00, run_after=2026-01-05 16:00:00+00:00
[2026-01-05T17:25:28.802+0000] {processor.py:208} INFO - Processing /home/airflow/.local/lib/python3.12/site-packages/airflow/example_dags/example_latest_only_with_trigger.py took 0.096 seconds
[2026-01-05T17:25:58.930+0000] {processor.py:186} INFO - Started process (PID=1199) to work on /home/airflow/.local/lib/python3.12/site-packages/airflow/example_dags/example_latest_only_with_trigger.py
[2026-01-05T17:25:58.931+0000] {processor.py:914} INFO - Processing file /home/airflow/.local/lib/python3.12/site-packages/airflow/example_dags/example_latest_only_with_trigger.py for tasks to queue
[2026-01-05T17:25:58.935+0000] {logging_mixin.py:190} INFO - [2026-01-05T17:25:58.935+0000] {dagbag.py:587} INFO - Filling up the DagBag from /home/airflow/.local/lib/python3.12/site-packages/airflow/example_dags/example_latest_only_with_trigger.py
[2026-01-05T17:25:58.943+0000] {processor.py:925} INFO - DAG(s) 'latest_only_with_trigger' retrieved from /home/airflow/.local/lib/python3.12/site-packages/airflow/example_dags/example_latest_only_with_trigger.py
[2026-01-05T17:25:58.978+0000] {logging_mixin.py:190} INFO - [2026-01-05T17:25:58.977+0000] {dag.py:3211} INFO - Sync 1 DAGs
[2026-01-05T17:25:59.007+0000] {logging_mixin.py:190} INFO - [2026-01-05T17:25:59.006+0000] {dag.py:4138} INFO - Setting next_dagrun for latest_only_with_trigger to 2026-01-05 12:00:00+00:00, run_after=2026-01-05 16:00:00+00:00
[2026-01-05T17:25:59.032+0000] {processor.py:208} INFO - Processing /home/airflow/.local/lib/python3.12/site-packages/airflow/example_dags/example_latest_only_with_trigger.py took 0.109 seconds
[2026-01-05T17:26:29.308+0000] {processor.py:186} INFO - Started process (PID=1265) to work on /home/airflow/.local/lib/python3.12/site-packages/airflow/example_dags/example_latest_only_with_trigger.py
[2026-01-05T17:26:29.309+0000] {processor.py:914} INFO - Processing file /home/airflow/.local/lib/python3.12/site-packages/airflow/example_dags/example_latest_only_with_trigger.py for tasks to queue
[2026-01-05T17:26:29.312+0000] {logging_mixin.py:190} INFO - [2026-01-05T17:26:29.312+0000] {dagbag.py:587} INFO - Filling up the DagBag from /home/airflow/.local/lib/python3.12/site-packages/airflow/example_dags/example_latest_only_with_trigger.py
[2026-01-05T17:26:29.319+0000] {processor.py:925} INFO - DAG(s) 'latest_only_with_trigger' retrieved from /home/airflow/.local/lib/python3.12/site-packages/airflow/example_dags/example_latest_only_with_trigger.py
[2026-01-05T17:26:29.346+0000] {logging_mixin.py:190} INFO - [2026-01-05T17:26:29.346+0000] {dag.py:3211} INFO - Sync 1 DAGs
[2026-01-05T17:26:29.372+0000] {logging_mixin.py:190} INFO - [2026-01-05T17:26:29.372+0000] {dag.py:4138} INFO - Setting next_dagrun for latest_only_with_trigger to 2026-01-05 12:00:00+00:00, run_after=2026-01-05 16:00:00+00:00
[2026-01-05T17:26:29.397+0000] {processor.py:208} INFO - Processing /home/airflow/.local/lib/python3.12/site-packages/airflow/example_dags/example_latest_only_with_trigger.py took 0.093 seconds
[2026-01-05T17:26:59.567+0000] {processor.py:186} INFO - Started process (PID=1331) to work on /home/airflow/.local/lib/python3.12/site-packages/airflow/example_dags/example_latest_only_with_trigger.py
[2026-01-05T17:26:59.568+0000] {processor.py:914} INFO - Processing file /home/airflow/.local/lib/python3.12/site-packages/airflow/example_dags/example_latest_only_with_trigger.py for tasks to queue
[2026-01-05T17:26:59.571+0000] {logging_mixin.py:190} INFO - [2026-01-05T17:26:59.570+0000] {dagbag.py:587} INFO - Filling up the DagBag from /home/airflow/.local/lib/python3.12/site-packages/airflow/example_dags/example_latest_only_with_trigger.py
[2026-01-05T17:26:59.578+0000] {processor.py:925} INFO - DAG(s) 'latest_only_with_trigger' retrieved from /home/airflow/.local/lib/python3.12/site-packages/airflow/example_dags/example_latest_only_with_trigger.py
[2026-01-05T17:26:59.606+0000] {logging_mixin.py:190} INFO - [2026-01-05T17:26:59.605+0000] {dag.py:3211} INFO - Sync 1 DAGs
[2026-01-05T17:26:59.635+0000] {logging_mixin.py:190} INFO - [2026-01-05T17:26:59.634+0000] {dag.py:4138} INFO - Setting next_dagrun for latest_only_with_trigger to 2026-01-05 12:00:00+00:00, run_after=2026-01-05 16:00:00+00:00
[2026-01-05T17:26:59.659+0000] {processor.py:208} INFO - Processing /home/airflow/.local/lib/python3.12/site-packages/airflow/example_dags/example_latest_only_with_trigger.py took 0.099 seconds
[2026-01-05T17:27:29.961+0000] {processor.py:186} INFO - Started process (PID=1397) to work on /home/airflow/.local/lib/python3.12/site-packages/airflow/example_dags/example_latest_only_with_trigger.py
[2026-01-05T17:27:29.962+0000] {processor.py:914} INFO - Processing file /home/airflow/.local/lib/python3.12/site-packages/airflow/example_dags/example_latest_only_with_trigger.py for tasks to queue
[2026-01-05T17:27:29.965+0000] {logging_mixin.py:190} INFO - [2026-01-05T17:27:29.965+0000] {dagbag.py:587} INFO - Filling up the DagBag from /home/airflow/.local/lib/python3.12/site-packages/airflow/example_dags/example_latest_only_with_trigger.py
[2026-01-05T17:27:29.971+0000] {processor.py:925} INFO - DAG(s) 'latest_only_with_trigger' retrieved from /home/airflow/.local/lib/python3.12/site-packages/airflow/example_dags/example_latest_only_with_trigger.py
[2026-01-05T17:27:29.996+0000] {logging_mixin.py:190} INFO - [2026-01-05T17:27:29.996+0000] {dag.py:3211} INFO - Sync 1 DAGs
[2026-01-05T17:27:30.022+0000] {logging_mixin.py:190} INFO - [2026-01-05T17:27:30.022+0000] {dag.py:4138} INFO - Setting next_dagrun for latest_only_with_trigger to 2026-01-05 12:00:00+00:00, run_after=2026-01-05 16:00:00+00:00
[2026-01-05T17:27:30.052+0000] {processor.py:208} INFO - Processing /home/airflow/.local/lib/python3.12/site-packages/airflow/example_dags/example_latest_only_with_trigger.py took 0.101 seconds
[2026-01-05T17:28:00.531+0000] {processor.py:186} INFO - Started process (PID=1463) to work on /home/airflow/.local/lib/python3.12/site-packages/airflow/example_dags/example_latest_only_with_trigger.py
[2026-01-05T17:28:00.534+0000] {processor.py:914} INFO - Processing file /home/airflow/.local/lib/python3.12/site-packages/airflow/example_dags/example_latest_only_with_trigger.py for tasks to queue
[2026-01-05T17:28:00.540+0000] {logging_mixin.py:190} INFO - [2026-01-05T17:28:00.539+0000] {dagbag.py:587} INFO - Filling up the DagBag from /home/airflow/.local/lib/python3.12/site-packages/airflow/example_dags/example_latest_only_with_trigger.py
[2026-01-05T17:28:00.551+0000] {processor.py:925} INFO - DAG(s) 'latest_only_with_trigger' retrieved from /home/airflow/.local/lib/python3.12/site-packages/airflow/example_dags/example_latest_only_with_trigger.py
[2026-01-05T17:28:00.597+0000] {logging_mixin.py:190} INFO - [2026-01-05T17:28:00.596+0000] {dag.py:3211} INFO - Sync 1 DAGs
[2026-01-05T17:28:00.654+0000] {logging_mixin.py:190} INFO - [2026-01-05T17:28:00.653+0000] {dag.py:4138} INFO - Setting next_dagrun for latest_only_with_trigger to 2026-01-05 12:00:00+00:00, run_after=2026-01-05 16:00:00+00:00
[2026-01-05T17:28:00.720+0000] {processor.py:208} INFO - Processing /home/airflow/.local/lib/python3.12/site-packages/airflow/example_dags/example_latest_only_with_trigger.py took 0.201 seconds
[2026-01-05T17:28:31.177+0000] {processor.py:186} INFO - Started process (PID=1529) to work on /home/airflow/.local/lib/python3.12/site-packages/airflow/example_dags/example_latest_only_with_trigger.py
[2026-01-05T17:28:31.179+0000] {processor.py:914} INFO - Processing file /home/airflow/.local/lib/python3.12/site-packages/airflow/example_dags/example_latest_only_with_trigger.py for tasks to queue
[2026-01-05T17:28:31.183+0000] {logging_mixin.py:190} INFO - [2026-01-05T17:28:31.183+0000] {dagbag.py:587} INFO - Filling up the DagBag from /home/airflow/.local/lib/python3.12/site-packages/airflow/example_dags/example_latest_only_with_trigger.py
[2026-01-05T17:28:31.191+0000] {processor.py:925} INFO - DAG(s) 'latest_only_with_trigger' retrieved from /home/airflow/.local/lib/python3.12/site-packages/airflow/example_dags/example_latest_only_with_trigger.py
[2026-01-05T17:28:31.213+0000] {logging_mixin.py:190} INFO - [2026-01-05T17:28:31.213+0000] {dag.py:3211} INFO - Sync 1 DAGs
[2026-01-05T17:28:31.241+0000] {logging_mixin.py:190} INFO - [2026-01-05T17:28:31.241+0000] {dag.py:4138} INFO - Setting next_dagrun for latest_only_with_trigger to 2026-01-05 12:00:00+00:00, run_after=2026-01-05 16:00:00+00:00
[2026-01-05T17:28:31.263+0000] {processor.py:208} INFO - Processing /home/airflow/.local/lib/python3.12/site-packages/airflow/example_dags/example_latest_only_with_trigger.py took 0.092 seconds
[2026-01-05T17:29:01.760+0000] {processor.py:186} INFO - Started process (PID=1595) to work on /home/airflow/.local/lib/python3.12/site-packages/airflow/example_dags/example_latest_only_with_trigger.py
[2026-01-05T17:29:01.762+0000] {processor.py:914} INFO - Processing file /home/airflow/.local/lib/python3.12/site-packages/airflow/example_dags/example_latest_only_with_trigger.py for tasks to queue
[2026-01-05T17:29:01.765+0000] {logging_mixin.py:190} INFO - [2026-01-05T17:29:01.765+0000] {dagbag.py:587} INFO - Filling up the DagBag from /home/airflow/.local/lib/python3.12/site-packages/airflow/example_dags/example_latest_only_with_trigger.py
[2026-01-05T17:29:01.774+0000] {processor.py:925} INFO - DAG(s) 'latest_only_with_trigger' retrieved from /home/airflow/.local/lib/python3.12/site-packages/airflow/example_dags/example_latest_only_with_trigger.py
[2026-01-05T17:29:01.803+0000] {logging_mixin.py:190} INFO - [2026-01-05T17:29:01.802+0000] {dag.py:3211} INFO - Sync 1 DAGs
[2026-01-05T17:29:01.844+0000] {logging_mixin.py:190} INFO - [2026-01-05T17:29:01.844+0000] {dag.py:4138} INFO - Setting next_dagrun for latest_only_with_trigger to 2026-01-05 12:00:00+00:00, run_after=2026-01-05 16:00:00+00:00
[2026-01-05T17:29:01.871+0000] {processor.py:208} INFO - Processing /home/airflow/.local/lib/python3.12/site-packages/airflow/example_dags/example_latest_only_with_trigger.py took 0.118 seconds
[2026-01-05T17:29:32.531+0000] {processor.py:186} INFO - Started process (PID=1661) to work on /home/airflow/.local/lib/python3.12/site-packages/airflow/example_dags/example_latest_only_with_trigger.py
[2026-01-05T17:29:32.533+0000] {processor.py:914} INFO - Processing file /home/airflow/.local/lib/python3.12/site-packages/airflow/example_dags/example_latest_only_with_trigger.py for tasks to queue
[2026-01-05T17:29:32.537+0000] {logging_mixin.py:190} INFO - [2026-01-05T17:29:32.536+0000] {dagbag.py:587} INFO - Filling up the DagBag from /home/airflow/.local/lib/python3.12/site-packages/airflow/example_dags/example_latest_only_with_trigger.py
[2026-01-05T17:29:32.542+0000] {processor.py:925} INFO - DAG(s) 'latest_only_with_trigger' retrieved from /home/airflow/.local/lib/python3.12/site-packages/airflow/example_dags/example_latest_only_with_trigger.py
[2026-01-05T17:29:32.572+0000] {logging_mixin.py:190} INFO - [2026-01-05T17:29:32.571+0000] {dag.py:3211} INFO - Sync 1 DAGs
[2026-01-05T17:29:32.602+0000] {logging_mixin.py:190} INFO - [2026-01-05T17:29:32.602+0000] {dag.py:4138} INFO - Setting next_dagrun for latest_only_with_trigger to 2026-01-05 12:00:00+00:00, run_after=2026-01-05 16:00:00+00:00
[2026-01-05T17:29:32.622+0000] {processor.py:208} INFO - Processing /home/airflow/.local/lib/python3.12/site-packages/airflow/example_dags/example_latest_only_with_trigger.py took 0.098 seconds
[2026-01-05T17:30:02.956+0000] {processor.py:186} INFO - Started process (PID=1727) to work on /home/airflow/.local/lib/python3.12/site-packages/airflow/example_dags/example_latest_only_with_trigger.py
[2026-01-05T17:30:02.958+0000] {processor.py:914} INFO - Processing file /home/airflow/.local/lib/python3.12/site-packages/airflow/example_dags/example_latest_only_with_trigger.py for tasks to queue
[2026-01-05T17:30:02.961+0000] {logging_mixin.py:190} INFO - [2026-01-05T17:30:02.960+0000] {dagbag.py:587} INFO - Filling up the DagBag from /home/airflow/.local/lib/python3.12/site-packages/airflow/example_dags/example_latest_only_with_trigger.py
[2026-01-05T17:30:02.967+0000] {processor.py:925} INFO - DAG(s) 'latest_only_with_trigger' retrieved from /home/airflow/.local/lib/python3.12/site-packages/airflow/example_dags/example_latest_only_with_trigger.py
[2026-01-05T17:30:02.988+0000] {logging_mixin.py:190} INFO - [2026-01-05T17:30:02.987+0000] {dag.py:3211} INFO - Sync 1 DAGs
[2026-01-05T17:30:03.008+0000] {logging_mixin.py:190} INFO - [2026-01-05T17:30:03.008+0000] {dag.py:4138} INFO - Setting next_dagrun for latest_only_with_trigger to 2026-01-05 12:00:00+00:00, run_after=2026-01-05 16:00:00+00:00
[2026-01-05T17:30:03.027+0000] {processor.py:208} INFO - Processing /home/airflow/.local/lib/python3.12/site-packages/airflow/example_dags/example_latest_only_with_trigger.py took 0.078 seconds
[2026-01-05T17:30:33.591+0000] {processor.py:186} INFO - Started process (PID=1794) to work on /home/airflow/.local/lib/python3.12/site-packages/airflow/example_dags/example_latest_only_with_trigger.py
[2026-01-05T17:30:33.592+0000] {processor.py:914} INFO - Processing file /home/airflow/.local/lib/python3.12/site-packages/airflow/example_dags/example_latest_only_with_trigger.py for tasks to queue
[2026-01-05T17:30:33.595+0000] {logging_mixin.py:190} INFO - [2026-01-05T17:30:33.595+0000] {dagbag.py:587} INFO - Filling up the DagBag from /home/airflow/.local/lib/python3.12/site-packages/airflow/example_dags/example_latest_only_with_trigger.py
[2026-01-05T17:30:33.603+0000] {processor.py:925} INFO - DAG(s) 'latest_only_with_trigger' retrieved from /home/airflow/.local/lib/python3.12/site-packages/airflow/example_dags/example_latest_only_with_trigger.py
[2026-01-05T17:30:33.628+0000] {logging_mixin.py:190} INFO - [2026-01-05T17:30:33.627+0000] {dag.py:3211} INFO - Sync 1 DAGs
[2026-01-05T17:30:33.656+0000] {logging_mixin.py:190} INFO - [2026-01-05T17:30:33.655+0000] {dag.py:4138} INFO - Setting next_dagrun for latest_only_with_trigger to 2026-01-05 12:00:00+00:00, run_after=2026-01-05 16:00:00+00:00
[2026-01-05T17:30:33.682+0000] {processor.py:208} INFO - Processing /home/airflow/.local/lib/python3.12/site-packages/airflow/example_dags/example_latest_only_with_trigger.py took 0.098 seconds
[2026-01-05T17:31:04.164+0000] {processor.py:186} INFO - Started process (PID=1860) to work on /home/airflow/.local/lib/python3.12/site-packages/airflow/example_dags/example_latest_only_with_trigger.py
[2026-01-05T17:31:04.166+0000] {processor.py:914} INFO - Processing file /home/airflow/.local/lib/python3.12/site-packages/airflow/example_dags/example_latest_only_with_trigger.py for tasks to queue
[2026-01-05T17:31:04.170+0000] {logging_mixin.py:190} INFO - [2026-01-05T17:31:04.170+0000] {dagbag.py:587} INFO - Filling up the DagBag from /home/airflow/.local/lib/python3.12/site-packages/airflow/example_dags/example_latest_only_with_trigger.py
[2026-01-05T17:31:04.179+0000] {processor.py:925} INFO - DAG(s) 'latest_only_with_trigger' retrieved from /home/airflow/.local/lib/python3.12/site-packages/airflow/example_dags/example_latest_only_with_trigger.py
[2026-01-05T17:31:04.207+0000] {logging_mixin.py:190} INFO - [2026-01-05T17:31:04.206+0000] {dag.py:3211} INFO - Sync 1 DAGs
[2026-01-05T17:31:04.236+0000] {logging_mixin.py:190} INFO - [2026-01-05T17:31:04.235+0000] {dag.py:4138} INFO - Setting next_dagrun for latest_only_with_trigger to 2026-01-05 12:00:00+00:00, run_after=2026-01-05 16:00:00+00:00
[2026-01-05T17:31:04.263+0000] {processor.py:208} INFO - Processing /home/airflow/.local/lib/python3.12/site-packages/airflow/example_dags/example_latest_only_with_trigger.py took 0.109 seconds
[2026-01-05T17:31:35.241+0000] {processor.py:186} INFO - Started process (PID=1926) to work on /home/airflow/.local/lib/python3.12/site-packages/airflow/example_dags/example_latest_only_with_trigger.py
[2026-01-05T17:31:35.243+0000] {processor.py:914} INFO - Processing file /home/airflow/.local/lib/python3.12/site-packages/airflow/example_dags/example_latest_only_with_trigger.py for tasks to queue
[2026-01-05T17:31:35.246+0000] {logging_mixin.py:190} INFO - [2026-01-05T17:31:35.245+0000] {dagbag.py:587} INFO - Filling up the DagBag from /home/airflow/.local/lib/python3.12/site-packages/airflow/example_dags/example_latest_only_with_trigger.py
[2026-01-05T17:31:35.253+0000] {processor.py:925} INFO - DAG(s) 'latest_only_with_trigger' retrieved from /home/airflow/.local/lib/python3.12/site-packages/airflow/example_dags/example_latest_only_with_trigger.py
[2026-01-05T17:31:35.280+0000] {logging_mixin.py:190} INFO - [2026-01-05T17:31:35.280+0000] {dag.py:3211} INFO - Sync 1 DAGs
[2026-01-05T17:31:35.317+0000] {logging_mixin.py:190} INFO - [2026-01-05T17:31:35.316+0000] {dag.py:4138} INFO - Setting next_dagrun for latest_only_with_trigger to 2026-01-05 12:00:00+00:00, run_after=2026-01-05 16:00:00+00:00
[2026-01-05T17:31:35.362+0000] {processor.py:208} INFO - Processing /home/airflow/.local/lib/python3.12/site-packages/airflow/example_dags/example_latest_only_with_trigger.py took 0.128 seconds
[2026-01-05T17:32:05.953+0000] {processor.py:186} INFO - Started process (PID=1992) to work on /home/airflow/.local/lib/python3.12/site-packages/airflow/example_dags/example_latest_only_with_trigger.py
[2026-01-05T17:32:05.955+0000] {processor.py:914} INFO - Processing file /home/airflow/.local/lib/python3.12/site-packages/airflow/example_dags/example_latest_only_with_trigger.py for tasks to queue
[2026-01-05T17:32:05.957+0000] {logging_mixin.py:190} INFO - [2026-01-05T17:32:05.957+0000] {dagbag.py:587} INFO - Filling up the DagBag from /home/airflow/.local/lib/python3.12/site-packages/airflow/example_dags/example_latest_only_with_trigger.py
[2026-01-05T17:32:05.968+0000] {processor.py:925} INFO - DAG(s) 'latest_only_with_trigger' retrieved from /home/airflow/.local/lib/python3.12/site-packages/airflow/example_dags/example_latest_only_with_trigger.py
[2026-01-05T17:32:05.996+0000] {logging_mixin.py:190} INFO - [2026-01-05T17:32:05.996+0000] {dag.py:3211} INFO - Sync 1 DAGs
[2026-01-05T17:32:06.025+0000] {logging_mixin.py:190} INFO - [2026-01-05T17:32:06.025+0000] {dag.py:4138} INFO - Setting next_dagrun for latest_only_with_trigger to 2026-01-05 12:00:00+00:00, run_after=2026-01-05 16:00:00+00:00
[2026-01-05T17:32:06.051+0000] {processor.py:208} INFO - Processing /home/airflow/.local/lib/python3.12/site-packages/airflow/example_dags/example_latest_only_with_trigger.py took 0.106 seconds
[2026-01-05T17:32:36.571+0000] {processor.py:186} INFO - Started process (PID=2058) to work on /home/airflow/.local/lib/python3.12/site-packages/airflow/example_dags/example_latest_only_with_trigger.py
[2026-01-05T17:32:36.573+0000] {processor.py:914} INFO - Processing file /home/airflow/.local/lib/python3.12/site-packages/airflow/example_dags/example_latest_only_with_trigger.py for tasks to queue
[2026-01-05T17:32:36.577+0000] {logging_mixin.py:190} INFO - [2026-01-05T17:32:36.576+0000] {dagbag.py:587} INFO - Filling up the DagBag from /home/airflow/.local/lib/python3.12/site-packages/airflow/example_dags/example_latest_only_with_trigger.py
[2026-01-05T17:32:36.583+0000] {processor.py:925} INFO - DAG(s) 'latest_only_with_trigger' retrieved from /home/airflow/.local/lib/python3.12/site-packages/airflow/example_dags/example_latest_only_with_trigger.py
[2026-01-05T17:32:36.613+0000] {logging_mixin.py:190} INFO - [2026-01-05T17:32:36.613+0000] {dag.py:3211} INFO - Sync 1 DAGs
[2026-01-05T17:32:36.643+0000] {logging_mixin.py:190} INFO - [2026-01-05T17:32:36.643+0000] {dag.py:4138} INFO - Setting next_dagrun for latest_only_with_trigger to 2026-01-05 12:00:00+00:00, run_after=2026-01-05 16:00:00+00:00
[2026-01-05T17:32:36.667+0000] {processor.py:208} INFO - Processing /home/airflow/.local/lib/python3.12/site-packages/airflow/example_dags/example_latest_only_with_trigger.py took 0.103 seconds
[2026-01-05T17:33:07.063+0000] {processor.py:186} INFO - Started process (PID=2124) to work on /home/airflow/.local/lib/python3.12/site-packages/airflow/example_dags/example_latest_only_with_trigger.py
[2026-01-05T17:33:07.064+0000] {processor.py:914} INFO - Processing file /home/airflow/.local/lib/python3.12/site-packages/airflow/example_dags/example_latest_only_with_trigger.py for tasks to queue
[2026-01-05T17:33:07.068+0000] {logging_mixin.py:190} INFO - [2026-01-05T17:33:07.068+0000] {dagbag.py:587} INFO - Filling up the DagBag from /home/airflow/.local/lib/python3.12/site-packages/airflow/example_dags/example_latest_only_with_trigger.py
[2026-01-05T17:33:07.076+0000] {processor.py:925} INFO - DAG(s) 'latest_only_with_trigger' retrieved from /home/airflow/.local/lib/python3.12/site-packages/airflow/example_dags/example_latest_only_with_trigger.py
[2026-01-05T17:33:07.101+0000] {logging_mixin.py:190} INFO - [2026-01-05T17:33:07.100+0000] {dag.py:3211} INFO - Sync 1 DAGs
[2026-01-05T17:33:07.131+0000] {logging_mixin.py:190} INFO - [2026-01-05T17:33:07.131+0000] {dag.py:4138} INFO - Setting next_dagrun for latest_only_with_trigger to 2026-01-05 12:00:00+00:00, run_after=2026-01-05 16:00:00+00:00
[2026-01-05T17:33:07.162+0000] {processor.py:208} INFO - Processing /home/airflow/.local/lib/python3.12/site-packages/airflow/example_dags/example_latest_only_with_trigger.py took 0.106 seconds
[2026-01-05T17:33:37.266+0000] {processor.py:186} INFO - Started process (PID=2189) to work on /home/airflow/.local/lib/python3.12/site-packages/airflow/example_dags/example_latest_only_with_trigger.py
[2026-01-05T17:33:37.270+0000] {processor.py:914} INFO - Processing file /home/airflow/.local/lib/python3.12/site-packages/airflow/example_dags/example_latest_only_with_trigger.py for tasks to queue
[2026-01-05T17:33:37.275+0000] {logging_mixin.py:190} INFO - [2026-01-05T17:33:37.274+0000] {dagbag.py:587} INFO - Filling up the DagBag from /home/airflow/.local/lib/python3.12/site-packages/airflow/example_dags/example_latest_only_with_trigger.py
[2026-01-05T17:33:37.293+0000] {processor.py:925} INFO - DAG(s) 'latest_only_with_trigger' retrieved from /home/airflow/.local/lib/python3.12/site-packages/airflow/example_dags/example_latest_only_with_trigger.py
[2026-01-05T17:33:37.390+0000] {logging_mixin.py:190} INFO - [2026-01-05T17:33:37.390+0000] {dag.py:3211} INFO - Sync 1 DAGs
[2026-01-05T17:33:37.465+0000] {logging_mixin.py:190} INFO - [2026-01-05T17:33:37.465+0000] {dag.py:4138} INFO - Setting next_dagrun for latest_only_with_trigger to 2026-01-05 12:00:00+00:00, run_after=2026-01-05 16:00:00+00:00
[2026-01-05T17:33:37.509+0000] {processor.py:208} INFO - Processing /home/airflow/.local/lib/python3.12/site-packages/airflow/example_dags/example_latest_only_with_trigger.py took 0.253 seconds
[2026-01-05T17:34:07.806+0000] {processor.py:186} INFO - Started process (PID=2255) to work on /home/airflow/.local/lib/python3.12/site-packages/airflow/example_dags/example_latest_only_with_trigger.py
[2026-01-05T17:34:07.809+0000] {processor.py:914} INFO - Processing file /home/airflow/.local/lib/python3.12/site-packages/airflow/example_dags/example_latest_only_with_trigger.py for tasks to queue
[2026-01-05T17:34:07.817+0000] {logging_mixin.py:190} INFO - [2026-01-05T17:34:07.817+0000] {dagbag.py:587} INFO - Filling up the DagBag from /home/airflow/.local/lib/python3.12/site-packages/airflow/example_dags/example_latest_only_with_trigger.py
[2026-01-05T17:34:07.837+0000] {processor.py:925} INFO - DAG(s) 'latest_only_with_trigger' retrieved from /home/airflow/.local/lib/python3.12/site-packages/airflow/example_dags/example_latest_only_with_trigger.py
[2026-01-05T17:34:07.880+0000] {logging_mixin.py:190} INFO - [2026-01-05T17:34:07.880+0000] {dag.py:3211} INFO - Sync 1 DAGs
[2026-01-05T17:34:07.928+0000] {logging_mixin.py:190} INFO - [2026-01-05T17:34:07.928+0000] {dag.py:4138} INFO - Setting next_dagrun for latest_only_with_trigger to 2026-01-05 12:00:00+00:00, run_after=2026-01-05 16:00:00+00:00
[2026-01-05T17:34:07.960+0000] {processor.py:208} INFO - Processing /home/airflow/.local/lib/python3.12/site-packages/airflow/example_dags/example_latest_only_with_trigger.py took 0.173 seconds
[2026-01-05T17:34:38.811+0000] {processor.py:186} INFO - Started process (PID=2322) to work on /home/airflow/.local/lib/python3.12/site-packages/airflow/example_dags/example_latest_only_with_trigger.py
[2026-01-05T17:34:38.812+0000] {processor.py:914} INFO - Processing file /home/airflow/.local/lib/python3.12/site-packages/airflow/example_dags/example_latest_only_with_trigger.py for tasks to queue
[2026-01-05T17:34:38.816+0000] {logging_mixin.py:190} INFO - [2026-01-05T17:34:38.816+0000] {dagbag.py:587} INFO - Filling up the DagBag from /home/airflow/.local/lib/python3.12/site-packages/airflow/example_dags/example_latest_only_with_trigger.py
[2026-01-05T17:34:38.825+0000] {processor.py:925} INFO - DAG(s) 'latest_only_with_trigger' retrieved from /home/airflow/.local/lib/python3.12/site-packages/airflow/example_dags/example_latest_only_with_trigger.py
[2026-01-05T17:34:38.847+0000] {logging_mixin.py:190} INFO - [2026-01-05T17:34:38.847+0000] {dag.py:3211} INFO - Sync 1 DAGs
[2026-01-05T17:34:38.871+0000] {logging_mixin.py:190} INFO - [2026-01-05T17:34:38.871+0000] {dag.py:4138} INFO - Setting next_dagrun for latest_only_with_trigger to 2026-01-05 12:00:00+00:00, run_after=2026-01-05 16:00:00+00:00
[2026-01-05T17:34:38.895+0000] {processor.py:208} INFO - Processing /home/airflow/.local/lib/python3.12/site-packages/airflow/example_dags/example_latest_only_with_trigger.py took 0.094 seconds
[2026-01-05T17:35:09.138+0000] {processor.py:186} INFO - Started process (PID=2388) to work on /home/airflow/.local/lib/python3.12/site-packages/airflow/example_dags/example_latest_only_with_trigger.py
[2026-01-05T17:35:09.139+0000] {processor.py:914} INFO - Processing file /home/airflow/.local/lib/python3.12/site-packages/airflow/example_dags/example_latest_only_with_trigger.py for tasks to queue
[2026-01-05T17:35:09.143+0000] {logging_mixin.py:190} INFO - [2026-01-05T17:35:09.143+0000] {dagbag.py:587} INFO - Filling up the DagBag from /home/airflow/.local/lib/python3.12/site-packages/airflow/example_dags/example_latest_only_with_trigger.py
[2026-01-05T17:35:09.149+0000] {processor.py:925} INFO - DAG(s) 'latest_only_with_trigger' retrieved from /home/airflow/.local/lib/python3.12/site-packages/airflow/example_dags/example_latest_only_with_trigger.py
[2026-01-05T17:35:09.174+0000] {logging_mixin.py:190} INFO - [2026-01-05T17:35:09.174+0000] {dag.py:3211} INFO - Sync 1 DAGs
[2026-01-05T17:35:09.198+0000] {logging_mixin.py:190} INFO - [2026-01-05T17:35:09.197+0000] {dag.py:4138} INFO - Setting next_dagrun for latest_only_with_trigger to 2026-01-05 12:00:00+00:00, run_after=2026-01-05 16:00:00+00:00
[2026-01-05T17:35:09.225+0000] {processor.py:208} INFO - Processing /home/airflow/.local/lib/python3.12/site-packages/airflow/example_dags/example_latest_only_with_trigger.py took 0.094 seconds
[2026-01-05T17:35:39.403+0000] {processor.py:186} INFO - Started process (PID=2455) to work on /home/airflow/.local/lib/python3.12/site-packages/airflow/example_dags/example_latest_only_with_trigger.py
[2026-01-05T17:35:39.404+0000] {processor.py:914} INFO - Processing file /home/airflow/.local/lib/python3.12/site-packages/airflow/example_dags/example_latest_only_with_trigger.py for tasks to queue
[2026-01-05T17:35:39.407+0000] {logging_mixin.py:190} INFO - [2026-01-05T17:35:39.407+0000] {dagbag.py:587} INFO - Filling up the DagBag from /home/airflow/.local/lib/python3.12/site-packages/airflow/example_dags/example_latest_only_with_trigger.py
[2026-01-05T17:35:39.417+0000] {processor.py:925} INFO - DAG(s) 'latest_only_with_trigger' retrieved from /home/airflow/.local/lib/python3.12/site-packages/airflow/example_dags/example_latest_only_with_trigger.py
[2026-01-05T17:35:39.445+0000] {logging_mixin.py:190} INFO - [2026-01-05T17:35:39.444+0000] {dag.py:3211} INFO - Sync 1 DAGs
[2026-01-05T17:35:39.474+0000] {logging_mixin.py:190} INFO - [2026-01-05T17:35:39.474+0000] {dag.py:4138} INFO - Setting next_dagrun for latest_only_with_trigger to 2026-01-05 12:00:00+00:00, run_after=2026-01-05 16:00:00+00:00
[2026-01-05T17:35:39.498+0000] {processor.py:208} INFO - Processing /home/airflow/.local/lib/python3.12/site-packages/airflow/example_dags/example_latest_only_with_trigger.py took 0.102 seconds
[2026-01-05T17:36:10.074+0000] {processor.py:186} INFO - Started process (PID=2521) to work on /home/airflow/.local/lib/python3.12/site-packages/airflow/example_dags/example_latest_only_with_trigger.py
[2026-01-05T17:36:10.076+0000] {processor.py:914} INFO - Processing file /home/airflow/.local/lib/python3.12/site-packages/airflow/example_dags/example_latest_only_with_trigger.py for tasks to queue
[2026-01-05T17:36:10.081+0000] {logging_mixin.py:190} INFO - [2026-01-05T17:36:10.079+0000] {dagbag.py:587} INFO - Filling up the DagBag from /home/airflow/.local/lib/python3.12/site-packages/airflow/example_dags/example_latest_only_with_trigger.py
[2026-01-05T17:36:10.089+0000] {processor.py:925} INFO - DAG(s) 'latest_only_with_trigger' retrieved from /home/airflow/.local/lib/python3.12/site-packages/airflow/example_dags/example_latest_only_with_trigger.py
[2026-01-05T17:36:10.123+0000] {logging_mixin.py:190} INFO - [2026-01-05T17:36:10.123+0000] {dag.py:3211} INFO - Sync 1 DAGs
[2026-01-05T17:36:10.159+0000] {logging_mixin.py:190} INFO - [2026-01-05T17:36:10.159+0000] {dag.py:4138} INFO - Setting next_dagrun for latest_only_with_trigger to 2026-01-05 12:00:00+00:00, run_after=2026-01-05 16:00:00+00:00
[2026-01-05T17:36:10.181+0000] {processor.py:208} INFO - Processing /home/airflow/.local/lib/python3.12/site-packages/airflow/example_dags/example_latest_only_with_trigger.py took 0.117 seconds
[2026-01-05T17:36:40.638+0000] {processor.py:186} INFO - Started process (PID=2587) to work on /home/airflow/.local/lib/python3.12/site-packages/airflow/example_dags/example_latest_only_with_trigger.py
[2026-01-05T17:36:40.640+0000] {processor.py:914} INFO - Processing file /home/airflow/.local/lib/python3.12/site-packages/airflow/example_dags/example_latest_only_with_trigger.py for tasks to queue
[2026-01-05T17:36:40.644+0000] {logging_mixin.py:190} INFO - [2026-01-05T17:36:40.643+0000] {dagbag.py:587} INFO - Filling up the DagBag from /home/airflow/.local/lib/python3.12/site-packages/airflow/example_dags/example_latest_only_with_trigger.py
[2026-01-05T17:36:40.652+0000] {processor.py:925} INFO - DAG(s) 'latest_only_with_trigger' retrieved from /home/airflow/.local/lib/python3.12/site-packages/airflow/example_dags/example_latest_only_with_trigger.py
[2026-01-05T17:36:40.678+0000] {logging_mixin.py:190} INFO - [2026-01-05T17:36:40.677+0000] {dag.py:3211} INFO - Sync 1 DAGs
[2026-01-05T17:36:40.707+0000] {logging_mixin.py:190} INFO - [2026-01-05T17:36:40.707+0000] {dag.py:4138} INFO - Setting next_dagrun for latest_only_with_trigger to 2026-01-05 12:00:00+00:00, run_after=2026-01-05 16:00:00+00:00
[2026-01-05T17:36:40.730+0000] {processor.py:208} INFO - Processing /home/airflow/.local/lib/python3.12/site-packages/airflow/example_dags/example_latest_only_with_trigger.py took 0.100 seconds
[2026-01-05T17:37:11.114+0000] {processor.py:186} INFO - Started process (PID=2653) to work on /home/airflow/.local/lib/python3.12/site-packages/airflow/example_dags/example_latest_only_with_trigger.py
[2026-01-05T17:37:11.116+0000] {processor.py:914} INFO - Processing file /home/airflow/.local/lib/python3.12/site-packages/airflow/example_dags/example_latest_only_with_trigger.py for tasks to queue
[2026-01-05T17:37:11.120+0000] {logging_mixin.py:190} INFO - [2026-01-05T17:37:11.119+0000] {dagbag.py:587} INFO - Filling up the DagBag from /home/airflow/.local/lib/python3.12/site-packages/airflow/example_dags/example_latest_only_with_trigger.py
[2026-01-05T17:37:11.132+0000] {processor.py:925} INFO - DAG(s) 'latest_only_with_trigger' retrieved from /home/airflow/.local/lib/python3.12/site-packages/airflow/example_dags/example_latest_only_with_trigger.py
[2026-01-05T17:37:11.161+0000] {logging_mixin.py:190} INFO - [2026-01-05T17:37:11.160+0000] {dag.py:3211} INFO - Sync 1 DAGs
[2026-01-05T17:37:11.198+0000] {logging_mixin.py:190} INFO - [2026-01-05T17:37:11.197+0000] {dag.py:4138} INFO - Setting next_dagrun for latest_only_with_trigger to 2026-01-05 12:00:00+00:00, run_after=2026-01-05 16:00:00+00:00
[2026-01-05T17:37:11.222+0000] {processor.py:208} INFO - Processing /home/airflow/.local/lib/python3.12/site-packages/airflow/example_dags/example_latest_only_with_trigger.py took 0.122 seconds
[2026-01-05T17:37:41.810+0000] {processor.py:186} INFO - Started process (PID=2719) to work on /home/airflow/.local/lib/python3.12/site-packages/airflow/example_dags/example_latest_only_with_trigger.py
[2026-01-05T17:37:41.811+0000] {processor.py:914} INFO - Processing file /home/airflow/.local/lib/python3.12/site-packages/airflow/example_dags/example_latest_only_with_trigger.py for tasks to queue
[2026-01-05T17:37:41.815+0000] {logging_mixin.py:190} INFO - [2026-01-05T17:37:41.815+0000] {dagbag.py:587} INFO - Filling up the DagBag from /home/airflow/.local/lib/python3.12/site-packages/airflow/example_dags/example_latest_only_with_trigger.py
[2026-01-05T17:37:41.821+0000] {processor.py:925} INFO - DAG(s) 'latest_only_with_trigger' retrieved from /home/airflow/.local/lib/python3.12/site-packages/airflow/example_dags/example_latest_only_with_trigger.py
[2026-01-05T17:37:41.845+0000] {logging_mixin.py:190} INFO - [2026-01-05T17:37:41.845+0000] {dag.py:3211} INFO - Sync 1 DAGs
[2026-01-05T17:37:41.872+0000] {logging_mixin.py:190} INFO - [2026-01-05T17:37:41.871+0000] {dag.py:4138} INFO - Setting next_dagrun for latest_only_with_trigger to 2026-01-05 12:00:00+00:00, run_after=2026-01-05 16:00:00+00:00
[2026-01-05T17:37:41.892+0000] {processor.py:208} INFO - Processing /home/airflow/.local/lib/python3.12/site-packages/airflow/example_dags/example_latest_only_with_trigger.py took 0.090 seconds
[2026-01-05T17:38:12.022+0000] {processor.py:186} INFO - Started process (PID=2785) to work on /home/airflow/.local/lib/python3.12/site-packages/airflow/example_dags/example_latest_only_with_trigger.py
[2026-01-05T17:38:12.024+0000] {processor.py:914} INFO - Processing file /home/airflow/.local/lib/python3.12/site-packages/airflow/example_dags/example_latest_only_with_trigger.py for tasks to queue
[2026-01-05T17:38:12.028+0000] {logging_mixin.py:190} INFO - [2026-01-05T17:38:12.027+0000] {dagbag.py:587} INFO - Filling up the DagBag from /home/airflow/.local/lib/python3.12/site-packages/airflow/example_dags/example_latest_only_with_trigger.py
[2026-01-05T17:38:12.036+0000] {processor.py:925} INFO - DAG(s) 'latest_only_with_trigger' retrieved from /home/airflow/.local/lib/python3.12/site-packages/airflow/example_dags/example_latest_only_with_trigger.py
[2026-01-05T17:38:12.059+0000] {logging_mixin.py:190} INFO - [2026-01-05T17:38:12.059+0000] {dag.py:3211} INFO - Sync 1 DAGs
[2026-01-05T17:38:12.084+0000] {logging_mixin.py:190} INFO - [2026-01-05T17:38:12.083+0000] {dag.py:4138} INFO - Setting next_dagrun for latest_only_with_trigger to 2026-01-05 12:00:00+00:00, run_after=2026-01-05 16:00:00+00:00
[2026-01-05T17:38:12.110+0000] {processor.py:208} INFO - Processing /home/airflow/.local/lib/python3.12/site-packages/airflow/example_dags/example_latest_only_with_trigger.py took 0.096 seconds
[2026-01-05T17:38:42.723+0000] {processor.py:186} INFO - Started process (PID=2851) to work on /home/airflow/.local/lib/python3.12/site-packages/airflow/example_dags/example_latest_only_with_trigger.py
[2026-01-05T17:38:42.725+0000] {processor.py:914} INFO - Processing file /home/airflow/.local/lib/python3.12/site-packages/airflow/example_dags/example_latest_only_with_trigger.py for tasks to queue
[2026-01-05T17:38:42.728+0000] {logging_mixin.py:190} INFO - [2026-01-05T17:38:42.728+0000] {dagbag.py:587} INFO - Filling up the DagBag from /home/airflow/.local/lib/python3.12/site-packages/airflow/example_dags/example_latest_only_with_trigger.py
[2026-01-05T17:38:42.734+0000] {processor.py:925} INFO - DAG(s) 'latest_only_with_trigger' retrieved from /home/airflow/.local/lib/python3.12/site-packages/airflow/example_dags/example_latest_only_with_trigger.py
[2026-01-05T17:38:42.757+0000] {logging_mixin.py:190} INFO - [2026-01-05T17:38:42.757+0000] {dag.py:3211} INFO - Sync 1 DAGs
[2026-01-05T17:38:42.782+0000] {logging_mixin.py:190} INFO - [2026-01-05T17:38:42.782+0000] {dag.py:4138} INFO - Setting next_dagrun for latest_only_with_trigger to 2026-01-05 12:00:00+00:00, run_after=2026-01-05 16:00:00+00:00
[2026-01-05T17:38:42.801+0000] {processor.py:208} INFO - Processing /home/airflow/.local/lib/python3.12/site-packages/airflow/example_dags/example_latest_only_with_trigger.py took 0.084 seconds
[2026-01-05T17:39:13.794+0000] {processor.py:186} INFO - Started process (PID=2917) to work on /home/airflow/.local/lib/python3.12/site-packages/airflow/example_dags/example_latest_only_with_trigger.py
[2026-01-05T17:39:13.796+0000] {processor.py:914} INFO - Processing file /home/airflow/.local/lib/python3.12/site-packages/airflow/example_dags/example_latest_only_with_trigger.py for tasks to queue
[2026-01-05T17:39:13.799+0000] {logging_mixin.py:190} INFO - [2026-01-05T17:39:13.799+0000] {dagbag.py:587} INFO - Filling up the DagBag from /home/airflow/.local/lib/python3.12/site-packages/airflow/example_dags/example_latest_only_with_trigger.py
[2026-01-05T17:39:13.810+0000] {processor.py:925} INFO - DAG(s) 'latest_only_with_trigger' retrieved from /home/airflow/.local/lib/python3.12/site-packages/airflow/example_dags/example_latest_only_with_trigger.py
[2026-01-05T17:39:13.847+0000] {logging_mixin.py:190} INFO - [2026-01-05T17:39:13.843+0000] {dag.py:3211} INFO - Sync 1 DAGs
[2026-01-05T17:39:13.889+0000] {logging_mixin.py:190} INFO - [2026-01-05T17:39:13.889+0000] {dag.py:4138} INFO - Setting next_dagrun for latest_only_with_trigger to 2026-01-05 12:00:00+00:00, run_after=2026-01-05 16:00:00+00:00
[2026-01-05T17:39:13.915+0000] {processor.py:208} INFO - Processing /home/airflow/.local/lib/python3.12/site-packages/airflow/example_dags/example_latest_only_with_trigger.py took 0.128 seconds
[2026-01-05T17:39:44.414+0000] {processor.py:186} INFO - Started process (PID=2983) to work on /home/airflow/.local/lib/python3.12/site-packages/airflow/example_dags/example_latest_only_with_trigger.py
[2026-01-05T17:39:44.415+0000] {processor.py:914} INFO - Processing file /home/airflow/.local/lib/python3.12/site-packages/airflow/example_dags/example_latest_only_with_trigger.py for tasks to queue
[2026-01-05T17:39:44.418+0000] {logging_mixin.py:190} INFO - [2026-01-05T17:39:44.418+0000] {dagbag.py:587} INFO - Filling up the DagBag from /home/airflow/.local/lib/python3.12/site-packages/airflow/example_dags/example_latest_only_with_trigger.py
[2026-01-05T17:39:44.424+0000] {processor.py:925} INFO - DAG(s) 'latest_only_with_trigger' retrieved from /home/airflow/.local/lib/python3.12/site-packages/airflow/example_dags/example_latest_only_with_trigger.py
[2026-01-05T17:39:44.448+0000] {logging_mixin.py:190} INFO - [2026-01-05T17:39:44.448+0000] {dag.py:3211} INFO - Sync 1 DAGs
[2026-01-05T17:39:44.477+0000] {logging_mixin.py:190} INFO - [2026-01-05T17:39:44.476+0000] {dag.py:4138} INFO - Setting next_dagrun for latest_only_with_trigger to 2026-01-05 12:00:00+00:00, run_after=2026-01-05 16:00:00+00:00
[2026-01-05T17:39:44.501+0000] {processor.py:208} INFO - Processing /home/airflow/.local/lib/python3.12/site-packages/airflow/example_dags/example_latest_only_with_trigger.py took 0.095 seconds
[2026-01-05T17:40:15.069+0000] {processor.py:186} INFO - Started process (PID=3049) to work on /home/airflow/.local/lib/python3.12/site-packages/airflow/example_dags/example_latest_only_with_trigger.py
[2026-01-05T17:40:15.070+0000] {processor.py:914} INFO - Processing file /home/airflow/.local/lib/python3.12/site-packages/airflow/example_dags/example_latest_only_with_trigger.py for tasks to queue
[2026-01-05T17:40:15.073+0000] {logging_mixin.py:190} INFO - [2026-01-05T17:40:15.073+0000] {dagbag.py:587} INFO - Filling up the DagBag from /home/airflow/.local/lib/python3.12/site-packages/airflow/example_dags/example_latest_only_with_trigger.py
[2026-01-05T17:40:15.079+0000] {processor.py:925} INFO - DAG(s) 'latest_only_with_trigger' retrieved from /home/airflow/.local/lib/python3.12/site-packages/airflow/example_dags/example_latest_only_with_trigger.py
[2026-01-05T17:40:15.103+0000] {logging_mixin.py:190} INFO - [2026-01-05T17:40:15.103+0000] {dag.py:3211} INFO - Sync 1 DAGs
[2026-01-05T17:40:15.132+0000] {logging_mixin.py:190} INFO - [2026-01-05T17:40:15.131+0000] {dag.py:4138} INFO - Setting next_dagrun for latest_only_with_trigger to 2026-01-05 12:00:00+00:00, run_after=2026-01-05 16:00:00+00:00
[2026-01-05T17:40:15.154+0000] {processor.py:208} INFO - Processing /home/airflow/.local/lib/python3.12/site-packages/airflow/example_dags/example_latest_only_with_trigger.py took 0.093 seconds
[2026-01-05T17:40:45.400+0000] {processor.py:186} INFO - Started process (PID=3115) to work on /home/airflow/.local/lib/python3.12/site-packages/airflow/example_dags/example_latest_only_with_trigger.py
[2026-01-05T17:40:45.402+0000] {processor.py:914} INFO - Processing file /home/airflow/.local/lib/python3.12/site-packages/airflow/example_dags/example_latest_only_with_trigger.py for tasks to queue
[2026-01-05T17:40:45.407+0000] {logging_mixin.py:190} INFO - [2026-01-05T17:40:45.406+0000] {dagbag.py:587} INFO - Filling up the DagBag from /home/airflow/.local/lib/python3.12/site-packages/airflow/example_dags/example_latest_only_with_trigger.py
[2026-01-05T17:40:45.417+0000] {processor.py:925} INFO - DAG(s) 'latest_only_with_trigger' retrieved from /home/airflow/.local/lib/python3.12/site-packages/airflow/example_dags/example_latest_only_with_trigger.py
[2026-01-05T17:40:45.443+0000] {logging_mixin.py:190} INFO - [2026-01-05T17:40:45.443+0000] {dag.py:3211} INFO - Sync 1 DAGs
[2026-01-05T17:40:45.469+0000] {logging_mixin.py:190} INFO - [2026-01-05T17:40:45.469+0000] {dag.py:4138} INFO - Setting next_dagrun for latest_only_with_trigger to 2026-01-05 12:00:00+00:00, run_after=2026-01-05 16:00:00+00:00
[2026-01-05T17:40:45.490+0000] {processor.py:208} INFO - Processing /home/airflow/.local/lib/python3.12/site-packages/airflow/example_dags/example_latest_only_with_trigger.py took 0.099 seconds
[2026-01-05T17:41:15.638+0000] {processor.py:186} INFO - Started process (PID=3181) to work on /home/airflow/.local/lib/python3.12/site-packages/airflow/example_dags/example_latest_only_with_trigger.py
[2026-01-05T17:41:15.640+0000] {processor.py:914} INFO - Processing file /home/airflow/.local/lib/python3.12/site-packages/airflow/example_dags/example_latest_only_with_trigger.py for tasks to queue
[2026-01-05T17:41:15.643+0000] {logging_mixin.py:190} INFO - [2026-01-05T17:41:15.643+0000] {dagbag.py:587} INFO - Filling up the DagBag from /home/airflow/.local/lib/python3.12/site-packages/airflow/example_dags/example_latest_only_with_trigger.py
[2026-01-05T17:41:15.652+0000] {processor.py:925} INFO - DAG(s) 'latest_only_with_trigger' retrieved from /home/airflow/.local/lib/python3.12/site-packages/airflow/example_dags/example_latest_only_with_trigger.py
[2026-01-05T17:41:15.680+0000] {logging_mixin.py:190} INFO - [2026-01-05T17:41:15.680+0000] {dag.py:3211} INFO - Sync 1 DAGs
[2026-01-05T17:41:15.707+0000] {logging_mixin.py:190} INFO - [2026-01-05T17:41:15.707+0000] {dag.py:4138} INFO - Setting next_dagrun for latest_only_with_trigger to 2026-01-05 12:00:00+00:00, run_after=2026-01-05 16:00:00+00:00
[2026-01-05T17:41:15.727+0000] {processor.py:208} INFO - Processing /home/airflow/.local/lib/python3.12/site-packages/airflow/example_dags/example_latest_only_with_trigger.py took 0.097 seconds
[2026-01-05T17:41:45.917+0000] {processor.py:186} INFO - Started process (PID=3247) to work on /home/airflow/.local/lib/python3.12/site-packages/airflow/example_dags/example_latest_only_with_trigger.py
[2026-01-05T17:41:45.918+0000] {processor.py:914} INFO - Processing file /home/airflow/.local/lib/python3.12/site-packages/airflow/example_dags/example_latest_only_with_trigger.py for tasks to queue
[2026-01-05T17:41:45.921+0000] {logging_mixin.py:190} INFO - [2026-01-05T17:41:45.921+0000] {dagbag.py:587} INFO - Filling up the DagBag from /home/airflow/.local/lib/python3.12/site-packages/airflow/example_dags/example_latest_only_with_trigger.py
[2026-01-05T17:41:45.929+0000] {processor.py:925} INFO - DAG(s) 'latest_only_with_trigger' retrieved from /home/airflow/.local/lib/python3.12/site-packages/airflow/example_dags/example_latest_only_with_trigger.py
[2026-01-05T17:41:45.952+0000] {logging_mixin.py:190} INFO - [2026-01-05T17:41:45.952+0000] {dag.py:3211} INFO - Sync 1 DAGs
[2026-01-05T17:41:45.978+0000] {logging_mixin.py:190} INFO - [2026-01-05T17:41:45.978+0000] {dag.py:4138} INFO - Setting next_dagrun for latest_only_with_trigger to 2026-01-05 12:00:00+00:00, run_after=2026-01-05 16:00:00+00:00
[2026-01-05T17:41:46.004+0000] {processor.py:208} INFO - Processing /home/airflow/.local/lib/python3.12/site-packages/airflow/example_dags/example_latest_only_with_trigger.py took 0.097 seconds
[2026-01-05T17:42:16.409+0000] {processor.py:186} INFO - Started process (PID=3313) to work on /home/airflow/.local/lib/python3.12/site-packages/airflow/example_dags/example_latest_only_with_trigger.py
[2026-01-05T17:42:16.410+0000] {processor.py:914} INFO - Processing file /home/airflow/.local/lib/python3.12/site-packages/airflow/example_dags/example_latest_only_with_trigger.py for tasks to queue
[2026-01-05T17:42:16.415+0000] {logging_mixin.py:190} INFO - [2026-01-05T17:42:16.414+0000] {dagbag.py:587} INFO - Filling up the DagBag from /home/airflow/.local/lib/python3.12/site-packages/airflow/example_dags/example_latest_only_with_trigger.py
[2026-01-05T17:42:16.425+0000] {processor.py:925} INFO - DAG(s) 'latest_only_with_trigger' retrieved from /home/airflow/.local/lib/python3.12/site-packages/airflow/example_dags/example_latest_only_with_trigger.py
[2026-01-05T17:42:16.462+0000] {logging_mixin.py:190} INFO - [2026-01-05T17:42:16.461+0000] {dag.py:3211} INFO - Sync 1 DAGs
[2026-01-05T17:42:16.499+0000] {logging_mixin.py:190} INFO - [2026-01-05T17:42:16.498+0000] {dag.py:4138} INFO - Setting next_dagrun for latest_only_with_trigger to 2026-01-05 12:00:00+00:00, run_after=2026-01-05 16:00:00+00:00
[2026-01-05T17:42:16.525+0000] {processor.py:208} INFO - Processing /home/airflow/.local/lib/python3.12/site-packages/airflow/example_dags/example_latest_only_with_trigger.py took 0.126 seconds
[2026-01-05T17:42:46.892+0000] {processor.py:186} INFO - Started process (PID=3379) to work on /home/airflow/.local/lib/python3.12/site-packages/airflow/example_dags/example_latest_only_with_trigger.py
[2026-01-05T17:42:46.894+0000] {processor.py:914} INFO - Processing file /home/airflow/.local/lib/python3.12/site-packages/airflow/example_dags/example_latest_only_with_trigger.py for tasks to queue
[2026-01-05T17:42:46.898+0000] {logging_mixin.py:190} INFO - [2026-01-05T17:42:46.897+0000] {dagbag.py:587} INFO - Filling up the DagBag from /home/airflow/.local/lib/python3.12/site-packages/airflow/example_dags/example_latest_only_with_trigger.py
[2026-01-05T17:42:46.908+0000] {processor.py:925} INFO - DAG(s) 'latest_only_with_trigger' retrieved from /home/airflow/.local/lib/python3.12/site-packages/airflow/example_dags/example_latest_only_with_trigger.py
[2026-01-05T17:42:46.941+0000] {logging_mixin.py:190} INFO - [2026-01-05T17:42:46.940+0000] {dag.py:3211} INFO - Sync 1 DAGs
[2026-01-05T17:42:46.969+0000] {logging_mixin.py:190} INFO - [2026-01-05T17:42:46.969+0000] {dag.py:4138} INFO - Setting next_dagrun for latest_only_with_trigger to 2026-01-05 12:00:00+00:00, run_after=2026-01-05 16:00:00+00:00
[2026-01-05T17:42:46.993+0000] {processor.py:208} INFO - Processing /home/airflow/.local/lib/python3.12/site-packages/airflow/example_dags/example_latest_only_with_trigger.py took 0.108 seconds
[2026-01-05T17:43:17.216+0000] {processor.py:186} INFO - Started process (PID=3445) to work on /home/airflow/.local/lib/python3.12/site-packages/airflow/example_dags/example_latest_only_with_trigger.py
[2026-01-05T17:43:17.218+0000] {processor.py:914} INFO - Processing file /home/airflow/.local/lib/python3.12/site-packages/airflow/example_dags/example_latest_only_with_trigger.py for tasks to queue
[2026-01-05T17:43:17.225+0000] {logging_mixin.py:190} INFO - [2026-01-05T17:43:17.225+0000] {dagbag.py:587} INFO - Filling up the DagBag from /home/airflow/.local/lib/python3.12/site-packages/airflow/example_dags/example_latest_only_with_trigger.py
[2026-01-05T17:43:17.234+0000] {processor.py:925} INFO - DAG(s) 'latest_only_with_trigger' retrieved from /home/airflow/.local/lib/python3.12/site-packages/airflow/example_dags/example_latest_only_with_trigger.py
[2026-01-05T17:43:17.273+0000] {logging_mixin.py:190} INFO - [2026-01-05T17:43:17.273+0000] {dag.py:3211} INFO - Sync 1 DAGs
[2026-01-05T17:43:17.302+0000] {logging_mixin.py:190} INFO - [2026-01-05T17:43:17.302+0000] {dag.py:4138} INFO - Setting next_dagrun for latest_only_with_trigger to 2026-01-05 12:00:00+00:00, run_after=2026-01-05 16:00:00+00:00
[2026-01-05T17:43:17.327+0000] {processor.py:208} INFO - Processing /home/airflow/.local/lib/python3.12/site-packages/airflow/example_dags/example_latest_only_with_trigger.py took 0.122 seconds
[2026-01-05T17:43:47.573+0000] {processor.py:186} INFO - Started process (PID=3511) to work on /home/airflow/.local/lib/python3.12/site-packages/airflow/example_dags/example_latest_only_with_trigger.py
[2026-01-05T17:43:47.575+0000] {processor.py:914} INFO - Processing file /home/airflow/.local/lib/python3.12/site-packages/airflow/example_dags/example_latest_only_with_trigger.py for tasks to queue
[2026-01-05T17:43:47.578+0000] {logging_mixin.py:190} INFO - [2026-01-05T17:43:47.578+0000] {dagbag.py:587} INFO - Filling up the DagBag from /home/airflow/.local/lib/python3.12/site-packages/airflow/example_dags/example_latest_only_with_trigger.py
[2026-01-05T17:43:47.586+0000] {processor.py:925} INFO - DAG(s) 'latest_only_with_trigger' retrieved from /home/airflow/.local/lib/python3.12/site-packages/airflow/example_dags/example_latest_only_with_trigger.py
[2026-01-05T17:43:47.619+0000] {logging_mixin.py:190} INFO - [2026-01-05T17:43:47.619+0000] {dag.py:3211} INFO - Sync 1 DAGs
[2026-01-05T17:43:47.654+0000] {logging_mixin.py:190} INFO - [2026-01-05T17:43:47.654+0000] {dag.py:4138} INFO - Setting next_dagrun for latest_only_with_trigger to 2026-01-05 12:00:00+00:00, run_after=2026-01-05 16:00:00+00:00
[2026-01-05T17:43:47.680+0000] {processor.py:208} INFO - Processing /home/airflow/.local/lib/python3.12/site-packages/airflow/example_dags/example_latest_only_with_trigger.py took 0.114 seconds
[2026-01-05T17:44:18.079+0000] {processor.py:186} INFO - Started process (PID=3577) to work on /home/airflow/.local/lib/python3.12/site-packages/airflow/example_dags/example_latest_only_with_trigger.py
[2026-01-05T17:44:18.081+0000] {processor.py:914} INFO - Processing file /home/airflow/.local/lib/python3.12/site-packages/airflow/example_dags/example_latest_only_with_trigger.py for tasks to queue
[2026-01-05T17:44:18.085+0000] {logging_mixin.py:190} INFO - [2026-01-05T17:44:18.084+0000] {dagbag.py:587} INFO - Filling up the DagBag from /home/airflow/.local/lib/python3.12/site-packages/airflow/example_dags/example_latest_only_with_trigger.py
[2026-01-05T17:44:18.095+0000] {processor.py:925} INFO - DAG(s) 'latest_only_with_trigger' retrieved from /home/airflow/.local/lib/python3.12/site-packages/airflow/example_dags/example_latest_only_with_trigger.py
[2026-01-05T17:44:18.127+0000] {logging_mixin.py:190} INFO - [2026-01-05T17:44:18.127+0000] {dag.py:3211} INFO - Sync 1 DAGs
[2026-01-05T17:44:18.164+0000] {logging_mixin.py:190} INFO - [2026-01-05T17:44:18.164+0000] {dag.py:4138} INFO - Setting next_dagrun for latest_only_with_trigger to 2026-01-05 12:00:00+00:00, run_after=2026-01-05 16:00:00+00:00
[2026-01-05T17:44:18.193+0000] {processor.py:208} INFO - Processing /home/airflow/.local/lib/python3.12/site-packages/airflow/example_dags/example_latest_only_with_trigger.py took 0.122 seconds
[2026-01-05T17:44:48.654+0000] {processor.py:186} INFO - Started process (PID=3644) to work on /home/airflow/.local/lib/python3.12/site-packages/airflow/example_dags/example_latest_only_with_trigger.py
[2026-01-05T17:44:48.656+0000] {processor.py:914} INFO - Processing file /home/airflow/.local/lib/python3.12/site-packages/airflow/example_dags/example_latest_only_with_trigger.py for tasks to queue
[2026-01-05T17:44:48.660+0000] {logging_mixin.py:190} INFO - [2026-01-05T17:44:48.659+0000] {dagbag.py:587} INFO - Filling up the DagBag from /home/airflow/.local/lib/python3.12/site-packages/airflow/example_dags/example_latest_only_with_trigger.py
[2026-01-05T17:44:48.668+0000] {processor.py:925} INFO - DAG(s) 'latest_only_with_trigger' retrieved from /home/airflow/.local/lib/python3.12/site-packages/airflow/example_dags/example_latest_only_with_trigger.py
[2026-01-05T17:44:48.707+0000] {logging_mixin.py:190} INFO - [2026-01-05T17:44:48.707+0000] {dag.py:3211} INFO - Sync 1 DAGs
[2026-01-05T17:44:48.764+0000] {logging_mixin.py:190} INFO - [2026-01-05T17:44:48.764+0000] {dag.py:4138} INFO - Setting next_dagrun for latest_only_with_trigger to 2026-01-05 12:00:00+00:00, run_after=2026-01-05 16:00:00+00:00
[2026-01-05T17:44:48.797+0000] {processor.py:208} INFO - Processing /home/airflow/.local/lib/python3.12/site-packages/airflow/example_dags/example_latest_only_with_trigger.py took 0.152 seconds
