[2026-01-05T17:17:47.741+0000] {processor.py:186} INFO - Started process (PID=131) to work on /home/airflow/.local/lib/python3.12/site-packages/airflow/example_dags/example_setup_teardown_taskflow.py
[2026-01-05T17:17:47.745+0000] {processor.py:914} INFO - Processing file /home/airflow/.local/lib/python3.12/site-packages/airflow/example_dags/example_setup_teardown_taskflow.py for tasks to queue
[2026-01-05T17:17:47.751+0000] {logging_mixin.py:190} INFO - [2026-01-05T17:17:47.750+0000] {dagbag.py:587} INFO - Filling up the DagBag from /home/airflow/.local/lib/python3.12/site-packages/airflow/example_dags/example_setup_teardown_taskflow.py
[2026-01-05T17:17:47.772+0000] {processor.py:925} INFO - DAG(s) 'example_setup_teardown_taskflow' retrieved from /home/airflow/.local/lib/python3.12/site-packages/airflow/example_dags/example_setup_teardown_taskflow.py
[2026-01-05T17:17:47.827+0000] {logging_mixin.py:190} INFO - [2026-01-05T17:17:47.826+0000] {dag.py:3211} INFO - Sync 1 DAGs
[2026-01-05T17:17:47.884+0000] {logging_mixin.py:190} INFO - [2026-01-05T17:17:47.884+0000] {dag.py:4138} INFO - Setting next_dagrun for example_setup_teardown_taskflow to 2026-01-04 00:00:00+00:00, run_after=2026-01-05 00:00:00+00:00
[2026-01-05T17:17:47.919+0000] {processor.py:208} INFO - Processing /home/airflow/.local/lib/python3.12/site-packages/airflow/example_dags/example_setup_teardown_taskflow.py took 0.191 seconds
[2026-01-05T17:18:18.549+0000] {processor.py:186} INFO - Started process (PID=198) to work on /home/airflow/.local/lib/python3.12/site-packages/airflow/example_dags/example_setup_teardown_taskflow.py
[2026-01-05T17:18:18.551+0000] {processor.py:914} INFO - Processing file /home/airflow/.local/lib/python3.12/site-packages/airflow/example_dags/example_setup_teardown_taskflow.py for tasks to queue
[2026-01-05T17:18:18.559+0000] {logging_mixin.py:190} INFO - [2026-01-05T17:18:18.557+0000] {dagbag.py:587} INFO - Filling up the DagBag from /home/airflow/.local/lib/python3.12/site-packages/airflow/example_dags/example_setup_teardown_taskflow.py
[2026-01-05T17:18:18.584+0000] {processor.py:925} INFO - DAG(s) 'example_setup_teardown_taskflow' retrieved from /home/airflow/.local/lib/python3.12/site-packages/airflow/example_dags/example_setup_teardown_taskflow.py
[2026-01-05T17:18:18.653+0000] {logging_mixin.py:190} INFO - [2026-01-05T17:18:18.653+0000] {dag.py:3211} INFO - Sync 1 DAGs
[2026-01-05T17:18:18.746+0000] {logging_mixin.py:190} INFO - [2026-01-05T17:18:18.746+0000] {dag.py:4138} INFO - Setting next_dagrun for example_setup_teardown_taskflow to 2026-01-04 00:00:00+00:00, run_after=2026-01-05 00:00:00+00:00
[2026-01-05T17:18:18.810+0000] {processor.py:208} INFO - Processing /home/airflow/.local/lib/python3.12/site-packages/airflow/example_dags/example_setup_teardown_taskflow.py took 0.272 seconds
[2026-01-05T17:18:49.128+0000] {processor.py:186} INFO - Started process (PID=264) to work on /home/airflow/.local/lib/python3.12/site-packages/airflow/example_dags/example_setup_teardown_taskflow.py
[2026-01-05T17:18:49.130+0000] {processor.py:914} INFO - Processing file /home/airflow/.local/lib/python3.12/site-packages/airflow/example_dags/example_setup_teardown_taskflow.py for tasks to queue
[2026-01-05T17:18:49.135+0000] {logging_mixin.py:190} INFO - [2026-01-05T17:18:49.135+0000] {dagbag.py:587} INFO - Filling up the DagBag from /home/airflow/.local/lib/python3.12/site-packages/airflow/example_dags/example_setup_teardown_taskflow.py
[2026-01-05T17:18:49.154+0000] {processor.py:925} INFO - DAG(s) 'example_setup_teardown_taskflow' retrieved from /home/airflow/.local/lib/python3.12/site-packages/airflow/example_dags/example_setup_teardown_taskflow.py
[2026-01-05T17:18:49.190+0000] {logging_mixin.py:190} INFO - [2026-01-05T17:18:49.190+0000] {dag.py:3211} INFO - Sync 1 DAGs
[2026-01-05T17:18:49.232+0000] {logging_mixin.py:190} INFO - [2026-01-05T17:18:49.232+0000] {dag.py:4138} INFO - Setting next_dagrun for example_setup_teardown_taskflow to 2026-01-04 00:00:00+00:00, run_after=2026-01-05 00:00:00+00:00
[2026-01-05T17:18:49.261+0000] {processor.py:208} INFO - Processing /home/airflow/.local/lib/python3.12/site-packages/airflow/example_dags/example_setup_teardown_taskflow.py took 0.147 seconds
[2026-01-05T17:19:20.566+0000] {processor.py:186} INFO - Started process (PID=330) to work on /home/airflow/.local/lib/python3.12/site-packages/airflow/example_dags/example_setup_teardown_taskflow.py
[2026-01-05T17:19:20.568+0000] {processor.py:914} INFO - Processing file /home/airflow/.local/lib/python3.12/site-packages/airflow/example_dags/example_setup_teardown_taskflow.py for tasks to queue
[2026-01-05T17:19:20.573+0000] {logging_mixin.py:190} INFO - [2026-01-05T17:19:20.572+0000] {dagbag.py:587} INFO - Filling up the DagBag from /home/airflow/.local/lib/python3.12/site-packages/airflow/example_dags/example_setup_teardown_taskflow.py
[2026-01-05T17:19:20.594+0000] {processor.py:925} INFO - DAG(s) 'example_setup_teardown_taskflow' retrieved from /home/airflow/.local/lib/python3.12/site-packages/airflow/example_dags/example_setup_teardown_taskflow.py
[2026-01-05T17:19:20.652+0000] {logging_mixin.py:190} INFO - [2026-01-05T17:19:20.651+0000] {dag.py:3211} INFO - Sync 1 DAGs
[2026-01-05T17:19:20.722+0000] {logging_mixin.py:190} INFO - [2026-01-05T17:19:20.722+0000] {dag.py:4138} INFO - Setting next_dagrun for example_setup_teardown_taskflow to 2026-01-04 00:00:00+00:00, run_after=2026-01-05 00:00:00+00:00
[2026-01-05T17:19:20.768+0000] {processor.py:208} INFO - Processing /home/airflow/.local/lib/python3.12/site-packages/airflow/example_dags/example_setup_teardown_taskflow.py took 0.217 seconds
[2026-01-05T17:19:51.624+0000] {processor.py:186} INFO - Started process (PID=396) to work on /home/airflow/.local/lib/python3.12/site-packages/airflow/example_dags/example_setup_teardown_taskflow.py
[2026-01-05T17:19:51.625+0000] {processor.py:914} INFO - Processing file /home/airflow/.local/lib/python3.12/site-packages/airflow/example_dags/example_setup_teardown_taskflow.py for tasks to queue
[2026-01-05T17:19:51.629+0000] {logging_mixin.py:190} INFO - [2026-01-05T17:19:51.628+0000] {dagbag.py:587} INFO - Filling up the DagBag from /home/airflow/.local/lib/python3.12/site-packages/airflow/example_dags/example_setup_teardown_taskflow.py
[2026-01-05T17:19:51.644+0000] {processor.py:925} INFO - DAG(s) 'example_setup_teardown_taskflow' retrieved from /home/airflow/.local/lib/python3.12/site-packages/airflow/example_dags/example_setup_teardown_taskflow.py
[2026-01-05T17:19:51.672+0000] {logging_mixin.py:190} INFO - [2026-01-05T17:19:51.672+0000] {dag.py:3211} INFO - Sync 1 DAGs
[2026-01-05T17:19:51.700+0000] {logging_mixin.py:190} INFO - [2026-01-05T17:19:51.699+0000] {dag.py:4138} INFO - Setting next_dagrun for example_setup_teardown_taskflow to 2026-01-04 00:00:00+00:00, run_after=2026-01-05 00:00:00+00:00
[2026-01-05T17:19:51.723+0000] {processor.py:208} INFO - Processing /home/airflow/.local/lib/python3.12/site-packages/airflow/example_dags/example_setup_teardown_taskflow.py took 0.107 seconds
[2026-01-05T17:20:22.695+0000] {processor.py:186} INFO - Started process (PID=462) to work on /home/airflow/.local/lib/python3.12/site-packages/airflow/example_dags/example_setup_teardown_taskflow.py
[2026-01-05T17:20:22.700+0000] {processor.py:914} INFO - Processing file /home/airflow/.local/lib/python3.12/site-packages/airflow/example_dags/example_setup_teardown_taskflow.py for tasks to queue
[2026-01-05T17:20:22.705+0000] {logging_mixin.py:190} INFO - [2026-01-05T17:20:22.704+0000] {dagbag.py:587} INFO - Filling up the DagBag from /home/airflow/.local/lib/python3.12/site-packages/airflow/example_dags/example_setup_teardown_taskflow.py
[2026-01-05T17:20:22.722+0000] {processor.py:925} INFO - DAG(s) 'example_setup_teardown_taskflow' retrieved from /home/airflow/.local/lib/python3.12/site-packages/airflow/example_dags/example_setup_teardown_taskflow.py
[2026-01-05T17:20:22.793+0000] {logging_mixin.py:190} INFO - [2026-01-05T17:20:22.793+0000] {dag.py:3211} INFO - Sync 1 DAGs
[2026-01-05T17:20:22.832+0000] {logging_mixin.py:190} INFO - [2026-01-05T17:20:22.832+0000] {dag.py:4138} INFO - Setting next_dagrun for example_setup_teardown_taskflow to 2026-01-04 00:00:00+00:00, run_after=2026-01-05 00:00:00+00:00
[2026-01-05T17:20:22.860+0000] {processor.py:208} INFO - Processing /home/airflow/.local/lib/python3.12/site-packages/airflow/example_dags/example_setup_teardown_taskflow.py took 0.176 seconds
[2026-01-05T17:20:53.782+0000] {processor.py:186} INFO - Started process (PID=528) to work on /home/airflow/.local/lib/python3.12/site-packages/airflow/example_dags/example_setup_teardown_taskflow.py
[2026-01-05T17:20:53.784+0000] {processor.py:914} INFO - Processing file /home/airflow/.local/lib/python3.12/site-packages/airflow/example_dags/example_setup_teardown_taskflow.py for tasks to queue
[2026-01-05T17:20:53.787+0000] {logging_mixin.py:190} INFO - [2026-01-05T17:20:53.787+0000] {dagbag.py:587} INFO - Filling up the DagBag from /home/airflow/.local/lib/python3.12/site-packages/airflow/example_dags/example_setup_teardown_taskflow.py
[2026-01-05T17:20:53.801+0000] {processor.py:925} INFO - DAG(s) 'example_setup_teardown_taskflow' retrieved from /home/airflow/.local/lib/python3.12/site-packages/airflow/example_dags/example_setup_teardown_taskflow.py
[2026-01-05T17:20:53.829+0000] {logging_mixin.py:190} INFO - [2026-01-05T17:20:53.829+0000] {dag.py:3211} INFO - Sync 1 DAGs
[2026-01-05T17:20:53.859+0000] {logging_mixin.py:190} INFO - [2026-01-05T17:20:53.859+0000] {dag.py:4138} INFO - Setting next_dagrun for example_setup_teardown_taskflow to 2026-01-04 00:00:00+00:00, run_after=2026-01-05 00:00:00+00:00
[2026-01-05T17:20:53.890+0000] {processor.py:208} INFO - Processing /home/airflow/.local/lib/python3.12/site-packages/airflow/example_dags/example_setup_teardown_taskflow.py took 0.116 seconds
[2026-01-05T17:21:24.077+0000] {processor.py:186} INFO - Started process (PID=594) to work on /home/airflow/.local/lib/python3.12/site-packages/airflow/example_dags/example_setup_teardown_taskflow.py
[2026-01-05T17:21:24.079+0000] {processor.py:914} INFO - Processing file /home/airflow/.local/lib/python3.12/site-packages/airflow/example_dags/example_setup_teardown_taskflow.py for tasks to queue
[2026-01-05T17:21:24.083+0000] {logging_mixin.py:190} INFO - [2026-01-05T17:21:24.083+0000] {dagbag.py:587} INFO - Filling up the DagBag from /home/airflow/.local/lib/python3.12/site-packages/airflow/example_dags/example_setup_teardown_taskflow.py
[2026-01-05T17:21:24.092+0000] {processor.py:925} INFO - DAG(s) 'example_setup_teardown_taskflow' retrieved from /home/airflow/.local/lib/python3.12/site-packages/airflow/example_dags/example_setup_teardown_taskflow.py
[2026-01-05T17:21:24.117+0000] {logging_mixin.py:190} INFO - [2026-01-05T17:21:24.117+0000] {dag.py:3211} INFO - Sync 1 DAGs
[2026-01-05T17:21:24.139+0000] {logging_mixin.py:190} INFO - [2026-01-05T17:21:24.139+0000] {dag.py:4138} INFO - Setting next_dagrun for example_setup_teardown_taskflow to 2026-01-04 00:00:00+00:00, run_after=2026-01-05 00:00:00+00:00
[2026-01-05T17:21:24.162+0000] {processor.py:208} INFO - Processing /home/airflow/.local/lib/python3.12/site-packages/airflow/example_dags/example_setup_teardown_taskflow.py took 0.090 seconds
[2026-01-05T17:21:54.402+0000] {processor.py:186} INFO - Started process (PID=660) to work on /home/airflow/.local/lib/python3.12/site-packages/airflow/example_dags/example_setup_teardown_taskflow.py
[2026-01-05T17:21:54.404+0000] {processor.py:914} INFO - Processing file /home/airflow/.local/lib/python3.12/site-packages/airflow/example_dags/example_setup_teardown_taskflow.py for tasks to queue
[2026-01-05T17:21:54.407+0000] {logging_mixin.py:190} INFO - [2026-01-05T17:21:54.407+0000] {dagbag.py:587} INFO - Filling up the DagBag from /home/airflow/.local/lib/python3.12/site-packages/airflow/example_dags/example_setup_teardown_taskflow.py
[2026-01-05T17:21:54.420+0000] {processor.py:925} INFO - DAG(s) 'example_setup_teardown_taskflow' retrieved from /home/airflow/.local/lib/python3.12/site-packages/airflow/example_dags/example_setup_teardown_taskflow.py
[2026-01-05T17:21:54.446+0000] {logging_mixin.py:190} INFO - [2026-01-05T17:21:54.446+0000] {dag.py:3211} INFO - Sync 1 DAGs
[2026-01-05T17:21:54.469+0000] {logging_mixin.py:190} INFO - [2026-01-05T17:21:54.469+0000] {dag.py:4138} INFO - Setting next_dagrun for example_setup_teardown_taskflow to 2026-01-04 00:00:00+00:00, run_after=2026-01-05 00:00:00+00:00
[2026-01-05T17:21:54.490+0000] {processor.py:208} INFO - Processing /home/airflow/.local/lib/python3.12/site-packages/airflow/example_dags/example_setup_teardown_taskflow.py took 0.096 seconds
[2026-01-05T17:22:24.893+0000] {processor.py:186} INFO - Started process (PID=726) to work on /home/airflow/.local/lib/python3.12/site-packages/airflow/example_dags/example_setup_teardown_taskflow.py
[2026-01-05T17:22:24.894+0000] {processor.py:914} INFO - Processing file /home/airflow/.local/lib/python3.12/site-packages/airflow/example_dags/example_setup_teardown_taskflow.py for tasks to queue
[2026-01-05T17:22:24.897+0000] {logging_mixin.py:190} INFO - [2026-01-05T17:22:24.897+0000] {dagbag.py:587} INFO - Filling up the DagBag from /home/airflow/.local/lib/python3.12/site-packages/airflow/example_dags/example_setup_teardown_taskflow.py
[2026-01-05T17:22:24.908+0000] {processor.py:925} INFO - DAG(s) 'example_setup_teardown_taskflow' retrieved from /home/airflow/.local/lib/python3.12/site-packages/airflow/example_dags/example_setup_teardown_taskflow.py
[2026-01-05T17:22:24.935+0000] {logging_mixin.py:190} INFO - [2026-01-05T17:22:24.935+0000] {dag.py:3211} INFO - Sync 1 DAGs
[2026-01-05T17:22:24.967+0000] {logging_mixin.py:190} INFO - [2026-01-05T17:22:24.967+0000] {dag.py:4138} INFO - Setting next_dagrun for example_setup_teardown_taskflow to 2026-01-04 00:00:00+00:00, run_after=2026-01-05 00:00:00+00:00
[2026-01-05T17:22:24.996+0000] {processor.py:208} INFO - Processing /home/airflow/.local/lib/python3.12/site-packages/airflow/example_dags/example_setup_teardown_taskflow.py took 0.111 seconds
[2026-01-05T17:22:55.853+0000] {processor.py:186} INFO - Started process (PID=792) to work on /home/airflow/.local/lib/python3.12/site-packages/airflow/example_dags/example_setup_teardown_taskflow.py
[2026-01-05T17:22:55.855+0000] {processor.py:914} INFO - Processing file /home/airflow/.local/lib/python3.12/site-packages/airflow/example_dags/example_setup_teardown_taskflow.py for tasks to queue
[2026-01-05T17:22:55.858+0000] {logging_mixin.py:190} INFO - [2026-01-05T17:22:55.858+0000] {dagbag.py:587} INFO - Filling up the DagBag from /home/airflow/.local/lib/python3.12/site-packages/airflow/example_dags/example_setup_teardown_taskflow.py
[2026-01-05T17:22:55.868+0000] {processor.py:925} INFO - DAG(s) 'example_setup_teardown_taskflow' retrieved from /home/airflow/.local/lib/python3.12/site-packages/airflow/example_dags/example_setup_teardown_taskflow.py
[2026-01-05T17:22:55.894+0000] {logging_mixin.py:190} INFO - [2026-01-05T17:22:55.893+0000] {dag.py:3211} INFO - Sync 1 DAGs
[2026-01-05T17:22:55.924+0000] {logging_mixin.py:190} INFO - [2026-01-05T17:22:55.924+0000] {dag.py:4138} INFO - Setting next_dagrun for example_setup_teardown_taskflow to 2026-01-04 00:00:00+00:00, run_after=2026-01-05 00:00:00+00:00
[2026-01-05T17:22:55.950+0000] {processor.py:208} INFO - Processing /home/airflow/.local/lib/python3.12/site-packages/airflow/example_dags/example_setup_teardown_taskflow.py took 0.104 seconds
[2026-01-05T17:23:26.941+0000] {processor.py:186} INFO - Started process (PID=864) to work on /home/airflow/.local/lib/python3.12/site-packages/airflow/example_dags/example_setup_teardown_taskflow.py
[2026-01-05T17:23:26.944+0000] {processor.py:914} INFO - Processing file /home/airflow/.local/lib/python3.12/site-packages/airflow/example_dags/example_setup_teardown_taskflow.py for tasks to queue
[2026-01-05T17:23:26.950+0000] {logging_mixin.py:190} INFO - [2026-01-05T17:23:26.950+0000] {dagbag.py:587} INFO - Filling up the DagBag from /home/airflow/.local/lib/python3.12/site-packages/airflow/example_dags/example_setup_teardown_taskflow.py
[2026-01-05T17:23:26.973+0000] {processor.py:925} INFO - DAG(s) 'example_setup_teardown_taskflow' retrieved from /home/airflow/.local/lib/python3.12/site-packages/airflow/example_dags/example_setup_teardown_taskflow.py
[2026-01-05T17:23:27.022+0000] {logging_mixin.py:190} INFO - [2026-01-05T17:23:27.021+0000] {dag.py:3211} INFO - Sync 1 DAGs
[2026-01-05T17:23:27.084+0000] {logging_mixin.py:190} INFO - [2026-01-05T17:23:27.083+0000] {dag.py:4138} INFO - Setting next_dagrun for example_setup_teardown_taskflow to 2026-01-04 00:00:00+00:00, run_after=2026-01-05 00:00:00+00:00
[2026-01-05T17:23:27.112+0000] {processor.py:208} INFO - Processing /home/airflow/.local/lib/python3.12/site-packages/airflow/example_dags/example_setup_teardown_taskflow.py took 0.182 seconds
[2026-01-05T17:23:57.337+0000] {processor.py:186} INFO - Started process (PID=930) to work on /home/airflow/.local/lib/python3.12/site-packages/airflow/example_dags/example_setup_teardown_taskflow.py
[2026-01-05T17:23:57.339+0000] {processor.py:914} INFO - Processing file /home/airflow/.local/lib/python3.12/site-packages/airflow/example_dags/example_setup_teardown_taskflow.py for tasks to queue
[2026-01-05T17:23:57.342+0000] {logging_mixin.py:190} INFO - [2026-01-05T17:23:57.342+0000] {dagbag.py:587} INFO - Filling up the DagBag from /home/airflow/.local/lib/python3.12/site-packages/airflow/example_dags/example_setup_teardown_taskflow.py
[2026-01-05T17:23:57.356+0000] {processor.py:925} INFO - DAG(s) 'example_setup_teardown_taskflow' retrieved from /home/airflow/.local/lib/python3.12/site-packages/airflow/example_dags/example_setup_teardown_taskflow.py
[2026-01-05T17:23:57.383+0000] {logging_mixin.py:190} INFO - [2026-01-05T17:23:57.383+0000] {dag.py:3211} INFO - Sync 1 DAGs
[2026-01-05T17:23:57.413+0000] {logging_mixin.py:190} INFO - [2026-01-05T17:23:57.413+0000] {dag.py:4138} INFO - Setting next_dagrun for example_setup_teardown_taskflow to 2026-01-04 00:00:00+00:00, run_after=2026-01-05 00:00:00+00:00
[2026-01-05T17:23:57.434+0000] {processor.py:208} INFO - Processing /home/airflow/.local/lib/python3.12/site-packages/airflow/example_dags/example_setup_teardown_taskflow.py took 0.103 seconds
[2026-01-05T17:24:27.870+0000] {processor.py:186} INFO - Started process (PID=996) to work on /home/airflow/.local/lib/python3.12/site-packages/airflow/example_dags/example_setup_teardown_taskflow.py
[2026-01-05T17:24:27.872+0000] {processor.py:914} INFO - Processing file /home/airflow/.local/lib/python3.12/site-packages/airflow/example_dags/example_setup_teardown_taskflow.py for tasks to queue
[2026-01-05T17:24:27.877+0000] {logging_mixin.py:190} INFO - [2026-01-05T17:24:27.876+0000] {dagbag.py:587} INFO - Filling up the DagBag from /home/airflow/.local/lib/python3.12/site-packages/airflow/example_dags/example_setup_teardown_taskflow.py
[2026-01-05T17:24:27.895+0000] {processor.py:925} INFO - DAG(s) 'example_setup_teardown_taskflow' retrieved from /home/airflow/.local/lib/python3.12/site-packages/airflow/example_dags/example_setup_teardown_taskflow.py
[2026-01-05T17:24:27.930+0000] {logging_mixin.py:190} INFO - [2026-01-05T17:24:27.929+0000] {dag.py:3211} INFO - Sync 1 DAGs
[2026-01-05T17:24:27.957+0000] {logging_mixin.py:190} INFO - [2026-01-05T17:24:27.956+0000] {dag.py:4138} INFO - Setting next_dagrun for example_setup_teardown_taskflow to 2026-01-04 00:00:00+00:00, run_after=2026-01-05 00:00:00+00:00
[2026-01-05T17:24:27.977+0000] {processor.py:208} INFO - Processing /home/airflow/.local/lib/python3.12/site-packages/airflow/example_dags/example_setup_teardown_taskflow.py took 0.120 seconds
[2026-01-05T17:24:58.121+0000] {processor.py:186} INFO - Started process (PID=1062) to work on /home/airflow/.local/lib/python3.12/site-packages/airflow/example_dags/example_setup_teardown_taskflow.py
[2026-01-05T17:24:58.123+0000] {processor.py:914} INFO - Processing file /home/airflow/.local/lib/python3.12/site-packages/airflow/example_dags/example_setup_teardown_taskflow.py for tasks to queue
[2026-01-05T17:24:58.126+0000] {logging_mixin.py:190} INFO - [2026-01-05T17:24:58.126+0000] {dagbag.py:587} INFO - Filling up the DagBag from /home/airflow/.local/lib/python3.12/site-packages/airflow/example_dags/example_setup_teardown_taskflow.py
[2026-01-05T17:24:58.136+0000] {processor.py:925} INFO - DAG(s) 'example_setup_teardown_taskflow' retrieved from /home/airflow/.local/lib/python3.12/site-packages/airflow/example_dags/example_setup_teardown_taskflow.py
[2026-01-05T17:24:58.164+0000] {logging_mixin.py:190} INFO - [2026-01-05T17:24:58.164+0000] {dag.py:3211} INFO - Sync 1 DAGs
[2026-01-05T17:24:58.191+0000] {logging_mixin.py:190} INFO - [2026-01-05T17:24:58.191+0000] {dag.py:4138} INFO - Setting next_dagrun for example_setup_teardown_taskflow to 2026-01-04 00:00:00+00:00, run_after=2026-01-05 00:00:00+00:00
[2026-01-05T17:24:58.215+0000] {processor.py:208} INFO - Processing /home/airflow/.local/lib/python3.12/site-packages/airflow/example_dags/example_setup_teardown_taskflow.py took 0.101 seconds
[2026-01-05T17:25:28.370+0000] {processor.py:186} INFO - Started process (PID=1128) to work on /home/airflow/.local/lib/python3.12/site-packages/airflow/example_dags/example_setup_teardown_taskflow.py
[2026-01-05T17:25:28.373+0000] {processor.py:914} INFO - Processing file /home/airflow/.local/lib/python3.12/site-packages/airflow/example_dags/example_setup_teardown_taskflow.py for tasks to queue
[2026-01-05T17:25:28.376+0000] {logging_mixin.py:190} INFO - [2026-01-05T17:25:28.376+0000] {dagbag.py:587} INFO - Filling up the DagBag from /home/airflow/.local/lib/python3.12/site-packages/airflow/example_dags/example_setup_teardown_taskflow.py
[2026-01-05T17:25:28.396+0000] {processor.py:925} INFO - DAG(s) 'example_setup_teardown_taskflow' retrieved from /home/airflow/.local/lib/python3.12/site-packages/airflow/example_dags/example_setup_teardown_taskflow.py
[2026-01-05T17:25:28.427+0000] {logging_mixin.py:190} INFO - [2026-01-05T17:25:28.427+0000] {dag.py:3211} INFO - Sync 1 DAGs
[2026-01-05T17:25:28.456+0000] {logging_mixin.py:190} INFO - [2026-01-05T17:25:28.456+0000] {dag.py:4138} INFO - Setting next_dagrun for example_setup_teardown_taskflow to 2026-01-04 00:00:00+00:00, run_after=2026-01-05 00:00:00+00:00
[2026-01-05T17:25:28.476+0000] {processor.py:208} INFO - Processing /home/airflow/.local/lib/python3.12/site-packages/airflow/example_dags/example_setup_teardown_taskflow.py took 0.115 seconds
[2026-01-05T17:25:58.614+0000] {processor.py:186} INFO - Started process (PID=1194) to work on /home/airflow/.local/lib/python3.12/site-packages/airflow/example_dags/example_setup_teardown_taskflow.py
[2026-01-05T17:25:58.616+0000] {processor.py:914} INFO - Processing file /home/airflow/.local/lib/python3.12/site-packages/airflow/example_dags/example_setup_teardown_taskflow.py for tasks to queue
[2026-01-05T17:25:58.622+0000] {logging_mixin.py:190} INFO - [2026-01-05T17:25:58.621+0000] {dagbag.py:587} INFO - Filling up the DagBag from /home/airflow/.local/lib/python3.12/site-packages/airflow/example_dags/example_setup_teardown_taskflow.py
[2026-01-05T17:25:58.637+0000] {processor.py:925} INFO - DAG(s) 'example_setup_teardown_taskflow' retrieved from /home/airflow/.local/lib/python3.12/site-packages/airflow/example_dags/example_setup_teardown_taskflow.py
[2026-01-05T17:25:58.677+0000] {logging_mixin.py:190} INFO - [2026-01-05T17:25:58.676+0000] {dag.py:3211} INFO - Sync 1 DAGs
[2026-01-05T17:25:58.713+0000] {logging_mixin.py:190} INFO - [2026-01-05T17:25:58.713+0000] {dag.py:4138} INFO - Setting next_dagrun for example_setup_teardown_taskflow to 2026-01-04 00:00:00+00:00, run_after=2026-01-05 00:00:00+00:00
[2026-01-05T17:25:58.739+0000] {processor.py:208} INFO - Processing /home/airflow/.local/lib/python3.12/site-packages/airflow/example_dags/example_setup_teardown_taskflow.py took 0.132 seconds
[2026-01-05T17:26:28.978+0000] {processor.py:186} INFO - Started process (PID=1261) to work on /home/airflow/.local/lib/python3.12/site-packages/airflow/example_dags/example_setup_teardown_taskflow.py
[2026-01-05T17:26:28.980+0000] {processor.py:914} INFO - Processing file /home/airflow/.local/lib/python3.12/site-packages/airflow/example_dags/example_setup_teardown_taskflow.py for tasks to queue
[2026-01-05T17:26:28.983+0000] {logging_mixin.py:190} INFO - [2026-01-05T17:26:28.983+0000] {dagbag.py:587} INFO - Filling up the DagBag from /home/airflow/.local/lib/python3.12/site-packages/airflow/example_dags/example_setup_teardown_taskflow.py
[2026-01-05T17:26:28.993+0000] {processor.py:925} INFO - DAG(s) 'example_setup_teardown_taskflow' retrieved from /home/airflow/.local/lib/python3.12/site-packages/airflow/example_dags/example_setup_teardown_taskflow.py
[2026-01-05T17:26:29.021+0000] {logging_mixin.py:190} INFO - [2026-01-05T17:26:29.021+0000] {dag.py:3211} INFO - Sync 1 DAGs
[2026-01-05T17:26:29.044+0000] {logging_mixin.py:190} INFO - [2026-01-05T17:26:29.043+0000] {dag.py:4138} INFO - Setting next_dagrun for example_setup_teardown_taskflow to 2026-01-04 00:00:00+00:00, run_after=2026-01-05 00:00:00+00:00
[2026-01-05T17:26:29.070+0000] {processor.py:208} INFO - Processing /home/airflow/.local/lib/python3.12/site-packages/airflow/example_dags/example_setup_teardown_taskflow.py took 0.099 seconds
[2026-01-05T17:26:59.277+0000] {processor.py:186} INFO - Started process (PID=1327) to work on /home/airflow/.local/lib/python3.12/site-packages/airflow/example_dags/example_setup_teardown_taskflow.py
[2026-01-05T17:26:59.279+0000] {processor.py:914} INFO - Processing file /home/airflow/.local/lib/python3.12/site-packages/airflow/example_dags/example_setup_teardown_taskflow.py for tasks to queue
[2026-01-05T17:26:59.282+0000] {logging_mixin.py:190} INFO - [2026-01-05T17:26:59.282+0000] {dagbag.py:587} INFO - Filling up the DagBag from /home/airflow/.local/lib/python3.12/site-packages/airflow/example_dags/example_setup_teardown_taskflow.py
[2026-01-05T17:26:59.294+0000] {processor.py:925} INFO - DAG(s) 'example_setup_teardown_taskflow' retrieved from /home/airflow/.local/lib/python3.12/site-packages/airflow/example_dags/example_setup_teardown_taskflow.py
[2026-01-05T17:26:59.322+0000] {logging_mixin.py:190} INFO - [2026-01-05T17:26:59.321+0000] {dag.py:3211} INFO - Sync 1 DAGs
[2026-01-05T17:26:59.349+0000] {logging_mixin.py:190} INFO - [2026-01-05T17:26:59.349+0000] {dag.py:4138} INFO - Setting next_dagrun for example_setup_teardown_taskflow to 2026-01-04 00:00:00+00:00, run_after=2026-01-05 00:00:00+00:00
[2026-01-05T17:26:59.371+0000] {processor.py:208} INFO - Processing /home/airflow/.local/lib/python3.12/site-packages/airflow/example_dags/example_setup_teardown_taskflow.py took 0.101 seconds
[2026-01-05T17:27:29.432+0000] {processor.py:186} INFO - Started process (PID=1393) to work on /home/airflow/.local/lib/python3.12/site-packages/airflow/example_dags/example_setup_teardown_taskflow.py
[2026-01-05T17:27:29.434+0000] {processor.py:914} INFO - Processing file /home/airflow/.local/lib/python3.12/site-packages/airflow/example_dags/example_setup_teardown_taskflow.py for tasks to queue
[2026-01-05T17:27:29.438+0000] {logging_mixin.py:190} INFO - [2026-01-05T17:27:29.437+0000] {dagbag.py:587} INFO - Filling up the DagBag from /home/airflow/.local/lib/python3.12/site-packages/airflow/example_dags/example_setup_teardown_taskflow.py
[2026-01-05T17:27:29.457+0000] {processor.py:925} INFO - DAG(s) 'example_setup_teardown_taskflow' retrieved from /home/airflow/.local/lib/python3.12/site-packages/airflow/example_dags/example_setup_teardown_taskflow.py
[2026-01-05T17:27:29.488+0000] {logging_mixin.py:190} INFO - [2026-01-05T17:27:29.488+0000] {dag.py:3211} INFO - Sync 1 DAGs
[2026-01-05T17:27:29.516+0000] {logging_mixin.py:190} INFO - [2026-01-05T17:27:29.516+0000] {dag.py:4138} INFO - Setting next_dagrun for example_setup_teardown_taskflow to 2026-01-04 00:00:00+00:00, run_after=2026-01-05 00:00:00+00:00
[2026-01-05T17:27:29.539+0000] {processor.py:208} INFO - Processing /home/airflow/.local/lib/python3.12/site-packages/airflow/example_dags/example_setup_teardown_taskflow.py took 0.116 seconds
[2026-01-05T17:27:59.785+0000] {processor.py:186} INFO - Started process (PID=1458) to work on /home/airflow/.local/lib/python3.12/site-packages/airflow/example_dags/example_setup_teardown_taskflow.py
[2026-01-05T17:27:59.787+0000] {processor.py:914} INFO - Processing file /home/airflow/.local/lib/python3.12/site-packages/airflow/example_dags/example_setup_teardown_taskflow.py for tasks to queue
[2026-01-05T17:27:59.793+0000] {logging_mixin.py:190} INFO - [2026-01-05T17:27:59.792+0000] {dagbag.py:587} INFO - Filling up the DagBag from /home/airflow/.local/lib/python3.12/site-packages/airflow/example_dags/example_setup_teardown_taskflow.py
[2026-01-05T17:27:59.829+0000] {processor.py:925} INFO - DAG(s) 'example_setup_teardown_taskflow' retrieved from /home/airflow/.local/lib/python3.12/site-packages/airflow/example_dags/example_setup_teardown_taskflow.py
[2026-01-05T17:27:59.873+0000] {logging_mixin.py:190} INFO - [2026-01-05T17:27:59.872+0000] {dag.py:3211} INFO - Sync 1 DAGs
[2026-01-05T17:27:59.905+0000] {logging_mixin.py:190} INFO - [2026-01-05T17:27:59.905+0000] {dag.py:4138} INFO - Setting next_dagrun for example_setup_teardown_taskflow to 2026-01-04 00:00:00+00:00, run_after=2026-01-05 00:00:00+00:00
[2026-01-05T17:27:59.938+0000] {processor.py:208} INFO - Processing /home/airflow/.local/lib/python3.12/site-packages/airflow/example_dags/example_setup_teardown_taskflow.py took 0.171 seconds
[2026-01-05T17:28:30.744+0000] {processor.py:186} INFO - Started process (PID=1524) to work on /home/airflow/.local/lib/python3.12/site-packages/airflow/example_dags/example_setup_teardown_taskflow.py
[2026-01-05T17:28:30.746+0000] {processor.py:914} INFO - Processing file /home/airflow/.local/lib/python3.12/site-packages/airflow/example_dags/example_setup_teardown_taskflow.py for tasks to queue
[2026-01-05T17:28:30.750+0000] {logging_mixin.py:190} INFO - [2026-01-05T17:28:30.749+0000] {dagbag.py:587} INFO - Filling up the DagBag from /home/airflow/.local/lib/python3.12/site-packages/airflow/example_dags/example_setup_teardown_taskflow.py
[2026-01-05T17:28:30.760+0000] {processor.py:925} INFO - DAG(s) 'example_setup_teardown_taskflow' retrieved from /home/airflow/.local/lib/python3.12/site-packages/airflow/example_dags/example_setup_teardown_taskflow.py
[2026-01-05T17:28:30.795+0000] {logging_mixin.py:190} INFO - [2026-01-05T17:28:30.794+0000] {dag.py:3211} INFO - Sync 1 DAGs
[2026-01-05T17:28:30.829+0000] {logging_mixin.py:190} INFO - [2026-01-05T17:28:30.828+0000] {dag.py:4138} INFO - Setting next_dagrun for example_setup_teardown_taskflow to 2026-01-04 00:00:00+00:00, run_after=2026-01-05 00:00:00+00:00
[2026-01-05T17:28:30.849+0000] {processor.py:208} INFO - Processing /home/airflow/.local/lib/python3.12/site-packages/airflow/example_dags/example_setup_teardown_taskflow.py took 0.112 seconds
[2026-01-05T17:29:01.264+0000] {processor.py:186} INFO - Started process (PID=1590) to work on /home/airflow/.local/lib/python3.12/site-packages/airflow/example_dags/example_setup_teardown_taskflow.py
[2026-01-05T17:29:01.267+0000] {processor.py:914} INFO - Processing file /home/airflow/.local/lib/python3.12/site-packages/airflow/example_dags/example_setup_teardown_taskflow.py for tasks to queue
[2026-01-05T17:29:01.271+0000] {logging_mixin.py:190} INFO - [2026-01-05T17:29:01.271+0000] {dagbag.py:587} INFO - Filling up the DagBag from /home/airflow/.local/lib/python3.12/site-packages/airflow/example_dags/example_setup_teardown_taskflow.py
[2026-01-05T17:29:01.290+0000] {processor.py:925} INFO - DAG(s) 'example_setup_teardown_taskflow' retrieved from /home/airflow/.local/lib/python3.12/site-packages/airflow/example_dags/example_setup_teardown_taskflow.py
[2026-01-05T17:29:01.330+0000] {logging_mixin.py:190} INFO - [2026-01-05T17:29:01.330+0000] {dag.py:3211} INFO - Sync 1 DAGs
[2026-01-05T17:29:01.355+0000] {logging_mixin.py:190} INFO - [2026-01-05T17:29:01.355+0000] {dag.py:4138} INFO - Setting next_dagrun for example_setup_teardown_taskflow to 2026-01-04 00:00:00+00:00, run_after=2026-01-05 00:00:00+00:00
[2026-01-05T17:29:01.380+0000] {processor.py:208} INFO - Processing /home/airflow/.local/lib/python3.12/site-packages/airflow/example_dags/example_setup_teardown_taskflow.py took 0.128 seconds
[2026-01-05T17:29:31.990+0000] {processor.py:186} INFO - Started process (PID=1656) to work on /home/airflow/.local/lib/python3.12/site-packages/airflow/example_dags/example_setup_teardown_taskflow.py
[2026-01-05T17:29:31.992+0000] {processor.py:914} INFO - Processing file /home/airflow/.local/lib/python3.12/site-packages/airflow/example_dags/example_setup_teardown_taskflow.py for tasks to queue
[2026-01-05T17:29:31.997+0000] {logging_mixin.py:190} INFO - [2026-01-05T17:29:31.997+0000] {dagbag.py:587} INFO - Filling up the DagBag from /home/airflow/.local/lib/python3.12/site-packages/airflow/example_dags/example_setup_teardown_taskflow.py
[2026-01-05T17:29:32.013+0000] {processor.py:925} INFO - DAG(s) 'example_setup_teardown_taskflow' retrieved from /home/airflow/.local/lib/python3.12/site-packages/airflow/example_dags/example_setup_teardown_taskflow.py
[2026-01-05T17:29:32.045+0000] {logging_mixin.py:190} INFO - [2026-01-05T17:29:32.044+0000] {dag.py:3211} INFO - Sync 1 DAGs
[2026-01-05T17:29:32.072+0000] {logging_mixin.py:190} INFO - [2026-01-05T17:29:32.072+0000] {dag.py:4138} INFO - Setting next_dagrun for example_setup_teardown_taskflow to 2026-01-04 00:00:00+00:00, run_after=2026-01-05 00:00:00+00:00
[2026-01-05T17:29:32.098+0000] {processor.py:208} INFO - Processing /home/airflow/.local/lib/python3.12/site-packages/airflow/example_dags/example_setup_teardown_taskflow.py took 0.116 seconds
[2026-01-05T17:30:02.431+0000] {processor.py:186} INFO - Started process (PID=1722) to work on /home/airflow/.local/lib/python3.12/site-packages/airflow/example_dags/example_setup_teardown_taskflow.py
[2026-01-05T17:30:02.432+0000] {processor.py:914} INFO - Processing file /home/airflow/.local/lib/python3.12/site-packages/airflow/example_dags/example_setup_teardown_taskflow.py for tasks to queue
[2026-01-05T17:30:02.436+0000] {logging_mixin.py:190} INFO - [2026-01-05T17:30:02.435+0000] {dagbag.py:587} INFO - Filling up the DagBag from /home/airflow/.local/lib/python3.12/site-packages/airflow/example_dags/example_setup_teardown_taskflow.py
[2026-01-05T17:30:02.449+0000] {processor.py:925} INFO - DAG(s) 'example_setup_teardown_taskflow' retrieved from /home/airflow/.local/lib/python3.12/site-packages/airflow/example_dags/example_setup_teardown_taskflow.py
[2026-01-05T17:30:02.477+0000] {logging_mixin.py:190} INFO - [2026-01-05T17:30:02.476+0000] {dag.py:3211} INFO - Sync 1 DAGs
[2026-01-05T17:30:02.500+0000] {logging_mixin.py:190} INFO - [2026-01-05T17:30:02.500+0000] {dag.py:4138} INFO - Setting next_dagrun for example_setup_teardown_taskflow to 2026-01-04 00:00:00+00:00, run_after=2026-01-05 00:00:00+00:00
[2026-01-05T17:30:02.525+0000] {processor.py:208} INFO - Processing /home/airflow/.local/lib/python3.12/site-packages/airflow/example_dags/example_setup_teardown_taskflow.py took 0.101 seconds
[2026-01-05T17:30:32.988+0000] {processor.py:186} INFO - Started process (PID=1789) to work on /home/airflow/.local/lib/python3.12/site-packages/airflow/example_dags/example_setup_teardown_taskflow.py
[2026-01-05T17:30:32.989+0000] {processor.py:914} INFO - Processing file /home/airflow/.local/lib/python3.12/site-packages/airflow/example_dags/example_setup_teardown_taskflow.py for tasks to queue
[2026-01-05T17:30:32.992+0000] {logging_mixin.py:190} INFO - [2026-01-05T17:30:32.992+0000] {dagbag.py:587} INFO - Filling up the DagBag from /home/airflow/.local/lib/python3.12/site-packages/airflow/example_dags/example_setup_teardown_taskflow.py
[2026-01-05T17:30:33.001+0000] {processor.py:925} INFO - DAG(s) 'example_setup_teardown_taskflow' retrieved from /home/airflow/.local/lib/python3.12/site-packages/airflow/example_dags/example_setup_teardown_taskflow.py
[2026-01-05T17:30:33.025+0000] {logging_mixin.py:190} INFO - [2026-01-05T17:30:33.024+0000] {dag.py:3211} INFO - Sync 1 DAGs
[2026-01-05T17:30:33.048+0000] {logging_mixin.py:190} INFO - [2026-01-05T17:30:33.048+0000] {dag.py:4138} INFO - Setting next_dagrun for example_setup_teardown_taskflow to 2026-01-04 00:00:00+00:00, run_after=2026-01-05 00:00:00+00:00
[2026-01-05T17:30:33.072+0000] {processor.py:208} INFO - Processing /home/airflow/.local/lib/python3.12/site-packages/airflow/example_dags/example_setup_teardown_taskflow.py took 0.091 seconds
[2026-01-05T17:31:03.730+0000] {processor.py:186} INFO - Started process (PID=1855) to work on /home/airflow/.local/lib/python3.12/site-packages/airflow/example_dags/example_setup_teardown_taskflow.py
[2026-01-05T17:31:03.732+0000] {processor.py:914} INFO - Processing file /home/airflow/.local/lib/python3.12/site-packages/airflow/example_dags/example_setup_teardown_taskflow.py for tasks to queue
[2026-01-05T17:31:03.735+0000] {logging_mixin.py:190} INFO - [2026-01-05T17:31:03.735+0000] {dagbag.py:587} INFO - Filling up the DagBag from /home/airflow/.local/lib/python3.12/site-packages/airflow/example_dags/example_setup_teardown_taskflow.py
[2026-01-05T17:31:03.748+0000] {processor.py:925} INFO - DAG(s) 'example_setup_teardown_taskflow' retrieved from /home/airflow/.local/lib/python3.12/site-packages/airflow/example_dags/example_setup_teardown_taskflow.py
[2026-01-05T17:31:03.781+0000] {logging_mixin.py:190} INFO - [2026-01-05T17:31:03.781+0000] {dag.py:3211} INFO - Sync 1 DAGs
[2026-01-05T17:31:03.809+0000] {logging_mixin.py:190} INFO - [2026-01-05T17:31:03.809+0000] {dag.py:4138} INFO - Setting next_dagrun for example_setup_teardown_taskflow to 2026-01-04 00:00:00+00:00, run_after=2026-01-05 00:00:00+00:00
[2026-01-05T17:31:03.833+0000] {processor.py:208} INFO - Processing /home/airflow/.local/lib/python3.12/site-packages/airflow/example_dags/example_setup_teardown_taskflow.py took 0.109 seconds
[2026-01-05T17:31:34.334+0000] {processor.py:186} INFO - Started process (PID=1921) to work on /home/airflow/.local/lib/python3.12/site-packages/airflow/example_dags/example_setup_teardown_taskflow.py
[2026-01-05T17:31:34.335+0000] {processor.py:914} INFO - Processing file /home/airflow/.local/lib/python3.12/site-packages/airflow/example_dags/example_setup_teardown_taskflow.py for tasks to queue
[2026-01-05T17:31:34.339+0000] {logging_mixin.py:190} INFO - [2026-01-05T17:31:34.338+0000] {dagbag.py:587} INFO - Filling up the DagBag from /home/airflow/.local/lib/python3.12/site-packages/airflow/example_dags/example_setup_teardown_taskflow.py
[2026-01-05T17:31:34.348+0000] {processor.py:925} INFO - DAG(s) 'example_setup_teardown_taskflow' retrieved from /home/airflow/.local/lib/python3.12/site-packages/airflow/example_dags/example_setup_teardown_taskflow.py
[2026-01-05T17:31:34.379+0000] {logging_mixin.py:190} INFO - [2026-01-05T17:31:34.379+0000] {dag.py:3211} INFO - Sync 1 DAGs
[2026-01-05T17:31:34.407+0000] {logging_mixin.py:190} INFO - [2026-01-05T17:31:34.407+0000] {dag.py:4138} INFO - Setting next_dagrun for example_setup_teardown_taskflow to 2026-01-04 00:00:00+00:00, run_after=2026-01-05 00:00:00+00:00
[2026-01-05T17:31:34.428+0000] {processor.py:208} INFO - Processing /home/airflow/.local/lib/python3.12/site-packages/airflow/example_dags/example_setup_teardown_taskflow.py took 0.101 seconds
[2026-01-05T17:32:04.609+0000] {processor.py:186} INFO - Started process (PID=1987) to work on /home/airflow/.local/lib/python3.12/site-packages/airflow/example_dags/example_setup_teardown_taskflow.py
[2026-01-05T17:32:04.611+0000] {processor.py:914} INFO - Processing file /home/airflow/.local/lib/python3.12/site-packages/airflow/example_dags/example_setup_teardown_taskflow.py for tasks to queue
[2026-01-05T17:32:04.616+0000] {logging_mixin.py:190} INFO - [2026-01-05T17:32:04.615+0000] {dagbag.py:587} INFO - Filling up the DagBag from /home/airflow/.local/lib/python3.12/site-packages/airflow/example_dags/example_setup_teardown_taskflow.py
[2026-01-05T17:32:04.630+0000] {processor.py:925} INFO - DAG(s) 'example_setup_teardown_taskflow' retrieved from /home/airflow/.local/lib/python3.12/site-packages/airflow/example_dags/example_setup_teardown_taskflow.py
[2026-01-05T17:32:04.659+0000] {logging_mixin.py:190} INFO - [2026-01-05T17:32:04.659+0000] {dag.py:3211} INFO - Sync 1 DAGs
[2026-01-05T17:32:04.680+0000] {logging_mixin.py:190} INFO - [2026-01-05T17:32:04.680+0000] {dag.py:4138} INFO - Setting next_dagrun for example_setup_teardown_taskflow to 2026-01-04 00:00:00+00:00, run_after=2026-01-05 00:00:00+00:00
[2026-01-05T17:32:04.701+0000] {processor.py:208} INFO - Processing /home/airflow/.local/lib/python3.12/site-packages/airflow/example_dags/example_setup_teardown_taskflow.py took 0.101 seconds
[2026-01-05T17:32:35.278+0000] {processor.py:186} INFO - Started process (PID=2053) to work on /home/airflow/.local/lib/python3.12/site-packages/airflow/example_dags/example_setup_teardown_taskflow.py
[2026-01-05T17:32:35.279+0000] {processor.py:914} INFO - Processing file /home/airflow/.local/lib/python3.12/site-packages/airflow/example_dags/example_setup_teardown_taskflow.py for tasks to queue
[2026-01-05T17:32:35.282+0000] {logging_mixin.py:190} INFO - [2026-01-05T17:32:35.282+0000] {dagbag.py:587} INFO - Filling up the DagBag from /home/airflow/.local/lib/python3.12/site-packages/airflow/example_dags/example_setup_teardown_taskflow.py
[2026-01-05T17:32:35.292+0000] {processor.py:925} INFO - DAG(s) 'example_setup_teardown_taskflow' retrieved from /home/airflow/.local/lib/python3.12/site-packages/airflow/example_dags/example_setup_teardown_taskflow.py
[2026-01-05T17:32:35.315+0000] {logging_mixin.py:190} INFO - [2026-01-05T17:32:35.315+0000] {dag.py:3211} INFO - Sync 1 DAGs
[2026-01-05T17:32:35.335+0000] {logging_mixin.py:190} INFO - [2026-01-05T17:32:35.335+0000] {dag.py:4138} INFO - Setting next_dagrun for example_setup_teardown_taskflow to 2026-01-04 00:00:00+00:00, run_after=2026-01-05 00:00:00+00:00
[2026-01-05T17:32:35.354+0000] {processor.py:208} INFO - Processing /home/airflow/.local/lib/python3.12/site-packages/airflow/example_dags/example_setup_teardown_taskflow.py took 0.082 seconds
[2026-01-05T17:33:05.734+0000] {processor.py:186} INFO - Started process (PID=2119) to work on /home/airflow/.local/lib/python3.12/site-packages/airflow/example_dags/example_setup_teardown_taskflow.py
[2026-01-05T17:33:05.736+0000] {processor.py:914} INFO - Processing file /home/airflow/.local/lib/python3.12/site-packages/airflow/example_dags/example_setup_teardown_taskflow.py for tasks to queue
[2026-01-05T17:33:05.742+0000] {logging_mixin.py:190} INFO - [2026-01-05T17:33:05.741+0000] {dagbag.py:587} INFO - Filling up the DagBag from /home/airflow/.local/lib/python3.12/site-packages/airflow/example_dags/example_setup_teardown_taskflow.py
[2026-01-05T17:33:05.756+0000] {processor.py:925} INFO - DAG(s) 'example_setup_teardown_taskflow' retrieved from /home/airflow/.local/lib/python3.12/site-packages/airflow/example_dags/example_setup_teardown_taskflow.py
[2026-01-05T17:33:05.782+0000] {logging_mixin.py:190} INFO - [2026-01-05T17:33:05.782+0000] {dag.py:3211} INFO - Sync 1 DAGs
[2026-01-05T17:33:05.811+0000] {logging_mixin.py:190} INFO - [2026-01-05T17:33:05.811+0000] {dag.py:4138} INFO - Setting next_dagrun for example_setup_teardown_taskflow to 2026-01-04 00:00:00+00:00, run_after=2026-01-05 00:00:00+00:00
[2026-01-05T17:33:05.839+0000] {processor.py:208} INFO - Processing /home/airflow/.local/lib/python3.12/site-packages/airflow/example_dags/example_setup_teardown_taskflow.py took 0.112 seconds
[2026-01-05T17:33:36.049+0000] {processor.py:186} INFO - Started process (PID=2185) to work on /home/airflow/.local/lib/python3.12/site-packages/airflow/example_dags/example_setup_teardown_taskflow.py
[2026-01-05T17:33:36.050+0000] {processor.py:914} INFO - Processing file /home/airflow/.local/lib/python3.12/site-packages/airflow/example_dags/example_setup_teardown_taskflow.py for tasks to queue
[2026-01-05T17:33:36.053+0000] {logging_mixin.py:190} INFO - [2026-01-05T17:33:36.052+0000] {dagbag.py:587} INFO - Filling up the DagBag from /home/airflow/.local/lib/python3.12/site-packages/airflow/example_dags/example_setup_teardown_taskflow.py
[2026-01-05T17:33:36.063+0000] {processor.py:925} INFO - DAG(s) 'example_setup_teardown_taskflow' retrieved from /home/airflow/.local/lib/python3.12/site-packages/airflow/example_dags/example_setup_teardown_taskflow.py
[2026-01-05T17:33:36.083+0000] {logging_mixin.py:190} INFO - [2026-01-05T17:33:36.082+0000] {dag.py:3211} INFO - Sync 1 DAGs
[2026-01-05T17:33:36.117+0000] {logging_mixin.py:190} INFO - [2026-01-05T17:33:36.116+0000] {dag.py:4138} INFO - Setting next_dagrun for example_setup_teardown_taskflow to 2026-01-04 00:00:00+00:00, run_after=2026-01-05 00:00:00+00:00
[2026-01-05T17:33:36.143+0000] {processor.py:208} INFO - Processing /home/airflow/.local/lib/python3.12/site-packages/airflow/example_dags/example_setup_teardown_taskflow.py took 0.101 seconds
[2026-01-05T17:34:06.557+0000] {processor.py:186} INFO - Started process (PID=2251) to work on /home/airflow/.local/lib/python3.12/site-packages/airflow/example_dags/example_setup_teardown_taskflow.py
[2026-01-05T17:34:06.558+0000] {processor.py:914} INFO - Processing file /home/airflow/.local/lib/python3.12/site-packages/airflow/example_dags/example_setup_teardown_taskflow.py for tasks to queue
[2026-01-05T17:34:06.561+0000] {logging_mixin.py:190} INFO - [2026-01-05T17:34:06.561+0000] {dagbag.py:587} INFO - Filling up the DagBag from /home/airflow/.local/lib/python3.12/site-packages/airflow/example_dags/example_setup_teardown_taskflow.py
[2026-01-05T17:34:06.571+0000] {processor.py:925} INFO - DAG(s) 'example_setup_teardown_taskflow' retrieved from /home/airflow/.local/lib/python3.12/site-packages/airflow/example_dags/example_setup_teardown_taskflow.py
[2026-01-05T17:34:06.594+0000] {logging_mixin.py:190} INFO - [2026-01-05T17:34:06.594+0000] {dag.py:3211} INFO - Sync 1 DAGs
[2026-01-05T17:34:06.617+0000] {logging_mixin.py:190} INFO - [2026-01-05T17:34:06.617+0000] {dag.py:4138} INFO - Setting next_dagrun for example_setup_teardown_taskflow to 2026-01-04 00:00:00+00:00, run_after=2026-01-05 00:00:00+00:00
[2026-01-05T17:34:06.637+0000] {processor.py:208} INFO - Processing /home/airflow/.local/lib/python3.12/site-packages/airflow/example_dags/example_setup_teardown_taskflow.py took 0.091 seconds
[2026-01-05T17:34:37.397+0000] {processor.py:186} INFO - Started process (PID=2317) to work on /home/airflow/.local/lib/python3.12/site-packages/airflow/example_dags/example_setup_teardown_taskflow.py
[2026-01-05T17:34:37.399+0000] {processor.py:914} INFO - Processing file /home/airflow/.local/lib/python3.12/site-packages/airflow/example_dags/example_setup_teardown_taskflow.py for tasks to queue
[2026-01-05T17:34:37.405+0000] {logging_mixin.py:190} INFO - [2026-01-05T17:34:37.403+0000] {dagbag.py:587} INFO - Filling up the DagBag from /home/airflow/.local/lib/python3.12/site-packages/airflow/example_dags/example_setup_teardown_taskflow.py
[2026-01-05T17:34:37.426+0000] {processor.py:925} INFO - DAG(s) 'example_setup_teardown_taskflow' retrieved from /home/airflow/.local/lib/python3.12/site-packages/airflow/example_dags/example_setup_teardown_taskflow.py
[2026-01-05T17:34:37.465+0000] {logging_mixin.py:190} INFO - [2026-01-05T17:34:37.464+0000] {dag.py:3211} INFO - Sync 1 DAGs
[2026-01-05T17:34:37.517+0000] {logging_mixin.py:190} INFO - [2026-01-05T17:34:37.517+0000] {dag.py:4138} INFO - Setting next_dagrun for example_setup_teardown_taskflow to 2026-01-04 00:00:00+00:00, run_after=2026-01-05 00:00:00+00:00
[2026-01-05T17:34:37.552+0000] {processor.py:208} INFO - Processing /home/airflow/.local/lib/python3.12/site-packages/airflow/example_dags/example_setup_teardown_taskflow.py took 0.175 seconds
[2026-01-05T17:35:07.832+0000] {processor.py:186} INFO - Started process (PID=2383) to work on /home/airflow/.local/lib/python3.12/site-packages/airflow/example_dags/example_setup_teardown_taskflow.py
[2026-01-05T17:35:07.834+0000] {processor.py:914} INFO - Processing file /home/airflow/.local/lib/python3.12/site-packages/airflow/example_dags/example_setup_teardown_taskflow.py for tasks to queue
[2026-01-05T17:35:07.838+0000] {logging_mixin.py:190} INFO - [2026-01-05T17:35:07.837+0000] {dagbag.py:587} INFO - Filling up the DagBag from /home/airflow/.local/lib/python3.12/site-packages/airflow/example_dags/example_setup_teardown_taskflow.py
[2026-01-05T17:35:07.850+0000] {processor.py:925} INFO - DAG(s) 'example_setup_teardown_taskflow' retrieved from /home/airflow/.local/lib/python3.12/site-packages/airflow/example_dags/example_setup_teardown_taskflow.py
[2026-01-05T17:35:07.876+0000] {logging_mixin.py:190} INFO - [2026-01-05T17:35:07.875+0000] {dag.py:3211} INFO - Sync 1 DAGs
[2026-01-05T17:35:07.899+0000] {logging_mixin.py:190} INFO - [2026-01-05T17:35:07.899+0000] {dag.py:4138} INFO - Setting next_dagrun for example_setup_teardown_taskflow to 2026-01-04 00:00:00+00:00, run_after=2026-01-05 00:00:00+00:00
[2026-01-05T17:35:07.918+0000] {processor.py:208} INFO - Processing /home/airflow/.local/lib/python3.12/site-packages/airflow/example_dags/example_setup_teardown_taskflow.py took 0.093 seconds
[2026-01-05T17:35:38.850+0000] {processor.py:186} INFO - Started process (PID=2450) to work on /home/airflow/.local/lib/python3.12/site-packages/airflow/example_dags/example_setup_teardown_taskflow.py
[2026-01-05T17:35:38.851+0000] {processor.py:914} INFO - Processing file /home/airflow/.local/lib/python3.12/site-packages/airflow/example_dags/example_setup_teardown_taskflow.py for tasks to queue
[2026-01-05T17:35:38.853+0000] {logging_mixin.py:190} INFO - [2026-01-05T17:35:38.853+0000] {dagbag.py:587} INFO - Filling up the DagBag from /home/airflow/.local/lib/python3.12/site-packages/airflow/example_dags/example_setup_teardown_taskflow.py
[2026-01-05T17:35:38.863+0000] {processor.py:925} INFO - DAG(s) 'example_setup_teardown_taskflow' retrieved from /home/airflow/.local/lib/python3.12/site-packages/airflow/example_dags/example_setup_teardown_taskflow.py
[2026-01-05T17:35:38.886+0000] {logging_mixin.py:190} INFO - [2026-01-05T17:35:38.886+0000] {dag.py:3211} INFO - Sync 1 DAGs
[2026-01-05T17:35:38.906+0000] {logging_mixin.py:190} INFO - [2026-01-05T17:35:38.906+0000] {dag.py:4138} INFO - Setting next_dagrun for example_setup_teardown_taskflow to 2026-01-04 00:00:00+00:00, run_after=2026-01-05 00:00:00+00:00
[2026-01-05T17:35:38.931+0000] {processor.py:208} INFO - Processing /home/airflow/.local/lib/python3.12/site-packages/airflow/example_dags/example_setup_teardown_taskflow.py took 0.089 seconds
[2026-01-05T17:36:09.625+0000] {processor.py:186} INFO - Started process (PID=2516) to work on /home/airflow/.local/lib/python3.12/site-packages/airflow/example_dags/example_setup_teardown_taskflow.py
[2026-01-05T17:36:09.626+0000] {processor.py:914} INFO - Processing file /home/airflow/.local/lib/python3.12/site-packages/airflow/example_dags/example_setup_teardown_taskflow.py for tasks to queue
[2026-01-05T17:36:09.630+0000] {logging_mixin.py:190} INFO - [2026-01-05T17:36:09.629+0000] {dagbag.py:587} INFO - Filling up the DagBag from /home/airflow/.local/lib/python3.12/site-packages/airflow/example_dags/example_setup_teardown_taskflow.py
[2026-01-05T17:36:09.641+0000] {processor.py:925} INFO - DAG(s) 'example_setup_teardown_taskflow' retrieved from /home/airflow/.local/lib/python3.12/site-packages/airflow/example_dags/example_setup_teardown_taskflow.py
[2026-01-05T17:36:09.667+0000] {logging_mixin.py:190} INFO - [2026-01-05T17:36:09.666+0000] {dag.py:3211} INFO - Sync 1 DAGs
[2026-01-05T17:36:09.694+0000] {logging_mixin.py:190} INFO - [2026-01-05T17:36:09.694+0000] {dag.py:4138} INFO - Setting next_dagrun for example_setup_teardown_taskflow to 2026-01-04 00:00:00+00:00, run_after=2026-01-05 00:00:00+00:00
[2026-01-05T17:36:09.714+0000] {processor.py:208} INFO - Processing /home/airflow/.local/lib/python3.12/site-packages/airflow/example_dags/example_setup_teardown_taskflow.py took 0.097 seconds
[2026-01-05T17:36:40.294+0000] {processor.py:186} INFO - Started process (PID=2582) to work on /home/airflow/.local/lib/python3.12/site-packages/airflow/example_dags/example_setup_teardown_taskflow.py
[2026-01-05T17:36:40.296+0000] {processor.py:914} INFO - Processing file /home/airflow/.local/lib/python3.12/site-packages/airflow/example_dags/example_setup_teardown_taskflow.py for tasks to queue
[2026-01-05T17:36:40.300+0000] {logging_mixin.py:190} INFO - [2026-01-05T17:36:40.299+0000] {dagbag.py:587} INFO - Filling up the DagBag from /home/airflow/.local/lib/python3.12/site-packages/airflow/example_dags/example_setup_teardown_taskflow.py
[2026-01-05T17:36:40.315+0000] {processor.py:925} INFO - DAG(s) 'example_setup_teardown_taskflow' retrieved from /home/airflow/.local/lib/python3.12/site-packages/airflow/example_dags/example_setup_teardown_taskflow.py
[2026-01-05T17:36:40.340+0000] {logging_mixin.py:190} INFO - [2026-01-05T17:36:40.340+0000] {dag.py:3211} INFO - Sync 1 DAGs
[2026-01-05T17:36:40.369+0000] {logging_mixin.py:190} INFO - [2026-01-05T17:36:40.369+0000] {dag.py:4138} INFO - Setting next_dagrun for example_setup_teardown_taskflow to 2026-01-04 00:00:00+00:00, run_after=2026-01-05 00:00:00+00:00
[2026-01-05T17:36:40.395+0000] {processor.py:208} INFO - Processing /home/airflow/.local/lib/python3.12/site-packages/airflow/example_dags/example_setup_teardown_taskflow.py took 0.111 seconds
[2026-01-05T17:37:10.565+0000] {processor.py:186} INFO - Started process (PID=2648) to work on /home/airflow/.local/lib/python3.12/site-packages/airflow/example_dags/example_setup_teardown_taskflow.py
[2026-01-05T17:37:10.566+0000] {processor.py:914} INFO - Processing file /home/airflow/.local/lib/python3.12/site-packages/airflow/example_dags/example_setup_teardown_taskflow.py for tasks to queue
[2026-01-05T17:37:10.571+0000] {logging_mixin.py:190} INFO - [2026-01-05T17:37:10.570+0000] {dagbag.py:587} INFO - Filling up the DagBag from /home/airflow/.local/lib/python3.12/site-packages/airflow/example_dags/example_setup_teardown_taskflow.py
[2026-01-05T17:37:10.586+0000] {processor.py:925} INFO - DAG(s) 'example_setup_teardown_taskflow' retrieved from /home/airflow/.local/lib/python3.12/site-packages/airflow/example_dags/example_setup_teardown_taskflow.py
[2026-01-05T17:37:10.612+0000] {logging_mixin.py:190} INFO - [2026-01-05T17:37:10.612+0000] {dag.py:3211} INFO - Sync 1 DAGs
[2026-01-05T17:37:10.644+0000] {logging_mixin.py:190} INFO - [2026-01-05T17:37:10.644+0000] {dag.py:4138} INFO - Setting next_dagrun for example_setup_teardown_taskflow to 2026-01-04 00:00:00+00:00, run_after=2026-01-05 00:00:00+00:00
[2026-01-05T17:37:10.665+0000] {processor.py:208} INFO - Processing /home/airflow/.local/lib/python3.12/site-packages/airflow/example_dags/example_setup_teardown_taskflow.py took 0.111 seconds
[2026-01-05T17:37:41.218+0000] {processor.py:186} INFO - Started process (PID=2714) to work on /home/airflow/.local/lib/python3.12/site-packages/airflow/example_dags/example_setup_teardown_taskflow.py
[2026-01-05T17:37:41.220+0000] {processor.py:914} INFO - Processing file /home/airflow/.local/lib/python3.12/site-packages/airflow/example_dags/example_setup_teardown_taskflow.py for tasks to queue
[2026-01-05T17:37:41.223+0000] {logging_mixin.py:190} INFO - [2026-01-05T17:37:41.223+0000] {dagbag.py:587} INFO - Filling up the DagBag from /home/airflow/.local/lib/python3.12/site-packages/airflow/example_dags/example_setup_teardown_taskflow.py
[2026-01-05T17:37:41.234+0000] {processor.py:925} INFO - DAG(s) 'example_setup_teardown_taskflow' retrieved from /home/airflow/.local/lib/python3.12/site-packages/airflow/example_dags/example_setup_teardown_taskflow.py
[2026-01-05T17:37:41.267+0000] {logging_mixin.py:190} INFO - [2026-01-05T17:37:41.267+0000] {dag.py:3211} INFO - Sync 1 DAGs
[2026-01-05T17:37:41.320+0000] {logging_mixin.py:190} INFO - [2026-01-05T17:37:41.320+0000] {dag.py:4138} INFO - Setting next_dagrun for example_setup_teardown_taskflow to 2026-01-04 00:00:00+00:00, run_after=2026-01-05 00:00:00+00:00
[2026-01-05T17:37:41.358+0000] {processor.py:208} INFO - Processing /home/airflow/.local/lib/python3.12/site-packages/airflow/example_dags/example_setup_teardown_taskflow.py took 0.146 seconds
[2026-01-05T17:38:11.698+0000] {processor.py:186} INFO - Started process (PID=2780) to work on /home/airflow/.local/lib/python3.12/site-packages/airflow/example_dags/example_setup_teardown_taskflow.py
[2026-01-05T17:38:11.699+0000] {processor.py:914} INFO - Processing file /home/airflow/.local/lib/python3.12/site-packages/airflow/example_dags/example_setup_teardown_taskflow.py for tasks to queue
[2026-01-05T17:38:11.704+0000] {logging_mixin.py:190} INFO - [2026-01-05T17:38:11.703+0000] {dagbag.py:587} INFO - Filling up the DagBag from /home/airflow/.local/lib/python3.12/site-packages/airflow/example_dags/example_setup_teardown_taskflow.py
[2026-01-05T17:38:11.717+0000] {processor.py:925} INFO - DAG(s) 'example_setup_teardown_taskflow' retrieved from /home/airflow/.local/lib/python3.12/site-packages/airflow/example_dags/example_setup_teardown_taskflow.py
[2026-01-05T17:38:11.746+0000] {logging_mixin.py:190} INFO - [2026-01-05T17:38:11.745+0000] {dag.py:3211} INFO - Sync 1 DAGs
[2026-01-05T17:38:11.771+0000] {logging_mixin.py:190} INFO - [2026-01-05T17:38:11.771+0000] {dag.py:4138} INFO - Setting next_dagrun for example_setup_teardown_taskflow to 2026-01-04 00:00:00+00:00, run_after=2026-01-05 00:00:00+00:00
[2026-01-05T17:38:11.793+0000] {processor.py:208} INFO - Processing /home/airflow/.local/lib/python3.12/site-packages/airflow/example_dags/example_setup_teardown_taskflow.py took 0.101 seconds
[2026-01-05T17:38:42.396+0000] {processor.py:186} INFO - Started process (PID=2846) to work on /home/airflow/.local/lib/python3.12/site-packages/airflow/example_dags/example_setup_teardown_taskflow.py
[2026-01-05T17:38:42.397+0000] {processor.py:914} INFO - Processing file /home/airflow/.local/lib/python3.12/site-packages/airflow/example_dags/example_setup_teardown_taskflow.py for tasks to queue
[2026-01-05T17:38:42.400+0000] {logging_mixin.py:190} INFO - [2026-01-05T17:38:42.400+0000] {dagbag.py:587} INFO - Filling up the DagBag from /home/airflow/.local/lib/python3.12/site-packages/airflow/example_dags/example_setup_teardown_taskflow.py
[2026-01-05T17:38:42.410+0000] {processor.py:925} INFO - DAG(s) 'example_setup_teardown_taskflow' retrieved from /home/airflow/.local/lib/python3.12/site-packages/airflow/example_dags/example_setup_teardown_taskflow.py
[2026-01-05T17:38:42.432+0000] {logging_mixin.py:190} INFO - [2026-01-05T17:38:42.431+0000] {dag.py:3211} INFO - Sync 1 DAGs
[2026-01-05T17:38:42.459+0000] {logging_mixin.py:190} INFO - [2026-01-05T17:38:42.459+0000] {dag.py:4138} INFO - Setting next_dagrun for example_setup_teardown_taskflow to 2026-01-04 00:00:00+00:00, run_after=2026-01-05 00:00:00+00:00
[2026-01-05T17:38:42.487+0000] {processor.py:208} INFO - Processing /home/airflow/.local/lib/python3.12/site-packages/airflow/example_dags/example_setup_teardown_taskflow.py took 0.097 seconds
[2026-01-05T17:39:13.448+0000] {processor.py:186} INFO - Started process (PID=2912) to work on /home/airflow/.local/lib/python3.12/site-packages/airflow/example_dags/example_setup_teardown_taskflow.py
[2026-01-05T17:39:13.450+0000] {processor.py:914} INFO - Processing file /home/airflow/.local/lib/python3.12/site-packages/airflow/example_dags/example_setup_teardown_taskflow.py for tasks to queue
[2026-01-05T17:39:13.454+0000] {logging_mixin.py:190} INFO - [2026-01-05T17:39:13.454+0000] {dagbag.py:587} INFO - Filling up the DagBag from /home/airflow/.local/lib/python3.12/site-packages/airflow/example_dags/example_setup_teardown_taskflow.py
[2026-01-05T17:39:13.464+0000] {processor.py:925} INFO - DAG(s) 'example_setup_teardown_taskflow' retrieved from /home/airflow/.local/lib/python3.12/site-packages/airflow/example_dags/example_setup_teardown_taskflow.py
[2026-01-05T17:39:13.487+0000] {logging_mixin.py:190} INFO - [2026-01-05T17:39:13.487+0000] {dag.py:3211} INFO - Sync 1 DAGs
[2026-01-05T17:39:13.522+0000] {logging_mixin.py:190} INFO - [2026-01-05T17:39:13.522+0000] {dag.py:4138} INFO - Setting next_dagrun for example_setup_teardown_taskflow to 2026-01-04 00:00:00+00:00, run_after=2026-01-05 00:00:00+00:00
[2026-01-05T17:39:13.547+0000] {processor.py:208} INFO - Processing /home/airflow/.local/lib/python3.12/site-packages/airflow/example_dags/example_setup_teardown_taskflow.py took 0.108 seconds
[2026-01-05T17:39:44.081+0000] {processor.py:186} INFO - Started process (PID=2978) to work on /home/airflow/.local/lib/python3.12/site-packages/airflow/example_dags/example_setup_teardown_taskflow.py
[2026-01-05T17:39:44.082+0000] {processor.py:914} INFO - Processing file /home/airflow/.local/lib/python3.12/site-packages/airflow/example_dags/example_setup_teardown_taskflow.py for tasks to queue
[2026-01-05T17:39:44.086+0000] {logging_mixin.py:190} INFO - [2026-01-05T17:39:44.086+0000] {dagbag.py:587} INFO - Filling up the DagBag from /home/airflow/.local/lib/python3.12/site-packages/airflow/example_dags/example_setup_teardown_taskflow.py
[2026-01-05T17:39:44.099+0000] {processor.py:925} INFO - DAG(s) 'example_setup_teardown_taskflow' retrieved from /home/airflow/.local/lib/python3.12/site-packages/airflow/example_dags/example_setup_teardown_taskflow.py
[2026-01-05T17:39:44.124+0000] {logging_mixin.py:190} INFO - [2026-01-05T17:39:44.124+0000] {dag.py:3211} INFO - Sync 1 DAGs
[2026-01-05T17:39:44.147+0000] {logging_mixin.py:190} INFO - [2026-01-05T17:39:44.147+0000] {dag.py:4138} INFO - Setting next_dagrun for example_setup_teardown_taskflow to 2026-01-04 00:00:00+00:00, run_after=2026-01-05 00:00:00+00:00
[2026-01-05T17:39:44.165+0000] {processor.py:208} INFO - Processing /home/airflow/.local/lib/python3.12/site-packages/airflow/example_dags/example_setup_teardown_taskflow.py took 0.091 seconds
[2026-01-05T17:40:14.732+0000] {processor.py:186} INFO - Started process (PID=3044) to work on /home/airflow/.local/lib/python3.12/site-packages/airflow/example_dags/example_setup_teardown_taskflow.py
[2026-01-05T17:40:14.733+0000] {processor.py:914} INFO - Processing file /home/airflow/.local/lib/python3.12/site-packages/airflow/example_dags/example_setup_teardown_taskflow.py for tasks to queue
[2026-01-05T17:40:14.740+0000] {logging_mixin.py:190} INFO - [2026-01-05T17:40:14.739+0000] {dagbag.py:587} INFO - Filling up the DagBag from /home/airflow/.local/lib/python3.12/site-packages/airflow/example_dags/example_setup_teardown_taskflow.py
[2026-01-05T17:40:14.753+0000] {processor.py:925} INFO - DAG(s) 'example_setup_teardown_taskflow' retrieved from /home/airflow/.local/lib/python3.12/site-packages/airflow/example_dags/example_setup_teardown_taskflow.py
[2026-01-05T17:40:14.782+0000] {logging_mixin.py:190} INFO - [2026-01-05T17:40:14.782+0000] {dag.py:3211} INFO - Sync 1 DAGs
[2026-01-05T17:40:14.813+0000] {logging_mixin.py:190} INFO - [2026-01-05T17:40:14.813+0000] {dag.py:4138} INFO - Setting next_dagrun for example_setup_teardown_taskflow to 2026-01-04 00:00:00+00:00, run_after=2026-01-05 00:00:00+00:00
[2026-01-05T17:40:14.844+0000] {processor.py:208} INFO - Processing /home/airflow/.local/lib/python3.12/site-packages/airflow/example_dags/example_setup_teardown_taskflow.py took 0.122 seconds
[2026-01-05T17:40:45.033+0000] {processor.py:186} INFO - Started process (PID=3110) to work on /home/airflow/.local/lib/python3.12/site-packages/airflow/example_dags/example_setup_teardown_taskflow.py
[2026-01-05T17:40:45.035+0000] {processor.py:914} INFO - Processing file /home/airflow/.local/lib/python3.12/site-packages/airflow/example_dags/example_setup_teardown_taskflow.py for tasks to queue
[2026-01-05T17:40:45.037+0000] {logging_mixin.py:190} INFO - [2026-01-05T17:40:45.037+0000] {dagbag.py:587} INFO - Filling up the DagBag from /home/airflow/.local/lib/python3.12/site-packages/airflow/example_dags/example_setup_teardown_taskflow.py
[2026-01-05T17:40:45.047+0000] {processor.py:925} INFO - DAG(s) 'example_setup_teardown_taskflow' retrieved from /home/airflow/.local/lib/python3.12/site-packages/airflow/example_dags/example_setup_teardown_taskflow.py
[2026-01-05T17:40:45.076+0000] {logging_mixin.py:190} INFO - [2026-01-05T17:40:45.075+0000] {dag.py:3211} INFO - Sync 1 DAGs
[2026-01-05T17:40:45.106+0000] {logging_mixin.py:190} INFO - [2026-01-05T17:40:45.105+0000] {dag.py:4138} INFO - Setting next_dagrun for example_setup_teardown_taskflow to 2026-01-04 00:00:00+00:00, run_after=2026-01-05 00:00:00+00:00
[2026-01-05T17:40:45.131+0000] {processor.py:208} INFO - Processing /home/airflow/.local/lib/python3.12/site-packages/airflow/example_dags/example_setup_teardown_taskflow.py took 0.107 seconds
[2026-01-05T17:41:15.275+0000] {processor.py:186} INFO - Started process (PID=3176) to work on /home/airflow/.local/lib/python3.12/site-packages/airflow/example_dags/example_setup_teardown_taskflow.py
[2026-01-05T17:41:15.277+0000] {processor.py:914} INFO - Processing file /home/airflow/.local/lib/python3.12/site-packages/airflow/example_dags/example_setup_teardown_taskflow.py for tasks to queue
[2026-01-05T17:41:15.280+0000] {logging_mixin.py:190} INFO - [2026-01-05T17:41:15.279+0000] {dagbag.py:587} INFO - Filling up the DagBag from /home/airflow/.local/lib/python3.12/site-packages/airflow/example_dags/example_setup_teardown_taskflow.py
[2026-01-05T17:41:15.293+0000] {processor.py:925} INFO - DAG(s) 'example_setup_teardown_taskflow' retrieved from /home/airflow/.local/lib/python3.12/site-packages/airflow/example_dags/example_setup_teardown_taskflow.py
[2026-01-05T17:41:15.318+0000] {logging_mixin.py:190} INFO - [2026-01-05T17:41:15.318+0000] {dag.py:3211} INFO - Sync 1 DAGs
[2026-01-05T17:41:15.348+0000] {logging_mixin.py:190} INFO - [2026-01-05T17:41:15.347+0000] {dag.py:4138} INFO - Setting next_dagrun for example_setup_teardown_taskflow to 2026-01-04 00:00:00+00:00, run_after=2026-01-05 00:00:00+00:00
[2026-01-05T17:41:15.372+0000] {processor.py:208} INFO - Processing /home/airflow/.local/lib/python3.12/site-packages/airflow/example_dags/example_setup_teardown_taskflow.py took 0.105 seconds
[2026-01-05T17:41:45.610+0000] {processor.py:186} INFO - Started process (PID=3242) to work on /home/airflow/.local/lib/python3.12/site-packages/airflow/example_dags/example_setup_teardown_taskflow.py
[2026-01-05T17:41:45.612+0000] {processor.py:914} INFO - Processing file /home/airflow/.local/lib/python3.12/site-packages/airflow/example_dags/example_setup_teardown_taskflow.py for tasks to queue
[2026-01-05T17:41:45.615+0000] {logging_mixin.py:190} INFO - [2026-01-05T17:41:45.615+0000] {dagbag.py:587} INFO - Filling up the DagBag from /home/airflow/.local/lib/python3.12/site-packages/airflow/example_dags/example_setup_teardown_taskflow.py
[2026-01-05T17:41:45.627+0000] {processor.py:925} INFO - DAG(s) 'example_setup_teardown_taskflow' retrieved from /home/airflow/.local/lib/python3.12/site-packages/airflow/example_dags/example_setup_teardown_taskflow.py
[2026-01-05T17:41:45.656+0000] {logging_mixin.py:190} INFO - [2026-01-05T17:41:45.655+0000] {dag.py:3211} INFO - Sync 1 DAGs
[2026-01-05T17:41:45.686+0000] {logging_mixin.py:190} INFO - [2026-01-05T17:41:45.686+0000] {dag.py:4138} INFO - Setting next_dagrun for example_setup_teardown_taskflow to 2026-01-04 00:00:00+00:00, run_after=2026-01-05 00:00:00+00:00
[2026-01-05T17:41:45.713+0000] {processor.py:208} INFO - Processing /home/airflow/.local/lib/python3.12/site-packages/airflow/example_dags/example_setup_teardown_taskflow.py took 0.112 seconds
[2026-01-05T17:42:16.007+0000] {processor.py:186} INFO - Started process (PID=3308) to work on /home/airflow/.local/lib/python3.12/site-packages/airflow/example_dags/example_setup_teardown_taskflow.py
[2026-01-05T17:42:16.009+0000] {processor.py:914} INFO - Processing file /home/airflow/.local/lib/python3.12/site-packages/airflow/example_dags/example_setup_teardown_taskflow.py for tasks to queue
[2026-01-05T17:42:16.021+0000] {logging_mixin.py:190} INFO - [2026-01-05T17:42:16.020+0000] {dagbag.py:587} INFO - Filling up the DagBag from /home/airflow/.local/lib/python3.12/site-packages/airflow/example_dags/example_setup_teardown_taskflow.py
[2026-01-05T17:42:16.033+0000] {processor.py:925} INFO - DAG(s) 'example_setup_teardown_taskflow' retrieved from /home/airflow/.local/lib/python3.12/site-packages/airflow/example_dags/example_setup_teardown_taskflow.py
[2026-01-05T17:42:16.059+0000] {logging_mixin.py:190} INFO - [2026-01-05T17:42:16.059+0000] {dag.py:3211} INFO - Sync 1 DAGs
[2026-01-05T17:42:16.095+0000] {logging_mixin.py:190} INFO - [2026-01-05T17:42:16.095+0000] {dag.py:4138} INFO - Setting next_dagrun for example_setup_teardown_taskflow to 2026-01-04 00:00:00+00:00, run_after=2026-01-05 00:00:00+00:00
[2026-01-05T17:42:16.121+0000] {processor.py:208} INFO - Processing /home/airflow/.local/lib/python3.12/site-packages/airflow/example_dags/example_setup_teardown_taskflow.py took 0.123 seconds
[2026-01-05T17:42:46.491+0000] {processor.py:186} INFO - Started process (PID=3374) to work on /home/airflow/.local/lib/python3.12/site-packages/airflow/example_dags/example_setup_teardown_taskflow.py
[2026-01-05T17:42:46.493+0000] {processor.py:914} INFO - Processing file /home/airflow/.local/lib/python3.12/site-packages/airflow/example_dags/example_setup_teardown_taskflow.py for tasks to queue
[2026-01-05T17:42:46.498+0000] {logging_mixin.py:190} INFO - [2026-01-05T17:42:46.498+0000] {dagbag.py:587} INFO - Filling up the DagBag from /home/airflow/.local/lib/python3.12/site-packages/airflow/example_dags/example_setup_teardown_taskflow.py
[2026-01-05T17:42:46.511+0000] {processor.py:925} INFO - DAG(s) 'example_setup_teardown_taskflow' retrieved from /home/airflow/.local/lib/python3.12/site-packages/airflow/example_dags/example_setup_teardown_taskflow.py
[2026-01-05T17:42:46.539+0000] {logging_mixin.py:190} INFO - [2026-01-05T17:42:46.539+0000] {dag.py:3211} INFO - Sync 1 DAGs
[2026-01-05T17:42:46.573+0000] {logging_mixin.py:190} INFO - [2026-01-05T17:42:46.573+0000] {dag.py:4138} INFO - Setting next_dagrun for example_setup_teardown_taskflow to 2026-01-04 00:00:00+00:00, run_after=2026-01-05 00:00:00+00:00
[2026-01-05T17:42:46.601+0000] {processor.py:208} INFO - Processing /home/airflow/.local/lib/python3.12/site-packages/airflow/example_dags/example_setup_teardown_taskflow.py took 0.122 seconds
[2026-01-05T17:43:16.741+0000] {processor.py:186} INFO - Started process (PID=3440) to work on /home/airflow/.local/lib/python3.12/site-packages/airflow/example_dags/example_setup_teardown_taskflow.py
[2026-01-05T17:43:16.743+0000] {processor.py:914} INFO - Processing file /home/airflow/.local/lib/python3.12/site-packages/airflow/example_dags/example_setup_teardown_taskflow.py for tasks to queue
[2026-01-05T17:43:16.746+0000] {logging_mixin.py:190} INFO - [2026-01-05T17:43:16.746+0000] {dagbag.py:587} INFO - Filling up the DagBag from /home/airflow/.local/lib/python3.12/site-packages/airflow/example_dags/example_setup_teardown_taskflow.py
[2026-01-05T17:43:16.758+0000] {processor.py:925} INFO - DAG(s) 'example_setup_teardown_taskflow' retrieved from /home/airflow/.local/lib/python3.12/site-packages/airflow/example_dags/example_setup_teardown_taskflow.py
[2026-01-05T17:43:16.787+0000] {logging_mixin.py:190} INFO - [2026-01-05T17:43:16.786+0000] {dag.py:3211} INFO - Sync 1 DAGs
[2026-01-05T17:43:16.814+0000] {logging_mixin.py:190} INFO - [2026-01-05T17:43:16.813+0000] {dag.py:4138} INFO - Setting next_dagrun for example_setup_teardown_taskflow to 2026-01-04 00:00:00+00:00, run_after=2026-01-05 00:00:00+00:00
[2026-01-05T17:43:16.838+0000] {processor.py:208} INFO - Processing /home/airflow/.local/lib/python3.12/site-packages/airflow/example_dags/example_setup_teardown_taskflow.py took 0.105 seconds
[2026-01-05T17:43:47.117+0000] {processor.py:186} INFO - Started process (PID=3506) to work on /home/airflow/.local/lib/python3.12/site-packages/airflow/example_dags/example_setup_teardown_taskflow.py
[2026-01-05T17:43:47.119+0000] {processor.py:914} INFO - Processing file /home/airflow/.local/lib/python3.12/site-packages/airflow/example_dags/example_setup_teardown_taskflow.py for tasks to queue
[2026-01-05T17:43:47.122+0000] {logging_mixin.py:190} INFO - [2026-01-05T17:43:47.122+0000] {dagbag.py:587} INFO - Filling up the DagBag from /home/airflow/.local/lib/python3.12/site-packages/airflow/example_dags/example_setup_teardown_taskflow.py
[2026-01-05T17:43:47.132+0000] {processor.py:925} INFO - DAG(s) 'example_setup_teardown_taskflow' retrieved from /home/airflow/.local/lib/python3.12/site-packages/airflow/example_dags/example_setup_teardown_taskflow.py
[2026-01-05T17:43:47.161+0000] {logging_mixin.py:190} INFO - [2026-01-05T17:43:47.161+0000] {dag.py:3211} INFO - Sync 1 DAGs
[2026-01-05T17:43:47.189+0000] {logging_mixin.py:190} INFO - [2026-01-05T17:43:47.189+0000] {dag.py:4138} INFO - Setting next_dagrun for example_setup_teardown_taskflow to 2026-01-04 00:00:00+00:00, run_after=2026-01-05 00:00:00+00:00
[2026-01-05T17:43:47.214+0000] {processor.py:208} INFO - Processing /home/airflow/.local/lib/python3.12/site-packages/airflow/example_dags/example_setup_teardown_taskflow.py took 0.104 seconds
[2026-01-05T17:44:17.677+0000] {processor.py:186} INFO - Started process (PID=3572) to work on /home/airflow/.local/lib/python3.12/site-packages/airflow/example_dags/example_setup_teardown_taskflow.py
[2026-01-05T17:44:17.678+0000] {processor.py:914} INFO - Processing file /home/airflow/.local/lib/python3.12/site-packages/airflow/example_dags/example_setup_teardown_taskflow.py for tasks to queue
[2026-01-05T17:44:17.682+0000] {logging_mixin.py:190} INFO - [2026-01-05T17:44:17.682+0000] {dagbag.py:587} INFO - Filling up the DagBag from /home/airflow/.local/lib/python3.12/site-packages/airflow/example_dags/example_setup_teardown_taskflow.py
[2026-01-05T17:44:17.696+0000] {processor.py:925} INFO - DAG(s) 'example_setup_teardown_taskflow' retrieved from /home/airflow/.local/lib/python3.12/site-packages/airflow/example_dags/example_setup_teardown_taskflow.py
[2026-01-05T17:44:17.726+0000] {logging_mixin.py:190} INFO - [2026-01-05T17:44:17.726+0000] {dag.py:3211} INFO - Sync 1 DAGs
[2026-01-05T17:44:17.760+0000] {logging_mixin.py:190} INFO - [2026-01-05T17:44:17.760+0000] {dag.py:4138} INFO - Setting next_dagrun for example_setup_teardown_taskflow to 2026-01-04 00:00:00+00:00, run_after=2026-01-05 00:00:00+00:00
[2026-01-05T17:44:17.785+0000] {processor.py:208} INFO - Processing /home/airflow/.local/lib/python3.12/site-packages/airflow/example_dags/example_setup_teardown_taskflow.py took 0.123 seconds
[2026-01-05T17:44:48.242+0000] {processor.py:186} INFO - Started process (PID=3639) to work on /home/airflow/.local/lib/python3.12/site-packages/airflow/example_dags/example_setup_teardown_taskflow.py
[2026-01-05T17:44:48.244+0000] {processor.py:914} INFO - Processing file /home/airflow/.local/lib/python3.12/site-packages/airflow/example_dags/example_setup_teardown_taskflow.py for tasks to queue
[2026-01-05T17:44:48.248+0000] {logging_mixin.py:190} INFO - [2026-01-05T17:44:48.248+0000] {dagbag.py:587} INFO - Filling up the DagBag from /home/airflow/.local/lib/python3.12/site-packages/airflow/example_dags/example_setup_teardown_taskflow.py
[2026-01-05T17:44:48.260+0000] {processor.py:925} INFO - DAG(s) 'example_setup_teardown_taskflow' retrieved from /home/airflow/.local/lib/python3.12/site-packages/airflow/example_dags/example_setup_teardown_taskflow.py
[2026-01-05T17:44:48.284+0000] {logging_mixin.py:190} INFO - [2026-01-05T17:44:48.284+0000] {dag.py:3211} INFO - Sync 1 DAGs
[2026-01-05T17:44:48.312+0000] {logging_mixin.py:190} INFO - [2026-01-05T17:44:48.311+0000] {dag.py:4138} INFO - Setting next_dagrun for example_setup_teardown_taskflow to 2026-01-04 00:00:00+00:00, run_after=2026-01-05 00:00:00+00:00
[2026-01-05T17:44:48.342+0000] {processor.py:208} INFO - Processing /home/airflow/.local/lib/python3.12/site-packages/airflow/example_dags/example_setup_teardown_taskflow.py took 0.110 seconds
