[2026-01-05T17:17:45.514+0000] {processor.py:186} INFO - Started process (PID=121) to work on /home/airflow/.local/lib/python3.12/site-packages/airflow/example_dags/example_skip_dag.py
[2026-01-05T17:17:45.516+0000] {processor.py:914} INFO - Processing file /home/airflow/.local/lib/python3.12/site-packages/airflow/example_dags/example_skip_dag.py for tasks to queue
[2026-01-05T17:17:45.524+0000] {logging_mixin.py:190} INFO - [2026-01-05T17:17:45.523+0000] {dagbag.py:587} INFO - Filling up the DagBag from /home/airflow/.local/lib/python3.12/site-packages/airflow/example_dags/example_skip_dag.py
[2026-01-05T17:17:45.557+0000] {processor.py:925} INFO - DAG(s) 'example_skip_dag' retrieved from /home/airflow/.local/lib/python3.12/site-packages/airflow/example_dags/example_skip_dag.py
[2026-01-05T17:17:45.650+0000] {logging_mixin.py:190} INFO - [2026-01-05T17:17:45.649+0000] {dag.py:3211} INFO - Sync 1 DAGs
[2026-01-05T17:17:45.707+0000] {logging_mixin.py:190} INFO - [2026-01-05T17:17:45.706+0000] {dag.py:4138} INFO - Setting next_dagrun for example_skip_dag to 2026-01-04 00:00:00+00:00, run_after=2026-01-05 00:00:00+00:00
[2026-01-05T17:17:45.762+0000] {processor.py:208} INFO - Processing /home/airflow/.local/lib/python3.12/site-packages/airflow/example_dags/example_skip_dag.py took 0.266 seconds
[2026-01-05T17:18:16.200+0000] {processor.py:186} INFO - Started process (PID=188) to work on /home/airflow/.local/lib/python3.12/site-packages/airflow/example_dags/example_skip_dag.py
[2026-01-05T17:18:16.202+0000] {processor.py:914} INFO - Processing file /home/airflow/.local/lib/python3.12/site-packages/airflow/example_dags/example_skip_dag.py for tasks to queue
[2026-01-05T17:18:16.207+0000] {logging_mixin.py:190} INFO - [2026-01-05T17:18:16.206+0000] {dagbag.py:587} INFO - Filling up the DagBag from /home/airflow/.local/lib/python3.12/site-packages/airflow/example_dags/example_skip_dag.py
[2026-01-05T17:18:16.215+0000] {processor.py:925} INFO - DAG(s) 'example_skip_dag' retrieved from /home/airflow/.local/lib/python3.12/site-packages/airflow/example_dags/example_skip_dag.py
[2026-01-05T17:18:16.251+0000] {logging_mixin.py:190} INFO - [2026-01-05T17:18:16.250+0000] {dag.py:3211} INFO - Sync 1 DAGs
[2026-01-05T17:18:16.291+0000] {logging_mixin.py:190} INFO - [2026-01-05T17:18:16.291+0000] {dag.py:4138} INFO - Setting next_dagrun for example_skip_dag to 2026-01-04 00:00:00+00:00, run_after=2026-01-05 00:00:00+00:00
[2026-01-05T17:18:16.322+0000] {processor.py:208} INFO - Processing /home/airflow/.local/lib/python3.12/site-packages/airflow/example_dags/example_skip_dag.py took 0.130 seconds
[2026-01-05T17:18:46.978+0000] {processor.py:186} INFO - Started process (PID=254) to work on /home/airflow/.local/lib/python3.12/site-packages/airflow/example_dags/example_skip_dag.py
[2026-01-05T17:18:46.980+0000] {processor.py:914} INFO - Processing file /home/airflow/.local/lib/python3.12/site-packages/airflow/example_dags/example_skip_dag.py for tasks to queue
[2026-01-05T17:18:46.984+0000] {logging_mixin.py:190} INFO - [2026-01-05T17:18:46.983+0000] {dagbag.py:587} INFO - Filling up the DagBag from /home/airflow/.local/lib/python3.12/site-packages/airflow/example_dags/example_skip_dag.py
[2026-01-05T17:18:46.990+0000] {processor.py:925} INFO - DAG(s) 'example_skip_dag' retrieved from /home/airflow/.local/lib/python3.12/site-packages/airflow/example_dags/example_skip_dag.py
[2026-01-05T17:18:47.015+0000] {logging_mixin.py:190} INFO - [2026-01-05T17:18:47.015+0000] {dag.py:3211} INFO - Sync 1 DAGs
[2026-01-05T17:18:47.041+0000] {logging_mixin.py:190} INFO - [2026-01-05T17:18:47.040+0000] {dag.py:4138} INFO - Setting next_dagrun for example_skip_dag to 2026-01-04 00:00:00+00:00, run_after=2026-01-05 00:00:00+00:00
[2026-01-05T17:18:47.069+0000] {processor.py:208} INFO - Processing /home/airflow/.local/lib/python3.12/site-packages/airflow/example_dags/example_skip_dag.py took 0.098 seconds
[2026-01-05T17:19:17.816+0000] {processor.py:186} INFO - Started process (PID=320) to work on /home/airflow/.local/lib/python3.12/site-packages/airflow/example_dags/example_skip_dag.py
[2026-01-05T17:19:17.818+0000] {processor.py:914} INFO - Processing file /home/airflow/.local/lib/python3.12/site-packages/airflow/example_dags/example_skip_dag.py for tasks to queue
[2026-01-05T17:19:17.824+0000] {logging_mixin.py:190} INFO - [2026-01-05T17:19:17.823+0000] {dagbag.py:587} INFO - Filling up the DagBag from /home/airflow/.local/lib/python3.12/site-packages/airflow/example_dags/example_skip_dag.py
[2026-01-05T17:19:17.838+0000] {processor.py:925} INFO - DAG(s) 'example_skip_dag' retrieved from /home/airflow/.local/lib/python3.12/site-packages/airflow/example_dags/example_skip_dag.py
[2026-01-05T17:19:17.907+0000] {logging_mixin.py:190} INFO - [2026-01-05T17:19:17.906+0000] {dag.py:3211} INFO - Sync 1 DAGs
[2026-01-05T17:19:17.964+0000] {logging_mixin.py:190} INFO - [2026-01-05T17:19:17.964+0000] {dag.py:4138} INFO - Setting next_dagrun for example_skip_dag to 2026-01-04 00:00:00+00:00, run_after=2026-01-05 00:00:00+00:00
[2026-01-05T17:19:18.011+0000] {processor.py:208} INFO - Processing /home/airflow/.local/lib/python3.12/site-packages/airflow/example_dags/example_skip_dag.py took 0.213 seconds
[2026-01-05T17:19:48.298+0000] {processor.py:186} INFO - Started process (PID=386) to work on /home/airflow/.local/lib/python3.12/site-packages/airflow/example_dags/example_skip_dag.py
[2026-01-05T17:19:48.299+0000] {processor.py:914} INFO - Processing file /home/airflow/.local/lib/python3.12/site-packages/airflow/example_dags/example_skip_dag.py for tasks to queue
[2026-01-05T17:19:48.303+0000] {logging_mixin.py:190} INFO - [2026-01-05T17:19:48.303+0000] {dagbag.py:587} INFO - Filling up the DagBag from /home/airflow/.local/lib/python3.12/site-packages/airflow/example_dags/example_skip_dag.py
[2026-01-05T17:19:48.312+0000] {processor.py:925} INFO - DAG(s) 'example_skip_dag' retrieved from /home/airflow/.local/lib/python3.12/site-packages/airflow/example_dags/example_skip_dag.py
[2026-01-05T17:19:48.342+0000] {logging_mixin.py:190} INFO - [2026-01-05T17:19:48.341+0000] {dag.py:3211} INFO - Sync 1 DAGs
[2026-01-05T17:19:48.375+0000] {logging_mixin.py:190} INFO - [2026-01-05T17:19:48.375+0000] {dag.py:4138} INFO - Setting next_dagrun for example_skip_dag to 2026-01-04 00:00:00+00:00, run_after=2026-01-05 00:00:00+00:00
[2026-01-05T17:19:48.398+0000] {processor.py:208} INFO - Processing /home/airflow/.local/lib/python3.12/site-packages/airflow/example_dags/example_skip_dag.py took 0.111 seconds
[2026-01-05T17:20:18.634+0000] {processor.py:186} INFO - Started process (PID=452) to work on /home/airflow/.local/lib/python3.12/site-packages/airflow/example_dags/example_skip_dag.py
[2026-01-05T17:20:18.636+0000] {processor.py:914} INFO - Processing file /home/airflow/.local/lib/python3.12/site-packages/airflow/example_dags/example_skip_dag.py for tasks to queue
[2026-01-05T17:20:18.638+0000] {logging_mixin.py:190} INFO - [2026-01-05T17:20:18.638+0000] {dagbag.py:587} INFO - Filling up the DagBag from /home/airflow/.local/lib/python3.12/site-packages/airflow/example_dags/example_skip_dag.py
[2026-01-05T17:20:18.645+0000] {processor.py:925} INFO - DAG(s) 'example_skip_dag' retrieved from /home/airflow/.local/lib/python3.12/site-packages/airflow/example_dags/example_skip_dag.py
[2026-01-05T17:20:18.670+0000] {logging_mixin.py:190} INFO - [2026-01-05T17:20:18.670+0000] {dag.py:3211} INFO - Sync 1 DAGs
[2026-01-05T17:20:18.704+0000] {logging_mixin.py:190} INFO - [2026-01-05T17:20:18.704+0000] {dag.py:4138} INFO - Setting next_dagrun for example_skip_dag to 2026-01-04 00:00:00+00:00, run_after=2026-01-05 00:00:00+00:00
[2026-01-05T17:20:18.728+0000] {processor.py:208} INFO - Processing /home/airflow/.local/lib/python3.12/site-packages/airflow/example_dags/example_skip_dag.py took 0.100 seconds
[2026-01-05T17:20:49.691+0000] {processor.py:186} INFO - Started process (PID=518) to work on /home/airflow/.local/lib/python3.12/site-packages/airflow/example_dags/example_skip_dag.py
[2026-01-05T17:20:49.694+0000] {processor.py:914} INFO - Processing file /home/airflow/.local/lib/python3.12/site-packages/airflow/example_dags/example_skip_dag.py for tasks to queue
[2026-01-05T17:20:49.701+0000] {logging_mixin.py:190} INFO - [2026-01-05T17:20:49.701+0000] {dagbag.py:587} INFO - Filling up the DagBag from /home/airflow/.local/lib/python3.12/site-packages/airflow/example_dags/example_skip_dag.py
[2026-01-05T17:20:49.712+0000] {processor.py:925} INFO - DAG(s) 'example_skip_dag' retrieved from /home/airflow/.local/lib/python3.12/site-packages/airflow/example_dags/example_skip_dag.py
[2026-01-05T17:20:49.753+0000] {logging_mixin.py:190} INFO - [2026-01-05T17:20:49.753+0000] {dag.py:3211} INFO - Sync 1 DAGs
[2026-01-05T17:20:49.807+0000] {logging_mixin.py:190} INFO - [2026-01-05T17:20:49.807+0000] {dag.py:4138} INFO - Setting next_dagrun for example_skip_dag to 2026-01-04 00:00:00+00:00, run_after=2026-01-05 00:00:00+00:00
[2026-01-05T17:20:49.848+0000] {processor.py:208} INFO - Processing /home/airflow/.local/lib/python3.12/site-packages/airflow/example_dags/example_skip_dag.py took 0.167 seconds
[2026-01-05T17:21:20.120+0000] {processor.py:186} INFO - Started process (PID=584) to work on /home/airflow/.local/lib/python3.12/site-packages/airflow/example_dags/example_skip_dag.py
[2026-01-05T17:21:20.122+0000] {processor.py:914} INFO - Processing file /home/airflow/.local/lib/python3.12/site-packages/airflow/example_dags/example_skip_dag.py for tasks to queue
[2026-01-05T17:21:20.126+0000] {logging_mixin.py:190} INFO - [2026-01-05T17:21:20.125+0000] {dagbag.py:587} INFO - Filling up the DagBag from /home/airflow/.local/lib/python3.12/site-packages/airflow/example_dags/example_skip_dag.py
[2026-01-05T17:21:20.133+0000] {processor.py:925} INFO - DAG(s) 'example_skip_dag' retrieved from /home/airflow/.local/lib/python3.12/site-packages/airflow/example_dags/example_skip_dag.py
[2026-01-05T17:21:20.157+0000] {logging_mixin.py:190} INFO - [2026-01-05T17:21:20.157+0000] {dag.py:3211} INFO - Sync 1 DAGs
[2026-01-05T17:21:20.179+0000] {logging_mixin.py:190} INFO - [2026-01-05T17:21:20.178+0000] {dag.py:4138} INFO - Setting next_dagrun for example_skip_dag to 2026-01-04 00:00:00+00:00, run_after=2026-01-05 00:00:00+00:00
[2026-01-05T17:21:20.203+0000] {processor.py:208} INFO - Processing /home/airflow/.local/lib/python3.12/site-packages/airflow/example_dags/example_skip_dag.py took 0.088 seconds
[2026-01-05T17:21:50.397+0000] {processor.py:186} INFO - Started process (PID=650) to work on /home/airflow/.local/lib/python3.12/site-packages/airflow/example_dags/example_skip_dag.py
[2026-01-05T17:21:50.398+0000] {processor.py:914} INFO - Processing file /home/airflow/.local/lib/python3.12/site-packages/airflow/example_dags/example_skip_dag.py for tasks to queue
[2026-01-05T17:21:50.401+0000] {logging_mixin.py:190} INFO - [2026-01-05T17:21:50.401+0000] {dagbag.py:587} INFO - Filling up the DagBag from /home/airflow/.local/lib/python3.12/site-packages/airflow/example_dags/example_skip_dag.py
[2026-01-05T17:21:50.408+0000] {processor.py:925} INFO - DAG(s) 'example_skip_dag' retrieved from /home/airflow/.local/lib/python3.12/site-packages/airflow/example_dags/example_skip_dag.py
[2026-01-05T17:21:50.430+0000] {logging_mixin.py:190} INFO - [2026-01-05T17:21:50.430+0000] {dag.py:3211} INFO - Sync 1 DAGs
[2026-01-05T17:21:50.463+0000] {logging_mixin.py:190} INFO - [2026-01-05T17:21:50.463+0000] {dag.py:4138} INFO - Setting next_dagrun for example_skip_dag to 2026-01-04 00:00:00+00:00, run_after=2026-01-05 00:00:00+00:00
[2026-01-05T17:21:50.488+0000] {processor.py:208} INFO - Processing /home/airflow/.local/lib/python3.12/site-packages/airflow/example_dags/example_skip_dag.py took 0.097 seconds
[2026-01-05T17:22:21.145+0000] {processor.py:186} INFO - Started process (PID=716) to work on /home/airflow/.local/lib/python3.12/site-packages/airflow/example_dags/example_skip_dag.py
[2026-01-05T17:22:21.146+0000] {processor.py:914} INFO - Processing file /home/airflow/.local/lib/python3.12/site-packages/airflow/example_dags/example_skip_dag.py for tasks to queue
[2026-01-05T17:22:21.149+0000] {logging_mixin.py:190} INFO - [2026-01-05T17:22:21.148+0000] {dagbag.py:587} INFO - Filling up the DagBag from /home/airflow/.local/lib/python3.12/site-packages/airflow/example_dags/example_skip_dag.py
[2026-01-05T17:22:21.155+0000] {processor.py:925} INFO - DAG(s) 'example_skip_dag' retrieved from /home/airflow/.local/lib/python3.12/site-packages/airflow/example_dags/example_skip_dag.py
[2026-01-05T17:22:21.180+0000] {logging_mixin.py:190} INFO - [2026-01-05T17:22:21.180+0000] {dag.py:3211} INFO - Sync 1 DAGs
[2026-01-05T17:22:21.204+0000] {logging_mixin.py:190} INFO - [2026-01-05T17:22:21.203+0000] {dag.py:4138} INFO - Setting next_dagrun for example_skip_dag to 2026-01-04 00:00:00+00:00, run_after=2026-01-05 00:00:00+00:00
[2026-01-05T17:22:21.223+0000] {processor.py:208} INFO - Processing /home/airflow/.local/lib/python3.12/site-packages/airflow/example_dags/example_skip_dag.py took 0.085 seconds
[2026-01-05T17:22:52.116+0000] {processor.py:186} INFO - Started process (PID=782) to work on /home/airflow/.local/lib/python3.12/site-packages/airflow/example_dags/example_skip_dag.py
[2026-01-05T17:22:52.117+0000] {processor.py:914} INFO - Processing file /home/airflow/.local/lib/python3.12/site-packages/airflow/example_dags/example_skip_dag.py for tasks to queue
[2026-01-05T17:22:52.121+0000] {logging_mixin.py:190} INFO - [2026-01-05T17:22:52.120+0000] {dagbag.py:587} INFO - Filling up the DagBag from /home/airflow/.local/lib/python3.12/site-packages/airflow/example_dags/example_skip_dag.py
[2026-01-05T17:22:52.127+0000] {processor.py:925} INFO - DAG(s) 'example_skip_dag' retrieved from /home/airflow/.local/lib/python3.12/site-packages/airflow/example_dags/example_skip_dag.py
[2026-01-05T17:22:52.151+0000] {logging_mixin.py:190} INFO - [2026-01-05T17:22:52.151+0000] {dag.py:3211} INFO - Sync 1 DAGs
[2026-01-05T17:22:52.175+0000] {logging_mixin.py:190} INFO - [2026-01-05T17:22:52.175+0000] {dag.py:4138} INFO - Setting next_dagrun for example_skip_dag to 2026-01-04 00:00:00+00:00, run_after=2026-01-05 00:00:00+00:00
[2026-01-05T17:22:52.194+0000] {processor.py:208} INFO - Processing /home/airflow/.local/lib/python3.12/site-packages/airflow/example_dags/example_skip_dag.py took 0.085 seconds
[2026-01-05T17:23:23.090+0000] {processor.py:186} INFO - Started process (PID=848) to work on /home/airflow/.local/lib/python3.12/site-packages/airflow/example_dags/example_skip_dag.py
[2026-01-05T17:23:23.092+0000] {processor.py:914} INFO - Processing file /home/airflow/.local/lib/python3.12/site-packages/airflow/example_dags/example_skip_dag.py for tasks to queue
[2026-01-05T17:23:23.096+0000] {logging_mixin.py:190} INFO - [2026-01-05T17:23:23.095+0000] {dagbag.py:587} INFO - Filling up the DagBag from /home/airflow/.local/lib/python3.12/site-packages/airflow/example_dags/example_skip_dag.py
[2026-01-05T17:23:23.107+0000] {processor.py:925} INFO - DAG(s) 'example_skip_dag' retrieved from /home/airflow/.local/lib/python3.12/site-packages/airflow/example_dags/example_skip_dag.py
[2026-01-05T17:23:23.145+0000] {logging_mixin.py:190} INFO - [2026-01-05T17:23:23.145+0000] {dag.py:3211} INFO - Sync 1 DAGs
[2026-01-05T17:23:23.174+0000] {logging_mixin.py:190} INFO - [2026-01-05T17:23:23.174+0000] {dag.py:4138} INFO - Setting next_dagrun for example_skip_dag to 2026-01-04 00:00:00+00:00, run_after=2026-01-05 00:00:00+00:00
[2026-01-05T17:23:23.199+0000] {processor.py:208} INFO - Processing /home/airflow/.local/lib/python3.12/site-packages/airflow/example_dags/example_skip_dag.py took 0.119 seconds
[2026-01-05T17:23:53.344+0000] {processor.py:186} INFO - Started process (PID=914) to work on /home/airflow/.local/lib/python3.12/site-packages/airflow/example_dags/example_skip_dag.py
[2026-01-05T17:23:53.347+0000] {processor.py:914} INFO - Processing file /home/airflow/.local/lib/python3.12/site-packages/airflow/example_dags/example_skip_dag.py for tasks to queue
[2026-01-05T17:23:53.352+0000] {logging_mixin.py:190} INFO - [2026-01-05T17:23:53.351+0000] {dagbag.py:587} INFO - Filling up the DagBag from /home/airflow/.local/lib/python3.12/site-packages/airflow/example_dags/example_skip_dag.py
[2026-01-05T17:23:53.360+0000] {processor.py:925} INFO - DAG(s) 'example_skip_dag' retrieved from /home/airflow/.local/lib/python3.12/site-packages/airflow/example_dags/example_skip_dag.py
[2026-01-05T17:23:53.392+0000] {logging_mixin.py:190} INFO - [2026-01-05T17:23:53.392+0000] {dag.py:3211} INFO - Sync 1 DAGs
[2026-01-05T17:23:53.428+0000] {logging_mixin.py:190} INFO - [2026-01-05T17:23:53.428+0000] {dag.py:4138} INFO - Setting next_dagrun for example_skip_dag to 2026-01-04 00:00:00+00:00, run_after=2026-01-05 00:00:00+00:00
[2026-01-05T17:23:53.454+0000] {processor.py:208} INFO - Processing /home/airflow/.local/lib/python3.12/site-packages/airflow/example_dags/example_skip_dag.py took 0.120 seconds
[2026-01-05T17:24:23.681+0000] {processor.py:186} INFO - Started process (PID=980) to work on /home/airflow/.local/lib/python3.12/site-packages/airflow/example_dags/example_skip_dag.py
[2026-01-05T17:24:23.682+0000] {processor.py:914} INFO - Processing file /home/airflow/.local/lib/python3.12/site-packages/airflow/example_dags/example_skip_dag.py for tasks to queue
[2026-01-05T17:24:23.687+0000] {logging_mixin.py:190} INFO - [2026-01-05T17:24:23.687+0000] {dagbag.py:587} INFO - Filling up the DagBag from /home/airflow/.local/lib/python3.12/site-packages/airflow/example_dags/example_skip_dag.py
[2026-01-05T17:24:23.695+0000] {processor.py:925} INFO - DAG(s) 'example_skip_dag' retrieved from /home/airflow/.local/lib/python3.12/site-packages/airflow/example_dags/example_skip_dag.py
[2026-01-05T17:24:23.726+0000] {logging_mixin.py:190} INFO - [2026-01-05T17:24:23.726+0000] {dag.py:3211} INFO - Sync 1 DAGs
[2026-01-05T17:24:23.755+0000] {logging_mixin.py:190} INFO - [2026-01-05T17:24:23.755+0000] {dag.py:4138} INFO - Setting next_dagrun for example_skip_dag to 2026-01-04 00:00:00+00:00, run_after=2026-01-05 00:00:00+00:00
[2026-01-05T17:24:23.780+0000] {processor.py:208} INFO - Processing /home/airflow/.local/lib/python3.12/site-packages/airflow/example_dags/example_skip_dag.py took 0.107 seconds
[2026-01-05T17:24:54.096+0000] {processor.py:186} INFO - Started process (PID=1046) to work on /home/airflow/.local/lib/python3.12/site-packages/airflow/example_dags/example_skip_dag.py
[2026-01-05T17:24:54.097+0000] {processor.py:914} INFO - Processing file /home/airflow/.local/lib/python3.12/site-packages/airflow/example_dags/example_skip_dag.py for tasks to queue
[2026-01-05T17:24:54.101+0000] {logging_mixin.py:190} INFO - [2026-01-05T17:24:54.100+0000] {dagbag.py:587} INFO - Filling up the DagBag from /home/airflow/.local/lib/python3.12/site-packages/airflow/example_dags/example_skip_dag.py
[2026-01-05T17:24:54.109+0000] {processor.py:925} INFO - DAG(s) 'example_skip_dag' retrieved from /home/airflow/.local/lib/python3.12/site-packages/airflow/example_dags/example_skip_dag.py
[2026-01-05T17:24:54.136+0000] {logging_mixin.py:190} INFO - [2026-01-05T17:24:54.136+0000] {dag.py:3211} INFO - Sync 1 DAGs
[2026-01-05T17:24:54.161+0000] {logging_mixin.py:190} INFO - [2026-01-05T17:24:54.161+0000] {dag.py:4138} INFO - Setting next_dagrun for example_skip_dag to 2026-01-04 00:00:00+00:00, run_after=2026-01-05 00:00:00+00:00
[2026-01-05T17:24:54.182+0000] {processor.py:208} INFO - Processing /home/airflow/.local/lib/python3.12/site-packages/airflow/example_dags/example_skip_dag.py took 0.092 seconds
[2026-01-05T17:25:24.446+0000] {processor.py:186} INFO - Started process (PID=1112) to work on /home/airflow/.local/lib/python3.12/site-packages/airflow/example_dags/example_skip_dag.py
[2026-01-05T17:25:24.448+0000] {processor.py:914} INFO - Processing file /home/airflow/.local/lib/python3.12/site-packages/airflow/example_dags/example_skip_dag.py for tasks to queue
[2026-01-05T17:25:24.452+0000] {logging_mixin.py:190} INFO - [2026-01-05T17:25:24.452+0000] {dagbag.py:587} INFO - Filling up the DagBag from /home/airflow/.local/lib/python3.12/site-packages/airflow/example_dags/example_skip_dag.py
[2026-01-05T17:25:24.460+0000] {processor.py:925} INFO - DAG(s) 'example_skip_dag' retrieved from /home/airflow/.local/lib/python3.12/site-packages/airflow/example_dags/example_skip_dag.py
[2026-01-05T17:25:24.486+0000] {logging_mixin.py:190} INFO - [2026-01-05T17:25:24.486+0000] {dag.py:3211} INFO - Sync 1 DAGs
[2026-01-05T17:25:24.509+0000] {logging_mixin.py:190} INFO - [2026-01-05T17:25:24.509+0000] {dag.py:4138} INFO - Setting next_dagrun for example_skip_dag to 2026-01-04 00:00:00+00:00, run_after=2026-01-05 00:00:00+00:00
[2026-01-05T17:25:24.530+0000] {processor.py:208} INFO - Processing /home/airflow/.local/lib/python3.12/site-packages/airflow/example_dags/example_skip_dag.py took 0.092 seconds
[2026-01-05T17:25:55.494+0000] {processor.py:186} INFO - Started process (PID=1178) to work on /home/airflow/.local/lib/python3.12/site-packages/airflow/example_dags/example_skip_dag.py
[2026-01-05T17:25:55.495+0000] {processor.py:914} INFO - Processing file /home/airflow/.local/lib/python3.12/site-packages/airflow/example_dags/example_skip_dag.py for tasks to queue
[2026-01-05T17:25:55.499+0000] {logging_mixin.py:190} INFO - [2026-01-05T17:25:55.498+0000] {dagbag.py:587} INFO - Filling up the DagBag from /home/airflow/.local/lib/python3.12/site-packages/airflow/example_dags/example_skip_dag.py
[2026-01-05T17:25:55.507+0000] {processor.py:925} INFO - DAG(s) 'example_skip_dag' retrieved from /home/airflow/.local/lib/python3.12/site-packages/airflow/example_dags/example_skip_dag.py
[2026-01-05T17:25:55.535+0000] {logging_mixin.py:190} INFO - [2026-01-05T17:25:55.534+0000] {dag.py:3211} INFO - Sync 1 DAGs
[2026-01-05T17:25:55.559+0000] {logging_mixin.py:190} INFO - [2026-01-05T17:25:55.559+0000] {dag.py:4138} INFO - Setting next_dagrun for example_skip_dag to 2026-01-04 00:00:00+00:00, run_after=2026-01-05 00:00:00+00:00
[2026-01-05T17:25:55.579+0000] {processor.py:208} INFO - Processing /home/airflow/.local/lib/python3.12/site-packages/airflow/example_dags/example_skip_dag.py took 0.091 seconds
[2026-01-05T17:26:25.955+0000] {processor.py:186} INFO - Started process (PID=1244) to work on /home/airflow/.local/lib/python3.12/site-packages/airflow/example_dags/example_skip_dag.py
[2026-01-05T17:26:25.957+0000] {processor.py:914} INFO - Processing file /home/airflow/.local/lib/python3.12/site-packages/airflow/example_dags/example_skip_dag.py for tasks to queue
[2026-01-05T17:26:25.960+0000] {logging_mixin.py:190} INFO - [2026-01-05T17:26:25.960+0000] {dagbag.py:587} INFO - Filling up the DagBag from /home/airflow/.local/lib/python3.12/site-packages/airflow/example_dags/example_skip_dag.py
[2026-01-05T17:26:25.967+0000] {processor.py:925} INFO - DAG(s) 'example_skip_dag' retrieved from /home/airflow/.local/lib/python3.12/site-packages/airflow/example_dags/example_skip_dag.py
[2026-01-05T17:26:25.991+0000] {logging_mixin.py:190} INFO - [2026-01-05T17:26:25.991+0000] {dag.py:3211} INFO - Sync 1 DAGs
[2026-01-05T17:26:26.017+0000] {logging_mixin.py:190} INFO - [2026-01-05T17:26:26.017+0000] {dag.py:4138} INFO - Setting next_dagrun for example_skip_dag to 2026-01-04 00:00:00+00:00, run_after=2026-01-05 00:00:00+00:00
[2026-01-05T17:26:26.036+0000] {processor.py:208} INFO - Processing /home/airflow/.local/lib/python3.12/site-packages/airflow/example_dags/example_skip_dag.py took 0.087 seconds
[2026-01-05T17:26:56.110+0000] {processor.py:186} INFO - Started process (PID=1310) to work on /home/airflow/.local/lib/python3.12/site-packages/airflow/example_dags/example_skip_dag.py
[2026-01-05T17:26:56.111+0000] {processor.py:914} INFO - Processing file /home/airflow/.local/lib/python3.12/site-packages/airflow/example_dags/example_skip_dag.py for tasks to queue
[2026-01-05T17:26:56.115+0000] {logging_mixin.py:190} INFO - [2026-01-05T17:26:56.114+0000] {dagbag.py:587} INFO - Filling up the DagBag from /home/airflow/.local/lib/python3.12/site-packages/airflow/example_dags/example_skip_dag.py
[2026-01-05T17:26:56.121+0000] {processor.py:925} INFO - DAG(s) 'example_skip_dag' retrieved from /home/airflow/.local/lib/python3.12/site-packages/airflow/example_dags/example_skip_dag.py
[2026-01-05T17:26:56.144+0000] {logging_mixin.py:190} INFO - [2026-01-05T17:26:56.144+0000] {dag.py:3211} INFO - Sync 1 DAGs
[2026-01-05T17:26:56.169+0000] {logging_mixin.py:190} INFO - [2026-01-05T17:26:56.168+0000] {dag.py:4138} INFO - Setting next_dagrun for example_skip_dag to 2026-01-04 00:00:00+00:00, run_after=2026-01-05 00:00:00+00:00
[2026-01-05T17:26:56.198+0000] {processor.py:208} INFO - Processing /home/airflow/.local/lib/python3.12/site-packages/airflow/example_dags/example_skip_dag.py took 0.096 seconds
[2026-01-05T17:27:26.418+0000] {processor.py:186} INFO - Started process (PID=1376) to work on /home/airflow/.local/lib/python3.12/site-packages/airflow/example_dags/example_skip_dag.py
[2026-01-05T17:27:26.420+0000] {processor.py:914} INFO - Processing file /home/airflow/.local/lib/python3.12/site-packages/airflow/example_dags/example_skip_dag.py for tasks to queue
[2026-01-05T17:27:26.424+0000] {logging_mixin.py:190} INFO - [2026-01-05T17:27:26.423+0000] {dagbag.py:587} INFO - Filling up the DagBag from /home/airflow/.local/lib/python3.12/site-packages/airflow/example_dags/example_skip_dag.py
[2026-01-05T17:27:26.431+0000] {processor.py:925} INFO - DAG(s) 'example_skip_dag' retrieved from /home/airflow/.local/lib/python3.12/site-packages/airflow/example_dags/example_skip_dag.py
[2026-01-05T17:27:26.456+0000] {logging_mixin.py:190} INFO - [2026-01-05T17:27:26.456+0000] {dag.py:3211} INFO - Sync 1 DAGs
[2026-01-05T17:27:26.485+0000] {logging_mixin.py:190} INFO - [2026-01-05T17:27:26.485+0000] {dag.py:4138} INFO - Setting next_dagrun for example_skip_dag to 2026-01-04 00:00:00+00:00, run_after=2026-01-05 00:00:00+00:00
[2026-01-05T17:27:26.507+0000] {processor.py:208} INFO - Processing /home/airflow/.local/lib/python3.12/site-packages/airflow/example_dags/example_skip_dag.py took 0.095 seconds
[2026-01-05T17:27:58.356+0000] {processor.py:186} INFO - Started process (PID=1448) to work on /home/airflow/.local/lib/python3.12/site-packages/airflow/example_dags/example_skip_dag.py
[2026-01-05T17:27:58.358+0000] {processor.py:914} INFO - Processing file /home/airflow/.local/lib/python3.12/site-packages/airflow/example_dags/example_skip_dag.py for tasks to queue
[2026-01-05T17:27:58.363+0000] {logging_mixin.py:190} INFO - [2026-01-05T17:27:58.362+0000] {dagbag.py:587} INFO - Filling up the DagBag from /home/airflow/.local/lib/python3.12/site-packages/airflow/example_dags/example_skip_dag.py
[2026-01-05T17:27:58.375+0000] {processor.py:925} INFO - DAG(s) 'example_skip_dag' retrieved from /home/airflow/.local/lib/python3.12/site-packages/airflow/example_dags/example_skip_dag.py
[2026-01-05T17:27:58.404+0000] {logging_mixin.py:190} INFO - [2026-01-05T17:27:58.403+0000] {dag.py:3211} INFO - Sync 1 DAGs
[2026-01-05T17:27:58.430+0000] {logging_mixin.py:190} INFO - [2026-01-05T17:27:58.429+0000] {dag.py:4138} INFO - Setting next_dagrun for example_skip_dag to 2026-01-04 00:00:00+00:00, run_after=2026-01-05 00:00:00+00:00
[2026-01-05T17:27:58.457+0000] {processor.py:208} INFO - Processing /home/airflow/.local/lib/python3.12/site-packages/airflow/example_dags/example_skip_dag.py took 0.114 seconds
[2026-01-05T17:28:28.781+0000] {processor.py:186} INFO - Started process (PID=1514) to work on /home/airflow/.local/lib/python3.12/site-packages/airflow/example_dags/example_skip_dag.py
[2026-01-05T17:28:28.782+0000] {processor.py:914} INFO - Processing file /home/airflow/.local/lib/python3.12/site-packages/airflow/example_dags/example_skip_dag.py for tasks to queue
[2026-01-05T17:28:28.789+0000] {logging_mixin.py:190} INFO - [2026-01-05T17:28:28.788+0000] {dagbag.py:587} INFO - Filling up the DagBag from /home/airflow/.local/lib/python3.12/site-packages/airflow/example_dags/example_skip_dag.py
[2026-01-05T17:28:28.798+0000] {processor.py:925} INFO - DAG(s) 'example_skip_dag' retrieved from /home/airflow/.local/lib/python3.12/site-packages/airflow/example_dags/example_skip_dag.py
[2026-01-05T17:28:28.827+0000] {logging_mixin.py:190} INFO - [2026-01-05T17:28:28.827+0000] {dag.py:3211} INFO - Sync 1 DAGs
[2026-01-05T17:28:28.858+0000] {logging_mixin.py:190} INFO - [2026-01-05T17:28:28.858+0000] {dag.py:4138} INFO - Setting next_dagrun for example_skip_dag to 2026-01-04 00:00:00+00:00, run_after=2026-01-05 00:00:00+00:00
[2026-01-05T17:28:28.890+0000] {processor.py:208} INFO - Processing /home/airflow/.local/lib/python3.12/site-packages/airflow/example_dags/example_skip_dag.py took 0.116 seconds
[2026-01-05T17:28:59.453+0000] {processor.py:186} INFO - Started process (PID=1580) to work on /home/airflow/.local/lib/python3.12/site-packages/airflow/example_dags/example_skip_dag.py
[2026-01-05T17:28:59.456+0000] {processor.py:914} INFO - Processing file /home/airflow/.local/lib/python3.12/site-packages/airflow/example_dags/example_skip_dag.py for tasks to queue
[2026-01-05T17:28:59.459+0000] {logging_mixin.py:190} INFO - [2026-01-05T17:28:59.459+0000] {dagbag.py:587} INFO - Filling up the DagBag from /home/airflow/.local/lib/python3.12/site-packages/airflow/example_dags/example_skip_dag.py
[2026-01-05T17:28:59.467+0000] {processor.py:925} INFO - DAG(s) 'example_skip_dag' retrieved from /home/airflow/.local/lib/python3.12/site-packages/airflow/example_dags/example_skip_dag.py
[2026-01-05T17:28:59.492+0000] {logging_mixin.py:190} INFO - [2026-01-05T17:28:59.491+0000] {dag.py:3211} INFO - Sync 1 DAGs
[2026-01-05T17:28:59.518+0000] {logging_mixin.py:190} INFO - [2026-01-05T17:28:59.518+0000] {dag.py:4138} INFO - Setting next_dagrun for example_skip_dag to 2026-01-04 00:00:00+00:00, run_after=2026-01-05 00:00:00+00:00
[2026-01-05T17:28:59.539+0000] {processor.py:208} INFO - Processing /home/airflow/.local/lib/python3.12/site-packages/airflow/example_dags/example_skip_dag.py took 0.093 seconds
[2026-01-05T17:29:30.153+0000] {processor.py:186} INFO - Started process (PID=1646) to work on /home/airflow/.local/lib/python3.12/site-packages/airflow/example_dags/example_skip_dag.py
[2026-01-05T17:29:30.155+0000] {processor.py:914} INFO - Processing file /home/airflow/.local/lib/python3.12/site-packages/airflow/example_dags/example_skip_dag.py for tasks to queue
[2026-01-05T17:29:30.158+0000] {logging_mixin.py:190} INFO - [2026-01-05T17:29:30.157+0000] {dagbag.py:587} INFO - Filling up the DagBag from /home/airflow/.local/lib/python3.12/site-packages/airflow/example_dags/example_skip_dag.py
[2026-01-05T17:29:30.164+0000] {processor.py:925} INFO - DAG(s) 'example_skip_dag' retrieved from /home/airflow/.local/lib/python3.12/site-packages/airflow/example_dags/example_skip_dag.py
[2026-01-05T17:29:30.188+0000] {logging_mixin.py:190} INFO - [2026-01-05T17:29:30.188+0000] {dag.py:3211} INFO - Sync 1 DAGs
[2026-01-05T17:29:30.213+0000] {logging_mixin.py:190} INFO - [2026-01-05T17:29:30.213+0000] {dag.py:4138} INFO - Setting next_dagrun for example_skip_dag to 2026-01-04 00:00:00+00:00, run_after=2026-01-05 00:00:00+00:00
[2026-01-05T17:29:30.238+0000] {processor.py:208} INFO - Processing /home/airflow/.local/lib/python3.12/site-packages/airflow/example_dags/example_skip_dag.py took 0.092 seconds
[2026-01-05T17:30:00.413+0000] {processor.py:186} INFO - Started process (PID=1712) to work on /home/airflow/.local/lib/python3.12/site-packages/airflow/example_dags/example_skip_dag.py
[2026-01-05T17:30:00.414+0000] {processor.py:914} INFO - Processing file /home/airflow/.local/lib/python3.12/site-packages/airflow/example_dags/example_skip_dag.py for tasks to queue
[2026-01-05T17:30:00.419+0000] {logging_mixin.py:190} INFO - [2026-01-05T17:30:00.419+0000] {dagbag.py:587} INFO - Filling up the DagBag from /home/airflow/.local/lib/python3.12/site-packages/airflow/example_dags/example_skip_dag.py
[2026-01-05T17:30:00.426+0000] {processor.py:925} INFO - DAG(s) 'example_skip_dag' retrieved from /home/airflow/.local/lib/python3.12/site-packages/airflow/example_dags/example_skip_dag.py
[2026-01-05T17:30:00.447+0000] {logging_mixin.py:190} INFO - [2026-01-05T17:30:00.447+0000] {dag.py:3211} INFO - Sync 1 DAGs
[2026-01-05T17:30:00.477+0000] {logging_mixin.py:190} INFO - [2026-01-05T17:30:00.477+0000] {dag.py:4138} INFO - Setting next_dagrun for example_skip_dag to 2026-01-04 00:00:00+00:00, run_after=2026-01-05 00:00:00+00:00
[2026-01-05T17:30:00.504+0000] {processor.py:208} INFO - Processing /home/airflow/.local/lib/python3.12/site-packages/airflow/example_dags/example_skip_dag.py took 0.099 seconds
[2026-01-05T17:30:31.241+0000] {processor.py:186} INFO - Started process (PID=1779) to work on /home/airflow/.local/lib/python3.12/site-packages/airflow/example_dags/example_skip_dag.py
[2026-01-05T17:30:31.243+0000] {processor.py:914} INFO - Processing file /home/airflow/.local/lib/python3.12/site-packages/airflow/example_dags/example_skip_dag.py for tasks to queue
[2026-01-05T17:30:31.246+0000] {logging_mixin.py:190} INFO - [2026-01-05T17:30:31.245+0000] {dagbag.py:587} INFO - Filling up the DagBag from /home/airflow/.local/lib/python3.12/site-packages/airflow/example_dags/example_skip_dag.py
[2026-01-05T17:30:31.252+0000] {processor.py:925} INFO - DAG(s) 'example_skip_dag' retrieved from /home/airflow/.local/lib/python3.12/site-packages/airflow/example_dags/example_skip_dag.py
[2026-01-05T17:30:31.280+0000] {logging_mixin.py:190} INFO - [2026-01-05T17:30:31.279+0000] {dag.py:3211} INFO - Sync 1 DAGs
[2026-01-05T17:30:31.305+0000] {logging_mixin.py:190} INFO - [2026-01-05T17:30:31.304+0000] {dag.py:4138} INFO - Setting next_dagrun for example_skip_dag to 2026-01-04 00:00:00+00:00, run_after=2026-01-05 00:00:00+00:00
[2026-01-05T17:30:31.327+0000] {processor.py:208} INFO - Processing /home/airflow/.local/lib/python3.12/site-packages/airflow/example_dags/example_skip_dag.py took 0.094 seconds
[2026-01-05T17:31:01.964+0000] {processor.py:186} INFO - Started process (PID=1845) to work on /home/airflow/.local/lib/python3.12/site-packages/airflow/example_dags/example_skip_dag.py
[2026-01-05T17:31:01.965+0000] {processor.py:914} INFO - Processing file /home/airflow/.local/lib/python3.12/site-packages/airflow/example_dags/example_skip_dag.py for tasks to queue
[2026-01-05T17:31:01.968+0000] {logging_mixin.py:190} INFO - [2026-01-05T17:31:01.968+0000] {dagbag.py:587} INFO - Filling up the DagBag from /home/airflow/.local/lib/python3.12/site-packages/airflow/example_dags/example_skip_dag.py
[2026-01-05T17:31:01.979+0000] {processor.py:925} INFO - DAG(s) 'example_skip_dag' retrieved from /home/airflow/.local/lib/python3.12/site-packages/airflow/example_dags/example_skip_dag.py
[2026-01-05T17:31:02.008+0000] {logging_mixin.py:190} INFO - [2026-01-05T17:31:02.008+0000] {dag.py:3211} INFO - Sync 1 DAGs
[2026-01-05T17:31:02.036+0000] {logging_mixin.py:190} INFO - [2026-01-05T17:31:02.035+0000] {dag.py:4138} INFO - Setting next_dagrun for example_skip_dag to 2026-01-04 00:00:00+00:00, run_after=2026-01-05 00:00:00+00:00
[2026-01-05T17:31:02.065+0000] {processor.py:208} INFO - Processing /home/airflow/.local/lib/python3.12/site-packages/airflow/example_dags/example_skip_dag.py took 0.109 seconds
[2026-01-05T17:31:32.476+0000] {processor.py:186} INFO - Started process (PID=1911) to work on /home/airflow/.local/lib/python3.12/site-packages/airflow/example_dags/example_skip_dag.py
[2026-01-05T17:31:32.478+0000] {processor.py:914} INFO - Processing file /home/airflow/.local/lib/python3.12/site-packages/airflow/example_dags/example_skip_dag.py for tasks to queue
[2026-01-05T17:31:32.481+0000] {logging_mixin.py:190} INFO - [2026-01-05T17:31:32.480+0000] {dagbag.py:587} INFO - Filling up the DagBag from /home/airflow/.local/lib/python3.12/site-packages/airflow/example_dags/example_skip_dag.py
[2026-01-05T17:31:32.488+0000] {processor.py:925} INFO - DAG(s) 'example_skip_dag' retrieved from /home/airflow/.local/lib/python3.12/site-packages/airflow/example_dags/example_skip_dag.py
[2026-01-05T17:31:32.516+0000] {logging_mixin.py:190} INFO - [2026-01-05T17:31:32.515+0000] {dag.py:3211} INFO - Sync 1 DAGs
[2026-01-05T17:31:32.545+0000] {logging_mixin.py:190} INFO - [2026-01-05T17:31:32.545+0000] {dag.py:4138} INFO - Setting next_dagrun for example_skip_dag to 2026-01-04 00:00:00+00:00, run_after=2026-01-05 00:00:00+00:00
[2026-01-05T17:31:32.567+0000] {processor.py:208} INFO - Processing /home/airflow/.local/lib/python3.12/site-packages/airflow/example_dags/example_skip_dag.py took 0.098 seconds
[2026-01-05T17:32:02.797+0000] {processor.py:186} INFO - Started process (PID=1977) to work on /home/airflow/.local/lib/python3.12/site-packages/airflow/example_dags/example_skip_dag.py
[2026-01-05T17:32:02.799+0000] {processor.py:914} INFO - Processing file /home/airflow/.local/lib/python3.12/site-packages/airflow/example_dags/example_skip_dag.py for tasks to queue
[2026-01-05T17:32:02.804+0000] {logging_mixin.py:190} INFO - [2026-01-05T17:32:02.803+0000] {dagbag.py:587} INFO - Filling up the DagBag from /home/airflow/.local/lib/python3.12/site-packages/airflow/example_dags/example_skip_dag.py
[2026-01-05T17:32:02.812+0000] {processor.py:925} INFO - DAG(s) 'example_skip_dag' retrieved from /home/airflow/.local/lib/python3.12/site-packages/airflow/example_dags/example_skip_dag.py
[2026-01-05T17:32:02.843+0000] {logging_mixin.py:190} INFO - [2026-01-05T17:32:02.842+0000] {dag.py:3211} INFO - Sync 1 DAGs
[2026-01-05T17:32:02.869+0000] {logging_mixin.py:190} INFO - [2026-01-05T17:32:02.869+0000] {dag.py:4138} INFO - Setting next_dagrun for example_skip_dag to 2026-01-04 00:00:00+00:00, run_after=2026-01-05 00:00:00+00:00
[2026-01-05T17:32:02.895+0000] {processor.py:208} INFO - Processing /home/airflow/.local/lib/python3.12/site-packages/airflow/example_dags/example_skip_dag.py took 0.106 seconds
[2026-01-05T17:32:33.245+0000] {processor.py:186} INFO - Started process (PID=2043) to work on /home/airflow/.local/lib/python3.12/site-packages/airflow/example_dags/example_skip_dag.py
[2026-01-05T17:32:33.247+0000] {processor.py:914} INFO - Processing file /home/airflow/.local/lib/python3.12/site-packages/airflow/example_dags/example_skip_dag.py for tasks to queue
[2026-01-05T17:32:33.251+0000] {logging_mixin.py:190} INFO - [2026-01-05T17:32:33.251+0000] {dagbag.py:587} INFO - Filling up the DagBag from /home/airflow/.local/lib/python3.12/site-packages/airflow/example_dags/example_skip_dag.py
[2026-01-05T17:32:33.259+0000] {processor.py:925} INFO - DAG(s) 'example_skip_dag' retrieved from /home/airflow/.local/lib/python3.12/site-packages/airflow/example_dags/example_skip_dag.py
[2026-01-05T17:32:33.287+0000] {logging_mixin.py:190} INFO - [2026-01-05T17:32:33.286+0000] {dag.py:3211} INFO - Sync 1 DAGs
[2026-01-05T17:32:33.318+0000] {logging_mixin.py:190} INFO - [2026-01-05T17:32:33.318+0000] {dag.py:4138} INFO - Setting next_dagrun for example_skip_dag to 2026-01-04 00:00:00+00:00, run_after=2026-01-05 00:00:00+00:00
[2026-01-05T17:32:33.336+0000] {processor.py:208} INFO - Processing /home/airflow/.local/lib/python3.12/site-packages/airflow/example_dags/example_skip_dag.py took 0.097 seconds
[2026-01-05T17:33:03.555+0000] {processor.py:186} INFO - Started process (PID=2109) to work on /home/airflow/.local/lib/python3.12/site-packages/airflow/example_dags/example_skip_dag.py
[2026-01-05T17:33:03.556+0000] {processor.py:914} INFO - Processing file /home/airflow/.local/lib/python3.12/site-packages/airflow/example_dags/example_skip_dag.py for tasks to queue
[2026-01-05T17:33:03.559+0000] {logging_mixin.py:190} INFO - [2026-01-05T17:33:03.559+0000] {dagbag.py:587} INFO - Filling up the DagBag from /home/airflow/.local/lib/python3.12/site-packages/airflow/example_dags/example_skip_dag.py
[2026-01-05T17:33:03.566+0000] {processor.py:925} INFO - DAG(s) 'example_skip_dag' retrieved from /home/airflow/.local/lib/python3.12/site-packages/airflow/example_dags/example_skip_dag.py
[2026-01-05T17:33:03.592+0000] {logging_mixin.py:190} INFO - [2026-01-05T17:33:03.592+0000] {dag.py:3211} INFO - Sync 1 DAGs
[2026-01-05T17:33:03.624+0000] {logging_mixin.py:190} INFO - [2026-01-05T17:33:03.624+0000] {dag.py:4138} INFO - Setting next_dagrun for example_skip_dag to 2026-01-04 00:00:00+00:00, run_after=2026-01-05 00:00:00+00:00
[2026-01-05T17:33:03.646+0000] {processor.py:208} INFO - Processing /home/airflow/.local/lib/python3.12/site-packages/airflow/example_dags/example_skip_dag.py took 0.098 seconds
[2026-01-05T17:33:33.801+0000] {processor.py:186} INFO - Started process (PID=2175) to work on /home/airflow/.local/lib/python3.12/site-packages/airflow/example_dags/example_skip_dag.py
[2026-01-05T17:33:33.802+0000] {processor.py:914} INFO - Processing file /home/airflow/.local/lib/python3.12/site-packages/airflow/example_dags/example_skip_dag.py for tasks to queue
[2026-01-05T17:33:33.805+0000] {logging_mixin.py:190} INFO - [2026-01-05T17:33:33.805+0000] {dagbag.py:587} INFO - Filling up the DagBag from /home/airflow/.local/lib/python3.12/site-packages/airflow/example_dags/example_skip_dag.py
[2026-01-05T17:33:33.812+0000] {processor.py:925} INFO - DAG(s) 'example_skip_dag' retrieved from /home/airflow/.local/lib/python3.12/site-packages/airflow/example_dags/example_skip_dag.py
[2026-01-05T17:33:33.847+0000] {logging_mixin.py:190} INFO - [2026-01-05T17:33:33.846+0000] {dag.py:3211} INFO - Sync 1 DAGs
[2026-01-05T17:33:33.873+0000] {logging_mixin.py:190} INFO - [2026-01-05T17:33:33.872+0000] {dag.py:4138} INFO - Setting next_dagrun for example_skip_dag to 2026-01-04 00:00:00+00:00, run_after=2026-01-05 00:00:00+00:00
[2026-01-05T17:33:33.897+0000] {processor.py:208} INFO - Processing /home/airflow/.local/lib/python3.12/site-packages/airflow/example_dags/example_skip_dag.py took 0.103 seconds
[2026-01-05T17:34:04.855+0000] {processor.py:186} INFO - Started process (PID=2241) to work on /home/airflow/.local/lib/python3.12/site-packages/airflow/example_dags/example_skip_dag.py
[2026-01-05T17:34:04.857+0000] {processor.py:914} INFO - Processing file /home/airflow/.local/lib/python3.12/site-packages/airflow/example_dags/example_skip_dag.py for tasks to queue
[2026-01-05T17:34:04.860+0000] {logging_mixin.py:190} INFO - [2026-01-05T17:34:04.859+0000] {dagbag.py:587} INFO - Filling up the DagBag from /home/airflow/.local/lib/python3.12/site-packages/airflow/example_dags/example_skip_dag.py
[2026-01-05T17:34:04.866+0000] {processor.py:925} INFO - DAG(s) 'example_skip_dag' retrieved from /home/airflow/.local/lib/python3.12/site-packages/airflow/example_dags/example_skip_dag.py
[2026-01-05T17:34:04.890+0000] {logging_mixin.py:190} INFO - [2026-01-05T17:34:04.890+0000] {dag.py:3211} INFO - Sync 1 DAGs
[2026-01-05T17:34:04.914+0000] {logging_mixin.py:190} INFO - [2026-01-05T17:34:04.914+0000] {dag.py:4138} INFO - Setting next_dagrun for example_skip_dag to 2026-01-04 00:00:00+00:00, run_after=2026-01-05 00:00:00+00:00
[2026-01-05T17:34:04.936+0000] {processor.py:208} INFO - Processing /home/airflow/.local/lib/python3.12/site-packages/airflow/example_dags/example_skip_dag.py took 0.089 seconds
[2026-01-05T17:34:35.564+0000] {processor.py:186} INFO - Started process (PID=2307) to work on /home/airflow/.local/lib/python3.12/site-packages/airflow/example_dags/example_skip_dag.py
[2026-01-05T17:34:35.566+0000] {processor.py:914} INFO - Processing file /home/airflow/.local/lib/python3.12/site-packages/airflow/example_dags/example_skip_dag.py for tasks to queue
[2026-01-05T17:34:35.569+0000] {logging_mixin.py:190} INFO - [2026-01-05T17:34:35.569+0000] {dagbag.py:587} INFO - Filling up the DagBag from /home/airflow/.local/lib/python3.12/site-packages/airflow/example_dags/example_skip_dag.py
[2026-01-05T17:34:35.577+0000] {processor.py:925} INFO - DAG(s) 'example_skip_dag' retrieved from /home/airflow/.local/lib/python3.12/site-packages/airflow/example_dags/example_skip_dag.py
[2026-01-05T17:34:35.626+0000] {logging_mixin.py:190} INFO - [2026-01-05T17:34:35.625+0000] {dag.py:3211} INFO - Sync 1 DAGs
[2026-01-05T17:34:35.654+0000] {logging_mixin.py:190} INFO - [2026-01-05T17:34:35.654+0000] {dag.py:4138} INFO - Setting next_dagrun for example_skip_dag to 2026-01-04 00:00:00+00:00, run_after=2026-01-05 00:00:00+00:00
[2026-01-05T17:34:35.673+0000] {processor.py:208} INFO - Processing /home/airflow/.local/lib/python3.12/site-packages/airflow/example_dags/example_skip_dag.py took 0.116 seconds
[2026-01-05T17:35:06.150+0000] {processor.py:186} INFO - Started process (PID=2373) to work on /home/airflow/.local/lib/python3.12/site-packages/airflow/example_dags/example_skip_dag.py
[2026-01-05T17:35:06.152+0000] {processor.py:914} INFO - Processing file /home/airflow/.local/lib/python3.12/site-packages/airflow/example_dags/example_skip_dag.py for tasks to queue
[2026-01-05T17:35:06.155+0000] {logging_mixin.py:190} INFO - [2026-01-05T17:35:06.155+0000] {dagbag.py:587} INFO - Filling up the DagBag from /home/airflow/.local/lib/python3.12/site-packages/airflow/example_dags/example_skip_dag.py
[2026-01-05T17:35:06.163+0000] {processor.py:925} INFO - DAG(s) 'example_skip_dag' retrieved from /home/airflow/.local/lib/python3.12/site-packages/airflow/example_dags/example_skip_dag.py
[2026-01-05T17:35:06.186+0000] {logging_mixin.py:190} INFO - [2026-01-05T17:35:06.186+0000] {dag.py:3211} INFO - Sync 1 DAGs
[2026-01-05T17:35:06.210+0000] {logging_mixin.py:190} INFO - [2026-01-05T17:35:06.210+0000] {dag.py:4138} INFO - Setting next_dagrun for example_skip_dag to 2026-01-04 00:00:00+00:00, run_after=2026-01-05 00:00:00+00:00
[2026-01-05T17:35:06.228+0000] {processor.py:208} INFO - Processing /home/airflow/.local/lib/python3.12/site-packages/airflow/example_dags/example_skip_dag.py took 0.085 seconds
[2026-01-05T17:35:36.979+0000] {processor.py:186} INFO - Started process (PID=2440) to work on /home/airflow/.local/lib/python3.12/site-packages/airflow/example_dags/example_skip_dag.py
[2026-01-05T17:35:36.980+0000] {processor.py:914} INFO - Processing file /home/airflow/.local/lib/python3.12/site-packages/airflow/example_dags/example_skip_dag.py for tasks to queue
[2026-01-05T17:35:36.984+0000] {logging_mixin.py:190} INFO - [2026-01-05T17:35:36.983+0000] {dagbag.py:587} INFO - Filling up the DagBag from /home/airflow/.local/lib/python3.12/site-packages/airflow/example_dags/example_skip_dag.py
[2026-01-05T17:35:36.991+0000] {processor.py:925} INFO - DAG(s) 'example_skip_dag' retrieved from /home/airflow/.local/lib/python3.12/site-packages/airflow/example_dags/example_skip_dag.py
[2026-01-05T17:35:37.014+0000] {logging_mixin.py:190} INFO - [2026-01-05T17:35:37.014+0000] {dag.py:3211} INFO - Sync 1 DAGs
[2026-01-05T17:35:37.039+0000] {logging_mixin.py:190} INFO - [2026-01-05T17:35:37.039+0000] {dag.py:4138} INFO - Setting next_dagrun for example_skip_dag to 2026-01-04 00:00:00+00:00, run_after=2026-01-05 00:00:00+00:00
[2026-01-05T17:35:37.061+0000] {processor.py:208} INFO - Processing /home/airflow/.local/lib/python3.12/site-packages/airflow/example_dags/example_skip_dag.py took 0.089 seconds
[2026-01-05T17:36:07.802+0000] {processor.py:186} INFO - Started process (PID=2506) to work on /home/airflow/.local/lib/python3.12/site-packages/airflow/example_dags/example_skip_dag.py
[2026-01-05T17:36:07.803+0000] {processor.py:914} INFO - Processing file /home/airflow/.local/lib/python3.12/site-packages/airflow/example_dags/example_skip_dag.py for tasks to queue
[2026-01-05T17:36:07.806+0000] {logging_mixin.py:190} INFO - [2026-01-05T17:36:07.806+0000] {dagbag.py:587} INFO - Filling up the DagBag from /home/airflow/.local/lib/python3.12/site-packages/airflow/example_dags/example_skip_dag.py
[2026-01-05T17:36:07.814+0000] {processor.py:925} INFO - DAG(s) 'example_skip_dag' retrieved from /home/airflow/.local/lib/python3.12/site-packages/airflow/example_dags/example_skip_dag.py
[2026-01-05T17:36:07.842+0000] {logging_mixin.py:190} INFO - [2026-01-05T17:36:07.841+0000] {dag.py:3211} INFO - Sync 1 DAGs
[2026-01-05T17:36:07.871+0000] {logging_mixin.py:190} INFO - [2026-01-05T17:36:07.870+0000] {dag.py:4138} INFO - Setting next_dagrun for example_skip_dag to 2026-01-04 00:00:00+00:00, run_after=2026-01-05 00:00:00+00:00
[2026-01-05T17:36:07.892+0000] {processor.py:208} INFO - Processing /home/airflow/.local/lib/python3.12/site-packages/airflow/example_dags/example_skip_dag.py took 0.098 seconds
[2026-01-05T17:36:38.526+0000] {processor.py:186} INFO - Started process (PID=2572) to work on /home/airflow/.local/lib/python3.12/site-packages/airflow/example_dags/example_skip_dag.py
[2026-01-05T17:36:38.528+0000] {processor.py:914} INFO - Processing file /home/airflow/.local/lib/python3.12/site-packages/airflow/example_dags/example_skip_dag.py for tasks to queue
[2026-01-05T17:36:38.532+0000] {logging_mixin.py:190} INFO - [2026-01-05T17:36:38.531+0000] {dagbag.py:587} INFO - Filling up the DagBag from /home/airflow/.local/lib/python3.12/site-packages/airflow/example_dags/example_skip_dag.py
[2026-01-05T17:36:38.541+0000] {processor.py:925} INFO - DAG(s) 'example_skip_dag' retrieved from /home/airflow/.local/lib/python3.12/site-packages/airflow/example_dags/example_skip_dag.py
[2026-01-05T17:36:38.575+0000] {logging_mixin.py:190} INFO - [2026-01-05T17:36:38.575+0000] {dag.py:3211} INFO - Sync 1 DAGs
[2026-01-05T17:36:38.603+0000] {logging_mixin.py:190} INFO - [2026-01-05T17:36:38.602+0000] {dag.py:4138} INFO - Setting next_dagrun for example_skip_dag to 2026-01-04 00:00:00+00:00, run_after=2026-01-05 00:00:00+00:00
[2026-01-05T17:36:38.627+0000] {processor.py:208} INFO - Processing /home/airflow/.local/lib/python3.12/site-packages/airflow/example_dags/example_skip_dag.py took 0.110 seconds
[2026-01-05T17:37:08.731+0000] {processor.py:186} INFO - Started process (PID=2638) to work on /home/airflow/.local/lib/python3.12/site-packages/airflow/example_dags/example_skip_dag.py
[2026-01-05T17:37:08.733+0000] {processor.py:914} INFO - Processing file /home/airflow/.local/lib/python3.12/site-packages/airflow/example_dags/example_skip_dag.py for tasks to queue
[2026-01-05T17:37:08.737+0000] {logging_mixin.py:190} INFO - [2026-01-05T17:37:08.736+0000] {dagbag.py:587} INFO - Filling up the DagBag from /home/airflow/.local/lib/python3.12/site-packages/airflow/example_dags/example_skip_dag.py
[2026-01-05T17:37:08.746+0000] {processor.py:925} INFO - DAG(s) 'example_skip_dag' retrieved from /home/airflow/.local/lib/python3.12/site-packages/airflow/example_dags/example_skip_dag.py
[2026-01-05T17:37:08.774+0000] {logging_mixin.py:190} INFO - [2026-01-05T17:37:08.774+0000] {dag.py:3211} INFO - Sync 1 DAGs
[2026-01-05T17:37:08.809+0000] {logging_mixin.py:190} INFO - [2026-01-05T17:37:08.808+0000] {dag.py:4138} INFO - Setting next_dagrun for example_skip_dag to 2026-01-04 00:00:00+00:00, run_after=2026-01-05 00:00:00+00:00
[2026-01-05T17:37:08.832+0000] {processor.py:208} INFO - Processing /home/airflow/.local/lib/python3.12/site-packages/airflow/example_dags/example_skip_dag.py took 0.108 seconds
[2026-01-05T17:37:39.385+0000] {processor.py:186} INFO - Started process (PID=2704) to work on /home/airflow/.local/lib/python3.12/site-packages/airflow/example_dags/example_skip_dag.py
[2026-01-05T17:37:39.386+0000] {processor.py:914} INFO - Processing file /home/airflow/.local/lib/python3.12/site-packages/airflow/example_dags/example_skip_dag.py for tasks to queue
[2026-01-05T17:37:39.389+0000] {logging_mixin.py:190} INFO - [2026-01-05T17:37:39.389+0000] {dagbag.py:587} INFO - Filling up the DagBag from /home/airflow/.local/lib/python3.12/site-packages/airflow/example_dags/example_skip_dag.py
[2026-01-05T17:37:39.397+0000] {processor.py:925} INFO - DAG(s) 'example_skip_dag' retrieved from /home/airflow/.local/lib/python3.12/site-packages/airflow/example_dags/example_skip_dag.py
[2026-01-05T17:37:39.424+0000] {logging_mixin.py:190} INFO - [2026-01-05T17:37:39.424+0000] {dag.py:3211} INFO - Sync 1 DAGs
[2026-01-05T17:37:39.451+0000] {logging_mixin.py:190} INFO - [2026-01-05T17:37:39.450+0000] {dag.py:4138} INFO - Setting next_dagrun for example_skip_dag to 2026-01-04 00:00:00+00:00, run_after=2026-01-05 00:00:00+00:00
[2026-01-05T17:37:39.474+0000] {processor.py:208} INFO - Processing /home/airflow/.local/lib/python3.12/site-packages/airflow/example_dags/example_skip_dag.py took 0.096 seconds
[2026-01-05T17:38:09.917+0000] {processor.py:186} INFO - Started process (PID=2770) to work on /home/airflow/.local/lib/python3.12/site-packages/airflow/example_dags/example_skip_dag.py
[2026-01-05T17:38:09.919+0000] {processor.py:914} INFO - Processing file /home/airflow/.local/lib/python3.12/site-packages/airflow/example_dags/example_skip_dag.py for tasks to queue
[2026-01-05T17:38:09.922+0000] {logging_mixin.py:190} INFO - [2026-01-05T17:38:09.922+0000] {dagbag.py:587} INFO - Filling up the DagBag from /home/airflow/.local/lib/python3.12/site-packages/airflow/example_dags/example_skip_dag.py
[2026-01-05T17:38:09.929+0000] {processor.py:925} INFO - DAG(s) 'example_skip_dag' retrieved from /home/airflow/.local/lib/python3.12/site-packages/airflow/example_dags/example_skip_dag.py
[2026-01-05T17:38:09.953+0000] {logging_mixin.py:190} INFO - [2026-01-05T17:38:09.952+0000] {dag.py:3211} INFO - Sync 1 DAGs
[2026-01-05T17:38:09.986+0000] {logging_mixin.py:190} INFO - [2026-01-05T17:38:09.986+0000] {dag.py:4138} INFO - Setting next_dagrun for example_skip_dag to 2026-01-04 00:00:00+00:00, run_after=2026-01-05 00:00:00+00:00
[2026-01-05T17:38:10.007+0000] {processor.py:208} INFO - Processing /home/airflow/.local/lib/python3.12/site-packages/airflow/example_dags/example_skip_dag.py took 0.097 seconds
[2026-01-05T17:38:40.596+0000] {processor.py:186} INFO - Started process (PID=2836) to work on /home/airflow/.local/lib/python3.12/site-packages/airflow/example_dags/example_skip_dag.py
[2026-01-05T17:38:40.597+0000] {processor.py:914} INFO - Processing file /home/airflow/.local/lib/python3.12/site-packages/airflow/example_dags/example_skip_dag.py for tasks to queue
[2026-01-05T17:38:40.601+0000] {logging_mixin.py:190} INFO - [2026-01-05T17:38:40.601+0000] {dagbag.py:587} INFO - Filling up the DagBag from /home/airflow/.local/lib/python3.12/site-packages/airflow/example_dags/example_skip_dag.py
[2026-01-05T17:38:40.609+0000] {processor.py:925} INFO - DAG(s) 'example_skip_dag' retrieved from /home/airflow/.local/lib/python3.12/site-packages/airflow/example_dags/example_skip_dag.py
[2026-01-05T17:38:40.632+0000] {logging_mixin.py:190} INFO - [2026-01-05T17:38:40.632+0000] {dag.py:3211} INFO - Sync 1 DAGs
[2026-01-05T17:38:40.663+0000] {logging_mixin.py:190} INFO - [2026-01-05T17:38:40.663+0000] {dag.py:4138} INFO - Setting next_dagrun for example_skip_dag to 2026-01-04 00:00:00+00:00, run_after=2026-01-05 00:00:00+00:00
[2026-01-05T17:38:40.691+0000] {processor.py:208} INFO - Processing /home/airflow/.local/lib/python3.12/site-packages/airflow/example_dags/example_skip_dag.py took 0.101 seconds
[2026-01-05T17:39:11.734+0000] {processor.py:186} INFO - Started process (PID=2902) to work on /home/airflow/.local/lib/python3.12/site-packages/airflow/example_dags/example_skip_dag.py
[2026-01-05T17:39:11.736+0000] {processor.py:914} INFO - Processing file /home/airflow/.local/lib/python3.12/site-packages/airflow/example_dags/example_skip_dag.py for tasks to queue
[2026-01-05T17:39:11.741+0000] {logging_mixin.py:190} INFO - [2026-01-05T17:39:11.740+0000] {dagbag.py:587} INFO - Filling up the DagBag from /home/airflow/.local/lib/python3.12/site-packages/airflow/example_dags/example_skip_dag.py
[2026-01-05T17:39:11.748+0000] {processor.py:925} INFO - DAG(s) 'example_skip_dag' retrieved from /home/airflow/.local/lib/python3.12/site-packages/airflow/example_dags/example_skip_dag.py
[2026-01-05T17:39:11.775+0000] {logging_mixin.py:190} INFO - [2026-01-05T17:39:11.775+0000] {dag.py:3211} INFO - Sync 1 DAGs
[2026-01-05T17:39:11.800+0000] {logging_mixin.py:190} INFO - [2026-01-05T17:39:11.799+0000] {dag.py:4138} INFO - Setting next_dagrun for example_skip_dag to 2026-01-04 00:00:00+00:00, run_after=2026-01-05 00:00:00+00:00
[2026-01-05T17:39:11.819+0000] {processor.py:208} INFO - Processing /home/airflow/.local/lib/python3.12/site-packages/airflow/example_dags/example_skip_dag.py took 0.093 seconds
[2026-01-05T17:39:42.348+0000] {processor.py:186} INFO - Started process (PID=2968) to work on /home/airflow/.local/lib/python3.12/site-packages/airflow/example_dags/example_skip_dag.py
[2026-01-05T17:39:42.350+0000] {processor.py:914} INFO - Processing file /home/airflow/.local/lib/python3.12/site-packages/airflow/example_dags/example_skip_dag.py for tasks to queue
[2026-01-05T17:39:42.353+0000] {logging_mixin.py:190} INFO - [2026-01-05T17:39:42.353+0000] {dagbag.py:587} INFO - Filling up the DagBag from /home/airflow/.local/lib/python3.12/site-packages/airflow/example_dags/example_skip_dag.py
[2026-01-05T17:39:42.359+0000] {processor.py:925} INFO - DAG(s) 'example_skip_dag' retrieved from /home/airflow/.local/lib/python3.12/site-packages/airflow/example_dags/example_skip_dag.py
[2026-01-05T17:39:42.384+0000] {logging_mixin.py:190} INFO - [2026-01-05T17:39:42.384+0000] {dag.py:3211} INFO - Sync 1 DAGs
[2026-01-05T17:39:42.409+0000] {logging_mixin.py:190} INFO - [2026-01-05T17:39:42.409+0000] {dag.py:4138} INFO - Setting next_dagrun for example_skip_dag to 2026-01-04 00:00:00+00:00, run_after=2026-01-05 00:00:00+00:00
[2026-01-05T17:39:42.430+0000] {processor.py:208} INFO - Processing /home/airflow/.local/lib/python3.12/site-packages/airflow/example_dags/example_skip_dag.py took 0.090 seconds
[2026-01-05T17:40:12.762+0000] {processor.py:186} INFO - Started process (PID=3034) to work on /home/airflow/.local/lib/python3.12/site-packages/airflow/example_dags/example_skip_dag.py
[2026-01-05T17:40:12.763+0000] {processor.py:914} INFO - Processing file /home/airflow/.local/lib/python3.12/site-packages/airflow/example_dags/example_skip_dag.py for tasks to queue
[2026-01-05T17:40:12.769+0000] {logging_mixin.py:190} INFO - [2026-01-05T17:40:12.768+0000] {dagbag.py:587} INFO - Filling up the DagBag from /home/airflow/.local/lib/python3.12/site-packages/airflow/example_dags/example_skip_dag.py
[2026-01-05T17:40:12.777+0000] {processor.py:925} INFO - DAG(s) 'example_skip_dag' retrieved from /home/airflow/.local/lib/python3.12/site-packages/airflow/example_dags/example_skip_dag.py
[2026-01-05T17:40:12.800+0000] {logging_mixin.py:190} INFO - [2026-01-05T17:40:12.799+0000] {dag.py:3211} INFO - Sync 1 DAGs
[2026-01-05T17:40:12.836+0000] {logging_mixin.py:190} INFO - [2026-01-05T17:40:12.835+0000] {dag.py:4138} INFO - Setting next_dagrun for example_skip_dag to 2026-01-04 00:00:00+00:00, run_after=2026-01-05 00:00:00+00:00
[2026-01-05T17:40:12.860+0000] {processor.py:208} INFO - Processing /home/airflow/.local/lib/python3.12/site-packages/airflow/example_dags/example_skip_dag.py took 0.105 seconds
[2026-01-05T17:40:43.049+0000] {processor.py:186} INFO - Started process (PID=3100) to work on /home/airflow/.local/lib/python3.12/site-packages/airflow/example_dags/example_skip_dag.py
[2026-01-05T17:40:43.050+0000] {processor.py:914} INFO - Processing file /home/airflow/.local/lib/python3.12/site-packages/airflow/example_dags/example_skip_dag.py for tasks to queue
[2026-01-05T17:40:43.055+0000] {logging_mixin.py:190} INFO - [2026-01-05T17:40:43.054+0000] {dagbag.py:587} INFO - Filling up the DagBag from /home/airflow/.local/lib/python3.12/site-packages/airflow/example_dags/example_skip_dag.py
[2026-01-05T17:40:43.062+0000] {processor.py:925} INFO - DAG(s) 'example_skip_dag' retrieved from /home/airflow/.local/lib/python3.12/site-packages/airflow/example_dags/example_skip_dag.py
[2026-01-05T17:40:43.092+0000] {logging_mixin.py:190} INFO - [2026-01-05T17:40:43.091+0000] {dag.py:3211} INFO - Sync 1 DAGs
[2026-01-05T17:40:43.122+0000] {logging_mixin.py:190} INFO - [2026-01-05T17:40:43.122+0000] {dag.py:4138} INFO - Setting next_dagrun for example_skip_dag to 2026-01-04 00:00:00+00:00, run_after=2026-01-05 00:00:00+00:00
[2026-01-05T17:40:43.147+0000] {processor.py:208} INFO - Processing /home/airflow/.local/lib/python3.12/site-packages/airflow/example_dags/example_skip_dag.py took 0.106 seconds
[2026-01-05T17:41:13.300+0000] {processor.py:186} INFO - Started process (PID=3166) to work on /home/airflow/.local/lib/python3.12/site-packages/airflow/example_dags/example_skip_dag.py
[2026-01-05T17:41:13.301+0000] {processor.py:914} INFO - Processing file /home/airflow/.local/lib/python3.12/site-packages/airflow/example_dags/example_skip_dag.py for tasks to queue
[2026-01-05T17:41:13.305+0000] {logging_mixin.py:190} INFO - [2026-01-05T17:41:13.304+0000] {dagbag.py:587} INFO - Filling up the DagBag from /home/airflow/.local/lib/python3.12/site-packages/airflow/example_dags/example_skip_dag.py
[2026-01-05T17:41:13.312+0000] {processor.py:925} INFO - DAG(s) 'example_skip_dag' retrieved from /home/airflow/.local/lib/python3.12/site-packages/airflow/example_dags/example_skip_dag.py
[2026-01-05T17:41:13.340+0000] {logging_mixin.py:190} INFO - [2026-01-05T17:41:13.339+0000] {dag.py:3211} INFO - Sync 1 DAGs
[2026-01-05T17:41:13.365+0000] {logging_mixin.py:190} INFO - [2026-01-05T17:41:13.365+0000] {dag.py:4138} INFO - Setting next_dagrun for example_skip_dag to 2026-01-04 00:00:00+00:00, run_after=2026-01-05 00:00:00+00:00
[2026-01-05T17:41:13.385+0000] {processor.py:208} INFO - Processing /home/airflow/.local/lib/python3.12/site-packages/airflow/example_dags/example_skip_dag.py took 0.092 seconds
[2026-01-05T17:41:43.640+0000] {processor.py:186} INFO - Started process (PID=3232) to work on /home/airflow/.local/lib/python3.12/site-packages/airflow/example_dags/example_skip_dag.py
[2026-01-05T17:41:43.641+0000] {processor.py:914} INFO - Processing file /home/airflow/.local/lib/python3.12/site-packages/airflow/example_dags/example_skip_dag.py for tasks to queue
[2026-01-05T17:41:43.646+0000] {logging_mixin.py:190} INFO - [2026-01-05T17:41:43.645+0000] {dagbag.py:587} INFO - Filling up the DagBag from /home/airflow/.local/lib/python3.12/site-packages/airflow/example_dags/example_skip_dag.py
[2026-01-05T17:41:43.654+0000] {processor.py:925} INFO - DAG(s) 'example_skip_dag' retrieved from /home/airflow/.local/lib/python3.12/site-packages/airflow/example_dags/example_skip_dag.py
[2026-01-05T17:41:43.684+0000] {logging_mixin.py:190} INFO - [2026-01-05T17:41:43.684+0000] {dag.py:3211} INFO - Sync 1 DAGs
[2026-01-05T17:41:43.720+0000] {logging_mixin.py:190} INFO - [2026-01-05T17:41:43.719+0000] {dag.py:4138} INFO - Setting next_dagrun for example_skip_dag to 2026-01-04 00:00:00+00:00, run_after=2026-01-05 00:00:00+00:00
[2026-01-05T17:41:43.752+0000] {processor.py:208} INFO - Processing /home/airflow/.local/lib/python3.12/site-packages/airflow/example_dags/example_skip_dag.py took 0.120 seconds
[2026-01-05T17:42:14.072+0000] {processor.py:186} INFO - Started process (PID=3298) to work on /home/airflow/.local/lib/python3.12/site-packages/airflow/example_dags/example_skip_dag.py
[2026-01-05T17:42:14.075+0000] {processor.py:914} INFO - Processing file /home/airflow/.local/lib/python3.12/site-packages/airflow/example_dags/example_skip_dag.py for tasks to queue
[2026-01-05T17:42:14.078+0000] {logging_mixin.py:190} INFO - [2026-01-05T17:42:14.078+0000] {dagbag.py:587} INFO - Filling up the DagBag from /home/airflow/.local/lib/python3.12/site-packages/airflow/example_dags/example_skip_dag.py
[2026-01-05T17:42:14.089+0000] {processor.py:925} INFO - DAG(s) 'example_skip_dag' retrieved from /home/airflow/.local/lib/python3.12/site-packages/airflow/example_dags/example_skip_dag.py
[2026-01-05T17:42:14.124+0000] {logging_mixin.py:190} INFO - [2026-01-05T17:42:14.123+0000] {dag.py:3211} INFO - Sync 1 DAGs
[2026-01-05T17:42:14.166+0000] {logging_mixin.py:190} INFO - [2026-01-05T17:42:14.166+0000] {dag.py:4138} INFO - Setting next_dagrun for example_skip_dag to 2026-01-04 00:00:00+00:00, run_after=2026-01-05 00:00:00+00:00
[2026-01-05T17:42:14.197+0000] {processor.py:208} INFO - Processing /home/airflow/.local/lib/python3.12/site-packages/airflow/example_dags/example_skip_dag.py took 0.134 seconds
[2026-01-05T17:42:44.456+0000] {processor.py:186} INFO - Started process (PID=3364) to work on /home/airflow/.local/lib/python3.12/site-packages/airflow/example_dags/example_skip_dag.py
[2026-01-05T17:42:44.458+0000] {processor.py:914} INFO - Processing file /home/airflow/.local/lib/python3.12/site-packages/airflow/example_dags/example_skip_dag.py for tasks to queue
[2026-01-05T17:42:44.462+0000] {logging_mixin.py:190} INFO - [2026-01-05T17:42:44.461+0000] {dagbag.py:587} INFO - Filling up the DagBag from /home/airflow/.local/lib/python3.12/site-packages/airflow/example_dags/example_skip_dag.py
[2026-01-05T17:42:44.470+0000] {processor.py:925} INFO - DAG(s) 'example_skip_dag' retrieved from /home/airflow/.local/lib/python3.12/site-packages/airflow/example_dags/example_skip_dag.py
[2026-01-05T17:42:44.504+0000] {logging_mixin.py:190} INFO - [2026-01-05T17:42:44.504+0000] {dag.py:3211} INFO - Sync 1 DAGs
[2026-01-05T17:42:44.539+0000] {logging_mixin.py:190} INFO - [2026-01-05T17:42:44.538+0000] {dag.py:4138} INFO - Setting next_dagrun for example_skip_dag to 2026-01-04 00:00:00+00:00, run_after=2026-01-05 00:00:00+00:00
[2026-01-05T17:42:44.563+0000] {processor.py:208} INFO - Processing /home/airflow/.local/lib/python3.12/site-packages/airflow/example_dags/example_skip_dag.py took 0.116 seconds
[2026-01-05T17:43:14.823+0000] {processor.py:186} INFO - Started process (PID=3430) to work on /home/airflow/.local/lib/python3.12/site-packages/airflow/example_dags/example_skip_dag.py
[2026-01-05T17:43:14.825+0000] {processor.py:914} INFO - Processing file /home/airflow/.local/lib/python3.12/site-packages/airflow/example_dags/example_skip_dag.py for tasks to queue
[2026-01-05T17:43:14.829+0000] {logging_mixin.py:190} INFO - [2026-01-05T17:43:14.828+0000] {dagbag.py:587} INFO - Filling up the DagBag from /home/airflow/.local/lib/python3.12/site-packages/airflow/example_dags/example_skip_dag.py
[2026-01-05T17:43:14.839+0000] {processor.py:925} INFO - DAG(s) 'example_skip_dag' retrieved from /home/airflow/.local/lib/python3.12/site-packages/airflow/example_dags/example_skip_dag.py
[2026-01-05T17:43:14.876+0000] {logging_mixin.py:190} INFO - [2026-01-05T17:43:14.875+0000] {dag.py:3211} INFO - Sync 1 DAGs
[2026-01-05T17:43:14.906+0000] {logging_mixin.py:190} INFO - [2026-01-05T17:43:14.906+0000] {dag.py:4138} INFO - Setting next_dagrun for example_skip_dag to 2026-01-04 00:00:00+00:00, run_after=2026-01-05 00:00:00+00:00
[2026-01-05T17:43:14.933+0000] {processor.py:208} INFO - Processing /home/airflow/.local/lib/python3.12/site-packages/airflow/example_dags/example_skip_dag.py took 0.118 seconds
[2026-01-05T17:43:45.019+0000] {processor.py:186} INFO - Started process (PID=3496) to work on /home/airflow/.local/lib/python3.12/site-packages/airflow/example_dags/example_skip_dag.py
[2026-01-05T17:43:45.021+0000] {processor.py:914} INFO - Processing file /home/airflow/.local/lib/python3.12/site-packages/airflow/example_dags/example_skip_dag.py for tasks to queue
[2026-01-05T17:43:45.024+0000] {logging_mixin.py:190} INFO - [2026-01-05T17:43:45.024+0000] {dagbag.py:587} INFO - Filling up the DagBag from /home/airflow/.local/lib/python3.12/site-packages/airflow/example_dags/example_skip_dag.py
[2026-01-05T17:43:45.032+0000] {processor.py:925} INFO - DAG(s) 'example_skip_dag' retrieved from /home/airflow/.local/lib/python3.12/site-packages/airflow/example_dags/example_skip_dag.py
[2026-01-05T17:43:45.057+0000] {logging_mixin.py:190} INFO - [2026-01-05T17:43:45.056+0000] {dag.py:3211} INFO - Sync 1 DAGs
[2026-01-05T17:43:45.091+0000] {logging_mixin.py:190} INFO - [2026-01-05T17:43:45.091+0000] {dag.py:4138} INFO - Setting next_dagrun for example_skip_dag to 2026-01-04 00:00:00+00:00, run_after=2026-01-05 00:00:00+00:00
[2026-01-05T17:43:45.114+0000] {processor.py:208} INFO - Processing /home/airflow/.local/lib/python3.12/site-packages/airflow/example_dags/example_skip_dag.py took 0.104 seconds
[2026-01-05T17:44:15.808+0000] {processor.py:186} INFO - Started process (PID=3562) to work on /home/airflow/.local/lib/python3.12/site-packages/airflow/example_dags/example_skip_dag.py
[2026-01-05T17:44:15.809+0000] {processor.py:914} INFO - Processing file /home/airflow/.local/lib/python3.12/site-packages/airflow/example_dags/example_skip_dag.py for tasks to queue
[2026-01-05T17:44:15.813+0000] {logging_mixin.py:190} INFO - [2026-01-05T17:44:15.813+0000] {dagbag.py:587} INFO - Filling up the DagBag from /home/airflow/.local/lib/python3.12/site-packages/airflow/example_dags/example_skip_dag.py
[2026-01-05T17:44:15.823+0000] {processor.py:925} INFO - DAG(s) 'example_skip_dag' retrieved from /home/airflow/.local/lib/python3.12/site-packages/airflow/example_dags/example_skip_dag.py
[2026-01-05T17:44:15.855+0000] {logging_mixin.py:190} INFO - [2026-01-05T17:44:15.854+0000] {dag.py:3211} INFO - Sync 1 DAGs
[2026-01-05T17:44:15.893+0000] {logging_mixin.py:190} INFO - [2026-01-05T17:44:15.892+0000] {dag.py:4138} INFO - Setting next_dagrun for example_skip_dag to 2026-01-04 00:00:00+00:00, run_after=2026-01-05 00:00:00+00:00
[2026-01-05T17:44:15.923+0000] {processor.py:208} INFO - Processing /home/airflow/.local/lib/python3.12/site-packages/airflow/example_dags/example_skip_dag.py took 0.124 seconds
[2026-01-05T17:44:46.335+0000] {processor.py:186} INFO - Started process (PID=3629) to work on /home/airflow/.local/lib/python3.12/site-packages/airflow/example_dags/example_skip_dag.py
[2026-01-05T17:44:46.337+0000] {processor.py:914} INFO - Processing file /home/airflow/.local/lib/python3.12/site-packages/airflow/example_dags/example_skip_dag.py for tasks to queue
[2026-01-05T17:44:46.342+0000] {logging_mixin.py:190} INFO - [2026-01-05T17:44:46.341+0000] {dagbag.py:587} INFO - Filling up the DagBag from /home/airflow/.local/lib/python3.12/site-packages/airflow/example_dags/example_skip_dag.py
[2026-01-05T17:44:46.351+0000] {processor.py:925} INFO - DAG(s) 'example_skip_dag' retrieved from /home/airflow/.local/lib/python3.12/site-packages/airflow/example_dags/example_skip_dag.py
[2026-01-05T17:44:46.380+0000] {logging_mixin.py:190} INFO - [2026-01-05T17:44:46.380+0000] {dag.py:3211} INFO - Sync 1 DAGs
[2026-01-05T17:44:46.408+0000] {logging_mixin.py:190} INFO - [2026-01-05T17:44:46.408+0000] {dag.py:4138} INFO - Setting next_dagrun for example_skip_dag to 2026-01-04 00:00:00+00:00, run_after=2026-01-05 00:00:00+00:00
[2026-01-05T17:44:46.430+0000] {processor.py:208} INFO - Processing /home/airflow/.local/lib/python3.12/site-packages/airflow/example_dags/example_skip_dag.py took 0.103 seconds
