[2026-01-05T17:17:53.218+0000] {processor.py:186} INFO - Started process (PID=154) to work on /home/airflow/.local/lib/python3.12/site-packages/airflow/example_dags/example_setup_teardown.py
[2026-01-05T17:17:53.221+0000] {processor.py:914} INFO - Processing file /home/airflow/.local/lib/python3.12/site-packages/airflow/example_dags/example_setup_teardown.py for tasks to queue
[2026-01-05T17:17:53.228+0000] {logging_mixin.py:190} INFO - [2026-01-05T17:17:53.227+0000] {dagbag.py:587} INFO - Filling up the DagBag from /home/airflow/.local/lib/python3.12/site-packages/airflow/example_dags/example_setup_teardown.py
[2026-01-05T17:17:53.254+0000] {processor.py:925} INFO - DAG(s) 'example_setup_teardown' retrieved from /home/airflow/.local/lib/python3.12/site-packages/airflow/example_dags/example_setup_teardown.py
[2026-01-05T17:17:53.300+0000] {logging_mixin.py:190} INFO - [2026-01-05T17:17:53.299+0000] {dag.py:3211} INFO - Sync 1 DAGs
[2026-01-05T17:17:53.345+0000] {logging_mixin.py:190} INFO - [2026-01-05T17:17:53.345+0000] {dag.py:4138} INFO - Setting next_dagrun for example_setup_teardown to 2026-01-04 00:00:00+00:00, run_after=2026-01-05 00:00:00+00:00
[2026-01-05T17:17:53.385+0000] {processor.py:208} INFO - Processing /home/airflow/.local/lib/python3.12/site-packages/airflow/example_dags/example_setup_teardown.py took 0.182 seconds
[2026-01-05T17:18:28.265+0000] {processor.py:186} INFO - Started process (PID=227) to work on /home/airflow/.local/lib/python3.12/site-packages/airflow/example_dags/example_setup_teardown.py
[2026-01-05T17:18:28.267+0000] {processor.py:914} INFO - Processing file /home/airflow/.local/lib/python3.12/site-packages/airflow/example_dags/example_setup_teardown.py for tasks to queue
[2026-01-05T17:18:28.273+0000] {logging_mixin.py:190} INFO - [2026-01-05T17:18:28.272+0000] {dagbag.py:587} INFO - Filling up the DagBag from /home/airflow/.local/lib/python3.12/site-packages/airflow/example_dags/example_setup_teardown.py
[2026-01-05T17:18:28.287+0000] {processor.py:925} INFO - DAG(s) 'example_setup_teardown' retrieved from /home/airflow/.local/lib/python3.12/site-packages/airflow/example_dags/example_setup_teardown.py
[2026-01-05T17:18:28.328+0000] {logging_mixin.py:190} INFO - [2026-01-05T17:18:28.327+0000] {dag.py:3211} INFO - Sync 1 DAGs
[2026-01-05T17:18:28.373+0000] {logging_mixin.py:190} INFO - [2026-01-05T17:18:28.373+0000] {dag.py:4138} INFO - Setting next_dagrun for example_setup_teardown to 2026-01-04 00:00:00+00:00, run_after=2026-01-05 00:00:00+00:00
[2026-01-05T17:18:28.404+0000] {processor.py:208} INFO - Processing /home/airflow/.local/lib/python3.12/site-packages/airflow/example_dags/example_setup_teardown.py took 0.149 seconds
[2026-01-05T17:18:58.646+0000] {processor.py:186} INFO - Started process (PID=293) to work on /home/airflow/.local/lib/python3.12/site-packages/airflow/example_dags/example_setup_teardown.py
[2026-01-05T17:18:58.648+0000] {processor.py:914} INFO - Processing file /home/airflow/.local/lib/python3.12/site-packages/airflow/example_dags/example_setup_teardown.py for tasks to queue
[2026-01-05T17:18:58.659+0000] {logging_mixin.py:190} INFO - [2026-01-05T17:18:58.658+0000] {dagbag.py:587} INFO - Filling up the DagBag from /home/airflow/.local/lib/python3.12/site-packages/airflow/example_dags/example_setup_teardown.py
[2026-01-05T17:18:58.673+0000] {processor.py:925} INFO - DAG(s) 'example_setup_teardown' retrieved from /home/airflow/.local/lib/python3.12/site-packages/airflow/example_dags/example_setup_teardown.py
[2026-01-05T17:18:58.714+0000] {logging_mixin.py:190} INFO - [2026-01-05T17:18:58.714+0000] {dag.py:3211} INFO - Sync 1 DAGs
[2026-01-05T17:18:58.741+0000] {logging_mixin.py:190} INFO - [2026-01-05T17:18:58.740+0000] {dag.py:4138} INFO - Setting next_dagrun for example_setup_teardown to 2026-01-04 00:00:00+00:00, run_after=2026-01-05 00:00:00+00:00
[2026-01-05T17:18:58.778+0000] {processor.py:208} INFO - Processing /home/airflow/.local/lib/python3.12/site-packages/airflow/example_dags/example_setup_teardown.py took 0.140 seconds
[2026-01-05T17:19:29.308+0000] {processor.py:186} INFO - Started process (PID=359) to work on /home/airflow/.local/lib/python3.12/site-packages/airflow/example_dags/example_setup_teardown.py
[2026-01-05T17:19:29.310+0000] {processor.py:914} INFO - Processing file /home/airflow/.local/lib/python3.12/site-packages/airflow/example_dags/example_setup_teardown.py for tasks to queue
[2026-01-05T17:19:29.314+0000] {logging_mixin.py:190} INFO - [2026-01-05T17:19:29.313+0000] {dagbag.py:587} INFO - Filling up the DagBag from /home/airflow/.local/lib/python3.12/site-packages/airflow/example_dags/example_setup_teardown.py
[2026-01-05T17:19:29.327+0000] {processor.py:925} INFO - DAG(s) 'example_setup_teardown' retrieved from /home/airflow/.local/lib/python3.12/site-packages/airflow/example_dags/example_setup_teardown.py
[2026-01-05T17:19:29.367+0000] {logging_mixin.py:190} INFO - [2026-01-05T17:19:29.367+0000] {dag.py:3211} INFO - Sync 1 DAGs
[2026-01-05T17:19:29.398+0000] {logging_mixin.py:190} INFO - [2026-01-05T17:19:29.398+0000] {dag.py:4138} INFO - Setting next_dagrun for example_setup_teardown to 2026-01-04 00:00:00+00:00, run_after=2026-01-05 00:00:00+00:00
[2026-01-05T17:19:29.420+0000] {processor.py:208} INFO - Processing /home/airflow/.local/lib/python3.12/site-packages/airflow/example_dags/example_setup_teardown.py took 0.121 seconds
[2026-01-05T17:20:00.089+0000] {processor.py:186} INFO - Started process (PID=425) to work on /home/airflow/.local/lib/python3.12/site-packages/airflow/example_dags/example_setup_teardown.py
[2026-01-05T17:20:00.091+0000] {processor.py:914} INFO - Processing file /home/airflow/.local/lib/python3.12/site-packages/airflow/example_dags/example_setup_teardown.py for tasks to queue
[2026-01-05T17:20:00.095+0000] {logging_mixin.py:190} INFO - [2026-01-05T17:20:00.094+0000] {dagbag.py:587} INFO - Filling up the DagBag from /home/airflow/.local/lib/python3.12/site-packages/airflow/example_dags/example_setup_teardown.py
[2026-01-05T17:20:00.106+0000] {processor.py:925} INFO - DAG(s) 'example_setup_teardown' retrieved from /home/airflow/.local/lib/python3.12/site-packages/airflow/example_dags/example_setup_teardown.py
[2026-01-05T17:20:00.137+0000] {logging_mixin.py:190} INFO - [2026-01-05T17:20:00.137+0000] {dag.py:3211} INFO - Sync 1 DAGs
[2026-01-05T17:20:00.176+0000] {logging_mixin.py:190} INFO - [2026-01-05T17:20:00.175+0000] {dag.py:4138} INFO - Setting next_dagrun for example_setup_teardown to 2026-01-04 00:00:00+00:00, run_after=2026-01-05 00:00:00+00:00
[2026-01-05T17:20:00.202+0000] {processor.py:208} INFO - Processing /home/airflow/.local/lib/python3.12/site-packages/airflow/example_dags/example_setup_teardown.py took 0.123 seconds
[2026-01-05T17:20:31.675+0000] {processor.py:186} INFO - Started process (PID=491) to work on /home/airflow/.local/lib/python3.12/site-packages/airflow/example_dags/example_setup_teardown.py
[2026-01-05T17:20:31.705+0000] {processor.py:914} INFO - Processing file /home/airflow/.local/lib/python3.12/site-packages/airflow/example_dags/example_setup_teardown.py for tasks to queue
[2026-01-05T17:20:31.713+0000] {logging_mixin.py:190} INFO - [2026-01-05T17:20:31.711+0000] {dagbag.py:587} INFO - Filling up the DagBag from /home/airflow/.local/lib/python3.12/site-packages/airflow/example_dags/example_setup_teardown.py
[2026-01-05T17:20:31.745+0000] {processor.py:925} INFO - DAG(s) 'example_setup_teardown' retrieved from /home/airflow/.local/lib/python3.12/site-packages/airflow/example_dags/example_setup_teardown.py
[2026-01-05T17:20:31.868+0000] {logging_mixin.py:190} INFO - [2026-01-05T17:20:31.867+0000] {dag.py:3211} INFO - Sync 1 DAGs
[2026-01-05T17:20:31.999+0000] {logging_mixin.py:190} INFO - [2026-01-05T17:20:31.999+0000] {dag.py:4138} INFO - Setting next_dagrun for example_setup_teardown to 2026-01-04 00:00:00+00:00, run_after=2026-01-05 00:00:00+00:00
[2026-01-05T17:20:32.054+0000] {processor.py:208} INFO - Processing /home/airflow/.local/lib/python3.12/site-packages/airflow/example_dags/example_setup_teardown.py took 0.407 seconds
[2026-01-05T17:21:02.511+0000] {processor.py:186} INFO - Started process (PID=557) to work on /home/airflow/.local/lib/python3.12/site-packages/airflow/example_dags/example_setup_teardown.py
[2026-01-05T17:21:02.513+0000] {processor.py:914} INFO - Processing file /home/airflow/.local/lib/python3.12/site-packages/airflow/example_dags/example_setup_teardown.py for tasks to queue
[2026-01-05T17:21:02.519+0000] {logging_mixin.py:190} INFO - [2026-01-05T17:21:02.518+0000] {dagbag.py:587} INFO - Filling up the DagBag from /home/airflow/.local/lib/python3.12/site-packages/airflow/example_dags/example_setup_teardown.py
[2026-01-05T17:21:02.537+0000] {processor.py:925} INFO - DAG(s) 'example_setup_teardown' retrieved from /home/airflow/.local/lib/python3.12/site-packages/airflow/example_dags/example_setup_teardown.py
[2026-01-05T17:21:02.571+0000] {logging_mixin.py:190} INFO - [2026-01-05T17:21:02.571+0000] {dag.py:3211} INFO - Sync 1 DAGs
[2026-01-05T17:21:02.603+0000] {logging_mixin.py:190} INFO - [2026-01-05T17:21:02.602+0000] {dag.py:4138} INFO - Setting next_dagrun for example_setup_teardown to 2026-01-04 00:00:00+00:00, run_after=2026-01-05 00:00:00+00:00
[2026-01-05T17:21:02.627+0000] {processor.py:208} INFO - Processing /home/airflow/.local/lib/python3.12/site-packages/airflow/example_dags/example_setup_teardown.py took 0.128 seconds
[2026-01-05T17:21:32.772+0000] {processor.py:186} INFO - Started process (PID=623) to work on /home/airflow/.local/lib/python3.12/site-packages/airflow/example_dags/example_setup_teardown.py
[2026-01-05T17:21:32.773+0000] {processor.py:914} INFO - Processing file /home/airflow/.local/lib/python3.12/site-packages/airflow/example_dags/example_setup_teardown.py for tasks to queue
[2026-01-05T17:21:32.776+0000] {logging_mixin.py:190} INFO - [2026-01-05T17:21:32.776+0000] {dagbag.py:587} INFO - Filling up the DagBag from /home/airflow/.local/lib/python3.12/site-packages/airflow/example_dags/example_setup_teardown.py
[2026-01-05T17:21:32.786+0000] {processor.py:925} INFO - DAG(s) 'example_setup_teardown' retrieved from /home/airflow/.local/lib/python3.12/site-packages/airflow/example_dags/example_setup_teardown.py
[2026-01-05T17:21:32.822+0000] {logging_mixin.py:190} INFO - [2026-01-05T17:21:32.822+0000] {dag.py:3211} INFO - Sync 1 DAGs
[2026-01-05T17:21:32.849+0000] {logging_mixin.py:190} INFO - [2026-01-05T17:21:32.849+0000] {dag.py:4138} INFO - Setting next_dagrun for example_setup_teardown to 2026-01-04 00:00:00+00:00, run_after=2026-01-05 00:00:00+00:00
[2026-01-05T17:21:32.871+0000] {processor.py:208} INFO - Processing /home/airflow/.local/lib/python3.12/site-packages/airflow/example_dags/example_setup_teardown.py took 0.105 seconds
[2026-01-05T17:22:03.782+0000] {processor.py:186} INFO - Started process (PID=689) to work on /home/airflow/.local/lib/python3.12/site-packages/airflow/example_dags/example_setup_teardown.py
[2026-01-05T17:22:03.784+0000] {processor.py:914} INFO - Processing file /home/airflow/.local/lib/python3.12/site-packages/airflow/example_dags/example_setup_teardown.py for tasks to queue
[2026-01-05T17:22:03.787+0000] {logging_mixin.py:190} INFO - [2026-01-05T17:22:03.787+0000] {dagbag.py:587} INFO - Filling up the DagBag from /home/airflow/.local/lib/python3.12/site-packages/airflow/example_dags/example_setup_teardown.py
[2026-01-05T17:22:03.797+0000] {processor.py:925} INFO - DAG(s) 'example_setup_teardown' retrieved from /home/airflow/.local/lib/python3.12/site-packages/airflow/example_dags/example_setup_teardown.py
[2026-01-05T17:22:03.822+0000] {logging_mixin.py:190} INFO - [2026-01-05T17:22:03.822+0000] {dag.py:3211} INFO - Sync 1 DAGs
[2026-01-05T17:22:03.861+0000] {logging_mixin.py:190} INFO - [2026-01-05T17:22:03.860+0000] {dag.py:4138} INFO - Setting next_dagrun for example_setup_teardown to 2026-01-04 00:00:00+00:00, run_after=2026-01-05 00:00:00+00:00
[2026-01-05T17:22:03.888+0000] {processor.py:208} INFO - Processing /home/airflow/.local/lib/python3.12/site-packages/airflow/example_dags/example_setup_teardown.py took 0.115 seconds
[2026-01-05T17:22:34.208+0000] {processor.py:186} INFO - Started process (PID=755) to work on /home/airflow/.local/lib/python3.12/site-packages/airflow/example_dags/example_setup_teardown.py
[2026-01-05T17:22:34.210+0000] {processor.py:914} INFO - Processing file /home/airflow/.local/lib/python3.12/site-packages/airflow/example_dags/example_setup_teardown.py for tasks to queue
[2026-01-05T17:22:34.214+0000] {logging_mixin.py:190} INFO - [2026-01-05T17:22:34.213+0000] {dagbag.py:587} INFO - Filling up the DagBag from /home/airflow/.local/lib/python3.12/site-packages/airflow/example_dags/example_setup_teardown.py
[2026-01-05T17:22:34.227+0000] {processor.py:925} INFO - DAG(s) 'example_setup_teardown' retrieved from /home/airflow/.local/lib/python3.12/site-packages/airflow/example_dags/example_setup_teardown.py
[2026-01-05T17:22:34.266+0000] {logging_mixin.py:190} INFO - [2026-01-05T17:22:34.265+0000] {dag.py:3211} INFO - Sync 1 DAGs
[2026-01-05T17:22:34.323+0000] {logging_mixin.py:190} INFO - [2026-01-05T17:22:34.323+0000] {dag.py:4138} INFO - Setting next_dagrun for example_setup_teardown to 2026-01-04 00:00:00+00:00, run_after=2026-01-05 00:00:00+00:00
[2026-01-05T17:22:34.367+0000] {processor.py:208} INFO - Processing /home/airflow/.local/lib/python3.12/site-packages/airflow/example_dags/example_setup_teardown.py took 0.169 seconds
[2026-01-05T17:23:04.621+0000] {processor.py:186} INFO - Started process (PID=821) to work on /home/airflow/.local/lib/python3.12/site-packages/airflow/example_dags/example_setup_teardown.py
[2026-01-05T17:23:04.622+0000] {processor.py:914} INFO - Processing file /home/airflow/.local/lib/python3.12/site-packages/airflow/example_dags/example_setup_teardown.py for tasks to queue
[2026-01-05T17:23:04.626+0000] {logging_mixin.py:190} INFO - [2026-01-05T17:23:04.625+0000] {dagbag.py:587} INFO - Filling up the DagBag from /home/airflow/.local/lib/python3.12/site-packages/airflow/example_dags/example_setup_teardown.py
[2026-01-05T17:23:04.637+0000] {processor.py:925} INFO - DAG(s) 'example_setup_teardown' retrieved from /home/airflow/.local/lib/python3.12/site-packages/airflow/example_dags/example_setup_teardown.py
[2026-01-05T17:23:04.666+0000] {logging_mixin.py:190} INFO - [2026-01-05T17:23:04.666+0000] {dag.py:3211} INFO - Sync 1 DAGs
[2026-01-05T17:23:04.699+0000] {logging_mixin.py:190} INFO - [2026-01-05T17:23:04.699+0000] {dag.py:4138} INFO - Setting next_dagrun for example_setup_teardown to 2026-01-04 00:00:00+00:00, run_after=2026-01-05 00:00:00+00:00
[2026-01-05T17:23:04.726+0000] {processor.py:208} INFO - Processing /home/airflow/.local/lib/python3.12/site-packages/airflow/example_dags/example_setup_teardown.py took 0.112 seconds
[2026-01-05T17:23:34.894+0000] {processor.py:186} INFO - Started process (PID=888) to work on /home/airflow/.local/lib/python3.12/site-packages/airflow/example_dags/example_setup_teardown.py
[2026-01-05T17:23:34.895+0000] {processor.py:914} INFO - Processing file /home/airflow/.local/lib/python3.12/site-packages/airflow/example_dags/example_setup_teardown.py for tasks to queue
[2026-01-05T17:23:34.898+0000] {logging_mixin.py:190} INFO - [2026-01-05T17:23:34.897+0000] {dagbag.py:587} INFO - Filling up the DagBag from /home/airflow/.local/lib/python3.12/site-packages/airflow/example_dags/example_setup_teardown.py
[2026-01-05T17:23:34.904+0000] {processor.py:925} INFO - DAG(s) 'example_setup_teardown' retrieved from /home/airflow/.local/lib/python3.12/site-packages/airflow/example_dags/example_setup_teardown.py
[2026-01-05T17:23:34.926+0000] {logging_mixin.py:190} INFO - [2026-01-05T17:23:34.926+0000] {dag.py:3211} INFO - Sync 1 DAGs
[2026-01-05T17:23:34.948+0000] {logging_mixin.py:190} INFO - [2026-01-05T17:23:34.948+0000] {dag.py:4138} INFO - Setting next_dagrun for example_setup_teardown to 2026-01-04 00:00:00+00:00, run_after=2026-01-05 00:00:00+00:00
[2026-01-05T17:23:34.969+0000] {processor.py:208} INFO - Processing /home/airflow/.local/lib/python3.12/site-packages/airflow/example_dags/example_setup_teardown.py took 0.081 seconds
[2026-01-05T17:24:05.179+0000] {processor.py:186} INFO - Started process (PID=954) to work on /home/airflow/.local/lib/python3.12/site-packages/airflow/example_dags/example_setup_teardown.py
[2026-01-05T17:24:05.180+0000] {processor.py:914} INFO - Processing file /home/airflow/.local/lib/python3.12/site-packages/airflow/example_dags/example_setup_teardown.py for tasks to queue
[2026-01-05T17:24:05.185+0000] {logging_mixin.py:190} INFO - [2026-01-05T17:24:05.184+0000] {dagbag.py:587} INFO - Filling up the DagBag from /home/airflow/.local/lib/python3.12/site-packages/airflow/example_dags/example_setup_teardown.py
[2026-01-05T17:24:05.194+0000] {processor.py:925} INFO - DAG(s) 'example_setup_teardown' retrieved from /home/airflow/.local/lib/python3.12/site-packages/airflow/example_dags/example_setup_teardown.py
[2026-01-05T17:24:05.221+0000] {logging_mixin.py:190} INFO - [2026-01-05T17:24:05.221+0000] {dag.py:3211} INFO - Sync 1 DAGs
[2026-01-05T17:24:05.245+0000] {logging_mixin.py:190} INFO - [2026-01-05T17:24:05.244+0000] {dag.py:4138} INFO - Setting next_dagrun for example_setup_teardown to 2026-01-04 00:00:00+00:00, run_after=2026-01-05 00:00:00+00:00
[2026-01-05T17:24:05.276+0000] {processor.py:208} INFO - Processing /home/airflow/.local/lib/python3.12/site-packages/airflow/example_dags/example_setup_teardown.py took 0.104 seconds
[2026-01-05T17:24:35.827+0000] {processor.py:186} INFO - Started process (PID=1019) to work on /home/airflow/.local/lib/python3.12/site-packages/airflow/example_dags/example_setup_teardown.py
[2026-01-05T17:24:35.830+0000] {processor.py:914} INFO - Processing file /home/airflow/.local/lib/python3.12/site-packages/airflow/example_dags/example_setup_teardown.py for tasks to queue
[2026-01-05T17:24:35.834+0000] {logging_mixin.py:190} INFO - [2026-01-05T17:24:35.833+0000] {dagbag.py:587} INFO - Filling up the DagBag from /home/airflow/.local/lib/python3.12/site-packages/airflow/example_dags/example_setup_teardown.py
[2026-01-05T17:24:35.843+0000] {processor.py:925} INFO - DAG(s) 'example_setup_teardown' retrieved from /home/airflow/.local/lib/python3.12/site-packages/airflow/example_dags/example_setup_teardown.py
[2026-01-05T17:24:35.865+0000] {logging_mixin.py:190} INFO - [2026-01-05T17:24:35.865+0000] {dag.py:3211} INFO - Sync 1 DAGs
[2026-01-05T17:24:35.890+0000] {logging_mixin.py:190} INFO - [2026-01-05T17:24:35.890+0000] {dag.py:4138} INFO - Setting next_dagrun for example_setup_teardown to 2026-01-04 00:00:00+00:00, run_after=2026-01-05 00:00:00+00:00
[2026-01-05T17:24:35.917+0000] {processor.py:208} INFO - Processing /home/airflow/.local/lib/python3.12/site-packages/airflow/example_dags/example_setup_teardown.py took 0.097 seconds
[2026-01-05T17:25:06.288+0000] {processor.py:186} INFO - Started process (PID=1085) to work on /home/airflow/.local/lib/python3.12/site-packages/airflow/example_dags/example_setup_teardown.py
[2026-01-05T17:25:06.289+0000] {processor.py:914} INFO - Processing file /home/airflow/.local/lib/python3.12/site-packages/airflow/example_dags/example_setup_teardown.py for tasks to queue
[2026-01-05T17:25:06.292+0000] {logging_mixin.py:190} INFO - [2026-01-05T17:25:06.291+0000] {dagbag.py:587} INFO - Filling up the DagBag from /home/airflow/.local/lib/python3.12/site-packages/airflow/example_dags/example_setup_teardown.py
[2026-01-05T17:25:06.299+0000] {processor.py:925} INFO - DAG(s) 'example_setup_teardown' retrieved from /home/airflow/.local/lib/python3.12/site-packages/airflow/example_dags/example_setup_teardown.py
[2026-01-05T17:25:06.323+0000] {logging_mixin.py:190} INFO - [2026-01-05T17:25:06.323+0000] {dag.py:3211} INFO - Sync 1 DAGs
[2026-01-05T17:25:06.348+0000] {logging_mixin.py:190} INFO - [2026-01-05T17:25:06.348+0000] {dag.py:4138} INFO - Setting next_dagrun for example_setup_teardown to 2026-01-04 00:00:00+00:00, run_after=2026-01-05 00:00:00+00:00
[2026-01-05T17:25:06.367+0000] {processor.py:208} INFO - Processing /home/airflow/.local/lib/python3.12/site-packages/airflow/example_dags/example_setup_teardown.py took 0.086 seconds
[2026-01-05T17:25:36.987+0000] {processor.py:186} INFO - Started process (PID=1151) to work on /home/airflow/.local/lib/python3.12/site-packages/airflow/example_dags/example_setup_teardown.py
[2026-01-05T17:25:36.989+0000] {processor.py:914} INFO - Processing file /home/airflow/.local/lib/python3.12/site-packages/airflow/example_dags/example_setup_teardown.py for tasks to queue
[2026-01-05T17:25:36.994+0000] {logging_mixin.py:190} INFO - [2026-01-05T17:25:36.993+0000] {dagbag.py:587} INFO - Filling up the DagBag from /home/airflow/.local/lib/python3.12/site-packages/airflow/example_dags/example_setup_teardown.py
[2026-01-05T17:25:37.005+0000] {processor.py:925} INFO - DAG(s) 'example_setup_teardown' retrieved from /home/airflow/.local/lib/python3.12/site-packages/airflow/example_dags/example_setup_teardown.py
[2026-01-05T17:25:37.043+0000] {logging_mixin.py:190} INFO - [2026-01-05T17:25:37.041+0000] {dag.py:3211} INFO - Sync 1 DAGs
[2026-01-05T17:25:37.084+0000] {logging_mixin.py:190} INFO - [2026-01-05T17:25:37.084+0000] {dag.py:4138} INFO - Setting next_dagrun for example_setup_teardown to 2026-01-04 00:00:00+00:00, run_after=2026-01-05 00:00:00+00:00
[2026-01-05T17:25:37.120+0000] {processor.py:208} INFO - Processing /home/airflow/.local/lib/python3.12/site-packages/airflow/example_dags/example_setup_teardown.py took 0.148 seconds
[2026-01-05T17:26:07.424+0000] {processor.py:186} INFO - Started process (PID=1217) to work on /home/airflow/.local/lib/python3.12/site-packages/airflow/example_dags/example_setup_teardown.py
[2026-01-05T17:26:07.426+0000] {processor.py:914} INFO - Processing file /home/airflow/.local/lib/python3.12/site-packages/airflow/example_dags/example_setup_teardown.py for tasks to queue
[2026-01-05T17:26:07.430+0000] {logging_mixin.py:190} INFO - [2026-01-05T17:26:07.429+0000] {dagbag.py:587} INFO - Filling up the DagBag from /home/airflow/.local/lib/python3.12/site-packages/airflow/example_dags/example_setup_teardown.py
[2026-01-05T17:26:07.439+0000] {processor.py:925} INFO - DAG(s) 'example_setup_teardown' retrieved from /home/airflow/.local/lib/python3.12/site-packages/airflow/example_dags/example_setup_teardown.py
[2026-01-05T17:26:07.465+0000] {logging_mixin.py:190} INFO - [2026-01-05T17:26:07.464+0000] {dag.py:3211} INFO - Sync 1 DAGs
[2026-01-05T17:26:07.497+0000] {logging_mixin.py:190} INFO - [2026-01-05T17:26:07.497+0000] {dag.py:4138} INFO - Setting next_dagrun for example_setup_teardown to 2026-01-04 00:00:00+00:00, run_after=2026-01-05 00:00:00+00:00
[2026-01-05T17:26:07.522+0000] {processor.py:208} INFO - Processing /home/airflow/.local/lib/python3.12/site-packages/airflow/example_dags/example_setup_teardown.py took 0.105 seconds
[2026-01-05T17:26:38.013+0000] {processor.py:186} INFO - Started process (PID=1283) to work on /home/airflow/.local/lib/python3.12/site-packages/airflow/example_dags/example_setup_teardown.py
[2026-01-05T17:26:38.014+0000] {processor.py:914} INFO - Processing file /home/airflow/.local/lib/python3.12/site-packages/airflow/example_dags/example_setup_teardown.py for tasks to queue
[2026-01-05T17:26:38.017+0000] {logging_mixin.py:190} INFO - [2026-01-05T17:26:38.017+0000] {dagbag.py:587} INFO - Filling up the DagBag from /home/airflow/.local/lib/python3.12/site-packages/airflow/example_dags/example_setup_teardown.py
[2026-01-05T17:26:38.026+0000] {processor.py:925} INFO - DAG(s) 'example_setup_teardown' retrieved from /home/airflow/.local/lib/python3.12/site-packages/airflow/example_dags/example_setup_teardown.py
[2026-01-05T17:26:38.055+0000] {logging_mixin.py:190} INFO - [2026-01-05T17:26:38.055+0000] {dag.py:3211} INFO - Sync 1 DAGs
[2026-01-05T17:26:38.080+0000] {logging_mixin.py:190} INFO - [2026-01-05T17:26:38.080+0000] {dag.py:4138} INFO - Setting next_dagrun for example_setup_teardown to 2026-01-04 00:00:00+00:00, run_after=2026-01-05 00:00:00+00:00
[2026-01-05T17:26:38.100+0000] {processor.py:208} INFO - Processing /home/airflow/.local/lib/python3.12/site-packages/airflow/example_dags/example_setup_teardown.py took 0.093 seconds
[2026-01-05T17:27:08.609+0000] {processor.py:186} INFO - Started process (PID=1349) to work on /home/airflow/.local/lib/python3.12/site-packages/airflow/example_dags/example_setup_teardown.py
[2026-01-05T17:27:08.612+0000] {processor.py:914} INFO - Processing file /home/airflow/.local/lib/python3.12/site-packages/airflow/example_dags/example_setup_teardown.py for tasks to queue
[2026-01-05T17:27:08.616+0000] {logging_mixin.py:190} INFO - [2026-01-05T17:27:08.615+0000] {dagbag.py:587} INFO - Filling up the DagBag from /home/airflow/.local/lib/python3.12/site-packages/airflow/example_dags/example_setup_teardown.py
[2026-01-05T17:27:08.623+0000] {processor.py:925} INFO - DAG(s) 'example_setup_teardown' retrieved from /home/airflow/.local/lib/python3.12/site-packages/airflow/example_dags/example_setup_teardown.py
[2026-01-05T17:27:08.648+0000] {logging_mixin.py:190} INFO - [2026-01-05T17:27:08.648+0000] {dag.py:3211} INFO - Sync 1 DAGs
[2026-01-05T17:27:08.680+0000] {logging_mixin.py:190} INFO - [2026-01-05T17:27:08.680+0000] {dag.py:4138} INFO - Setting next_dagrun for example_setup_teardown to 2026-01-04 00:00:00+00:00, run_after=2026-01-05 00:00:00+00:00
[2026-01-05T17:27:08.707+0000] {processor.py:208} INFO - Processing /home/airflow/.local/lib/python3.12/site-packages/airflow/example_dags/example_setup_teardown.py took 0.104 seconds
[2026-01-05T17:27:39.622+0000] {processor.py:186} INFO - Started process (PID=1415) to work on /home/airflow/.local/lib/python3.12/site-packages/airflow/example_dags/example_setup_teardown.py
[2026-01-05T17:27:39.624+0000] {processor.py:914} INFO - Processing file /home/airflow/.local/lib/python3.12/site-packages/airflow/example_dags/example_setup_teardown.py for tasks to queue
[2026-01-05T17:27:39.628+0000] {logging_mixin.py:190} INFO - [2026-01-05T17:27:39.628+0000] {dagbag.py:587} INFO - Filling up the DagBag from /home/airflow/.local/lib/python3.12/site-packages/airflow/example_dags/example_setup_teardown.py
[2026-01-05T17:27:39.642+0000] {processor.py:925} INFO - DAG(s) 'example_setup_teardown' retrieved from /home/airflow/.local/lib/python3.12/site-packages/airflow/example_dags/example_setup_teardown.py
[2026-01-05T17:27:39.676+0000] {logging_mixin.py:190} INFO - [2026-01-05T17:27:39.675+0000] {dag.py:3211} INFO - Sync 1 DAGs
[2026-01-05T17:27:39.714+0000] {logging_mixin.py:190} INFO - [2026-01-05T17:27:39.714+0000] {dag.py:4138} INFO - Setting next_dagrun for example_setup_teardown to 2026-01-04 00:00:00+00:00, run_after=2026-01-05 00:00:00+00:00
[2026-01-05T17:27:39.743+0000] {processor.py:208} INFO - Processing /home/airflow/.local/lib/python3.12/site-packages/airflow/example_dags/example_setup_teardown.py took 0.128 seconds
[2026-01-05T17:28:10.257+0000] {processor.py:186} INFO - Started process (PID=1481) to work on /home/airflow/.local/lib/python3.12/site-packages/airflow/example_dags/example_setup_teardown.py
[2026-01-05T17:28:10.259+0000] {processor.py:914} INFO - Processing file /home/airflow/.local/lib/python3.12/site-packages/airflow/example_dags/example_setup_teardown.py for tasks to queue
[2026-01-05T17:28:10.263+0000] {logging_mixin.py:190} INFO - [2026-01-05T17:28:10.262+0000] {dagbag.py:587} INFO - Filling up the DagBag from /home/airflow/.local/lib/python3.12/site-packages/airflow/example_dags/example_setup_teardown.py
[2026-01-05T17:28:10.274+0000] {processor.py:925} INFO - DAG(s) 'example_setup_teardown' retrieved from /home/airflow/.local/lib/python3.12/site-packages/airflow/example_dags/example_setup_teardown.py
[2026-01-05T17:28:10.302+0000] {logging_mixin.py:190} INFO - [2026-01-05T17:28:10.301+0000] {dag.py:3211} INFO - Sync 1 DAGs
[2026-01-05T17:28:10.337+0000] {logging_mixin.py:190} INFO - [2026-01-05T17:28:10.337+0000] {dag.py:4138} INFO - Setting next_dagrun for example_setup_teardown to 2026-01-04 00:00:00+00:00, run_after=2026-01-05 00:00:00+00:00
[2026-01-05T17:28:10.373+0000] {processor.py:208} INFO - Processing /home/airflow/.local/lib/python3.12/site-packages/airflow/example_dags/example_setup_teardown.py took 0.125 seconds
[2026-01-05T17:28:41.344+0000] {processor.py:186} INFO - Started process (PID=1547) to work on /home/airflow/.local/lib/python3.12/site-packages/airflow/example_dags/example_setup_teardown.py
[2026-01-05T17:28:41.347+0000] {processor.py:914} INFO - Processing file /home/airflow/.local/lib/python3.12/site-packages/airflow/example_dags/example_setup_teardown.py for tasks to queue
[2026-01-05T17:28:41.351+0000] {logging_mixin.py:190} INFO - [2026-01-05T17:28:41.351+0000] {dagbag.py:587} INFO - Filling up the DagBag from /home/airflow/.local/lib/python3.12/site-packages/airflow/example_dags/example_setup_teardown.py
[2026-01-05T17:28:41.364+0000] {processor.py:925} INFO - DAG(s) 'example_setup_teardown' retrieved from /home/airflow/.local/lib/python3.12/site-packages/airflow/example_dags/example_setup_teardown.py
[2026-01-05T17:28:41.400+0000] {logging_mixin.py:190} INFO - [2026-01-05T17:28:41.399+0000] {dag.py:3211} INFO - Sync 1 DAGs
[2026-01-05T17:28:41.442+0000] {logging_mixin.py:190} INFO - [2026-01-05T17:28:41.442+0000] {dag.py:4138} INFO - Setting next_dagrun for example_setup_teardown to 2026-01-04 00:00:00+00:00, run_after=2026-01-05 00:00:00+00:00
[2026-01-05T17:28:41.478+0000] {processor.py:208} INFO - Processing /home/airflow/.local/lib/python3.12/site-packages/airflow/example_dags/example_setup_teardown.py took 0.144 seconds
[2026-01-05T17:29:11.956+0000] {processor.py:186} INFO - Started process (PID=1613) to work on /home/airflow/.local/lib/python3.12/site-packages/airflow/example_dags/example_setup_teardown.py
[2026-01-05T17:29:11.958+0000] {processor.py:914} INFO - Processing file /home/airflow/.local/lib/python3.12/site-packages/airflow/example_dags/example_setup_teardown.py for tasks to queue
[2026-01-05T17:29:11.966+0000] {logging_mixin.py:190} INFO - [2026-01-05T17:29:11.965+0000] {dagbag.py:587} INFO - Filling up the DagBag from /home/airflow/.local/lib/python3.12/site-packages/airflow/example_dags/example_setup_teardown.py
[2026-01-05T17:29:11.975+0000] {processor.py:925} INFO - DAG(s) 'example_setup_teardown' retrieved from /home/airflow/.local/lib/python3.12/site-packages/airflow/example_dags/example_setup_teardown.py
[2026-01-05T17:29:12.000+0000] {logging_mixin.py:190} INFO - [2026-01-05T17:29:12.000+0000] {dag.py:3211} INFO - Sync 1 DAGs
[2026-01-05T17:29:12.026+0000] {logging_mixin.py:190} INFO - [2026-01-05T17:29:12.026+0000] {dag.py:4138} INFO - Setting next_dagrun for example_setup_teardown to 2026-01-04 00:00:00+00:00, run_after=2026-01-05 00:00:00+00:00
[2026-01-05T17:29:12.047+0000] {processor.py:208} INFO - Processing /home/airflow/.local/lib/python3.12/site-packages/airflow/example_dags/example_setup_teardown.py took 0.101 seconds
[2026-01-05T17:29:42.650+0000] {processor.py:186} INFO - Started process (PID=1679) to work on /home/airflow/.local/lib/python3.12/site-packages/airflow/example_dags/example_setup_teardown.py
[2026-01-05T17:29:42.652+0000] {processor.py:914} INFO - Processing file /home/airflow/.local/lib/python3.12/site-packages/airflow/example_dags/example_setup_teardown.py for tasks to queue
[2026-01-05T17:29:42.659+0000] {logging_mixin.py:190} INFO - [2026-01-05T17:29:42.658+0000] {dagbag.py:587} INFO - Filling up the DagBag from /home/airflow/.local/lib/python3.12/site-packages/airflow/example_dags/example_setup_teardown.py
[2026-01-05T17:29:42.668+0000] {processor.py:925} INFO - DAG(s) 'example_setup_teardown' retrieved from /home/airflow/.local/lib/python3.12/site-packages/airflow/example_dags/example_setup_teardown.py
[2026-01-05T17:29:42.694+0000] {logging_mixin.py:190} INFO - [2026-01-05T17:29:42.694+0000] {dag.py:3211} INFO - Sync 1 DAGs
[2026-01-05T17:29:42.722+0000] {logging_mixin.py:190} INFO - [2026-01-05T17:29:42.721+0000] {dag.py:4138} INFO - Setting next_dagrun for example_setup_teardown to 2026-01-04 00:00:00+00:00, run_after=2026-01-05 00:00:00+00:00
[2026-01-05T17:29:42.747+0000] {processor.py:208} INFO - Processing /home/airflow/.local/lib/python3.12/site-packages/airflow/example_dags/example_setup_teardown.py took 0.105 seconds
[2026-01-05T17:30:13.292+0000] {processor.py:186} INFO - Started process (PID=1745) to work on /home/airflow/.local/lib/python3.12/site-packages/airflow/example_dags/example_setup_teardown.py
[2026-01-05T17:30:13.294+0000] {processor.py:914} INFO - Processing file /home/airflow/.local/lib/python3.12/site-packages/airflow/example_dags/example_setup_teardown.py for tasks to queue
[2026-01-05T17:30:13.298+0000] {logging_mixin.py:190} INFO - [2026-01-05T17:30:13.297+0000] {dagbag.py:587} INFO - Filling up the DagBag from /home/airflow/.local/lib/python3.12/site-packages/airflow/example_dags/example_setup_teardown.py
[2026-01-05T17:30:13.306+0000] {processor.py:925} INFO - DAG(s) 'example_setup_teardown' retrieved from /home/airflow/.local/lib/python3.12/site-packages/airflow/example_dags/example_setup_teardown.py
[2026-01-05T17:30:13.338+0000] {logging_mixin.py:190} INFO - [2026-01-05T17:30:13.337+0000] {dag.py:3211} INFO - Sync 1 DAGs
[2026-01-05T17:30:13.364+0000] {logging_mixin.py:190} INFO - [2026-01-05T17:30:13.364+0000] {dag.py:4138} INFO - Setting next_dagrun for example_setup_teardown to 2026-01-04 00:00:00+00:00, run_after=2026-01-05 00:00:00+00:00
[2026-01-05T17:30:13.387+0000] {processor.py:208} INFO - Processing /home/airflow/.local/lib/python3.12/site-packages/airflow/example_dags/example_setup_teardown.py took 0.105 seconds
[2026-01-05T17:30:44.302+0000] {processor.py:186} INFO - Started process (PID=1812) to work on /home/airflow/.local/lib/python3.12/site-packages/airflow/example_dags/example_setup_teardown.py
[2026-01-05T17:30:44.304+0000] {processor.py:914} INFO - Processing file /home/airflow/.local/lib/python3.12/site-packages/airflow/example_dags/example_setup_teardown.py for tasks to queue
[2026-01-05T17:30:44.308+0000] {logging_mixin.py:190} INFO - [2026-01-05T17:30:44.307+0000] {dagbag.py:587} INFO - Filling up the DagBag from /home/airflow/.local/lib/python3.12/site-packages/airflow/example_dags/example_setup_teardown.py
[2026-01-05T17:30:44.316+0000] {processor.py:925} INFO - DAG(s) 'example_setup_teardown' retrieved from /home/airflow/.local/lib/python3.12/site-packages/airflow/example_dags/example_setup_teardown.py
[2026-01-05T17:30:44.342+0000] {logging_mixin.py:190} INFO - [2026-01-05T17:30:44.341+0000] {dag.py:3211} INFO - Sync 1 DAGs
[2026-01-05T17:30:44.371+0000] {logging_mixin.py:190} INFO - [2026-01-05T17:30:44.371+0000] {dag.py:4138} INFO - Setting next_dagrun for example_setup_teardown to 2026-01-04 00:00:00+00:00, run_after=2026-01-05 00:00:00+00:00
[2026-01-05T17:30:44.398+0000] {processor.py:208} INFO - Processing /home/airflow/.local/lib/python3.12/site-packages/airflow/example_dags/example_setup_teardown.py took 0.103 seconds
[2026-01-05T17:31:14.978+0000] {processor.py:186} INFO - Started process (PID=1878) to work on /home/airflow/.local/lib/python3.12/site-packages/airflow/example_dags/example_setup_teardown.py
[2026-01-05T17:31:14.980+0000] {processor.py:914} INFO - Processing file /home/airflow/.local/lib/python3.12/site-packages/airflow/example_dags/example_setup_teardown.py for tasks to queue
[2026-01-05T17:31:14.983+0000] {logging_mixin.py:190} INFO - [2026-01-05T17:31:14.983+0000] {dagbag.py:587} INFO - Filling up the DagBag from /home/airflow/.local/lib/python3.12/site-packages/airflow/example_dags/example_setup_teardown.py
[2026-01-05T17:31:14.991+0000] {processor.py:925} INFO - DAG(s) 'example_setup_teardown' retrieved from /home/airflow/.local/lib/python3.12/site-packages/airflow/example_dags/example_setup_teardown.py
[2026-01-05T17:31:15.017+0000] {logging_mixin.py:190} INFO - [2026-01-05T17:31:15.016+0000] {dag.py:3211} INFO - Sync 1 DAGs
[2026-01-05T17:31:15.048+0000] {logging_mixin.py:190} INFO - [2026-01-05T17:31:15.047+0000] {dag.py:4138} INFO - Setting next_dagrun for example_setup_teardown to 2026-01-04 00:00:00+00:00, run_after=2026-01-05 00:00:00+00:00
[2026-01-05T17:31:15.074+0000] {processor.py:208} INFO - Processing /home/airflow/.local/lib/python3.12/site-packages/airflow/example_dags/example_setup_teardown.py took 0.102 seconds
[2026-01-05T17:31:45.655+0000] {processor.py:186} INFO - Started process (PID=1944) to work on /home/airflow/.local/lib/python3.12/site-packages/airflow/example_dags/example_setup_teardown.py
[2026-01-05T17:31:45.656+0000] {processor.py:914} INFO - Processing file /home/airflow/.local/lib/python3.12/site-packages/airflow/example_dags/example_setup_teardown.py for tasks to queue
[2026-01-05T17:31:45.660+0000] {logging_mixin.py:190} INFO - [2026-01-05T17:31:45.660+0000] {dagbag.py:587} INFO - Filling up the DagBag from /home/airflow/.local/lib/python3.12/site-packages/airflow/example_dags/example_setup_teardown.py
[2026-01-05T17:31:45.669+0000] {processor.py:925} INFO - DAG(s) 'example_setup_teardown' retrieved from /home/airflow/.local/lib/python3.12/site-packages/airflow/example_dags/example_setup_teardown.py
[2026-01-05T17:31:45.694+0000] {logging_mixin.py:190} INFO - [2026-01-05T17:31:45.693+0000] {dag.py:3211} INFO - Sync 1 DAGs
[2026-01-05T17:31:45.724+0000] {logging_mixin.py:190} INFO - [2026-01-05T17:31:45.724+0000] {dag.py:4138} INFO - Setting next_dagrun for example_setup_teardown to 2026-01-04 00:00:00+00:00, run_after=2026-01-05 00:00:00+00:00
[2026-01-05T17:31:45.750+0000] {processor.py:208} INFO - Processing /home/airflow/.local/lib/python3.12/site-packages/airflow/example_dags/example_setup_teardown.py took 0.102 seconds
[2026-01-05T17:32:16.367+0000] {processor.py:186} INFO - Started process (PID=2010) to work on /home/airflow/.local/lib/python3.12/site-packages/airflow/example_dags/example_setup_teardown.py
[2026-01-05T17:32:16.368+0000] {processor.py:914} INFO - Processing file /home/airflow/.local/lib/python3.12/site-packages/airflow/example_dags/example_setup_teardown.py for tasks to queue
[2026-01-05T17:32:16.370+0000] {logging_mixin.py:190} INFO - [2026-01-05T17:32:16.370+0000] {dagbag.py:587} INFO - Filling up the DagBag from /home/airflow/.local/lib/python3.12/site-packages/airflow/example_dags/example_setup_teardown.py
[2026-01-05T17:32:16.377+0000] {processor.py:925} INFO - DAG(s) 'example_setup_teardown' retrieved from /home/airflow/.local/lib/python3.12/site-packages/airflow/example_dags/example_setup_teardown.py
[2026-01-05T17:32:16.398+0000] {logging_mixin.py:190} INFO - [2026-01-05T17:32:16.398+0000] {dag.py:3211} INFO - Sync 1 DAGs
[2026-01-05T17:32:16.423+0000] {logging_mixin.py:190} INFO - [2026-01-05T17:32:16.423+0000] {dag.py:4138} INFO - Setting next_dagrun for example_setup_teardown to 2026-01-04 00:00:00+00:00, run_after=2026-01-05 00:00:00+00:00
[2026-01-05T17:32:16.446+0000] {processor.py:208} INFO - Processing /home/airflow/.local/lib/python3.12/site-packages/airflow/example_dags/example_setup_teardown.py took 0.086 seconds
[2026-01-05T17:32:47.204+0000] {processor.py:186} INFO - Started process (PID=2076) to work on /home/airflow/.local/lib/python3.12/site-packages/airflow/example_dags/example_setup_teardown.py
[2026-01-05T17:32:47.206+0000] {processor.py:914} INFO - Processing file /home/airflow/.local/lib/python3.12/site-packages/airflow/example_dags/example_setup_teardown.py for tasks to queue
[2026-01-05T17:32:47.210+0000] {logging_mixin.py:190} INFO - [2026-01-05T17:32:47.209+0000] {dagbag.py:587} INFO - Filling up the DagBag from /home/airflow/.local/lib/python3.12/site-packages/airflow/example_dags/example_setup_teardown.py
[2026-01-05T17:32:47.221+0000] {processor.py:925} INFO - DAG(s) 'example_setup_teardown' retrieved from /home/airflow/.local/lib/python3.12/site-packages/airflow/example_dags/example_setup_teardown.py
[2026-01-05T17:32:47.255+0000] {logging_mixin.py:190} INFO - [2026-01-05T17:32:47.255+0000] {dag.py:3211} INFO - Sync 1 DAGs
[2026-01-05T17:32:47.300+0000] {logging_mixin.py:190} INFO - [2026-01-05T17:32:47.299+0000] {dag.py:4138} INFO - Setting next_dagrun for example_setup_teardown to 2026-01-04 00:00:00+00:00, run_after=2026-01-05 00:00:00+00:00
[2026-01-05T17:32:47.553+0000] {processor.py:208} INFO - Processing /home/airflow/.local/lib/python3.12/site-packages/airflow/example_dags/example_setup_teardown.py took 0.363 seconds
[2026-01-05T17:33:18.797+0000] {processor.py:186} INFO - Started process (PID=2142) to work on /home/airflow/.local/lib/python3.12/site-packages/airflow/example_dags/example_setup_teardown.py
[2026-01-05T17:33:18.798+0000] {processor.py:914} INFO - Processing file /home/airflow/.local/lib/python3.12/site-packages/airflow/example_dags/example_setup_teardown.py for tasks to queue
[2026-01-05T17:33:18.802+0000] {logging_mixin.py:190} INFO - [2026-01-05T17:33:18.802+0000] {dagbag.py:587} INFO - Filling up the DagBag from /home/airflow/.local/lib/python3.12/site-packages/airflow/example_dags/example_setup_teardown.py
[2026-01-05T17:33:18.812+0000] {processor.py:925} INFO - DAG(s) 'example_setup_teardown' retrieved from /home/airflow/.local/lib/python3.12/site-packages/airflow/example_dags/example_setup_teardown.py
[2026-01-05T17:33:18.853+0000] {logging_mixin.py:190} INFO - [2026-01-05T17:33:18.852+0000] {dag.py:3211} INFO - Sync 1 DAGs
[2026-01-05T17:33:19.125+0000] {logging_mixin.py:190} INFO - [2026-01-05T17:33:19.125+0000] {dag.py:4138} INFO - Setting next_dagrun for example_setup_teardown to 2026-01-04 00:00:00+00:00, run_after=2026-01-05 00:00:00+00:00
[2026-01-05T17:33:19.165+0000] {processor.py:208} INFO - Processing /home/airflow/.local/lib/python3.12/site-packages/airflow/example_dags/example_setup_teardown.py took 0.379 seconds
[2026-01-05T17:33:49.671+0000] {processor.py:186} INFO - Started process (PID=2208) to work on /home/airflow/.local/lib/python3.12/site-packages/airflow/example_dags/example_setup_teardown.py
[2026-01-05T17:33:49.673+0000] {processor.py:914} INFO - Processing file /home/airflow/.local/lib/python3.12/site-packages/airflow/example_dags/example_setup_teardown.py for tasks to queue
[2026-01-05T17:33:49.677+0000] {logging_mixin.py:190} INFO - [2026-01-05T17:33:49.676+0000] {dagbag.py:587} INFO - Filling up the DagBag from /home/airflow/.local/lib/python3.12/site-packages/airflow/example_dags/example_setup_teardown.py
[2026-01-05T17:33:49.686+0000] {processor.py:925} INFO - DAG(s) 'example_setup_teardown' retrieved from /home/airflow/.local/lib/python3.12/site-packages/airflow/example_dags/example_setup_teardown.py
[2026-01-05T17:33:49.711+0000] {logging_mixin.py:190} INFO - [2026-01-05T17:33:49.711+0000] {dag.py:3211} INFO - Sync 1 DAGs
[2026-01-05T17:33:49.959+0000] {logging_mixin.py:190} INFO - [2026-01-05T17:33:49.959+0000] {dag.py:4138} INFO - Setting next_dagrun for example_setup_teardown to 2026-01-04 00:00:00+00:00, run_after=2026-01-05 00:00:00+00:00
[2026-01-05T17:33:49.982+0000] {processor.py:208} INFO - Processing /home/airflow/.local/lib/python3.12/site-packages/airflow/example_dags/example_setup_teardown.py took 0.321 seconds
[2026-01-05T17:34:20.180+0000] {processor.py:186} INFO - Started process (PID=2274) to work on /home/airflow/.local/lib/python3.12/site-packages/airflow/example_dags/example_setup_teardown.py
[2026-01-05T17:34:20.182+0000] {processor.py:914} INFO - Processing file /home/airflow/.local/lib/python3.12/site-packages/airflow/example_dags/example_setup_teardown.py for tasks to queue
[2026-01-05T17:34:20.186+0000] {logging_mixin.py:190} INFO - [2026-01-05T17:34:20.185+0000] {dagbag.py:587} INFO - Filling up the DagBag from /home/airflow/.local/lib/python3.12/site-packages/airflow/example_dags/example_setup_teardown.py
[2026-01-05T17:34:20.197+0000] {processor.py:925} INFO - DAG(s) 'example_setup_teardown' retrieved from /home/airflow/.local/lib/python3.12/site-packages/airflow/example_dags/example_setup_teardown.py
[2026-01-05T17:34:20.226+0000] {logging_mixin.py:190} INFO - [2026-01-05T17:34:20.225+0000] {dag.py:3211} INFO - Sync 1 DAGs
[2026-01-05T17:34:20.252+0000] {logging_mixin.py:190} INFO - [2026-01-05T17:34:20.251+0000] {dag.py:4138} INFO - Setting next_dagrun for example_setup_teardown to 2026-01-04 00:00:00+00:00, run_after=2026-01-05 00:00:00+00:00
[2026-01-05T17:34:20.276+0000] {processor.py:208} INFO - Processing /home/airflow/.local/lib/python3.12/site-packages/airflow/example_dags/example_setup_teardown.py took 0.104 seconds
[2026-01-05T17:34:50.356+0000] {processor.py:186} INFO - Started process (PID=2339) to work on /home/airflow/.local/lib/python3.12/site-packages/airflow/example_dags/example_setup_teardown.py
[2026-01-05T17:34:50.358+0000] {processor.py:914} INFO - Processing file /home/airflow/.local/lib/python3.12/site-packages/airflow/example_dags/example_setup_teardown.py for tasks to queue
[2026-01-05T17:34:50.361+0000] {logging_mixin.py:190} INFO - [2026-01-05T17:34:50.361+0000] {dagbag.py:587} INFO - Filling up the DagBag from /home/airflow/.local/lib/python3.12/site-packages/airflow/example_dags/example_setup_teardown.py
[2026-01-05T17:34:50.371+0000] {processor.py:925} INFO - DAG(s) 'example_setup_teardown' retrieved from /home/airflow/.local/lib/python3.12/site-packages/airflow/example_dags/example_setup_teardown.py
[2026-01-05T17:34:50.398+0000] {logging_mixin.py:190} INFO - [2026-01-05T17:34:50.398+0000] {dag.py:3211} INFO - Sync 1 DAGs
[2026-01-05T17:34:50.421+0000] {logging_mixin.py:190} INFO - [2026-01-05T17:34:50.421+0000] {dag.py:4138} INFO - Setting next_dagrun for example_setup_teardown to 2026-01-04 00:00:00+00:00, run_after=2026-01-05 00:00:00+00:00
[2026-01-05T17:34:50.444+0000] {processor.py:208} INFO - Processing /home/airflow/.local/lib/python3.12/site-packages/airflow/example_dags/example_setup_teardown.py took 0.095 seconds
[2026-01-05T17:35:20.848+0000] {processor.py:186} INFO - Started process (PID=2405) to work on /home/airflow/.local/lib/python3.12/site-packages/airflow/example_dags/example_setup_teardown.py
[2026-01-05T17:35:20.850+0000] {processor.py:914} INFO - Processing file /home/airflow/.local/lib/python3.12/site-packages/airflow/example_dags/example_setup_teardown.py for tasks to queue
[2026-01-05T17:35:20.853+0000] {logging_mixin.py:190} INFO - [2026-01-05T17:35:20.853+0000] {dagbag.py:587} INFO - Filling up the DagBag from /home/airflow/.local/lib/python3.12/site-packages/airflow/example_dags/example_setup_teardown.py
[2026-01-05T17:35:20.862+0000] {processor.py:925} INFO - DAG(s) 'example_setup_teardown' retrieved from /home/airflow/.local/lib/python3.12/site-packages/airflow/example_dags/example_setup_teardown.py
[2026-01-05T17:35:20.893+0000] {logging_mixin.py:190} INFO - [2026-01-05T17:35:20.893+0000] {dag.py:3211} INFO - Sync 1 DAGs
[2026-01-05T17:35:20.919+0000] {logging_mixin.py:190} INFO - [2026-01-05T17:35:20.919+0000] {dag.py:4138} INFO - Setting next_dagrun for example_setup_teardown to 2026-01-04 00:00:00+00:00, run_after=2026-01-05 00:00:00+00:00
[2026-01-05T17:35:20.951+0000] {processor.py:208} INFO - Processing /home/airflow/.local/lib/python3.12/site-packages/airflow/example_dags/example_setup_teardown.py took 0.109 seconds
[2026-01-05T17:35:52.025+0000] {processor.py:186} INFO - Started process (PID=2473) to work on /home/airflow/.local/lib/python3.12/site-packages/airflow/example_dags/example_setup_teardown.py
[2026-01-05T17:35:52.027+0000] {processor.py:914} INFO - Processing file /home/airflow/.local/lib/python3.12/site-packages/airflow/example_dags/example_setup_teardown.py for tasks to queue
[2026-01-05T17:35:52.030+0000] {logging_mixin.py:190} INFO - [2026-01-05T17:35:52.030+0000] {dagbag.py:587} INFO - Filling up the DagBag from /home/airflow/.local/lib/python3.12/site-packages/airflow/example_dags/example_setup_teardown.py
[2026-01-05T17:35:52.039+0000] {processor.py:925} INFO - DAG(s) 'example_setup_teardown' retrieved from /home/airflow/.local/lib/python3.12/site-packages/airflow/example_dags/example_setup_teardown.py
[2026-01-05T17:35:52.061+0000] {logging_mixin.py:190} INFO - [2026-01-05T17:35:52.060+0000] {dag.py:3211} INFO - Sync 1 DAGs
[2026-01-05T17:35:52.086+0000] {logging_mixin.py:190} INFO - [2026-01-05T17:35:52.086+0000] {dag.py:4138} INFO - Setting next_dagrun for example_setup_teardown to 2026-01-04 00:00:00+00:00, run_after=2026-01-05 00:00:00+00:00
[2026-01-05T17:35:52.106+0000] {processor.py:208} INFO - Processing /home/airflow/.local/lib/python3.12/site-packages/airflow/example_dags/example_setup_teardown.py took 0.089 seconds
[2026-01-05T17:36:22.885+0000] {processor.py:186} INFO - Started process (PID=2539) to work on /home/airflow/.local/lib/python3.12/site-packages/airflow/example_dags/example_setup_teardown.py
[2026-01-05T17:36:22.888+0000] {processor.py:914} INFO - Processing file /home/airflow/.local/lib/python3.12/site-packages/airflow/example_dags/example_setup_teardown.py for tasks to queue
[2026-01-05T17:36:22.891+0000] {logging_mixin.py:190} INFO - [2026-01-05T17:36:22.891+0000] {dagbag.py:587} INFO - Filling up the DagBag from /home/airflow/.local/lib/python3.12/site-packages/airflow/example_dags/example_setup_teardown.py
[2026-01-05T17:36:22.903+0000] {processor.py:925} INFO - DAG(s) 'example_setup_teardown' retrieved from /home/airflow/.local/lib/python3.12/site-packages/airflow/example_dags/example_setup_teardown.py
[2026-01-05T17:36:22.930+0000] {logging_mixin.py:190} INFO - [2026-01-05T17:36:22.929+0000] {dag.py:3211} INFO - Sync 1 DAGs
[2026-01-05T17:36:22.968+0000] {logging_mixin.py:190} INFO - [2026-01-05T17:36:22.968+0000] {dag.py:4138} INFO - Setting next_dagrun for example_setup_teardown to 2026-01-04 00:00:00+00:00, run_after=2026-01-05 00:00:00+00:00
[2026-01-05T17:36:22.992+0000] {processor.py:208} INFO - Processing /home/airflow/.local/lib/python3.12/site-packages/airflow/example_dags/example_setup_teardown.py took 0.115 seconds
[2026-01-05T17:36:53.408+0000] {processor.py:186} INFO - Started process (PID=2605) to work on /home/airflow/.local/lib/python3.12/site-packages/airflow/example_dags/example_setup_teardown.py
[2026-01-05T17:36:53.409+0000] {processor.py:914} INFO - Processing file /home/airflow/.local/lib/python3.12/site-packages/airflow/example_dags/example_setup_teardown.py for tasks to queue
[2026-01-05T17:36:53.413+0000] {logging_mixin.py:190} INFO - [2026-01-05T17:36:53.412+0000] {dagbag.py:587} INFO - Filling up the DagBag from /home/airflow/.local/lib/python3.12/site-packages/airflow/example_dags/example_setup_teardown.py
[2026-01-05T17:36:53.425+0000] {processor.py:925} INFO - DAG(s) 'example_setup_teardown' retrieved from /home/airflow/.local/lib/python3.12/site-packages/airflow/example_dags/example_setup_teardown.py
[2026-01-05T17:36:53.462+0000] {logging_mixin.py:190} INFO - [2026-01-05T17:36:53.461+0000] {dag.py:3211} INFO - Sync 1 DAGs
[2026-01-05T17:36:53.499+0000] {logging_mixin.py:190} INFO - [2026-01-05T17:36:53.498+0000] {dag.py:4138} INFO - Setting next_dagrun for example_setup_teardown to 2026-01-04 00:00:00+00:00, run_after=2026-01-05 00:00:00+00:00
[2026-01-05T17:36:53.522+0000] {processor.py:208} INFO - Processing /home/airflow/.local/lib/python3.12/site-packages/airflow/example_dags/example_setup_teardown.py took 0.121 seconds
[2026-01-05T17:37:23.830+0000] {processor.py:186} INFO - Started process (PID=2671) to work on /home/airflow/.local/lib/python3.12/site-packages/airflow/example_dags/example_setup_teardown.py
[2026-01-05T17:37:23.831+0000] {processor.py:914} INFO - Processing file /home/airflow/.local/lib/python3.12/site-packages/airflow/example_dags/example_setup_teardown.py for tasks to queue
[2026-01-05T17:37:23.834+0000] {logging_mixin.py:190} INFO - [2026-01-05T17:37:23.834+0000] {dagbag.py:587} INFO - Filling up the DagBag from /home/airflow/.local/lib/python3.12/site-packages/airflow/example_dags/example_setup_teardown.py
[2026-01-05T17:37:23.844+0000] {processor.py:925} INFO - DAG(s) 'example_setup_teardown' retrieved from /home/airflow/.local/lib/python3.12/site-packages/airflow/example_dags/example_setup_teardown.py
[2026-01-05T17:37:23.868+0000] {logging_mixin.py:190} INFO - [2026-01-05T17:37:23.868+0000] {dag.py:3211} INFO - Sync 1 DAGs
[2026-01-05T17:37:23.892+0000] {logging_mixin.py:190} INFO - [2026-01-05T17:37:23.892+0000] {dag.py:4138} INFO - Setting next_dagrun for example_setup_teardown to 2026-01-04 00:00:00+00:00, run_after=2026-01-05 00:00:00+00:00
[2026-01-05T17:37:23.915+0000] {processor.py:208} INFO - Processing /home/airflow/.local/lib/python3.12/site-packages/airflow/example_dags/example_setup_teardown.py took 0.092 seconds
[2026-01-05T17:37:54.728+0000] {processor.py:186} INFO - Started process (PID=2737) to work on /home/airflow/.local/lib/python3.12/site-packages/airflow/example_dags/example_setup_teardown.py
[2026-01-05T17:37:54.730+0000] {processor.py:914} INFO - Processing file /home/airflow/.local/lib/python3.12/site-packages/airflow/example_dags/example_setup_teardown.py for tasks to queue
[2026-01-05T17:37:54.734+0000] {logging_mixin.py:190} INFO - [2026-01-05T17:37:54.734+0000] {dagbag.py:587} INFO - Filling up the DagBag from /home/airflow/.local/lib/python3.12/site-packages/airflow/example_dags/example_setup_teardown.py
[2026-01-05T17:37:54.742+0000] {processor.py:925} INFO - DAG(s) 'example_setup_teardown' retrieved from /home/airflow/.local/lib/python3.12/site-packages/airflow/example_dags/example_setup_teardown.py
[2026-01-05T17:37:54.769+0000] {logging_mixin.py:190} INFO - [2026-01-05T17:37:54.768+0000] {dag.py:3211} INFO - Sync 1 DAGs
[2026-01-05T17:37:54.796+0000] {logging_mixin.py:190} INFO - [2026-01-05T17:37:54.796+0000] {dag.py:4138} INFO - Setting next_dagrun for example_setup_teardown to 2026-01-04 00:00:00+00:00, run_after=2026-01-05 00:00:00+00:00
[2026-01-05T17:37:54.818+0000] {processor.py:208} INFO - Processing /home/airflow/.local/lib/python3.12/site-packages/airflow/example_dags/example_setup_teardown.py took 0.097 seconds
[2026-01-05T17:38:25.190+0000] {processor.py:186} INFO - Started process (PID=2803) to work on /home/airflow/.local/lib/python3.12/site-packages/airflow/example_dags/example_setup_teardown.py
[2026-01-05T17:38:25.191+0000] {processor.py:914} INFO - Processing file /home/airflow/.local/lib/python3.12/site-packages/airflow/example_dags/example_setup_teardown.py for tasks to queue
[2026-01-05T17:38:25.195+0000] {logging_mixin.py:190} INFO - [2026-01-05T17:38:25.194+0000] {dagbag.py:587} INFO - Filling up the DagBag from /home/airflow/.local/lib/python3.12/site-packages/airflow/example_dags/example_setup_teardown.py
[2026-01-05T17:38:25.204+0000] {processor.py:925} INFO - DAG(s) 'example_setup_teardown' retrieved from /home/airflow/.local/lib/python3.12/site-packages/airflow/example_dags/example_setup_teardown.py
[2026-01-05T17:38:25.226+0000] {logging_mixin.py:190} INFO - [2026-01-05T17:38:25.226+0000] {dag.py:3211} INFO - Sync 1 DAGs
[2026-01-05T17:38:25.253+0000] {logging_mixin.py:190} INFO - [2026-01-05T17:38:25.253+0000] {dag.py:4138} INFO - Setting next_dagrun for example_setup_teardown to 2026-01-04 00:00:00+00:00, run_after=2026-01-05 00:00:00+00:00
[2026-01-05T17:38:25.275+0000] {processor.py:208} INFO - Processing /home/airflow/.local/lib/python3.12/site-packages/airflow/example_dags/example_setup_teardown.py took 0.094 seconds
[2026-01-05T17:38:56.280+0000] {processor.py:186} INFO - Started process (PID=2869) to work on /home/airflow/.local/lib/python3.12/site-packages/airflow/example_dags/example_setup_teardown.py
[2026-01-05T17:38:56.281+0000] {processor.py:914} INFO - Processing file /home/airflow/.local/lib/python3.12/site-packages/airflow/example_dags/example_setup_teardown.py for tasks to queue
[2026-01-05T17:38:56.285+0000] {logging_mixin.py:190} INFO - [2026-01-05T17:38:56.284+0000] {dagbag.py:587} INFO - Filling up the DagBag from /home/airflow/.local/lib/python3.12/site-packages/airflow/example_dags/example_setup_teardown.py
[2026-01-05T17:38:56.293+0000] {processor.py:925} INFO - DAG(s) 'example_setup_teardown' retrieved from /home/airflow/.local/lib/python3.12/site-packages/airflow/example_dags/example_setup_teardown.py
[2026-01-05T17:38:56.319+0000] {logging_mixin.py:190} INFO - [2026-01-05T17:38:56.319+0000] {dag.py:3211} INFO - Sync 1 DAGs
[2026-01-05T17:38:56.341+0000] {logging_mixin.py:190} INFO - [2026-01-05T17:38:56.341+0000] {dag.py:4138} INFO - Setting next_dagrun for example_setup_teardown to 2026-01-04 00:00:00+00:00, run_after=2026-01-05 00:00:00+00:00
[2026-01-05T17:38:56.367+0000] {processor.py:208} INFO - Processing /home/airflow/.local/lib/python3.12/site-packages/airflow/example_dags/example_setup_teardown.py took 0.096 seconds
[2026-01-05T17:39:26.817+0000] {processor.py:186} INFO - Started process (PID=2935) to work on /home/airflow/.local/lib/python3.12/site-packages/airflow/example_dags/example_setup_teardown.py
[2026-01-05T17:39:26.819+0000] {processor.py:914} INFO - Processing file /home/airflow/.local/lib/python3.12/site-packages/airflow/example_dags/example_setup_teardown.py for tasks to queue
[2026-01-05T17:39:26.823+0000] {logging_mixin.py:190} INFO - [2026-01-05T17:39:26.823+0000] {dagbag.py:587} INFO - Filling up the DagBag from /home/airflow/.local/lib/python3.12/site-packages/airflow/example_dags/example_setup_teardown.py
[2026-01-05T17:39:26.835+0000] {processor.py:925} INFO - DAG(s) 'example_setup_teardown' retrieved from /home/airflow/.local/lib/python3.12/site-packages/airflow/example_dags/example_setup_teardown.py
[2026-01-05T17:39:26.868+0000] {logging_mixin.py:190} INFO - [2026-01-05T17:39:26.867+0000] {dag.py:3211} INFO - Sync 1 DAGs
[2026-01-05T17:39:26.908+0000] {logging_mixin.py:190} INFO - [2026-01-05T17:39:26.907+0000] {dag.py:4138} INFO - Setting next_dagrun for example_setup_teardown to 2026-01-04 00:00:00+00:00, run_after=2026-01-05 00:00:00+00:00
[2026-01-05T17:39:26.945+0000] {processor.py:208} INFO - Processing /home/airflow/.local/lib/python3.12/site-packages/airflow/example_dags/example_setup_teardown.py took 0.137 seconds
[2026-01-05T17:39:57.287+0000] {processor.py:186} INFO - Started process (PID=3001) to work on /home/airflow/.local/lib/python3.12/site-packages/airflow/example_dags/example_setup_teardown.py
[2026-01-05T17:39:57.289+0000] {processor.py:914} INFO - Processing file /home/airflow/.local/lib/python3.12/site-packages/airflow/example_dags/example_setup_teardown.py for tasks to queue
[2026-01-05T17:39:57.293+0000] {logging_mixin.py:190} INFO - [2026-01-05T17:39:57.292+0000] {dagbag.py:587} INFO - Filling up the DagBag from /home/airflow/.local/lib/python3.12/site-packages/airflow/example_dags/example_setup_teardown.py
[2026-01-05T17:39:57.303+0000] {processor.py:925} INFO - DAG(s) 'example_setup_teardown' retrieved from /home/airflow/.local/lib/python3.12/site-packages/airflow/example_dags/example_setup_teardown.py
[2026-01-05T17:39:57.332+0000] {logging_mixin.py:190} INFO - [2026-01-05T17:39:57.331+0000] {dag.py:3211} INFO - Sync 1 DAGs
[2026-01-05T17:39:57.390+0000] {logging_mixin.py:190} INFO - [2026-01-05T17:39:57.390+0000] {dag.py:4138} INFO - Setting next_dagrun for example_setup_teardown to 2026-01-04 00:00:00+00:00, run_after=2026-01-05 00:00:00+00:00
[2026-01-05T17:39:57.437+0000] {processor.py:208} INFO - Processing /home/airflow/.local/lib/python3.12/site-packages/airflow/example_dags/example_setup_teardown.py took 0.156 seconds
[2026-01-05T17:40:27.781+0000] {processor.py:186} INFO - Started process (PID=3066) to work on /home/airflow/.local/lib/python3.12/site-packages/airflow/example_dags/example_setup_teardown.py
[2026-01-05T17:40:27.783+0000] {processor.py:914} INFO - Processing file /home/airflow/.local/lib/python3.12/site-packages/airflow/example_dags/example_setup_teardown.py for tasks to queue
[2026-01-05T17:40:27.787+0000] {logging_mixin.py:190} INFO - [2026-01-05T17:40:27.786+0000] {dagbag.py:587} INFO - Filling up the DagBag from /home/airflow/.local/lib/python3.12/site-packages/airflow/example_dags/example_setup_teardown.py
[2026-01-05T17:40:27.795+0000] {processor.py:925} INFO - DAG(s) 'example_setup_teardown' retrieved from /home/airflow/.local/lib/python3.12/site-packages/airflow/example_dags/example_setup_teardown.py
[2026-01-05T17:40:27.822+0000] {logging_mixin.py:190} INFO - [2026-01-05T17:40:27.822+0000] {dag.py:3211} INFO - Sync 1 DAGs
[2026-01-05T17:40:27.847+0000] {logging_mixin.py:190} INFO - [2026-01-05T17:40:27.847+0000] {dag.py:4138} INFO - Setting next_dagrun for example_setup_teardown to 2026-01-04 00:00:00+00:00, run_after=2026-01-05 00:00:00+00:00
[2026-01-05T17:40:27.866+0000] {processor.py:208} INFO - Processing /home/airflow/.local/lib/python3.12/site-packages/airflow/example_dags/example_setup_teardown.py took 0.099 seconds
[2026-01-05T17:40:58.055+0000] {processor.py:186} INFO - Started process (PID=3132) to work on /home/airflow/.local/lib/python3.12/site-packages/airflow/example_dags/example_setup_teardown.py
[2026-01-05T17:40:58.057+0000] {processor.py:914} INFO - Processing file /home/airflow/.local/lib/python3.12/site-packages/airflow/example_dags/example_setup_teardown.py for tasks to queue
[2026-01-05T17:40:58.062+0000] {logging_mixin.py:190} INFO - [2026-01-05T17:40:58.062+0000] {dagbag.py:587} INFO - Filling up the DagBag from /home/airflow/.local/lib/python3.12/site-packages/airflow/example_dags/example_setup_teardown.py
[2026-01-05T17:40:58.071+0000] {processor.py:925} INFO - DAG(s) 'example_setup_teardown' retrieved from /home/airflow/.local/lib/python3.12/site-packages/airflow/example_dags/example_setup_teardown.py
[2026-01-05T17:40:58.096+0000] {logging_mixin.py:190} INFO - [2026-01-05T17:40:58.096+0000] {dag.py:3211} INFO - Sync 1 DAGs
[2026-01-05T17:40:58.119+0000] {logging_mixin.py:190} INFO - [2026-01-05T17:40:58.119+0000] {dag.py:4138} INFO - Setting next_dagrun for example_setup_teardown to 2026-01-04 00:00:00+00:00, run_after=2026-01-05 00:00:00+00:00
[2026-01-05T17:40:58.142+0000] {processor.py:208} INFO - Processing /home/airflow/.local/lib/python3.12/site-packages/airflow/example_dags/example_setup_teardown.py took 0.095 seconds
[2026-01-05T17:41:28.349+0000] {processor.py:186} INFO - Started process (PID=3198) to work on /home/airflow/.local/lib/python3.12/site-packages/airflow/example_dags/example_setup_teardown.py
[2026-01-05T17:41:28.350+0000] {processor.py:914} INFO - Processing file /home/airflow/.local/lib/python3.12/site-packages/airflow/example_dags/example_setup_teardown.py for tasks to queue
[2026-01-05T17:41:28.354+0000] {logging_mixin.py:190} INFO - [2026-01-05T17:41:28.353+0000] {dagbag.py:587} INFO - Filling up the DagBag from /home/airflow/.local/lib/python3.12/site-packages/airflow/example_dags/example_setup_teardown.py
[2026-01-05T17:41:28.360+0000] {processor.py:925} INFO - DAG(s) 'example_setup_teardown' retrieved from /home/airflow/.local/lib/python3.12/site-packages/airflow/example_dags/example_setup_teardown.py
[2026-01-05T17:41:28.383+0000] {logging_mixin.py:190} INFO - [2026-01-05T17:41:28.382+0000] {dag.py:3211} INFO - Sync 1 DAGs
[2026-01-05T17:41:28.406+0000] {logging_mixin.py:190} INFO - [2026-01-05T17:41:28.406+0000] {dag.py:4138} INFO - Setting next_dagrun for example_setup_teardown to 2026-01-04 00:00:00+00:00, run_after=2026-01-05 00:00:00+00:00
[2026-01-05T17:41:28.428+0000] {processor.py:208} INFO - Processing /home/airflow/.local/lib/python3.12/site-packages/airflow/example_dags/example_setup_teardown.py took 0.086 seconds
[2026-01-05T17:41:58.532+0000] {processor.py:186} INFO - Started process (PID=3263) to work on /home/airflow/.local/lib/python3.12/site-packages/airflow/example_dags/example_setup_teardown.py
[2026-01-05T17:41:58.535+0000] {processor.py:914} INFO - Processing file /home/airflow/.local/lib/python3.12/site-packages/airflow/example_dags/example_setup_teardown.py for tasks to queue
[2026-01-05T17:41:58.541+0000] {logging_mixin.py:190} INFO - [2026-01-05T17:41:58.541+0000] {dagbag.py:587} INFO - Filling up the DagBag from /home/airflow/.local/lib/python3.12/site-packages/airflow/example_dags/example_setup_teardown.py
[2026-01-05T17:41:58.557+0000] {processor.py:925} INFO - DAG(s) 'example_setup_teardown' retrieved from /home/airflow/.local/lib/python3.12/site-packages/airflow/example_dags/example_setup_teardown.py
[2026-01-05T17:41:58.592+0000] {logging_mixin.py:190} INFO - [2026-01-05T17:41:58.591+0000] {dag.py:3211} INFO - Sync 1 DAGs
[2026-01-05T17:41:58.618+0000] {logging_mixin.py:190} INFO - [2026-01-05T17:41:58.618+0000] {dag.py:4138} INFO - Setting next_dagrun for example_setup_teardown to 2026-01-04 00:00:00+00:00, run_after=2026-01-05 00:00:00+00:00
[2026-01-05T17:41:58.639+0000] {processor.py:208} INFO - Processing /home/airflow/.local/lib/python3.12/site-packages/airflow/example_dags/example_setup_teardown.py took 0.119 seconds
[2026-01-05T17:42:28.839+0000] {processor.py:186} INFO - Started process (PID=3329) to work on /home/airflow/.local/lib/python3.12/site-packages/airflow/example_dags/example_setup_teardown.py
[2026-01-05T17:42:28.841+0000] {processor.py:914} INFO - Processing file /home/airflow/.local/lib/python3.12/site-packages/airflow/example_dags/example_setup_teardown.py for tasks to queue
[2026-01-05T17:42:28.845+0000] {logging_mixin.py:190} INFO - [2026-01-05T17:42:28.844+0000] {dagbag.py:587} INFO - Filling up the DagBag from /home/airflow/.local/lib/python3.12/site-packages/airflow/example_dags/example_setup_teardown.py
[2026-01-05T17:42:28.854+0000] {processor.py:925} INFO - DAG(s) 'example_setup_teardown' retrieved from /home/airflow/.local/lib/python3.12/site-packages/airflow/example_dags/example_setup_teardown.py
[2026-01-05T17:42:28.892+0000] {logging_mixin.py:190} INFO - [2026-01-05T17:42:28.890+0000] {dag.py:3211} INFO - Sync 1 DAGs
[2026-01-05T17:42:28.919+0000] {logging_mixin.py:190} INFO - [2026-01-05T17:42:28.919+0000] {dag.py:4138} INFO - Setting next_dagrun for example_setup_teardown to 2026-01-04 00:00:00+00:00, run_after=2026-01-05 00:00:00+00:00
[2026-01-05T17:42:28.947+0000] {processor.py:208} INFO - Processing /home/airflow/.local/lib/python3.12/site-packages/airflow/example_dags/example_setup_teardown.py took 0.118 seconds
[2026-01-05T17:42:59.176+0000] {processor.py:186} INFO - Started process (PID=3395) to work on /home/airflow/.local/lib/python3.12/site-packages/airflow/example_dags/example_setup_teardown.py
[2026-01-05T17:42:59.178+0000] {processor.py:914} INFO - Processing file /home/airflow/.local/lib/python3.12/site-packages/airflow/example_dags/example_setup_teardown.py for tasks to queue
[2026-01-05T17:42:59.183+0000] {logging_mixin.py:190} INFO - [2026-01-05T17:42:59.183+0000] {dagbag.py:587} INFO - Filling up the DagBag from /home/airflow/.local/lib/python3.12/site-packages/airflow/example_dags/example_setup_teardown.py
[2026-01-05T17:42:59.193+0000] {processor.py:925} INFO - DAG(s) 'example_setup_teardown' retrieved from /home/airflow/.local/lib/python3.12/site-packages/airflow/example_dags/example_setup_teardown.py
[2026-01-05T17:42:59.230+0000] {logging_mixin.py:190} INFO - [2026-01-05T17:42:59.230+0000] {dag.py:3211} INFO - Sync 1 DAGs
[2026-01-05T17:42:59.263+0000] {logging_mixin.py:190} INFO - [2026-01-05T17:42:59.262+0000] {dag.py:4138} INFO - Setting next_dagrun for example_setup_teardown to 2026-01-04 00:00:00+00:00, run_after=2026-01-05 00:00:00+00:00
[2026-01-05T17:42:59.289+0000] {processor.py:208} INFO - Processing /home/airflow/.local/lib/python3.12/site-packages/airflow/example_dags/example_setup_teardown.py took 0.119 seconds
[2026-01-05T17:43:29.643+0000] {processor.py:186} INFO - Started process (PID=3461) to work on /home/airflow/.local/lib/python3.12/site-packages/airflow/example_dags/example_setup_teardown.py
[2026-01-05T17:43:29.645+0000] {processor.py:914} INFO - Processing file /home/airflow/.local/lib/python3.12/site-packages/airflow/example_dags/example_setup_teardown.py for tasks to queue
[2026-01-05T17:43:29.651+0000] {logging_mixin.py:190} INFO - [2026-01-05T17:43:29.650+0000] {dagbag.py:587} INFO - Filling up the DagBag from /home/airflow/.local/lib/python3.12/site-packages/airflow/example_dags/example_setup_teardown.py
[2026-01-05T17:43:29.667+0000] {processor.py:925} INFO - DAG(s) 'example_setup_teardown' retrieved from /home/airflow/.local/lib/python3.12/site-packages/airflow/example_dags/example_setup_teardown.py
[2026-01-05T17:43:29.714+0000] {logging_mixin.py:190} INFO - [2026-01-05T17:43:29.713+0000] {dag.py:3211} INFO - Sync 1 DAGs
[2026-01-05T17:43:29.764+0000] {logging_mixin.py:190} INFO - [2026-01-05T17:43:29.763+0000] {dag.py:4138} INFO - Setting next_dagrun for example_setup_teardown to 2026-01-04 00:00:00+00:00, run_after=2026-01-05 00:00:00+00:00
[2026-01-05T17:43:29.792+0000] {processor.py:208} INFO - Processing /home/airflow/.local/lib/python3.12/site-packages/airflow/example_dags/example_setup_teardown.py took 0.170 seconds
[2026-01-05T17:44:00.013+0000] {processor.py:186} INFO - Started process (PID=3527) to work on /home/airflow/.local/lib/python3.12/site-packages/airflow/example_dags/example_setup_teardown.py
[2026-01-05T17:44:00.021+0000] {processor.py:914} INFO - Processing file /home/airflow/.local/lib/python3.12/site-packages/airflow/example_dags/example_setup_teardown.py for tasks to queue
[2026-01-05T17:44:00.028+0000] {logging_mixin.py:190} INFO - [2026-01-05T17:44:00.027+0000] {dagbag.py:587} INFO - Filling up the DagBag from /home/airflow/.local/lib/python3.12/site-packages/airflow/example_dags/example_setup_teardown.py
[2026-01-05T17:44:00.038+0000] {processor.py:925} INFO - DAG(s) 'example_setup_teardown' retrieved from /home/airflow/.local/lib/python3.12/site-packages/airflow/example_dags/example_setup_teardown.py
[2026-01-05T17:44:00.069+0000] {logging_mixin.py:190} INFO - [2026-01-05T17:44:00.068+0000] {dag.py:3211} INFO - Sync 1 DAGs
[2026-01-05T17:44:00.100+0000] {logging_mixin.py:190} INFO - [2026-01-05T17:44:00.100+0000] {dag.py:4138} INFO - Setting next_dagrun for example_setup_teardown to 2026-01-04 00:00:00+00:00, run_after=2026-01-05 00:00:00+00:00
[2026-01-05T17:44:00.131+0000] {processor.py:208} INFO - Processing /home/airflow/.local/lib/python3.12/site-packages/airflow/example_dags/example_setup_teardown.py took 0.128 seconds
[2026-01-05T17:44:30.362+0000] {processor.py:186} INFO - Started process (PID=3593) to work on /home/airflow/.local/lib/python3.12/site-packages/airflow/example_dags/example_setup_teardown.py
[2026-01-05T17:44:30.363+0000] {processor.py:914} INFO - Processing file /home/airflow/.local/lib/python3.12/site-packages/airflow/example_dags/example_setup_teardown.py for tasks to queue
[2026-01-05T17:44:30.367+0000] {logging_mixin.py:190} INFO - [2026-01-05T17:44:30.367+0000] {dagbag.py:587} INFO - Filling up the DagBag from /home/airflow/.local/lib/python3.12/site-packages/airflow/example_dags/example_setup_teardown.py
[2026-01-05T17:44:30.376+0000] {processor.py:925} INFO - DAG(s) 'example_setup_teardown' retrieved from /home/airflow/.local/lib/python3.12/site-packages/airflow/example_dags/example_setup_teardown.py
[2026-01-05T17:44:30.406+0000] {logging_mixin.py:190} INFO - [2026-01-05T17:44:30.406+0000] {dag.py:3211} INFO - Sync 1 DAGs
[2026-01-05T17:44:30.446+0000] {logging_mixin.py:190} INFO - [2026-01-05T17:44:30.446+0000] {dag.py:4138} INFO - Setting next_dagrun for example_setup_teardown to 2026-01-04 00:00:00+00:00, run_after=2026-01-05 00:00:00+00:00
[2026-01-05T17:44:30.476+0000] {processor.py:208} INFO - Processing /home/airflow/.local/lib/python3.12/site-packages/airflow/example_dags/example_setup_teardown.py took 0.126 seconds
[2026-01-05T17:45:01.030+0000] {processor.py:186} INFO - Started process (PID=3660) to work on /home/airflow/.local/lib/python3.12/site-packages/airflow/example_dags/example_setup_teardown.py
[2026-01-05T17:45:01.031+0000] {processor.py:914} INFO - Processing file /home/airflow/.local/lib/python3.12/site-packages/airflow/example_dags/example_setup_teardown.py for tasks to queue
[2026-01-05T17:45:01.037+0000] {logging_mixin.py:190} INFO - [2026-01-05T17:45:01.036+0000] {dagbag.py:587} INFO - Filling up the DagBag from /home/airflow/.local/lib/python3.12/site-packages/airflow/example_dags/example_setup_teardown.py
[2026-01-05T17:45:01.048+0000] {processor.py:925} INFO - DAG(s) 'example_setup_teardown' retrieved from /home/airflow/.local/lib/python3.12/site-packages/airflow/example_dags/example_setup_teardown.py
[2026-01-05T17:45:01.080+0000] {logging_mixin.py:190} INFO - [2026-01-05T17:45:01.080+0000] {dag.py:3211} INFO - Sync 1 DAGs
[2026-01-05T17:45:01.116+0000] {logging_mixin.py:190} INFO - [2026-01-05T17:45:01.116+0000] {dag.py:4138} INFO - Setting next_dagrun for example_setup_teardown to 2026-01-04 00:00:00+00:00, run_after=2026-01-05 00:00:00+00:00
[2026-01-05T17:45:01.149+0000] {processor.py:208} INFO - Processing /home/airflow/.local/lib/python3.12/site-packages/airflow/example_dags/example_setup_teardown.py took 0.131 seconds
