[2026-01-05T17:17:52.547+0000] {processor.py:186} INFO - Started process (PID=150) to work on /home/airflow/.local/lib/python3.12/site-packages/airflow/example_dags/example_python_operator.py
[2026-01-05T17:17:52.549+0000] {processor.py:914} INFO - Processing file /home/airflow/.local/lib/python3.12/site-packages/airflow/example_dags/example_python_operator.py for tasks to queue
[2026-01-05T17:17:52.554+0000] {logging_mixin.py:190} INFO - [2026-01-05T17:17:52.554+0000] {dagbag.py:587} INFO - Filling up the DagBag from /home/airflow/.local/lib/python3.12/site-packages/airflow/example_dags/example_python_operator.py
[2026-01-05T17:17:52.583+0000] {processor.py:925} INFO - DAG(s) 'example_python_operator' retrieved from /home/airflow/.local/lib/python3.12/site-packages/airflow/example_dags/example_python_operator.py
[2026-01-05T17:17:52.759+0000] {logging_mixin.py:190} INFO - [2026-01-05T17:17:52.759+0000] {dag.py:3211} INFO - Sync 1 DAGs
[2026-01-05T17:17:52.797+0000] {logging_mixin.py:190} INFO - [2026-01-05T17:17:52.797+0000] {dag.py:4138} INFO - Setting next_dagrun for example_python_operator to None, run_after=None
[2026-01-05T17:17:52.858+0000] {processor.py:208} INFO - Processing /home/airflow/.local/lib/python3.12/site-packages/airflow/example_dags/example_python_operator.py took 0.325 seconds
[2026-01-05T17:18:27.512+0000] {processor.py:186} INFO - Started process (PID=223) to work on /home/airflow/.local/lib/python3.12/site-packages/airflow/example_dags/example_python_operator.py
[2026-01-05T17:18:27.530+0000] {processor.py:914} INFO - Processing file /home/airflow/.local/lib/python3.12/site-packages/airflow/example_dags/example_python_operator.py for tasks to queue
[2026-01-05T17:18:27.549+0000] {logging_mixin.py:190} INFO - [2026-01-05T17:18:27.548+0000] {dagbag.py:587} INFO - Filling up the DagBag from /home/airflow/.local/lib/python3.12/site-packages/airflow/example_dags/example_python_operator.py
[2026-01-05T17:18:27.606+0000] {processor.py:925} INFO - DAG(s) 'example_python_operator' retrieved from /home/airflow/.local/lib/python3.12/site-packages/airflow/example_dags/example_python_operator.py
[2026-01-05T17:18:27.704+0000] {logging_mixin.py:190} INFO - [2026-01-05T17:18:27.703+0000] {dag.py:3211} INFO - Sync 1 DAGs
[2026-01-05T17:18:27.786+0000] {logging_mixin.py:190} INFO - [2026-01-05T17:18:27.785+0000] {dag.py:4138} INFO - Setting next_dagrun for example_python_operator to None, run_after=None
[2026-01-05T17:18:27.873+0000] {processor.py:208} INFO - Processing /home/airflow/.local/lib/python3.12/site-packages/airflow/example_dags/example_python_operator.py took 0.400 seconds
[2026-01-05T17:18:58.326+0000] {processor.py:186} INFO - Started process (PID=289) to work on /home/airflow/.local/lib/python3.12/site-packages/airflow/example_dags/example_python_operator.py
[2026-01-05T17:18:58.327+0000] {processor.py:914} INFO - Processing file /home/airflow/.local/lib/python3.12/site-packages/airflow/example_dags/example_python_operator.py for tasks to queue
[2026-01-05T17:18:58.331+0000] {logging_mixin.py:190} INFO - [2026-01-05T17:18:58.331+0000] {dagbag.py:587} INFO - Filling up the DagBag from /home/airflow/.local/lib/python3.12/site-packages/airflow/example_dags/example_python_operator.py
[2026-01-05T17:18:58.345+0000] {processor.py:925} INFO - DAG(s) 'example_python_operator' retrieved from /home/airflow/.local/lib/python3.12/site-packages/airflow/example_dags/example_python_operator.py
[2026-01-05T17:18:58.375+0000] {logging_mixin.py:190} INFO - [2026-01-05T17:18:58.375+0000] {dag.py:3211} INFO - Sync 1 DAGs
[2026-01-05T17:18:58.392+0000] {logging_mixin.py:190} INFO - [2026-01-05T17:18:58.391+0000] {dag.py:4138} INFO - Setting next_dagrun for example_python_operator to None, run_after=None
[2026-01-05T17:18:58.423+0000] {processor.py:208} INFO - Processing /home/airflow/.local/lib/python3.12/site-packages/airflow/example_dags/example_python_operator.py took 0.103 seconds
[2026-01-05T17:19:28.779+0000] {processor.py:186} INFO - Started process (PID=355) to work on /home/airflow/.local/lib/python3.12/site-packages/airflow/example_dags/example_python_operator.py
[2026-01-05T17:19:28.781+0000] {processor.py:914} INFO - Processing file /home/airflow/.local/lib/python3.12/site-packages/airflow/example_dags/example_python_operator.py for tasks to queue
[2026-01-05T17:19:28.785+0000] {logging_mixin.py:190} INFO - [2026-01-05T17:19:28.784+0000] {dagbag.py:587} INFO - Filling up the DagBag from /home/airflow/.local/lib/python3.12/site-packages/airflow/example_dags/example_python_operator.py
[2026-01-05T17:19:28.802+0000] {processor.py:925} INFO - DAG(s) 'example_python_operator' retrieved from /home/airflow/.local/lib/python3.12/site-packages/airflow/example_dags/example_python_operator.py
[2026-01-05T17:19:28.856+0000] {logging_mixin.py:190} INFO - [2026-01-05T17:19:28.856+0000] {dag.py:3211} INFO - Sync 1 DAGs
[2026-01-05T17:19:28.871+0000] {logging_mixin.py:190} INFO - [2026-01-05T17:19:28.871+0000] {dag.py:4138} INFO - Setting next_dagrun for example_python_operator to None, run_after=None
[2026-01-05T17:19:28.891+0000] {processor.py:208} INFO - Processing /home/airflow/.local/lib/python3.12/site-packages/airflow/example_dags/example_python_operator.py took 0.118 seconds
[2026-01-05T17:19:59.756+0000] {processor.py:186} INFO - Started process (PID=421) to work on /home/airflow/.local/lib/python3.12/site-packages/airflow/example_dags/example_python_operator.py
[2026-01-05T17:19:59.758+0000] {processor.py:914} INFO - Processing file /home/airflow/.local/lib/python3.12/site-packages/airflow/example_dags/example_python_operator.py for tasks to queue
[2026-01-05T17:19:59.763+0000] {logging_mixin.py:190} INFO - [2026-01-05T17:19:59.762+0000] {dagbag.py:587} INFO - Filling up the DagBag from /home/airflow/.local/lib/python3.12/site-packages/airflow/example_dags/example_python_operator.py
[2026-01-05T17:19:59.781+0000] {processor.py:925} INFO - DAG(s) 'example_python_operator' retrieved from /home/airflow/.local/lib/python3.12/site-packages/airflow/example_dags/example_python_operator.py
[2026-01-05T17:19:59.815+0000] {logging_mixin.py:190} INFO - [2026-01-05T17:19:59.814+0000] {dag.py:3211} INFO - Sync 1 DAGs
[2026-01-05T17:19:59.831+0000] {logging_mixin.py:190} INFO - [2026-01-05T17:19:59.831+0000] {dag.py:4138} INFO - Setting next_dagrun for example_python_operator to None, run_after=None
[2026-01-05T17:19:59.855+0000] {processor.py:208} INFO - Processing /home/airflow/.local/lib/python3.12/site-packages/airflow/example_dags/example_python_operator.py took 0.119 seconds
[2026-01-05T17:20:30.702+0000] {processor.py:186} INFO - Started process (PID=487) to work on /home/airflow/.local/lib/python3.12/site-packages/airflow/example_dags/example_python_operator.py
[2026-01-05T17:20:30.705+0000] {processor.py:914} INFO - Processing file /home/airflow/.local/lib/python3.12/site-packages/airflow/example_dags/example_python_operator.py for tasks to queue
[2026-01-05T17:20:30.710+0000] {logging_mixin.py:190} INFO - [2026-01-05T17:20:30.710+0000] {dagbag.py:587} INFO - Filling up the DagBag from /home/airflow/.local/lib/python3.12/site-packages/airflow/example_dags/example_python_operator.py
[2026-01-05T17:20:30.732+0000] {processor.py:925} INFO - DAG(s) 'example_python_operator' retrieved from /home/airflow/.local/lib/python3.12/site-packages/airflow/example_dags/example_python_operator.py
[2026-01-05T17:20:30.775+0000] {logging_mixin.py:190} INFO - [2026-01-05T17:20:30.774+0000] {dag.py:3211} INFO - Sync 1 DAGs
[2026-01-05T17:20:30.800+0000] {logging_mixin.py:190} INFO - [2026-01-05T17:20:30.800+0000] {dag.py:4138} INFO - Setting next_dagrun for example_python_operator to None, run_after=None
[2026-01-05T17:20:30.839+0000] {processor.py:208} INFO - Processing /home/airflow/.local/lib/python3.12/site-packages/airflow/example_dags/example_python_operator.py took 0.148 seconds
[2026-01-05T17:21:01.037+0000] {processor.py:186} INFO - Started process (PID=553) to work on /home/airflow/.local/lib/python3.12/site-packages/airflow/example_dags/example_python_operator.py
[2026-01-05T17:21:01.040+0000] {processor.py:914} INFO - Processing file /home/airflow/.local/lib/python3.12/site-packages/airflow/example_dags/example_python_operator.py for tasks to queue
[2026-01-05T17:21:01.047+0000] {logging_mixin.py:190} INFO - [2026-01-05T17:21:01.046+0000] {dagbag.py:587} INFO - Filling up the DagBag from /home/airflow/.local/lib/python3.12/site-packages/airflow/example_dags/example_python_operator.py
[2026-01-05T17:21:01.068+0000] {processor.py:925} INFO - DAG(s) 'example_python_operator' retrieved from /home/airflow/.local/lib/python3.12/site-packages/airflow/example_dags/example_python_operator.py
[2026-01-05T17:21:01.115+0000] {logging_mixin.py:190} INFO - [2026-01-05T17:21:01.115+0000] {dag.py:3211} INFO - Sync 1 DAGs
[2026-01-05T17:21:01.143+0000] {logging_mixin.py:190} INFO - [2026-01-05T17:21:01.143+0000] {dag.py:4138} INFO - Setting next_dagrun for example_python_operator to None, run_after=None
[2026-01-05T17:21:01.178+0000] {processor.py:208} INFO - Processing /home/airflow/.local/lib/python3.12/site-packages/airflow/example_dags/example_python_operator.py took 0.152 seconds
[2026-01-05T17:21:31.437+0000] {processor.py:186} INFO - Started process (PID=619) to work on /home/airflow/.local/lib/python3.12/site-packages/airflow/example_dags/example_python_operator.py
[2026-01-05T17:21:31.438+0000] {processor.py:914} INFO - Processing file /home/airflow/.local/lib/python3.12/site-packages/airflow/example_dags/example_python_operator.py for tasks to queue
[2026-01-05T17:21:31.444+0000] {logging_mixin.py:190} INFO - [2026-01-05T17:21:31.443+0000] {dagbag.py:587} INFO - Filling up the DagBag from /home/airflow/.local/lib/python3.12/site-packages/airflow/example_dags/example_python_operator.py
[2026-01-05T17:21:31.455+0000] {processor.py:925} INFO - DAG(s) 'example_python_operator' retrieved from /home/airflow/.local/lib/python3.12/site-packages/airflow/example_dags/example_python_operator.py
[2026-01-05T17:21:31.482+0000] {logging_mixin.py:190} INFO - [2026-01-05T17:21:31.482+0000] {dag.py:3211} INFO - Sync 1 DAGs
[2026-01-05T17:21:31.497+0000] {logging_mixin.py:190} INFO - [2026-01-05T17:21:31.497+0000] {dag.py:4138} INFO - Setting next_dagrun for example_python_operator to None, run_after=None
[2026-01-05T17:21:31.521+0000] {processor.py:208} INFO - Processing /home/airflow/.local/lib/python3.12/site-packages/airflow/example_dags/example_python_operator.py took 0.091 seconds
[2026-01-05T17:22:02.404+0000] {processor.py:186} INFO - Started process (PID=685) to work on /home/airflow/.local/lib/python3.12/site-packages/airflow/example_dags/example_python_operator.py
[2026-01-05T17:22:02.405+0000] {processor.py:914} INFO - Processing file /home/airflow/.local/lib/python3.12/site-packages/airflow/example_dags/example_python_operator.py for tasks to queue
[2026-01-05T17:22:02.410+0000] {logging_mixin.py:190} INFO - [2026-01-05T17:22:02.409+0000] {dagbag.py:587} INFO - Filling up the DagBag from /home/airflow/.local/lib/python3.12/site-packages/airflow/example_dags/example_python_operator.py
[2026-01-05T17:22:02.421+0000] {processor.py:925} INFO - DAG(s) 'example_python_operator' retrieved from /home/airflow/.local/lib/python3.12/site-packages/airflow/example_dags/example_python_operator.py
[2026-01-05T17:22:02.450+0000] {logging_mixin.py:190} INFO - [2026-01-05T17:22:02.449+0000] {dag.py:3211} INFO - Sync 1 DAGs
[2026-01-05T17:22:02.463+0000] {logging_mixin.py:190} INFO - [2026-01-05T17:22:02.462+0000] {dag.py:4138} INFO - Setting next_dagrun for example_python_operator to None, run_after=None
[2026-01-05T17:22:02.485+0000] {processor.py:208} INFO - Processing /home/airflow/.local/lib/python3.12/site-packages/airflow/example_dags/example_python_operator.py took 0.087 seconds
[2026-01-05T17:22:33.704+0000] {processor.py:186} INFO - Started process (PID=751) to work on /home/airflow/.local/lib/python3.12/site-packages/airflow/example_dags/example_python_operator.py
[2026-01-05T17:22:33.706+0000] {processor.py:914} INFO - Processing file /home/airflow/.local/lib/python3.12/site-packages/airflow/example_dags/example_python_operator.py for tasks to queue
[2026-01-05T17:22:33.710+0000] {logging_mixin.py:190} INFO - [2026-01-05T17:22:33.709+0000] {dagbag.py:587} INFO - Filling up the DagBag from /home/airflow/.local/lib/python3.12/site-packages/airflow/example_dags/example_python_operator.py
[2026-01-05T17:22:33.732+0000] {processor.py:925} INFO - DAG(s) 'example_python_operator' retrieved from /home/airflow/.local/lib/python3.12/site-packages/airflow/example_dags/example_python_operator.py
[2026-01-05T17:22:33.790+0000] {logging_mixin.py:190} INFO - [2026-01-05T17:22:33.790+0000] {dag.py:3211} INFO - Sync 1 DAGs
[2026-01-05T17:22:33.827+0000] {logging_mixin.py:190} INFO - [2026-01-05T17:22:33.826+0000] {dag.py:4138} INFO - Setting next_dagrun for example_python_operator to None, run_after=None
[2026-01-05T17:22:33.877+0000] {processor.py:208} INFO - Processing /home/airflow/.local/lib/python3.12/site-packages/airflow/example_dags/example_python_operator.py took 0.183 seconds
[2026-01-05T17:23:04.077+0000] {processor.py:186} INFO - Started process (PID=817) to work on /home/airflow/.local/lib/python3.12/site-packages/airflow/example_dags/example_python_operator.py
[2026-01-05T17:23:04.079+0000] {processor.py:914} INFO - Processing file /home/airflow/.local/lib/python3.12/site-packages/airflow/example_dags/example_python_operator.py for tasks to queue
[2026-01-05T17:23:04.082+0000] {logging_mixin.py:190} INFO - [2026-01-05T17:23:04.081+0000] {dagbag.py:587} INFO - Filling up the DagBag from /home/airflow/.local/lib/python3.12/site-packages/airflow/example_dags/example_python_operator.py
[2026-01-05T17:23:04.096+0000] {processor.py:925} INFO - DAG(s) 'example_python_operator' retrieved from /home/airflow/.local/lib/python3.12/site-packages/airflow/example_dags/example_python_operator.py
[2026-01-05T17:23:04.133+0000] {logging_mixin.py:190} INFO - [2026-01-05T17:23:04.133+0000] {dag.py:3211} INFO - Sync 1 DAGs
[2026-01-05T17:23:04.153+0000] {logging_mixin.py:190} INFO - [2026-01-05T17:23:04.152+0000] {dag.py:4138} INFO - Setting next_dagrun for example_python_operator to None, run_after=None
[2026-01-05T17:23:04.182+0000] {processor.py:208} INFO - Processing /home/airflow/.local/lib/python3.12/site-packages/airflow/example_dags/example_python_operator.py took 0.115 seconds
[2026-01-05T17:23:34.292+0000] {processor.py:186} INFO - Started process (PID=883) to work on /home/airflow/.local/lib/python3.12/site-packages/airflow/example_dags/example_python_operator.py
[2026-01-05T17:23:34.293+0000] {processor.py:914} INFO - Processing file /home/airflow/.local/lib/python3.12/site-packages/airflow/example_dags/example_python_operator.py for tasks to queue
[2026-01-05T17:23:34.296+0000] {logging_mixin.py:190} INFO - [2026-01-05T17:23:34.295+0000] {dagbag.py:587} INFO - Filling up the DagBag from /home/airflow/.local/lib/python3.12/site-packages/airflow/example_dags/example_python_operator.py
[2026-01-05T17:23:34.306+0000] {processor.py:925} INFO - DAG(s) 'example_python_operator' retrieved from /home/airflow/.local/lib/python3.12/site-packages/airflow/example_dags/example_python_operator.py
[2026-01-05T17:23:34.329+0000] {logging_mixin.py:190} INFO - [2026-01-05T17:23:34.328+0000] {dag.py:3211} INFO - Sync 1 DAGs
[2026-01-05T17:23:34.343+0000] {logging_mixin.py:190} INFO - [2026-01-05T17:23:34.343+0000] {dag.py:4138} INFO - Setting next_dagrun for example_python_operator to None, run_after=None
[2026-01-05T17:23:34.363+0000] {processor.py:208} INFO - Processing /home/airflow/.local/lib/python3.12/site-packages/airflow/example_dags/example_python_operator.py took 0.077 seconds
[2026-01-05T17:24:04.615+0000] {processor.py:186} INFO - Started process (PID=948) to work on /home/airflow/.local/lib/python3.12/site-packages/airflow/example_dags/example_python_operator.py
[2026-01-05T17:24:04.618+0000] {processor.py:914} INFO - Processing file /home/airflow/.local/lib/python3.12/site-packages/airflow/example_dags/example_python_operator.py for tasks to queue
[2026-01-05T17:24:04.623+0000] {logging_mixin.py:190} INFO - [2026-01-05T17:24:04.623+0000] {dagbag.py:587} INFO - Filling up the DagBag from /home/airflow/.local/lib/python3.12/site-packages/airflow/example_dags/example_python_operator.py
[2026-01-05T17:24:04.642+0000] {processor.py:925} INFO - DAG(s) 'example_python_operator' retrieved from /home/airflow/.local/lib/python3.12/site-packages/airflow/example_dags/example_python_operator.py
[2026-01-05T17:24:04.671+0000] {logging_mixin.py:190} INFO - [2026-01-05T17:24:04.671+0000] {dag.py:3211} INFO - Sync 1 DAGs
[2026-01-05T17:24:04.690+0000] {logging_mixin.py:190} INFO - [2026-01-05T17:24:04.689+0000] {dag.py:4138} INFO - Setting next_dagrun for example_python_operator to None, run_after=None
[2026-01-05T17:24:04.717+0000] {processor.py:208} INFO - Processing /home/airflow/.local/lib/python3.12/site-packages/airflow/example_dags/example_python_operator.py took 0.109 seconds
[2026-01-05T17:24:35.543+0000] {processor.py:186} INFO - Started process (PID=1015) to work on /home/airflow/.local/lib/python3.12/site-packages/airflow/example_dags/example_python_operator.py
[2026-01-05T17:24:35.544+0000] {processor.py:914} INFO - Processing file /home/airflow/.local/lib/python3.12/site-packages/airflow/example_dags/example_python_operator.py for tasks to queue
[2026-01-05T17:24:35.547+0000] {logging_mixin.py:190} INFO - [2026-01-05T17:24:35.547+0000] {dagbag.py:587} INFO - Filling up the DagBag from /home/airflow/.local/lib/python3.12/site-packages/airflow/example_dags/example_python_operator.py
[2026-01-05T17:24:35.558+0000] {processor.py:925} INFO - DAG(s) 'example_python_operator' retrieved from /home/airflow/.local/lib/python3.12/site-packages/airflow/example_dags/example_python_operator.py
[2026-01-05T17:24:35.582+0000] {logging_mixin.py:190} INFO - [2026-01-05T17:24:35.581+0000] {dag.py:3211} INFO - Sync 1 DAGs
[2026-01-05T17:24:35.595+0000] {logging_mixin.py:190} INFO - [2026-01-05T17:24:35.595+0000] {dag.py:4138} INFO - Setting next_dagrun for example_python_operator to None, run_after=None
[2026-01-05T17:24:35.629+0000] {processor.py:208} INFO - Processing /home/airflow/.local/lib/python3.12/site-packages/airflow/example_dags/example_python_operator.py took 0.092 seconds
[2026-01-05T17:25:06.000+0000] {processor.py:186} INFO - Started process (PID=1081) to work on /home/airflow/.local/lib/python3.12/site-packages/airflow/example_dags/example_python_operator.py
[2026-01-05T17:25:06.001+0000] {processor.py:914} INFO - Processing file /home/airflow/.local/lib/python3.12/site-packages/airflow/example_dags/example_python_operator.py for tasks to queue
[2026-01-05T17:25:06.004+0000] {logging_mixin.py:190} INFO - [2026-01-05T17:25:06.003+0000] {dagbag.py:587} INFO - Filling up the DagBag from /home/airflow/.local/lib/python3.12/site-packages/airflow/example_dags/example_python_operator.py
[2026-01-05T17:25:06.019+0000] {processor.py:925} INFO - DAG(s) 'example_python_operator' retrieved from /home/airflow/.local/lib/python3.12/site-packages/airflow/example_dags/example_python_operator.py
[2026-01-05T17:25:06.044+0000] {logging_mixin.py:190} INFO - [2026-01-05T17:25:06.043+0000] {dag.py:3211} INFO - Sync 1 DAGs
[2026-01-05T17:25:06.060+0000] {logging_mixin.py:190} INFO - [2026-01-05T17:25:06.060+0000] {dag.py:4138} INFO - Setting next_dagrun for example_python_operator to None, run_after=None
[2026-01-05T17:25:06.082+0000] {processor.py:208} INFO - Processing /home/airflow/.local/lib/python3.12/site-packages/airflow/example_dags/example_python_operator.py took 0.090 seconds
[2026-01-05T17:25:36.479+0000] {processor.py:186} INFO - Started process (PID=1147) to work on /home/airflow/.local/lib/python3.12/site-packages/airflow/example_dags/example_python_operator.py
[2026-01-05T17:25:36.481+0000] {processor.py:914} INFO - Processing file /home/airflow/.local/lib/python3.12/site-packages/airflow/example_dags/example_python_operator.py for tasks to queue
[2026-01-05T17:25:36.485+0000] {logging_mixin.py:190} INFO - [2026-01-05T17:25:36.485+0000] {dagbag.py:587} INFO - Filling up the DagBag from /home/airflow/.local/lib/python3.12/site-packages/airflow/example_dags/example_python_operator.py
[2026-01-05T17:25:36.502+0000] {processor.py:925} INFO - DAG(s) 'example_python_operator' retrieved from /home/airflow/.local/lib/python3.12/site-packages/airflow/example_dags/example_python_operator.py
[2026-01-05T17:25:36.531+0000] {logging_mixin.py:190} INFO - [2026-01-05T17:25:36.531+0000] {dag.py:3211} INFO - Sync 1 DAGs
[2026-01-05T17:25:36.546+0000] {logging_mixin.py:190} INFO - [2026-01-05T17:25:36.546+0000] {dag.py:4138} INFO - Setting next_dagrun for example_python_operator to None, run_after=None
[2026-01-05T17:25:36.566+0000] {processor.py:208} INFO - Processing /home/airflow/.local/lib/python3.12/site-packages/airflow/example_dags/example_python_operator.py took 0.094 seconds
[2026-01-05T17:26:07.090+0000] {processor.py:186} INFO - Started process (PID=1213) to work on /home/airflow/.local/lib/python3.12/site-packages/airflow/example_dags/example_python_operator.py
[2026-01-05T17:26:07.092+0000] {processor.py:914} INFO - Processing file /home/airflow/.local/lib/python3.12/site-packages/airflow/example_dags/example_python_operator.py for tasks to queue
[2026-01-05T17:26:07.097+0000] {logging_mixin.py:190} INFO - [2026-01-05T17:26:07.096+0000] {dagbag.py:587} INFO - Filling up the DagBag from /home/airflow/.local/lib/python3.12/site-packages/airflow/example_dags/example_python_operator.py
[2026-01-05T17:26:07.127+0000] {processor.py:925} INFO - DAG(s) 'example_python_operator' retrieved from /home/airflow/.local/lib/python3.12/site-packages/airflow/example_dags/example_python_operator.py
[2026-01-05T17:26:07.175+0000] {logging_mixin.py:190} INFO - [2026-01-05T17:26:07.173+0000] {dag.py:3211} INFO - Sync 1 DAGs
[2026-01-05T17:26:07.193+0000] {logging_mixin.py:190} INFO - [2026-01-05T17:26:07.193+0000] {dag.py:4138} INFO - Setting next_dagrun for example_python_operator to None, run_after=None
[2026-01-05T17:26:07.214+0000] {processor.py:208} INFO - Processing /home/airflow/.local/lib/python3.12/site-packages/airflow/example_dags/example_python_operator.py took 0.136 seconds
[2026-01-05T17:26:37.747+0000] {processor.py:186} INFO - Started process (PID=1279) to work on /home/airflow/.local/lib/python3.12/site-packages/airflow/example_dags/example_python_operator.py
[2026-01-05T17:26:37.748+0000] {processor.py:914} INFO - Processing file /home/airflow/.local/lib/python3.12/site-packages/airflow/example_dags/example_python_operator.py for tasks to queue
[2026-01-05T17:26:37.751+0000] {logging_mixin.py:190} INFO - [2026-01-05T17:26:37.751+0000] {dagbag.py:587} INFO - Filling up the DagBag from /home/airflow/.local/lib/python3.12/site-packages/airflow/example_dags/example_python_operator.py
[2026-01-05T17:26:37.763+0000] {processor.py:925} INFO - DAG(s) 'example_python_operator' retrieved from /home/airflow/.local/lib/python3.12/site-packages/airflow/example_dags/example_python_operator.py
[2026-01-05T17:26:37.785+0000] {logging_mixin.py:190} INFO - [2026-01-05T17:26:37.785+0000] {dag.py:3211} INFO - Sync 1 DAGs
[2026-01-05T17:26:37.798+0000] {logging_mixin.py:190} INFO - [2026-01-05T17:26:37.797+0000] {dag.py:4138} INFO - Setting next_dagrun for example_python_operator to None, run_after=None
[2026-01-05T17:26:37.816+0000] {processor.py:208} INFO - Processing /home/airflow/.local/lib/python3.12/site-packages/airflow/example_dags/example_python_operator.py took 0.075 seconds
[2026-01-05T17:27:08.301+0000] {processor.py:186} INFO - Started process (PID=1345) to work on /home/airflow/.local/lib/python3.12/site-packages/airflow/example_dags/example_python_operator.py
[2026-01-05T17:27:08.303+0000] {processor.py:914} INFO - Processing file /home/airflow/.local/lib/python3.12/site-packages/airflow/example_dags/example_python_operator.py for tasks to queue
[2026-01-05T17:27:08.306+0000] {logging_mixin.py:190} INFO - [2026-01-05T17:27:08.306+0000] {dagbag.py:587} INFO - Filling up the DagBag from /home/airflow/.local/lib/python3.12/site-packages/airflow/example_dags/example_python_operator.py
[2026-01-05T17:27:08.322+0000] {processor.py:925} INFO - DAG(s) 'example_python_operator' retrieved from /home/airflow/.local/lib/python3.12/site-packages/airflow/example_dags/example_python_operator.py
[2026-01-05T17:27:08.356+0000] {logging_mixin.py:190} INFO - [2026-01-05T17:27:08.356+0000] {dag.py:3211} INFO - Sync 1 DAGs
[2026-01-05T17:27:08.373+0000] {logging_mixin.py:190} INFO - [2026-01-05T17:27:08.373+0000] {dag.py:4138} INFO - Setting next_dagrun for example_python_operator to None, run_after=None
[2026-01-05T17:27:08.400+0000] {processor.py:208} INFO - Processing /home/airflow/.local/lib/python3.12/site-packages/airflow/example_dags/example_python_operator.py took 0.106 seconds
[2026-01-05T17:27:39.036+0000] {processor.py:186} INFO - Started process (PID=1411) to work on /home/airflow/.local/lib/python3.12/site-packages/airflow/example_dags/example_python_operator.py
[2026-01-05T17:27:39.037+0000] {processor.py:914} INFO - Processing file /home/airflow/.local/lib/python3.12/site-packages/airflow/example_dags/example_python_operator.py for tasks to queue
[2026-01-05T17:27:39.042+0000] {logging_mixin.py:190} INFO - [2026-01-05T17:27:39.041+0000] {dagbag.py:587} INFO - Filling up the DagBag from /home/airflow/.local/lib/python3.12/site-packages/airflow/example_dags/example_python_operator.py
[2026-01-05T17:27:39.054+0000] {processor.py:925} INFO - DAG(s) 'example_python_operator' retrieved from /home/airflow/.local/lib/python3.12/site-packages/airflow/example_dags/example_python_operator.py
[2026-01-05T17:27:39.082+0000] {logging_mixin.py:190} INFO - [2026-01-05T17:27:39.082+0000] {dag.py:3211} INFO - Sync 1 DAGs
[2026-01-05T17:27:39.100+0000] {logging_mixin.py:190} INFO - [2026-01-05T17:27:39.099+0000] {dag.py:4138} INFO - Setting next_dagrun for example_python_operator to None, run_after=None
[2026-01-05T17:27:39.132+0000] {processor.py:208} INFO - Processing /home/airflow/.local/lib/python3.12/site-packages/airflow/example_dags/example_python_operator.py took 0.104 seconds
[2026-01-05T17:28:09.372+0000] {processor.py:186} INFO - Started process (PID=1476) to work on /home/airflow/.local/lib/python3.12/site-packages/airflow/example_dags/example_python_operator.py
[2026-01-05T17:28:09.374+0000] {processor.py:914} INFO - Processing file /home/airflow/.local/lib/python3.12/site-packages/airflow/example_dags/example_python_operator.py for tasks to queue
[2026-01-05T17:28:09.379+0000] {logging_mixin.py:190} INFO - [2026-01-05T17:28:09.378+0000] {dagbag.py:587} INFO - Filling up the DagBag from /home/airflow/.local/lib/python3.12/site-packages/airflow/example_dags/example_python_operator.py
[2026-01-05T17:28:09.394+0000] {processor.py:925} INFO - DAG(s) 'example_python_operator' retrieved from /home/airflow/.local/lib/python3.12/site-packages/airflow/example_dags/example_python_operator.py
[2026-01-05T17:28:09.433+0000] {logging_mixin.py:190} INFO - [2026-01-05T17:28:09.432+0000] {dag.py:3211} INFO - Sync 1 DAGs
[2026-01-05T17:28:09.457+0000] {logging_mixin.py:190} INFO - [2026-01-05T17:28:09.456+0000] {dag.py:4138} INFO - Setting next_dagrun for example_python_operator to None, run_after=None
[2026-01-05T17:28:09.487+0000] {processor.py:208} INFO - Processing /home/airflow/.local/lib/python3.12/site-packages/airflow/example_dags/example_python_operator.py took 0.121 seconds
[2026-01-05T17:28:40.243+0000] {processor.py:186} INFO - Started process (PID=1542) to work on /home/airflow/.local/lib/python3.12/site-packages/airflow/example_dags/example_python_operator.py
[2026-01-05T17:28:40.244+0000] {processor.py:914} INFO - Processing file /home/airflow/.local/lib/python3.12/site-packages/airflow/example_dags/example_python_operator.py for tasks to queue
[2026-01-05T17:28:40.248+0000] {logging_mixin.py:190} INFO - [2026-01-05T17:28:40.247+0000] {dagbag.py:587} INFO - Filling up the DagBag from /home/airflow/.local/lib/python3.12/site-packages/airflow/example_dags/example_python_operator.py
[2026-01-05T17:28:40.261+0000] {processor.py:925} INFO - DAG(s) 'example_python_operator' retrieved from /home/airflow/.local/lib/python3.12/site-packages/airflow/example_dags/example_python_operator.py
[2026-01-05T17:28:40.303+0000] {logging_mixin.py:190} INFO - [2026-01-05T17:28:40.303+0000] {dag.py:3211} INFO - Sync 1 DAGs
[2026-01-05T17:28:40.325+0000] {logging_mixin.py:190} INFO - [2026-01-05T17:28:40.325+0000] {dag.py:4138} INFO - Setting next_dagrun for example_python_operator to None, run_after=None
[2026-01-05T17:28:40.355+0000] {processor.py:208} INFO - Processing /home/airflow/.local/lib/python3.12/site-packages/airflow/example_dags/example_python_operator.py took 0.121 seconds
[2026-01-05T17:29:11.154+0000] {processor.py:186} INFO - Started process (PID=1608) to work on /home/airflow/.local/lib/python3.12/site-packages/airflow/example_dags/example_python_operator.py
[2026-01-05T17:29:11.156+0000] {processor.py:914} INFO - Processing file /home/airflow/.local/lib/python3.12/site-packages/airflow/example_dags/example_python_operator.py for tasks to queue
[2026-01-05T17:29:11.160+0000] {logging_mixin.py:190} INFO - [2026-01-05T17:29:11.159+0000] {dagbag.py:587} INFO - Filling up the DagBag from /home/airflow/.local/lib/python3.12/site-packages/airflow/example_dags/example_python_operator.py
[2026-01-05T17:29:11.179+0000] {processor.py:925} INFO - DAG(s) 'example_python_operator' retrieved from /home/airflow/.local/lib/python3.12/site-packages/airflow/example_dags/example_python_operator.py
[2026-01-05T17:29:11.210+0000] {logging_mixin.py:190} INFO - [2026-01-05T17:29:11.210+0000] {dag.py:3211} INFO - Sync 1 DAGs
[2026-01-05T17:29:11.236+0000] {logging_mixin.py:190} INFO - [2026-01-05T17:29:11.235+0000] {dag.py:4138} INFO - Setting next_dagrun for example_python_operator to None, run_after=None
[2026-01-05T17:29:11.267+0000] {processor.py:208} INFO - Processing /home/airflow/.local/lib/python3.12/site-packages/airflow/example_dags/example_python_operator.py took 0.122 seconds
[2026-01-05T17:29:41.823+0000] {processor.py:186} INFO - Started process (PID=1674) to work on /home/airflow/.local/lib/python3.12/site-packages/airflow/example_dags/example_python_operator.py
[2026-01-05T17:29:41.824+0000] {processor.py:914} INFO - Processing file /home/airflow/.local/lib/python3.12/site-packages/airflow/example_dags/example_python_operator.py for tasks to queue
[2026-01-05T17:29:41.828+0000] {logging_mixin.py:190} INFO - [2026-01-05T17:29:41.828+0000] {dagbag.py:587} INFO - Filling up the DagBag from /home/airflow/.local/lib/python3.12/site-packages/airflow/example_dags/example_python_operator.py
[2026-01-05T17:29:41.844+0000] {processor.py:925} INFO - DAG(s) 'example_python_operator' retrieved from /home/airflow/.local/lib/python3.12/site-packages/airflow/example_dags/example_python_operator.py
[2026-01-05T17:29:41.874+0000] {logging_mixin.py:190} INFO - [2026-01-05T17:29:41.874+0000] {dag.py:3211} INFO - Sync 1 DAGs
[2026-01-05T17:29:41.890+0000] {logging_mixin.py:190} INFO - [2026-01-05T17:29:41.890+0000] {dag.py:4138} INFO - Setting next_dagrun for example_python_operator to None, run_after=None
[2026-01-05T17:29:41.918+0000] {processor.py:208} INFO - Processing /home/airflow/.local/lib/python3.12/site-packages/airflow/example_dags/example_python_operator.py took 0.105 seconds
[2026-01-05T17:30:12.119+0000] {processor.py:186} INFO - Started process (PID=1739) to work on /home/airflow/.local/lib/python3.12/site-packages/airflow/example_dags/example_python_operator.py
[2026-01-05T17:30:12.121+0000] {processor.py:914} INFO - Processing file /home/airflow/.local/lib/python3.12/site-packages/airflow/example_dags/example_python_operator.py for tasks to queue
[2026-01-05T17:30:12.125+0000] {logging_mixin.py:190} INFO - [2026-01-05T17:30:12.124+0000] {dagbag.py:587} INFO - Filling up the DagBag from /home/airflow/.local/lib/python3.12/site-packages/airflow/example_dags/example_python_operator.py
[2026-01-05T17:30:12.137+0000] {processor.py:925} INFO - DAG(s) 'example_python_operator' retrieved from /home/airflow/.local/lib/python3.12/site-packages/airflow/example_dags/example_python_operator.py
[2026-01-05T17:30:12.167+0000] {logging_mixin.py:190} INFO - [2026-01-05T17:30:12.166+0000] {dag.py:3211} INFO - Sync 1 DAGs
[2026-01-05T17:30:12.183+0000] {logging_mixin.py:190} INFO - [2026-01-05T17:30:12.182+0000] {dag.py:4138} INFO - Setting next_dagrun for example_python_operator to None, run_after=None
[2026-01-05T17:30:12.206+0000] {processor.py:208} INFO - Processing /home/airflow/.local/lib/python3.12/site-packages/airflow/example_dags/example_python_operator.py took 0.094 seconds
[2026-01-05T17:30:42.562+0000] {processor.py:186} INFO - Started process (PID=1806) to work on /home/airflow/.local/lib/python3.12/site-packages/airflow/example_dags/example_python_operator.py
[2026-01-05T17:30:42.565+0000] {processor.py:914} INFO - Processing file /home/airflow/.local/lib/python3.12/site-packages/airflow/example_dags/example_python_operator.py for tasks to queue
[2026-01-05T17:30:42.569+0000] {logging_mixin.py:190} INFO - [2026-01-05T17:30:42.569+0000] {dagbag.py:587} INFO - Filling up the DagBag from /home/airflow/.local/lib/python3.12/site-packages/airflow/example_dags/example_python_operator.py
[2026-01-05T17:30:42.587+0000] {processor.py:925} INFO - DAG(s) 'example_python_operator' retrieved from /home/airflow/.local/lib/python3.12/site-packages/airflow/example_dags/example_python_operator.py
[2026-01-05T17:30:42.622+0000] {logging_mixin.py:190} INFO - [2026-01-05T17:30:42.622+0000] {dag.py:3211} INFO - Sync 1 DAGs
[2026-01-05T17:30:42.642+0000] {logging_mixin.py:190} INFO - [2026-01-05T17:30:42.642+0000] {dag.py:4138} INFO - Setting next_dagrun for example_python_operator to None, run_after=None
[2026-01-05T17:30:42.666+0000] {processor.py:208} INFO - Processing /home/airflow/.local/lib/python3.12/site-packages/airflow/example_dags/example_python_operator.py took 0.113 seconds
[2026-01-05T17:31:13.218+0000] {processor.py:186} INFO - Started process (PID=1872) to work on /home/airflow/.local/lib/python3.12/site-packages/airflow/example_dags/example_python_operator.py
[2026-01-05T17:31:13.220+0000] {processor.py:914} INFO - Processing file /home/airflow/.local/lib/python3.12/site-packages/airflow/example_dags/example_python_operator.py for tasks to queue
[2026-01-05T17:31:13.223+0000] {logging_mixin.py:190} INFO - [2026-01-05T17:31:13.223+0000] {dagbag.py:587} INFO - Filling up the DagBag from /home/airflow/.local/lib/python3.12/site-packages/airflow/example_dags/example_python_operator.py
[2026-01-05T17:31:13.235+0000] {processor.py:925} INFO - DAG(s) 'example_python_operator' retrieved from /home/airflow/.local/lib/python3.12/site-packages/airflow/example_dags/example_python_operator.py
[2026-01-05T17:31:13.264+0000] {logging_mixin.py:190} INFO - [2026-01-05T17:31:13.264+0000] {dag.py:3211} INFO - Sync 1 DAGs
[2026-01-05T17:31:13.279+0000] {logging_mixin.py:190} INFO - [2026-01-05T17:31:13.279+0000] {dag.py:4138} INFO - Setting next_dagrun for example_python_operator to None, run_after=None
[2026-01-05T17:31:13.309+0000] {processor.py:208} INFO - Processing /home/airflow/.local/lib/python3.12/site-packages/airflow/example_dags/example_python_operator.py took 0.099 seconds
[2026-01-05T17:31:43.558+0000] {processor.py:186} INFO - Started process (PID=1938) to work on /home/airflow/.local/lib/python3.12/site-packages/airflow/example_dags/example_python_operator.py
[2026-01-05T17:31:43.559+0000] {processor.py:914} INFO - Processing file /home/airflow/.local/lib/python3.12/site-packages/airflow/example_dags/example_python_operator.py for tasks to queue
[2026-01-05T17:31:43.562+0000] {logging_mixin.py:190} INFO - [2026-01-05T17:31:43.562+0000] {dagbag.py:587} INFO - Filling up the DagBag from /home/airflow/.local/lib/python3.12/site-packages/airflow/example_dags/example_python_operator.py
[2026-01-05T17:31:43.574+0000] {processor.py:925} INFO - DAG(s) 'example_python_operator' retrieved from /home/airflow/.local/lib/python3.12/site-packages/airflow/example_dags/example_python_operator.py
[2026-01-05T17:31:43.599+0000] {logging_mixin.py:190} INFO - [2026-01-05T17:31:43.598+0000] {dag.py:3211} INFO - Sync 1 DAGs
[2026-01-05T17:31:43.613+0000] {logging_mixin.py:190} INFO - [2026-01-05T17:31:43.613+0000] {dag.py:4138} INFO - Setting next_dagrun for example_python_operator to None, run_after=None
[2026-01-05T17:31:43.634+0000] {processor.py:208} INFO - Processing /home/airflow/.local/lib/python3.12/site-packages/airflow/example_dags/example_python_operator.py took 0.084 seconds
[2026-01-05T17:32:14.115+0000] {processor.py:186} INFO - Started process (PID=2004) to work on /home/airflow/.local/lib/python3.12/site-packages/airflow/example_dags/example_python_operator.py
[2026-01-05T17:32:14.117+0000] {processor.py:914} INFO - Processing file /home/airflow/.local/lib/python3.12/site-packages/airflow/example_dags/example_python_operator.py for tasks to queue
[2026-01-05T17:32:14.122+0000] {logging_mixin.py:190} INFO - [2026-01-05T17:32:14.122+0000] {dagbag.py:587} INFO - Filling up the DagBag from /home/airflow/.local/lib/python3.12/site-packages/airflow/example_dags/example_python_operator.py
[2026-01-05T17:32:14.135+0000] {processor.py:925} INFO - DAG(s) 'example_python_operator' retrieved from /home/airflow/.local/lib/python3.12/site-packages/airflow/example_dags/example_python_operator.py
[2026-01-05T17:32:14.162+0000] {logging_mixin.py:190} INFO - [2026-01-05T17:32:14.161+0000] {dag.py:3211} INFO - Sync 1 DAGs
[2026-01-05T17:32:14.184+0000] {logging_mixin.py:190} INFO - [2026-01-05T17:32:14.184+0000] {dag.py:4138} INFO - Setting next_dagrun for example_python_operator to None, run_after=None
[2026-01-05T17:32:14.210+0000] {processor.py:208} INFO - Processing /home/airflow/.local/lib/python3.12/site-packages/airflow/example_dags/example_python_operator.py took 0.102 seconds
[2026-01-05T17:32:44.451+0000] {processor.py:186} INFO - Started process (PID=2069) to work on /home/airflow/.local/lib/python3.12/site-packages/airflow/example_dags/example_python_operator.py
[2026-01-05T17:32:44.452+0000] {processor.py:914} INFO - Processing file /home/airflow/.local/lib/python3.12/site-packages/airflow/example_dags/example_python_operator.py for tasks to queue
[2026-01-05T17:32:44.456+0000] {logging_mixin.py:190} INFO - [2026-01-05T17:32:44.455+0000] {dagbag.py:587} INFO - Filling up the DagBag from /home/airflow/.local/lib/python3.12/site-packages/airflow/example_dags/example_python_operator.py
[2026-01-05T17:32:44.471+0000] {processor.py:925} INFO - DAG(s) 'example_python_operator' retrieved from /home/airflow/.local/lib/python3.12/site-packages/airflow/example_dags/example_python_operator.py
[2026-01-05T17:32:44.502+0000] {logging_mixin.py:190} INFO - [2026-01-05T17:32:44.501+0000] {dag.py:3211} INFO - Sync 1 DAGs
[2026-01-05T17:32:44.517+0000] {logging_mixin.py:190} INFO - [2026-01-05T17:32:44.516+0000] {dag.py:4138} INFO - Setting next_dagrun for example_python_operator to None, run_after=None
[2026-01-05T17:32:44.541+0000] {processor.py:208} INFO - Processing /home/airflow/.local/lib/python3.12/site-packages/airflow/example_dags/example_python_operator.py took 0.097 seconds
[2026-01-05T17:33:14.636+0000] {processor.py:186} INFO - Started process (PID=2135) to work on /home/airflow/.local/lib/python3.12/site-packages/airflow/example_dags/example_python_operator.py
[2026-01-05T17:33:14.638+0000] {processor.py:914} INFO - Processing file /home/airflow/.local/lib/python3.12/site-packages/airflow/example_dags/example_python_operator.py for tasks to queue
[2026-01-05T17:33:14.643+0000] {logging_mixin.py:190} INFO - [2026-01-05T17:33:14.642+0000] {dagbag.py:587} INFO - Filling up the DagBag from /home/airflow/.local/lib/python3.12/site-packages/airflow/example_dags/example_python_operator.py
[2026-01-05T17:33:14.669+0000] {processor.py:925} INFO - DAG(s) 'example_python_operator' retrieved from /home/airflow/.local/lib/python3.12/site-packages/airflow/example_dags/example_python_operator.py
[2026-01-05T17:33:14.723+0000] {logging_mixin.py:190} INFO - [2026-01-05T17:33:14.722+0000] {dag.py:3211} INFO - Sync 1 DAGs
[2026-01-05T17:33:14.762+0000] {logging_mixin.py:190} INFO - [2026-01-05T17:33:14.759+0000] {dag.py:4138} INFO - Setting next_dagrun for example_python_operator to None, run_after=None
[2026-01-05T17:33:15.044+0000] {processor.py:208} INFO - Processing /home/airflow/.local/lib/python3.12/site-packages/airflow/example_dags/example_python_operator.py took 0.420 seconds
[2026-01-05T17:33:45.204+0000] {processor.py:186} INFO - Started process (PID=2201) to work on /home/airflow/.local/lib/python3.12/site-packages/airflow/example_dags/example_python_operator.py
[2026-01-05T17:33:45.207+0000] {processor.py:914} INFO - Processing file /home/airflow/.local/lib/python3.12/site-packages/airflow/example_dags/example_python_operator.py for tasks to queue
[2026-01-05T17:33:45.211+0000] {logging_mixin.py:190} INFO - [2026-01-05T17:33:45.211+0000] {dagbag.py:587} INFO - Filling up the DagBag from /home/airflow/.local/lib/python3.12/site-packages/airflow/example_dags/example_python_operator.py
[2026-01-05T17:33:45.226+0000] {processor.py:925} INFO - DAG(s) 'example_python_operator' retrieved from /home/airflow/.local/lib/python3.12/site-packages/airflow/example_dags/example_python_operator.py
[2026-01-05T17:33:45.254+0000] {logging_mixin.py:190} INFO - [2026-01-05T17:33:45.254+0000] {dag.py:3211} INFO - Sync 1 DAGs
[2026-01-05T17:33:45.268+0000] {logging_mixin.py:190} INFO - [2026-01-05T17:33:45.268+0000] {dag.py:4138} INFO - Setting next_dagrun for example_python_operator to None, run_after=None
[2026-01-05T17:33:45.440+0000] {processor.py:208} INFO - Processing /home/airflow/.local/lib/python3.12/site-packages/airflow/example_dags/example_python_operator.py took 0.243 seconds
[2026-01-05T17:34:15.981+0000] {processor.py:186} INFO - Started process (PID=2267) to work on /home/airflow/.local/lib/python3.12/site-packages/airflow/example_dags/example_python_operator.py
[2026-01-05T17:34:15.982+0000] {processor.py:914} INFO - Processing file /home/airflow/.local/lib/python3.12/site-packages/airflow/example_dags/example_python_operator.py for tasks to queue
[2026-01-05T17:34:15.987+0000] {logging_mixin.py:190} INFO - [2026-01-05T17:34:15.986+0000] {dagbag.py:587} INFO - Filling up the DagBag from /home/airflow/.local/lib/python3.12/site-packages/airflow/example_dags/example_python_operator.py
[2026-01-05T17:34:16.003+0000] {processor.py:925} INFO - DAG(s) 'example_python_operator' retrieved from /home/airflow/.local/lib/python3.12/site-packages/airflow/example_dags/example_python_operator.py
[2026-01-05T17:34:16.029+0000] {logging_mixin.py:190} INFO - [2026-01-05T17:34:16.029+0000] {dag.py:3211} INFO - Sync 1 DAGs
[2026-01-05T17:34:16.045+0000] {logging_mixin.py:190} INFO - [2026-01-05T17:34:16.045+0000] {dag.py:4138} INFO - Setting next_dagrun for example_python_operator to None, run_after=None
[2026-01-05T17:34:16.074+0000] {processor.py:208} INFO - Processing /home/airflow/.local/lib/python3.12/site-packages/airflow/example_dags/example_python_operator.py took 0.101 seconds
[2026-01-05T17:34:46.603+0000] {processor.py:186} INFO - Started process (PID=2333) to work on /home/airflow/.local/lib/python3.12/site-packages/airflow/example_dags/example_python_operator.py
[2026-01-05T17:34:46.605+0000] {processor.py:914} INFO - Processing file /home/airflow/.local/lib/python3.12/site-packages/airflow/example_dags/example_python_operator.py for tasks to queue
[2026-01-05T17:34:46.611+0000] {logging_mixin.py:190} INFO - [2026-01-05T17:34:46.610+0000] {dagbag.py:587} INFO - Filling up the DagBag from /home/airflow/.local/lib/python3.12/site-packages/airflow/example_dags/example_python_operator.py
[2026-01-05T17:34:46.624+0000] {processor.py:925} INFO - DAG(s) 'example_python_operator' retrieved from /home/airflow/.local/lib/python3.12/site-packages/airflow/example_dags/example_python_operator.py
[2026-01-05T17:34:46.646+0000] {logging_mixin.py:190} INFO - [2026-01-05T17:34:46.646+0000] {dag.py:3211} INFO - Sync 1 DAGs
[2026-01-05T17:34:46.664+0000] {logging_mixin.py:190} INFO - [2026-01-05T17:34:46.664+0000] {dag.py:4138} INFO - Setting next_dagrun for example_python_operator to None, run_after=None
[2026-01-05T17:34:46.692+0000] {processor.py:208} INFO - Processing /home/airflow/.local/lib/python3.12/site-packages/airflow/example_dags/example_python_operator.py took 0.097 seconds
[2026-01-05T17:35:16.905+0000] {processor.py:186} INFO - Started process (PID=2399) to work on /home/airflow/.local/lib/python3.12/site-packages/airflow/example_dags/example_python_operator.py
[2026-01-05T17:35:16.906+0000] {processor.py:914} INFO - Processing file /home/airflow/.local/lib/python3.12/site-packages/airflow/example_dags/example_python_operator.py for tasks to queue
[2026-01-05T17:35:16.909+0000] {logging_mixin.py:190} INFO - [2026-01-05T17:35:16.909+0000] {dagbag.py:587} INFO - Filling up the DagBag from /home/airflow/.local/lib/python3.12/site-packages/airflow/example_dags/example_python_operator.py
[2026-01-05T17:35:16.922+0000] {processor.py:925} INFO - DAG(s) 'example_python_operator' retrieved from /home/airflow/.local/lib/python3.12/site-packages/airflow/example_dags/example_python_operator.py
[2026-01-05T17:35:16.945+0000] {logging_mixin.py:190} INFO - [2026-01-05T17:35:16.944+0000] {dag.py:3211} INFO - Sync 1 DAGs
[2026-01-05T17:35:16.959+0000] {logging_mixin.py:190} INFO - [2026-01-05T17:35:16.959+0000] {dag.py:4138} INFO - Setting next_dagrun for example_python_operator to None, run_after=None
[2026-01-05T17:35:16.980+0000] {processor.py:208} INFO - Processing /home/airflow/.local/lib/python3.12/site-packages/airflow/example_dags/example_python_operator.py took 0.083 seconds
[2026-01-05T17:35:47.304+0000] {processor.py:186} INFO - Started process (PID=2466) to work on /home/airflow/.local/lib/python3.12/site-packages/airflow/example_dags/example_python_operator.py
[2026-01-05T17:35:47.306+0000] {processor.py:914} INFO - Processing file /home/airflow/.local/lib/python3.12/site-packages/airflow/example_dags/example_python_operator.py for tasks to queue
[2026-01-05T17:35:47.312+0000] {logging_mixin.py:190} INFO - [2026-01-05T17:35:47.311+0000] {dagbag.py:587} INFO - Filling up the DagBag from /home/airflow/.local/lib/python3.12/site-packages/airflow/example_dags/example_python_operator.py
[2026-01-05T17:35:47.346+0000] {processor.py:925} INFO - DAG(s) 'example_python_operator' retrieved from /home/airflow/.local/lib/python3.12/site-packages/airflow/example_dags/example_python_operator.py
[2026-01-05T17:35:47.401+0000] {logging_mixin.py:190} INFO - [2026-01-05T17:35:47.400+0000] {dag.py:3211} INFO - Sync 1 DAGs
[2026-01-05T17:35:47.432+0000] {logging_mixin.py:190} INFO - [2026-01-05T17:35:47.432+0000] {dag.py:4138} INFO - Setting next_dagrun for example_python_operator to None, run_after=None
[2026-01-05T17:35:47.471+0000] {processor.py:208} INFO - Processing /home/airflow/.local/lib/python3.12/site-packages/airflow/example_dags/example_python_operator.py took 0.185 seconds
[2026-01-05T17:36:18.005+0000] {processor.py:186} INFO - Started process (PID=2532) to work on /home/airflow/.local/lib/python3.12/site-packages/airflow/example_dags/example_python_operator.py
[2026-01-05T17:36:18.007+0000] {processor.py:914} INFO - Processing file /home/airflow/.local/lib/python3.12/site-packages/airflow/example_dags/example_python_operator.py for tasks to queue
[2026-01-05T17:36:18.012+0000] {logging_mixin.py:190} INFO - [2026-01-05T17:36:18.011+0000] {dagbag.py:587} INFO - Filling up the DagBag from /home/airflow/.local/lib/python3.12/site-packages/airflow/example_dags/example_python_operator.py
[2026-01-05T17:36:18.026+0000] {processor.py:925} INFO - DAG(s) 'example_python_operator' retrieved from /home/airflow/.local/lib/python3.12/site-packages/airflow/example_dags/example_python_operator.py
[2026-01-05T17:36:18.054+0000] {logging_mixin.py:190} INFO - [2026-01-05T17:36:18.054+0000] {dag.py:3211} INFO - Sync 1 DAGs
[2026-01-05T17:36:18.070+0000] {logging_mixin.py:190} INFO - [2026-01-05T17:36:18.070+0000] {dag.py:4138} INFO - Setting next_dagrun for example_python_operator to None, run_after=None
[2026-01-05T17:36:18.098+0000] {processor.py:208} INFO - Processing /home/airflow/.local/lib/python3.12/site-packages/airflow/example_dags/example_python_operator.py took 0.101 seconds
[2026-01-05T17:36:48.472+0000] {processor.py:186} INFO - Started process (PID=2598) to work on /home/airflow/.local/lib/python3.12/site-packages/airflow/example_dags/example_python_operator.py
[2026-01-05T17:36:48.474+0000] {processor.py:914} INFO - Processing file /home/airflow/.local/lib/python3.12/site-packages/airflow/example_dags/example_python_operator.py for tasks to queue
[2026-01-05T17:36:48.477+0000] {logging_mixin.py:190} INFO - [2026-01-05T17:36:48.476+0000] {dagbag.py:587} INFO - Filling up the DagBag from /home/airflow/.local/lib/python3.12/site-packages/airflow/example_dags/example_python_operator.py
[2026-01-05T17:36:48.490+0000] {processor.py:925} INFO - DAG(s) 'example_python_operator' retrieved from /home/airflow/.local/lib/python3.12/site-packages/airflow/example_dags/example_python_operator.py
[2026-01-05T17:36:48.523+0000] {logging_mixin.py:190} INFO - [2026-01-05T17:36:48.522+0000] {dag.py:3211} INFO - Sync 1 DAGs
[2026-01-05T17:36:48.540+0000] {logging_mixin.py:190} INFO - [2026-01-05T17:36:48.540+0000] {dag.py:4138} INFO - Setting next_dagrun for example_python_operator to None, run_after=None
[2026-01-05T17:36:48.569+0000] {processor.py:208} INFO - Processing /home/airflow/.local/lib/python3.12/site-packages/airflow/example_dags/example_python_operator.py took 0.106 seconds
[2026-01-05T17:37:18.952+0000] {processor.py:186} INFO - Started process (PID=2664) to work on /home/airflow/.local/lib/python3.12/site-packages/airflow/example_dags/example_python_operator.py
[2026-01-05T17:37:18.954+0000] {processor.py:914} INFO - Processing file /home/airflow/.local/lib/python3.12/site-packages/airflow/example_dags/example_python_operator.py for tasks to queue
[2026-01-05T17:37:18.957+0000] {logging_mixin.py:190} INFO - [2026-01-05T17:37:18.957+0000] {dagbag.py:587} INFO - Filling up the DagBag from /home/airflow/.local/lib/python3.12/site-packages/airflow/example_dags/example_python_operator.py
[2026-01-05T17:37:18.971+0000] {processor.py:925} INFO - DAG(s) 'example_python_operator' retrieved from /home/airflow/.local/lib/python3.12/site-packages/airflow/example_dags/example_python_operator.py
[2026-01-05T17:37:18.999+0000] {logging_mixin.py:190} INFO - [2026-01-05T17:37:18.999+0000] {dag.py:3211} INFO - Sync 1 DAGs
[2026-01-05T17:37:19.017+0000] {logging_mixin.py:190} INFO - [2026-01-05T17:37:19.017+0000] {dag.py:4138} INFO - Setting next_dagrun for example_python_operator to None, run_after=None
[2026-01-05T17:37:19.038+0000] {processor.py:208} INFO - Processing /home/airflow/.local/lib/python3.12/site-packages/airflow/example_dags/example_python_operator.py took 0.092 seconds
[2026-01-05T17:37:49.892+0000] {processor.py:186} INFO - Started process (PID=2730) to work on /home/airflow/.local/lib/python3.12/site-packages/airflow/example_dags/example_python_operator.py
[2026-01-05T17:37:49.893+0000] {processor.py:914} INFO - Processing file /home/airflow/.local/lib/python3.12/site-packages/airflow/example_dags/example_python_operator.py for tasks to queue
[2026-01-05T17:37:49.897+0000] {logging_mixin.py:190} INFO - [2026-01-05T17:37:49.896+0000] {dagbag.py:587} INFO - Filling up the DagBag from /home/airflow/.local/lib/python3.12/site-packages/airflow/example_dags/example_python_operator.py
[2026-01-05T17:37:49.910+0000] {processor.py:925} INFO - DAG(s) 'example_python_operator' retrieved from /home/airflow/.local/lib/python3.12/site-packages/airflow/example_dags/example_python_operator.py
[2026-01-05T17:37:49.937+0000] {logging_mixin.py:190} INFO - [2026-01-05T17:37:49.937+0000] {dag.py:3211} INFO - Sync 1 DAGs
[2026-01-05T17:37:49.950+0000] {logging_mixin.py:190} INFO - [2026-01-05T17:37:49.950+0000] {dag.py:4138} INFO - Setting next_dagrun for example_python_operator to None, run_after=None
[2026-01-05T17:37:49.974+0000] {processor.py:208} INFO - Processing /home/airflow/.local/lib/python3.12/site-packages/airflow/example_dags/example_python_operator.py took 0.089 seconds
[2026-01-05T17:38:20.129+0000] {processor.py:186} INFO - Started process (PID=2796) to work on /home/airflow/.local/lib/python3.12/site-packages/airflow/example_dags/example_python_operator.py
[2026-01-05T17:38:20.130+0000] {processor.py:914} INFO - Processing file /home/airflow/.local/lib/python3.12/site-packages/airflow/example_dags/example_python_operator.py for tasks to queue
[2026-01-05T17:38:20.133+0000] {logging_mixin.py:190} INFO - [2026-01-05T17:38:20.133+0000] {dagbag.py:587} INFO - Filling up the DagBag from /home/airflow/.local/lib/python3.12/site-packages/airflow/example_dags/example_python_operator.py
[2026-01-05T17:38:20.147+0000] {processor.py:925} INFO - DAG(s) 'example_python_operator' retrieved from /home/airflow/.local/lib/python3.12/site-packages/airflow/example_dags/example_python_operator.py
[2026-01-05T17:38:20.175+0000] {logging_mixin.py:190} INFO - [2026-01-05T17:38:20.175+0000] {dag.py:3211} INFO - Sync 1 DAGs
[2026-01-05T17:38:20.189+0000] {logging_mixin.py:190} INFO - [2026-01-05T17:38:20.189+0000] {dag.py:4138} INFO - Setting next_dagrun for example_python_operator to None, run_after=None
[2026-01-05T17:38:20.210+0000] {processor.py:208} INFO - Processing /home/airflow/.local/lib/python3.12/site-packages/airflow/example_dags/example_python_operator.py took 0.091 seconds
[2026-01-05T17:38:50.492+0000] {processor.py:186} INFO - Started process (PID=2862) to work on /home/airflow/.local/lib/python3.12/site-packages/airflow/example_dags/example_python_operator.py
[2026-01-05T17:38:50.493+0000] {processor.py:914} INFO - Processing file /home/airflow/.local/lib/python3.12/site-packages/airflow/example_dags/example_python_operator.py for tasks to queue
[2026-01-05T17:38:50.498+0000] {logging_mixin.py:190} INFO - [2026-01-05T17:38:50.497+0000] {dagbag.py:587} INFO - Filling up the DagBag from /home/airflow/.local/lib/python3.12/site-packages/airflow/example_dags/example_python_operator.py
[2026-01-05T17:38:50.513+0000] {processor.py:925} INFO - DAG(s) 'example_python_operator' retrieved from /home/airflow/.local/lib/python3.12/site-packages/airflow/example_dags/example_python_operator.py
[2026-01-05T17:38:50.545+0000] {logging_mixin.py:190} INFO - [2026-01-05T17:38:50.544+0000] {dag.py:3211} INFO - Sync 1 DAGs
[2026-01-05T17:38:50.560+0000] {logging_mixin.py:190} INFO - [2026-01-05T17:38:50.560+0000] {dag.py:4138} INFO - Setting next_dagrun for example_python_operator to None, run_after=None
[2026-01-05T17:38:50.579+0000] {processor.py:208} INFO - Processing /home/airflow/.local/lib/python3.12/site-packages/airflow/example_dags/example_python_operator.py took 0.096 seconds
[2026-01-05T17:39:20.815+0000] {processor.py:186} INFO - Started process (PID=2928) to work on /home/airflow/.local/lib/python3.12/site-packages/airflow/example_dags/example_python_operator.py
[2026-01-05T17:39:20.817+0000] {processor.py:914} INFO - Processing file /home/airflow/.local/lib/python3.12/site-packages/airflow/example_dags/example_python_operator.py for tasks to queue
[2026-01-05T17:39:20.822+0000] {logging_mixin.py:190} INFO - [2026-01-05T17:39:20.821+0000] {dagbag.py:587} INFO - Filling up the DagBag from /home/airflow/.local/lib/python3.12/site-packages/airflow/example_dags/example_python_operator.py
[2026-01-05T17:39:20.837+0000] {processor.py:925} INFO - DAG(s) 'example_python_operator' retrieved from /home/airflow/.local/lib/python3.12/site-packages/airflow/example_dags/example_python_operator.py
[2026-01-05T17:39:20.865+0000] {logging_mixin.py:190} INFO - [2026-01-05T17:39:20.865+0000] {dag.py:3211} INFO - Sync 1 DAGs
[2026-01-05T17:39:20.881+0000] {logging_mixin.py:190} INFO - [2026-01-05T17:39:20.881+0000] {dag.py:4138} INFO - Setting next_dagrun for example_python_operator to None, run_after=None
[2026-01-05T17:39:20.902+0000] {processor.py:208} INFO - Processing /home/airflow/.local/lib/python3.12/site-packages/airflow/example_dags/example_python_operator.py took 0.094 seconds
[2026-01-05T17:39:51.305+0000] {processor.py:186} INFO - Started process (PID=2994) to work on /home/airflow/.local/lib/python3.12/site-packages/airflow/example_dags/example_python_operator.py
[2026-01-05T17:39:51.306+0000] {processor.py:914} INFO - Processing file /home/airflow/.local/lib/python3.12/site-packages/airflow/example_dags/example_python_operator.py for tasks to queue
[2026-01-05T17:39:51.310+0000] {logging_mixin.py:190} INFO - [2026-01-05T17:39:51.309+0000] {dagbag.py:587} INFO - Filling up the DagBag from /home/airflow/.local/lib/python3.12/site-packages/airflow/example_dags/example_python_operator.py
[2026-01-05T17:39:51.323+0000] {processor.py:925} INFO - DAG(s) 'example_python_operator' retrieved from /home/airflow/.local/lib/python3.12/site-packages/airflow/example_dags/example_python_operator.py
[2026-01-05T17:39:51.346+0000] {logging_mixin.py:190} INFO - [2026-01-05T17:39:51.346+0000] {dag.py:3211} INFO - Sync 1 DAGs
[2026-01-05T17:39:51.358+0000] {logging_mixin.py:190} INFO - [2026-01-05T17:39:51.357+0000] {dag.py:4138} INFO - Setting next_dagrun for example_python_operator to None, run_after=None
[2026-01-05T17:39:51.378+0000] {processor.py:208} INFO - Processing /home/airflow/.local/lib/python3.12/site-packages/airflow/example_dags/example_python_operator.py took 0.080 seconds
[2026-01-05T17:40:22.033+0000] {processor.py:186} INFO - Started process (PID=3060) to work on /home/airflow/.local/lib/python3.12/site-packages/airflow/example_dags/example_python_operator.py
[2026-01-05T17:40:22.034+0000] {processor.py:914} INFO - Processing file /home/airflow/.local/lib/python3.12/site-packages/airflow/example_dags/example_python_operator.py for tasks to queue
[2026-01-05T17:40:22.038+0000] {logging_mixin.py:190} INFO - [2026-01-05T17:40:22.038+0000] {dagbag.py:587} INFO - Filling up the DagBag from /home/airflow/.local/lib/python3.12/site-packages/airflow/example_dags/example_python_operator.py
[2026-01-05T17:40:22.051+0000] {processor.py:925} INFO - DAG(s) 'example_python_operator' retrieved from /home/airflow/.local/lib/python3.12/site-packages/airflow/example_dags/example_python_operator.py
[2026-01-05T17:40:22.080+0000] {logging_mixin.py:190} INFO - [2026-01-05T17:40:22.080+0000] {dag.py:3211} INFO - Sync 1 DAGs
[2026-01-05T17:40:22.102+0000] {logging_mixin.py:190} INFO - [2026-01-05T17:40:22.102+0000] {dag.py:4138} INFO - Setting next_dagrun for example_python_operator to None, run_after=None
[2026-01-05T17:40:22.148+0000] {processor.py:208} INFO - Processing /home/airflow/.local/lib/python3.12/site-packages/airflow/example_dags/example_python_operator.py took 0.122 seconds
[2026-01-05T17:40:52.405+0000] {processor.py:186} INFO - Started process (PID=3126) to work on /home/airflow/.local/lib/python3.12/site-packages/airflow/example_dags/example_python_operator.py
[2026-01-05T17:40:52.407+0000] {processor.py:914} INFO - Processing file /home/airflow/.local/lib/python3.12/site-packages/airflow/example_dags/example_python_operator.py for tasks to queue
[2026-01-05T17:40:52.412+0000] {logging_mixin.py:190} INFO - [2026-01-05T17:40:52.412+0000] {dagbag.py:587} INFO - Filling up the DagBag from /home/airflow/.local/lib/python3.12/site-packages/airflow/example_dags/example_python_operator.py
[2026-01-05T17:40:52.429+0000] {processor.py:925} INFO - DAG(s) 'example_python_operator' retrieved from /home/airflow/.local/lib/python3.12/site-packages/airflow/example_dags/example_python_operator.py
[2026-01-05T17:40:52.464+0000] {logging_mixin.py:190} INFO - [2026-01-05T17:40:52.464+0000] {dag.py:3211} INFO - Sync 1 DAGs
[2026-01-05T17:40:52.491+0000] {logging_mixin.py:190} INFO - [2026-01-05T17:40:52.491+0000] {dag.py:4138} INFO - Setting next_dagrun for example_python_operator to None, run_after=None
[2026-01-05T17:40:52.521+0000] {processor.py:208} INFO - Processing /home/airflow/.local/lib/python3.12/site-packages/airflow/example_dags/example_python_operator.py took 0.125 seconds
[2026-01-05T17:41:22.614+0000] {processor.py:186} INFO - Started process (PID=3192) to work on /home/airflow/.local/lib/python3.12/site-packages/airflow/example_dags/example_python_operator.py
[2026-01-05T17:41:22.616+0000] {processor.py:914} INFO - Processing file /home/airflow/.local/lib/python3.12/site-packages/airflow/example_dags/example_python_operator.py for tasks to queue
[2026-01-05T17:41:22.619+0000] {logging_mixin.py:190} INFO - [2026-01-05T17:41:22.619+0000] {dagbag.py:587} INFO - Filling up the DagBag from /home/airflow/.local/lib/python3.12/site-packages/airflow/example_dags/example_python_operator.py
[2026-01-05T17:41:22.635+0000] {processor.py:925} INFO - DAG(s) 'example_python_operator' retrieved from /home/airflow/.local/lib/python3.12/site-packages/airflow/example_dags/example_python_operator.py
[2026-01-05T17:41:22.659+0000] {logging_mixin.py:190} INFO - [2026-01-05T17:41:22.659+0000] {dag.py:3211} INFO - Sync 1 DAGs
[2026-01-05T17:41:22.673+0000] {logging_mixin.py:190} INFO - [2026-01-05T17:41:22.673+0000] {dag.py:4138} INFO - Setting next_dagrun for example_python_operator to None, run_after=None
[2026-01-05T17:41:22.694+0000] {processor.py:208} INFO - Processing /home/airflow/.local/lib/python3.12/site-packages/airflow/example_dags/example_python_operator.py took 0.089 seconds
[2026-01-05T17:41:52.968+0000] {processor.py:186} INFO - Started process (PID=3258) to work on /home/airflow/.local/lib/python3.12/site-packages/airflow/example_dags/example_python_operator.py
[2026-01-05T17:41:52.970+0000] {processor.py:914} INFO - Processing file /home/airflow/.local/lib/python3.12/site-packages/airflow/example_dags/example_python_operator.py for tasks to queue
[2026-01-05T17:41:52.974+0000] {logging_mixin.py:190} INFO - [2026-01-05T17:41:52.973+0000] {dagbag.py:587} INFO - Filling up the DagBag from /home/airflow/.local/lib/python3.12/site-packages/airflow/example_dags/example_python_operator.py
[2026-01-05T17:41:52.990+0000] {processor.py:925} INFO - DAG(s) 'example_python_operator' retrieved from /home/airflow/.local/lib/python3.12/site-packages/airflow/example_dags/example_python_operator.py
[2026-01-05T17:41:53.025+0000] {logging_mixin.py:190} INFO - [2026-01-05T17:41:53.025+0000] {dag.py:3211} INFO - Sync 1 DAGs
[2026-01-05T17:41:53.043+0000] {logging_mixin.py:190} INFO - [2026-01-05T17:41:53.042+0000] {dag.py:4138} INFO - Setting next_dagrun for example_python_operator to None, run_after=None
[2026-01-05T17:41:53.062+0000] {processor.py:208} INFO - Processing /home/airflow/.local/lib/python3.12/site-packages/airflow/example_dags/example_python_operator.py took 0.104 seconds
[2026-01-05T17:42:23.305+0000] {processor.py:186} INFO - Started process (PID=3324) to work on /home/airflow/.local/lib/python3.12/site-packages/airflow/example_dags/example_python_operator.py
[2026-01-05T17:42:23.307+0000] {processor.py:914} INFO - Processing file /home/airflow/.local/lib/python3.12/site-packages/airflow/example_dags/example_python_operator.py for tasks to queue
[2026-01-05T17:42:23.310+0000] {logging_mixin.py:190} INFO - [2026-01-05T17:42:23.310+0000] {dagbag.py:587} INFO - Filling up the DagBag from /home/airflow/.local/lib/python3.12/site-packages/airflow/example_dags/example_python_operator.py
[2026-01-05T17:42:23.328+0000] {processor.py:925} INFO - DAG(s) 'example_python_operator' retrieved from /home/airflow/.local/lib/python3.12/site-packages/airflow/example_dags/example_python_operator.py
[2026-01-05T17:42:23.360+0000] {logging_mixin.py:190} INFO - [2026-01-05T17:42:23.360+0000] {dag.py:3211} INFO - Sync 1 DAGs
[2026-01-05T17:42:23.379+0000] {logging_mixin.py:190} INFO - [2026-01-05T17:42:23.379+0000] {dag.py:4138} INFO - Setting next_dagrun for example_python_operator to None, run_after=None
[2026-01-05T17:42:23.402+0000] {processor.py:208} INFO - Processing /home/airflow/.local/lib/python3.12/site-packages/airflow/example_dags/example_python_operator.py took 0.106 seconds
[2026-01-05T17:42:53.761+0000] {processor.py:186} INFO - Started process (PID=3390) to work on /home/airflow/.local/lib/python3.12/site-packages/airflow/example_dags/example_python_operator.py
[2026-01-05T17:42:53.763+0000] {processor.py:914} INFO - Processing file /home/airflow/.local/lib/python3.12/site-packages/airflow/example_dags/example_python_operator.py for tasks to queue
[2026-01-05T17:42:53.769+0000] {logging_mixin.py:190} INFO - [2026-01-05T17:42:53.768+0000] {dagbag.py:587} INFO - Filling up the DagBag from /home/airflow/.local/lib/python3.12/site-packages/airflow/example_dags/example_python_operator.py
[2026-01-05T17:42:53.788+0000] {processor.py:925} INFO - DAG(s) 'example_python_operator' retrieved from /home/airflow/.local/lib/python3.12/site-packages/airflow/example_dags/example_python_operator.py
[2026-01-05T17:42:53.819+0000] {logging_mixin.py:190} INFO - [2026-01-05T17:42:53.819+0000] {dag.py:3211} INFO - Sync 1 DAGs
[2026-01-05T17:42:53.836+0000] {logging_mixin.py:190} INFO - [2026-01-05T17:42:53.835+0000] {dag.py:4138} INFO - Setting next_dagrun for example_python_operator to None, run_after=None
[2026-01-05T17:42:53.859+0000] {processor.py:208} INFO - Processing /home/airflow/.local/lib/python3.12/site-packages/airflow/example_dags/example_python_operator.py took 0.108 seconds
[2026-01-05T17:43:24.168+0000] {processor.py:186} INFO - Started process (PID=3456) to work on /home/airflow/.local/lib/python3.12/site-packages/airflow/example_dags/example_python_operator.py
[2026-01-05T17:43:24.170+0000] {processor.py:914} INFO - Processing file /home/airflow/.local/lib/python3.12/site-packages/airflow/example_dags/example_python_operator.py for tasks to queue
[2026-01-05T17:43:24.174+0000] {logging_mixin.py:190} INFO - [2026-01-05T17:43:24.173+0000] {dagbag.py:587} INFO - Filling up the DagBag from /home/airflow/.local/lib/python3.12/site-packages/airflow/example_dags/example_python_operator.py
[2026-01-05T17:43:24.192+0000] {processor.py:925} INFO - DAG(s) 'example_python_operator' retrieved from /home/airflow/.local/lib/python3.12/site-packages/airflow/example_dags/example_python_operator.py
[2026-01-05T17:43:24.225+0000] {logging_mixin.py:190} INFO - [2026-01-05T17:43:24.225+0000] {dag.py:3211} INFO - Sync 1 DAGs
[2026-01-05T17:43:24.241+0000] {logging_mixin.py:190} INFO - [2026-01-05T17:43:24.241+0000] {dag.py:4138} INFO - Setting next_dagrun for example_python_operator to None, run_after=None
[2026-01-05T17:43:24.268+0000] {processor.py:208} INFO - Processing /home/airflow/.local/lib/python3.12/site-packages/airflow/example_dags/example_python_operator.py took 0.111 seconds
[2026-01-05T17:43:54.560+0000] {processor.py:186} INFO - Started process (PID=3522) to work on /home/airflow/.local/lib/python3.12/site-packages/airflow/example_dags/example_python_operator.py
[2026-01-05T17:43:54.563+0000] {processor.py:914} INFO - Processing file /home/airflow/.local/lib/python3.12/site-packages/airflow/example_dags/example_python_operator.py for tasks to queue
[2026-01-05T17:43:54.566+0000] {logging_mixin.py:190} INFO - [2026-01-05T17:43:54.566+0000] {dagbag.py:587} INFO - Filling up the DagBag from /home/airflow/.local/lib/python3.12/site-packages/airflow/example_dags/example_python_operator.py
[2026-01-05T17:43:54.581+0000] {processor.py:925} INFO - DAG(s) 'example_python_operator' retrieved from /home/airflow/.local/lib/python3.12/site-packages/airflow/example_dags/example_python_operator.py
[2026-01-05T17:43:54.612+0000] {logging_mixin.py:190} INFO - [2026-01-05T17:43:54.612+0000] {dag.py:3211} INFO - Sync 1 DAGs
[2026-01-05T17:43:54.631+0000] {logging_mixin.py:190} INFO - [2026-01-05T17:43:54.630+0000] {dag.py:4138} INFO - Setting next_dagrun for example_python_operator to None, run_after=None
[2026-01-05T17:43:54.655+0000] {processor.py:208} INFO - Processing /home/airflow/.local/lib/python3.12/site-packages/airflow/example_dags/example_python_operator.py took 0.102 seconds
[2026-01-05T17:44:24.955+0000] {processor.py:186} INFO - Started process (PID=3588) to work on /home/airflow/.local/lib/python3.12/site-packages/airflow/example_dags/example_python_operator.py
[2026-01-05T17:44:24.957+0000] {processor.py:914} INFO - Processing file /home/airflow/.local/lib/python3.12/site-packages/airflow/example_dags/example_python_operator.py for tasks to queue
[2026-01-05T17:44:24.960+0000] {logging_mixin.py:190} INFO - [2026-01-05T17:44:24.960+0000] {dagbag.py:587} INFO - Filling up the DagBag from /home/airflow/.local/lib/python3.12/site-packages/airflow/example_dags/example_python_operator.py
[2026-01-05T17:44:24.975+0000] {processor.py:925} INFO - DAG(s) 'example_python_operator' retrieved from /home/airflow/.local/lib/python3.12/site-packages/airflow/example_dags/example_python_operator.py
[2026-01-05T17:44:25.006+0000] {logging_mixin.py:190} INFO - [2026-01-05T17:44:25.006+0000] {dag.py:3211} INFO - Sync 1 DAGs
[2026-01-05T17:44:25.022+0000] {logging_mixin.py:190} INFO - [2026-01-05T17:44:25.022+0000] {dag.py:4138} INFO - Setting next_dagrun for example_python_operator to None, run_after=None
[2026-01-05T17:44:25.047+0000] {processor.py:208} INFO - Processing /home/airflow/.local/lib/python3.12/site-packages/airflow/example_dags/example_python_operator.py took 0.102 seconds
[2026-01-05T17:44:55.587+0000] {processor.py:186} INFO - Started process (PID=3655) to work on /home/airflow/.local/lib/python3.12/site-packages/airflow/example_dags/example_python_operator.py
[2026-01-05T17:44:55.589+0000] {processor.py:914} INFO - Processing file /home/airflow/.local/lib/python3.12/site-packages/airflow/example_dags/example_python_operator.py for tasks to queue
[2026-01-05T17:44:55.592+0000] {logging_mixin.py:190} INFO - [2026-01-05T17:44:55.591+0000] {dagbag.py:587} INFO - Filling up the DagBag from /home/airflow/.local/lib/python3.12/site-packages/airflow/example_dags/example_python_operator.py
[2026-01-05T17:44:55.610+0000] {processor.py:925} INFO - DAG(s) 'example_python_operator' retrieved from /home/airflow/.local/lib/python3.12/site-packages/airflow/example_dags/example_python_operator.py
[2026-01-05T17:44:55.640+0000] {logging_mixin.py:190} INFO - [2026-01-05T17:44:55.640+0000] {dag.py:3211} INFO - Sync 1 DAGs
[2026-01-05T17:44:55.657+0000] {logging_mixin.py:190} INFO - [2026-01-05T17:44:55.657+0000] {dag.py:4138} INFO - Setting next_dagrun for example_python_operator to None, run_after=None
[2026-01-05T17:44:55.682+0000] {processor.py:208} INFO - Processing /home/airflow/.local/lib/python3.12/site-packages/airflow/example_dags/example_python_operator.py took 0.103 seconds
