[2026-01-05T17:17:49.304+0000] {processor.py:186} INFO - Started process (PID=136) to work on /home/airflow/.local/lib/python3.12/site-packages/airflow/example_dags/example_external_task_marker_dag.py
[2026-01-05T17:17:49.306+0000] {processor.py:914} INFO - Processing file /home/airflow/.local/lib/python3.12/site-packages/airflow/example_dags/example_external_task_marker_dag.py for tasks to queue
[2026-01-05T17:17:49.311+0000] {logging_mixin.py:190} INFO - [2026-01-05T17:17:49.310+0000] {dagbag.py:587} INFO - Filling up the DagBag from /home/airflow/.local/lib/python3.12/site-packages/airflow/example_dags/example_external_task_marker_dag.py
[2026-01-05T17:17:49.327+0000] {processor.py:925} INFO - DAG(s) 'example_external_task_marker_child', 'example_external_task_marker_parent' retrieved from /home/airflow/.local/lib/python3.12/site-packages/airflow/example_dags/example_external_task_marker_dag.py
[2026-01-05T17:17:49.381+0000] {logging_mixin.py:190} INFO - [2026-01-05T17:17:49.380+0000] {dag.py:3211} INFO - Sync 2 DAGs
[2026-01-05T17:17:49.423+0000] {logging_mixin.py:190} INFO - [2026-01-05T17:17:49.423+0000] {dag.py:4138} INFO - Setting next_dagrun for example_external_task_marker_child to None, run_after=None
[2026-01-05T17:17:49.431+0000] {logging_mixin.py:190} INFO - [2026-01-05T17:17:49.431+0000] {dag.py:4138} INFO - Setting next_dagrun for example_external_task_marker_parent to None, run_after=None
[2026-01-05T17:17:49.465+0000] {processor.py:208} INFO - Processing /home/airflow/.local/lib/python3.12/site-packages/airflow/example_dags/example_external_task_marker_dag.py took 0.174 seconds
[2026-01-05T17:18:19.951+0000] {processor.py:186} INFO - Started process (PID=202) to work on /home/airflow/.local/lib/python3.12/site-packages/airflow/example_dags/example_external_task_marker_dag.py
[2026-01-05T17:18:19.953+0000] {processor.py:914} INFO - Processing file /home/airflow/.local/lib/python3.12/site-packages/airflow/example_dags/example_external_task_marker_dag.py for tasks to queue
[2026-01-05T17:18:19.957+0000] {logging_mixin.py:190} INFO - [2026-01-05T17:18:19.957+0000] {dagbag.py:587} INFO - Filling up the DagBag from /home/airflow/.local/lib/python3.12/site-packages/airflow/example_dags/example_external_task_marker_dag.py
[2026-01-05T17:18:19.968+0000] {processor.py:925} INFO - DAG(s) 'example_external_task_marker_child', 'example_external_task_marker_parent' retrieved from /home/airflow/.local/lib/python3.12/site-packages/airflow/example_dags/example_external_task_marker_dag.py
[2026-01-05T17:18:20.006+0000] {logging_mixin.py:190} INFO - [2026-01-05T17:18:20.006+0000] {dag.py:3211} INFO - Sync 2 DAGs
[2026-01-05T17:18:20.056+0000] {logging_mixin.py:190} INFO - [2026-01-05T17:18:20.054+0000] {dag.py:4138} INFO - Setting next_dagrun for example_external_task_marker_child to None, run_after=None
[2026-01-05T17:18:20.065+0000] {logging_mixin.py:190} INFO - [2026-01-05T17:18:20.065+0000] {dag.py:4138} INFO - Setting next_dagrun for example_external_task_marker_parent to None, run_after=None
[2026-01-05T17:18:20.116+0000] {processor.py:208} INFO - Processing /home/airflow/.local/lib/python3.12/site-packages/airflow/example_dags/example_external_task_marker_dag.py took 0.172 seconds
[2026-01-05T17:18:50.480+0000] {processor.py:186} INFO - Started process (PID=268) to work on /home/airflow/.local/lib/python3.12/site-packages/airflow/example_dags/example_external_task_marker_dag.py
[2026-01-05T17:18:50.484+0000] {processor.py:914} INFO - Processing file /home/airflow/.local/lib/python3.12/site-packages/airflow/example_dags/example_external_task_marker_dag.py for tasks to queue
[2026-01-05T17:18:50.487+0000] {logging_mixin.py:190} INFO - [2026-01-05T17:18:50.487+0000] {dagbag.py:587} INFO - Filling up the DagBag from /home/airflow/.local/lib/python3.12/site-packages/airflow/example_dags/example_external_task_marker_dag.py
[2026-01-05T17:18:50.501+0000] {processor.py:925} INFO - DAG(s) 'example_external_task_marker_parent', 'example_external_task_marker_child' retrieved from /home/airflow/.local/lib/python3.12/site-packages/airflow/example_dags/example_external_task_marker_dag.py
[2026-01-05T17:18:50.554+0000] {logging_mixin.py:190} INFO - [2026-01-05T17:18:50.554+0000] {dag.py:3211} INFO - Sync 2 DAGs
[2026-01-05T17:18:50.586+0000] {logging_mixin.py:190} INFO - [2026-01-05T17:18:50.586+0000] {dag.py:4138} INFO - Setting next_dagrun for example_external_task_marker_child to None, run_after=None
[2026-01-05T17:18:50.594+0000] {logging_mixin.py:190} INFO - [2026-01-05T17:18:50.593+0000] {dag.py:4138} INFO - Setting next_dagrun for example_external_task_marker_parent to None, run_after=None
[2026-01-05T17:18:50.627+0000] {processor.py:208} INFO - Processing /home/airflow/.local/lib/python3.12/site-packages/airflow/example_dags/example_external_task_marker_dag.py took 0.157 seconds
[2026-01-05T17:19:21.011+0000] {processor.py:186} INFO - Started process (PID=334) to work on /home/airflow/.local/lib/python3.12/site-packages/airflow/example_dags/example_external_task_marker_dag.py
[2026-01-05T17:19:21.012+0000] {processor.py:914} INFO - Processing file /home/airflow/.local/lib/python3.12/site-packages/airflow/example_dags/example_external_task_marker_dag.py for tasks to queue
[2026-01-05T17:19:21.017+0000] {logging_mixin.py:190} INFO - [2026-01-05T17:19:21.016+0000] {dagbag.py:587} INFO - Filling up the DagBag from /home/airflow/.local/lib/python3.12/site-packages/airflow/example_dags/example_external_task_marker_dag.py
[2026-01-05T17:19:21.029+0000] {processor.py:925} INFO - DAG(s) 'example_external_task_marker_child', 'example_external_task_marker_parent' retrieved from /home/airflow/.local/lib/python3.12/site-packages/airflow/example_dags/example_external_task_marker_dag.py
[2026-01-05T17:19:21.063+0000] {logging_mixin.py:190} INFO - [2026-01-05T17:19:21.063+0000] {dag.py:3211} INFO - Sync 2 DAGs
[2026-01-05T17:19:21.089+0000] {logging_mixin.py:190} INFO - [2026-01-05T17:19:21.089+0000] {dag.py:4138} INFO - Setting next_dagrun for example_external_task_marker_child to None, run_after=None
[2026-01-05T17:19:21.097+0000] {logging_mixin.py:190} INFO - [2026-01-05T17:19:21.096+0000] {dag.py:4138} INFO - Setting next_dagrun for example_external_task_marker_parent to None, run_after=None
[2026-01-05T17:19:21.119+0000] {processor.py:208} INFO - Processing /home/airflow/.local/lib/python3.12/site-packages/airflow/example_dags/example_external_task_marker_dag.py took 0.119 seconds
[2026-01-05T17:19:51.971+0000] {processor.py:186} INFO - Started process (PID=400) to work on /home/airflow/.local/lib/python3.12/site-packages/airflow/example_dags/example_external_task_marker_dag.py
[2026-01-05T17:19:51.978+0000] {processor.py:914} INFO - Processing file /home/airflow/.local/lib/python3.12/site-packages/airflow/example_dags/example_external_task_marker_dag.py for tasks to queue
[2026-01-05T17:19:51.983+0000] {logging_mixin.py:190} INFO - [2026-01-05T17:19:51.982+0000] {dagbag.py:587} INFO - Filling up the DagBag from /home/airflow/.local/lib/python3.12/site-packages/airflow/example_dags/example_external_task_marker_dag.py
[2026-01-05T17:19:51.993+0000] {processor.py:925} INFO - DAG(s) 'example_external_task_marker_child', 'example_external_task_marker_parent' retrieved from /home/airflow/.local/lib/python3.12/site-packages/airflow/example_dags/example_external_task_marker_dag.py
[2026-01-05T17:19:52.034+0000] {logging_mixin.py:190} INFO - [2026-01-05T17:19:52.033+0000] {dag.py:3211} INFO - Sync 2 DAGs
[2026-01-05T17:19:52.052+0000] {logging_mixin.py:190} INFO - [2026-01-05T17:19:52.052+0000] {dag.py:4138} INFO - Setting next_dagrun for example_external_task_marker_child to None, run_after=None
[2026-01-05T17:19:52.057+0000] {logging_mixin.py:190} INFO - [2026-01-05T17:19:52.057+0000] {dag.py:4138} INFO - Setting next_dagrun for example_external_task_marker_parent to None, run_after=None
[2026-01-05T17:19:52.078+0000] {processor.py:208} INFO - Processing /home/airflow/.local/lib/python3.12/site-packages/airflow/example_dags/example_external_task_marker_dag.py took 0.116 seconds
[2026-01-05T17:20:23.086+0000] {processor.py:186} INFO - Started process (PID=466) to work on /home/airflow/.local/lib/python3.12/site-packages/airflow/example_dags/example_external_task_marker_dag.py
[2026-01-05T17:20:23.087+0000] {processor.py:914} INFO - Processing file /home/airflow/.local/lib/python3.12/site-packages/airflow/example_dags/example_external_task_marker_dag.py for tasks to queue
[2026-01-05T17:20:23.091+0000] {logging_mixin.py:190} INFO - [2026-01-05T17:20:23.091+0000] {dagbag.py:587} INFO - Filling up the DagBag from /home/airflow/.local/lib/python3.12/site-packages/airflow/example_dags/example_external_task_marker_dag.py
[2026-01-05T17:20:23.102+0000] {processor.py:925} INFO - DAG(s) 'example_external_task_marker_child', 'example_external_task_marker_parent' retrieved from /home/airflow/.local/lib/python3.12/site-packages/airflow/example_dags/example_external_task_marker_dag.py
[2026-01-05T17:20:23.166+0000] {logging_mixin.py:190} INFO - [2026-01-05T17:20:23.165+0000] {dag.py:3211} INFO - Sync 2 DAGs
[2026-01-05T17:20:23.195+0000] {logging_mixin.py:190} INFO - [2026-01-05T17:20:23.194+0000] {dag.py:4138} INFO - Setting next_dagrun for example_external_task_marker_child to None, run_after=None
[2026-01-05T17:20:23.203+0000] {logging_mixin.py:190} INFO - [2026-01-05T17:20:23.203+0000] {dag.py:4138} INFO - Setting next_dagrun for example_external_task_marker_parent to None, run_after=None
[2026-01-05T17:20:23.233+0000] {processor.py:208} INFO - Processing /home/airflow/.local/lib/python3.12/site-packages/airflow/example_dags/example_external_task_marker_dag.py took 0.157 seconds
[2026-01-05T17:20:54.068+0000] {processor.py:186} INFO - Started process (PID=532) to work on /home/airflow/.local/lib/python3.12/site-packages/airflow/example_dags/example_external_task_marker_dag.py
[2026-01-05T17:20:54.069+0000] {processor.py:914} INFO - Processing file /home/airflow/.local/lib/python3.12/site-packages/airflow/example_dags/example_external_task_marker_dag.py for tasks to queue
[2026-01-05T17:20:54.073+0000] {logging_mixin.py:190} INFO - [2026-01-05T17:20:54.073+0000] {dagbag.py:587} INFO - Filling up the DagBag from /home/airflow/.local/lib/python3.12/site-packages/airflow/example_dags/example_external_task_marker_dag.py
[2026-01-05T17:20:54.083+0000] {processor.py:925} INFO - DAG(s) 'example_external_task_marker_child', 'example_external_task_marker_parent' retrieved from /home/airflow/.local/lib/python3.12/site-packages/airflow/example_dags/example_external_task_marker_dag.py
[2026-01-05T17:20:54.114+0000] {logging_mixin.py:190} INFO - [2026-01-05T17:20:54.113+0000] {dag.py:3211} INFO - Sync 2 DAGs
[2026-01-05T17:20:54.132+0000] {logging_mixin.py:190} INFO - [2026-01-05T17:20:54.132+0000] {dag.py:4138} INFO - Setting next_dagrun for example_external_task_marker_child to None, run_after=None
[2026-01-05T17:20:54.138+0000] {logging_mixin.py:190} INFO - [2026-01-05T17:20:54.138+0000] {dag.py:4138} INFO - Setting next_dagrun for example_external_task_marker_parent to None, run_after=None
[2026-01-05T17:20:54.168+0000] {processor.py:208} INFO - Processing /home/airflow/.local/lib/python3.12/site-packages/airflow/example_dags/example_external_task_marker_dag.py took 0.109 seconds
[2026-01-05T17:21:24.326+0000] {processor.py:186} INFO - Started process (PID=598) to work on /home/airflow/.local/lib/python3.12/site-packages/airflow/example_dags/example_external_task_marker_dag.py
[2026-01-05T17:21:24.328+0000] {processor.py:914} INFO - Processing file /home/airflow/.local/lib/python3.12/site-packages/airflow/example_dags/example_external_task_marker_dag.py for tasks to queue
[2026-01-05T17:21:24.331+0000] {logging_mixin.py:190} INFO - [2026-01-05T17:21:24.330+0000] {dagbag.py:587} INFO - Filling up the DagBag from /home/airflow/.local/lib/python3.12/site-packages/airflow/example_dags/example_external_task_marker_dag.py
[2026-01-05T17:21:24.339+0000] {processor.py:925} INFO - DAG(s) 'example_external_task_marker_child', 'example_external_task_marker_parent' retrieved from /home/airflow/.local/lib/python3.12/site-packages/airflow/example_dags/example_external_task_marker_dag.py
[2026-01-05T17:21:24.369+0000] {logging_mixin.py:190} INFO - [2026-01-05T17:21:24.368+0000] {dag.py:3211} INFO - Sync 2 DAGs
[2026-01-05T17:21:24.386+0000] {logging_mixin.py:190} INFO - [2026-01-05T17:21:24.386+0000] {dag.py:4138} INFO - Setting next_dagrun for example_external_task_marker_child to None, run_after=None
[2026-01-05T17:21:24.391+0000] {logging_mixin.py:190} INFO - [2026-01-05T17:21:24.390+0000] {dag.py:4138} INFO - Setting next_dagrun for example_external_task_marker_parent to None, run_after=None
[2026-01-05T17:21:24.409+0000] {processor.py:208} INFO - Processing /home/airflow/.local/lib/python3.12/site-packages/airflow/example_dags/example_external_task_marker_dag.py took 0.089 seconds
[2026-01-05T17:21:54.661+0000] {processor.py:186} INFO - Started process (PID=664) to work on /home/airflow/.local/lib/python3.12/site-packages/airflow/example_dags/example_external_task_marker_dag.py
[2026-01-05T17:21:54.663+0000] {processor.py:914} INFO - Processing file /home/airflow/.local/lib/python3.12/site-packages/airflow/example_dags/example_external_task_marker_dag.py for tasks to queue
[2026-01-05T17:21:54.667+0000] {logging_mixin.py:190} INFO - [2026-01-05T17:21:54.666+0000] {dagbag.py:587} INFO - Filling up the DagBag from /home/airflow/.local/lib/python3.12/site-packages/airflow/example_dags/example_external_task_marker_dag.py
[2026-01-05T17:21:54.674+0000] {processor.py:925} INFO - DAG(s) 'example_external_task_marker_child', 'example_external_task_marker_parent' retrieved from /home/airflow/.local/lib/python3.12/site-packages/airflow/example_dags/example_external_task_marker_dag.py
[2026-01-05T17:21:54.699+0000] {logging_mixin.py:190} INFO - [2026-01-05T17:21:54.699+0000] {dag.py:3211} INFO - Sync 2 DAGs
[2026-01-05T17:21:54.712+0000] {logging_mixin.py:190} INFO - [2026-01-05T17:21:54.712+0000] {dag.py:4138} INFO - Setting next_dagrun for example_external_task_marker_child to None, run_after=None
[2026-01-05T17:21:54.717+0000] {logging_mixin.py:190} INFO - [2026-01-05T17:21:54.717+0000] {dag.py:4138} INFO - Setting next_dagrun for example_external_task_marker_parent to None, run_after=None
[2026-01-05T17:21:54.736+0000] {processor.py:208} INFO - Processing /home/airflow/.local/lib/python3.12/site-packages/airflow/example_dags/example_external_task_marker_dag.py took 0.083 seconds
[2026-01-05T17:22:25.276+0000] {processor.py:186} INFO - Started process (PID=730) to work on /home/airflow/.local/lib/python3.12/site-packages/airflow/example_dags/example_external_task_marker_dag.py
[2026-01-05T17:22:25.278+0000] {processor.py:914} INFO - Processing file /home/airflow/.local/lib/python3.12/site-packages/airflow/example_dags/example_external_task_marker_dag.py for tasks to queue
[2026-01-05T17:22:25.282+0000] {logging_mixin.py:190} INFO - [2026-01-05T17:22:25.282+0000] {dagbag.py:587} INFO - Filling up the DagBag from /home/airflow/.local/lib/python3.12/site-packages/airflow/example_dags/example_external_task_marker_dag.py
[2026-01-05T17:22:25.294+0000] {processor.py:925} INFO - DAG(s) 'example_external_task_marker_parent', 'example_external_task_marker_child' retrieved from /home/airflow/.local/lib/python3.12/site-packages/airflow/example_dags/example_external_task_marker_dag.py
[2026-01-05T17:22:25.335+0000] {logging_mixin.py:190} INFO - [2026-01-05T17:22:25.334+0000] {dag.py:3211} INFO - Sync 2 DAGs
[2026-01-05T17:22:25.364+0000] {logging_mixin.py:190} INFO - [2026-01-05T17:22:25.363+0000] {dag.py:4138} INFO - Setting next_dagrun for example_external_task_marker_child to None, run_after=None
[2026-01-05T17:22:25.372+0000] {logging_mixin.py:190} INFO - [2026-01-05T17:22:25.372+0000] {dag.py:4138} INFO - Setting next_dagrun for example_external_task_marker_parent to None, run_after=None
[2026-01-05T17:22:25.413+0000] {processor.py:208} INFO - Processing /home/airflow/.local/lib/python3.12/site-packages/airflow/example_dags/example_external_task_marker_dag.py took 0.148 seconds
[2026-01-05T17:22:56.134+0000] {processor.py:186} INFO - Started process (PID=796) to work on /home/airflow/.local/lib/python3.12/site-packages/airflow/example_dags/example_external_task_marker_dag.py
[2026-01-05T17:22:56.136+0000] {processor.py:914} INFO - Processing file /home/airflow/.local/lib/python3.12/site-packages/airflow/example_dags/example_external_task_marker_dag.py for tasks to queue
[2026-01-05T17:22:56.140+0000] {logging_mixin.py:190} INFO - [2026-01-05T17:22:56.140+0000] {dagbag.py:587} INFO - Filling up the DagBag from /home/airflow/.local/lib/python3.12/site-packages/airflow/example_dags/example_external_task_marker_dag.py
[2026-01-05T17:22:56.151+0000] {processor.py:925} INFO - DAG(s) 'example_external_task_marker_child', 'example_external_task_marker_parent' retrieved from /home/airflow/.local/lib/python3.12/site-packages/airflow/example_dags/example_external_task_marker_dag.py
[2026-01-05T17:22:56.185+0000] {logging_mixin.py:190} INFO - [2026-01-05T17:22:56.185+0000] {dag.py:3211} INFO - Sync 2 DAGs
[2026-01-05T17:22:56.205+0000] {logging_mixin.py:190} INFO - [2026-01-05T17:22:56.204+0000] {dag.py:4138} INFO - Setting next_dagrun for example_external_task_marker_child to None, run_after=None
[2026-01-05T17:22:56.211+0000] {logging_mixin.py:190} INFO - [2026-01-05T17:22:56.210+0000] {dag.py:4138} INFO - Setting next_dagrun for example_external_task_marker_parent to None, run_after=None
[2026-01-05T17:22:56.230+0000] {processor.py:208} INFO - Processing /home/airflow/.local/lib/python3.12/site-packages/airflow/example_dags/example_external_task_marker_dag.py took 0.103 seconds
[2026-01-05T17:23:27.303+0000] {processor.py:186} INFO - Started process (PID=868) to work on /home/airflow/.local/lib/python3.12/site-packages/airflow/example_dags/example_external_task_marker_dag.py
[2026-01-05T17:23:27.306+0000] {processor.py:914} INFO - Processing file /home/airflow/.local/lib/python3.12/site-packages/airflow/example_dags/example_external_task_marker_dag.py for tasks to queue
[2026-01-05T17:23:27.309+0000] {logging_mixin.py:190} INFO - [2026-01-05T17:23:27.309+0000] {dagbag.py:587} INFO - Filling up the DagBag from /home/airflow/.local/lib/python3.12/site-packages/airflow/example_dags/example_external_task_marker_dag.py
[2026-01-05T17:23:27.317+0000] {processor.py:925} INFO - DAG(s) 'example_external_task_marker_parent', 'example_external_task_marker_child' retrieved from /home/airflow/.local/lib/python3.12/site-packages/airflow/example_dags/example_external_task_marker_dag.py
[2026-01-05T17:23:27.345+0000] {logging_mixin.py:190} INFO - [2026-01-05T17:23:27.345+0000] {dag.py:3211} INFO - Sync 2 DAGs
[2026-01-05T17:23:27.363+0000] {logging_mixin.py:190} INFO - [2026-01-05T17:23:27.363+0000] {dag.py:4138} INFO - Setting next_dagrun for example_external_task_marker_child to None, run_after=None
[2026-01-05T17:23:27.368+0000] {logging_mixin.py:190} INFO - [2026-01-05T17:23:27.367+0000] {dag.py:4138} INFO - Setting next_dagrun for example_external_task_marker_parent to None, run_after=None
[2026-01-05T17:23:27.393+0000] {processor.py:208} INFO - Processing /home/airflow/.local/lib/python3.12/site-packages/airflow/example_dags/example_external_task_marker_dag.py took 0.099 seconds
[2026-01-05T17:23:57.607+0000] {processor.py:186} INFO - Started process (PID=934) to work on /home/airflow/.local/lib/python3.12/site-packages/airflow/example_dags/example_external_task_marker_dag.py
[2026-01-05T17:23:57.609+0000] {processor.py:914} INFO - Processing file /home/airflow/.local/lib/python3.12/site-packages/airflow/example_dags/example_external_task_marker_dag.py for tasks to queue
[2026-01-05T17:23:57.615+0000] {logging_mixin.py:190} INFO - [2026-01-05T17:23:57.614+0000] {dagbag.py:587} INFO - Filling up the DagBag from /home/airflow/.local/lib/python3.12/site-packages/airflow/example_dags/example_external_task_marker_dag.py
[2026-01-05T17:23:57.623+0000] {processor.py:925} INFO - DAG(s) 'example_external_task_marker_child', 'example_external_task_marker_parent' retrieved from /home/airflow/.local/lib/python3.12/site-packages/airflow/example_dags/example_external_task_marker_dag.py
[2026-01-05T17:23:57.659+0000] {logging_mixin.py:190} INFO - [2026-01-05T17:23:57.659+0000] {dag.py:3211} INFO - Sync 2 DAGs
[2026-01-05T17:23:57.675+0000] {logging_mixin.py:190} INFO - [2026-01-05T17:23:57.675+0000] {dag.py:4138} INFO - Setting next_dagrun for example_external_task_marker_child to None, run_after=None
[2026-01-05T17:23:57.681+0000] {logging_mixin.py:190} INFO - [2026-01-05T17:23:57.681+0000] {dag.py:4138} INFO - Setting next_dagrun for example_external_task_marker_parent to None, run_after=None
[2026-01-05T17:23:57.710+0000] {processor.py:208} INFO - Processing /home/airflow/.local/lib/python3.12/site-packages/airflow/example_dags/example_external_task_marker_dag.py took 0.116 seconds
[2026-01-05T17:24:28.151+0000] {processor.py:186} INFO - Started process (PID=1000) to work on /home/airflow/.local/lib/python3.12/site-packages/airflow/example_dags/example_external_task_marker_dag.py
[2026-01-05T17:24:28.153+0000] {processor.py:914} INFO - Processing file /home/airflow/.local/lib/python3.12/site-packages/airflow/example_dags/example_external_task_marker_dag.py for tasks to queue
[2026-01-05T17:24:28.159+0000] {logging_mixin.py:190} INFO - [2026-01-05T17:24:28.158+0000] {dagbag.py:587} INFO - Filling up the DagBag from /home/airflow/.local/lib/python3.12/site-packages/airflow/example_dags/example_external_task_marker_dag.py
[2026-01-05T17:24:28.169+0000] {processor.py:925} INFO - DAG(s) 'example_external_task_marker_child', 'example_external_task_marker_parent' retrieved from /home/airflow/.local/lib/python3.12/site-packages/airflow/example_dags/example_external_task_marker_dag.py
[2026-01-05T17:24:28.200+0000] {logging_mixin.py:190} INFO - [2026-01-05T17:24:28.200+0000] {dag.py:3211} INFO - Sync 2 DAGs
[2026-01-05T17:24:28.217+0000] {logging_mixin.py:190} INFO - [2026-01-05T17:24:28.217+0000] {dag.py:4138} INFO - Setting next_dagrun for example_external_task_marker_child to None, run_after=None
[2026-01-05T17:24:28.221+0000] {logging_mixin.py:190} INFO - [2026-01-05T17:24:28.221+0000] {dag.py:4138} INFO - Setting next_dagrun for example_external_task_marker_parent to None, run_after=None
[2026-01-05T17:24:28.239+0000] {processor.py:208} INFO - Processing /home/airflow/.local/lib/python3.12/site-packages/airflow/example_dags/example_external_task_marker_dag.py took 0.096 seconds
[2026-01-05T17:24:58.414+0000] {processor.py:186} INFO - Started process (PID=1066) to work on /home/airflow/.local/lib/python3.12/site-packages/airflow/example_dags/example_external_task_marker_dag.py
[2026-01-05T17:24:58.417+0000] {processor.py:914} INFO - Processing file /home/airflow/.local/lib/python3.12/site-packages/airflow/example_dags/example_external_task_marker_dag.py for tasks to queue
[2026-01-05T17:24:58.422+0000] {logging_mixin.py:190} INFO - [2026-01-05T17:24:58.422+0000] {dagbag.py:587} INFO - Filling up the DagBag from /home/airflow/.local/lib/python3.12/site-packages/airflow/example_dags/example_external_task_marker_dag.py
[2026-01-05T17:24:58.435+0000] {processor.py:925} INFO - DAG(s) 'example_external_task_marker_parent', 'example_external_task_marker_child' retrieved from /home/airflow/.local/lib/python3.12/site-packages/airflow/example_dags/example_external_task_marker_dag.py
[2026-01-05T17:24:58.472+0000] {logging_mixin.py:190} INFO - [2026-01-05T17:24:58.471+0000] {dag.py:3211} INFO - Sync 2 DAGs
[2026-01-05T17:24:58.497+0000] {logging_mixin.py:190} INFO - [2026-01-05T17:24:58.496+0000] {dag.py:4138} INFO - Setting next_dagrun for example_external_task_marker_child to None, run_after=None
[2026-01-05T17:24:58.504+0000] {logging_mixin.py:190} INFO - [2026-01-05T17:24:58.503+0000] {dag.py:4138} INFO - Setting next_dagrun for example_external_task_marker_parent to None, run_after=None
[2026-01-05T17:24:58.541+0000] {processor.py:208} INFO - Processing /home/airflow/.local/lib/python3.12/site-packages/airflow/example_dags/example_external_task_marker_dag.py took 0.137 seconds
[2026-01-05T17:25:28.663+0000] {processor.py:186} INFO - Started process (PID=1132) to work on /home/airflow/.local/lib/python3.12/site-packages/airflow/example_dags/example_external_task_marker_dag.py
[2026-01-05T17:25:28.665+0000] {processor.py:914} INFO - Processing file /home/airflow/.local/lib/python3.12/site-packages/airflow/example_dags/example_external_task_marker_dag.py for tasks to queue
[2026-01-05T17:25:28.671+0000] {logging_mixin.py:190} INFO - [2026-01-05T17:25:28.670+0000] {dagbag.py:587} INFO - Filling up the DagBag from /home/airflow/.local/lib/python3.12/site-packages/airflow/example_dags/example_external_task_marker_dag.py
[2026-01-05T17:25:28.680+0000] {processor.py:925} INFO - DAG(s) 'example_external_task_marker_child', 'example_external_task_marker_parent' retrieved from /home/airflow/.local/lib/python3.12/site-packages/airflow/example_dags/example_external_task_marker_dag.py
[2026-01-05T17:25:28.718+0000] {logging_mixin.py:190} INFO - [2026-01-05T17:25:28.718+0000] {dag.py:3211} INFO - Sync 2 DAGs
[2026-01-05T17:25:28.735+0000] {logging_mixin.py:190} INFO - [2026-01-05T17:25:28.734+0000] {dag.py:4138} INFO - Setting next_dagrun for example_external_task_marker_child to None, run_after=None
[2026-01-05T17:25:28.741+0000] {logging_mixin.py:190} INFO - [2026-01-05T17:25:28.741+0000] {dag.py:4138} INFO - Setting next_dagrun for example_external_task_marker_parent to None, run_after=None
[2026-01-05T17:25:28.763+0000] {processor.py:208} INFO - Processing /home/airflow/.local/lib/python3.12/site-packages/airflow/example_dags/example_external_task_marker_dag.py took 0.110 seconds
[2026-01-05T17:25:58.915+0000] {processor.py:186} INFO - Started process (PID=1198) to work on /home/airflow/.local/lib/python3.12/site-packages/airflow/example_dags/example_external_task_marker_dag.py
[2026-01-05T17:25:58.917+0000] {processor.py:914} INFO - Processing file /home/airflow/.local/lib/python3.12/site-packages/airflow/example_dags/example_external_task_marker_dag.py for tasks to queue
[2026-01-05T17:25:58.920+0000] {logging_mixin.py:190} INFO - [2026-01-05T17:25:58.919+0000] {dagbag.py:587} INFO - Filling up the DagBag from /home/airflow/.local/lib/python3.12/site-packages/airflow/example_dags/example_external_task_marker_dag.py
[2026-01-05T17:25:58.928+0000] {processor.py:925} INFO - DAG(s) 'example_external_task_marker_child', 'example_external_task_marker_parent' retrieved from /home/airflow/.local/lib/python3.12/site-packages/airflow/example_dags/example_external_task_marker_dag.py
[2026-01-05T17:25:58.959+0000] {logging_mixin.py:190} INFO - [2026-01-05T17:25:58.959+0000] {dag.py:3211} INFO - Sync 2 DAGs
[2026-01-05T17:25:58.981+0000] {logging_mixin.py:190} INFO - [2026-01-05T17:25:58.981+0000] {dag.py:4138} INFO - Setting next_dagrun for example_external_task_marker_child to None, run_after=None
[2026-01-05T17:25:58.986+0000] {logging_mixin.py:190} INFO - [2026-01-05T17:25:58.985+0000] {dag.py:4138} INFO - Setting next_dagrun for example_external_task_marker_parent to None, run_after=None
[2026-01-05T17:25:59.008+0000] {processor.py:208} INFO - Processing /home/airflow/.local/lib/python3.12/site-packages/airflow/example_dags/example_external_task_marker_dag.py took 0.100 seconds
[2026-01-05T17:26:29.309+0000] {processor.py:186} INFO - Started process (PID=1264) to work on /home/airflow/.local/lib/python3.12/site-packages/airflow/example_dags/example_external_task_marker_dag.py
[2026-01-05T17:26:29.310+0000] {processor.py:914} INFO - Processing file /home/airflow/.local/lib/python3.12/site-packages/airflow/example_dags/example_external_task_marker_dag.py for tasks to queue
[2026-01-05T17:26:29.313+0000] {logging_mixin.py:190} INFO - [2026-01-05T17:26:29.313+0000] {dagbag.py:587} INFO - Filling up the DagBag from /home/airflow/.local/lib/python3.12/site-packages/airflow/example_dags/example_external_task_marker_dag.py
[2026-01-05T17:26:29.321+0000] {processor.py:925} INFO - DAG(s) 'example_external_task_marker_child', 'example_external_task_marker_parent' retrieved from /home/airflow/.local/lib/python3.12/site-packages/airflow/example_dags/example_external_task_marker_dag.py
[2026-01-05T17:26:29.349+0000] {logging_mixin.py:190} INFO - [2026-01-05T17:26:29.348+0000] {dag.py:3211} INFO - Sync 2 DAGs
[2026-01-05T17:26:29.364+0000] {logging_mixin.py:190} INFO - [2026-01-05T17:26:29.363+0000] {dag.py:4138} INFO - Setting next_dagrun for example_external_task_marker_child to None, run_after=None
[2026-01-05T17:26:29.370+0000] {logging_mixin.py:190} INFO - [2026-01-05T17:26:29.370+0000] {dag.py:4138} INFO - Setting next_dagrun for example_external_task_marker_parent to None, run_after=None
[2026-01-05T17:26:29.392+0000] {processor.py:208} INFO - Processing /home/airflow/.local/lib/python3.12/site-packages/airflow/example_dags/example_external_task_marker_dag.py took 0.089 seconds
[2026-01-05T17:26:59.565+0000] {processor.py:186} INFO - Started process (PID=1330) to work on /home/airflow/.local/lib/python3.12/site-packages/airflow/example_dags/example_external_task_marker_dag.py
[2026-01-05T17:26:59.567+0000] {processor.py:914} INFO - Processing file /home/airflow/.local/lib/python3.12/site-packages/airflow/example_dags/example_external_task_marker_dag.py for tasks to queue
[2026-01-05T17:26:59.570+0000] {logging_mixin.py:190} INFO - [2026-01-05T17:26:59.570+0000] {dagbag.py:587} INFO - Filling up the DagBag from /home/airflow/.local/lib/python3.12/site-packages/airflow/example_dags/example_external_task_marker_dag.py
[2026-01-05T17:26:59.577+0000] {processor.py:925} INFO - DAG(s) 'example_external_task_marker_child', 'example_external_task_marker_parent' retrieved from /home/airflow/.local/lib/python3.12/site-packages/airflow/example_dags/example_external_task_marker_dag.py
[2026-01-05T17:26:59.610+0000] {logging_mixin.py:190} INFO - [2026-01-05T17:26:59.609+0000] {dag.py:3211} INFO - Sync 2 DAGs
[2026-01-05T17:26:59.629+0000] {logging_mixin.py:190} INFO - [2026-01-05T17:26:59.629+0000] {dag.py:4138} INFO - Setting next_dagrun for example_external_task_marker_child to None, run_after=None
[2026-01-05T17:26:59.636+0000] {logging_mixin.py:190} INFO - [2026-01-05T17:26:59.635+0000] {dag.py:4138} INFO - Setting next_dagrun for example_external_task_marker_parent to None, run_after=None
[2026-01-05T17:26:59.657+0000] {processor.py:208} INFO - Processing /home/airflow/.local/lib/python3.12/site-packages/airflow/example_dags/example_external_task_marker_dag.py took 0.099 seconds
[2026-01-05T17:27:29.752+0000] {processor.py:186} INFO - Started process (PID=1396) to work on /home/airflow/.local/lib/python3.12/site-packages/airflow/example_dags/example_external_task_marker_dag.py
[2026-01-05T17:27:29.754+0000] {processor.py:914} INFO - Processing file /home/airflow/.local/lib/python3.12/site-packages/airflow/example_dags/example_external_task_marker_dag.py for tasks to queue
[2026-01-05T17:27:29.760+0000] {logging_mixin.py:190} INFO - [2026-01-05T17:27:29.759+0000] {dagbag.py:587} INFO - Filling up the DagBag from /home/airflow/.local/lib/python3.12/site-packages/airflow/example_dags/example_external_task_marker_dag.py
[2026-01-05T17:27:29.767+0000] {processor.py:925} INFO - DAG(s) 'example_external_task_marker_child', 'example_external_task_marker_parent' retrieved from /home/airflow/.local/lib/python3.12/site-packages/airflow/example_dags/example_external_task_marker_dag.py
[2026-01-05T17:27:29.803+0000] {logging_mixin.py:190} INFO - [2026-01-05T17:27:29.803+0000] {dag.py:3211} INFO - Sync 2 DAGs
[2026-01-05T17:27:29.830+0000] {logging_mixin.py:190} INFO - [2026-01-05T17:27:29.830+0000] {dag.py:4138} INFO - Setting next_dagrun for example_external_task_marker_child to None, run_after=None
[2026-01-05T17:27:29.839+0000] {logging_mixin.py:190} INFO - [2026-01-05T17:27:29.839+0000] {dag.py:4138} INFO - Setting next_dagrun for example_external_task_marker_parent to None, run_after=None
[2026-01-05T17:27:29.874+0000] {processor.py:208} INFO - Processing /home/airflow/.local/lib/python3.12/site-packages/airflow/example_dags/example_external_task_marker_dag.py took 0.134 seconds
[2026-01-05T17:28:00.386+0000] {processor.py:186} INFO - Started process (PID=1462) to work on /home/airflow/.local/lib/python3.12/site-packages/airflow/example_dags/example_external_task_marker_dag.py
[2026-01-05T17:28:00.396+0000] {processor.py:914} INFO - Processing file /home/airflow/.local/lib/python3.12/site-packages/airflow/example_dags/example_external_task_marker_dag.py for tasks to queue
[2026-01-05T17:28:00.401+0000] {logging_mixin.py:190} INFO - [2026-01-05T17:28:00.401+0000] {dagbag.py:587} INFO - Filling up the DagBag from /home/airflow/.local/lib/python3.12/site-packages/airflow/example_dags/example_external_task_marker_dag.py
[2026-01-05T17:28:00.424+0000] {processor.py:925} INFO - DAG(s) 'example_external_task_marker_child', 'example_external_task_marker_parent' retrieved from /home/airflow/.local/lib/python3.12/site-packages/airflow/example_dags/example_external_task_marker_dag.py
[2026-01-05T17:28:00.518+0000] {logging_mixin.py:190} INFO - [2026-01-05T17:28:00.517+0000] {dag.py:3211} INFO - Sync 2 DAGs
[2026-01-05T17:28:00.550+0000] {logging_mixin.py:190} INFO - [2026-01-05T17:28:00.550+0000] {dag.py:4138} INFO - Setting next_dagrun for example_external_task_marker_child to None, run_after=None
[2026-01-05T17:28:00.557+0000] {logging_mixin.py:190} INFO - [2026-01-05T17:28:00.557+0000] {dag.py:4138} INFO - Setting next_dagrun for example_external_task_marker_parent to None, run_after=None
[2026-01-05T17:28:00.592+0000] {processor.py:208} INFO - Processing /home/airflow/.local/lib/python3.12/site-packages/airflow/example_dags/example_external_task_marker_dag.py took 0.217 seconds
[2026-01-05T17:28:31.090+0000] {processor.py:186} INFO - Started process (PID=1528) to work on /home/airflow/.local/lib/python3.12/site-packages/airflow/example_dags/example_external_task_marker_dag.py
[2026-01-05T17:28:31.092+0000] {processor.py:914} INFO - Processing file /home/airflow/.local/lib/python3.12/site-packages/airflow/example_dags/example_external_task_marker_dag.py for tasks to queue
[2026-01-05T17:28:31.096+0000] {logging_mixin.py:190} INFO - [2026-01-05T17:28:31.095+0000] {dagbag.py:587} INFO - Filling up the DagBag from /home/airflow/.local/lib/python3.12/site-packages/airflow/example_dags/example_external_task_marker_dag.py
[2026-01-05T17:28:31.104+0000] {processor.py:925} INFO - DAG(s) 'example_external_task_marker_child', 'example_external_task_marker_parent' retrieved from /home/airflow/.local/lib/python3.12/site-packages/airflow/example_dags/example_external_task_marker_dag.py
[2026-01-05T17:28:31.131+0000] {logging_mixin.py:190} INFO - [2026-01-05T17:28:31.130+0000] {dag.py:3211} INFO - Sync 2 DAGs
[2026-01-05T17:28:31.149+0000] {logging_mixin.py:190} INFO - [2026-01-05T17:28:31.149+0000] {dag.py:4138} INFO - Setting next_dagrun for example_external_task_marker_child to None, run_after=None
[2026-01-05T17:28:31.154+0000] {logging_mixin.py:190} INFO - [2026-01-05T17:28:31.154+0000] {dag.py:4138} INFO - Setting next_dagrun for example_external_task_marker_parent to None, run_after=None
[2026-01-05T17:28:31.172+0000] {processor.py:208} INFO - Processing /home/airflow/.local/lib/python3.12/site-packages/airflow/example_dags/example_external_task_marker_dag.py took 0.089 seconds
[2026-01-05T17:29:01.715+0000] {processor.py:186} INFO - Started process (PID=1594) to work on /home/airflow/.local/lib/python3.12/site-packages/airflow/example_dags/example_external_task_marker_dag.py
[2026-01-05T17:29:01.716+0000] {processor.py:914} INFO - Processing file /home/airflow/.local/lib/python3.12/site-packages/airflow/example_dags/example_external_task_marker_dag.py for tasks to queue
[2026-01-05T17:29:01.720+0000] {logging_mixin.py:190} INFO - [2026-01-05T17:29:01.719+0000] {dagbag.py:587} INFO - Filling up the DagBag from /home/airflow/.local/lib/python3.12/site-packages/airflow/example_dags/example_external_task_marker_dag.py
[2026-01-05T17:29:01.728+0000] {processor.py:925} INFO - DAG(s) 'example_external_task_marker_child', 'example_external_task_marker_parent' retrieved from /home/airflow/.local/lib/python3.12/site-packages/airflow/example_dags/example_external_task_marker_dag.py
[2026-01-05T17:29:01.754+0000] {logging_mixin.py:190} INFO - [2026-01-05T17:29:01.754+0000] {dag.py:3211} INFO - Sync 2 DAGs
[2026-01-05T17:29:01.771+0000] {logging_mixin.py:190} INFO - [2026-01-05T17:29:01.771+0000] {dag.py:4138} INFO - Setting next_dagrun for example_external_task_marker_child to None, run_after=None
[2026-01-05T17:29:01.776+0000] {logging_mixin.py:190} INFO - [2026-01-05T17:29:01.776+0000] {dag.py:4138} INFO - Setting next_dagrun for example_external_task_marker_parent to None, run_after=None
[2026-01-05T17:29:01.797+0000] {processor.py:208} INFO - Processing /home/airflow/.local/lib/python3.12/site-packages/airflow/example_dags/example_external_task_marker_dag.py took 0.089 seconds
[2026-01-05T17:29:32.534+0000] {processor.py:186} INFO - Started process (PID=1660) to work on /home/airflow/.local/lib/python3.12/site-packages/airflow/example_dags/example_external_task_marker_dag.py
[2026-01-05T17:29:32.536+0000] {processor.py:914} INFO - Processing file /home/airflow/.local/lib/python3.12/site-packages/airflow/example_dags/example_external_task_marker_dag.py for tasks to queue
[2026-01-05T17:29:32.538+0000] {logging_mixin.py:190} INFO - [2026-01-05T17:29:32.538+0000] {dagbag.py:587} INFO - Filling up the DagBag from /home/airflow/.local/lib/python3.12/site-packages/airflow/example_dags/example_external_task_marker_dag.py
[2026-01-05T17:29:32.549+0000] {processor.py:925} INFO - DAG(s) 'example_external_task_marker_child', 'example_external_task_marker_parent' retrieved from /home/airflow/.local/lib/python3.12/site-packages/airflow/example_dags/example_external_task_marker_dag.py
[2026-01-05T17:29:32.578+0000] {logging_mixin.py:190} INFO - [2026-01-05T17:29:32.577+0000] {dag.py:3211} INFO - Sync 2 DAGs
[2026-01-05T17:29:32.596+0000] {logging_mixin.py:190} INFO - [2026-01-05T17:29:32.595+0000] {dag.py:4138} INFO - Setting next_dagrun for example_external_task_marker_child to None, run_after=None
[2026-01-05T17:29:32.601+0000] {logging_mixin.py:190} INFO - [2026-01-05T17:29:32.601+0000] {dag.py:4138} INFO - Setting next_dagrun for example_external_task_marker_parent to None, run_after=None
[2026-01-05T17:29:32.623+0000] {processor.py:208} INFO - Processing /home/airflow/.local/lib/python3.12/site-packages/airflow/example_dags/example_external_task_marker_dag.py took 0.099 seconds
[2026-01-05T17:30:02.863+0000] {processor.py:186} INFO - Started process (PID=1726) to work on /home/airflow/.local/lib/python3.12/site-packages/airflow/example_dags/example_external_task_marker_dag.py
[2026-01-05T17:30:02.865+0000] {processor.py:914} INFO - Processing file /home/airflow/.local/lib/python3.12/site-packages/airflow/example_dags/example_external_task_marker_dag.py for tasks to queue
[2026-01-05T17:30:02.870+0000] {logging_mixin.py:190} INFO - [2026-01-05T17:30:02.870+0000] {dagbag.py:587} INFO - Filling up the DagBag from /home/airflow/.local/lib/python3.12/site-packages/airflow/example_dags/example_external_task_marker_dag.py
[2026-01-05T17:30:02.877+0000] {processor.py:925} INFO - DAG(s) 'example_external_task_marker_parent', 'example_external_task_marker_child' retrieved from /home/airflow/.local/lib/python3.12/site-packages/airflow/example_dags/example_external_task_marker_dag.py
[2026-01-05T17:30:02.906+0000] {logging_mixin.py:190} INFO - [2026-01-05T17:30:02.906+0000] {dag.py:3211} INFO - Sync 2 DAGs
[2026-01-05T17:30:02.921+0000] {logging_mixin.py:190} INFO - [2026-01-05T17:30:02.921+0000] {dag.py:4138} INFO - Setting next_dagrun for example_external_task_marker_child to None, run_after=None
[2026-01-05T17:30:02.925+0000] {logging_mixin.py:190} INFO - [2026-01-05T17:30:02.925+0000] {dag.py:4138} INFO - Setting next_dagrun for example_external_task_marker_parent to None, run_after=None
[2026-01-05T17:30:02.946+0000] {processor.py:208} INFO - Processing /home/airflow/.local/lib/python3.12/site-packages/airflow/example_dags/example_external_task_marker_dag.py took 0.091 seconds
[2026-01-05T17:30:33.459+0000] {processor.py:186} INFO - Started process (PID=1793) to work on /home/airflow/.local/lib/python3.12/site-packages/airflow/example_dags/example_external_task_marker_dag.py
[2026-01-05T17:30:33.461+0000] {processor.py:914} INFO - Processing file /home/airflow/.local/lib/python3.12/site-packages/airflow/example_dags/example_external_task_marker_dag.py for tasks to queue
[2026-01-05T17:30:33.465+0000] {logging_mixin.py:190} INFO - [2026-01-05T17:30:33.465+0000] {dagbag.py:587} INFO - Filling up the DagBag from /home/airflow/.local/lib/python3.12/site-packages/airflow/example_dags/example_external_task_marker_dag.py
[2026-01-05T17:30:33.474+0000] {processor.py:925} INFO - DAG(s) 'example_external_task_marker_child', 'example_external_task_marker_parent' retrieved from /home/airflow/.local/lib/python3.12/site-packages/airflow/example_dags/example_external_task_marker_dag.py
[2026-01-05T17:30:33.504+0000] {logging_mixin.py:190} INFO - [2026-01-05T17:30:33.503+0000] {dag.py:3211} INFO - Sync 2 DAGs
[2026-01-05T17:30:33.521+0000] {logging_mixin.py:190} INFO - [2026-01-05T17:30:33.520+0000] {dag.py:4138} INFO - Setting next_dagrun for example_external_task_marker_child to None, run_after=None
[2026-01-05T17:30:33.526+0000] {logging_mixin.py:190} INFO - [2026-01-05T17:30:33.526+0000] {dag.py:4138} INFO - Setting next_dagrun for example_external_task_marker_parent to None, run_after=None
[2026-01-05T17:30:33.547+0000] {processor.py:208} INFO - Processing /home/airflow/.local/lib/python3.12/site-packages/airflow/example_dags/example_external_task_marker_dag.py took 0.096 seconds
[2026-01-05T17:31:04.023+0000] {processor.py:186} INFO - Started process (PID=1859) to work on /home/airflow/.local/lib/python3.12/site-packages/airflow/example_dags/example_external_task_marker_dag.py
[2026-01-05T17:31:04.025+0000] {processor.py:914} INFO - Processing file /home/airflow/.local/lib/python3.12/site-packages/airflow/example_dags/example_external_task_marker_dag.py for tasks to queue
[2026-01-05T17:31:04.029+0000] {logging_mixin.py:190} INFO - [2026-01-05T17:31:04.029+0000] {dagbag.py:587} INFO - Filling up the DagBag from /home/airflow/.local/lib/python3.12/site-packages/airflow/example_dags/example_external_task_marker_dag.py
[2026-01-05T17:31:04.036+0000] {processor.py:925} INFO - DAG(s) 'example_external_task_marker_parent', 'example_external_task_marker_child' retrieved from /home/airflow/.local/lib/python3.12/site-packages/airflow/example_dags/example_external_task_marker_dag.py
[2026-01-05T17:31:04.066+0000] {logging_mixin.py:190} INFO - [2026-01-05T17:31:04.066+0000] {dag.py:3211} INFO - Sync 2 DAGs
[2026-01-05T17:31:04.087+0000] {logging_mixin.py:190} INFO - [2026-01-05T17:31:04.087+0000] {dag.py:4138} INFO - Setting next_dagrun for example_external_task_marker_child to None, run_after=None
[2026-01-05T17:31:04.094+0000] {logging_mixin.py:190} INFO - [2026-01-05T17:31:04.094+0000] {dag.py:4138} INFO - Setting next_dagrun for example_external_task_marker_parent to None, run_after=None
[2026-01-05T17:31:04.116+0000] {processor.py:208} INFO - Processing /home/airflow/.local/lib/python3.12/site-packages/airflow/example_dags/example_external_task_marker_dag.py took 0.099 seconds
[2026-01-05T17:31:35.246+0000] {processor.py:186} INFO - Started process (PID=1925) to work on /home/airflow/.local/lib/python3.12/site-packages/airflow/example_dags/example_external_task_marker_dag.py
[2026-01-05T17:31:35.247+0000] {processor.py:914} INFO - Processing file /home/airflow/.local/lib/python3.12/site-packages/airflow/example_dags/example_external_task_marker_dag.py for tasks to queue
[2026-01-05T17:31:35.250+0000] {logging_mixin.py:190} INFO - [2026-01-05T17:31:35.249+0000] {dagbag.py:587} INFO - Filling up the DagBag from /home/airflow/.local/lib/python3.12/site-packages/airflow/example_dags/example_external_task_marker_dag.py
[2026-01-05T17:31:35.257+0000] {processor.py:925} INFO - DAG(s) 'example_external_task_marker_child', 'example_external_task_marker_parent' retrieved from /home/airflow/.local/lib/python3.12/site-packages/airflow/example_dags/example_external_task_marker_dag.py
[2026-01-05T17:31:35.290+0000] {logging_mixin.py:190} INFO - [2026-01-05T17:31:35.290+0000] {dag.py:3211} INFO - Sync 2 DAGs
[2026-01-05T17:31:35.314+0000] {logging_mixin.py:190} INFO - [2026-01-05T17:31:35.313+0000] {dag.py:4138} INFO - Setting next_dagrun for example_external_task_marker_child to None, run_after=None
[2026-01-05T17:31:35.320+0000] {logging_mixin.py:190} INFO - [2026-01-05T17:31:35.320+0000] {dag.py:4138} INFO - Setting next_dagrun for example_external_task_marker_parent to None, run_after=None
[2026-01-05T17:31:35.352+0000] {processor.py:208} INFO - Processing /home/airflow/.local/lib/python3.12/site-packages/airflow/example_dags/example_external_task_marker_dag.py took 0.114 seconds
[2026-01-05T17:32:05.807+0000] {processor.py:186} INFO - Started process (PID=1991) to work on /home/airflow/.local/lib/python3.12/site-packages/airflow/example_dags/example_external_task_marker_dag.py
[2026-01-05T17:32:05.809+0000] {processor.py:914} INFO - Processing file /home/airflow/.local/lib/python3.12/site-packages/airflow/example_dags/example_external_task_marker_dag.py for tasks to queue
[2026-01-05T17:32:05.813+0000] {logging_mixin.py:190} INFO - [2026-01-05T17:32:05.813+0000] {dagbag.py:587} INFO - Filling up the DagBag from /home/airflow/.local/lib/python3.12/site-packages/airflow/example_dags/example_external_task_marker_dag.py
[2026-01-05T17:32:05.822+0000] {processor.py:925} INFO - DAG(s) 'example_external_task_marker_child', 'example_external_task_marker_parent' retrieved from /home/airflow/.local/lib/python3.12/site-packages/airflow/example_dags/example_external_task_marker_dag.py
[2026-01-05T17:32:05.854+0000] {logging_mixin.py:190} INFO - [2026-01-05T17:32:05.853+0000] {dag.py:3211} INFO - Sync 2 DAGs
[2026-01-05T17:32:05.870+0000] {logging_mixin.py:190} INFO - [2026-01-05T17:32:05.870+0000] {dag.py:4138} INFO - Setting next_dagrun for example_external_task_marker_child to None, run_after=None
[2026-01-05T17:32:05.874+0000] {logging_mixin.py:190} INFO - [2026-01-05T17:32:05.874+0000] {dag.py:4138} INFO - Setting next_dagrun for example_external_task_marker_parent to None, run_after=None
[2026-01-05T17:32:05.907+0000] {processor.py:208} INFO - Processing /home/airflow/.local/lib/python3.12/site-packages/airflow/example_dags/example_external_task_marker_dag.py took 0.116 seconds
[2026-01-05T17:32:36.440+0000] {processor.py:186} INFO - Started process (PID=2057) to work on /home/airflow/.local/lib/python3.12/site-packages/airflow/example_dags/example_external_task_marker_dag.py
[2026-01-05T17:32:36.442+0000] {processor.py:914} INFO - Processing file /home/airflow/.local/lib/python3.12/site-packages/airflow/example_dags/example_external_task_marker_dag.py for tasks to queue
[2026-01-05T17:32:36.445+0000] {logging_mixin.py:190} INFO - [2026-01-05T17:32:36.445+0000] {dagbag.py:587} INFO - Filling up the DagBag from /home/airflow/.local/lib/python3.12/site-packages/airflow/example_dags/example_external_task_marker_dag.py
[2026-01-05T17:32:36.454+0000] {processor.py:925} INFO - DAG(s) 'example_external_task_marker_parent', 'example_external_task_marker_child' retrieved from /home/airflow/.local/lib/python3.12/site-packages/airflow/example_dags/example_external_task_marker_dag.py
[2026-01-05T17:32:36.483+0000] {logging_mixin.py:190} INFO - [2026-01-05T17:32:36.483+0000] {dag.py:3211} INFO - Sync 2 DAGs
[2026-01-05T17:32:36.501+0000] {logging_mixin.py:190} INFO - [2026-01-05T17:32:36.501+0000] {dag.py:4138} INFO - Setting next_dagrun for example_external_task_marker_child to None, run_after=None
[2026-01-05T17:32:36.508+0000] {logging_mixin.py:190} INFO - [2026-01-05T17:32:36.508+0000] {dag.py:4138} INFO - Setting next_dagrun for example_external_task_marker_parent to None, run_after=None
[2026-01-05T17:32:36.529+0000] {processor.py:208} INFO - Processing /home/airflow/.local/lib/python3.12/site-packages/airflow/example_dags/example_external_task_marker_dag.py took 0.094 seconds
[2026-01-05T17:33:06.929+0000] {processor.py:186} INFO - Started process (PID=2123) to work on /home/airflow/.local/lib/python3.12/site-packages/airflow/example_dags/example_external_task_marker_dag.py
[2026-01-05T17:33:06.930+0000] {processor.py:914} INFO - Processing file /home/airflow/.local/lib/python3.12/site-packages/airflow/example_dags/example_external_task_marker_dag.py for tasks to queue
[2026-01-05T17:33:06.934+0000] {logging_mixin.py:190} INFO - [2026-01-05T17:33:06.934+0000] {dagbag.py:587} INFO - Filling up the DagBag from /home/airflow/.local/lib/python3.12/site-packages/airflow/example_dags/example_external_task_marker_dag.py
[2026-01-05T17:33:06.946+0000] {processor.py:925} INFO - DAG(s) 'example_external_task_marker_child', 'example_external_task_marker_parent' retrieved from /home/airflow/.local/lib/python3.12/site-packages/airflow/example_dags/example_external_task_marker_dag.py
[2026-01-05T17:33:06.976+0000] {logging_mixin.py:190} INFO - [2026-01-05T17:33:06.975+0000] {dag.py:3211} INFO - Sync 2 DAGs
[2026-01-05T17:33:06.997+0000] {logging_mixin.py:190} INFO - [2026-01-05T17:33:06.997+0000] {dag.py:4138} INFO - Setting next_dagrun for example_external_task_marker_child to None, run_after=None
[2026-01-05T17:33:07.002+0000] {logging_mixin.py:190} INFO - [2026-01-05T17:33:07.002+0000] {dag.py:4138} INFO - Setting next_dagrun for example_external_task_marker_parent to None, run_after=None
[2026-01-05T17:33:07.023+0000] {processor.py:208} INFO - Processing /home/airflow/.local/lib/python3.12/site-packages/airflow/example_dags/example_external_task_marker_dag.py took 0.101 seconds
[2026-01-05T17:33:37.270+0000] {processor.py:186} INFO - Started process (PID=2188) to work on /home/airflow/.local/lib/python3.12/site-packages/airflow/example_dags/example_external_task_marker_dag.py
[2026-01-05T17:33:37.273+0000] {processor.py:914} INFO - Processing file /home/airflow/.local/lib/python3.12/site-packages/airflow/example_dags/example_external_task_marker_dag.py for tasks to queue
[2026-01-05T17:33:37.279+0000] {logging_mixin.py:190} INFO - [2026-01-05T17:33:37.278+0000] {dagbag.py:587} INFO - Filling up the DagBag from /home/airflow/.local/lib/python3.12/site-packages/airflow/example_dags/example_external_task_marker_dag.py
[2026-01-05T17:33:37.299+0000] {processor.py:925} INFO - DAG(s) 'example_external_task_marker_parent', 'example_external_task_marker_child' retrieved from /home/airflow/.local/lib/python3.12/site-packages/airflow/example_dags/example_external_task_marker_dag.py
[2026-01-05T17:33:37.357+0000] {logging_mixin.py:190} INFO - [2026-01-05T17:33:37.357+0000] {dag.py:3211} INFO - Sync 2 DAGs
[2026-01-05T17:33:37.418+0000] {logging_mixin.py:190} INFO - [2026-01-05T17:33:37.416+0000] {dag.py:4138} INFO - Setting next_dagrun for example_external_task_marker_child to None, run_after=None
[2026-01-05T17:33:37.432+0000] {logging_mixin.py:190} INFO - [2026-01-05T17:33:37.431+0000] {dag.py:4138} INFO - Setting next_dagrun for example_external_task_marker_parent to None, run_after=None
[2026-01-05T17:33:37.479+0000] {processor.py:208} INFO - Processing /home/airflow/.local/lib/python3.12/site-packages/airflow/example_dags/example_external_task_marker_dag.py took 0.226 seconds
[2026-01-05T17:34:07.803+0000] {processor.py:186} INFO - Started process (PID=2254) to work on /home/airflow/.local/lib/python3.12/site-packages/airflow/example_dags/example_external_task_marker_dag.py
[2026-01-05T17:34:07.806+0000] {processor.py:914} INFO - Processing file /home/airflow/.local/lib/python3.12/site-packages/airflow/example_dags/example_external_task_marker_dag.py for tasks to queue
[2026-01-05T17:34:07.813+0000] {logging_mixin.py:190} INFO - [2026-01-05T17:34:07.813+0000] {dagbag.py:587} INFO - Filling up the DagBag from /home/airflow/.local/lib/python3.12/site-packages/airflow/example_dags/example_external_task_marker_dag.py
[2026-01-05T17:34:07.836+0000] {processor.py:925} INFO - DAG(s) 'example_external_task_marker_parent', 'example_external_task_marker_child' retrieved from /home/airflow/.local/lib/python3.12/site-packages/airflow/example_dags/example_external_task_marker_dag.py
[2026-01-05T17:34:07.888+0000] {logging_mixin.py:190} INFO - [2026-01-05T17:34:07.888+0000] {dag.py:3211} INFO - Sync 2 DAGs
[2026-01-05T17:34:07.918+0000] {logging_mixin.py:190} INFO - [2026-01-05T17:34:07.917+0000] {dag.py:4138} INFO - Setting next_dagrun for example_external_task_marker_child to None, run_after=None
[2026-01-05T17:34:07.925+0000] {logging_mixin.py:190} INFO - [2026-01-05T17:34:07.924+0000] {dag.py:4138} INFO - Setting next_dagrun for example_external_task_marker_parent to None, run_after=None
[2026-01-05T17:34:07.949+0000] {processor.py:208} INFO - Processing /home/airflow/.local/lib/python3.12/site-packages/airflow/example_dags/example_external_task_marker_dag.py took 0.161 seconds
[2026-01-05T17:34:38.684+0000] {processor.py:186} INFO - Started process (PID=2321) to work on /home/airflow/.local/lib/python3.12/site-packages/airflow/example_dags/example_external_task_marker_dag.py
[2026-01-05T17:34:38.685+0000] {processor.py:914} INFO - Processing file /home/airflow/.local/lib/python3.12/site-packages/airflow/example_dags/example_external_task_marker_dag.py for tasks to queue
[2026-01-05T17:34:38.689+0000] {logging_mixin.py:190} INFO - [2026-01-05T17:34:38.689+0000] {dagbag.py:587} INFO - Filling up the DagBag from /home/airflow/.local/lib/python3.12/site-packages/airflow/example_dags/example_external_task_marker_dag.py
[2026-01-05T17:34:38.700+0000] {processor.py:925} INFO - DAG(s) 'example_external_task_marker_child', 'example_external_task_marker_parent' retrieved from /home/airflow/.local/lib/python3.12/site-packages/airflow/example_dags/example_external_task_marker_dag.py
[2026-01-05T17:34:38.727+0000] {logging_mixin.py:190} INFO - [2026-01-05T17:34:38.727+0000] {dag.py:3211} INFO - Sync 2 DAGs
[2026-01-05T17:34:38.741+0000] {logging_mixin.py:190} INFO - [2026-01-05T17:34:38.741+0000] {dag.py:4138} INFO - Setting next_dagrun for example_external_task_marker_child to None, run_after=None
[2026-01-05T17:34:38.747+0000] {logging_mixin.py:190} INFO - [2026-01-05T17:34:38.747+0000] {dag.py:4138} INFO - Setting next_dagrun for example_external_task_marker_parent to None, run_after=None
[2026-01-05T17:34:38.766+0000] {processor.py:208} INFO - Processing /home/airflow/.local/lib/python3.12/site-packages/airflow/example_dags/example_external_task_marker_dag.py took 0.091 seconds
[2026-01-05T17:35:09.006+0000] {processor.py:186} INFO - Started process (PID=2387) to work on /home/airflow/.local/lib/python3.12/site-packages/airflow/example_dags/example_external_task_marker_dag.py
[2026-01-05T17:35:09.008+0000] {processor.py:914} INFO - Processing file /home/airflow/.local/lib/python3.12/site-packages/airflow/example_dags/example_external_task_marker_dag.py for tasks to queue
[2026-01-05T17:35:09.012+0000] {logging_mixin.py:190} INFO - [2026-01-05T17:35:09.011+0000] {dagbag.py:587} INFO - Filling up the DagBag from /home/airflow/.local/lib/python3.12/site-packages/airflow/example_dags/example_external_task_marker_dag.py
[2026-01-05T17:35:09.019+0000] {processor.py:925} INFO - DAG(s) 'example_external_task_marker_parent', 'example_external_task_marker_child' retrieved from /home/airflow/.local/lib/python3.12/site-packages/airflow/example_dags/example_external_task_marker_dag.py
[2026-01-05T17:35:09.051+0000] {logging_mixin.py:190} INFO - [2026-01-05T17:35:09.050+0000] {dag.py:3211} INFO - Sync 2 DAGs
[2026-01-05T17:35:09.072+0000] {logging_mixin.py:190} INFO - [2026-01-05T17:35:09.072+0000] {dag.py:4138} INFO - Setting next_dagrun for example_external_task_marker_child to None, run_after=None
[2026-01-05T17:35:09.080+0000] {logging_mixin.py:190} INFO - [2026-01-05T17:35:09.080+0000] {dag.py:4138} INFO - Setting next_dagrun for example_external_task_marker_parent to None, run_after=None
[2026-01-05T17:35:09.099+0000] {processor.py:208} INFO - Processing /home/airflow/.local/lib/python3.12/site-packages/airflow/example_dags/example_external_task_marker_dag.py took 0.102 seconds
[2026-01-05T17:35:39.275+0000] {processor.py:186} INFO - Started process (PID=2454) to work on /home/airflow/.local/lib/python3.12/site-packages/airflow/example_dags/example_external_task_marker_dag.py
[2026-01-05T17:35:39.277+0000] {processor.py:914} INFO - Processing file /home/airflow/.local/lib/python3.12/site-packages/airflow/example_dags/example_external_task_marker_dag.py for tasks to queue
[2026-01-05T17:35:39.280+0000] {logging_mixin.py:190} INFO - [2026-01-05T17:35:39.280+0000] {dagbag.py:587} INFO - Filling up the DagBag from /home/airflow/.local/lib/python3.12/site-packages/airflow/example_dags/example_external_task_marker_dag.py
[2026-01-05T17:35:39.288+0000] {processor.py:925} INFO - DAG(s) 'example_external_task_marker_child', 'example_external_task_marker_parent' retrieved from /home/airflow/.local/lib/python3.12/site-packages/airflow/example_dags/example_external_task_marker_dag.py
[2026-01-05T17:35:39.315+0000] {logging_mixin.py:190} INFO - [2026-01-05T17:35:39.314+0000] {dag.py:3211} INFO - Sync 2 DAGs
[2026-01-05T17:35:39.331+0000] {logging_mixin.py:190} INFO - [2026-01-05T17:35:39.331+0000] {dag.py:4138} INFO - Setting next_dagrun for example_external_task_marker_child to None, run_after=None
[2026-01-05T17:35:39.335+0000] {logging_mixin.py:190} INFO - [2026-01-05T17:35:39.335+0000] {dag.py:4138} INFO - Setting next_dagrun for example_external_task_marker_parent to None, run_after=None
[2026-01-05T17:35:39.356+0000] {processor.py:208} INFO - Processing /home/airflow/.local/lib/python3.12/site-packages/airflow/example_dags/example_external_task_marker_dag.py took 0.088 seconds
[2026-01-05T17:36:09.930+0000] {processor.py:186} INFO - Started process (PID=2520) to work on /home/airflow/.local/lib/python3.12/site-packages/airflow/example_dags/example_external_task_marker_dag.py
[2026-01-05T17:36:09.932+0000] {processor.py:914} INFO - Processing file /home/airflow/.local/lib/python3.12/site-packages/airflow/example_dags/example_external_task_marker_dag.py for tasks to queue
[2026-01-05T17:36:09.936+0000] {logging_mixin.py:190} INFO - [2026-01-05T17:36:09.935+0000] {dagbag.py:587} INFO - Filling up the DagBag from /home/airflow/.local/lib/python3.12/site-packages/airflow/example_dags/example_external_task_marker_dag.py
[2026-01-05T17:36:09.943+0000] {processor.py:925} INFO - DAG(s) 'example_external_task_marker_child', 'example_external_task_marker_parent' retrieved from /home/airflow/.local/lib/python3.12/site-packages/airflow/example_dags/example_external_task_marker_dag.py
[2026-01-05T17:36:09.975+0000] {logging_mixin.py:190} INFO - [2026-01-05T17:36:09.975+0000] {dag.py:3211} INFO - Sync 2 DAGs
[2026-01-05T17:36:09.992+0000] {logging_mixin.py:190} INFO - [2026-01-05T17:36:09.992+0000] {dag.py:4138} INFO - Setting next_dagrun for example_external_task_marker_child to None, run_after=None
[2026-01-05T17:36:09.997+0000] {logging_mixin.py:190} INFO - [2026-01-05T17:36:09.997+0000] {dag.py:4138} INFO - Setting next_dagrun for example_external_task_marker_parent to None, run_after=None
[2026-01-05T17:36:10.021+0000] {processor.py:208} INFO - Processing /home/airflow/.local/lib/python3.12/site-packages/airflow/example_dags/example_external_task_marker_dag.py took 0.098 seconds
[2026-01-05T17:36:40.557+0000] {processor.py:186} INFO - Started process (PID=2586) to work on /home/airflow/.local/lib/python3.12/site-packages/airflow/example_dags/example_external_task_marker_dag.py
[2026-01-05T17:36:40.558+0000] {processor.py:914} INFO - Processing file /home/airflow/.local/lib/python3.12/site-packages/airflow/example_dags/example_external_task_marker_dag.py for tasks to queue
[2026-01-05T17:36:40.561+0000] {logging_mixin.py:190} INFO - [2026-01-05T17:36:40.561+0000] {dagbag.py:587} INFO - Filling up the DagBag from /home/airflow/.local/lib/python3.12/site-packages/airflow/example_dags/example_external_task_marker_dag.py
[2026-01-05T17:36:40.568+0000] {processor.py:925} INFO - DAG(s) 'example_external_task_marker_child', 'example_external_task_marker_parent' retrieved from /home/airflow/.local/lib/python3.12/site-packages/airflow/example_dags/example_external_task_marker_dag.py
[2026-01-05T17:36:40.597+0000] {logging_mixin.py:190} INFO - [2026-01-05T17:36:40.597+0000] {dag.py:3211} INFO - Sync 2 DAGs
[2026-01-05T17:36:40.615+0000] {logging_mixin.py:190} INFO - [2026-01-05T17:36:40.615+0000] {dag.py:4138} INFO - Setting next_dagrun for example_external_task_marker_child to None, run_after=None
[2026-01-05T17:36:40.620+0000] {logging_mixin.py:190} INFO - [2026-01-05T17:36:40.619+0000] {dag.py:4138} INFO - Setting next_dagrun for example_external_task_marker_parent to None, run_after=None
[2026-01-05T17:36:40.637+0000] {processor.py:208} INFO - Processing /home/airflow/.local/lib/python3.12/site-packages/airflow/example_dags/example_external_task_marker_dag.py took 0.087 seconds
[2026-01-05T17:37:11.036+0000] {processor.py:186} INFO - Started process (PID=2652) to work on /home/airflow/.local/lib/python3.12/site-packages/airflow/example_dags/example_external_task_marker_dag.py
[2026-01-05T17:37:11.037+0000] {processor.py:914} INFO - Processing file /home/airflow/.local/lib/python3.12/site-packages/airflow/example_dags/example_external_task_marker_dag.py for tasks to queue
[2026-01-05T17:37:11.040+0000] {logging_mixin.py:190} INFO - [2026-01-05T17:37:11.040+0000] {dagbag.py:587} INFO - Filling up the DagBag from /home/airflow/.local/lib/python3.12/site-packages/airflow/example_dags/example_external_task_marker_dag.py
[2026-01-05T17:37:11.050+0000] {processor.py:925} INFO - DAG(s) 'example_external_task_marker_parent', 'example_external_task_marker_child' retrieved from /home/airflow/.local/lib/python3.12/site-packages/airflow/example_dags/example_external_task_marker_dag.py
[2026-01-05T17:37:11.113+0000] {logging_mixin.py:190} INFO - [2026-01-05T17:37:11.113+0000] {dag.py:3211} INFO - Sync 2 DAGs
[2026-01-05T17:37:11.140+0000] {logging_mixin.py:190} INFO - [2026-01-05T17:37:11.140+0000] {dag.py:4138} INFO - Setting next_dagrun for example_external_task_marker_child to None, run_after=None
[2026-01-05T17:37:11.148+0000] {logging_mixin.py:190} INFO - [2026-01-05T17:37:11.147+0000] {dag.py:4138} INFO - Setting next_dagrun for example_external_task_marker_parent to None, run_after=None
[2026-01-05T17:37:11.166+0000] {processor.py:208} INFO - Processing /home/airflow/.local/lib/python3.12/site-packages/airflow/example_dags/example_external_task_marker_dag.py took 0.138 seconds
[2026-01-05T17:37:41.761+0000] {processor.py:186} INFO - Started process (PID=2718) to work on /home/airflow/.local/lib/python3.12/site-packages/airflow/example_dags/example_external_task_marker_dag.py
[2026-01-05T17:37:41.763+0000] {processor.py:914} INFO - Processing file /home/airflow/.local/lib/python3.12/site-packages/airflow/example_dags/example_external_task_marker_dag.py for tasks to queue
[2026-01-05T17:37:41.767+0000] {logging_mixin.py:190} INFO - [2026-01-05T17:37:41.766+0000] {dagbag.py:587} INFO - Filling up the DagBag from /home/airflow/.local/lib/python3.12/site-packages/airflow/example_dags/example_external_task_marker_dag.py
[2026-01-05T17:37:41.776+0000] {processor.py:925} INFO - DAG(s) 'example_external_task_marker_parent', 'example_external_task_marker_child' retrieved from /home/airflow/.local/lib/python3.12/site-packages/airflow/example_dags/example_external_task_marker_dag.py
[2026-01-05T17:37:41.806+0000] {logging_mixin.py:190} INFO - [2026-01-05T17:37:41.805+0000] {dag.py:3211} INFO - Sync 2 DAGs
[2026-01-05T17:37:41.821+0000] {logging_mixin.py:190} INFO - [2026-01-05T17:37:41.821+0000] {dag.py:4138} INFO - Setting next_dagrun for example_external_task_marker_child to None, run_after=None
[2026-01-05T17:37:41.825+0000] {logging_mixin.py:190} INFO - [2026-01-05T17:37:41.825+0000] {dag.py:4138} INFO - Setting next_dagrun for example_external_task_marker_parent to None, run_after=None
[2026-01-05T17:37:41.847+0000] {processor.py:208} INFO - Processing /home/airflow/.local/lib/python3.12/site-packages/airflow/example_dags/example_external_task_marker_dag.py took 0.093 seconds
[2026-01-05T17:38:11.990+0000] {processor.py:186} INFO - Started process (PID=2784) to work on /home/airflow/.local/lib/python3.12/site-packages/airflow/example_dags/example_external_task_marker_dag.py
[2026-01-05T17:38:11.992+0000] {processor.py:914} INFO - Processing file /home/airflow/.local/lib/python3.12/site-packages/airflow/example_dags/example_external_task_marker_dag.py for tasks to queue
[2026-01-05T17:38:11.995+0000] {logging_mixin.py:190} INFO - [2026-01-05T17:38:11.995+0000] {dagbag.py:587} INFO - Filling up the DagBag from /home/airflow/.local/lib/python3.12/site-packages/airflow/example_dags/example_external_task_marker_dag.py
[2026-01-05T17:38:12.003+0000] {processor.py:925} INFO - DAG(s) 'example_external_task_marker_parent', 'example_external_task_marker_child' retrieved from /home/airflow/.local/lib/python3.12/site-packages/airflow/example_dags/example_external_task_marker_dag.py
[2026-01-05T17:38:12.035+0000] {logging_mixin.py:190} INFO - [2026-01-05T17:38:12.035+0000] {dag.py:3211} INFO - Sync 2 DAGs
[2026-01-05T17:38:12.054+0000] {logging_mixin.py:190} INFO - [2026-01-05T17:38:12.054+0000] {dag.py:4138} INFO - Setting next_dagrun for example_external_task_marker_child to None, run_after=None
[2026-01-05T17:38:12.058+0000] {logging_mixin.py:190} INFO - [2026-01-05T17:38:12.058+0000] {dag.py:4138} INFO - Setting next_dagrun for example_external_task_marker_parent to None, run_after=None
[2026-01-05T17:38:12.078+0000] {processor.py:208} INFO - Processing /home/airflow/.local/lib/python3.12/site-packages/airflow/example_dags/example_external_task_marker_dag.py took 0.095 seconds
[2026-01-05T17:38:42.669+0000] {processor.py:186} INFO - Started process (PID=2850) to work on /home/airflow/.local/lib/python3.12/site-packages/airflow/example_dags/example_external_task_marker_dag.py
[2026-01-05T17:38:42.671+0000] {processor.py:914} INFO - Processing file /home/airflow/.local/lib/python3.12/site-packages/airflow/example_dags/example_external_task_marker_dag.py for tasks to queue
[2026-01-05T17:38:42.674+0000] {logging_mixin.py:190} INFO - [2026-01-05T17:38:42.674+0000] {dagbag.py:587} INFO - Filling up the DagBag from /home/airflow/.local/lib/python3.12/site-packages/airflow/example_dags/example_external_task_marker_dag.py
[2026-01-05T17:38:42.681+0000] {processor.py:925} INFO - DAG(s) 'example_external_task_marker_parent', 'example_external_task_marker_child' retrieved from /home/airflow/.local/lib/python3.12/site-packages/airflow/example_dags/example_external_task_marker_dag.py
[2026-01-05T17:38:42.704+0000] {logging_mixin.py:190} INFO - [2026-01-05T17:38:42.704+0000] {dag.py:3211} INFO - Sync 2 DAGs
[2026-01-05T17:38:42.720+0000] {logging_mixin.py:190} INFO - [2026-01-05T17:38:42.720+0000] {dag.py:4138} INFO - Setting next_dagrun for example_external_task_marker_child to None, run_after=None
[2026-01-05T17:38:42.724+0000] {logging_mixin.py:190} INFO - [2026-01-05T17:38:42.724+0000] {dag.py:4138} INFO - Setting next_dagrun for example_external_task_marker_parent to None, run_after=None
[2026-01-05T17:38:42.741+0000] {processor.py:208} INFO - Processing /home/airflow/.local/lib/python3.12/site-packages/airflow/example_dags/example_external_task_marker_dag.py took 0.079 seconds
[2026-01-05T17:39:13.719+0000] {processor.py:186} INFO - Started process (PID=2916) to work on /home/airflow/.local/lib/python3.12/site-packages/airflow/example_dags/example_external_task_marker_dag.py
[2026-01-05T17:39:13.720+0000] {processor.py:914} INFO - Processing file /home/airflow/.local/lib/python3.12/site-packages/airflow/example_dags/example_external_task_marker_dag.py for tasks to queue
[2026-01-05T17:39:13.724+0000] {logging_mixin.py:190} INFO - [2026-01-05T17:39:13.723+0000] {dagbag.py:587} INFO - Filling up the DagBag from /home/airflow/.local/lib/python3.12/site-packages/airflow/example_dags/example_external_task_marker_dag.py
[2026-01-05T17:39:13.731+0000] {processor.py:925} INFO - DAG(s) 'example_external_task_marker_child', 'example_external_task_marker_parent' retrieved from /home/airflow/.local/lib/python3.12/site-packages/airflow/example_dags/example_external_task_marker_dag.py
[2026-01-05T17:39:13.761+0000] {logging_mixin.py:190} INFO - [2026-01-05T17:39:13.761+0000] {dag.py:3211} INFO - Sync 2 DAGs
[2026-01-05T17:39:13.775+0000] {logging_mixin.py:190} INFO - [2026-01-05T17:39:13.775+0000] {dag.py:4138} INFO - Setting next_dagrun for example_external_task_marker_child to None, run_after=None
[2026-01-05T17:39:13.779+0000] {logging_mixin.py:190} INFO - [2026-01-05T17:39:13.779+0000] {dag.py:4138} INFO - Setting next_dagrun for example_external_task_marker_parent to None, run_after=None
[2026-01-05T17:39:13.796+0000] {processor.py:208} INFO - Processing /home/airflow/.local/lib/python3.12/site-packages/airflow/example_dags/example_external_task_marker_dag.py took 0.085 seconds
[2026-01-05T17:39:44.346+0000] {processor.py:186} INFO - Started process (PID=2982) to work on /home/airflow/.local/lib/python3.12/site-packages/airflow/example_dags/example_external_task_marker_dag.py
[2026-01-05T17:39:44.348+0000] {processor.py:914} INFO - Processing file /home/airflow/.local/lib/python3.12/site-packages/airflow/example_dags/example_external_task_marker_dag.py for tasks to queue
[2026-01-05T17:39:44.351+0000] {logging_mixin.py:190} INFO - [2026-01-05T17:39:44.351+0000] {dagbag.py:587} INFO - Filling up the DagBag from /home/airflow/.local/lib/python3.12/site-packages/airflow/example_dags/example_external_task_marker_dag.py
[2026-01-05T17:39:44.360+0000] {processor.py:925} INFO - DAG(s) 'example_external_task_marker_child', 'example_external_task_marker_parent' retrieved from /home/airflow/.local/lib/python3.12/site-packages/airflow/example_dags/example_external_task_marker_dag.py
[2026-01-05T17:39:44.385+0000] {logging_mixin.py:190} INFO - [2026-01-05T17:39:44.385+0000] {dag.py:3211} INFO - Sync 2 DAGs
[2026-01-05T17:39:44.402+0000] {logging_mixin.py:190} INFO - [2026-01-05T17:39:44.402+0000] {dag.py:4138} INFO - Setting next_dagrun for example_external_task_marker_child to None, run_after=None
[2026-01-05T17:39:44.407+0000] {logging_mixin.py:190} INFO - [2026-01-05T17:39:44.407+0000] {dag.py:4138} INFO - Setting next_dagrun for example_external_task_marker_parent to None, run_after=None
[2026-01-05T17:39:44.428+0000] {processor.py:208} INFO - Processing /home/airflow/.local/lib/python3.12/site-packages/airflow/example_dags/example_external_task_marker_dag.py took 0.089 seconds
[2026-01-05T17:40:15.019+0000] {processor.py:186} INFO - Started process (PID=3048) to work on /home/airflow/.local/lib/python3.12/site-packages/airflow/example_dags/example_external_task_marker_dag.py
[2026-01-05T17:40:15.020+0000] {processor.py:914} INFO - Processing file /home/airflow/.local/lib/python3.12/site-packages/airflow/example_dags/example_external_task_marker_dag.py for tasks to queue
[2026-01-05T17:40:15.024+0000] {logging_mixin.py:190} INFO - [2026-01-05T17:40:15.023+0000] {dagbag.py:587} INFO - Filling up the DagBag from /home/airflow/.local/lib/python3.12/site-packages/airflow/example_dags/example_external_task_marker_dag.py
[2026-01-05T17:40:15.033+0000] {processor.py:925} INFO - DAG(s) 'example_external_task_marker_child', 'example_external_task_marker_parent' retrieved from /home/airflow/.local/lib/python3.12/site-packages/airflow/example_dags/example_external_task_marker_dag.py
[2026-01-05T17:40:15.065+0000] {logging_mixin.py:190} INFO - [2026-01-05T17:40:15.064+0000] {dag.py:3211} INFO - Sync 2 DAGs
[2026-01-05T17:40:15.081+0000] {logging_mixin.py:190} INFO - [2026-01-05T17:40:15.081+0000] {dag.py:4138} INFO - Setting next_dagrun for example_external_task_marker_child to None, run_after=None
[2026-01-05T17:40:15.086+0000] {logging_mixin.py:190} INFO - [2026-01-05T17:40:15.086+0000] {dag.py:4138} INFO - Setting next_dagrun for example_external_task_marker_parent to None, run_after=None
[2026-01-05T17:40:15.105+0000] {processor.py:208} INFO - Processing /home/airflow/.local/lib/python3.12/site-packages/airflow/example_dags/example_external_task_marker_dag.py took 0.093 seconds
[2026-01-05T17:40:45.324+0000] {processor.py:186} INFO - Started process (PID=3114) to work on /home/airflow/.local/lib/python3.12/site-packages/airflow/example_dags/example_external_task_marker_dag.py
[2026-01-05T17:40:45.326+0000] {processor.py:914} INFO - Processing file /home/airflow/.local/lib/python3.12/site-packages/airflow/example_dags/example_external_task_marker_dag.py for tasks to queue
[2026-01-05T17:40:45.331+0000] {logging_mixin.py:190} INFO - [2026-01-05T17:40:45.330+0000] {dagbag.py:587} INFO - Filling up the DagBag from /home/airflow/.local/lib/python3.12/site-packages/airflow/example_dags/example_external_task_marker_dag.py
[2026-01-05T17:40:45.340+0000] {processor.py:925} INFO - DAG(s) 'example_external_task_marker_parent', 'example_external_task_marker_child' retrieved from /home/airflow/.local/lib/python3.12/site-packages/airflow/example_dags/example_external_task_marker_dag.py
[2026-01-05T17:40:45.368+0000] {logging_mixin.py:190} INFO - [2026-01-05T17:40:45.368+0000] {dag.py:3211} INFO - Sync 2 DAGs
[2026-01-05T17:40:45.388+0000] {logging_mixin.py:190} INFO - [2026-01-05T17:40:45.387+0000] {dag.py:4138} INFO - Setting next_dagrun for example_external_task_marker_child to None, run_after=None
[2026-01-05T17:40:45.394+0000] {logging_mixin.py:190} INFO - [2026-01-05T17:40:45.393+0000] {dag.py:4138} INFO - Setting next_dagrun for example_external_task_marker_parent to None, run_after=None
[2026-01-05T17:40:45.416+0000] {processor.py:208} INFO - Processing /home/airflow/.local/lib/python3.12/site-packages/airflow/example_dags/example_external_task_marker_dag.py took 0.100 seconds
[2026-01-05T17:41:15.567+0000] {processor.py:186} INFO - Started process (PID=3180) to work on /home/airflow/.local/lib/python3.12/site-packages/airflow/example_dags/example_external_task_marker_dag.py
[2026-01-05T17:41:15.569+0000] {processor.py:914} INFO - Processing file /home/airflow/.local/lib/python3.12/site-packages/airflow/example_dags/example_external_task_marker_dag.py for tasks to queue
[2026-01-05T17:41:15.574+0000] {logging_mixin.py:190} INFO - [2026-01-05T17:41:15.574+0000] {dagbag.py:587} INFO - Filling up the DagBag from /home/airflow/.local/lib/python3.12/site-packages/airflow/example_dags/example_external_task_marker_dag.py
[2026-01-05T17:41:15.586+0000] {processor.py:925} INFO - DAG(s) 'example_external_task_marker_child', 'example_external_task_marker_parent' retrieved from /home/airflow/.local/lib/python3.12/site-packages/airflow/example_dags/example_external_task_marker_dag.py
[2026-01-05T17:41:15.623+0000] {logging_mixin.py:190} INFO - [2026-01-05T17:41:15.623+0000] {dag.py:3211} INFO - Sync 2 DAGs
[2026-01-05T17:41:15.637+0000] {logging_mixin.py:190} INFO - [2026-01-05T17:41:15.637+0000] {dag.py:4138} INFO - Setting next_dagrun for example_external_task_marker_child to None, run_after=None
[2026-01-05T17:41:15.642+0000] {logging_mixin.py:190} INFO - [2026-01-05T17:41:15.642+0000] {dag.py:4138} INFO - Setting next_dagrun for example_external_task_marker_parent to None, run_after=None
[2026-01-05T17:41:15.664+0000] {processor.py:208} INFO - Processing /home/airflow/.local/lib/python3.12/site-packages/airflow/example_dags/example_external_task_marker_dag.py took 0.105 seconds
[2026-01-05T17:41:45.880+0000] {processor.py:186} INFO - Started process (PID=3246) to work on /home/airflow/.local/lib/python3.12/site-packages/airflow/example_dags/example_external_task_marker_dag.py
[2026-01-05T17:41:45.882+0000] {processor.py:914} INFO - Processing file /home/airflow/.local/lib/python3.12/site-packages/airflow/example_dags/example_external_task_marker_dag.py for tasks to queue
[2026-01-05T17:41:45.886+0000] {logging_mixin.py:190} INFO - [2026-01-05T17:41:45.885+0000] {dagbag.py:587} INFO - Filling up the DagBag from /home/airflow/.local/lib/python3.12/site-packages/airflow/example_dags/example_external_task_marker_dag.py
[2026-01-05T17:41:45.895+0000] {processor.py:925} INFO - DAG(s) 'example_external_task_marker_child', 'example_external_task_marker_parent' retrieved from /home/airflow/.local/lib/python3.12/site-packages/airflow/example_dags/example_external_task_marker_dag.py
[2026-01-05T17:41:45.925+0000] {logging_mixin.py:190} INFO - [2026-01-05T17:41:45.924+0000] {dag.py:3211} INFO - Sync 2 DAGs
[2026-01-05T17:41:45.940+0000] {logging_mixin.py:190} INFO - [2026-01-05T17:41:45.940+0000] {dag.py:4138} INFO - Setting next_dagrun for example_external_task_marker_child to None, run_after=None
[2026-01-05T17:41:45.944+0000] {logging_mixin.py:190} INFO - [2026-01-05T17:41:45.944+0000] {dag.py:4138} INFO - Setting next_dagrun for example_external_task_marker_parent to None, run_after=None
[2026-01-05T17:41:45.960+0000] {processor.py:208} INFO - Processing /home/airflow/.local/lib/python3.12/site-packages/airflow/example_dags/example_external_task_marker_dag.py took 0.088 seconds
[2026-01-05T17:42:16.318+0000] {processor.py:186} INFO - Started process (PID=3312) to work on /home/airflow/.local/lib/python3.12/site-packages/airflow/example_dags/example_external_task_marker_dag.py
[2026-01-05T17:42:16.319+0000] {processor.py:914} INFO - Processing file /home/airflow/.local/lib/python3.12/site-packages/airflow/example_dags/example_external_task_marker_dag.py for tasks to queue
[2026-01-05T17:42:16.323+0000] {logging_mixin.py:190} INFO - [2026-01-05T17:42:16.322+0000] {dagbag.py:587} INFO - Filling up the DagBag from /home/airflow/.local/lib/python3.12/site-packages/airflow/example_dags/example_external_task_marker_dag.py
[2026-01-05T17:42:16.331+0000] {processor.py:925} INFO - DAG(s) 'example_external_task_marker_child', 'example_external_task_marker_parent' retrieved from /home/airflow/.local/lib/python3.12/site-packages/airflow/example_dags/example_external_task_marker_dag.py
[2026-01-05T17:42:16.365+0000] {logging_mixin.py:190} INFO - [2026-01-05T17:42:16.365+0000] {dag.py:3211} INFO - Sync 2 DAGs
[2026-01-05T17:42:16.388+0000] {logging_mixin.py:190} INFO - [2026-01-05T17:42:16.388+0000] {dag.py:4138} INFO - Setting next_dagrun for example_external_task_marker_child to None, run_after=None
[2026-01-05T17:42:16.395+0000] {logging_mixin.py:190} INFO - [2026-01-05T17:42:16.394+0000] {dag.py:4138} INFO - Setting next_dagrun for example_external_task_marker_parent to None, run_after=None
[2026-01-05T17:42:16.420+0000] {processor.py:208} INFO - Processing /home/airflow/.local/lib/python3.12/site-packages/airflow/example_dags/example_external_task_marker_dag.py took 0.111 seconds
[2026-01-05T17:42:46.801+0000] {processor.py:186} INFO - Started process (PID=3378) to work on /home/airflow/.local/lib/python3.12/site-packages/airflow/example_dags/example_external_task_marker_dag.py
[2026-01-05T17:42:46.803+0000] {processor.py:914} INFO - Processing file /home/airflow/.local/lib/python3.12/site-packages/airflow/example_dags/example_external_task_marker_dag.py for tasks to queue
[2026-01-05T17:42:46.807+0000] {logging_mixin.py:190} INFO - [2026-01-05T17:42:46.807+0000] {dagbag.py:587} INFO - Filling up the DagBag from /home/airflow/.local/lib/python3.12/site-packages/airflow/example_dags/example_external_task_marker_dag.py
[2026-01-05T17:42:46.817+0000] {processor.py:925} INFO - DAG(s) 'example_external_task_marker_child', 'example_external_task_marker_parent' retrieved from /home/airflow/.local/lib/python3.12/site-packages/airflow/example_dags/example_external_task_marker_dag.py
[2026-01-05T17:42:46.856+0000] {logging_mixin.py:190} INFO - [2026-01-05T17:42:46.855+0000] {dag.py:3211} INFO - Sync 2 DAGs
[2026-01-05T17:42:46.876+0000] {logging_mixin.py:190} INFO - [2026-01-05T17:42:46.876+0000] {dag.py:4138} INFO - Setting next_dagrun for example_external_task_marker_child to None, run_after=None
[2026-01-05T17:42:46.882+0000] {logging_mixin.py:190} INFO - [2026-01-05T17:42:46.882+0000] {dag.py:4138} INFO - Setting next_dagrun for example_external_task_marker_parent to None, run_after=None
[2026-01-05T17:42:46.905+0000] {processor.py:208} INFO - Processing /home/airflow/.local/lib/python3.12/site-packages/airflow/example_dags/example_external_task_marker_dag.py took 0.111 seconds
[2026-01-05T17:43:17.108+0000] {processor.py:186} INFO - Started process (PID=3444) to work on /home/airflow/.local/lib/python3.12/site-packages/airflow/example_dags/example_external_task_marker_dag.py
[2026-01-05T17:43:17.109+0000] {processor.py:914} INFO - Processing file /home/airflow/.local/lib/python3.12/site-packages/airflow/example_dags/example_external_task_marker_dag.py for tasks to queue
[2026-01-05T17:43:17.113+0000] {logging_mixin.py:190} INFO - [2026-01-05T17:43:17.112+0000] {dagbag.py:587} INFO - Filling up the DagBag from /home/airflow/.local/lib/python3.12/site-packages/airflow/example_dags/example_external_task_marker_dag.py
[2026-01-05T17:43:17.122+0000] {processor.py:925} INFO - DAG(s) 'example_external_task_marker_child', 'example_external_task_marker_parent' retrieved from /home/airflow/.local/lib/python3.12/site-packages/airflow/example_dags/example_external_task_marker_dag.py
[2026-01-05T17:43:17.161+0000] {logging_mixin.py:190} INFO - [2026-01-05T17:43:17.160+0000] {dag.py:3211} INFO - Sync 2 DAGs
[2026-01-05T17:43:17.193+0000] {logging_mixin.py:190} INFO - [2026-01-05T17:43:17.192+0000] {dag.py:4138} INFO - Setting next_dagrun for example_external_task_marker_child to None, run_after=None
[2026-01-05T17:43:17.201+0000] {logging_mixin.py:190} INFO - [2026-01-05T17:43:17.201+0000] {dag.py:4138} INFO - Setting next_dagrun for example_external_task_marker_parent to None, run_after=None
[2026-01-05T17:43:17.228+0000] {processor.py:208} INFO - Processing /home/airflow/.local/lib/python3.12/site-packages/airflow/example_dags/example_external_task_marker_dag.py took 0.127 seconds
[2026-01-05T17:43:47.486+0000] {processor.py:186} INFO - Started process (PID=3510) to work on /home/airflow/.local/lib/python3.12/site-packages/airflow/example_dags/example_external_task_marker_dag.py
[2026-01-05T17:43:47.488+0000] {processor.py:914} INFO - Processing file /home/airflow/.local/lib/python3.12/site-packages/airflow/example_dags/example_external_task_marker_dag.py for tasks to queue
[2026-01-05T17:43:47.492+0000] {logging_mixin.py:190} INFO - [2026-01-05T17:43:47.492+0000] {dagbag.py:587} INFO - Filling up the DagBag from /home/airflow/.local/lib/python3.12/site-packages/airflow/example_dags/example_external_task_marker_dag.py
[2026-01-05T17:43:47.501+0000] {processor.py:925} INFO - DAG(s) 'example_external_task_marker_parent', 'example_external_task_marker_child' retrieved from /home/airflow/.local/lib/python3.12/site-packages/airflow/example_dags/example_external_task_marker_dag.py
[2026-01-05T17:43:47.536+0000] {logging_mixin.py:190} INFO - [2026-01-05T17:43:47.536+0000] {dag.py:3211} INFO - Sync 2 DAGs
[2026-01-05T17:43:47.560+0000] {logging_mixin.py:190} INFO - [2026-01-05T17:43:47.559+0000] {dag.py:4138} INFO - Setting next_dagrun for example_external_task_marker_child to None, run_after=None
[2026-01-05T17:43:47.567+0000] {logging_mixin.py:190} INFO - [2026-01-05T17:43:47.567+0000] {dag.py:4138} INFO - Setting next_dagrun for example_external_task_marker_parent to None, run_after=None
[2026-01-05T17:43:47.586+0000] {processor.py:208} INFO - Processing /home/airflow/.local/lib/python3.12/site-packages/airflow/example_dags/example_external_task_marker_dag.py took 0.110 seconds
[2026-01-05T17:44:17.989+0000] {processor.py:186} INFO - Started process (PID=3576) to work on /home/airflow/.local/lib/python3.12/site-packages/airflow/example_dags/example_external_task_marker_dag.py
[2026-01-05T17:44:17.993+0000] {processor.py:914} INFO - Processing file /home/airflow/.local/lib/python3.12/site-packages/airflow/example_dags/example_external_task_marker_dag.py for tasks to queue
[2026-01-05T17:44:17.997+0000] {logging_mixin.py:190} INFO - [2026-01-05T17:44:17.996+0000] {dagbag.py:587} INFO - Filling up the DagBag from /home/airflow/.local/lib/python3.12/site-packages/airflow/example_dags/example_external_task_marker_dag.py
[2026-01-05T17:44:18.005+0000] {processor.py:925} INFO - DAG(s) 'example_external_task_marker_parent', 'example_external_task_marker_child' retrieved from /home/airflow/.local/lib/python3.12/site-packages/airflow/example_dags/example_external_task_marker_dag.py
[2026-01-05T17:44:18.038+0000] {logging_mixin.py:190} INFO - [2026-01-05T17:44:18.038+0000] {dag.py:3211} INFO - Sync 2 DAGs
[2026-01-05T17:44:18.062+0000] {logging_mixin.py:190} INFO - [2026-01-05T17:44:18.062+0000] {dag.py:4138} INFO - Setting next_dagrun for example_external_task_marker_child to None, run_after=None
[2026-01-05T17:44:18.070+0000] {logging_mixin.py:190} INFO - [2026-01-05T17:44:18.069+0000] {dag.py:4138} INFO - Setting next_dagrun for example_external_task_marker_parent to None, run_after=None
[2026-01-05T17:44:18.103+0000] {processor.py:208} INFO - Processing /home/airflow/.local/lib/python3.12/site-packages/airflow/example_dags/example_external_task_marker_dag.py took 0.123 seconds
[2026-01-05T17:44:48.548+0000] {processor.py:186} INFO - Started process (PID=3643) to work on /home/airflow/.local/lib/python3.12/site-packages/airflow/example_dags/example_external_task_marker_dag.py
[2026-01-05T17:44:48.550+0000] {processor.py:914} INFO - Processing file /home/airflow/.local/lib/python3.12/site-packages/airflow/example_dags/example_external_task_marker_dag.py for tasks to queue
[2026-01-05T17:44:48.554+0000] {logging_mixin.py:190} INFO - [2026-01-05T17:44:48.553+0000] {dagbag.py:587} INFO - Filling up the DagBag from /home/airflow/.local/lib/python3.12/site-packages/airflow/example_dags/example_external_task_marker_dag.py
[2026-01-05T17:44:48.563+0000] {processor.py:925} INFO - DAG(s) 'example_external_task_marker_parent', 'example_external_task_marker_child' retrieved from /home/airflow/.local/lib/python3.12/site-packages/airflow/example_dags/example_external_task_marker_dag.py
[2026-01-05T17:44:48.596+0000] {logging_mixin.py:190} INFO - [2026-01-05T17:44:48.596+0000] {dag.py:3211} INFO - Sync 2 DAGs
[2026-01-05T17:44:48.624+0000] {logging_mixin.py:190} INFO - [2026-01-05T17:44:48.624+0000] {dag.py:4138} INFO - Setting next_dagrun for example_external_task_marker_child to None, run_after=None
[2026-01-05T17:44:48.633+0000] {logging_mixin.py:190} INFO - [2026-01-05T17:44:48.632+0000] {dag.py:4138} INFO - Setting next_dagrun for example_external_task_marker_parent to None, run_after=None
[2026-01-05T17:44:48.658+0000] {processor.py:208} INFO - Processing /home/airflow/.local/lib/python3.12/site-packages/airflow/example_dags/example_external_task_marker_dag.py took 0.119 seconds
