[2026-01-05T17:17:49.791+0000] {processor.py:186} INFO - Started process (PID=138) to work on /home/airflow/.local/lib/python3.12/site-packages/airflow/example_dags/example_branch_day_of_week_operator.py
[2026-01-05T17:17:49.794+0000] {processor.py:914} INFO - Processing file /home/airflow/.local/lib/python3.12/site-packages/airflow/example_dags/example_branch_day_of_week_operator.py for tasks to queue
[2026-01-05T17:17:49.801+0000] {logging_mixin.py:190} INFO - [2026-01-05T17:17:49.800+0000] {dagbag.py:587} INFO - Filling up the DagBag from /home/airflow/.local/lib/python3.12/site-packages/airflow/example_dags/example_branch_day_of_week_operator.py
[2026-01-05T17:17:49.827+0000] {processor.py:925} INFO - DAG(s) 'example_weekday_branch_operator' retrieved from /home/airflow/.local/lib/python3.12/site-packages/airflow/example_dags/example_branch_day_of_week_operator.py
[2026-01-05T17:17:49.895+0000] {logging_mixin.py:190} INFO - [2026-01-05T17:17:49.894+0000] {dag.py:3211} INFO - Sync 1 DAGs
[2026-01-05T17:17:49.966+0000] {logging_mixin.py:190} INFO - [2026-01-05T17:17:49.966+0000] {dag.py:4138} INFO - Setting next_dagrun for example_weekday_branch_operator to 2026-01-04 00:00:00+00:00, run_after=2026-01-05 00:00:00+00:00
[2026-01-05T17:17:50.010+0000] {processor.py:208} INFO - Processing /home/airflow/.local/lib/python3.12/site-packages/airflow/example_dags/example_branch_day_of_week_operator.py took 0.236 seconds
[2026-01-05T17:18:20.739+0000] {processor.py:186} INFO - Started process (PID=205) to work on /home/airflow/.local/lib/python3.12/site-packages/airflow/example_dags/example_branch_day_of_week_operator.py
[2026-01-05T17:18:20.745+0000] {processor.py:914} INFO - Processing file /home/airflow/.local/lib/python3.12/site-packages/airflow/example_dags/example_branch_day_of_week_operator.py for tasks to queue
[2026-01-05T17:18:20.752+0000] {logging_mixin.py:190} INFO - [2026-01-05T17:18:20.751+0000] {dagbag.py:587} INFO - Filling up the DagBag from /home/airflow/.local/lib/python3.12/site-packages/airflow/example_dags/example_branch_day_of_week_operator.py
[2026-01-05T17:18:20.806+0000] {processor.py:925} INFO - DAG(s) 'example_weekday_branch_operator' retrieved from /home/airflow/.local/lib/python3.12/site-packages/airflow/example_dags/example_branch_day_of_week_operator.py
[2026-01-05T17:18:21.029+0000] {logging_mixin.py:190} INFO - [2026-01-05T17:18:21.022+0000] {dag.py:3211} INFO - Sync 1 DAGs
[2026-01-05T17:18:21.293+0000] {logging_mixin.py:190} INFO - [2026-01-05T17:18:21.293+0000] {dag.py:4138} INFO - Setting next_dagrun for example_weekday_branch_operator to 2026-01-04 00:00:00+00:00, run_after=2026-01-05 00:00:00+00:00
[2026-01-05T17:18:21.436+0000] {processor.py:208} INFO - Processing /home/airflow/.local/lib/python3.12/site-packages/airflow/example_dags/example_branch_day_of_week_operator.py took 0.726 seconds
[2026-01-05T17:18:51.721+0000] {processor.py:186} INFO - Started process (PID=270) to work on /home/airflow/.local/lib/python3.12/site-packages/airflow/example_dags/example_branch_day_of_week_operator.py
[2026-01-05T17:18:51.724+0000] {processor.py:914} INFO - Processing file /home/airflow/.local/lib/python3.12/site-packages/airflow/example_dags/example_branch_day_of_week_operator.py for tasks to queue
[2026-01-05T17:18:51.728+0000] {logging_mixin.py:190} INFO - [2026-01-05T17:18:51.728+0000] {dagbag.py:587} INFO - Filling up the DagBag from /home/airflow/.local/lib/python3.12/site-packages/airflow/example_dags/example_branch_day_of_week_operator.py
[2026-01-05T17:18:51.742+0000] {processor.py:925} INFO - DAG(s) 'example_weekday_branch_operator' retrieved from /home/airflow/.local/lib/python3.12/site-packages/airflow/example_dags/example_branch_day_of_week_operator.py
[2026-01-05T17:18:51.780+0000] {logging_mixin.py:190} INFO - [2026-01-05T17:18:51.780+0000] {dag.py:3211} INFO - Sync 1 DAGs
[2026-01-05T17:18:51.815+0000] {logging_mixin.py:190} INFO - [2026-01-05T17:18:51.815+0000] {dag.py:4138} INFO - Setting next_dagrun for example_weekday_branch_operator to 2026-01-04 00:00:00+00:00, run_after=2026-01-05 00:00:00+00:00
[2026-01-05T17:18:51.848+0000] {processor.py:208} INFO - Processing /home/airflow/.local/lib/python3.12/site-packages/airflow/example_dags/example_branch_day_of_week_operator.py took 0.137 seconds
[2026-01-05T17:19:22.223+0000] {processor.py:186} INFO - Started process (PID=336) to work on /home/airflow/.local/lib/python3.12/site-packages/airflow/example_dags/example_branch_day_of_week_operator.py
[2026-01-05T17:19:22.225+0000] {processor.py:914} INFO - Processing file /home/airflow/.local/lib/python3.12/site-packages/airflow/example_dags/example_branch_day_of_week_operator.py for tasks to queue
[2026-01-05T17:19:22.229+0000] {logging_mixin.py:190} INFO - [2026-01-05T17:19:22.229+0000] {dagbag.py:587} INFO - Filling up the DagBag from /home/airflow/.local/lib/python3.12/site-packages/airflow/example_dags/example_branch_day_of_week_operator.py
[2026-01-05T17:19:22.238+0000] {processor.py:925} INFO - DAG(s) 'example_weekday_branch_operator' retrieved from /home/airflow/.local/lib/python3.12/site-packages/airflow/example_dags/example_branch_day_of_week_operator.py
[2026-01-05T17:19:22.270+0000] {logging_mixin.py:190} INFO - [2026-01-05T17:19:22.269+0000] {dag.py:3211} INFO - Sync 1 DAGs
[2026-01-05T17:19:22.305+0000] {logging_mixin.py:190} INFO - [2026-01-05T17:19:22.305+0000] {dag.py:4138} INFO - Setting next_dagrun for example_weekday_branch_operator to 2026-01-04 00:00:00+00:00, run_after=2026-01-05 00:00:00+00:00
[2026-01-05T17:19:22.326+0000] {processor.py:208} INFO - Processing /home/airflow/.local/lib/python3.12/site-packages/airflow/example_dags/example_branch_day_of_week_operator.py took 0.114 seconds
[2026-01-05T17:19:53.170+0000] {processor.py:186} INFO - Started process (PID=402) to work on /home/airflow/.local/lib/python3.12/site-packages/airflow/example_dags/example_branch_day_of_week_operator.py
[2026-01-05T17:19:53.173+0000] {processor.py:914} INFO - Processing file /home/airflow/.local/lib/python3.12/site-packages/airflow/example_dags/example_branch_day_of_week_operator.py for tasks to queue
[2026-01-05T17:19:53.177+0000] {logging_mixin.py:190} INFO - [2026-01-05T17:19:53.176+0000] {dagbag.py:587} INFO - Filling up the DagBag from /home/airflow/.local/lib/python3.12/site-packages/airflow/example_dags/example_branch_day_of_week_operator.py
[2026-01-05T17:19:53.188+0000] {processor.py:925} INFO - DAG(s) 'example_weekday_branch_operator' retrieved from /home/airflow/.local/lib/python3.12/site-packages/airflow/example_dags/example_branch_day_of_week_operator.py
[2026-01-05T17:19:53.222+0000] {logging_mixin.py:190} INFO - [2026-01-05T17:19:53.222+0000] {dag.py:3211} INFO - Sync 1 DAGs
[2026-01-05T17:19:53.254+0000] {logging_mixin.py:190} INFO - [2026-01-05T17:19:53.254+0000] {dag.py:4138} INFO - Setting next_dagrun for example_weekday_branch_operator to 2026-01-04 00:00:00+00:00, run_after=2026-01-05 00:00:00+00:00
[2026-01-05T17:19:53.279+0000] {processor.py:208} INFO - Processing /home/airflow/.local/lib/python3.12/site-packages/airflow/example_dags/example_branch_day_of_week_operator.py took 0.116 seconds
[2026-01-05T17:20:23.366+0000] {processor.py:186} INFO - Started process (PID=468) to work on /home/airflow/.local/lib/python3.12/site-packages/airflow/example_dags/example_branch_day_of_week_operator.py
[2026-01-05T17:20:23.368+0000] {processor.py:914} INFO - Processing file /home/airflow/.local/lib/python3.12/site-packages/airflow/example_dags/example_branch_day_of_week_operator.py for tasks to queue
[2026-01-05T17:20:23.371+0000] {logging_mixin.py:190} INFO - [2026-01-05T17:20:23.371+0000] {dagbag.py:587} INFO - Filling up the DagBag from /home/airflow/.local/lib/python3.12/site-packages/airflow/example_dags/example_branch_day_of_week_operator.py
[2026-01-05T17:20:23.383+0000] {processor.py:925} INFO - DAG(s) 'example_weekday_branch_operator' retrieved from /home/airflow/.local/lib/python3.12/site-packages/airflow/example_dags/example_branch_day_of_week_operator.py
[2026-01-05T17:20:23.411+0000] {logging_mixin.py:190} INFO - [2026-01-05T17:20:23.410+0000] {dag.py:3211} INFO - Sync 1 DAGs
[2026-01-05T17:20:23.438+0000] {logging_mixin.py:190} INFO - [2026-01-05T17:20:23.438+0000] {dag.py:4138} INFO - Setting next_dagrun for example_weekday_branch_operator to 2026-01-04 00:00:00+00:00, run_after=2026-01-05 00:00:00+00:00
[2026-01-05T17:20:23.462+0000] {processor.py:208} INFO - Processing /home/airflow/.local/lib/python3.12/site-packages/airflow/example_dags/example_branch_day_of_week_operator.py took 0.103 seconds
[2026-01-05T17:20:54.218+0000] {processor.py:186} INFO - Started process (PID=534) to work on /home/airflow/.local/lib/python3.12/site-packages/airflow/example_dags/example_branch_day_of_week_operator.py
[2026-01-05T17:20:54.220+0000] {processor.py:914} INFO - Processing file /home/airflow/.local/lib/python3.12/site-packages/airflow/example_dags/example_branch_day_of_week_operator.py for tasks to queue
[2026-01-05T17:20:54.224+0000] {logging_mixin.py:190} INFO - [2026-01-05T17:20:54.223+0000] {dagbag.py:587} INFO - Filling up the DagBag from /home/airflow/.local/lib/python3.12/site-packages/airflow/example_dags/example_branch_day_of_week_operator.py
[2026-01-05T17:20:54.233+0000] {processor.py:925} INFO - DAG(s) 'example_weekday_branch_operator' retrieved from /home/airflow/.local/lib/python3.12/site-packages/airflow/example_dags/example_branch_day_of_week_operator.py
[2026-01-05T17:20:54.256+0000] {logging_mixin.py:190} INFO - [2026-01-05T17:20:54.255+0000] {dag.py:3211} INFO - Sync 1 DAGs
[2026-01-05T17:20:54.284+0000] {logging_mixin.py:190} INFO - [2026-01-05T17:20:54.284+0000] {dag.py:4138} INFO - Setting next_dagrun for example_weekday_branch_operator to 2026-01-04 00:00:00+00:00, run_after=2026-01-05 00:00:00+00:00
[2026-01-05T17:20:54.307+0000] {processor.py:208} INFO - Processing /home/airflow/.local/lib/python3.12/site-packages/airflow/example_dags/example_branch_day_of_week_operator.py took 0.098 seconds
[2026-01-05T17:21:24.457+0000] {processor.py:186} INFO - Started process (PID=600) to work on /home/airflow/.local/lib/python3.12/site-packages/airflow/example_dags/example_branch_day_of_week_operator.py
[2026-01-05T17:21:24.458+0000] {processor.py:914} INFO - Processing file /home/airflow/.local/lib/python3.12/site-packages/airflow/example_dags/example_branch_day_of_week_operator.py for tasks to queue
[2026-01-05T17:21:24.462+0000] {logging_mixin.py:190} INFO - [2026-01-05T17:21:24.462+0000] {dagbag.py:587} INFO - Filling up the DagBag from /home/airflow/.local/lib/python3.12/site-packages/airflow/example_dags/example_branch_day_of_week_operator.py
[2026-01-05T17:21:24.473+0000] {processor.py:925} INFO - DAG(s) 'example_weekday_branch_operator' retrieved from /home/airflow/.local/lib/python3.12/site-packages/airflow/example_dags/example_branch_day_of_week_operator.py
[2026-01-05T17:21:24.499+0000] {logging_mixin.py:190} INFO - [2026-01-05T17:21:24.498+0000] {dag.py:3211} INFO - Sync 1 DAGs
[2026-01-05T17:21:24.527+0000] {logging_mixin.py:190} INFO - [2026-01-05T17:21:24.527+0000] {dag.py:4138} INFO - Setting next_dagrun for example_weekday_branch_operator to 2026-01-04 00:00:00+00:00, run_after=2026-01-05 00:00:00+00:00
[2026-01-05T17:21:24.549+0000] {processor.py:208} INFO - Processing /home/airflow/.local/lib/python3.12/site-packages/airflow/example_dags/example_branch_day_of_week_operator.py took 0.099 seconds
[2026-01-05T17:21:54.780+0000] {processor.py:186} INFO - Started process (PID=666) to work on /home/airflow/.local/lib/python3.12/site-packages/airflow/example_dags/example_branch_day_of_week_operator.py
[2026-01-05T17:21:54.781+0000] {processor.py:914} INFO - Processing file /home/airflow/.local/lib/python3.12/site-packages/airflow/example_dags/example_branch_day_of_week_operator.py for tasks to queue
[2026-01-05T17:21:54.785+0000] {logging_mixin.py:190} INFO - [2026-01-05T17:21:54.784+0000] {dagbag.py:587} INFO - Filling up the DagBag from /home/airflow/.local/lib/python3.12/site-packages/airflow/example_dags/example_branch_day_of_week_operator.py
[2026-01-05T17:21:54.794+0000] {processor.py:925} INFO - DAG(s) 'example_weekday_branch_operator' retrieved from /home/airflow/.local/lib/python3.12/site-packages/airflow/example_dags/example_branch_day_of_week_operator.py
[2026-01-05T17:21:54.814+0000] {logging_mixin.py:190} INFO - [2026-01-05T17:21:54.814+0000] {dag.py:3211} INFO - Sync 1 DAGs
[2026-01-05T17:21:54.834+0000] {logging_mixin.py:190} INFO - [2026-01-05T17:21:54.833+0000] {dag.py:4138} INFO - Setting next_dagrun for example_weekday_branch_operator to 2026-01-04 00:00:00+00:00, run_after=2026-01-05 00:00:00+00:00
[2026-01-05T17:21:54.853+0000] {processor.py:208} INFO - Processing /home/airflow/.local/lib/python3.12/site-packages/airflow/example_dags/example_branch_day_of_week_operator.py took 0.080 seconds
[2026-01-05T17:22:25.522+0000] {processor.py:186} INFO - Started process (PID=732) to work on /home/airflow/.local/lib/python3.12/site-packages/airflow/example_dags/example_branch_day_of_week_operator.py
[2026-01-05T17:22:25.526+0000] {processor.py:914} INFO - Processing file /home/airflow/.local/lib/python3.12/site-packages/airflow/example_dags/example_branch_day_of_week_operator.py for tasks to queue
[2026-01-05T17:22:25.537+0000] {logging_mixin.py:190} INFO - [2026-01-05T17:22:25.536+0000] {dagbag.py:587} INFO - Filling up the DagBag from /home/airflow/.local/lib/python3.12/site-packages/airflow/example_dags/example_branch_day_of_week_operator.py
[2026-01-05T17:22:25.561+0000] {processor.py:925} INFO - DAG(s) 'example_weekday_branch_operator' retrieved from /home/airflow/.local/lib/python3.12/site-packages/airflow/example_dags/example_branch_day_of_week_operator.py
[2026-01-05T17:22:25.638+0000] {logging_mixin.py:190} INFO - [2026-01-05T17:22:25.637+0000] {dag.py:3211} INFO - Sync 1 DAGs
[2026-01-05T17:22:25.710+0000] {logging_mixin.py:190} INFO - [2026-01-05T17:22:25.710+0000] {dag.py:4138} INFO - Setting next_dagrun for example_weekday_branch_operator to 2026-01-04 00:00:00+00:00, run_after=2026-01-05 00:00:00+00:00
[2026-01-05T17:22:25.740+0000] {processor.py:208} INFO - Processing /home/airflow/.local/lib/python3.12/site-packages/airflow/example_dags/example_branch_day_of_week_operator.py took 0.239 seconds
[2026-01-05T17:22:56.269+0000] {processor.py:186} INFO - Started process (PID=798) to work on /home/airflow/.local/lib/python3.12/site-packages/airflow/example_dags/example_branch_day_of_week_operator.py
[2026-01-05T17:22:56.270+0000] {processor.py:914} INFO - Processing file /home/airflow/.local/lib/python3.12/site-packages/airflow/example_dags/example_branch_day_of_week_operator.py for tasks to queue
[2026-01-05T17:22:56.274+0000] {logging_mixin.py:190} INFO - [2026-01-05T17:22:56.273+0000] {dagbag.py:587} INFO - Filling up the DagBag from /home/airflow/.local/lib/python3.12/site-packages/airflow/example_dags/example_branch_day_of_week_operator.py
[2026-01-05T17:22:56.282+0000] {processor.py:925} INFO - DAG(s) 'example_weekday_branch_operator' retrieved from /home/airflow/.local/lib/python3.12/site-packages/airflow/example_dags/example_branch_day_of_week_operator.py
[2026-01-05T17:22:56.308+0000] {logging_mixin.py:190} INFO - [2026-01-05T17:22:56.308+0000] {dag.py:3211} INFO - Sync 1 DAGs
[2026-01-05T17:22:56.331+0000] {logging_mixin.py:190} INFO - [2026-01-05T17:22:56.330+0000] {dag.py:4138} INFO - Setting next_dagrun for example_weekday_branch_operator to 2026-01-04 00:00:00+00:00, run_after=2026-01-05 00:00:00+00:00
[2026-01-05T17:22:56.348+0000] {processor.py:208} INFO - Processing /home/airflow/.local/lib/python3.12/site-packages/airflow/example_dags/example_branch_day_of_week_operator.py took 0.085 seconds
[2026-01-05T17:23:27.444+0000] {processor.py:186} INFO - Started process (PID=870) to work on /home/airflow/.local/lib/python3.12/site-packages/airflow/example_dags/example_branch_day_of_week_operator.py
[2026-01-05T17:23:27.446+0000] {processor.py:914} INFO - Processing file /home/airflow/.local/lib/python3.12/site-packages/airflow/example_dags/example_branch_day_of_week_operator.py for tasks to queue
[2026-01-05T17:23:27.450+0000] {logging_mixin.py:190} INFO - [2026-01-05T17:23:27.449+0000] {dagbag.py:587} INFO - Filling up the DagBag from /home/airflow/.local/lib/python3.12/site-packages/airflow/example_dags/example_branch_day_of_week_operator.py
[2026-01-05T17:23:27.463+0000] {processor.py:925} INFO - DAG(s) 'example_weekday_branch_operator' retrieved from /home/airflow/.local/lib/python3.12/site-packages/airflow/example_dags/example_branch_day_of_week_operator.py
[2026-01-05T17:23:27.492+0000] {logging_mixin.py:190} INFO - [2026-01-05T17:23:27.492+0000] {dag.py:3211} INFO - Sync 1 DAGs
[2026-01-05T17:23:27.519+0000] {logging_mixin.py:190} INFO - [2026-01-05T17:23:27.518+0000] {dag.py:4138} INFO - Setting next_dagrun for example_weekday_branch_operator to 2026-01-04 00:00:00+00:00, run_after=2026-01-05 00:00:00+00:00
[2026-01-05T17:23:27.542+0000] {processor.py:208} INFO - Processing /home/airflow/.local/lib/python3.12/site-packages/airflow/example_dags/example_branch_day_of_week_operator.py took 0.107 seconds
[2026-01-05T17:23:57.763+0000] {processor.py:186} INFO - Started process (PID=936) to work on /home/airflow/.local/lib/python3.12/site-packages/airflow/example_dags/example_branch_day_of_week_operator.py
[2026-01-05T17:23:57.767+0000] {processor.py:914} INFO - Processing file /home/airflow/.local/lib/python3.12/site-packages/airflow/example_dags/example_branch_day_of_week_operator.py for tasks to queue
[2026-01-05T17:23:57.770+0000] {logging_mixin.py:190} INFO - [2026-01-05T17:23:57.770+0000] {dagbag.py:587} INFO - Filling up the DagBag from /home/airflow/.local/lib/python3.12/site-packages/airflow/example_dags/example_branch_day_of_week_operator.py
[2026-01-05T17:23:57.781+0000] {processor.py:925} INFO - DAG(s) 'example_weekday_branch_operator' retrieved from /home/airflow/.local/lib/python3.12/site-packages/airflow/example_dags/example_branch_day_of_week_operator.py
[2026-01-05T17:23:57.810+0000] {logging_mixin.py:190} INFO - [2026-01-05T17:23:57.809+0000] {dag.py:3211} INFO - Sync 1 DAGs
[2026-01-05T17:23:57.839+0000] {logging_mixin.py:190} INFO - [2026-01-05T17:23:57.838+0000] {dag.py:4138} INFO - Setting next_dagrun for example_weekday_branch_operator to 2026-01-04 00:00:00+00:00, run_after=2026-01-05 00:00:00+00:00
[2026-01-05T17:23:57.862+0000] {processor.py:208} INFO - Processing /home/airflow/.local/lib/python3.12/site-packages/airflow/example_dags/example_branch_day_of_week_operator.py took 0.105 seconds
[2026-01-05T17:24:28.284+0000] {processor.py:186} INFO - Started process (PID=1002) to work on /home/airflow/.local/lib/python3.12/site-packages/airflow/example_dags/example_branch_day_of_week_operator.py
[2026-01-05T17:24:28.285+0000] {processor.py:914} INFO - Processing file /home/airflow/.local/lib/python3.12/site-packages/airflow/example_dags/example_branch_day_of_week_operator.py for tasks to queue
[2026-01-05T17:24:28.290+0000] {logging_mixin.py:190} INFO - [2026-01-05T17:24:28.288+0000] {dagbag.py:587} INFO - Filling up the DagBag from /home/airflow/.local/lib/python3.12/site-packages/airflow/example_dags/example_branch_day_of_week_operator.py
[2026-01-05T17:24:28.301+0000] {processor.py:925} INFO - DAG(s) 'example_weekday_branch_operator' retrieved from /home/airflow/.local/lib/python3.12/site-packages/airflow/example_dags/example_branch_day_of_week_operator.py
[2026-01-05T17:24:28.328+0000] {logging_mixin.py:190} INFO - [2026-01-05T17:24:28.328+0000] {dag.py:3211} INFO - Sync 1 DAGs
[2026-01-05T17:24:28.357+0000] {logging_mixin.py:190} INFO - [2026-01-05T17:24:28.356+0000] {dag.py:4138} INFO - Setting next_dagrun for example_weekday_branch_operator to 2026-01-04 00:00:00+00:00, run_after=2026-01-05 00:00:00+00:00
[2026-01-05T17:24:28.382+0000] {processor.py:208} INFO - Processing /home/airflow/.local/lib/python3.12/site-packages/airflow/example_dags/example_branch_day_of_week_operator.py took 0.104 seconds
[2026-01-05T17:24:58.609+0000] {processor.py:186} INFO - Started process (PID=1068) to work on /home/airflow/.local/lib/python3.12/site-packages/airflow/example_dags/example_branch_day_of_week_operator.py
[2026-01-05T17:24:58.611+0000] {processor.py:914} INFO - Processing file /home/airflow/.local/lib/python3.12/site-packages/airflow/example_dags/example_branch_day_of_week_operator.py for tasks to queue
[2026-01-05T17:24:58.616+0000] {logging_mixin.py:190} INFO - [2026-01-05T17:24:58.616+0000] {dagbag.py:587} INFO - Filling up the DagBag from /home/airflow/.local/lib/python3.12/site-packages/airflow/example_dags/example_branch_day_of_week_operator.py
[2026-01-05T17:24:58.629+0000] {processor.py:925} INFO - DAG(s) 'example_weekday_branch_operator' retrieved from /home/airflow/.local/lib/python3.12/site-packages/airflow/example_dags/example_branch_day_of_week_operator.py
[2026-01-05T17:24:58.663+0000] {logging_mixin.py:190} INFO - [2026-01-05T17:24:58.663+0000] {dag.py:3211} INFO - Sync 1 DAGs
[2026-01-05T17:24:58.700+0000] {logging_mixin.py:190} INFO - [2026-01-05T17:24:58.700+0000] {dag.py:4138} INFO - Setting next_dagrun for example_weekday_branch_operator to 2026-01-04 00:00:00+00:00, run_after=2026-01-05 00:00:00+00:00
[2026-01-05T17:24:58.726+0000] {processor.py:208} INFO - Processing /home/airflow/.local/lib/python3.12/site-packages/airflow/example_dags/example_branch_day_of_week_operator.py took 0.126 seconds
[2026-01-05T17:25:28.813+0000] {processor.py:186} INFO - Started process (PID=1134) to work on /home/airflow/.local/lib/python3.12/site-packages/airflow/example_dags/example_branch_day_of_week_operator.py
[2026-01-05T17:25:28.815+0000] {processor.py:914} INFO - Processing file /home/airflow/.local/lib/python3.12/site-packages/airflow/example_dags/example_branch_day_of_week_operator.py for tasks to queue
[2026-01-05T17:25:28.819+0000] {logging_mixin.py:190} INFO - [2026-01-05T17:25:28.818+0000] {dagbag.py:587} INFO - Filling up the DagBag from /home/airflow/.local/lib/python3.12/site-packages/airflow/example_dags/example_branch_day_of_week_operator.py
[2026-01-05T17:25:28.831+0000] {processor.py:925} INFO - DAG(s) 'example_weekday_branch_operator' retrieved from /home/airflow/.local/lib/python3.12/site-packages/airflow/example_dags/example_branch_day_of_week_operator.py
[2026-01-05T17:25:28.855+0000] {logging_mixin.py:190} INFO - [2026-01-05T17:25:28.855+0000] {dag.py:3211} INFO - Sync 1 DAGs
[2026-01-05T17:25:28.877+0000] {logging_mixin.py:190} INFO - [2026-01-05T17:25:28.877+0000] {dag.py:4138} INFO - Setting next_dagrun for example_weekday_branch_operator to 2026-01-04 00:00:00+00:00, run_after=2026-01-05 00:00:00+00:00
[2026-01-05T17:25:28.902+0000] {processor.py:208} INFO - Processing /home/airflow/.local/lib/python3.12/site-packages/airflow/example_dags/example_branch_day_of_week_operator.py took 0.096 seconds
[2026-01-05T17:25:59.057+0000] {processor.py:186} INFO - Started process (PID=1200) to work on /home/airflow/.local/lib/python3.12/site-packages/airflow/example_dags/example_branch_day_of_week_operator.py
[2026-01-05T17:25:59.058+0000] {processor.py:914} INFO - Processing file /home/airflow/.local/lib/python3.12/site-packages/airflow/example_dags/example_branch_day_of_week_operator.py for tasks to queue
[2026-01-05T17:25:59.062+0000] {logging_mixin.py:190} INFO - [2026-01-05T17:25:59.062+0000] {dagbag.py:587} INFO - Filling up the DagBag from /home/airflow/.local/lib/python3.12/site-packages/airflow/example_dags/example_branch_day_of_week_operator.py
[2026-01-05T17:25:59.074+0000] {processor.py:925} INFO - DAG(s) 'example_weekday_branch_operator' retrieved from /home/airflow/.local/lib/python3.12/site-packages/airflow/example_dags/example_branch_day_of_week_operator.py
[2026-01-05T17:25:59.098+0000] {logging_mixin.py:190} INFO - [2026-01-05T17:25:59.098+0000] {dag.py:3211} INFO - Sync 1 DAGs
[2026-01-05T17:25:59.138+0000] {logging_mixin.py:190} INFO - [2026-01-05T17:25:59.137+0000] {dag.py:4138} INFO - Setting next_dagrun for example_weekday_branch_operator to 2026-01-04 00:00:00+00:00, run_after=2026-01-05 00:00:00+00:00
[2026-01-05T17:25:59.202+0000] {processor.py:208} INFO - Processing /home/airflow/.local/lib/python3.12/site-packages/airflow/example_dags/example_branch_day_of_week_operator.py took 0.154 seconds
[2026-01-05T17:26:29.459+0000] {processor.py:186} INFO - Started process (PID=1266) to work on /home/airflow/.local/lib/python3.12/site-packages/airflow/example_dags/example_branch_day_of_week_operator.py
[2026-01-05T17:26:29.461+0000] {processor.py:914} INFO - Processing file /home/airflow/.local/lib/python3.12/site-packages/airflow/example_dags/example_branch_day_of_week_operator.py for tasks to queue
[2026-01-05T17:26:29.466+0000] {logging_mixin.py:190} INFO - [2026-01-05T17:26:29.465+0000] {dagbag.py:587} INFO - Filling up the DagBag from /home/airflow/.local/lib/python3.12/site-packages/airflow/example_dags/example_branch_day_of_week_operator.py
[2026-01-05T17:26:29.476+0000] {processor.py:925} INFO - DAG(s) 'example_weekday_branch_operator' retrieved from /home/airflow/.local/lib/python3.12/site-packages/airflow/example_dags/example_branch_day_of_week_operator.py
[2026-01-05T17:26:29.509+0000] {logging_mixin.py:190} INFO - [2026-01-05T17:26:29.509+0000] {dag.py:3211} INFO - Sync 1 DAGs
[2026-01-05T17:26:29.549+0000] {logging_mixin.py:190} INFO - [2026-01-05T17:26:29.549+0000] {dag.py:4138} INFO - Setting next_dagrun for example_weekday_branch_operator to 2026-01-04 00:00:00+00:00, run_after=2026-01-05 00:00:00+00:00
[2026-01-05T17:26:29.579+0000] {processor.py:208} INFO - Processing /home/airflow/.local/lib/python3.12/site-packages/airflow/example_dags/example_branch_day_of_week_operator.py took 0.130 seconds
[2026-01-05T17:26:59.721+0000] {processor.py:186} INFO - Started process (PID=1332) to work on /home/airflow/.local/lib/python3.12/site-packages/airflow/example_dags/example_branch_day_of_week_operator.py
[2026-01-05T17:26:59.723+0000] {processor.py:914} INFO - Processing file /home/airflow/.local/lib/python3.12/site-packages/airflow/example_dags/example_branch_day_of_week_operator.py for tasks to queue
[2026-01-05T17:26:59.726+0000] {logging_mixin.py:190} INFO - [2026-01-05T17:26:59.725+0000] {dagbag.py:587} INFO - Filling up the DagBag from /home/airflow/.local/lib/python3.12/site-packages/airflow/example_dags/example_branch_day_of_week_operator.py
[2026-01-05T17:26:59.735+0000] {processor.py:925} INFO - DAG(s) 'example_weekday_branch_operator' retrieved from /home/airflow/.local/lib/python3.12/site-packages/airflow/example_dags/example_branch_day_of_week_operator.py
[2026-01-05T17:26:59.775+0000] {logging_mixin.py:190} INFO - [2026-01-05T17:26:59.775+0000] {dag.py:3211} INFO - Sync 1 DAGs
[2026-01-05T17:26:59.808+0000] {logging_mixin.py:190} INFO - [2026-01-05T17:26:59.807+0000] {dag.py:4138} INFO - Setting next_dagrun for example_weekday_branch_operator to 2026-01-04 00:00:00+00:00, run_after=2026-01-05 00:00:00+00:00
[2026-01-05T17:26:59.826+0000] {processor.py:208} INFO - Processing /home/airflow/.local/lib/python3.12/site-packages/airflow/example_dags/example_branch_day_of_week_operator.py took 0.111 seconds
[2026-01-05T17:27:29.964+0000] {processor.py:186} INFO - Started process (PID=1398) to work on /home/airflow/.local/lib/python3.12/site-packages/airflow/example_dags/example_branch_day_of_week_operator.py
[2026-01-05T17:27:29.965+0000] {processor.py:914} INFO - Processing file /home/airflow/.local/lib/python3.12/site-packages/airflow/example_dags/example_branch_day_of_week_operator.py for tasks to queue
[2026-01-05T17:27:29.968+0000] {logging_mixin.py:190} INFO - [2026-01-05T17:27:29.967+0000] {dagbag.py:587} INFO - Filling up the DagBag from /home/airflow/.local/lib/python3.12/site-packages/airflow/example_dags/example_branch_day_of_week_operator.py
[2026-01-05T17:27:29.978+0000] {processor.py:925} INFO - DAG(s) 'example_weekday_branch_operator' retrieved from /home/airflow/.local/lib/python3.12/site-packages/airflow/example_dags/example_branch_day_of_week_operator.py
[2026-01-05T17:27:30.004+0000] {logging_mixin.py:190} INFO - [2026-01-05T17:27:30.004+0000] {dag.py:3211} INFO - Sync 1 DAGs
[2026-01-05T17:27:30.036+0000] {logging_mixin.py:190} INFO - [2026-01-05T17:27:30.036+0000] {dag.py:4138} INFO - Setting next_dagrun for example_weekday_branch_operator to 2026-01-04 00:00:00+00:00, run_after=2026-01-05 00:00:00+00:00
[2026-01-05T17:27:30.066+0000] {processor.py:208} INFO - Processing /home/airflow/.local/lib/python3.12/site-packages/airflow/example_dags/example_branch_day_of_week_operator.py took 0.111 seconds
[2026-01-05T17:28:00.674+0000] {processor.py:186} INFO - Started process (PID=1464) to work on /home/airflow/.local/lib/python3.12/site-packages/airflow/example_dags/example_branch_day_of_week_operator.py
[2026-01-05T17:28:00.676+0000] {processor.py:914} INFO - Processing file /home/airflow/.local/lib/python3.12/site-packages/airflow/example_dags/example_branch_day_of_week_operator.py for tasks to queue
[2026-01-05T17:28:00.682+0000] {logging_mixin.py:190} INFO - [2026-01-05T17:28:00.681+0000] {dagbag.py:587} INFO - Filling up the DagBag from /home/airflow/.local/lib/python3.12/site-packages/airflow/example_dags/example_branch_day_of_week_operator.py
[2026-01-05T17:28:00.711+0000] {processor.py:925} INFO - DAG(s) 'example_weekday_branch_operator' retrieved from /home/airflow/.local/lib/python3.12/site-packages/airflow/example_dags/example_branch_day_of_week_operator.py
[2026-01-05T17:28:00.773+0000] {logging_mixin.py:190} INFO - [2026-01-05T17:28:00.773+0000] {dag.py:3211} INFO - Sync 1 DAGs
[2026-01-05T17:28:00.849+0000] {logging_mixin.py:190} INFO - [2026-01-05T17:28:00.848+0000] {dag.py:4138} INFO - Setting next_dagrun for example_weekday_branch_operator to 2026-01-04 00:00:00+00:00, run_after=2026-01-05 00:00:00+00:00
[2026-01-05T17:28:00.919+0000] {processor.py:208} INFO - Processing /home/airflow/.local/lib/python3.12/site-packages/airflow/example_dags/example_branch_day_of_week_operator.py took 0.269 seconds
[2026-01-05T17:28:31.215+0000] {processor.py:186} INFO - Started process (PID=1530) to work on /home/airflow/.local/lib/python3.12/site-packages/airflow/example_dags/example_branch_day_of_week_operator.py
[2026-01-05T17:28:31.216+0000] {processor.py:914} INFO - Processing file /home/airflow/.local/lib/python3.12/site-packages/airflow/example_dags/example_branch_day_of_week_operator.py for tasks to queue
[2026-01-05T17:28:31.220+0000] {logging_mixin.py:190} INFO - [2026-01-05T17:28:31.219+0000] {dagbag.py:587} INFO - Filling up the DagBag from /home/airflow/.local/lib/python3.12/site-packages/airflow/example_dags/example_branch_day_of_week_operator.py
[2026-01-05T17:28:31.232+0000] {processor.py:925} INFO - DAG(s) 'example_weekday_branch_operator' retrieved from /home/airflow/.local/lib/python3.12/site-packages/airflow/example_dags/example_branch_day_of_week_operator.py
[2026-01-05T17:28:31.257+0000] {logging_mixin.py:190} INFO - [2026-01-05T17:28:31.257+0000] {dag.py:3211} INFO - Sync 1 DAGs
[2026-01-05T17:28:31.284+0000] {logging_mixin.py:190} INFO - [2026-01-05T17:28:31.283+0000] {dag.py:4138} INFO - Setting next_dagrun for example_weekday_branch_operator to 2026-01-04 00:00:00+00:00, run_after=2026-01-05 00:00:00+00:00
[2026-01-05T17:28:31.302+0000] {processor.py:208} INFO - Processing /home/airflow/.local/lib/python3.12/site-packages/airflow/example_dags/example_branch_day_of_week_operator.py took 0.095 seconds
[2026-01-05T17:29:01.851+0000] {processor.py:186} INFO - Started process (PID=1596) to work on /home/airflow/.local/lib/python3.12/site-packages/airflow/example_dags/example_branch_day_of_week_operator.py
[2026-01-05T17:29:01.853+0000] {processor.py:914} INFO - Processing file /home/airflow/.local/lib/python3.12/site-packages/airflow/example_dags/example_branch_day_of_week_operator.py for tasks to queue
[2026-01-05T17:29:01.858+0000] {logging_mixin.py:190} INFO - [2026-01-05T17:29:01.857+0000] {dagbag.py:587} INFO - Filling up the DagBag from /home/airflow/.local/lib/python3.12/site-packages/airflow/example_dags/example_branch_day_of_week_operator.py
[2026-01-05T17:29:01.871+0000] {processor.py:925} INFO - DAG(s) 'example_weekday_branch_operator' retrieved from /home/airflow/.local/lib/python3.12/site-packages/airflow/example_dags/example_branch_day_of_week_operator.py
[2026-01-05T17:29:01.904+0000] {logging_mixin.py:190} INFO - [2026-01-05T17:29:01.904+0000] {dag.py:3211} INFO - Sync 1 DAGs
[2026-01-05T17:29:01.934+0000] {logging_mixin.py:190} INFO - [2026-01-05T17:29:01.934+0000] {dag.py:4138} INFO - Setting next_dagrun for example_weekday_branch_operator to 2026-01-04 00:00:00+00:00, run_after=2026-01-05 00:00:00+00:00
[2026-01-05T17:29:01.955+0000] {processor.py:208} INFO - Processing /home/airflow/.local/lib/python3.12/site-packages/airflow/example_dags/example_branch_day_of_week_operator.py took 0.113 seconds
[2026-01-05T17:29:32.680+0000] {processor.py:186} INFO - Started process (PID=1662) to work on /home/airflow/.local/lib/python3.12/site-packages/airflow/example_dags/example_branch_day_of_week_operator.py
[2026-01-05T17:29:32.682+0000] {processor.py:914} INFO - Processing file /home/airflow/.local/lib/python3.12/site-packages/airflow/example_dags/example_branch_day_of_week_operator.py for tasks to queue
[2026-01-05T17:29:32.687+0000] {logging_mixin.py:190} INFO - [2026-01-05T17:29:32.686+0000] {dagbag.py:587} INFO - Filling up the DagBag from /home/airflow/.local/lib/python3.12/site-packages/airflow/example_dags/example_branch_day_of_week_operator.py
[2026-01-05T17:29:32.698+0000] {processor.py:925} INFO - DAG(s) 'example_weekday_branch_operator' retrieved from /home/airflow/.local/lib/python3.12/site-packages/airflow/example_dags/example_branch_day_of_week_operator.py
[2026-01-05T17:29:32.739+0000] {logging_mixin.py:190} INFO - [2026-01-05T17:29:32.738+0000] {dag.py:3211} INFO - Sync 1 DAGs
[2026-01-05T17:29:32.791+0000] {logging_mixin.py:190} INFO - [2026-01-05T17:29:32.790+0000] {dag.py:4138} INFO - Setting next_dagrun for example_weekday_branch_operator to 2026-01-04 00:00:00+00:00, run_after=2026-01-05 00:00:00+00:00
[2026-01-05T17:29:32.824+0000] {processor.py:208} INFO - Processing /home/airflow/.local/lib/python3.12/site-packages/airflow/example_dags/example_branch_day_of_week_operator.py took 0.152 seconds
[2026-01-05T17:30:02.993+0000] {processor.py:186} INFO - Started process (PID=1728) to work on /home/airflow/.local/lib/python3.12/site-packages/airflow/example_dags/example_branch_day_of_week_operator.py
[2026-01-05T17:30:02.995+0000] {processor.py:914} INFO - Processing file /home/airflow/.local/lib/python3.12/site-packages/airflow/example_dags/example_branch_day_of_week_operator.py for tasks to queue
[2026-01-05T17:30:02.998+0000] {logging_mixin.py:190} INFO - [2026-01-05T17:30:02.997+0000] {dagbag.py:587} INFO - Filling up the DagBag from /home/airflow/.local/lib/python3.12/site-packages/airflow/example_dags/example_branch_day_of_week_operator.py
[2026-01-05T17:30:03.006+0000] {processor.py:925} INFO - DAG(s) 'example_weekday_branch_operator' retrieved from /home/airflow/.local/lib/python3.12/site-packages/airflow/example_dags/example_branch_day_of_week_operator.py
[2026-01-05T17:30:03.031+0000] {logging_mixin.py:190} INFO - [2026-01-05T17:30:03.031+0000] {dag.py:3211} INFO - Sync 1 DAGs
[2026-01-05T17:30:03.061+0000] {logging_mixin.py:190} INFO - [2026-01-05T17:30:03.061+0000] {dag.py:4138} INFO - Setting next_dagrun for example_weekday_branch_operator to 2026-01-04 00:00:00+00:00, run_after=2026-01-05 00:00:00+00:00
[2026-01-05T17:30:03.085+0000] {processor.py:208} INFO - Processing /home/airflow/.local/lib/python3.12/site-packages/airflow/example_dags/example_branch_day_of_week_operator.py took 0.099 seconds
[2026-01-05T17:30:33.692+0000] {processor.py:186} INFO - Started process (PID=1795) to work on /home/airflow/.local/lib/python3.12/site-packages/airflow/example_dags/example_branch_day_of_week_operator.py
[2026-01-05T17:30:33.693+0000] {processor.py:914} INFO - Processing file /home/airflow/.local/lib/python3.12/site-packages/airflow/example_dags/example_branch_day_of_week_operator.py for tasks to queue
[2026-01-05T17:30:33.696+0000] {logging_mixin.py:190} INFO - [2026-01-05T17:30:33.696+0000] {dagbag.py:587} INFO - Filling up the DagBag from /home/airflow/.local/lib/python3.12/site-packages/airflow/example_dags/example_branch_day_of_week_operator.py
[2026-01-05T17:30:33.706+0000] {processor.py:925} INFO - DAG(s) 'example_weekday_branch_operator' retrieved from /home/airflow/.local/lib/python3.12/site-packages/airflow/example_dags/example_branch_day_of_week_operator.py
[2026-01-05T17:30:33.729+0000] {logging_mixin.py:190} INFO - [2026-01-05T17:30:33.729+0000] {dag.py:3211} INFO - Sync 1 DAGs
[2026-01-05T17:30:33.757+0000] {logging_mixin.py:190} INFO - [2026-01-05T17:30:33.756+0000] {dag.py:4138} INFO - Setting next_dagrun for example_weekday_branch_operator to 2026-01-04 00:00:00+00:00, run_after=2026-01-05 00:00:00+00:00
[2026-01-05T17:30:33.780+0000] {processor.py:208} INFO - Processing /home/airflow/.local/lib/python3.12/site-packages/airflow/example_dags/example_branch_day_of_week_operator.py took 0.096 seconds
[2026-01-05T17:31:04.307+0000] {processor.py:186} INFO - Started process (PID=1861) to work on /home/airflow/.local/lib/python3.12/site-packages/airflow/example_dags/example_branch_day_of_week_operator.py
[2026-01-05T17:31:04.308+0000] {processor.py:914} INFO - Processing file /home/airflow/.local/lib/python3.12/site-packages/airflow/example_dags/example_branch_day_of_week_operator.py for tasks to queue
[2026-01-05T17:31:04.312+0000] {logging_mixin.py:190} INFO - [2026-01-05T17:31:04.311+0000] {dagbag.py:587} INFO - Filling up the DagBag from /home/airflow/.local/lib/python3.12/site-packages/airflow/example_dags/example_branch_day_of_week_operator.py
[2026-01-05T17:31:04.321+0000] {processor.py:925} INFO - DAG(s) 'example_weekday_branch_operator' retrieved from /home/airflow/.local/lib/python3.12/site-packages/airflow/example_dags/example_branch_day_of_week_operator.py
[2026-01-05T17:31:04.354+0000] {logging_mixin.py:190} INFO - [2026-01-05T17:31:04.353+0000] {dag.py:3211} INFO - Sync 1 DAGs
[2026-01-05T17:31:04.382+0000] {logging_mixin.py:190} INFO - [2026-01-05T17:31:04.382+0000] {dag.py:4138} INFO - Setting next_dagrun for example_weekday_branch_operator to 2026-01-04 00:00:00+00:00, run_after=2026-01-05 00:00:00+00:00
[2026-01-05T17:31:04.405+0000] {processor.py:208} INFO - Processing /home/airflow/.local/lib/python3.12/site-packages/airflow/example_dags/example_branch_day_of_week_operator.py took 0.104 seconds
[2026-01-05T17:31:35.430+0000] {processor.py:186} INFO - Started process (PID=1927) to work on /home/airflow/.local/lib/python3.12/site-packages/airflow/example_dags/example_branch_day_of_week_operator.py
[2026-01-05T17:31:35.432+0000] {processor.py:914} INFO - Processing file /home/airflow/.local/lib/python3.12/site-packages/airflow/example_dags/example_branch_day_of_week_operator.py for tasks to queue
[2026-01-05T17:31:35.437+0000] {logging_mixin.py:190} INFO - [2026-01-05T17:31:35.436+0000] {dagbag.py:587} INFO - Filling up the DagBag from /home/airflow/.local/lib/python3.12/site-packages/airflow/example_dags/example_branch_day_of_week_operator.py
[2026-01-05T17:31:35.452+0000] {processor.py:925} INFO - DAG(s) 'example_weekday_branch_operator' retrieved from /home/airflow/.local/lib/python3.12/site-packages/airflow/example_dags/example_branch_day_of_week_operator.py
[2026-01-05T17:31:35.487+0000] {logging_mixin.py:190} INFO - [2026-01-05T17:31:35.487+0000] {dag.py:3211} INFO - Sync 1 DAGs
[2026-01-05T17:31:35.517+0000] {logging_mixin.py:190} INFO - [2026-01-05T17:31:35.517+0000] {dag.py:4138} INFO - Setting next_dagrun for example_weekday_branch_operator to 2026-01-04 00:00:00+00:00, run_after=2026-01-05 00:00:00+00:00
[2026-01-05T17:31:35.545+0000] {processor.py:208} INFO - Processing /home/airflow/.local/lib/python3.12/site-packages/airflow/example_dags/example_branch_day_of_week_operator.py took 0.125 seconds
[2026-01-05T17:32:06.088+0000] {processor.py:186} INFO - Started process (PID=1993) to work on /home/airflow/.local/lib/python3.12/site-packages/airflow/example_dags/example_branch_day_of_week_operator.py
[2026-01-05T17:32:06.090+0000] {processor.py:914} INFO - Processing file /home/airflow/.local/lib/python3.12/site-packages/airflow/example_dags/example_branch_day_of_week_operator.py for tasks to queue
[2026-01-05T17:32:06.094+0000] {logging_mixin.py:190} INFO - [2026-01-05T17:32:06.093+0000] {dagbag.py:587} INFO - Filling up the DagBag from /home/airflow/.local/lib/python3.12/site-packages/airflow/example_dags/example_branch_day_of_week_operator.py
[2026-01-05T17:32:06.104+0000] {processor.py:925} INFO - DAG(s) 'example_weekday_branch_operator' retrieved from /home/airflow/.local/lib/python3.12/site-packages/airflow/example_dags/example_branch_day_of_week_operator.py
[2026-01-05T17:32:06.128+0000] {logging_mixin.py:190} INFO - [2026-01-05T17:32:06.128+0000] {dag.py:3211} INFO - Sync 1 DAGs
[2026-01-05T17:32:06.152+0000] {logging_mixin.py:190} INFO - [2026-01-05T17:32:06.151+0000] {dag.py:4138} INFO - Setting next_dagrun for example_weekday_branch_operator to 2026-01-04 00:00:00+00:00, run_after=2026-01-05 00:00:00+00:00
[2026-01-05T17:32:06.172+0000] {processor.py:208} INFO - Processing /home/airflow/.local/lib/python3.12/site-packages/airflow/example_dags/example_branch_day_of_week_operator.py took 0.092 seconds
[2026-01-05T17:32:36.712+0000] {processor.py:186} INFO - Started process (PID=2059) to work on /home/airflow/.local/lib/python3.12/site-packages/airflow/example_dags/example_branch_day_of_week_operator.py
[2026-01-05T17:32:36.714+0000] {processor.py:914} INFO - Processing file /home/airflow/.local/lib/python3.12/site-packages/airflow/example_dags/example_branch_day_of_week_operator.py for tasks to queue
[2026-01-05T17:32:36.717+0000] {logging_mixin.py:190} INFO - [2026-01-05T17:32:36.717+0000] {dagbag.py:587} INFO - Filling up the DagBag from /home/airflow/.local/lib/python3.12/site-packages/airflow/example_dags/example_branch_day_of_week_operator.py
[2026-01-05T17:32:36.728+0000] {processor.py:925} INFO - DAG(s) 'example_weekday_branch_operator' retrieved from /home/airflow/.local/lib/python3.12/site-packages/airflow/example_dags/example_branch_day_of_week_operator.py
[2026-01-05T17:32:36.755+0000] {logging_mixin.py:190} INFO - [2026-01-05T17:32:36.754+0000] {dag.py:3211} INFO - Sync 1 DAGs
[2026-01-05T17:32:36.781+0000] {logging_mixin.py:190} INFO - [2026-01-05T17:32:36.781+0000] {dag.py:4138} INFO - Setting next_dagrun for example_weekday_branch_operator to 2026-01-04 00:00:00+00:00, run_after=2026-01-05 00:00:00+00:00
[2026-01-05T17:32:36.801+0000] {processor.py:208} INFO - Processing /home/airflow/.local/lib/python3.12/site-packages/airflow/example_dags/example_branch_day_of_week_operator.py took 0.099 seconds
[2026-01-05T17:33:07.210+0000] {processor.py:186} INFO - Started process (PID=2125) to work on /home/airflow/.local/lib/python3.12/site-packages/airflow/example_dags/example_branch_day_of_week_operator.py
[2026-01-05T17:33:07.213+0000] {processor.py:914} INFO - Processing file /home/airflow/.local/lib/python3.12/site-packages/airflow/example_dags/example_branch_day_of_week_operator.py for tasks to queue
[2026-01-05T17:33:07.217+0000] {logging_mixin.py:190} INFO - [2026-01-05T17:33:07.216+0000] {dagbag.py:587} INFO - Filling up the DagBag from /home/airflow/.local/lib/python3.12/site-packages/airflow/example_dags/example_branch_day_of_week_operator.py
[2026-01-05T17:33:07.227+0000] {processor.py:925} INFO - DAG(s) 'example_weekday_branch_operator' retrieved from /home/airflow/.local/lib/python3.12/site-packages/airflow/example_dags/example_branch_day_of_week_operator.py
[2026-01-05T17:33:07.264+0000] {logging_mixin.py:190} INFO - [2026-01-05T17:33:07.264+0000] {dag.py:3211} INFO - Sync 1 DAGs
[2026-01-05T17:33:07.314+0000] {logging_mixin.py:190} INFO - [2026-01-05T17:33:07.314+0000] {dag.py:4138} INFO - Setting next_dagrun for example_weekday_branch_operator to 2026-01-04 00:00:00+00:00, run_after=2026-01-05 00:00:00+00:00
[2026-01-05T17:33:07.344+0000] {processor.py:208} INFO - Processing /home/airflow/.local/lib/python3.12/site-packages/airflow/example_dags/example_branch_day_of_week_operator.py took 0.142 seconds
[2026-01-05T17:33:37.595+0000] {processor.py:186} INFO - Started process (PID=2191) to work on /home/airflow/.local/lib/python3.12/site-packages/airflow/example_dags/example_branch_day_of_week_operator.py
[2026-01-05T17:33:37.598+0000] {processor.py:914} INFO - Processing file /home/airflow/.local/lib/python3.12/site-packages/airflow/example_dags/example_branch_day_of_week_operator.py for tasks to queue
[2026-01-05T17:33:37.604+0000] {logging_mixin.py:190} INFO - [2026-01-05T17:33:37.603+0000] {dagbag.py:587} INFO - Filling up the DagBag from /home/airflow/.local/lib/python3.12/site-packages/airflow/example_dags/example_branch_day_of_week_operator.py
[2026-01-05T17:33:37.635+0000] {processor.py:925} INFO - DAG(s) 'example_weekday_branch_operator' retrieved from /home/airflow/.local/lib/python3.12/site-packages/airflow/example_dags/example_branch_day_of_week_operator.py
[2026-01-05T17:33:37.671+0000] {logging_mixin.py:190} INFO - [2026-01-05T17:33:37.671+0000] {dag.py:3211} INFO - Sync 1 DAGs
[2026-01-05T17:33:37.703+0000] {logging_mixin.py:190} INFO - [2026-01-05T17:33:37.703+0000] {dag.py:4138} INFO - Setting next_dagrun for example_weekday_branch_operator to 2026-01-04 00:00:00+00:00, run_after=2026-01-05 00:00:00+00:00
[2026-01-05T17:33:37.725+0000] {processor.py:208} INFO - Processing /home/airflow/.local/lib/python3.12/site-packages/airflow/example_dags/example_branch_day_of_week_operator.py took 0.145 seconds
[2026-01-05T17:34:08.025+0000] {processor.py:186} INFO - Started process (PID=2256) to work on /home/airflow/.local/lib/python3.12/site-packages/airflow/example_dags/example_branch_day_of_week_operator.py
[2026-01-05T17:34:08.027+0000] {processor.py:914} INFO - Processing file /home/airflow/.local/lib/python3.12/site-packages/airflow/example_dags/example_branch_day_of_week_operator.py for tasks to queue
[2026-01-05T17:34:08.031+0000] {logging_mixin.py:190} INFO - [2026-01-05T17:34:08.030+0000] {dagbag.py:587} INFO - Filling up the DagBag from /home/airflow/.local/lib/python3.12/site-packages/airflow/example_dags/example_branch_day_of_week_operator.py
[2026-01-05T17:34:08.049+0000] {processor.py:925} INFO - DAG(s) 'example_weekday_branch_operator' retrieved from /home/airflow/.local/lib/python3.12/site-packages/airflow/example_dags/example_branch_day_of_week_operator.py
[2026-01-05T17:34:08.079+0000] {logging_mixin.py:190} INFO - [2026-01-05T17:34:08.079+0000] {dag.py:3211} INFO - Sync 1 DAGs
[2026-01-05T17:34:08.118+0000] {logging_mixin.py:190} INFO - [2026-01-05T17:34:08.118+0000] {dag.py:4138} INFO - Setting next_dagrun for example_weekday_branch_operator to 2026-01-04 00:00:00+00:00, run_after=2026-01-05 00:00:00+00:00
[2026-01-05T17:34:08.147+0000] {processor.py:208} INFO - Processing /home/airflow/.local/lib/python3.12/site-packages/airflow/example_dags/example_branch_day_of_week_operator.py took 0.129 seconds
[2026-01-05T17:34:38.852+0000] {processor.py:186} INFO - Started process (PID=2323) to work on /home/airflow/.local/lib/python3.12/site-packages/airflow/example_dags/example_branch_day_of_week_operator.py
[2026-01-05T17:34:38.853+0000] {processor.py:914} INFO - Processing file /home/airflow/.local/lib/python3.12/site-packages/airflow/example_dags/example_branch_day_of_week_operator.py for tasks to queue
[2026-01-05T17:34:38.857+0000] {logging_mixin.py:190} INFO - [2026-01-05T17:34:38.856+0000] {dagbag.py:587} INFO - Filling up the DagBag from /home/airflow/.local/lib/python3.12/site-packages/airflow/example_dags/example_branch_day_of_week_operator.py
[2026-01-05T17:34:38.864+0000] {processor.py:925} INFO - DAG(s) 'example_weekday_branch_operator' retrieved from /home/airflow/.local/lib/python3.12/site-packages/airflow/example_dags/example_branch_day_of_week_operator.py
[2026-01-05T17:34:38.890+0000] {logging_mixin.py:190} INFO - [2026-01-05T17:34:38.889+0000] {dag.py:3211} INFO - Sync 1 DAGs
[2026-01-05T17:34:38.918+0000] {logging_mixin.py:190} INFO - [2026-01-05T17:34:38.918+0000] {dag.py:4138} INFO - Setting next_dagrun for example_weekday_branch_operator to 2026-01-04 00:00:00+00:00, run_after=2026-01-05 00:00:00+00:00
[2026-01-05T17:34:38.941+0000] {processor.py:208} INFO - Processing /home/airflow/.local/lib/python3.12/site-packages/airflow/example_dags/example_branch_day_of_week_operator.py took 0.096 seconds
[2026-01-05T17:35:09.192+0000] {processor.py:186} INFO - Started process (PID=2389) to work on /home/airflow/.local/lib/python3.12/site-packages/airflow/example_dags/example_branch_day_of_week_operator.py
[2026-01-05T17:35:09.193+0000] {processor.py:914} INFO - Processing file /home/airflow/.local/lib/python3.12/site-packages/airflow/example_dags/example_branch_day_of_week_operator.py for tasks to queue
[2026-01-05T17:35:09.197+0000] {logging_mixin.py:190} INFO - [2026-01-05T17:35:09.197+0000] {dagbag.py:587} INFO - Filling up the DagBag from /home/airflow/.local/lib/python3.12/site-packages/airflow/example_dags/example_branch_day_of_week_operator.py
[2026-01-05T17:35:09.204+0000] {processor.py:925} INFO - DAG(s) 'example_weekday_branch_operator' retrieved from /home/airflow/.local/lib/python3.12/site-packages/airflow/example_dags/example_branch_day_of_week_operator.py
[2026-01-05T17:35:09.238+0000] {logging_mixin.py:190} INFO - [2026-01-05T17:35:09.238+0000] {dag.py:3211} INFO - Sync 1 DAGs
[2026-01-05T17:35:09.266+0000] {logging_mixin.py:190} INFO - [2026-01-05T17:35:09.266+0000] {dag.py:4138} INFO - Setting next_dagrun for example_weekday_branch_operator to 2026-01-04 00:00:00+00:00, run_after=2026-01-05 00:00:00+00:00
[2026-01-05T17:35:09.287+0000] {processor.py:208} INFO - Processing /home/airflow/.local/lib/python3.12/site-packages/airflow/example_dags/example_branch_day_of_week_operator.py took 0.101 seconds
[2026-01-05T17:35:39.454+0000] {processor.py:186} INFO - Started process (PID=2456) to work on /home/airflow/.local/lib/python3.12/site-packages/airflow/example_dags/example_branch_day_of_week_operator.py
[2026-01-05T17:35:39.455+0000] {processor.py:914} INFO - Processing file /home/airflow/.local/lib/python3.12/site-packages/airflow/example_dags/example_branch_day_of_week_operator.py for tasks to queue
[2026-01-05T17:35:39.459+0000] {logging_mixin.py:190} INFO - [2026-01-05T17:35:39.459+0000] {dagbag.py:587} INFO - Filling up the DagBag from /home/airflow/.local/lib/python3.12/site-packages/airflow/example_dags/example_branch_day_of_week_operator.py
[2026-01-05T17:35:39.469+0000] {processor.py:925} INFO - DAG(s) 'example_weekday_branch_operator' retrieved from /home/airflow/.local/lib/python3.12/site-packages/airflow/example_dags/example_branch_day_of_week_operator.py
[2026-01-05T17:35:39.492+0000] {logging_mixin.py:190} INFO - [2026-01-05T17:35:39.491+0000] {dag.py:3211} INFO - Sync 1 DAGs
[2026-01-05T17:35:39.517+0000] {logging_mixin.py:190} INFO - [2026-01-05T17:35:39.517+0000] {dag.py:4138} INFO - Setting next_dagrun for example_weekday_branch_operator to 2026-01-04 00:00:00+00:00, run_after=2026-01-05 00:00:00+00:00
[2026-01-05T17:35:39.545+0000] {processor.py:208} INFO - Processing /home/airflow/.local/lib/python3.12/site-packages/airflow/example_dags/example_branch_day_of_week_operator.py took 0.098 seconds
[2026-01-05T17:36:10.133+0000] {processor.py:186} INFO - Started process (PID=2522) to work on /home/airflow/.local/lib/python3.12/site-packages/airflow/example_dags/example_branch_day_of_week_operator.py
[2026-01-05T17:36:10.135+0000] {processor.py:914} INFO - Processing file /home/airflow/.local/lib/python3.12/site-packages/airflow/example_dags/example_branch_day_of_week_operator.py for tasks to queue
[2026-01-05T17:36:10.139+0000] {logging_mixin.py:190} INFO - [2026-01-05T17:36:10.138+0000] {dagbag.py:587} INFO - Filling up the DagBag from /home/airflow/.local/lib/python3.12/site-packages/airflow/example_dags/example_branch_day_of_week_operator.py
[2026-01-05T17:36:10.151+0000] {processor.py:925} INFO - DAG(s) 'example_weekday_branch_operator' retrieved from /home/airflow/.local/lib/python3.12/site-packages/airflow/example_dags/example_branch_day_of_week_operator.py
[2026-01-05T17:36:10.183+0000] {logging_mixin.py:190} INFO - [2026-01-05T17:36:10.182+0000] {dag.py:3211} INFO - Sync 1 DAGs
[2026-01-05T17:36:10.214+0000] {logging_mixin.py:190} INFO - [2026-01-05T17:36:10.214+0000] {dag.py:4138} INFO - Setting next_dagrun for example_weekday_branch_operator to 2026-01-04 00:00:00+00:00, run_after=2026-01-05 00:00:00+00:00
[2026-01-05T17:36:10.235+0000] {processor.py:208} INFO - Processing /home/airflow/.local/lib/python3.12/site-packages/airflow/example_dags/example_branch_day_of_week_operator.py took 0.111 seconds
[2026-01-05T17:36:40.686+0000] {processor.py:186} INFO - Started process (PID=2588) to work on /home/airflow/.local/lib/python3.12/site-packages/airflow/example_dags/example_branch_day_of_week_operator.py
[2026-01-05T17:36:40.688+0000] {processor.py:914} INFO - Processing file /home/airflow/.local/lib/python3.12/site-packages/airflow/example_dags/example_branch_day_of_week_operator.py for tasks to queue
[2026-01-05T17:36:40.693+0000] {logging_mixin.py:190} INFO - [2026-01-05T17:36:40.693+0000] {dagbag.py:587} INFO - Filling up the DagBag from /home/airflow/.local/lib/python3.12/site-packages/airflow/example_dags/example_branch_day_of_week_operator.py
[2026-01-05T17:36:40.701+0000] {processor.py:925} INFO - DAG(s) 'example_weekday_branch_operator' retrieved from /home/airflow/.local/lib/python3.12/site-packages/airflow/example_dags/example_branch_day_of_week_operator.py
[2026-01-05T17:36:40.727+0000] {logging_mixin.py:190} INFO - [2026-01-05T17:36:40.726+0000] {dag.py:3211} INFO - Sync 1 DAGs
[2026-01-05T17:36:40.771+0000] {logging_mixin.py:190} INFO - [2026-01-05T17:36:40.771+0000] {dag.py:4138} INFO - Setting next_dagrun for example_weekday_branch_operator to 2026-01-04 00:00:00+00:00, run_after=2026-01-05 00:00:00+00:00
[2026-01-05T17:36:40.812+0000] {processor.py:208} INFO - Processing /home/airflow/.local/lib/python3.12/site-packages/airflow/example_dags/example_branch_day_of_week_operator.py took 0.135 seconds
[2026-01-05T17:37:11.219+0000] {processor.py:186} INFO - Started process (PID=2654) to work on /home/airflow/.local/lib/python3.12/site-packages/airflow/example_dags/example_branch_day_of_week_operator.py
[2026-01-05T17:37:11.220+0000] {processor.py:914} INFO - Processing file /home/airflow/.local/lib/python3.12/site-packages/airflow/example_dags/example_branch_day_of_week_operator.py for tasks to queue
[2026-01-05T17:37:11.225+0000] {logging_mixin.py:190} INFO - [2026-01-05T17:37:11.224+0000] {dagbag.py:587} INFO - Filling up the DagBag from /home/airflow/.local/lib/python3.12/site-packages/airflow/example_dags/example_branch_day_of_week_operator.py
[2026-01-05T17:37:11.239+0000] {processor.py:925} INFO - DAG(s) 'example_weekday_branch_operator' retrieved from /home/airflow/.local/lib/python3.12/site-packages/airflow/example_dags/example_branch_day_of_week_operator.py
[2026-01-05T17:37:11.272+0000] {logging_mixin.py:190} INFO - [2026-01-05T17:37:11.272+0000] {dag.py:3211} INFO - Sync 1 DAGs
[2026-01-05T17:37:11.310+0000] {logging_mixin.py:190} INFO - [2026-01-05T17:37:11.310+0000] {dag.py:4138} INFO - Setting next_dagrun for example_weekday_branch_operator to 2026-01-04 00:00:00+00:00, run_after=2026-01-05 00:00:00+00:00
[2026-01-05T17:37:11.339+0000] {processor.py:208} INFO - Processing /home/airflow/.local/lib/python3.12/site-packages/airflow/example_dags/example_branch_day_of_week_operator.py took 0.130 seconds
[2026-01-05T17:37:41.890+0000] {processor.py:186} INFO - Started process (PID=2720) to work on /home/airflow/.local/lib/python3.12/site-packages/airflow/example_dags/example_branch_day_of_week_operator.py
[2026-01-05T17:37:41.892+0000] {processor.py:914} INFO - Processing file /home/airflow/.local/lib/python3.12/site-packages/airflow/example_dags/example_branch_day_of_week_operator.py for tasks to queue
[2026-01-05T17:37:41.895+0000] {logging_mixin.py:190} INFO - [2026-01-05T17:37:41.895+0000] {dagbag.py:587} INFO - Filling up the DagBag from /home/airflow/.local/lib/python3.12/site-packages/airflow/example_dags/example_branch_day_of_week_operator.py
[2026-01-05T17:37:41.905+0000] {processor.py:925} INFO - DAG(s) 'example_weekday_branch_operator' retrieved from /home/airflow/.local/lib/python3.12/site-packages/airflow/example_dags/example_branch_day_of_week_operator.py
[2026-01-05T17:37:41.930+0000] {logging_mixin.py:190} INFO - [2026-01-05T17:37:41.930+0000] {dag.py:3211} INFO - Sync 1 DAGs
[2026-01-05T17:37:41.959+0000] {logging_mixin.py:190} INFO - [2026-01-05T17:37:41.959+0000] {dag.py:4138} INFO - Setting next_dagrun for example_weekday_branch_operator to 2026-01-04 00:00:00+00:00, run_after=2026-01-05 00:00:00+00:00
[2026-01-05T17:37:41.980+0000] {processor.py:208} INFO - Processing /home/airflow/.local/lib/python3.12/site-packages/airflow/example_dags/example_branch_day_of_week_operator.py took 0.098 seconds
[2026-01-05T17:38:12.130+0000] {processor.py:186} INFO - Started process (PID=2786) to work on /home/airflow/.local/lib/python3.12/site-packages/airflow/example_dags/example_branch_day_of_week_operator.py
[2026-01-05T17:38:12.132+0000] {processor.py:914} INFO - Processing file /home/airflow/.local/lib/python3.12/site-packages/airflow/example_dags/example_branch_day_of_week_operator.py for tasks to queue
[2026-01-05T17:38:12.135+0000] {logging_mixin.py:190} INFO - [2026-01-05T17:38:12.135+0000] {dagbag.py:587} INFO - Filling up the DagBag from /home/airflow/.local/lib/python3.12/site-packages/airflow/example_dags/example_branch_day_of_week_operator.py
[2026-01-05T17:38:12.147+0000] {processor.py:925} INFO - DAG(s) 'example_weekday_branch_operator' retrieved from /home/airflow/.local/lib/python3.12/site-packages/airflow/example_dags/example_branch_day_of_week_operator.py
[2026-01-05T17:38:12.172+0000] {logging_mixin.py:190} INFO - [2026-01-05T17:38:12.172+0000] {dag.py:3211} INFO - Sync 1 DAGs
[2026-01-05T17:38:12.199+0000] {logging_mixin.py:190} INFO - [2026-01-05T17:38:12.198+0000] {dag.py:4138} INFO - Setting next_dagrun for example_weekday_branch_operator to 2026-01-04 00:00:00+00:00, run_after=2026-01-05 00:00:00+00:00
[2026-01-05T17:38:12.220+0000] {processor.py:208} INFO - Processing /home/airflow/.local/lib/python3.12/site-packages/airflow/example_dags/example_branch_day_of_week_operator.py took 0.098 seconds
[2026-01-05T17:38:42.784+0000] {processor.py:186} INFO - Started process (PID=2852) to work on /home/airflow/.local/lib/python3.12/site-packages/airflow/example_dags/example_branch_day_of_week_operator.py
[2026-01-05T17:38:42.786+0000] {processor.py:914} INFO - Processing file /home/airflow/.local/lib/python3.12/site-packages/airflow/example_dags/example_branch_day_of_week_operator.py for tasks to queue
[2026-01-05T17:38:42.789+0000] {logging_mixin.py:190} INFO - [2026-01-05T17:38:42.789+0000] {dagbag.py:587} INFO - Filling up the DagBag from /home/airflow/.local/lib/python3.12/site-packages/airflow/example_dags/example_branch_day_of_week_operator.py
[2026-01-05T17:38:42.799+0000] {processor.py:925} INFO - DAG(s) 'example_weekday_branch_operator' retrieved from /home/airflow/.local/lib/python3.12/site-packages/airflow/example_dags/example_branch_day_of_week_operator.py
[2026-01-05T17:38:42.823+0000] {logging_mixin.py:190} INFO - [2026-01-05T17:38:42.823+0000] {dag.py:3211} INFO - Sync 1 DAGs
[2026-01-05T17:38:42.851+0000] {logging_mixin.py:190} INFO - [2026-01-05T17:38:42.851+0000] {dag.py:4138} INFO - Setting next_dagrun for example_weekday_branch_operator to 2026-01-04 00:00:00+00:00, run_after=2026-01-05 00:00:00+00:00
[2026-01-05T17:38:42.876+0000] {processor.py:208} INFO - Processing /home/airflow/.local/lib/python3.12/site-packages/airflow/example_dags/example_branch_day_of_week_operator.py took 0.098 seconds
[2026-01-05T17:39:13.854+0000] {processor.py:186} INFO - Started process (PID=2918) to work on /home/airflow/.local/lib/python3.12/site-packages/airflow/example_dags/example_branch_day_of_week_operator.py
[2026-01-05T17:39:13.856+0000] {processor.py:914} INFO - Processing file /home/airflow/.local/lib/python3.12/site-packages/airflow/example_dags/example_branch_day_of_week_operator.py for tasks to queue
[2026-01-05T17:39:13.861+0000] {logging_mixin.py:190} INFO - [2026-01-05T17:39:13.860+0000] {dagbag.py:587} INFO - Filling up the DagBag from /home/airflow/.local/lib/python3.12/site-packages/airflow/example_dags/example_branch_day_of_week_operator.py
[2026-01-05T17:39:13.874+0000] {processor.py:925} INFO - DAG(s) 'example_weekday_branch_operator' retrieved from /home/airflow/.local/lib/python3.12/site-packages/airflow/example_dags/example_branch_day_of_week_operator.py
[2026-01-05T17:39:13.909+0000] {logging_mixin.py:190} INFO - [2026-01-05T17:39:13.909+0000] {dag.py:3211} INFO - Sync 1 DAGs
[2026-01-05T17:39:13.943+0000] {logging_mixin.py:190} INFO - [2026-01-05T17:39:13.942+0000] {dag.py:4138} INFO - Setting next_dagrun for example_weekday_branch_operator to 2026-01-04 00:00:00+00:00, run_after=2026-01-05 00:00:00+00:00
[2026-01-05T17:39:13.969+0000] {processor.py:208} INFO - Processing /home/airflow/.local/lib/python3.12/site-packages/airflow/example_dags/example_branch_day_of_week_operator.py took 0.130 seconds
[2026-01-05T17:39:44.467+0000] {processor.py:186} INFO - Started process (PID=2984) to work on /home/airflow/.local/lib/python3.12/site-packages/airflow/example_dags/example_branch_day_of_week_operator.py
[2026-01-05T17:39:44.468+0000] {processor.py:914} INFO - Processing file /home/airflow/.local/lib/python3.12/site-packages/airflow/example_dags/example_branch_day_of_week_operator.py for tasks to queue
[2026-01-05T17:39:44.472+0000] {logging_mixin.py:190} INFO - [2026-01-05T17:39:44.471+0000] {dagbag.py:587} INFO - Filling up the DagBag from /home/airflow/.local/lib/python3.12/site-packages/airflow/example_dags/example_branch_day_of_week_operator.py
[2026-01-05T17:39:44.482+0000] {processor.py:925} INFO - DAG(s) 'example_weekday_branch_operator' retrieved from /home/airflow/.local/lib/python3.12/site-packages/airflow/example_dags/example_branch_day_of_week_operator.py
[2026-01-05T17:39:44.508+0000] {logging_mixin.py:190} INFO - [2026-01-05T17:39:44.508+0000] {dag.py:3211} INFO - Sync 1 DAGs
[2026-01-05T17:39:44.538+0000] {logging_mixin.py:190} INFO - [2026-01-05T17:39:44.537+0000] {dag.py:4138} INFO - Setting next_dagrun for example_weekday_branch_operator to 2026-01-04 00:00:00+00:00, run_after=2026-01-05 00:00:00+00:00
[2026-01-05T17:39:44.558+0000] {processor.py:208} INFO - Processing /home/airflow/.local/lib/python3.12/site-packages/airflow/example_dags/example_branch_day_of_week_operator.py took 0.099 seconds
[2026-01-05T17:40:15.151+0000] {processor.py:186} INFO - Started process (PID=3050) to work on /home/airflow/.local/lib/python3.12/site-packages/airflow/example_dags/example_branch_day_of_week_operator.py
[2026-01-05T17:40:15.153+0000] {processor.py:914} INFO - Processing file /home/airflow/.local/lib/python3.12/site-packages/airflow/example_dags/example_branch_day_of_week_operator.py for tasks to queue
[2026-01-05T17:40:15.157+0000] {logging_mixin.py:190} INFO - [2026-01-05T17:40:15.156+0000] {dagbag.py:587} INFO - Filling up the DagBag from /home/airflow/.local/lib/python3.12/site-packages/airflow/example_dags/example_branch_day_of_week_operator.py
[2026-01-05T17:40:15.166+0000] {processor.py:925} INFO - DAG(s) 'example_weekday_branch_operator' retrieved from /home/airflow/.local/lib/python3.12/site-packages/airflow/example_dags/example_branch_day_of_week_operator.py
[2026-01-05T17:40:15.192+0000] {logging_mixin.py:190} INFO - [2026-01-05T17:40:15.192+0000] {dag.py:3211} INFO - Sync 1 DAGs
[2026-01-05T17:40:15.215+0000] {logging_mixin.py:190} INFO - [2026-01-05T17:40:15.215+0000] {dag.py:4138} INFO - Setting next_dagrun for example_weekday_branch_operator to 2026-01-04 00:00:00+00:00, run_after=2026-01-05 00:00:00+00:00
[2026-01-05T17:40:15.239+0000] {processor.py:208} INFO - Processing /home/airflow/.local/lib/python3.12/site-packages/airflow/example_dags/example_branch_day_of_week_operator.py took 0.096 seconds
[2026-01-05T17:40:45.461+0000] {processor.py:186} INFO - Started process (PID=3116) to work on /home/airflow/.local/lib/python3.12/site-packages/airflow/example_dags/example_branch_day_of_week_operator.py
[2026-01-05T17:40:45.462+0000] {processor.py:914} INFO - Processing file /home/airflow/.local/lib/python3.12/site-packages/airflow/example_dags/example_branch_day_of_week_operator.py for tasks to queue
[2026-01-05T17:40:45.465+0000] {logging_mixin.py:190} INFO - [2026-01-05T17:40:45.465+0000] {dagbag.py:587} INFO - Filling up the DagBag from /home/airflow/.local/lib/python3.12/site-packages/airflow/example_dags/example_branch_day_of_week_operator.py
[2026-01-05T17:40:45.476+0000] {processor.py:925} INFO - DAG(s) 'example_weekday_branch_operator' retrieved from /home/airflow/.local/lib/python3.12/site-packages/airflow/example_dags/example_branch_day_of_week_operator.py
[2026-01-05T17:40:45.500+0000] {logging_mixin.py:190} INFO - [2026-01-05T17:40:45.500+0000] {dag.py:3211} INFO - Sync 1 DAGs
[2026-01-05T17:40:45.531+0000] {logging_mixin.py:190} INFO - [2026-01-05T17:40:45.531+0000] {dag.py:4138} INFO - Setting next_dagrun for example_weekday_branch_operator to 2026-01-04 00:00:00+00:00, run_after=2026-01-05 00:00:00+00:00
[2026-01-05T17:40:45.550+0000] {processor.py:208} INFO - Processing /home/airflow/.local/lib/python3.12/site-packages/airflow/example_dags/example_branch_day_of_week_operator.py took 0.095 seconds
[2026-01-05T17:41:15.712+0000] {processor.py:186} INFO - Started process (PID=3182) to work on /home/airflow/.local/lib/python3.12/site-packages/airflow/example_dags/example_branch_day_of_week_operator.py
[2026-01-05T17:41:15.714+0000] {processor.py:914} INFO - Processing file /home/airflow/.local/lib/python3.12/site-packages/airflow/example_dags/example_branch_day_of_week_operator.py for tasks to queue
[2026-01-05T17:41:15.718+0000] {logging_mixin.py:190} INFO - [2026-01-05T17:41:15.717+0000] {dagbag.py:587} INFO - Filling up the DagBag from /home/airflow/.local/lib/python3.12/site-packages/airflow/example_dags/example_branch_day_of_week_operator.py
[2026-01-05T17:41:15.727+0000] {processor.py:925} INFO - DAG(s) 'example_weekday_branch_operator' retrieved from /home/airflow/.local/lib/python3.12/site-packages/airflow/example_dags/example_branch_day_of_week_operator.py
[2026-01-05T17:41:15.756+0000] {logging_mixin.py:190} INFO - [2026-01-05T17:41:15.755+0000] {dag.py:3211} INFO - Sync 1 DAGs
[2026-01-05T17:41:15.784+0000] {logging_mixin.py:190} INFO - [2026-01-05T17:41:15.783+0000] {dag.py:4138} INFO - Setting next_dagrun for example_weekday_branch_operator to 2026-01-04 00:00:00+00:00, run_after=2026-01-05 00:00:00+00:00
[2026-01-05T17:41:15.810+0000] {processor.py:208} INFO - Processing /home/airflow/.local/lib/python3.12/site-packages/airflow/example_dags/example_branch_day_of_week_operator.py took 0.103 seconds
[2026-01-05T17:41:46.009+0000] {processor.py:186} INFO - Started process (PID=3248) to work on /home/airflow/.local/lib/python3.12/site-packages/airflow/example_dags/example_branch_day_of_week_operator.py
[2026-01-05T17:41:46.011+0000] {processor.py:914} INFO - Processing file /home/airflow/.local/lib/python3.12/site-packages/airflow/example_dags/example_branch_day_of_week_operator.py for tasks to queue
[2026-01-05T17:41:46.015+0000] {logging_mixin.py:190} INFO - [2026-01-05T17:41:46.014+0000] {dagbag.py:587} INFO - Filling up the DagBag from /home/airflow/.local/lib/python3.12/site-packages/airflow/example_dags/example_branch_day_of_week_operator.py
[2026-01-05T17:41:46.029+0000] {processor.py:925} INFO - DAG(s) 'example_weekday_branch_operator' retrieved from /home/airflow/.local/lib/python3.12/site-packages/airflow/example_dags/example_branch_day_of_week_operator.py
[2026-01-05T17:41:46.060+0000] {logging_mixin.py:190} INFO - [2026-01-05T17:41:46.059+0000] {dag.py:3211} INFO - Sync 1 DAGs
[2026-01-05T17:41:46.085+0000] {logging_mixin.py:190} INFO - [2026-01-05T17:41:46.085+0000] {dag.py:4138} INFO - Setting next_dagrun for example_weekday_branch_operator to 2026-01-04 00:00:00+00:00, run_after=2026-01-05 00:00:00+00:00
[2026-01-05T17:41:46.109+0000] {processor.py:208} INFO - Processing /home/airflow/.local/lib/python3.12/site-packages/airflow/example_dags/example_branch_day_of_week_operator.py took 0.108 seconds
[2026-01-05T17:42:16.472+0000] {processor.py:186} INFO - Started process (PID=3314) to work on /home/airflow/.local/lib/python3.12/site-packages/airflow/example_dags/example_branch_day_of_week_operator.py
[2026-01-05T17:42:16.474+0000] {processor.py:914} INFO - Processing file /home/airflow/.local/lib/python3.12/site-packages/airflow/example_dags/example_branch_day_of_week_operator.py for tasks to queue
[2026-01-05T17:42:16.479+0000] {logging_mixin.py:190} INFO - [2026-01-05T17:42:16.479+0000] {dagbag.py:587} INFO - Filling up the DagBag from /home/airflow/.local/lib/python3.12/site-packages/airflow/example_dags/example_branch_day_of_week_operator.py
[2026-01-05T17:42:16.490+0000] {processor.py:925} INFO - DAG(s) 'example_weekday_branch_operator' retrieved from /home/airflow/.local/lib/python3.12/site-packages/airflow/example_dags/example_branch_day_of_week_operator.py
[2026-01-05T17:42:16.522+0000] {logging_mixin.py:190} INFO - [2026-01-05T17:42:16.521+0000] {dag.py:3211} INFO - Sync 1 DAGs
[2026-01-05T17:42:16.560+0000] {logging_mixin.py:190} INFO - [2026-01-05T17:42:16.560+0000] {dag.py:4138} INFO - Setting next_dagrun for example_weekday_branch_operator to 2026-01-04 00:00:00+00:00, run_after=2026-01-05 00:00:00+00:00
[2026-01-05T17:42:16.585+0000] {processor.py:208} INFO - Processing /home/airflow/.local/lib/python3.12/site-packages/airflow/example_dags/example_branch_day_of_week_operator.py took 0.121 seconds
[2026-01-05T17:42:46.952+0000] {processor.py:186} INFO - Started process (PID=3380) to work on /home/airflow/.local/lib/python3.12/site-packages/airflow/example_dags/example_branch_day_of_week_operator.py
[2026-01-05T17:42:46.954+0000] {processor.py:914} INFO - Processing file /home/airflow/.local/lib/python3.12/site-packages/airflow/example_dags/example_branch_day_of_week_operator.py for tasks to queue
[2026-01-05T17:42:46.958+0000] {logging_mixin.py:190} INFO - [2026-01-05T17:42:46.958+0000] {dagbag.py:587} INFO - Filling up the DagBag from /home/airflow/.local/lib/python3.12/site-packages/airflow/example_dags/example_branch_day_of_week_operator.py
[2026-01-05T17:42:46.969+0000] {processor.py:925} INFO - DAG(s) 'example_weekday_branch_operator' retrieved from /home/airflow/.local/lib/python3.12/site-packages/airflow/example_dags/example_branch_day_of_week_operator.py
[2026-01-05T17:42:47.005+0000] {logging_mixin.py:190} INFO - [2026-01-05T17:42:47.005+0000] {dag.py:3211} INFO - Sync 1 DAGs
[2026-01-05T17:42:47.045+0000] {logging_mixin.py:190} INFO - [2026-01-05T17:42:47.045+0000] {dag.py:4138} INFO - Setting next_dagrun for example_weekday_branch_operator to 2026-01-04 00:00:00+00:00, run_after=2026-01-05 00:00:00+00:00
[2026-01-05T17:42:47.071+0000] {processor.py:208} INFO - Processing /home/airflow/.local/lib/python3.12/site-packages/airflow/example_dags/example_branch_day_of_week_operator.py took 0.126 seconds
[2026-01-05T17:43:17.291+0000] {processor.py:186} INFO - Started process (PID=3446) to work on /home/airflow/.local/lib/python3.12/site-packages/airflow/example_dags/example_branch_day_of_week_operator.py
[2026-01-05T17:43:17.292+0000] {processor.py:914} INFO - Processing file /home/airflow/.local/lib/python3.12/site-packages/airflow/example_dags/example_branch_day_of_week_operator.py for tasks to queue
[2026-01-05T17:43:17.295+0000] {logging_mixin.py:190} INFO - [2026-01-05T17:43:17.295+0000] {dagbag.py:587} INFO - Filling up the DagBag from /home/airflow/.local/lib/python3.12/site-packages/airflow/example_dags/example_branch_day_of_week_operator.py
[2026-01-05T17:43:17.307+0000] {processor.py:925} INFO - DAG(s) 'example_weekday_branch_operator' retrieved from /home/airflow/.local/lib/python3.12/site-packages/airflow/example_dags/example_branch_day_of_week_operator.py
[2026-01-05T17:43:17.338+0000] {logging_mixin.py:190} INFO - [2026-01-05T17:43:17.338+0000] {dag.py:3211} INFO - Sync 1 DAGs
[2026-01-05T17:43:17.374+0000] {logging_mixin.py:190} INFO - [2026-01-05T17:43:17.374+0000] {dag.py:4138} INFO - Setting next_dagrun for example_weekday_branch_operator to 2026-01-04 00:00:00+00:00, run_after=2026-01-05 00:00:00+00:00
[2026-01-05T17:43:17.399+0000] {processor.py:208} INFO - Processing /home/airflow/.local/lib/python3.12/site-packages/airflow/example_dags/example_branch_day_of_week_operator.py took 0.118 seconds
[2026-01-05T17:43:47.658+0000] {processor.py:186} INFO - Started process (PID=3512) to work on /home/airflow/.local/lib/python3.12/site-packages/airflow/example_dags/example_branch_day_of_week_operator.py
[2026-01-05T17:43:47.660+0000] {processor.py:914} INFO - Processing file /home/airflow/.local/lib/python3.12/site-packages/airflow/example_dags/example_branch_day_of_week_operator.py for tasks to queue
[2026-01-05T17:43:47.663+0000] {logging_mixin.py:190} INFO - [2026-01-05T17:43:47.663+0000] {dagbag.py:587} INFO - Filling up the DagBag from /home/airflow/.local/lib/python3.12/site-packages/airflow/example_dags/example_branch_day_of_week_operator.py
[2026-01-05T17:43:47.675+0000] {processor.py:925} INFO - DAG(s) 'example_weekday_branch_operator' retrieved from /home/airflow/.local/lib/python3.12/site-packages/airflow/example_dags/example_branch_day_of_week_operator.py
[2026-01-05T17:43:47.710+0000] {logging_mixin.py:190} INFO - [2026-01-05T17:43:47.709+0000] {dag.py:3211} INFO - Sync 1 DAGs
[2026-01-05T17:43:47.741+0000] {logging_mixin.py:190} INFO - [2026-01-05T17:43:47.741+0000] {dag.py:4138} INFO - Setting next_dagrun for example_weekday_branch_operator to 2026-01-04 00:00:00+00:00, run_after=2026-01-05 00:00:00+00:00
[2026-01-05T17:43:47.769+0000] {processor.py:208} INFO - Processing /home/airflow/.local/lib/python3.12/site-packages/airflow/example_dags/example_branch_day_of_week_operator.py took 0.120 seconds
[2026-01-05T17:44:18.154+0000] {processor.py:186} INFO - Started process (PID=3578) to work on /home/airflow/.local/lib/python3.12/site-packages/airflow/example_dags/example_branch_day_of_week_operator.py
[2026-01-05T17:44:18.156+0000] {processor.py:914} INFO - Processing file /home/airflow/.local/lib/python3.12/site-packages/airflow/example_dags/example_branch_day_of_week_operator.py for tasks to queue
[2026-01-05T17:44:18.160+0000] {logging_mixin.py:190} INFO - [2026-01-05T17:44:18.160+0000] {dagbag.py:587} INFO - Filling up the DagBag from /home/airflow/.local/lib/python3.12/site-packages/airflow/example_dags/example_branch_day_of_week_operator.py
[2026-01-05T17:44:18.172+0000] {processor.py:925} INFO - DAG(s) 'example_weekday_branch_operator' retrieved from /home/airflow/.local/lib/python3.12/site-packages/airflow/example_dags/example_branch_day_of_week_operator.py
[2026-01-05T17:44:18.204+0000] {logging_mixin.py:190} INFO - [2026-01-05T17:44:18.204+0000] {dag.py:3211} INFO - Sync 1 DAGs
[2026-01-05T17:44:18.240+0000] {logging_mixin.py:190} INFO - [2026-01-05T17:44:18.240+0000] {dag.py:4138} INFO - Setting next_dagrun for example_weekday_branch_operator to 2026-01-04 00:00:00+00:00, run_after=2026-01-05 00:00:00+00:00
[2026-01-05T17:44:18.267+0000] {processor.py:208} INFO - Processing /home/airflow/.local/lib/python3.12/site-packages/airflow/example_dags/example_branch_day_of_week_operator.py took 0.121 seconds
[2026-01-05T17:44:48.720+0000] {processor.py:186} INFO - Started process (PID=3645) to work on /home/airflow/.local/lib/python3.12/site-packages/airflow/example_dags/example_branch_day_of_week_operator.py
[2026-01-05T17:44:48.723+0000] {processor.py:914} INFO - Processing file /home/airflow/.local/lib/python3.12/site-packages/airflow/example_dags/example_branch_day_of_week_operator.py for tasks to queue
[2026-01-05T17:44:48.732+0000] {logging_mixin.py:190} INFO - [2026-01-05T17:44:48.730+0000] {dagbag.py:587} INFO - Filling up the DagBag from /home/airflow/.local/lib/python3.12/site-packages/airflow/example_dags/example_branch_day_of_week_operator.py
[2026-01-05T17:44:48.754+0000] {processor.py:925} INFO - DAG(s) 'example_weekday_branch_operator' retrieved from /home/airflow/.local/lib/python3.12/site-packages/airflow/example_dags/example_branch_day_of_week_operator.py
[2026-01-05T17:44:48.791+0000] {logging_mixin.py:190} INFO - [2026-01-05T17:44:48.791+0000] {dag.py:3211} INFO - Sync 1 DAGs
[2026-01-05T17:44:48.829+0000] {logging_mixin.py:190} INFO - [2026-01-05T17:44:48.828+0000] {dag.py:4138} INFO - Setting next_dagrun for example_weekday_branch_operator to 2026-01-04 00:00:00+00:00, run_after=2026-01-05 00:00:00+00:00
[2026-01-05T17:44:48.863+0000] {processor.py:208} INFO - Processing /home/airflow/.local/lib/python3.12/site-packages/airflow/example_dags/example_branch_day_of_week_operator.py took 0.153 seconds
