[2026-01-05T17:17:50.492+0000] {processor.py:186} INFO - Started process (PID=141) to work on /home/airflow/.local/lib/python3.12/site-packages/airflow/example_dags/example_branch_operator.py
[2026-01-05T17:17:50.495+0000] {processor.py:914} INFO - Processing file /home/airflow/.local/lib/python3.12/site-packages/airflow/example_dags/example_branch_operator.py for tasks to queue
[2026-01-05T17:17:50.501+0000] {logging_mixin.py:190} INFO - [2026-01-05T17:17:50.500+0000] {dagbag.py:587} INFO - Filling up the DagBag from /home/airflow/.local/lib/python3.12/site-packages/airflow/example_dags/example_branch_operator.py
[2026-01-05T17:17:50.571+0000] {processor.py:925} INFO - DAG(s) 'example_branch_operator' retrieved from /home/airflow/.local/lib/python3.12/site-packages/airflow/example_dags/example_branch_operator.py
[2026-01-05T17:17:50.782+0000] {logging_mixin.py:190} INFO - [2026-01-05T17:17:50.781+0000] {dag.py:3211} INFO - Sync 1 DAGs
[2026-01-05T17:17:50.841+0000] {logging_mixin.py:190} INFO - [2026-01-05T17:17:50.840+0000] {dag.py:4138} INFO - Setting next_dagrun for example_branch_operator to 2026-01-04 00:00:00+00:00, run_after=2026-01-05 00:00:00+00:00
[2026-01-05T17:17:50.893+0000] {processor.py:208} INFO - Processing /home/airflow/.local/lib/python3.12/site-packages/airflow/example_dags/example_branch_operator.py took 0.416 seconds
[2026-01-05T17:18:23.356+0000] {processor.py:186} INFO - Started process (PID=208) to work on /home/airflow/.local/lib/python3.12/site-packages/airflow/example_dags/example_branch_operator.py
[2026-01-05T17:18:23.359+0000] {processor.py:914} INFO - Processing file /home/airflow/.local/lib/python3.12/site-packages/airflow/example_dags/example_branch_operator.py for tasks to queue
[2026-01-05T17:18:23.374+0000] {logging_mixin.py:190} INFO - [2026-01-05T17:18:23.373+0000] {dagbag.py:587} INFO - Filling up the DagBag from /home/airflow/.local/lib/python3.12/site-packages/airflow/example_dags/example_branch_operator.py
[2026-01-05T17:18:23.504+0000] {processor.py:925} INFO - DAG(s) 'example_branch_operator' retrieved from /home/airflow/.local/lib/python3.12/site-packages/airflow/example_dags/example_branch_operator.py
[2026-01-05T17:18:23.709+0000] {logging_mixin.py:190} INFO - [2026-01-05T17:18:23.699+0000] {dag.py:3211} INFO - Sync 1 DAGs
[2026-01-05T17:18:23.855+0000] {logging_mixin.py:190} INFO - [2026-01-05T17:18:23.854+0000] {dag.py:4138} INFO - Setting next_dagrun for example_branch_operator to 2026-01-04 00:00:00+00:00, run_after=2026-01-05 00:00:00+00:00
[2026-01-05T17:18:23.990+0000] {processor.py:208} INFO - Processing /home/airflow/.local/lib/python3.12/site-packages/airflow/example_dags/example_branch_operator.py took 0.668 seconds
[2026-01-05T17:18:54.143+0000] {processor.py:186} INFO - Started process (PID=273) to work on /home/airflow/.local/lib/python3.12/site-packages/airflow/example_dags/example_branch_operator.py
[2026-01-05T17:18:54.145+0000] {processor.py:914} INFO - Processing file /home/airflow/.local/lib/python3.12/site-packages/airflow/example_dags/example_branch_operator.py for tasks to queue
[2026-01-05T17:18:54.150+0000] {logging_mixin.py:190} INFO - [2026-01-05T17:18:54.150+0000] {dagbag.py:587} INFO - Filling up the DagBag from /home/airflow/.local/lib/python3.12/site-packages/airflow/example_dags/example_branch_operator.py
[2026-01-05T17:18:54.187+0000] {processor.py:925} INFO - DAG(s) 'example_branch_operator' retrieved from /home/airflow/.local/lib/python3.12/site-packages/airflow/example_dags/example_branch_operator.py
[2026-01-05T17:18:54.252+0000] {logging_mixin.py:190} INFO - [2026-01-05T17:18:54.252+0000] {dag.py:3211} INFO - Sync 1 DAGs
[2026-01-05T17:18:54.306+0000] {logging_mixin.py:190} INFO - [2026-01-05T17:18:54.305+0000] {dag.py:4138} INFO - Setting next_dagrun for example_branch_operator to 2026-01-04 00:00:00+00:00, run_after=2026-01-05 00:00:00+00:00
[2026-01-05T17:18:54.344+0000] {processor.py:208} INFO - Processing /home/airflow/.local/lib/python3.12/site-packages/airflow/example_dags/example_branch_operator.py took 0.214 seconds
[2026-01-05T17:19:24.443+0000] {processor.py:186} INFO - Started process (PID=338) to work on /home/airflow/.local/lib/python3.12/site-packages/airflow/example_dags/example_branch_operator.py
[2026-01-05T17:19:24.445+0000] {processor.py:914} INFO - Processing file /home/airflow/.local/lib/python3.12/site-packages/airflow/example_dags/example_branch_operator.py for tasks to queue
[2026-01-05T17:19:24.456+0000] {logging_mixin.py:190} INFO - [2026-01-05T17:19:24.455+0000] {dagbag.py:587} INFO - Filling up the DagBag from /home/airflow/.local/lib/python3.12/site-packages/airflow/example_dags/example_branch_operator.py
[2026-01-05T17:19:24.507+0000] {processor.py:925} INFO - DAG(s) 'example_branch_operator' retrieved from /home/airflow/.local/lib/python3.12/site-packages/airflow/example_dags/example_branch_operator.py
[2026-01-05T17:19:24.557+0000] {logging_mixin.py:190} INFO - [2026-01-05T17:19:24.557+0000] {dag.py:3211} INFO - Sync 1 DAGs
[2026-01-05T17:19:24.600+0000] {logging_mixin.py:190} INFO - [2026-01-05T17:19:24.600+0000] {dag.py:4138} INFO - Setting next_dagrun for example_branch_operator to 2026-01-04 00:00:00+00:00, run_after=2026-01-05 00:00:00+00:00
[2026-01-05T17:19:24.630+0000] {processor.py:208} INFO - Processing /home/airflow/.local/lib/python3.12/site-packages/airflow/example_dags/example_branch_operator.py took 0.197 seconds
[2026-01-05T17:19:55.374+0000] {processor.py:186} INFO - Started process (PID=405) to work on /home/airflow/.local/lib/python3.12/site-packages/airflow/example_dags/example_branch_operator.py
[2026-01-05T17:19:55.375+0000] {processor.py:914} INFO - Processing file /home/airflow/.local/lib/python3.12/site-packages/airflow/example_dags/example_branch_operator.py for tasks to queue
[2026-01-05T17:19:55.380+0000] {logging_mixin.py:190} INFO - [2026-01-05T17:19:55.379+0000] {dagbag.py:587} INFO - Filling up the DagBag from /home/airflow/.local/lib/python3.12/site-packages/airflow/example_dags/example_branch_operator.py
[2026-01-05T17:19:55.397+0000] {processor.py:925} INFO - DAG(s) 'example_branch_operator' retrieved from /home/airflow/.local/lib/python3.12/site-packages/airflow/example_dags/example_branch_operator.py
[2026-01-05T17:19:55.427+0000] {logging_mixin.py:190} INFO - [2026-01-05T17:19:55.427+0000] {dag.py:3211} INFO - Sync 1 DAGs
[2026-01-05T17:19:55.460+0000] {logging_mixin.py:190} INFO - [2026-01-05T17:19:55.460+0000] {dag.py:4138} INFO - Setting next_dagrun for example_branch_operator to 2026-01-04 00:00:00+00:00, run_after=2026-01-05 00:00:00+00:00
[2026-01-05T17:19:55.480+0000] {processor.py:208} INFO - Processing /home/airflow/.local/lib/python3.12/site-packages/airflow/example_dags/example_branch_operator.py took 0.112 seconds
[2026-01-05T17:20:25.579+0000] {processor.py:186} INFO - Started process (PID=470) to work on /home/airflow/.local/lib/python3.12/site-packages/airflow/example_dags/example_branch_operator.py
[2026-01-05T17:20:25.581+0000] {processor.py:914} INFO - Processing file /home/airflow/.local/lib/python3.12/site-packages/airflow/example_dags/example_branch_operator.py for tasks to queue
[2026-01-05T17:20:25.585+0000] {logging_mixin.py:190} INFO - [2026-01-05T17:20:25.584+0000] {dagbag.py:587} INFO - Filling up the DagBag from /home/airflow/.local/lib/python3.12/site-packages/airflow/example_dags/example_branch_operator.py
[2026-01-05T17:20:25.622+0000] {processor.py:925} INFO - DAG(s) 'example_branch_operator' retrieved from /home/airflow/.local/lib/python3.12/site-packages/airflow/example_dags/example_branch_operator.py
[2026-01-05T17:20:25.677+0000] {logging_mixin.py:190} INFO - [2026-01-05T17:20:25.677+0000] {dag.py:3211} INFO - Sync 1 DAGs
[2026-01-05T17:20:25.710+0000] {logging_mixin.py:190} INFO - [2026-01-05T17:20:25.709+0000] {dag.py:4138} INFO - Setting next_dagrun for example_branch_operator to 2026-01-04 00:00:00+00:00, run_after=2026-01-05 00:00:00+00:00
[2026-01-05T17:20:25.729+0000] {processor.py:208} INFO - Processing /home/airflow/.local/lib/python3.12/site-packages/airflow/example_dags/example_branch_operator.py took 0.158 seconds
[2026-01-05T17:20:56.383+0000] {processor.py:186} INFO - Started process (PID=542) to work on /home/airflow/.local/lib/python3.12/site-packages/airflow/example_dags/example_branch_operator.py
[2026-01-05T17:20:56.385+0000] {processor.py:914} INFO - Processing file /home/airflow/.local/lib/python3.12/site-packages/airflow/example_dags/example_branch_operator.py for tasks to queue
[2026-01-05T17:20:56.388+0000] {logging_mixin.py:190} INFO - [2026-01-05T17:20:56.388+0000] {dagbag.py:587} INFO - Filling up the DagBag from /home/airflow/.local/lib/python3.12/site-packages/airflow/example_dags/example_branch_operator.py
[2026-01-05T17:20:56.412+0000] {processor.py:925} INFO - DAG(s) 'example_branch_operator' retrieved from /home/airflow/.local/lib/python3.12/site-packages/airflow/example_dags/example_branch_operator.py
[2026-01-05T17:20:56.460+0000] {logging_mixin.py:190} INFO - [2026-01-05T17:20:56.460+0000] {dag.py:3211} INFO - Sync 1 DAGs
[2026-01-05T17:20:56.489+0000] {logging_mixin.py:190} INFO - [2026-01-05T17:20:56.489+0000] {dag.py:4138} INFO - Setting next_dagrun for example_branch_operator to 2026-01-04 00:00:00+00:00, run_after=2026-01-05 00:00:00+00:00
[2026-01-05T17:20:56.514+0000] {processor.py:208} INFO - Processing /home/airflow/.local/lib/python3.12/site-packages/airflow/example_dags/example_branch_operator.py took 0.137 seconds
[2026-01-05T17:21:26.656+0000] {processor.py:186} INFO - Started process (PID=608) to work on /home/airflow/.local/lib/python3.12/site-packages/airflow/example_dags/example_branch_operator.py
[2026-01-05T17:21:26.663+0000] {processor.py:914} INFO - Processing file /home/airflow/.local/lib/python3.12/site-packages/airflow/example_dags/example_branch_operator.py for tasks to queue
[2026-01-05T17:21:26.671+0000] {logging_mixin.py:190} INFO - [2026-01-05T17:21:26.670+0000] {dagbag.py:587} INFO - Filling up the DagBag from /home/airflow/.local/lib/python3.12/site-packages/airflow/example_dags/example_branch_operator.py
[2026-01-05T17:21:26.703+0000] {processor.py:925} INFO - DAG(s) 'example_branch_operator' retrieved from /home/airflow/.local/lib/python3.12/site-packages/airflow/example_dags/example_branch_operator.py
[2026-01-05T17:21:26.748+0000] {logging_mixin.py:190} INFO - [2026-01-05T17:21:26.748+0000] {dag.py:3211} INFO - Sync 1 DAGs
[2026-01-05T17:21:26.783+0000] {logging_mixin.py:190} INFO - [2026-01-05T17:21:26.783+0000] {dag.py:4138} INFO - Setting next_dagrun for example_branch_operator to 2026-01-04 00:00:00+00:00, run_after=2026-01-05 00:00:00+00:00
[2026-01-05T17:21:26.817+0000] {processor.py:208} INFO - Processing /home/airflow/.local/lib/python3.12/site-packages/airflow/example_dags/example_branch_operator.py took 0.178 seconds
[2026-01-05T17:21:56.983+0000] {processor.py:186} INFO - Started process (PID=674) to work on /home/airflow/.local/lib/python3.12/site-packages/airflow/example_dags/example_branch_operator.py
[2026-01-05T17:21:56.990+0000] {processor.py:914} INFO - Processing file /home/airflow/.local/lib/python3.12/site-packages/airflow/example_dags/example_branch_operator.py for tasks to queue
[2026-01-05T17:21:56.997+0000] {logging_mixin.py:190} INFO - [2026-01-05T17:21:56.996+0000] {dagbag.py:587} INFO - Filling up the DagBag from /home/airflow/.local/lib/python3.12/site-packages/airflow/example_dags/example_branch_operator.py
[2026-01-05T17:21:57.024+0000] {processor.py:925} INFO - DAG(s) 'example_branch_operator' retrieved from /home/airflow/.local/lib/python3.12/site-packages/airflow/example_dags/example_branch_operator.py
[2026-01-05T17:21:57.056+0000] {logging_mixin.py:190} INFO - [2026-01-05T17:21:57.056+0000] {dag.py:3211} INFO - Sync 1 DAGs
[2026-01-05T17:21:57.094+0000] {logging_mixin.py:190} INFO - [2026-01-05T17:21:57.094+0000] {dag.py:4138} INFO - Setting next_dagrun for example_branch_operator to 2026-01-04 00:00:00+00:00, run_after=2026-01-05 00:00:00+00:00
[2026-01-05T17:21:57.130+0000] {processor.py:208} INFO - Processing /home/airflow/.local/lib/python3.12/site-packages/airflow/example_dags/example_branch_operator.py took 0.158 seconds
[2026-01-05T17:22:27.874+0000] {processor.py:186} INFO - Started process (PID=740) to work on /home/airflow/.local/lib/python3.12/site-packages/airflow/example_dags/example_branch_operator.py
[2026-01-05T17:22:27.877+0000] {processor.py:914} INFO - Processing file /home/airflow/.local/lib/python3.12/site-packages/airflow/example_dags/example_branch_operator.py for tasks to queue
[2026-01-05T17:22:27.881+0000] {logging_mixin.py:190} INFO - [2026-01-05T17:22:27.880+0000] {dagbag.py:587} INFO - Filling up the DagBag from /home/airflow/.local/lib/python3.12/site-packages/airflow/example_dags/example_branch_operator.py
[2026-01-05T17:22:27.897+0000] {processor.py:925} INFO - DAG(s) 'example_branch_operator' retrieved from /home/airflow/.local/lib/python3.12/site-packages/airflow/example_dags/example_branch_operator.py
[2026-01-05T17:22:27.939+0000] {logging_mixin.py:190} INFO - [2026-01-05T17:22:27.939+0000] {dag.py:3211} INFO - Sync 1 DAGs
[2026-01-05T17:22:27.965+0000] {logging_mixin.py:190} INFO - [2026-01-05T17:22:27.965+0000] {dag.py:4138} INFO - Setting next_dagrun for example_branch_operator to 2026-01-04 00:00:00+00:00, run_after=2026-01-05 00:00:00+00:00
[2026-01-05T17:22:27.989+0000] {processor.py:208} INFO - Processing /home/airflow/.local/lib/python3.12/site-packages/airflow/example_dags/example_branch_operator.py took 0.124 seconds
[2026-01-05T17:22:58.479+0000] {processor.py:186} INFO - Started process (PID=806) to work on /home/airflow/.local/lib/python3.12/site-packages/airflow/example_dags/example_branch_operator.py
[2026-01-05T17:22:58.480+0000] {processor.py:914} INFO - Processing file /home/airflow/.local/lib/python3.12/site-packages/airflow/example_dags/example_branch_operator.py for tasks to queue
[2026-01-05T17:22:58.484+0000] {logging_mixin.py:190} INFO - [2026-01-05T17:22:58.483+0000] {dagbag.py:587} INFO - Filling up the DagBag from /home/airflow/.local/lib/python3.12/site-packages/airflow/example_dags/example_branch_operator.py
[2026-01-05T17:22:58.513+0000] {processor.py:925} INFO - DAG(s) 'example_branch_operator' retrieved from /home/airflow/.local/lib/python3.12/site-packages/airflow/example_dags/example_branch_operator.py
[2026-01-05T17:22:58.555+0000] {logging_mixin.py:190} INFO - [2026-01-05T17:22:58.555+0000] {dag.py:3211} INFO - Sync 1 DAGs
[2026-01-05T17:22:58.585+0000] {logging_mixin.py:190} INFO - [2026-01-05T17:22:58.584+0000] {dag.py:4138} INFO - Setting next_dagrun for example_branch_operator to 2026-01-04 00:00:00+00:00, run_after=2026-01-05 00:00:00+00:00
[2026-01-05T17:22:58.612+0000] {processor.py:208} INFO - Processing /home/airflow/.local/lib/python3.12/site-packages/airflow/example_dags/example_branch_operator.py took 0.140 seconds
[2026-01-05T17:23:28.771+0000] {processor.py:186} INFO - Started process (PID=872) to work on /home/airflow/.local/lib/python3.12/site-packages/airflow/example_dags/example_branch_operator.py
[2026-01-05T17:23:28.773+0000] {processor.py:914} INFO - Processing file /home/airflow/.local/lib/python3.12/site-packages/airflow/example_dags/example_branch_operator.py for tasks to queue
[2026-01-05T17:23:28.779+0000] {logging_mixin.py:190} INFO - [2026-01-05T17:23:28.778+0000] {dagbag.py:587} INFO - Filling up the DagBag from /home/airflow/.local/lib/python3.12/site-packages/airflow/example_dags/example_branch_operator.py
[2026-01-05T17:23:28.807+0000] {processor.py:925} INFO - DAG(s) 'example_branch_operator' retrieved from /home/airflow/.local/lib/python3.12/site-packages/airflow/example_dags/example_branch_operator.py
[2026-01-05T17:23:28.840+0000] {logging_mixin.py:190} INFO - [2026-01-05T17:23:28.840+0000] {dag.py:3211} INFO - Sync 1 DAGs
[2026-01-05T17:23:28.865+0000] {logging_mixin.py:190} INFO - [2026-01-05T17:23:28.865+0000] {dag.py:4138} INFO - Setting next_dagrun for example_branch_operator to 2026-01-04 00:00:00+00:00, run_after=2026-01-05 00:00:00+00:00
[2026-01-05T17:23:28.887+0000] {processor.py:208} INFO - Processing /home/airflow/.local/lib/python3.12/site-packages/airflow/example_dags/example_branch_operator.py took 0.125 seconds
[2026-01-05T17:23:58.997+0000] {processor.py:186} INFO - Started process (PID=938) to work on /home/airflow/.local/lib/python3.12/site-packages/airflow/example_dags/example_branch_operator.py
[2026-01-05T17:23:58.998+0000] {processor.py:914} INFO - Processing file /home/airflow/.local/lib/python3.12/site-packages/airflow/example_dags/example_branch_operator.py for tasks to queue
[2026-01-05T17:23:59.001+0000] {logging_mixin.py:190} INFO - [2026-01-05T17:23:59.001+0000] {dagbag.py:587} INFO - Filling up the DagBag from /home/airflow/.local/lib/python3.12/site-packages/airflow/example_dags/example_branch_operator.py
[2026-01-05T17:23:59.023+0000] {processor.py:925} INFO - DAG(s) 'example_branch_operator' retrieved from /home/airflow/.local/lib/python3.12/site-packages/airflow/example_dags/example_branch_operator.py
[2026-01-05T17:23:59.053+0000] {logging_mixin.py:190} INFO - [2026-01-05T17:23:59.053+0000] {dag.py:3211} INFO - Sync 1 DAGs
[2026-01-05T17:23:59.079+0000] {logging_mixin.py:190} INFO - [2026-01-05T17:23:59.079+0000] {dag.py:4138} INFO - Setting next_dagrun for example_branch_operator to 2026-01-04 00:00:00+00:00, run_after=2026-01-05 00:00:00+00:00
[2026-01-05T17:23:59.102+0000] {processor.py:208} INFO - Processing /home/airflow/.local/lib/python3.12/site-packages/airflow/example_dags/example_branch_operator.py took 0.110 seconds
[2026-01-05T17:24:29.483+0000] {processor.py:186} INFO - Started process (PID=1004) to work on /home/airflow/.local/lib/python3.12/site-packages/airflow/example_dags/example_branch_operator.py
[2026-01-05T17:24:29.485+0000] {processor.py:914} INFO - Processing file /home/airflow/.local/lib/python3.12/site-packages/airflow/example_dags/example_branch_operator.py for tasks to queue
[2026-01-05T17:24:29.489+0000] {logging_mixin.py:190} INFO - [2026-01-05T17:24:29.489+0000] {dagbag.py:587} INFO - Filling up the DagBag from /home/airflow/.local/lib/python3.12/site-packages/airflow/example_dags/example_branch_operator.py
[2026-01-05T17:24:29.511+0000] {processor.py:925} INFO - DAG(s) 'example_branch_operator' retrieved from /home/airflow/.local/lib/python3.12/site-packages/airflow/example_dags/example_branch_operator.py
[2026-01-05T17:24:29.542+0000] {logging_mixin.py:190} INFO - [2026-01-05T17:24:29.541+0000] {dag.py:3211} INFO - Sync 1 DAGs
[2026-01-05T17:24:29.582+0000] {logging_mixin.py:190} INFO - [2026-01-05T17:24:29.582+0000] {dag.py:4138} INFO - Setting next_dagrun for example_branch_operator to 2026-01-04 00:00:00+00:00, run_after=2026-01-05 00:00:00+00:00
[2026-01-05T17:24:29.606+0000] {processor.py:208} INFO - Processing /home/airflow/.local/lib/python3.12/site-packages/airflow/example_dags/example_branch_operator.py took 0.132 seconds
[2026-01-05T17:24:59.826+0000] {processor.py:186} INFO - Started process (PID=1070) to work on /home/airflow/.local/lib/python3.12/site-packages/airflow/example_dags/example_branch_operator.py
[2026-01-05T17:24:59.828+0000] {processor.py:914} INFO - Processing file /home/airflow/.local/lib/python3.12/site-packages/airflow/example_dags/example_branch_operator.py for tasks to queue
[2026-01-05T17:24:59.832+0000] {logging_mixin.py:190} INFO - [2026-01-05T17:24:59.832+0000] {dagbag.py:587} INFO - Filling up the DagBag from /home/airflow/.local/lib/python3.12/site-packages/airflow/example_dags/example_branch_operator.py
[2026-01-05T17:24:59.847+0000] {processor.py:925} INFO - DAG(s) 'example_branch_operator' retrieved from /home/airflow/.local/lib/python3.12/site-packages/airflow/example_dags/example_branch_operator.py
[2026-01-05T17:24:59.889+0000] {logging_mixin.py:190} INFO - [2026-01-05T17:24:59.889+0000] {dag.py:3211} INFO - Sync 1 DAGs
[2026-01-05T17:24:59.914+0000] {logging_mixin.py:190} INFO - [2026-01-05T17:24:59.914+0000] {dag.py:4138} INFO - Setting next_dagrun for example_branch_operator to 2026-01-04 00:00:00+00:00, run_after=2026-01-05 00:00:00+00:00
[2026-01-05T17:24:59.941+0000] {processor.py:208} INFO - Processing /home/airflow/.local/lib/python3.12/site-packages/airflow/example_dags/example_branch_operator.py took 0.121 seconds
[2026-01-05T17:25:29.999+0000] {processor.py:186} INFO - Started process (PID=1136) to work on /home/airflow/.local/lib/python3.12/site-packages/airflow/example_dags/example_branch_operator.py
[2026-01-05T17:25:30.002+0000] {processor.py:914} INFO - Processing file /home/airflow/.local/lib/python3.12/site-packages/airflow/example_dags/example_branch_operator.py for tasks to queue
[2026-01-05T17:25:30.005+0000] {logging_mixin.py:190} INFO - [2026-01-05T17:25:30.005+0000] {dagbag.py:587} INFO - Filling up the DagBag from /home/airflow/.local/lib/python3.12/site-packages/airflow/example_dags/example_branch_operator.py
[2026-01-05T17:25:30.025+0000] {processor.py:925} INFO - DAG(s) 'example_branch_operator' retrieved from /home/airflow/.local/lib/python3.12/site-packages/airflow/example_dags/example_branch_operator.py
[2026-01-05T17:25:30.056+0000] {logging_mixin.py:190} INFO - [2026-01-05T17:25:30.056+0000] {dag.py:3211} INFO - Sync 1 DAGs
[2026-01-05T17:25:30.094+0000] {logging_mixin.py:190} INFO - [2026-01-05T17:25:30.094+0000] {dag.py:4138} INFO - Setting next_dagrun for example_branch_operator to 2026-01-04 00:00:00+00:00, run_after=2026-01-05 00:00:00+00:00
[2026-01-05T17:25:30.129+0000] {processor.py:208} INFO - Processing /home/airflow/.local/lib/python3.12/site-packages/airflow/example_dags/example_branch_operator.py took 0.135 seconds
[2026-01-05T17:26:00.277+0000] {processor.py:186} INFO - Started process (PID=1202) to work on /home/airflow/.local/lib/python3.12/site-packages/airflow/example_dags/example_branch_operator.py
[2026-01-05T17:26:00.278+0000] {processor.py:914} INFO - Processing file /home/airflow/.local/lib/python3.12/site-packages/airflow/example_dags/example_branch_operator.py for tasks to queue
[2026-01-05T17:26:00.282+0000] {logging_mixin.py:190} INFO - [2026-01-05T17:26:00.282+0000] {dagbag.py:587} INFO - Filling up the DagBag from /home/airflow/.local/lib/python3.12/site-packages/airflow/example_dags/example_branch_operator.py
[2026-01-05T17:26:00.300+0000] {processor.py:925} INFO - DAG(s) 'example_branch_operator' retrieved from /home/airflow/.local/lib/python3.12/site-packages/airflow/example_dags/example_branch_operator.py
[2026-01-05T17:26:00.336+0000] {logging_mixin.py:190} INFO - [2026-01-05T17:26:00.336+0000] {dag.py:3211} INFO - Sync 1 DAGs
[2026-01-05T17:26:00.366+0000] {logging_mixin.py:190} INFO - [2026-01-05T17:26:00.366+0000] {dag.py:4138} INFO - Setting next_dagrun for example_branch_operator to 2026-01-04 00:00:00+00:00, run_after=2026-01-05 00:00:00+00:00
[2026-01-05T17:26:00.392+0000] {processor.py:208} INFO - Processing /home/airflow/.local/lib/python3.12/site-packages/airflow/example_dags/example_branch_operator.py took 0.124 seconds
[2026-01-05T17:26:30.675+0000] {processor.py:186} INFO - Started process (PID=1268) to work on /home/airflow/.local/lib/python3.12/site-packages/airflow/example_dags/example_branch_operator.py
[2026-01-05T17:26:30.676+0000] {processor.py:914} INFO - Processing file /home/airflow/.local/lib/python3.12/site-packages/airflow/example_dags/example_branch_operator.py for tasks to queue
[2026-01-05T17:26:30.679+0000] {logging_mixin.py:190} INFO - [2026-01-05T17:26:30.678+0000] {dagbag.py:587} INFO - Filling up the DagBag from /home/airflow/.local/lib/python3.12/site-packages/airflow/example_dags/example_branch_operator.py
[2026-01-05T17:26:30.698+0000] {processor.py:925} INFO - DAG(s) 'example_branch_operator' retrieved from /home/airflow/.local/lib/python3.12/site-packages/airflow/example_dags/example_branch_operator.py
[2026-01-05T17:26:30.728+0000] {logging_mixin.py:190} INFO - [2026-01-05T17:26:30.728+0000] {dag.py:3211} INFO - Sync 1 DAGs
[2026-01-05T17:26:30.754+0000] {logging_mixin.py:190} INFO - [2026-01-05T17:26:30.753+0000] {dag.py:4138} INFO - Setting next_dagrun for example_branch_operator to 2026-01-04 00:00:00+00:00, run_after=2026-01-05 00:00:00+00:00
[2026-01-05T17:26:30.776+0000] {processor.py:208} INFO - Processing /home/airflow/.local/lib/python3.12/site-packages/airflow/example_dags/example_branch_operator.py took 0.108 seconds
[2026-01-05T17:27:00.924+0000] {processor.py:186} INFO - Started process (PID=1334) to work on /home/airflow/.local/lib/python3.12/site-packages/airflow/example_dags/example_branch_operator.py
[2026-01-05T17:27:00.927+0000] {processor.py:914} INFO - Processing file /home/airflow/.local/lib/python3.12/site-packages/airflow/example_dags/example_branch_operator.py for tasks to queue
[2026-01-05T17:27:00.931+0000] {logging_mixin.py:190} INFO - [2026-01-05T17:27:00.930+0000] {dagbag.py:587} INFO - Filling up the DagBag from /home/airflow/.local/lib/python3.12/site-packages/airflow/example_dags/example_branch_operator.py
[2026-01-05T17:27:00.951+0000] {processor.py:925} INFO - DAG(s) 'example_branch_operator' retrieved from /home/airflow/.local/lib/python3.12/site-packages/airflow/example_dags/example_branch_operator.py
[2026-01-05T17:27:00.982+0000] {logging_mixin.py:190} INFO - [2026-01-05T17:27:00.982+0000] {dag.py:3211} INFO - Sync 1 DAGs
[2026-01-05T17:27:01.016+0000] {logging_mixin.py:190} INFO - [2026-01-05T17:27:01.015+0000] {dag.py:4138} INFO - Setting next_dagrun for example_branch_operator to 2026-01-04 00:00:00+00:00, run_after=2026-01-05 00:00:00+00:00
[2026-01-05T17:27:01.039+0000] {processor.py:208} INFO - Processing /home/airflow/.local/lib/python3.12/site-packages/airflow/example_dags/example_branch_operator.py took 0.122 seconds
[2026-01-05T17:27:31.156+0000] {processor.py:186} INFO - Started process (PID=1400) to work on /home/airflow/.local/lib/python3.12/site-packages/airflow/example_dags/example_branch_operator.py
[2026-01-05T17:27:31.159+0000] {processor.py:914} INFO - Processing file /home/airflow/.local/lib/python3.12/site-packages/airflow/example_dags/example_branch_operator.py for tasks to queue
[2026-01-05T17:27:31.164+0000] {logging_mixin.py:190} INFO - [2026-01-05T17:27:31.164+0000] {dagbag.py:587} INFO - Filling up the DagBag from /home/airflow/.local/lib/python3.12/site-packages/airflow/example_dags/example_branch_operator.py
[2026-01-05T17:27:31.189+0000] {processor.py:925} INFO - DAG(s) 'example_branch_operator' retrieved from /home/airflow/.local/lib/python3.12/site-packages/airflow/example_dags/example_branch_operator.py
[2026-01-05T17:27:31.234+0000] {logging_mixin.py:190} INFO - [2026-01-05T17:27:31.234+0000] {dag.py:3211} INFO - Sync 1 DAGs
[2026-01-05T17:27:31.263+0000] {logging_mixin.py:190} INFO - [2026-01-05T17:27:31.263+0000] {dag.py:4138} INFO - Setting next_dagrun for example_branch_operator to 2026-01-04 00:00:00+00:00, run_after=2026-01-05 00:00:00+00:00
[2026-01-05T17:27:31.286+0000] {processor.py:208} INFO - Processing /home/airflow/.local/lib/python3.12/site-packages/airflow/example_dags/example_branch_operator.py took 0.145 seconds
[2026-01-05T17:28:02.038+0000] {processor.py:186} INFO - Started process (PID=1466) to work on /home/airflow/.local/lib/python3.12/site-packages/airflow/example_dags/example_branch_operator.py
[2026-01-05T17:28:02.040+0000] {processor.py:914} INFO - Processing file /home/airflow/.local/lib/python3.12/site-packages/airflow/example_dags/example_branch_operator.py for tasks to queue
[2026-01-05T17:28:02.044+0000] {logging_mixin.py:190} INFO - [2026-01-05T17:28:02.043+0000] {dagbag.py:587} INFO - Filling up the DagBag from /home/airflow/.local/lib/python3.12/site-packages/airflow/example_dags/example_branch_operator.py
[2026-01-05T17:28:02.057+0000] {processor.py:925} INFO - DAG(s) 'example_branch_operator' retrieved from /home/airflow/.local/lib/python3.12/site-packages/airflow/example_dags/example_branch_operator.py
[2026-01-05T17:28:02.087+0000] {logging_mixin.py:190} INFO - [2026-01-05T17:28:02.087+0000] {dag.py:3211} INFO - Sync 1 DAGs
[2026-01-05T17:28:02.109+0000] {logging_mixin.py:190} INFO - [2026-01-05T17:28:02.109+0000] {dag.py:4138} INFO - Setting next_dagrun for example_branch_operator to 2026-01-04 00:00:00+00:00, run_after=2026-01-05 00:00:00+00:00
[2026-01-05T17:28:02.133+0000] {processor.py:208} INFO - Processing /home/airflow/.local/lib/python3.12/site-packages/airflow/example_dags/example_branch_operator.py took 0.101 seconds
[2026-01-05T17:28:32.401+0000] {processor.py:186} INFO - Started process (PID=1532) to work on /home/airflow/.local/lib/python3.12/site-packages/airflow/example_dags/example_branch_operator.py
[2026-01-05T17:28:32.403+0000] {processor.py:914} INFO - Processing file /home/airflow/.local/lib/python3.12/site-packages/airflow/example_dags/example_branch_operator.py for tasks to queue
[2026-01-05T17:28:32.406+0000] {logging_mixin.py:190} INFO - [2026-01-05T17:28:32.406+0000] {dagbag.py:587} INFO - Filling up the DagBag from /home/airflow/.local/lib/python3.12/site-packages/airflow/example_dags/example_branch_operator.py
[2026-01-05T17:28:32.429+0000] {processor.py:925} INFO - DAG(s) 'example_branch_operator' retrieved from /home/airflow/.local/lib/python3.12/site-packages/airflow/example_dags/example_branch_operator.py
[2026-01-05T17:28:32.468+0000] {logging_mixin.py:190} INFO - [2026-01-05T17:28:32.468+0000] {dag.py:3211} INFO - Sync 1 DAGs
[2026-01-05T17:28:32.499+0000] {logging_mixin.py:190} INFO - [2026-01-05T17:28:32.498+0000] {dag.py:4138} INFO - Setting next_dagrun for example_branch_operator to 2026-01-04 00:00:00+00:00, run_after=2026-01-05 00:00:00+00:00
[2026-01-05T17:28:32.527+0000] {processor.py:208} INFO - Processing /home/airflow/.local/lib/python3.12/site-packages/airflow/example_dags/example_branch_operator.py took 0.134 seconds
[2026-01-05T17:29:03.075+0000] {processor.py:186} INFO - Started process (PID=1598) to work on /home/airflow/.local/lib/python3.12/site-packages/airflow/example_dags/example_branch_operator.py
[2026-01-05T17:29:03.077+0000] {processor.py:914} INFO - Processing file /home/airflow/.local/lib/python3.12/site-packages/airflow/example_dags/example_branch_operator.py for tasks to queue
[2026-01-05T17:29:03.080+0000] {logging_mixin.py:190} INFO - [2026-01-05T17:29:03.079+0000] {dagbag.py:587} INFO - Filling up the DagBag from /home/airflow/.local/lib/python3.12/site-packages/airflow/example_dags/example_branch_operator.py
[2026-01-05T17:29:03.098+0000] {processor.py:925} INFO - DAG(s) 'example_branch_operator' retrieved from /home/airflow/.local/lib/python3.12/site-packages/airflow/example_dags/example_branch_operator.py
[2026-01-05T17:29:03.130+0000] {logging_mixin.py:190} INFO - [2026-01-05T17:29:03.130+0000] {dag.py:3211} INFO - Sync 1 DAGs
[2026-01-05T17:29:03.156+0000] {logging_mixin.py:190} INFO - [2026-01-05T17:29:03.156+0000] {dag.py:4138} INFO - Setting next_dagrun for example_branch_operator to 2026-01-04 00:00:00+00:00, run_after=2026-01-05 00:00:00+00:00
[2026-01-05T17:29:03.180+0000] {processor.py:208} INFO - Processing /home/airflow/.local/lib/python3.12/site-packages/airflow/example_dags/example_branch_operator.py took 0.111 seconds
[2026-01-05T17:29:33.959+0000] {processor.py:186} INFO - Started process (PID=1664) to work on /home/airflow/.local/lib/python3.12/site-packages/airflow/example_dags/example_branch_operator.py
[2026-01-05T17:29:33.961+0000] {processor.py:914} INFO - Processing file /home/airflow/.local/lib/python3.12/site-packages/airflow/example_dags/example_branch_operator.py for tasks to queue
[2026-01-05T17:29:33.964+0000] {logging_mixin.py:190} INFO - [2026-01-05T17:29:33.964+0000] {dagbag.py:587} INFO - Filling up the DagBag from /home/airflow/.local/lib/python3.12/site-packages/airflow/example_dags/example_branch_operator.py
[2026-01-05T17:29:33.980+0000] {processor.py:925} INFO - DAG(s) 'example_branch_operator' retrieved from /home/airflow/.local/lib/python3.12/site-packages/airflow/example_dags/example_branch_operator.py
[2026-01-05T17:29:34.018+0000] {logging_mixin.py:190} INFO - [2026-01-05T17:29:34.018+0000] {dag.py:3211} INFO - Sync 1 DAGs
[2026-01-05T17:29:34.045+0000] {logging_mixin.py:190} INFO - [2026-01-05T17:29:34.045+0000] {dag.py:4138} INFO - Setting next_dagrun for example_branch_operator to 2026-01-04 00:00:00+00:00, run_after=2026-01-05 00:00:00+00:00
[2026-01-05T17:29:34.072+0000] {processor.py:208} INFO - Processing /home/airflow/.local/lib/python3.12/site-packages/airflow/example_dags/example_branch_operator.py took 0.120 seconds
[2026-01-05T17:30:04.199+0000] {processor.py:186} INFO - Started process (PID=1730) to work on /home/airflow/.local/lib/python3.12/site-packages/airflow/example_dags/example_branch_operator.py
[2026-01-05T17:30:04.202+0000] {processor.py:914} INFO - Processing file /home/airflow/.local/lib/python3.12/site-packages/airflow/example_dags/example_branch_operator.py for tasks to queue
[2026-01-05T17:30:04.207+0000] {logging_mixin.py:190} INFO - [2026-01-05T17:30:04.207+0000] {dagbag.py:587} INFO - Filling up the DagBag from /home/airflow/.local/lib/python3.12/site-packages/airflow/example_dags/example_branch_operator.py
[2026-01-05T17:30:04.225+0000] {processor.py:925} INFO - DAG(s) 'example_branch_operator' retrieved from /home/airflow/.local/lib/python3.12/site-packages/airflow/example_dags/example_branch_operator.py
[2026-01-05T17:30:04.256+0000] {logging_mixin.py:190} INFO - [2026-01-05T17:30:04.256+0000] {dag.py:3211} INFO - Sync 1 DAGs
[2026-01-05T17:30:04.284+0000] {logging_mixin.py:190} INFO - [2026-01-05T17:30:04.284+0000] {dag.py:4138} INFO - Setting next_dagrun for example_branch_operator to 2026-01-04 00:00:00+00:00, run_after=2026-01-05 00:00:00+00:00
[2026-01-05T17:30:04.303+0000] {processor.py:208} INFO - Processing /home/airflow/.local/lib/python3.12/site-packages/airflow/example_dags/example_branch_operator.py took 0.118 seconds
[2026-01-05T17:30:34.885+0000] {processor.py:186} INFO - Started process (PID=1797) to work on /home/airflow/.local/lib/python3.12/site-packages/airflow/example_dags/example_branch_operator.py
[2026-01-05T17:30:34.887+0000] {processor.py:914} INFO - Processing file /home/airflow/.local/lib/python3.12/site-packages/airflow/example_dags/example_branch_operator.py for tasks to queue
[2026-01-05T17:30:34.891+0000] {logging_mixin.py:190} INFO - [2026-01-05T17:30:34.891+0000] {dagbag.py:587} INFO - Filling up the DagBag from /home/airflow/.local/lib/python3.12/site-packages/airflow/example_dags/example_branch_operator.py
[2026-01-05T17:30:34.908+0000] {processor.py:925} INFO - DAG(s) 'example_branch_operator' retrieved from /home/airflow/.local/lib/python3.12/site-packages/airflow/example_dags/example_branch_operator.py
[2026-01-05T17:30:34.936+0000] {logging_mixin.py:190} INFO - [2026-01-05T17:30:34.936+0000] {dag.py:3211} INFO - Sync 1 DAGs
[2026-01-05T17:30:34.958+0000] {logging_mixin.py:190} INFO - [2026-01-05T17:30:34.958+0000] {dag.py:4138} INFO - Setting next_dagrun for example_branch_operator to 2026-01-04 00:00:00+00:00, run_after=2026-01-05 00:00:00+00:00
[2026-01-05T17:30:34.980+0000] {processor.py:208} INFO - Processing /home/airflow/.local/lib/python3.12/site-packages/airflow/example_dags/example_branch_operator.py took 0.102 seconds
[2026-01-05T17:31:05.530+0000] {processor.py:186} INFO - Started process (PID=1863) to work on /home/airflow/.local/lib/python3.12/site-packages/airflow/example_dags/example_branch_operator.py
[2026-01-05T17:31:05.531+0000] {processor.py:914} INFO - Processing file /home/airflow/.local/lib/python3.12/site-packages/airflow/example_dags/example_branch_operator.py for tasks to queue
[2026-01-05T17:31:05.535+0000] {logging_mixin.py:190} INFO - [2026-01-05T17:31:05.534+0000] {dagbag.py:587} INFO - Filling up the DagBag from /home/airflow/.local/lib/python3.12/site-packages/airflow/example_dags/example_branch_operator.py
[2026-01-05T17:31:05.555+0000] {processor.py:925} INFO - DAG(s) 'example_branch_operator' retrieved from /home/airflow/.local/lib/python3.12/site-packages/airflow/example_dags/example_branch_operator.py
[2026-01-05T17:31:05.586+0000] {logging_mixin.py:190} INFO - [2026-01-05T17:31:05.586+0000] {dag.py:3211} INFO - Sync 1 DAGs
[2026-01-05T17:31:05.609+0000] {logging_mixin.py:190} INFO - [2026-01-05T17:31:05.608+0000] {dag.py:4138} INFO - Setting next_dagrun for example_branch_operator to 2026-01-04 00:00:00+00:00, run_after=2026-01-05 00:00:00+00:00
[2026-01-05T17:31:05.631+0000] {processor.py:208} INFO - Processing /home/airflow/.local/lib/python3.12/site-packages/airflow/example_dags/example_branch_operator.py took 0.109 seconds
[2026-01-05T17:31:35.734+0000] {processor.py:186} INFO - Started process (PID=1929) to work on /home/airflow/.local/lib/python3.12/site-packages/airflow/example_dags/example_branch_operator.py
[2026-01-05T17:31:35.736+0000] {processor.py:914} INFO - Processing file /home/airflow/.local/lib/python3.12/site-packages/airflow/example_dags/example_branch_operator.py for tasks to queue
[2026-01-05T17:31:35.739+0000] {logging_mixin.py:190} INFO - [2026-01-05T17:31:35.739+0000] {dagbag.py:587} INFO - Filling up the DagBag from /home/airflow/.local/lib/python3.12/site-packages/airflow/example_dags/example_branch_operator.py
[2026-01-05T17:31:35.757+0000] {processor.py:925} INFO - DAG(s) 'example_branch_operator' retrieved from /home/airflow/.local/lib/python3.12/site-packages/airflow/example_dags/example_branch_operator.py
[2026-01-05T17:31:35.795+0000] {logging_mixin.py:190} INFO - [2026-01-05T17:31:35.794+0000] {dag.py:3211} INFO - Sync 1 DAGs
[2026-01-05T17:31:35.827+0000] {logging_mixin.py:190} INFO - [2026-01-05T17:31:35.827+0000] {dag.py:4138} INFO - Setting next_dagrun for example_branch_operator to 2026-01-04 00:00:00+00:00, run_after=2026-01-05 00:00:00+00:00
[2026-01-05T17:31:35.850+0000] {processor.py:208} INFO - Processing /home/airflow/.local/lib/python3.12/site-packages/airflow/example_dags/example_branch_operator.py took 0.127 seconds
[2026-01-05T17:32:06.414+0000] {processor.py:186} INFO - Started process (PID=1995) to work on /home/airflow/.local/lib/python3.12/site-packages/airflow/example_dags/example_branch_operator.py
[2026-01-05T17:32:06.416+0000] {processor.py:914} INFO - Processing file /home/airflow/.local/lib/python3.12/site-packages/airflow/example_dags/example_branch_operator.py for tasks to queue
[2026-01-05T17:32:06.421+0000] {logging_mixin.py:190} INFO - [2026-01-05T17:32:06.420+0000] {dagbag.py:587} INFO - Filling up the DagBag from /home/airflow/.local/lib/python3.12/site-packages/airflow/example_dags/example_branch_operator.py
[2026-01-05T17:32:06.440+0000] {processor.py:925} INFO - DAG(s) 'example_branch_operator' retrieved from /home/airflow/.local/lib/python3.12/site-packages/airflow/example_dags/example_branch_operator.py
[2026-01-05T17:32:06.484+0000] {logging_mixin.py:190} INFO - [2026-01-05T17:32:06.484+0000] {dag.py:3211} INFO - Sync 1 DAGs
[2026-01-05T17:32:06.509+0000] {logging_mixin.py:190} INFO - [2026-01-05T17:32:06.509+0000] {dag.py:4138} INFO - Setting next_dagrun for example_branch_operator to 2026-01-04 00:00:00+00:00, run_after=2026-01-05 00:00:00+00:00
[2026-01-05T17:32:06.530+0000] {processor.py:208} INFO - Processing /home/airflow/.local/lib/python3.12/site-packages/airflow/example_dags/example_branch_operator.py took 0.123 seconds
[2026-01-05T17:32:36.847+0000] {processor.py:186} INFO - Started process (PID=2061) to work on /home/airflow/.local/lib/python3.12/site-packages/airflow/example_dags/example_branch_operator.py
[2026-01-05T17:32:36.848+0000] {processor.py:914} INFO - Processing file /home/airflow/.local/lib/python3.12/site-packages/airflow/example_dags/example_branch_operator.py for tasks to queue
[2026-01-05T17:32:36.852+0000] {logging_mixin.py:190} INFO - [2026-01-05T17:32:36.851+0000] {dagbag.py:587} INFO - Filling up the DagBag from /home/airflow/.local/lib/python3.12/site-packages/airflow/example_dags/example_branch_operator.py
[2026-01-05T17:32:36.868+0000] {processor.py:925} INFO - DAG(s) 'example_branch_operator' retrieved from /home/airflow/.local/lib/python3.12/site-packages/airflow/example_dags/example_branch_operator.py
[2026-01-05T17:32:36.902+0000] {logging_mixin.py:190} INFO - [2026-01-05T17:32:36.902+0000] {dag.py:3211} INFO - Sync 1 DAGs
[2026-01-05T17:32:36.924+0000] {logging_mixin.py:190} INFO - [2026-01-05T17:32:36.923+0000] {dag.py:4138} INFO - Setting next_dagrun for example_branch_operator to 2026-01-04 00:00:00+00:00, run_after=2026-01-05 00:00:00+00:00
[2026-01-05T17:32:36.944+0000] {processor.py:208} INFO - Processing /home/airflow/.local/lib/python3.12/site-packages/airflow/example_dags/example_branch_operator.py took 0.104 seconds
[2026-01-05T17:33:07.414+0000] {processor.py:186} INFO - Started process (PID=2127) to work on /home/airflow/.local/lib/python3.12/site-packages/airflow/example_dags/example_branch_operator.py
[2026-01-05T17:33:07.416+0000] {processor.py:914} INFO - Processing file /home/airflow/.local/lib/python3.12/site-packages/airflow/example_dags/example_branch_operator.py for tasks to queue
[2026-01-05T17:33:07.420+0000] {logging_mixin.py:190} INFO - [2026-01-05T17:33:07.419+0000] {dagbag.py:587} INFO - Filling up the DagBag from /home/airflow/.local/lib/python3.12/site-packages/airflow/example_dags/example_branch_operator.py
[2026-01-05T17:33:07.445+0000] {processor.py:925} INFO - DAG(s) 'example_branch_operator' retrieved from /home/airflow/.local/lib/python3.12/site-packages/airflow/example_dags/example_branch_operator.py
[2026-01-05T17:33:07.481+0000] {logging_mixin.py:190} INFO - [2026-01-05T17:33:07.480+0000] {dag.py:3211} INFO - Sync 1 DAGs
[2026-01-05T17:33:07.675+0000] {logging_mixin.py:190} INFO - [2026-01-05T17:33:07.674+0000] {dag.py:4138} INFO - Setting next_dagrun for example_branch_operator to 2026-01-04 00:00:00+00:00, run_after=2026-01-05 00:00:00+00:00
[2026-01-05T17:33:07.699+0000] {processor.py:208} INFO - Processing /home/airflow/.local/lib/python3.12/site-packages/airflow/example_dags/example_branch_operator.py took 0.299 seconds
[2026-01-05T17:33:37.918+0000] {processor.py:186} INFO - Started process (PID=2193) to work on /home/airflow/.local/lib/python3.12/site-packages/airflow/example_dags/example_branch_operator.py
[2026-01-05T17:33:37.919+0000] {processor.py:914} INFO - Processing file /home/airflow/.local/lib/python3.12/site-packages/airflow/example_dags/example_branch_operator.py for tasks to queue
[2026-01-05T17:33:37.922+0000] {logging_mixin.py:190} INFO - [2026-01-05T17:33:37.921+0000] {dagbag.py:587} INFO - Filling up the DagBag from /home/airflow/.local/lib/python3.12/site-packages/airflow/example_dags/example_branch_operator.py
[2026-01-05T17:33:37.942+0000] {processor.py:925} INFO - DAG(s) 'example_branch_operator' retrieved from /home/airflow/.local/lib/python3.12/site-packages/airflow/example_dags/example_branch_operator.py
[2026-01-05T17:33:37.983+0000] {logging_mixin.py:190} INFO - [2026-01-05T17:33:37.983+0000] {dag.py:3211} INFO - Sync 1 DAGs
[2026-01-05T17:33:38.178+0000] {logging_mixin.py:190} INFO - [2026-01-05T17:33:38.178+0000] {dag.py:4138} INFO - Setting next_dagrun for example_branch_operator to 2026-01-04 00:00:00+00:00, run_after=2026-01-05 00:00:00+00:00
[2026-01-05T17:33:38.197+0000] {processor.py:208} INFO - Processing /home/airflow/.local/lib/python3.12/site-packages/airflow/example_dags/example_branch_operator.py took 0.287 seconds
[2026-01-05T17:34:08.343+0000] {processor.py:186} INFO - Started process (PID=2259) to work on /home/airflow/.local/lib/python3.12/site-packages/airflow/example_dags/example_branch_operator.py
[2026-01-05T17:34:08.344+0000] {processor.py:914} INFO - Processing file /home/airflow/.local/lib/python3.12/site-packages/airflow/example_dags/example_branch_operator.py for tasks to queue
[2026-01-05T17:34:08.348+0000] {logging_mixin.py:190} INFO - [2026-01-05T17:34:08.347+0000] {dagbag.py:587} INFO - Filling up the DagBag from /home/airflow/.local/lib/python3.12/site-packages/airflow/example_dags/example_branch_operator.py
[2026-01-05T17:34:08.366+0000] {processor.py:925} INFO - DAG(s) 'example_branch_operator' retrieved from /home/airflow/.local/lib/python3.12/site-packages/airflow/example_dags/example_branch_operator.py
[2026-01-05T17:34:08.395+0000] {logging_mixin.py:190} INFO - [2026-01-05T17:34:08.395+0000] {dag.py:3211} INFO - Sync 1 DAGs
[2026-01-05T17:34:08.418+0000] {logging_mixin.py:190} INFO - [2026-01-05T17:34:08.417+0000] {dag.py:4138} INFO - Setting next_dagrun for example_branch_operator to 2026-01-04 00:00:00+00:00, run_after=2026-01-05 00:00:00+00:00
[2026-01-05T17:34:08.444+0000] {processor.py:208} INFO - Processing /home/airflow/.local/lib/python3.12/site-packages/airflow/example_dags/example_branch_operator.py took 0.110 seconds
[2026-01-05T17:34:38.992+0000] {processor.py:186} INFO - Started process (PID=2325) to work on /home/airflow/.local/lib/python3.12/site-packages/airflow/example_dags/example_branch_operator.py
[2026-01-05T17:34:38.994+0000] {processor.py:914} INFO - Processing file /home/airflow/.local/lib/python3.12/site-packages/airflow/example_dags/example_branch_operator.py for tasks to queue
[2026-01-05T17:34:38.998+0000] {logging_mixin.py:190} INFO - [2026-01-05T17:34:38.998+0000] {dagbag.py:587} INFO - Filling up the DagBag from /home/airflow/.local/lib/python3.12/site-packages/airflow/example_dags/example_branch_operator.py
[2026-01-05T17:34:39.028+0000] {processor.py:925} INFO - DAG(s) 'example_branch_operator' retrieved from /home/airflow/.local/lib/python3.12/site-packages/airflow/example_dags/example_branch_operator.py
[2026-01-05T17:34:39.066+0000] {logging_mixin.py:190} INFO - [2026-01-05T17:34:39.065+0000] {dag.py:3211} INFO - Sync 1 DAGs
[2026-01-05T17:34:39.096+0000] {logging_mixin.py:190} INFO - [2026-01-05T17:34:39.095+0000] {dag.py:4138} INFO - Setting next_dagrun for example_branch_operator to 2026-01-04 00:00:00+00:00, run_after=2026-01-05 00:00:00+00:00
[2026-01-05T17:34:39.119+0000] {processor.py:208} INFO - Processing /home/airflow/.local/lib/python3.12/site-packages/airflow/example_dags/example_branch_operator.py took 0.137 seconds
[2026-01-05T17:35:09.329+0000] {processor.py:186} INFO - Started process (PID=2391) to work on /home/airflow/.local/lib/python3.12/site-packages/airflow/example_dags/example_branch_operator.py
[2026-01-05T17:35:09.330+0000] {processor.py:914} INFO - Processing file /home/airflow/.local/lib/python3.12/site-packages/airflow/example_dags/example_branch_operator.py for tasks to queue
[2026-01-05T17:35:09.333+0000] {logging_mixin.py:190} INFO - [2026-01-05T17:35:09.333+0000] {dagbag.py:587} INFO - Filling up the DagBag from /home/airflow/.local/lib/python3.12/site-packages/airflow/example_dags/example_branch_operator.py
[2026-01-05T17:35:09.353+0000] {processor.py:925} INFO - DAG(s) 'example_branch_operator' retrieved from /home/airflow/.local/lib/python3.12/site-packages/airflow/example_dags/example_branch_operator.py
[2026-01-05T17:35:09.383+0000] {logging_mixin.py:190} INFO - [2026-01-05T17:35:09.382+0000] {dag.py:3211} INFO - Sync 1 DAGs
[2026-01-05T17:35:09.404+0000] {logging_mixin.py:190} INFO - [2026-01-05T17:35:09.404+0000] {dag.py:4138} INFO - Setting next_dagrun for example_branch_operator to 2026-01-04 00:00:00+00:00, run_after=2026-01-05 00:00:00+00:00
[2026-01-05T17:35:09.426+0000] {processor.py:208} INFO - Processing /home/airflow/.local/lib/python3.12/site-packages/airflow/example_dags/example_branch_operator.py took 0.103 seconds
[2026-01-05T17:35:39.628+0000] {processor.py:186} INFO - Started process (PID=2458) to work on /home/airflow/.local/lib/python3.12/site-packages/airflow/example_dags/example_branch_operator.py
[2026-01-05T17:35:39.630+0000] {processor.py:914} INFO - Processing file /home/airflow/.local/lib/python3.12/site-packages/airflow/example_dags/example_branch_operator.py for tasks to queue
[2026-01-05T17:35:39.632+0000] {logging_mixin.py:190} INFO - [2026-01-05T17:35:39.632+0000] {dagbag.py:587} INFO - Filling up the DagBag from /home/airflow/.local/lib/python3.12/site-packages/airflow/example_dags/example_branch_operator.py
[2026-01-05T17:35:39.651+0000] {processor.py:925} INFO - DAG(s) 'example_branch_operator' retrieved from /home/airflow/.local/lib/python3.12/site-packages/airflow/example_dags/example_branch_operator.py
[2026-01-05T17:35:39.713+0000] {logging_mixin.py:190} INFO - [2026-01-05T17:35:39.713+0000] {dag.py:3211} INFO - Sync 1 DAGs
[2026-01-05T17:35:39.738+0000] {logging_mixin.py:190} INFO - [2026-01-05T17:35:39.738+0000] {dag.py:4138} INFO - Setting next_dagrun for example_branch_operator to 2026-01-04 00:00:00+00:00, run_after=2026-01-05 00:00:00+00:00
[2026-01-05T17:35:39.756+0000] {processor.py:208} INFO - Processing /home/airflow/.local/lib/python3.12/site-packages/airflow/example_dags/example_branch_operator.py took 0.135 seconds
[2026-01-05T17:36:10.288+0000] {processor.py:186} INFO - Started process (PID=2524) to work on /home/airflow/.local/lib/python3.12/site-packages/airflow/example_dags/example_branch_operator.py
[2026-01-05T17:36:10.291+0000] {processor.py:914} INFO - Processing file /home/airflow/.local/lib/python3.12/site-packages/airflow/example_dags/example_branch_operator.py for tasks to queue
[2026-01-05T17:36:10.294+0000] {logging_mixin.py:190} INFO - [2026-01-05T17:36:10.294+0000] {dagbag.py:587} INFO - Filling up the DagBag from /home/airflow/.local/lib/python3.12/site-packages/airflow/example_dags/example_branch_operator.py
[2026-01-05T17:36:10.321+0000] {processor.py:925} INFO - DAG(s) 'example_branch_operator' retrieved from /home/airflow/.local/lib/python3.12/site-packages/airflow/example_dags/example_branch_operator.py
[2026-01-05T17:36:10.356+0000] {logging_mixin.py:190} INFO - [2026-01-05T17:36:10.356+0000] {dag.py:3211} INFO - Sync 1 DAGs
[2026-01-05T17:36:10.388+0000] {logging_mixin.py:190} INFO - [2026-01-05T17:36:10.388+0000] {dag.py:4138} INFO - Setting next_dagrun for example_branch_operator to 2026-01-04 00:00:00+00:00, run_after=2026-01-05 00:00:00+00:00
[2026-01-05T17:36:10.421+0000] {processor.py:208} INFO - Processing /home/airflow/.local/lib/python3.12/site-packages/airflow/example_dags/example_branch_operator.py took 0.147 seconds
[2026-01-05T17:36:40.872+0000] {processor.py:186} INFO - Started process (PID=2590) to work on /home/airflow/.local/lib/python3.12/site-packages/airflow/example_dags/example_branch_operator.py
[2026-01-05T17:36:40.874+0000] {processor.py:914} INFO - Processing file /home/airflow/.local/lib/python3.12/site-packages/airflow/example_dags/example_branch_operator.py for tasks to queue
[2026-01-05T17:36:40.878+0000] {logging_mixin.py:190} INFO - [2026-01-05T17:36:40.877+0000] {dagbag.py:587} INFO - Filling up the DagBag from /home/airflow/.local/lib/python3.12/site-packages/airflow/example_dags/example_branch_operator.py
[2026-01-05T17:36:40.906+0000] {processor.py:925} INFO - DAG(s) 'example_branch_operator' retrieved from /home/airflow/.local/lib/python3.12/site-packages/airflow/example_dags/example_branch_operator.py
[2026-01-05T17:36:40.944+0000] {logging_mixin.py:190} INFO - [2026-01-05T17:36:40.944+0000] {dag.py:3211} INFO - Sync 1 DAGs
[2026-01-05T17:36:40.969+0000] {logging_mixin.py:190} INFO - [2026-01-05T17:36:40.969+0000] {dag.py:4138} INFO - Setting next_dagrun for example_branch_operator to 2026-01-04 00:00:00+00:00, run_after=2026-01-05 00:00:00+00:00
[2026-01-05T17:36:40.995+0000] {processor.py:208} INFO - Processing /home/airflow/.local/lib/python3.12/site-packages/airflow/example_dags/example_branch_operator.py took 0.137 seconds
[2026-01-05T17:37:11.393+0000] {processor.py:186} INFO - Started process (PID=2656) to work on /home/airflow/.local/lib/python3.12/site-packages/airflow/example_dags/example_branch_operator.py
[2026-01-05T17:37:11.395+0000] {processor.py:914} INFO - Processing file /home/airflow/.local/lib/python3.12/site-packages/airflow/example_dags/example_branch_operator.py for tasks to queue
[2026-01-05T17:37:11.398+0000] {logging_mixin.py:190} INFO - [2026-01-05T17:37:11.398+0000] {dagbag.py:587} INFO - Filling up the DagBag from /home/airflow/.local/lib/python3.12/site-packages/airflow/example_dags/example_branch_operator.py
[2026-01-05T17:37:11.418+0000] {processor.py:925} INFO - DAG(s) 'example_branch_operator' retrieved from /home/airflow/.local/lib/python3.12/site-packages/airflow/example_dags/example_branch_operator.py
[2026-01-05T17:37:11.457+0000] {logging_mixin.py:190} INFO - [2026-01-05T17:37:11.457+0000] {dag.py:3211} INFO - Sync 1 DAGs
[2026-01-05T17:37:11.483+0000] {logging_mixin.py:190} INFO - [2026-01-05T17:37:11.483+0000] {dag.py:4138} INFO - Setting next_dagrun for example_branch_operator to 2026-01-04 00:00:00+00:00, run_after=2026-01-05 00:00:00+00:00
[2026-01-05T17:37:11.506+0000] {processor.py:208} INFO - Processing /home/airflow/.local/lib/python3.12/site-packages/airflow/example_dags/example_branch_operator.py took 0.123 seconds
[2026-01-05T17:37:42.028+0000] {processor.py:186} INFO - Started process (PID=2722) to work on /home/airflow/.local/lib/python3.12/site-packages/airflow/example_dags/example_branch_operator.py
[2026-01-05T17:37:42.030+0000] {processor.py:914} INFO - Processing file /home/airflow/.local/lib/python3.12/site-packages/airflow/example_dags/example_branch_operator.py for tasks to queue
[2026-01-05T17:37:42.035+0000] {logging_mixin.py:190} INFO - [2026-01-05T17:37:42.034+0000] {dagbag.py:587} INFO - Filling up the DagBag from /home/airflow/.local/lib/python3.12/site-packages/airflow/example_dags/example_branch_operator.py
[2026-01-05T17:37:42.054+0000] {processor.py:925} INFO - DAG(s) 'example_branch_operator' retrieved from /home/airflow/.local/lib/python3.12/site-packages/airflow/example_dags/example_branch_operator.py
[2026-01-05T17:37:42.083+0000] {logging_mixin.py:190} INFO - [2026-01-05T17:37:42.083+0000] {dag.py:3211} INFO - Sync 1 DAGs
[2026-01-05T17:37:42.117+0000] {logging_mixin.py:190} INFO - [2026-01-05T17:37:42.117+0000] {dag.py:4138} INFO - Setting next_dagrun for example_branch_operator to 2026-01-04 00:00:00+00:00, run_after=2026-01-05 00:00:00+00:00
[2026-01-05T17:37:42.138+0000] {processor.py:208} INFO - Processing /home/airflow/.local/lib/python3.12/site-packages/airflow/example_dags/example_branch_operator.py took 0.117 seconds
[2026-01-05T17:38:12.287+0000] {processor.py:186} INFO - Started process (PID=2788) to work on /home/airflow/.local/lib/python3.12/site-packages/airflow/example_dags/example_branch_operator.py
[2026-01-05T17:38:12.289+0000] {processor.py:914} INFO - Processing file /home/airflow/.local/lib/python3.12/site-packages/airflow/example_dags/example_branch_operator.py for tasks to queue
[2026-01-05T17:38:12.292+0000] {logging_mixin.py:190} INFO - [2026-01-05T17:38:12.292+0000] {dagbag.py:587} INFO - Filling up the DagBag from /home/airflow/.local/lib/python3.12/site-packages/airflow/example_dags/example_branch_operator.py
[2026-01-05T17:38:12.313+0000] {processor.py:925} INFO - DAG(s) 'example_branch_operator' retrieved from /home/airflow/.local/lib/python3.12/site-packages/airflow/example_dags/example_branch_operator.py
[2026-01-05T17:38:12.359+0000] {logging_mixin.py:190} INFO - [2026-01-05T17:38:12.358+0000] {dag.py:3211} INFO - Sync 1 DAGs
[2026-01-05T17:38:12.395+0000] {logging_mixin.py:190} INFO - [2026-01-05T17:38:12.395+0000] {dag.py:4138} INFO - Setting next_dagrun for example_branch_operator to 2026-01-04 00:00:00+00:00, run_after=2026-01-05 00:00:00+00:00
[2026-01-05T17:38:12.424+0000] {processor.py:208} INFO - Processing /home/airflow/.local/lib/python3.12/site-packages/airflow/example_dags/example_branch_operator.py took 0.145 seconds
[2026-01-05T17:38:42.920+0000] {processor.py:186} INFO - Started process (PID=2854) to work on /home/airflow/.local/lib/python3.12/site-packages/airflow/example_dags/example_branch_operator.py
[2026-01-05T17:38:42.921+0000] {processor.py:914} INFO - Processing file /home/airflow/.local/lib/python3.12/site-packages/airflow/example_dags/example_branch_operator.py for tasks to queue
[2026-01-05T17:38:42.925+0000] {logging_mixin.py:190} INFO - [2026-01-05T17:38:42.924+0000] {dagbag.py:587} INFO - Filling up the DagBag from /home/airflow/.local/lib/python3.12/site-packages/airflow/example_dags/example_branch_operator.py
[2026-01-05T17:38:42.941+0000] {processor.py:925} INFO - DAG(s) 'example_branch_operator' retrieved from /home/airflow/.local/lib/python3.12/site-packages/airflow/example_dags/example_branch_operator.py
[2026-01-05T17:38:42.966+0000] {logging_mixin.py:190} INFO - [2026-01-05T17:38:42.965+0000] {dag.py:3211} INFO - Sync 1 DAGs
[2026-01-05T17:38:42.985+0000] {logging_mixin.py:190} INFO - [2026-01-05T17:38:42.984+0000] {dag.py:4138} INFO - Setting next_dagrun for example_branch_operator to 2026-01-04 00:00:00+00:00, run_after=2026-01-05 00:00:00+00:00
[2026-01-05T17:38:43.002+0000] {processor.py:208} INFO - Processing /home/airflow/.local/lib/python3.12/site-packages/airflow/example_dags/example_branch_operator.py took 0.088 seconds
[2026-01-05T17:39:14.028+0000] {processor.py:186} INFO - Started process (PID=2920) to work on /home/airflow/.local/lib/python3.12/site-packages/airflow/example_dags/example_branch_operator.py
[2026-01-05T17:39:14.030+0000] {processor.py:914} INFO - Processing file /home/airflow/.local/lib/python3.12/site-packages/airflow/example_dags/example_branch_operator.py for tasks to queue
[2026-01-05T17:39:14.035+0000] {logging_mixin.py:190} INFO - [2026-01-05T17:39:14.034+0000] {dagbag.py:587} INFO - Filling up the DagBag from /home/airflow/.local/lib/python3.12/site-packages/airflow/example_dags/example_branch_operator.py
[2026-01-05T17:39:14.063+0000] {processor.py:925} INFO - DAG(s) 'example_branch_operator' retrieved from /home/airflow/.local/lib/python3.12/site-packages/airflow/example_dags/example_branch_operator.py
[2026-01-05T17:39:14.102+0000] {logging_mixin.py:190} INFO - [2026-01-05T17:39:14.101+0000] {dag.py:3211} INFO - Sync 1 DAGs
[2026-01-05T17:39:14.127+0000] {logging_mixin.py:190} INFO - [2026-01-05T17:39:14.127+0000] {dag.py:4138} INFO - Setting next_dagrun for example_branch_operator to 2026-01-04 00:00:00+00:00, run_after=2026-01-05 00:00:00+00:00
[2026-01-05T17:39:14.152+0000] {processor.py:208} INFO - Processing /home/airflow/.local/lib/python3.12/site-packages/airflow/example_dags/example_branch_operator.py took 0.130 seconds
[2026-01-05T17:39:44.601+0000] {processor.py:186} INFO - Started process (PID=2986) to work on /home/airflow/.local/lib/python3.12/site-packages/airflow/example_dags/example_branch_operator.py
[2026-01-05T17:39:44.603+0000] {processor.py:914} INFO - Processing file /home/airflow/.local/lib/python3.12/site-packages/airflow/example_dags/example_branch_operator.py for tasks to queue
[2026-01-05T17:39:44.607+0000] {logging_mixin.py:190} INFO - [2026-01-05T17:39:44.606+0000] {dagbag.py:587} INFO - Filling up the DagBag from /home/airflow/.local/lib/python3.12/site-packages/airflow/example_dags/example_branch_operator.py
[2026-01-05T17:39:44.625+0000] {processor.py:925} INFO - DAG(s) 'example_branch_operator' retrieved from /home/airflow/.local/lib/python3.12/site-packages/airflow/example_dags/example_branch_operator.py
[2026-01-05T17:39:44.657+0000] {logging_mixin.py:190} INFO - [2026-01-05T17:39:44.657+0000] {dag.py:3211} INFO - Sync 1 DAGs
[2026-01-05T17:39:44.685+0000] {logging_mixin.py:190} INFO - [2026-01-05T17:39:44.684+0000] {dag.py:4138} INFO - Setting next_dagrun for example_branch_operator to 2026-01-04 00:00:00+00:00, run_after=2026-01-05 00:00:00+00:00
[2026-01-05T17:39:44.720+0000] {processor.py:208} INFO - Processing /home/airflow/.local/lib/python3.12/site-packages/airflow/example_dags/example_branch_operator.py took 0.126 seconds
[2026-01-05T17:40:15.281+0000] {processor.py:186} INFO - Started process (PID=3052) to work on /home/airflow/.local/lib/python3.12/site-packages/airflow/example_dags/example_branch_operator.py
[2026-01-05T17:40:15.283+0000] {processor.py:914} INFO - Processing file /home/airflow/.local/lib/python3.12/site-packages/airflow/example_dags/example_branch_operator.py for tasks to queue
[2026-01-05T17:40:15.286+0000] {logging_mixin.py:190} INFO - [2026-01-05T17:40:15.286+0000] {dagbag.py:587} INFO - Filling up the DagBag from /home/airflow/.local/lib/python3.12/site-packages/airflow/example_dags/example_branch_operator.py
[2026-01-05T17:40:15.301+0000] {processor.py:925} INFO - DAG(s) 'example_branch_operator' retrieved from /home/airflow/.local/lib/python3.12/site-packages/airflow/example_dags/example_branch_operator.py
[2026-01-05T17:40:15.325+0000] {logging_mixin.py:190} INFO - [2026-01-05T17:40:15.325+0000] {dag.py:3211} INFO - Sync 1 DAGs
[2026-01-05T17:40:15.352+0000] {logging_mixin.py:190} INFO - [2026-01-05T17:40:15.352+0000] {dag.py:4138} INFO - Setting next_dagrun for example_branch_operator to 2026-01-04 00:00:00+00:00, run_after=2026-01-05 00:00:00+00:00
[2026-01-05T17:40:15.387+0000] {processor.py:208} INFO - Processing /home/airflow/.local/lib/python3.12/site-packages/airflow/example_dags/example_branch_operator.py took 0.115 seconds
[2026-01-05T17:40:45.596+0000] {processor.py:186} INFO - Started process (PID=3118) to work on /home/airflow/.local/lib/python3.12/site-packages/airflow/example_dags/example_branch_operator.py
[2026-01-05T17:40:45.598+0000] {processor.py:914} INFO - Processing file /home/airflow/.local/lib/python3.12/site-packages/airflow/example_dags/example_branch_operator.py for tasks to queue
[2026-01-05T17:40:45.603+0000] {logging_mixin.py:190} INFO - [2026-01-05T17:40:45.602+0000] {dagbag.py:587} INFO - Filling up the DagBag from /home/airflow/.local/lib/python3.12/site-packages/airflow/example_dags/example_branch_operator.py
[2026-01-05T17:40:45.621+0000] {processor.py:925} INFO - DAG(s) 'example_branch_operator' retrieved from /home/airflow/.local/lib/python3.12/site-packages/airflow/example_dags/example_branch_operator.py
[2026-01-05T17:40:45.662+0000] {logging_mixin.py:190} INFO - [2026-01-05T17:40:45.662+0000] {dag.py:3211} INFO - Sync 1 DAGs
[2026-01-05T17:40:45.688+0000] {logging_mixin.py:190} INFO - [2026-01-05T17:40:45.687+0000] {dag.py:4138} INFO - Setting next_dagrun for example_branch_operator to 2026-01-04 00:00:00+00:00, run_after=2026-01-05 00:00:00+00:00
[2026-01-05T17:40:45.704+0000] {processor.py:208} INFO - Processing /home/airflow/.local/lib/python3.12/site-packages/airflow/example_dags/example_branch_operator.py took 0.115 seconds
[2026-01-05T17:41:15.865+0000] {processor.py:186} INFO - Started process (PID=3184) to work on /home/airflow/.local/lib/python3.12/site-packages/airflow/example_dags/example_branch_operator.py
[2026-01-05T17:41:15.869+0000] {processor.py:914} INFO - Processing file /home/airflow/.local/lib/python3.12/site-packages/airflow/example_dags/example_branch_operator.py for tasks to queue
[2026-01-05T17:41:15.873+0000] {logging_mixin.py:190} INFO - [2026-01-05T17:41:15.872+0000] {dagbag.py:587} INFO - Filling up the DagBag from /home/airflow/.local/lib/python3.12/site-packages/airflow/example_dags/example_branch_operator.py
[2026-01-05T17:41:15.892+0000] {processor.py:925} INFO - DAG(s) 'example_branch_operator' retrieved from /home/airflow/.local/lib/python3.12/site-packages/airflow/example_dags/example_branch_operator.py
[2026-01-05T17:41:15.936+0000] {logging_mixin.py:190} INFO - [2026-01-05T17:41:15.936+0000] {dag.py:3211} INFO - Sync 1 DAGs
[2026-01-05T17:41:15.989+0000] {logging_mixin.py:190} INFO - [2026-01-05T17:41:15.989+0000] {dag.py:4138} INFO - Setting next_dagrun for example_branch_operator to 2026-01-04 00:00:00+00:00, run_after=2026-01-05 00:00:00+00:00
[2026-01-05T17:41:16.032+0000] {processor.py:208} INFO - Processing /home/airflow/.local/lib/python3.12/site-packages/airflow/example_dags/example_branch_operator.py took 0.173 seconds
[2026-01-05T17:41:46.167+0000] {processor.py:186} INFO - Started process (PID=3250) to work on /home/airflow/.local/lib/python3.12/site-packages/airflow/example_dags/example_branch_operator.py
[2026-01-05T17:41:46.168+0000] {processor.py:914} INFO - Processing file /home/airflow/.local/lib/python3.12/site-packages/airflow/example_dags/example_branch_operator.py for tasks to queue
[2026-01-05T17:41:46.171+0000] {logging_mixin.py:190} INFO - [2026-01-05T17:41:46.171+0000] {dagbag.py:587} INFO - Filling up the DagBag from /home/airflow/.local/lib/python3.12/site-packages/airflow/example_dags/example_branch_operator.py
[2026-01-05T17:41:46.191+0000] {processor.py:925} INFO - DAG(s) 'example_branch_operator' retrieved from /home/airflow/.local/lib/python3.12/site-packages/airflow/example_dags/example_branch_operator.py
[2026-01-05T17:41:46.236+0000] {logging_mixin.py:190} INFO - [2026-01-05T17:41:46.236+0000] {dag.py:3211} INFO - Sync 1 DAGs
[2026-01-05T17:41:46.274+0000] {logging_mixin.py:190} INFO - [2026-01-05T17:41:46.273+0000] {dag.py:4138} INFO - Setting next_dagrun for example_branch_operator to 2026-01-04 00:00:00+00:00, run_after=2026-01-05 00:00:00+00:00
[2026-01-05T17:41:46.298+0000] {processor.py:208} INFO - Processing /home/airflow/.local/lib/python3.12/site-packages/airflow/example_dags/example_branch_operator.py took 0.140 seconds
[2026-01-05T17:42:16.637+0000] {processor.py:186} INFO - Started process (PID=3316) to work on /home/airflow/.local/lib/python3.12/site-packages/airflow/example_dags/example_branch_operator.py
[2026-01-05T17:42:16.639+0000] {processor.py:914} INFO - Processing file /home/airflow/.local/lib/python3.12/site-packages/airflow/example_dags/example_branch_operator.py for tasks to queue
[2026-01-05T17:42:16.642+0000] {logging_mixin.py:190} INFO - [2026-01-05T17:42:16.641+0000] {dagbag.py:587} INFO - Filling up the DagBag from /home/airflow/.local/lib/python3.12/site-packages/airflow/example_dags/example_branch_operator.py
[2026-01-05T17:42:16.668+0000] {processor.py:925} INFO - DAG(s) 'example_branch_operator' retrieved from /home/airflow/.local/lib/python3.12/site-packages/airflow/example_dags/example_branch_operator.py
[2026-01-05T17:42:16.711+0000] {logging_mixin.py:190} INFO - [2026-01-05T17:42:16.711+0000] {dag.py:3211} INFO - Sync 1 DAGs
[2026-01-05T17:42:16.748+0000] {logging_mixin.py:190} INFO - [2026-01-05T17:42:16.747+0000] {dag.py:4138} INFO - Setting next_dagrun for example_branch_operator to 2026-01-04 00:00:00+00:00, run_after=2026-01-05 00:00:00+00:00
[2026-01-05T17:42:16.792+0000] {processor.py:208} INFO - Processing /home/airflow/.local/lib/python3.12/site-packages/airflow/example_dags/example_branch_operator.py took 0.166 seconds
[2026-01-05T17:42:47.125+0000] {processor.py:186} INFO - Started process (PID=3382) to work on /home/airflow/.local/lib/python3.12/site-packages/airflow/example_dags/example_branch_operator.py
[2026-01-05T17:42:47.126+0000] {processor.py:914} INFO - Processing file /home/airflow/.local/lib/python3.12/site-packages/airflow/example_dags/example_branch_operator.py for tasks to queue
[2026-01-05T17:42:47.131+0000] {logging_mixin.py:190} INFO - [2026-01-05T17:42:47.130+0000] {dagbag.py:587} INFO - Filling up the DagBag from /home/airflow/.local/lib/python3.12/site-packages/airflow/example_dags/example_branch_operator.py
[2026-01-05T17:42:47.151+0000] {processor.py:925} INFO - DAG(s) 'example_branch_operator' retrieved from /home/airflow/.local/lib/python3.12/site-packages/airflow/example_dags/example_branch_operator.py
[2026-01-05T17:42:47.195+0000] {logging_mixin.py:190} INFO - [2026-01-05T17:42:47.194+0000] {dag.py:3211} INFO - Sync 1 DAGs
[2026-01-05T17:42:47.227+0000] {logging_mixin.py:190} INFO - [2026-01-05T17:42:47.227+0000] {dag.py:4138} INFO - Setting next_dagrun for example_branch_operator to 2026-01-04 00:00:00+00:00, run_after=2026-01-05 00:00:00+00:00
[2026-01-05T17:42:47.259+0000] {processor.py:208} INFO - Processing /home/airflow/.local/lib/python3.12/site-packages/airflow/example_dags/example_branch_operator.py took 0.144 seconds
[2026-01-05T17:43:17.464+0000] {processor.py:186} INFO - Started process (PID=3448) to work on /home/airflow/.local/lib/python3.12/site-packages/airflow/example_dags/example_branch_operator.py
[2026-01-05T17:43:17.465+0000] {processor.py:914} INFO - Processing file /home/airflow/.local/lib/python3.12/site-packages/airflow/example_dags/example_branch_operator.py for tasks to queue
[2026-01-05T17:43:17.470+0000] {logging_mixin.py:190} INFO - [2026-01-05T17:43:17.469+0000] {dagbag.py:587} INFO - Filling up the DagBag from /home/airflow/.local/lib/python3.12/site-packages/airflow/example_dags/example_branch_operator.py
[2026-01-05T17:43:17.497+0000] {processor.py:925} INFO - DAG(s) 'example_branch_operator' retrieved from /home/airflow/.local/lib/python3.12/site-packages/airflow/example_dags/example_branch_operator.py
[2026-01-05T17:43:17.534+0000] {logging_mixin.py:190} INFO - [2026-01-05T17:43:17.534+0000] {dag.py:3211} INFO - Sync 1 DAGs
[2026-01-05T17:43:17.566+0000] {logging_mixin.py:190} INFO - [2026-01-05T17:43:17.565+0000] {dag.py:4138} INFO - Setting next_dagrun for example_branch_operator to 2026-01-04 00:00:00+00:00, run_after=2026-01-05 00:00:00+00:00
[2026-01-05T17:43:17.602+0000] {processor.py:208} INFO - Processing /home/airflow/.local/lib/python3.12/site-packages/airflow/example_dags/example_branch_operator.py took 0.148 seconds
[2026-01-05T17:43:47.832+0000] {processor.py:186} INFO - Started process (PID=3514) to work on /home/airflow/.local/lib/python3.12/site-packages/airflow/example_dags/example_branch_operator.py
[2026-01-05T17:43:47.834+0000] {processor.py:914} INFO - Processing file /home/airflow/.local/lib/python3.12/site-packages/airflow/example_dags/example_branch_operator.py for tasks to queue
[2026-01-05T17:43:47.840+0000] {logging_mixin.py:190} INFO - [2026-01-05T17:43:47.840+0000] {dagbag.py:587} INFO - Filling up the DagBag from /home/airflow/.local/lib/python3.12/site-packages/airflow/example_dags/example_branch_operator.py
[2026-01-05T17:43:47.868+0000] {processor.py:925} INFO - DAG(s) 'example_branch_operator' retrieved from /home/airflow/.local/lib/python3.12/site-packages/airflow/example_dags/example_branch_operator.py
[2026-01-05T17:43:47.906+0000] {logging_mixin.py:190} INFO - [2026-01-05T17:43:47.906+0000] {dag.py:3211} INFO - Sync 1 DAGs
[2026-01-05T17:43:47.945+0000] {logging_mixin.py:190} INFO - [2026-01-05T17:43:47.945+0000] {dag.py:4138} INFO - Setting next_dagrun for example_branch_operator to 2026-01-04 00:00:00+00:00, run_after=2026-01-05 00:00:00+00:00
[2026-01-05T17:43:47.975+0000] {processor.py:208} INFO - Processing /home/airflow/.local/lib/python3.12/site-packages/airflow/example_dags/example_branch_operator.py took 0.152 seconds
[2026-01-05T17:44:18.318+0000] {processor.py:186} INFO - Started process (PID=3580) to work on /home/airflow/.local/lib/python3.12/site-packages/airflow/example_dags/example_branch_operator.py
[2026-01-05T17:44:18.320+0000] {processor.py:914} INFO - Processing file /home/airflow/.local/lib/python3.12/site-packages/airflow/example_dags/example_branch_operator.py for tasks to queue
[2026-01-05T17:44:18.324+0000] {logging_mixin.py:190} INFO - [2026-01-05T17:44:18.324+0000] {dagbag.py:587} INFO - Filling up the DagBag from /home/airflow/.local/lib/python3.12/site-packages/airflow/example_dags/example_branch_operator.py
[2026-01-05T17:44:18.346+0000] {processor.py:925} INFO - DAG(s) 'example_branch_operator' retrieved from /home/airflow/.local/lib/python3.12/site-packages/airflow/example_dags/example_branch_operator.py
[2026-01-05T17:44:18.385+0000] {logging_mixin.py:190} INFO - [2026-01-05T17:44:18.384+0000] {dag.py:3211} INFO - Sync 1 DAGs
[2026-01-05T17:44:18.414+0000] {logging_mixin.py:190} INFO - [2026-01-05T17:44:18.414+0000] {dag.py:4138} INFO - Setting next_dagrun for example_branch_operator to 2026-01-04 00:00:00+00:00, run_after=2026-01-05 00:00:00+00:00
[2026-01-05T17:44:18.446+0000] {processor.py:208} INFO - Processing /home/airflow/.local/lib/python3.12/site-packages/airflow/example_dags/example_branch_operator.py took 0.136 seconds
[2026-01-05T17:44:48.926+0000] {processor.py:186} INFO - Started process (PID=3647) to work on /home/airflow/.local/lib/python3.12/site-packages/airflow/example_dags/example_branch_operator.py
[2026-01-05T17:44:48.929+0000] {processor.py:914} INFO - Processing file /home/airflow/.local/lib/python3.12/site-packages/airflow/example_dags/example_branch_operator.py for tasks to queue
[2026-01-05T17:44:48.932+0000] {logging_mixin.py:190} INFO - [2026-01-05T17:44:48.932+0000] {dagbag.py:587} INFO - Filling up the DagBag from /home/airflow/.local/lib/python3.12/site-packages/airflow/example_dags/example_branch_operator.py
[2026-01-05T17:44:48.956+0000] {processor.py:925} INFO - DAG(s) 'example_branch_operator' retrieved from /home/airflow/.local/lib/python3.12/site-packages/airflow/example_dags/example_branch_operator.py
[2026-01-05T17:44:49.003+0000] {logging_mixin.py:190} INFO - [2026-01-05T17:44:49.003+0000] {dag.py:3211} INFO - Sync 1 DAGs
[2026-01-05T17:44:49.034+0000] {logging_mixin.py:190} INFO - [2026-01-05T17:44:49.033+0000] {dag.py:4138} INFO - Setting next_dagrun for example_branch_operator to 2026-01-04 00:00:00+00:00, run_after=2026-01-05 00:00:00+00:00
[2026-01-05T17:44:49.055+0000] {processor.py:208} INFO - Processing /home/airflow/.local/lib/python3.12/site-packages/airflow/example_dags/example_branch_operator.py took 0.137 seconds
