[2026-01-05T17:17:55.452+0000] {processor.py:186} INFO - Started process (PID=169) to work on /home/airflow/.local/lib/python3.12/site-packages/airflow/example_dags/example_branch_labels.py
[2026-01-05T17:17:55.457+0000] {processor.py:914} INFO - Processing file /home/airflow/.local/lib/python3.12/site-packages/airflow/example_dags/example_branch_labels.py for tasks to queue
[2026-01-05T17:17:55.464+0000] {logging_mixin.py:190} INFO - [2026-01-05T17:17:55.463+0000] {dagbag.py:587} INFO - Filling up the DagBag from /home/airflow/.local/lib/python3.12/site-packages/airflow/example_dags/example_branch_labels.py
[2026-01-05T17:17:55.495+0000] {processor.py:925} INFO - DAG(s) 'example_branch_labels' retrieved from /home/airflow/.local/lib/python3.12/site-packages/airflow/example_dags/example_branch_labels.py
[2026-01-05T17:17:55.557+0000] {logging_mixin.py:190} INFO - [2026-01-05T17:17:55.555+0000] {dag.py:3211} INFO - Sync 1 DAGs
[2026-01-05T17:17:55.633+0000] {logging_mixin.py:190} INFO - [2026-01-05T17:17:55.633+0000] {dag.py:4138} INFO - Setting next_dagrun for example_branch_labels to 2026-01-04 00:00:00+00:00, run_after=2026-01-05 00:00:00+00:00
[2026-01-05T17:17:55.694+0000] {processor.py:208} INFO - Processing /home/airflow/.local/lib/python3.12/site-packages/airflow/example_dags/example_branch_labels.py took 0.264 seconds
[2026-01-05T17:18:29.087+0000] {processor.py:186} INFO - Started process (PID=235) to work on /home/airflow/.local/lib/python3.12/site-packages/airflow/example_dags/example_branch_labels.py
[2026-01-05T17:18:29.089+0000] {processor.py:914} INFO - Processing file /home/airflow/.local/lib/python3.12/site-packages/airflow/example_dags/example_branch_labels.py for tasks to queue
[2026-01-05T17:18:29.092+0000] {logging_mixin.py:190} INFO - [2026-01-05T17:18:29.092+0000] {dagbag.py:587} INFO - Filling up the DagBag from /home/airflow/.local/lib/python3.12/site-packages/airflow/example_dags/example_branch_labels.py
[2026-01-05T17:18:29.104+0000] {processor.py:925} INFO - DAG(s) 'example_branch_labels' retrieved from /home/airflow/.local/lib/python3.12/site-packages/airflow/example_dags/example_branch_labels.py
[2026-01-05T17:18:29.137+0000] {logging_mixin.py:190} INFO - [2026-01-05T17:18:29.136+0000] {dag.py:3211} INFO - Sync 1 DAGs
[2026-01-05T17:18:29.173+0000] {logging_mixin.py:190} INFO - [2026-01-05T17:18:29.173+0000] {dag.py:4138} INFO - Setting next_dagrun for example_branch_labels to 2026-01-04 00:00:00+00:00, run_after=2026-01-05 00:00:00+00:00
[2026-01-05T17:18:29.204+0000] {processor.py:208} INFO - Processing /home/airflow/.local/lib/python3.12/site-packages/airflow/example_dags/example_branch_labels.py took 0.126 seconds
[2026-01-05T17:18:59.730+0000] {processor.py:186} INFO - Started process (PID=301) to work on /home/airflow/.local/lib/python3.12/site-packages/airflow/example_dags/example_branch_labels.py
[2026-01-05T17:18:59.731+0000] {processor.py:914} INFO - Processing file /home/airflow/.local/lib/python3.12/site-packages/airflow/example_dags/example_branch_labels.py for tasks to queue
[2026-01-05T17:18:59.736+0000] {logging_mixin.py:190} INFO - [2026-01-05T17:18:59.736+0000] {dagbag.py:587} INFO - Filling up the DagBag from /home/airflow/.local/lib/python3.12/site-packages/airflow/example_dags/example_branch_labels.py
[2026-01-05T17:18:59.747+0000] {processor.py:925} INFO - DAG(s) 'example_branch_labels' retrieved from /home/airflow/.local/lib/python3.12/site-packages/airflow/example_dags/example_branch_labels.py
[2026-01-05T17:18:59.776+0000] {logging_mixin.py:190} INFO - [2026-01-05T17:18:59.776+0000] {dag.py:3211} INFO - Sync 1 DAGs
[2026-01-05T17:18:59.810+0000] {logging_mixin.py:190} INFO - [2026-01-05T17:18:59.809+0000] {dag.py:4138} INFO - Setting next_dagrun for example_branch_labels to 2026-01-04 00:00:00+00:00, run_after=2026-01-05 00:00:00+00:00
[2026-01-05T17:18:59.842+0000] {processor.py:208} INFO - Processing /home/airflow/.local/lib/python3.12/site-packages/airflow/example_dags/example_branch_labels.py took 0.120 seconds
[2026-01-05T17:19:30.375+0000] {processor.py:186} INFO - Started process (PID=367) to work on /home/airflow/.local/lib/python3.12/site-packages/airflow/example_dags/example_branch_labels.py
[2026-01-05T17:19:30.376+0000] {processor.py:914} INFO - Processing file /home/airflow/.local/lib/python3.12/site-packages/airflow/example_dags/example_branch_labels.py for tasks to queue
[2026-01-05T17:19:30.381+0000] {logging_mixin.py:190} INFO - [2026-01-05T17:19:30.380+0000] {dagbag.py:587} INFO - Filling up the DagBag from /home/airflow/.local/lib/python3.12/site-packages/airflow/example_dags/example_branch_labels.py
[2026-01-05T17:19:30.392+0000] {processor.py:925} INFO - DAG(s) 'example_branch_labels' retrieved from /home/airflow/.local/lib/python3.12/site-packages/airflow/example_dags/example_branch_labels.py
[2026-01-05T17:19:30.416+0000] {logging_mixin.py:190} INFO - [2026-01-05T17:19:30.416+0000] {dag.py:3211} INFO - Sync 1 DAGs
[2026-01-05T17:19:30.439+0000] {logging_mixin.py:190} INFO - [2026-01-05T17:19:30.438+0000] {dag.py:4138} INFO - Setting next_dagrun for example_branch_labels to 2026-01-04 00:00:00+00:00, run_after=2026-01-05 00:00:00+00:00
[2026-01-05T17:19:30.462+0000] {processor.py:208} INFO - Processing /home/airflow/.local/lib/python3.12/site-packages/airflow/example_dags/example_branch_labels.py took 0.094 seconds
[2026-01-05T17:20:00.775+0000] {processor.py:186} INFO - Started process (PID=433) to work on /home/airflow/.local/lib/python3.12/site-packages/airflow/example_dags/example_branch_labels.py
[2026-01-05T17:20:00.777+0000] {processor.py:914} INFO - Processing file /home/airflow/.local/lib/python3.12/site-packages/airflow/example_dags/example_branch_labels.py for tasks to queue
[2026-01-05T17:20:00.780+0000] {logging_mixin.py:190} INFO - [2026-01-05T17:20:00.780+0000] {dagbag.py:587} INFO - Filling up the DagBag from /home/airflow/.local/lib/python3.12/site-packages/airflow/example_dags/example_branch_labels.py
[2026-01-05T17:20:00.790+0000] {processor.py:925} INFO - DAG(s) 'example_branch_labels' retrieved from /home/airflow/.local/lib/python3.12/site-packages/airflow/example_dags/example_branch_labels.py
[2026-01-05T17:20:00.817+0000] {logging_mixin.py:190} INFO - [2026-01-05T17:20:00.817+0000] {dag.py:3211} INFO - Sync 1 DAGs
[2026-01-05T17:20:00.850+0000] {logging_mixin.py:190} INFO - [2026-01-05T17:20:00.850+0000] {dag.py:4138} INFO - Setting next_dagrun for example_branch_labels to 2026-01-04 00:00:00+00:00, run_after=2026-01-05 00:00:00+00:00
[2026-01-05T17:20:00.874+0000] {processor.py:208} INFO - Processing /home/airflow/.local/lib/python3.12/site-packages/airflow/example_dags/example_branch_labels.py took 0.105 seconds
[2026-01-05T17:20:33.386+0000] {processor.py:186} INFO - Started process (PID=499) to work on /home/airflow/.local/lib/python3.12/site-packages/airflow/example_dags/example_branch_labels.py
[2026-01-05T17:20:33.388+0000] {processor.py:914} INFO - Processing file /home/airflow/.local/lib/python3.12/site-packages/airflow/example_dags/example_branch_labels.py for tasks to queue
[2026-01-05T17:20:33.392+0000] {logging_mixin.py:190} INFO - [2026-01-05T17:20:33.392+0000] {dagbag.py:587} INFO - Filling up the DagBag from /home/airflow/.local/lib/python3.12/site-packages/airflow/example_dags/example_branch_labels.py
[2026-01-05T17:20:33.408+0000] {processor.py:925} INFO - DAG(s) 'example_branch_labels' retrieved from /home/airflow/.local/lib/python3.12/site-packages/airflow/example_dags/example_branch_labels.py
[2026-01-05T17:20:33.452+0000] {logging_mixin.py:190} INFO - [2026-01-05T17:20:33.451+0000] {dag.py:3211} INFO - Sync 1 DAGs
[2026-01-05T17:20:33.506+0000] {logging_mixin.py:190} INFO - [2026-01-05T17:20:33.506+0000] {dag.py:4138} INFO - Setting next_dagrun for example_branch_labels to 2026-01-04 00:00:00+00:00, run_after=2026-01-05 00:00:00+00:00
[2026-01-05T17:20:33.544+0000] {processor.py:208} INFO - Processing /home/airflow/.local/lib/python3.12/site-packages/airflow/example_dags/example_branch_labels.py took 0.172 seconds
[2026-01-05T17:21:04.254+0000] {processor.py:186} INFO - Started process (PID=565) to work on /home/airflow/.local/lib/python3.12/site-packages/airflow/example_dags/example_branch_labels.py
[2026-01-05T17:21:04.256+0000] {processor.py:914} INFO - Processing file /home/airflow/.local/lib/python3.12/site-packages/airflow/example_dags/example_branch_labels.py for tasks to queue
[2026-01-05T17:21:04.260+0000] {logging_mixin.py:190} INFO - [2026-01-05T17:21:04.259+0000] {dagbag.py:587} INFO - Filling up the DagBag from /home/airflow/.local/lib/python3.12/site-packages/airflow/example_dags/example_branch_labels.py
[2026-01-05T17:21:04.272+0000] {processor.py:925} INFO - DAG(s) 'example_branch_labels' retrieved from /home/airflow/.local/lib/python3.12/site-packages/airflow/example_dags/example_branch_labels.py
[2026-01-05T17:21:04.304+0000] {logging_mixin.py:190} INFO - [2026-01-05T17:21:04.303+0000] {dag.py:3211} INFO - Sync 1 DAGs
[2026-01-05T17:21:04.333+0000] {logging_mixin.py:190} INFO - [2026-01-05T17:21:04.333+0000] {dag.py:4138} INFO - Setting next_dagrun for example_branch_labels to 2026-01-04 00:00:00+00:00, run_after=2026-01-05 00:00:00+00:00
[2026-01-05T17:21:04.358+0000] {processor.py:208} INFO - Processing /home/airflow/.local/lib/python3.12/site-packages/airflow/example_dags/example_branch_labels.py took 0.115 seconds
[2026-01-05T17:21:34.561+0000] {processor.py:186} INFO - Started process (PID=631) to work on /home/airflow/.local/lib/python3.12/site-packages/airflow/example_dags/example_branch_labels.py
[2026-01-05T17:21:34.562+0000] {processor.py:914} INFO - Processing file /home/airflow/.local/lib/python3.12/site-packages/airflow/example_dags/example_branch_labels.py for tasks to queue
[2026-01-05T17:21:34.565+0000] {logging_mixin.py:190} INFO - [2026-01-05T17:21:34.565+0000] {dagbag.py:587} INFO - Filling up the DagBag from /home/airflow/.local/lib/python3.12/site-packages/airflow/example_dags/example_branch_labels.py
[2026-01-05T17:21:34.574+0000] {processor.py:925} INFO - DAG(s) 'example_branch_labels' retrieved from /home/airflow/.local/lib/python3.12/site-packages/airflow/example_dags/example_branch_labels.py
[2026-01-05T17:21:34.600+0000] {logging_mixin.py:190} INFO - [2026-01-05T17:21:34.600+0000] {dag.py:3211} INFO - Sync 1 DAGs
[2026-01-05T17:21:34.627+0000] {logging_mixin.py:190} INFO - [2026-01-05T17:21:34.627+0000] {dag.py:4138} INFO - Setting next_dagrun for example_branch_labels to 2026-01-04 00:00:00+00:00, run_after=2026-01-05 00:00:00+00:00
[2026-01-05T17:21:34.650+0000] {processor.py:208} INFO - Processing /home/airflow/.local/lib/python3.12/site-packages/airflow/example_dags/example_branch_labels.py took 0.096 seconds
[2026-01-05T17:22:05.472+0000] {processor.py:186} INFO - Started process (PID=697) to work on /home/airflow/.local/lib/python3.12/site-packages/airflow/example_dags/example_branch_labels.py
[2026-01-05T17:22:05.474+0000] {processor.py:914} INFO - Processing file /home/airflow/.local/lib/python3.12/site-packages/airflow/example_dags/example_branch_labels.py for tasks to queue
[2026-01-05T17:22:05.478+0000] {logging_mixin.py:190} INFO - [2026-01-05T17:22:05.477+0000] {dagbag.py:587} INFO - Filling up the DagBag from /home/airflow/.local/lib/python3.12/site-packages/airflow/example_dags/example_branch_labels.py
[2026-01-05T17:22:05.491+0000] {processor.py:925} INFO - DAG(s) 'example_branch_labels' retrieved from /home/airflow/.local/lib/python3.12/site-packages/airflow/example_dags/example_branch_labels.py
[2026-01-05T17:22:05.520+0000] {logging_mixin.py:190} INFO - [2026-01-05T17:22:05.520+0000] {dag.py:3211} INFO - Sync 1 DAGs
[2026-01-05T17:22:05.556+0000] {logging_mixin.py:190} INFO - [2026-01-05T17:22:05.556+0000] {dag.py:4138} INFO - Setting next_dagrun for example_branch_labels to 2026-01-04 00:00:00+00:00, run_after=2026-01-05 00:00:00+00:00
[2026-01-05T17:22:05.581+0000] {processor.py:208} INFO - Processing /home/airflow/.local/lib/python3.12/site-packages/airflow/example_dags/example_branch_labels.py took 0.117 seconds
[2026-01-05T17:22:36.065+0000] {processor.py:186} INFO - Started process (PID=763) to work on /home/airflow/.local/lib/python3.12/site-packages/airflow/example_dags/example_branch_labels.py
[2026-01-05T17:22:36.067+0000] {processor.py:914} INFO - Processing file /home/airflow/.local/lib/python3.12/site-packages/airflow/example_dags/example_branch_labels.py for tasks to queue
[2026-01-05T17:22:36.071+0000] {logging_mixin.py:190} INFO - [2026-01-05T17:22:36.070+0000] {dagbag.py:587} INFO - Filling up the DagBag from /home/airflow/.local/lib/python3.12/site-packages/airflow/example_dags/example_branch_labels.py
[2026-01-05T17:22:36.088+0000] {processor.py:925} INFO - DAG(s) 'example_branch_labels' retrieved from /home/airflow/.local/lib/python3.12/site-packages/airflow/example_dags/example_branch_labels.py
[2026-01-05T17:22:36.138+0000] {logging_mixin.py:190} INFO - [2026-01-05T17:22:36.137+0000] {dag.py:3211} INFO - Sync 1 DAGs
[2026-01-05T17:22:36.191+0000] {logging_mixin.py:190} INFO - [2026-01-05T17:22:36.190+0000] {dag.py:4138} INFO - Setting next_dagrun for example_branch_labels to 2026-01-04 00:00:00+00:00, run_after=2026-01-05 00:00:00+00:00
[2026-01-05T17:22:36.228+0000] {processor.py:208} INFO - Processing /home/airflow/.local/lib/python3.12/site-packages/airflow/example_dags/example_branch_labels.py took 0.173 seconds
[2026-01-05T17:23:06.432+0000] {processor.py:186} INFO - Started process (PID=829) to work on /home/airflow/.local/lib/python3.12/site-packages/airflow/example_dags/example_branch_labels.py
[2026-01-05T17:23:06.434+0000] {processor.py:914} INFO - Processing file /home/airflow/.local/lib/python3.12/site-packages/airflow/example_dags/example_branch_labels.py for tasks to queue
[2026-01-05T17:23:06.438+0000] {logging_mixin.py:190} INFO - [2026-01-05T17:23:06.438+0000] {dagbag.py:587} INFO - Filling up the DagBag from /home/airflow/.local/lib/python3.12/site-packages/airflow/example_dags/example_branch_labels.py
[2026-01-05T17:23:06.448+0000] {processor.py:925} INFO - DAG(s) 'example_branch_labels' retrieved from /home/airflow/.local/lib/python3.12/site-packages/airflow/example_dags/example_branch_labels.py
[2026-01-05T17:23:06.473+0000] {logging_mixin.py:190} INFO - [2026-01-05T17:23:06.473+0000] {dag.py:3211} INFO - Sync 1 DAGs
[2026-01-05T17:23:06.511+0000] {logging_mixin.py:190} INFO - [2026-01-05T17:23:06.510+0000] {dag.py:4138} INFO - Setting next_dagrun for example_branch_labels to 2026-01-04 00:00:00+00:00, run_after=2026-01-05 00:00:00+00:00
[2026-01-05T17:23:06.540+0000] {processor.py:208} INFO - Processing /home/airflow/.local/lib/python3.12/site-packages/airflow/example_dags/example_branch_labels.py took 0.119 seconds
[2026-01-05T17:23:36.629+0000] {processor.py:186} INFO - Started process (PID=895) to work on /home/airflow/.local/lib/python3.12/site-packages/airflow/example_dags/example_branch_labels.py
[2026-01-05T17:23:36.631+0000] {processor.py:914} INFO - Processing file /home/airflow/.local/lib/python3.12/site-packages/airflow/example_dags/example_branch_labels.py for tasks to queue
[2026-01-05T17:23:36.635+0000] {logging_mixin.py:190} INFO - [2026-01-05T17:23:36.635+0000] {dagbag.py:587} INFO - Filling up the DagBag from /home/airflow/.local/lib/python3.12/site-packages/airflow/example_dags/example_branch_labels.py
[2026-01-05T17:23:36.647+0000] {processor.py:925} INFO - DAG(s) 'example_branch_labels' retrieved from /home/airflow/.local/lib/python3.12/site-packages/airflow/example_dags/example_branch_labels.py
[2026-01-05T17:23:36.678+0000] {logging_mixin.py:190} INFO - [2026-01-05T17:23:36.678+0000] {dag.py:3211} INFO - Sync 1 DAGs
[2026-01-05T17:23:36.702+0000] {logging_mixin.py:190} INFO - [2026-01-05T17:23:36.701+0000] {dag.py:4138} INFO - Setting next_dagrun for example_branch_labels to 2026-01-04 00:00:00+00:00, run_after=2026-01-05 00:00:00+00:00
[2026-01-05T17:23:36.727+0000] {processor.py:208} INFO - Processing /home/airflow/.local/lib/python3.12/site-packages/airflow/example_dags/example_branch_labels.py took 0.107 seconds
[2026-01-05T17:24:07.055+0000] {processor.py:186} INFO - Started process (PID=961) to work on /home/airflow/.local/lib/python3.12/site-packages/airflow/example_dags/example_branch_labels.py
[2026-01-05T17:24:07.056+0000] {processor.py:914} INFO - Processing file /home/airflow/.local/lib/python3.12/site-packages/airflow/example_dags/example_branch_labels.py for tasks to queue
[2026-01-05T17:24:07.060+0000] {logging_mixin.py:190} INFO - [2026-01-05T17:24:07.060+0000] {dagbag.py:587} INFO - Filling up the DagBag from /home/airflow/.local/lib/python3.12/site-packages/airflow/example_dags/example_branch_labels.py
[2026-01-05T17:24:07.070+0000] {processor.py:925} INFO - DAG(s) 'example_branch_labels' retrieved from /home/airflow/.local/lib/python3.12/site-packages/airflow/example_dags/example_branch_labels.py
[2026-01-05T17:24:07.092+0000] {logging_mixin.py:190} INFO - [2026-01-05T17:24:07.092+0000] {dag.py:3211} INFO - Sync 1 DAGs
[2026-01-05T17:24:07.115+0000] {logging_mixin.py:190} INFO - [2026-01-05T17:24:07.115+0000] {dag.py:4138} INFO - Setting next_dagrun for example_branch_labels to 2026-01-04 00:00:00+00:00, run_after=2026-01-05 00:00:00+00:00
[2026-01-05T17:24:07.138+0000] {processor.py:208} INFO - Processing /home/airflow/.local/lib/python3.12/site-packages/airflow/example_dags/example_branch_labels.py took 0.090 seconds
[2026-01-05T17:24:37.639+0000] {processor.py:186} INFO - Started process (PID=1027) to work on /home/airflow/.local/lib/python3.12/site-packages/airflow/example_dags/example_branch_labels.py
[2026-01-05T17:24:37.641+0000] {processor.py:914} INFO - Processing file /home/airflow/.local/lib/python3.12/site-packages/airflow/example_dags/example_branch_labels.py for tasks to queue
[2026-01-05T17:24:37.644+0000] {logging_mixin.py:190} INFO - [2026-01-05T17:24:37.644+0000] {dagbag.py:587} INFO - Filling up the DagBag from /home/airflow/.local/lib/python3.12/site-packages/airflow/example_dags/example_branch_labels.py
[2026-01-05T17:24:37.653+0000] {processor.py:925} INFO - DAG(s) 'example_branch_labels' retrieved from /home/airflow/.local/lib/python3.12/site-packages/airflow/example_dags/example_branch_labels.py
[2026-01-05T17:24:37.677+0000] {logging_mixin.py:190} INFO - [2026-01-05T17:24:37.676+0000] {dag.py:3211} INFO - Sync 1 DAGs
[2026-01-05T17:24:37.702+0000] {logging_mixin.py:190} INFO - [2026-01-05T17:24:37.702+0000] {dag.py:4138} INFO - Setting next_dagrun for example_branch_labels to 2026-01-04 00:00:00+00:00, run_after=2026-01-05 00:00:00+00:00
[2026-01-05T17:24:37.724+0000] {processor.py:208} INFO - Processing /home/airflow/.local/lib/python3.12/site-packages/airflow/example_dags/example_branch_labels.py took 0.092 seconds
[2026-01-05T17:25:08.685+0000] {processor.py:186} INFO - Started process (PID=1093) to work on /home/airflow/.local/lib/python3.12/site-packages/airflow/example_dags/example_branch_labels.py
[2026-01-05T17:25:08.686+0000] {processor.py:914} INFO - Processing file /home/airflow/.local/lib/python3.12/site-packages/airflow/example_dags/example_branch_labels.py for tasks to queue
[2026-01-05T17:25:08.689+0000] {logging_mixin.py:190} INFO - [2026-01-05T17:25:08.689+0000] {dagbag.py:587} INFO - Filling up the DagBag from /home/airflow/.local/lib/python3.12/site-packages/airflow/example_dags/example_branch_labels.py
[2026-01-05T17:25:08.696+0000] {processor.py:925} INFO - DAG(s) 'example_branch_labels' retrieved from /home/airflow/.local/lib/python3.12/site-packages/airflow/example_dags/example_branch_labels.py
[2026-01-05T17:25:08.727+0000] {logging_mixin.py:190} INFO - [2026-01-05T17:25:08.727+0000] {dag.py:3211} INFO - Sync 1 DAGs
[2026-01-05T17:25:08.757+0000] {logging_mixin.py:190} INFO - [2026-01-05T17:25:08.757+0000] {dag.py:4138} INFO - Setting next_dagrun for example_branch_labels to 2026-01-04 00:00:00+00:00, run_after=2026-01-05 00:00:00+00:00
[2026-01-05T17:25:08.780+0000] {processor.py:208} INFO - Processing /home/airflow/.local/lib/python3.12/site-packages/airflow/example_dags/example_branch_labels.py took 0.102 seconds
[2026-01-05T17:25:39.535+0000] {processor.py:186} INFO - Started process (PID=1159) to work on /home/airflow/.local/lib/python3.12/site-packages/airflow/example_dags/example_branch_labels.py
[2026-01-05T17:25:39.537+0000] {processor.py:914} INFO - Processing file /home/airflow/.local/lib/python3.12/site-packages/airflow/example_dags/example_branch_labels.py for tasks to queue
[2026-01-05T17:25:39.542+0000] {logging_mixin.py:190} INFO - [2026-01-05T17:25:39.541+0000] {dagbag.py:587} INFO - Filling up the DagBag from /home/airflow/.local/lib/python3.12/site-packages/airflow/example_dags/example_branch_labels.py
[2026-01-05T17:25:39.550+0000] {processor.py:925} INFO - DAG(s) 'example_branch_labels' retrieved from /home/airflow/.local/lib/python3.12/site-packages/airflow/example_dags/example_branch_labels.py
[2026-01-05T17:25:39.576+0000] {logging_mixin.py:190} INFO - [2026-01-05T17:25:39.576+0000] {dag.py:3211} INFO - Sync 1 DAGs
[2026-01-05T17:25:39.602+0000] {logging_mixin.py:190} INFO - [2026-01-05T17:25:39.602+0000] {dag.py:4138} INFO - Setting next_dagrun for example_branch_labels to 2026-01-04 00:00:00+00:00, run_after=2026-01-05 00:00:00+00:00
[2026-01-05T17:25:39.625+0000] {processor.py:208} INFO - Processing /home/airflow/.local/lib/python3.12/site-packages/airflow/example_dags/example_branch_labels.py took 0.101 seconds
[2026-01-05T17:26:10.086+0000] {processor.py:186} INFO - Started process (PID=1225) to work on /home/airflow/.local/lib/python3.12/site-packages/airflow/example_dags/example_branch_labels.py
[2026-01-05T17:26:10.088+0000] {processor.py:914} INFO - Processing file /home/airflow/.local/lib/python3.12/site-packages/airflow/example_dags/example_branch_labels.py for tasks to queue
[2026-01-05T17:26:10.091+0000] {logging_mixin.py:190} INFO - [2026-01-05T17:26:10.090+0000] {dagbag.py:587} INFO - Filling up the DagBag from /home/airflow/.local/lib/python3.12/site-packages/airflow/example_dags/example_branch_labels.py
[2026-01-05T17:26:10.101+0000] {processor.py:925} INFO - DAG(s) 'example_branch_labels' retrieved from /home/airflow/.local/lib/python3.12/site-packages/airflow/example_dags/example_branch_labels.py
[2026-01-05T17:26:10.128+0000] {logging_mixin.py:190} INFO - [2026-01-05T17:26:10.128+0000] {dag.py:3211} INFO - Sync 1 DAGs
[2026-01-05T17:26:10.152+0000] {logging_mixin.py:190} INFO - [2026-01-05T17:26:10.152+0000] {dag.py:4138} INFO - Setting next_dagrun for example_branch_labels to 2026-01-04 00:00:00+00:00, run_after=2026-01-05 00:00:00+00:00
[2026-01-05T17:26:10.177+0000] {processor.py:208} INFO - Processing /home/airflow/.local/lib/python3.12/site-packages/airflow/example_dags/example_branch_labels.py took 0.096 seconds
[2026-01-05T17:26:40.535+0000] {processor.py:186} INFO - Started process (PID=1290) to work on /home/airflow/.local/lib/python3.12/site-packages/airflow/example_dags/example_branch_labels.py
[2026-01-05T17:26:40.538+0000] {processor.py:914} INFO - Processing file /home/airflow/.local/lib/python3.12/site-packages/airflow/example_dags/example_branch_labels.py for tasks to queue
[2026-01-05T17:26:40.542+0000] {logging_mixin.py:190} INFO - [2026-01-05T17:26:40.541+0000] {dagbag.py:587} INFO - Filling up the DagBag from /home/airflow/.local/lib/python3.12/site-packages/airflow/example_dags/example_branch_labels.py
[2026-01-05T17:26:40.551+0000] {processor.py:925} INFO - DAG(s) 'example_branch_labels' retrieved from /home/airflow/.local/lib/python3.12/site-packages/airflow/example_dags/example_branch_labels.py
[2026-01-05T17:26:40.578+0000] {logging_mixin.py:190} INFO - [2026-01-05T17:26:40.577+0000] {dag.py:3211} INFO - Sync 1 DAGs
[2026-01-05T17:26:40.603+0000] {logging_mixin.py:190} INFO - [2026-01-05T17:26:40.602+0000] {dag.py:4138} INFO - Setting next_dagrun for example_branch_labels to 2026-01-04 00:00:00+00:00, run_after=2026-01-05 00:00:00+00:00
[2026-01-05T17:26:40.624+0000] {processor.py:208} INFO - Processing /home/airflow/.local/lib/python3.12/site-packages/airflow/example_dags/example_branch_labels.py took 0.096 seconds
[2026-01-05T17:27:11.296+0000] {processor.py:186} INFO - Started process (PID=1357) to work on /home/airflow/.local/lib/python3.12/site-packages/airflow/example_dags/example_branch_labels.py
[2026-01-05T17:27:11.298+0000] {processor.py:914} INFO - Processing file /home/airflow/.local/lib/python3.12/site-packages/airflow/example_dags/example_branch_labels.py for tasks to queue
[2026-01-05T17:27:11.301+0000] {logging_mixin.py:190} INFO - [2026-01-05T17:27:11.301+0000] {dagbag.py:587} INFO - Filling up the DagBag from /home/airflow/.local/lib/python3.12/site-packages/airflow/example_dags/example_branch_labels.py
[2026-01-05T17:27:11.313+0000] {processor.py:925} INFO - DAG(s) 'example_branch_labels' retrieved from /home/airflow/.local/lib/python3.12/site-packages/airflow/example_dags/example_branch_labels.py
[2026-01-05T17:27:11.342+0000] {logging_mixin.py:190} INFO - [2026-01-05T17:27:11.341+0000] {dag.py:3211} INFO - Sync 1 DAGs
[2026-01-05T17:27:11.375+0000] {logging_mixin.py:190} INFO - [2026-01-05T17:27:11.375+0000] {dag.py:4138} INFO - Setting next_dagrun for example_branch_labels to 2026-01-04 00:00:00+00:00, run_after=2026-01-05 00:00:00+00:00
[2026-01-05T17:27:11.403+0000] {processor.py:208} INFO - Processing /home/airflow/.local/lib/python3.12/site-packages/airflow/example_dags/example_branch_labels.py took 0.112 seconds
[2026-01-05T17:27:41.497+0000] {processor.py:186} INFO - Started process (PID=1422) to work on /home/airflow/.local/lib/python3.12/site-packages/airflow/example_dags/example_branch_labels.py
[2026-01-05T17:27:41.499+0000] {processor.py:914} INFO - Processing file /home/airflow/.local/lib/python3.12/site-packages/airflow/example_dags/example_branch_labels.py for tasks to queue
[2026-01-05T17:27:41.504+0000] {logging_mixin.py:190} INFO - [2026-01-05T17:27:41.503+0000] {dagbag.py:587} INFO - Filling up the DagBag from /home/airflow/.local/lib/python3.12/site-packages/airflow/example_dags/example_branch_labels.py
[2026-01-05T17:27:41.517+0000] {processor.py:925} INFO - DAG(s) 'example_branch_labels' retrieved from /home/airflow/.local/lib/python3.12/site-packages/airflow/example_dags/example_branch_labels.py
[2026-01-05T17:27:41.543+0000] {logging_mixin.py:190} INFO - [2026-01-05T17:27:41.542+0000] {dag.py:3211} INFO - Sync 1 DAGs
[2026-01-05T17:27:41.576+0000] {logging_mixin.py:190} INFO - [2026-01-05T17:27:41.576+0000] {dag.py:4138} INFO - Setting next_dagrun for example_branch_labels to 2026-01-04 00:00:00+00:00, run_after=2026-01-05 00:00:00+00:00
[2026-01-05T17:27:41.602+0000] {processor.py:208} INFO - Processing /home/airflow/.local/lib/python3.12/site-packages/airflow/example_dags/example_branch_labels.py took 0.113 seconds
[2026-01-05T17:28:11.808+0000] {processor.py:186} INFO - Started process (PID=1488) to work on /home/airflow/.local/lib/python3.12/site-packages/airflow/example_dags/example_branch_labels.py
[2026-01-05T17:28:11.809+0000] {processor.py:914} INFO - Processing file /home/airflow/.local/lib/python3.12/site-packages/airflow/example_dags/example_branch_labels.py for tasks to queue
[2026-01-05T17:28:11.813+0000] {logging_mixin.py:190} INFO - [2026-01-05T17:28:11.812+0000] {dagbag.py:587} INFO - Filling up the DagBag from /home/airflow/.local/lib/python3.12/site-packages/airflow/example_dags/example_branch_labels.py
[2026-01-05T17:28:11.830+0000] {processor.py:925} INFO - DAG(s) 'example_branch_labels' retrieved from /home/airflow/.local/lib/python3.12/site-packages/airflow/example_dags/example_branch_labels.py
[2026-01-05T17:28:11.864+0000] {logging_mixin.py:190} INFO - [2026-01-05T17:28:11.864+0000] {dag.py:3211} INFO - Sync 1 DAGs
[2026-01-05T17:28:11.901+0000] {logging_mixin.py:190} INFO - [2026-01-05T17:28:11.901+0000] {dag.py:4138} INFO - Setting next_dagrun for example_branch_labels to 2026-01-04 00:00:00+00:00, run_after=2026-01-05 00:00:00+00:00
[2026-01-05T17:28:11.927+0000] {processor.py:208} INFO - Processing /home/airflow/.local/lib/python3.12/site-packages/airflow/example_dags/example_branch_labels.py took 0.127 seconds
[2026-01-05T17:28:42.866+0000] {processor.py:186} INFO - Started process (PID=1554) to work on /home/airflow/.local/lib/python3.12/site-packages/airflow/example_dags/example_branch_labels.py
[2026-01-05T17:28:42.867+0000] {processor.py:914} INFO - Processing file /home/airflow/.local/lib/python3.12/site-packages/airflow/example_dags/example_branch_labels.py for tasks to queue
[2026-01-05T17:28:42.872+0000] {logging_mixin.py:190} INFO - [2026-01-05T17:28:42.871+0000] {dagbag.py:587} INFO - Filling up the DagBag from /home/airflow/.local/lib/python3.12/site-packages/airflow/example_dags/example_branch_labels.py
[2026-01-05T17:28:42.882+0000] {processor.py:925} INFO - DAG(s) 'example_branch_labels' retrieved from /home/airflow/.local/lib/python3.12/site-packages/airflow/example_dags/example_branch_labels.py
[2026-01-05T17:28:42.909+0000] {logging_mixin.py:190} INFO - [2026-01-05T17:28:42.909+0000] {dag.py:3211} INFO - Sync 1 DAGs
[2026-01-05T17:28:42.932+0000] {logging_mixin.py:190} INFO - [2026-01-05T17:28:42.932+0000] {dag.py:4138} INFO - Setting next_dagrun for example_branch_labels to 2026-01-04 00:00:00+00:00, run_after=2026-01-05 00:00:00+00:00
[2026-01-05T17:28:42.955+0000] {processor.py:208} INFO - Processing /home/airflow/.local/lib/python3.12/site-packages/airflow/example_dags/example_branch_labels.py took 0.095 seconds
[2026-01-05T17:29:13.567+0000] {processor.py:186} INFO - Started process (PID=1620) to work on /home/airflow/.local/lib/python3.12/site-packages/airflow/example_dags/example_branch_labels.py
[2026-01-05T17:29:13.569+0000] {processor.py:914} INFO - Processing file /home/airflow/.local/lib/python3.12/site-packages/airflow/example_dags/example_branch_labels.py for tasks to queue
[2026-01-05T17:29:13.573+0000] {logging_mixin.py:190} INFO - [2026-01-05T17:29:13.572+0000] {dagbag.py:587} INFO - Filling up the DagBag from /home/airflow/.local/lib/python3.12/site-packages/airflow/example_dags/example_branch_labels.py
[2026-01-05T17:29:13.583+0000] {processor.py:925} INFO - DAG(s) 'example_branch_labels' retrieved from /home/airflow/.local/lib/python3.12/site-packages/airflow/example_dags/example_branch_labels.py
[2026-01-05T17:29:13.605+0000] {logging_mixin.py:190} INFO - [2026-01-05T17:29:13.605+0000] {dag.py:3211} INFO - Sync 1 DAGs
[2026-01-05T17:29:13.629+0000] {logging_mixin.py:190} INFO - [2026-01-05T17:29:13.628+0000] {dag.py:4138} INFO - Setting next_dagrun for example_branch_labels to 2026-01-04 00:00:00+00:00, run_after=2026-01-05 00:00:00+00:00
[2026-01-05T17:29:13.648+0000] {processor.py:208} INFO - Processing /home/airflow/.local/lib/python3.12/site-packages/airflow/example_dags/example_branch_labels.py took 0.089 seconds
[2026-01-05T17:29:44.271+0000] {processor.py:186} INFO - Started process (PID=1686) to work on /home/airflow/.local/lib/python3.12/site-packages/airflow/example_dags/example_branch_labels.py
[2026-01-05T17:29:44.273+0000] {processor.py:914} INFO - Processing file /home/airflow/.local/lib/python3.12/site-packages/airflow/example_dags/example_branch_labels.py for tasks to queue
[2026-01-05T17:29:44.277+0000] {logging_mixin.py:190} INFO - [2026-01-05T17:29:44.277+0000] {dagbag.py:587} INFO - Filling up the DagBag from /home/airflow/.local/lib/python3.12/site-packages/airflow/example_dags/example_branch_labels.py
[2026-01-05T17:29:44.289+0000] {processor.py:925} INFO - DAG(s) 'example_branch_labels' retrieved from /home/airflow/.local/lib/python3.12/site-packages/airflow/example_dags/example_branch_labels.py
[2026-01-05T17:29:44.320+0000] {logging_mixin.py:190} INFO - [2026-01-05T17:29:44.320+0000] {dag.py:3211} INFO - Sync 1 DAGs
[2026-01-05T17:29:44.348+0000] {logging_mixin.py:190} INFO - [2026-01-05T17:29:44.347+0000] {dag.py:4138} INFO - Setting next_dagrun for example_branch_labels to 2026-01-04 00:00:00+00:00, run_after=2026-01-05 00:00:00+00:00
[2026-01-05T17:29:44.371+0000] {processor.py:208} INFO - Processing /home/airflow/.local/lib/python3.12/site-packages/airflow/example_dags/example_branch_labels.py took 0.105 seconds
[2026-01-05T17:30:14.810+0000] {processor.py:186} INFO - Started process (PID=1752) to work on /home/airflow/.local/lib/python3.12/site-packages/airflow/example_dags/example_branch_labels.py
[2026-01-05T17:30:14.811+0000] {processor.py:914} INFO - Processing file /home/airflow/.local/lib/python3.12/site-packages/airflow/example_dags/example_branch_labels.py for tasks to queue
[2026-01-05T17:30:14.814+0000] {logging_mixin.py:190} INFO - [2026-01-05T17:30:14.814+0000] {dagbag.py:587} INFO - Filling up the DagBag from /home/airflow/.local/lib/python3.12/site-packages/airflow/example_dags/example_branch_labels.py
[2026-01-05T17:30:14.826+0000] {processor.py:925} INFO - DAG(s) 'example_branch_labels' retrieved from /home/airflow/.local/lib/python3.12/site-packages/airflow/example_dags/example_branch_labels.py
[2026-01-05T17:30:14.851+0000] {logging_mixin.py:190} INFO - [2026-01-05T17:30:14.850+0000] {dag.py:3211} INFO - Sync 1 DAGs
[2026-01-05T17:30:14.878+0000] {logging_mixin.py:190} INFO - [2026-01-05T17:30:14.877+0000] {dag.py:4138} INFO - Setting next_dagrun for example_branch_labels to 2026-01-04 00:00:00+00:00, run_after=2026-01-05 00:00:00+00:00
[2026-01-05T17:30:14.897+0000] {processor.py:208} INFO - Processing /home/airflow/.local/lib/python3.12/site-packages/airflow/example_dags/example_branch_labels.py took 0.099 seconds
[2026-01-05T17:30:45.807+0000] {processor.py:186} INFO - Started process (PID=1819) to work on /home/airflow/.local/lib/python3.12/site-packages/airflow/example_dags/example_branch_labels.py
[2026-01-05T17:30:45.809+0000] {processor.py:914} INFO - Processing file /home/airflow/.local/lib/python3.12/site-packages/airflow/example_dags/example_branch_labels.py for tasks to queue
[2026-01-05T17:30:45.812+0000] {logging_mixin.py:190} INFO - [2026-01-05T17:30:45.812+0000] {dagbag.py:587} INFO - Filling up the DagBag from /home/airflow/.local/lib/python3.12/site-packages/airflow/example_dags/example_branch_labels.py
[2026-01-05T17:30:45.821+0000] {processor.py:925} INFO - DAG(s) 'example_branch_labels' retrieved from /home/airflow/.local/lib/python3.12/site-packages/airflow/example_dags/example_branch_labels.py
[2026-01-05T17:30:45.843+0000] {logging_mixin.py:190} INFO - [2026-01-05T17:30:45.843+0000] {dag.py:3211} INFO - Sync 1 DAGs
[2026-01-05T17:30:45.864+0000] {logging_mixin.py:190} INFO - [2026-01-05T17:30:45.864+0000] {dag.py:4138} INFO - Setting next_dagrun for example_branch_labels to 2026-01-04 00:00:00+00:00, run_after=2026-01-05 00:00:00+00:00
[2026-01-05T17:30:45.883+0000] {processor.py:208} INFO - Processing /home/airflow/.local/lib/python3.12/site-packages/airflow/example_dags/example_branch_labels.py took 0.081 seconds
[2026-01-05T17:31:16.591+0000] {processor.py:186} INFO - Started process (PID=1885) to work on /home/airflow/.local/lib/python3.12/site-packages/airflow/example_dags/example_branch_labels.py
[2026-01-05T17:31:16.593+0000] {processor.py:914} INFO - Processing file /home/airflow/.local/lib/python3.12/site-packages/airflow/example_dags/example_branch_labels.py for tasks to queue
[2026-01-05T17:31:16.599+0000] {logging_mixin.py:190} INFO - [2026-01-05T17:31:16.599+0000] {dagbag.py:587} INFO - Filling up the DagBag from /home/airflow/.local/lib/python3.12/site-packages/airflow/example_dags/example_branch_labels.py
[2026-01-05T17:31:16.613+0000] {processor.py:925} INFO - DAG(s) 'example_branch_labels' retrieved from /home/airflow/.local/lib/python3.12/site-packages/airflow/example_dags/example_branch_labels.py
[2026-01-05T17:31:16.641+0000] {logging_mixin.py:190} INFO - [2026-01-05T17:31:16.640+0000] {dag.py:3211} INFO - Sync 1 DAGs
[2026-01-05T17:31:16.684+0000] {logging_mixin.py:190} INFO - [2026-01-05T17:31:16.684+0000] {dag.py:4138} INFO - Setting next_dagrun for example_branch_labels to 2026-01-04 00:00:00+00:00, run_after=2026-01-05 00:00:00+00:00
[2026-01-05T17:31:16.723+0000] {processor.py:208} INFO - Processing /home/airflow/.local/lib/python3.12/site-packages/airflow/example_dags/example_branch_labels.py took 0.142 seconds
[2026-01-05T17:31:47.226+0000] {processor.py:186} INFO - Started process (PID=1951) to work on /home/airflow/.local/lib/python3.12/site-packages/airflow/example_dags/example_branch_labels.py
[2026-01-05T17:31:47.230+0000] {processor.py:914} INFO - Processing file /home/airflow/.local/lib/python3.12/site-packages/airflow/example_dags/example_branch_labels.py for tasks to queue
[2026-01-05T17:31:47.236+0000] {logging_mixin.py:190} INFO - [2026-01-05T17:31:47.235+0000] {dagbag.py:587} INFO - Filling up the DagBag from /home/airflow/.local/lib/python3.12/site-packages/airflow/example_dags/example_branch_labels.py
[2026-01-05T17:31:47.252+0000] {processor.py:925} INFO - DAG(s) 'example_branch_labels' retrieved from /home/airflow/.local/lib/python3.12/site-packages/airflow/example_dags/example_branch_labels.py
[2026-01-05T17:31:47.290+0000] {logging_mixin.py:190} INFO - [2026-01-05T17:31:47.290+0000] {dag.py:3211} INFO - Sync 1 DAGs
[2026-01-05T17:31:47.331+0000] {logging_mixin.py:190} INFO - [2026-01-05T17:31:47.331+0000] {dag.py:4138} INFO - Setting next_dagrun for example_branch_labels to 2026-01-04 00:00:00+00:00, run_after=2026-01-05 00:00:00+00:00
[2026-01-05T17:31:47.364+0000] {processor.py:208} INFO - Processing /home/airflow/.local/lib/python3.12/site-packages/airflow/example_dags/example_branch_labels.py took 0.148 seconds
[2026-01-05T17:32:17.902+0000] {processor.py:186} INFO - Started process (PID=2017) to work on /home/airflow/.local/lib/python3.12/site-packages/airflow/example_dags/example_branch_labels.py
[2026-01-05T17:32:17.904+0000] {processor.py:914} INFO - Processing file /home/airflow/.local/lib/python3.12/site-packages/airflow/example_dags/example_branch_labels.py for tasks to queue
[2026-01-05T17:32:17.907+0000] {logging_mixin.py:190} INFO - [2026-01-05T17:32:17.907+0000] {dagbag.py:587} INFO - Filling up the DagBag from /home/airflow/.local/lib/python3.12/site-packages/airflow/example_dags/example_branch_labels.py
[2026-01-05T17:32:17.917+0000] {processor.py:925} INFO - DAG(s) 'example_branch_labels' retrieved from /home/airflow/.local/lib/python3.12/site-packages/airflow/example_dags/example_branch_labels.py
[2026-01-05T17:32:17.941+0000] {logging_mixin.py:190} INFO - [2026-01-05T17:32:17.941+0000] {dag.py:3211} INFO - Sync 1 DAGs
[2026-01-05T17:32:17.966+0000] {logging_mixin.py:190} INFO - [2026-01-05T17:32:17.965+0000] {dag.py:4138} INFO - Setting next_dagrun for example_branch_labels to 2026-01-04 00:00:00+00:00, run_after=2026-01-05 00:00:00+00:00
[2026-01-05T17:32:17.986+0000] {processor.py:208} INFO - Processing /home/airflow/.local/lib/python3.12/site-packages/airflow/example_dags/example_branch_labels.py took 0.091 seconds
[2026-01-05T17:32:48.928+0000] {processor.py:186} INFO - Started process (PID=2083) to work on /home/airflow/.local/lib/python3.12/site-packages/airflow/example_dags/example_branch_labels.py
[2026-01-05T17:32:48.931+0000] {processor.py:914} INFO - Processing file /home/airflow/.local/lib/python3.12/site-packages/airflow/example_dags/example_branch_labels.py for tasks to queue
[2026-01-05T17:32:48.934+0000] {logging_mixin.py:190} INFO - [2026-01-05T17:32:48.933+0000] {dagbag.py:587} INFO - Filling up the DagBag from /home/airflow/.local/lib/python3.12/site-packages/airflow/example_dags/example_branch_labels.py
[2026-01-05T17:32:48.942+0000] {processor.py:925} INFO - DAG(s) 'example_branch_labels' retrieved from /home/airflow/.local/lib/python3.12/site-packages/airflow/example_dags/example_branch_labels.py
[2026-01-05T17:32:48.971+0000] {logging_mixin.py:190} INFO - [2026-01-05T17:32:48.971+0000] {dag.py:3211} INFO - Sync 1 DAGs
[2026-01-05T17:32:49.190+0000] {logging_mixin.py:190} INFO - [2026-01-05T17:32:49.190+0000] {dag.py:4138} INFO - Setting next_dagrun for example_branch_labels to 2026-01-04 00:00:00+00:00, run_after=2026-01-05 00:00:00+00:00
[2026-01-05T17:32:49.211+0000] {processor.py:208} INFO - Processing /home/airflow/.local/lib/python3.12/site-packages/airflow/example_dags/example_branch_labels.py took 0.291 seconds
[2026-01-05T17:33:20.365+0000] {processor.py:186} INFO - Started process (PID=2149) to work on /home/airflow/.local/lib/python3.12/site-packages/airflow/example_dags/example_branch_labels.py
[2026-01-05T17:33:20.367+0000] {processor.py:914} INFO - Processing file /home/airflow/.local/lib/python3.12/site-packages/airflow/example_dags/example_branch_labels.py for tasks to queue
[2026-01-05T17:33:20.372+0000] {logging_mixin.py:190} INFO - [2026-01-05T17:33:20.372+0000] {dagbag.py:587} INFO - Filling up the DagBag from /home/airflow/.local/lib/python3.12/site-packages/airflow/example_dags/example_branch_labels.py
[2026-01-05T17:33:20.389+0000] {processor.py:925} INFO - DAG(s) 'example_branch_labels' retrieved from /home/airflow/.local/lib/python3.12/site-packages/airflow/example_dags/example_branch_labels.py
[2026-01-05T17:33:20.435+0000] {logging_mixin.py:190} INFO - [2026-01-05T17:33:20.434+0000] {dag.py:3211} INFO - Sync 1 DAGs
[2026-01-05T17:33:20.774+0000] {logging_mixin.py:190} INFO - [2026-01-05T17:33:20.773+0000] {dag.py:4138} INFO - Setting next_dagrun for example_branch_labels to 2026-01-04 00:00:00+00:00, run_after=2026-01-05 00:00:00+00:00
[2026-01-05T17:33:20.798+0000] {processor.py:208} INFO - Processing /home/airflow/.local/lib/python3.12/site-packages/airflow/example_dags/example_branch_labels.py took 0.443 seconds
[2026-01-05T17:33:50.922+0000] {processor.py:186} INFO - Started process (PID=2215) to work on /home/airflow/.local/lib/python3.12/site-packages/airflow/example_dags/example_branch_labels.py
[2026-01-05T17:33:50.924+0000] {processor.py:914} INFO - Processing file /home/airflow/.local/lib/python3.12/site-packages/airflow/example_dags/example_branch_labels.py for tasks to queue
[2026-01-05T17:33:50.927+0000] {logging_mixin.py:190} INFO - [2026-01-05T17:33:50.927+0000] {dagbag.py:587} INFO - Filling up the DagBag from /home/airflow/.local/lib/python3.12/site-packages/airflow/example_dags/example_branch_labels.py
[2026-01-05T17:33:50.937+0000] {processor.py:925} INFO - DAG(s) 'example_branch_labels' retrieved from /home/airflow/.local/lib/python3.12/site-packages/airflow/example_dags/example_branch_labels.py
[2026-01-05T17:33:50.962+0000] {logging_mixin.py:190} INFO - [2026-01-05T17:33:50.962+0000] {dag.py:3211} INFO - Sync 1 DAGs
[2026-01-05T17:33:51.224+0000] {logging_mixin.py:190} INFO - [2026-01-05T17:33:51.224+0000] {dag.py:4138} INFO - Setting next_dagrun for example_branch_labels to 2026-01-04 00:00:00+00:00, run_after=2026-01-05 00:00:00+00:00
[2026-01-05T17:33:51.251+0000] {processor.py:208} INFO - Processing /home/airflow/.local/lib/python3.12/site-packages/airflow/example_dags/example_branch_labels.py took 0.336 seconds
[2026-01-05T17:34:21.928+0000] {processor.py:186} INFO - Started process (PID=2281) to work on /home/airflow/.local/lib/python3.12/site-packages/airflow/example_dags/example_branch_labels.py
[2026-01-05T17:34:21.930+0000] {processor.py:914} INFO - Processing file /home/airflow/.local/lib/python3.12/site-packages/airflow/example_dags/example_branch_labels.py for tasks to queue
[2026-01-05T17:34:21.934+0000] {logging_mixin.py:190} INFO - [2026-01-05T17:34:21.933+0000] {dagbag.py:587} INFO - Filling up the DagBag from /home/airflow/.local/lib/python3.12/site-packages/airflow/example_dags/example_branch_labels.py
[2026-01-05T17:34:21.942+0000] {processor.py:925} INFO - DAG(s) 'example_branch_labels' retrieved from /home/airflow/.local/lib/python3.12/site-packages/airflow/example_dags/example_branch_labels.py
[2026-01-05T17:34:21.965+0000] {logging_mixin.py:190} INFO - [2026-01-05T17:34:21.965+0000] {dag.py:3211} INFO - Sync 1 DAGs
[2026-01-05T17:34:21.990+0000] {logging_mixin.py:190} INFO - [2026-01-05T17:34:21.989+0000] {dag.py:4138} INFO - Setting next_dagrun for example_branch_labels to 2026-01-04 00:00:00+00:00, run_after=2026-01-05 00:00:00+00:00
[2026-01-05T17:34:22.011+0000] {processor.py:208} INFO - Processing /home/airflow/.local/lib/python3.12/site-packages/airflow/example_dags/example_branch_labels.py took 0.089 seconds
[2026-01-05T17:34:52.347+0000] {processor.py:186} INFO - Started process (PID=2347) to work on /home/airflow/.local/lib/python3.12/site-packages/airflow/example_dags/example_branch_labels.py
[2026-01-05T17:34:52.348+0000] {processor.py:914} INFO - Processing file /home/airflow/.local/lib/python3.12/site-packages/airflow/example_dags/example_branch_labels.py for tasks to queue
[2026-01-05T17:34:52.352+0000] {logging_mixin.py:190} INFO - [2026-01-05T17:34:52.352+0000] {dagbag.py:587} INFO - Filling up the DagBag from /home/airflow/.local/lib/python3.12/site-packages/airflow/example_dags/example_branch_labels.py
[2026-01-05T17:34:52.364+0000] {processor.py:925} INFO - DAG(s) 'example_branch_labels' retrieved from /home/airflow/.local/lib/python3.12/site-packages/airflow/example_dags/example_branch_labels.py
[2026-01-05T17:34:52.395+0000] {logging_mixin.py:190} INFO - [2026-01-05T17:34:52.395+0000] {dag.py:3211} INFO - Sync 1 DAGs
[2026-01-05T17:34:52.428+0000] {logging_mixin.py:190} INFO - [2026-01-05T17:34:52.427+0000] {dag.py:4138} INFO - Setting next_dagrun for example_branch_labels to 2026-01-04 00:00:00+00:00, run_after=2026-01-05 00:00:00+00:00
[2026-01-05T17:34:52.448+0000] {processor.py:208} INFO - Processing /home/airflow/.local/lib/python3.12/site-packages/airflow/example_dags/example_branch_labels.py took 0.109 seconds
[2026-01-05T17:35:22.961+0000] {processor.py:186} INFO - Started process (PID=2413) to work on /home/airflow/.local/lib/python3.12/site-packages/airflow/example_dags/example_branch_labels.py
[2026-01-05T17:35:22.963+0000] {processor.py:914} INFO - Processing file /home/airflow/.local/lib/python3.12/site-packages/airflow/example_dags/example_branch_labels.py for tasks to queue
[2026-01-05T17:35:22.968+0000] {logging_mixin.py:190} INFO - [2026-01-05T17:35:22.967+0000] {dagbag.py:587} INFO - Filling up the DagBag from /home/airflow/.local/lib/python3.12/site-packages/airflow/example_dags/example_branch_labels.py
[2026-01-05T17:35:22.986+0000] {processor.py:925} INFO - DAG(s) 'example_branch_labels' retrieved from /home/airflow/.local/lib/python3.12/site-packages/airflow/example_dags/example_branch_labels.py
[2026-01-05T17:35:23.017+0000] {logging_mixin.py:190} INFO - [2026-01-05T17:35:23.017+0000] {dag.py:3211} INFO - Sync 1 DAGs
[2026-01-05T17:35:23.054+0000] {logging_mixin.py:190} INFO - [2026-01-05T17:35:23.054+0000] {dag.py:4138} INFO - Setting next_dagrun for example_branch_labels to 2026-01-04 00:00:00+00:00, run_after=2026-01-05 00:00:00+00:00
[2026-01-05T17:35:23.090+0000] {processor.py:208} INFO - Processing /home/airflow/.local/lib/python3.12/site-packages/airflow/example_dags/example_branch_labels.py took 0.138 seconds
[2026-01-05T17:35:53.706+0000] {processor.py:186} INFO - Started process (PID=2480) to work on /home/airflow/.local/lib/python3.12/site-packages/airflow/example_dags/example_branch_labels.py
[2026-01-05T17:35:53.708+0000] {processor.py:914} INFO - Processing file /home/airflow/.local/lib/python3.12/site-packages/airflow/example_dags/example_branch_labels.py for tasks to queue
[2026-01-05T17:35:53.713+0000] {logging_mixin.py:190} INFO - [2026-01-05T17:35:53.713+0000] {dagbag.py:587} INFO - Filling up the DagBag from /home/airflow/.local/lib/python3.12/site-packages/airflow/example_dags/example_branch_labels.py
[2026-01-05T17:35:53.729+0000] {processor.py:925} INFO - DAG(s) 'example_branch_labels' retrieved from /home/airflow/.local/lib/python3.12/site-packages/airflow/example_dags/example_branch_labels.py
[2026-01-05T17:35:53.774+0000] {logging_mixin.py:190} INFO - [2026-01-05T17:35:53.774+0000] {dag.py:3211} INFO - Sync 1 DAGs
[2026-01-05T17:35:53.804+0000] {logging_mixin.py:190} INFO - [2026-01-05T17:35:53.803+0000] {dag.py:4138} INFO - Setting next_dagrun for example_branch_labels to 2026-01-04 00:00:00+00:00, run_after=2026-01-05 00:00:00+00:00
[2026-01-05T17:35:53.823+0000] {processor.py:208} INFO - Processing /home/airflow/.local/lib/python3.12/site-packages/airflow/example_dags/example_branch_labels.py took 0.126 seconds
[2026-01-05T17:36:24.544+0000] {processor.py:186} INFO - Started process (PID=2546) to work on /home/airflow/.local/lib/python3.12/site-packages/airflow/example_dags/example_branch_labels.py
[2026-01-05T17:36:24.545+0000] {processor.py:914} INFO - Processing file /home/airflow/.local/lib/python3.12/site-packages/airflow/example_dags/example_branch_labels.py for tasks to queue
[2026-01-05T17:36:24.549+0000] {logging_mixin.py:190} INFO - [2026-01-05T17:36:24.548+0000] {dagbag.py:587} INFO - Filling up the DagBag from /home/airflow/.local/lib/python3.12/site-packages/airflow/example_dags/example_branch_labels.py
[2026-01-05T17:36:24.560+0000] {processor.py:925} INFO - DAG(s) 'example_branch_labels' retrieved from /home/airflow/.local/lib/python3.12/site-packages/airflow/example_dags/example_branch_labels.py
[2026-01-05T17:36:24.585+0000] {logging_mixin.py:190} INFO - [2026-01-05T17:36:24.585+0000] {dag.py:3211} INFO - Sync 1 DAGs
[2026-01-05T17:36:24.611+0000] {logging_mixin.py:190} INFO - [2026-01-05T17:36:24.611+0000] {dag.py:4138} INFO - Setting next_dagrun for example_branch_labels to 2026-01-04 00:00:00+00:00, run_after=2026-01-05 00:00:00+00:00
[2026-01-05T17:36:24.638+0000] {processor.py:208} INFO - Processing /home/airflow/.local/lib/python3.12/site-packages/airflow/example_dags/example_branch_labels.py took 0.101 seconds
[2026-01-05T17:36:55.053+0000] {processor.py:186} INFO - Started process (PID=2612) to work on /home/airflow/.local/lib/python3.12/site-packages/airflow/example_dags/example_branch_labels.py
[2026-01-05T17:36:55.054+0000] {processor.py:914} INFO - Processing file /home/airflow/.local/lib/python3.12/site-packages/airflow/example_dags/example_branch_labels.py for tasks to queue
[2026-01-05T17:36:55.057+0000] {logging_mixin.py:190} INFO - [2026-01-05T17:36:55.056+0000] {dagbag.py:587} INFO - Filling up the DagBag from /home/airflow/.local/lib/python3.12/site-packages/airflow/example_dags/example_branch_labels.py
[2026-01-05T17:36:55.065+0000] {processor.py:925} INFO - DAG(s) 'example_branch_labels' retrieved from /home/airflow/.local/lib/python3.12/site-packages/airflow/example_dags/example_branch_labels.py
[2026-01-05T17:36:55.089+0000] {logging_mixin.py:190} INFO - [2026-01-05T17:36:55.089+0000] {dag.py:3211} INFO - Sync 1 DAGs
[2026-01-05T17:36:55.113+0000] {logging_mixin.py:190} INFO - [2026-01-05T17:36:55.113+0000] {dag.py:4138} INFO - Setting next_dagrun for example_branch_labels to 2026-01-04 00:00:00+00:00, run_after=2026-01-05 00:00:00+00:00
[2026-01-05T17:36:55.135+0000] {processor.py:208} INFO - Processing /home/airflow/.local/lib/python3.12/site-packages/airflow/example_dags/example_branch_labels.py took 0.090 seconds
[2026-01-05T17:37:25.520+0000] {processor.py:186} INFO - Started process (PID=2678) to work on /home/airflow/.local/lib/python3.12/site-packages/airflow/example_dags/example_branch_labels.py
[2026-01-05T17:37:25.522+0000] {processor.py:914} INFO - Processing file /home/airflow/.local/lib/python3.12/site-packages/airflow/example_dags/example_branch_labels.py for tasks to queue
[2026-01-05T17:37:25.526+0000] {logging_mixin.py:190} INFO - [2026-01-05T17:37:25.525+0000] {dagbag.py:587} INFO - Filling up the DagBag from /home/airflow/.local/lib/python3.12/site-packages/airflow/example_dags/example_branch_labels.py
[2026-01-05T17:37:25.539+0000] {processor.py:925} INFO - DAG(s) 'example_branch_labels' retrieved from /home/airflow/.local/lib/python3.12/site-packages/airflow/example_dags/example_branch_labels.py
[2026-01-05T17:37:25.575+0000] {logging_mixin.py:190} INFO - [2026-01-05T17:37:25.575+0000] {dag.py:3211} INFO - Sync 1 DAGs
[2026-01-05T17:37:25.601+0000] {logging_mixin.py:190} INFO - [2026-01-05T17:37:25.600+0000] {dag.py:4138} INFO - Setting next_dagrun for example_branch_labels to 2026-01-04 00:00:00+00:00, run_after=2026-01-05 00:00:00+00:00
[2026-01-05T17:37:25.619+0000] {processor.py:208} INFO - Processing /home/airflow/.local/lib/python3.12/site-packages/airflow/example_dags/example_branch_labels.py took 0.108 seconds
[2026-01-05T17:37:56.359+0000] {processor.py:186} INFO - Started process (PID=2744) to work on /home/airflow/.local/lib/python3.12/site-packages/airflow/example_dags/example_branch_labels.py
[2026-01-05T17:37:56.361+0000] {processor.py:914} INFO - Processing file /home/airflow/.local/lib/python3.12/site-packages/airflow/example_dags/example_branch_labels.py for tasks to queue
[2026-01-05T17:37:56.366+0000] {logging_mixin.py:190} INFO - [2026-01-05T17:37:56.365+0000] {dagbag.py:587} INFO - Filling up the DagBag from /home/airflow/.local/lib/python3.12/site-packages/airflow/example_dags/example_branch_labels.py
[2026-01-05T17:37:56.376+0000] {processor.py:925} INFO - DAG(s) 'example_branch_labels' retrieved from /home/airflow/.local/lib/python3.12/site-packages/airflow/example_dags/example_branch_labels.py
[2026-01-05T17:37:56.415+0000] {logging_mixin.py:190} INFO - [2026-01-05T17:37:56.414+0000] {dag.py:3211} INFO - Sync 1 DAGs
[2026-01-05T17:37:56.435+0000] {logging_mixin.py:190} INFO - [2026-01-05T17:37:56.435+0000] {dag.py:4138} INFO - Setting next_dagrun for example_branch_labels to 2026-01-04 00:00:00+00:00, run_after=2026-01-05 00:00:00+00:00
[2026-01-05T17:37:56.456+0000] {processor.py:208} INFO - Processing /home/airflow/.local/lib/python3.12/site-packages/airflow/example_dags/example_branch_labels.py took 0.108 seconds
[2026-01-05T17:38:26.869+0000] {processor.py:186} INFO - Started process (PID=2810) to work on /home/airflow/.local/lib/python3.12/site-packages/airflow/example_dags/example_branch_labels.py
[2026-01-05T17:38:26.870+0000] {processor.py:914} INFO - Processing file /home/airflow/.local/lib/python3.12/site-packages/airflow/example_dags/example_branch_labels.py for tasks to queue
[2026-01-05T17:38:26.873+0000] {logging_mixin.py:190} INFO - [2026-01-05T17:38:26.872+0000] {dagbag.py:587} INFO - Filling up the DagBag from /home/airflow/.local/lib/python3.12/site-packages/airflow/example_dags/example_branch_labels.py
[2026-01-05T17:38:26.883+0000] {processor.py:925} INFO - DAG(s) 'example_branch_labels' retrieved from /home/airflow/.local/lib/python3.12/site-packages/airflow/example_dags/example_branch_labels.py
[2026-01-05T17:38:26.907+0000] {logging_mixin.py:190} INFO - [2026-01-05T17:38:26.906+0000] {dag.py:3211} INFO - Sync 1 DAGs
[2026-01-05T17:38:26.931+0000] {logging_mixin.py:190} INFO - [2026-01-05T17:38:26.931+0000] {dag.py:4138} INFO - Setting next_dagrun for example_branch_labels to 2026-01-04 00:00:00+00:00, run_after=2026-01-05 00:00:00+00:00
[2026-01-05T17:38:26.951+0000] {processor.py:208} INFO - Processing /home/airflow/.local/lib/python3.12/site-packages/airflow/example_dags/example_branch_labels.py took 0.089 seconds
[2026-01-05T17:38:57.863+0000] {processor.py:186} INFO - Started process (PID=2876) to work on /home/airflow/.local/lib/python3.12/site-packages/airflow/example_dags/example_branch_labels.py
[2026-01-05T17:38:57.866+0000] {processor.py:914} INFO - Processing file /home/airflow/.local/lib/python3.12/site-packages/airflow/example_dags/example_branch_labels.py for tasks to queue
[2026-01-05T17:38:57.870+0000] {logging_mixin.py:190} INFO - [2026-01-05T17:38:57.870+0000] {dagbag.py:587} INFO - Filling up the DagBag from /home/airflow/.local/lib/python3.12/site-packages/airflow/example_dags/example_branch_labels.py
[2026-01-05T17:38:57.879+0000] {processor.py:925} INFO - DAG(s) 'example_branch_labels' retrieved from /home/airflow/.local/lib/python3.12/site-packages/airflow/example_dags/example_branch_labels.py
[2026-01-05T17:38:57.903+0000] {logging_mixin.py:190} INFO - [2026-01-05T17:38:57.902+0000] {dag.py:3211} INFO - Sync 1 DAGs
[2026-01-05T17:38:57.933+0000] {logging_mixin.py:190} INFO - [2026-01-05T17:38:57.933+0000] {dag.py:4138} INFO - Setting next_dagrun for example_branch_labels to 2026-01-04 00:00:00+00:00, run_after=2026-01-05 00:00:00+00:00
[2026-01-05T17:38:57.956+0000] {processor.py:208} INFO - Processing /home/airflow/.local/lib/python3.12/site-packages/airflow/example_dags/example_branch_labels.py took 0.100 seconds
[2026-01-05T17:39:28.447+0000] {processor.py:186} INFO - Started process (PID=2942) to work on /home/airflow/.local/lib/python3.12/site-packages/airflow/example_dags/example_branch_labels.py
[2026-01-05T17:39:28.449+0000] {processor.py:914} INFO - Processing file /home/airflow/.local/lib/python3.12/site-packages/airflow/example_dags/example_branch_labels.py for tasks to queue
[2026-01-05T17:39:28.453+0000] {logging_mixin.py:190} INFO - [2026-01-05T17:39:28.452+0000] {dagbag.py:587} INFO - Filling up the DagBag from /home/airflow/.local/lib/python3.12/site-packages/airflow/example_dags/example_branch_labels.py
[2026-01-05T17:39:28.463+0000] {processor.py:925} INFO - DAG(s) 'example_branch_labels' retrieved from /home/airflow/.local/lib/python3.12/site-packages/airflow/example_dags/example_branch_labels.py
[2026-01-05T17:39:28.492+0000] {logging_mixin.py:190} INFO - [2026-01-05T17:39:28.491+0000] {dag.py:3211} INFO - Sync 1 DAGs
[2026-01-05T17:39:28.517+0000] {logging_mixin.py:190} INFO - [2026-01-05T17:39:28.516+0000] {dag.py:4138} INFO - Setting next_dagrun for example_branch_labels to 2026-01-04 00:00:00+00:00, run_after=2026-01-05 00:00:00+00:00
[2026-01-05T17:39:28.543+0000] {processor.py:208} INFO - Processing /home/airflow/.local/lib/python3.12/site-packages/airflow/example_dags/example_branch_labels.py took 0.103 seconds
[2026-01-05T17:39:59.360+0000] {processor.py:186} INFO - Started process (PID=3008) to work on /home/airflow/.local/lib/python3.12/site-packages/airflow/example_dags/example_branch_labels.py
[2026-01-05T17:39:59.364+0000] {processor.py:914} INFO - Processing file /home/airflow/.local/lib/python3.12/site-packages/airflow/example_dags/example_branch_labels.py for tasks to queue
[2026-01-05T17:39:59.374+0000] {logging_mixin.py:190} INFO - [2026-01-05T17:39:59.373+0000] {dagbag.py:587} INFO - Filling up the DagBag from /home/airflow/.local/lib/python3.12/site-packages/airflow/example_dags/example_branch_labels.py
[2026-01-05T17:39:59.384+0000] {processor.py:925} INFO - DAG(s) 'example_branch_labels' retrieved from /home/airflow/.local/lib/python3.12/site-packages/airflow/example_dags/example_branch_labels.py
[2026-01-05T17:39:59.450+0000] {logging_mixin.py:190} INFO - [2026-01-05T17:39:59.450+0000] {dag.py:3211} INFO - Sync 1 DAGs
[2026-01-05T17:39:59.501+0000] {logging_mixin.py:190} INFO - [2026-01-05T17:39:59.501+0000] {dag.py:4138} INFO - Setting next_dagrun for example_branch_labels to 2026-01-04 00:00:00+00:00, run_after=2026-01-05 00:00:00+00:00
[2026-01-05T17:39:59.536+0000] {processor.py:208} INFO - Processing /home/airflow/.local/lib/python3.12/site-packages/airflow/example_dags/example_branch_labels.py took 0.193 seconds
[2026-01-05T17:40:30.265+0000] {processor.py:186} INFO - Started process (PID=3074) to work on /home/airflow/.local/lib/python3.12/site-packages/airflow/example_dags/example_branch_labels.py
[2026-01-05T17:40:30.267+0000] {processor.py:914} INFO - Processing file /home/airflow/.local/lib/python3.12/site-packages/airflow/example_dags/example_branch_labels.py for tasks to queue
[2026-01-05T17:40:30.271+0000] {logging_mixin.py:190} INFO - [2026-01-05T17:40:30.270+0000] {dagbag.py:587} INFO - Filling up the DagBag from /home/airflow/.local/lib/python3.12/site-packages/airflow/example_dags/example_branch_labels.py
[2026-01-05T17:40:30.288+0000] {processor.py:925} INFO - DAG(s) 'example_branch_labels' retrieved from /home/airflow/.local/lib/python3.12/site-packages/airflow/example_dags/example_branch_labels.py
[2026-01-05T17:40:30.324+0000] {logging_mixin.py:190} INFO - [2026-01-05T17:40:30.323+0000] {dag.py:3211} INFO - Sync 1 DAGs
[2026-01-05T17:40:30.365+0000] {logging_mixin.py:190} INFO - [2026-01-05T17:40:30.364+0000] {dag.py:4138} INFO - Setting next_dagrun for example_branch_labels to 2026-01-04 00:00:00+00:00, run_after=2026-01-05 00:00:00+00:00
[2026-01-05T17:40:30.391+0000] {processor.py:208} INFO - Processing /home/airflow/.local/lib/python3.12/site-packages/airflow/example_dags/example_branch_labels.py took 0.140 seconds
[2026-01-05T17:41:00.909+0000] {processor.py:186} INFO - Started process (PID=3146) to work on /home/airflow/.local/lib/python3.12/site-packages/airflow/example_dags/example_branch_labels.py
[2026-01-05T17:41:00.910+0000] {processor.py:914} INFO - Processing file /home/airflow/.local/lib/python3.12/site-packages/airflow/example_dags/example_branch_labels.py for tasks to queue
[2026-01-05T17:41:00.915+0000] {logging_mixin.py:190} INFO - [2026-01-05T17:41:00.915+0000] {dagbag.py:587} INFO - Filling up the DagBag from /home/airflow/.local/lib/python3.12/site-packages/airflow/example_dags/example_branch_labels.py
[2026-01-05T17:41:00.924+0000] {processor.py:925} INFO - DAG(s) 'example_branch_labels' retrieved from /home/airflow/.local/lib/python3.12/site-packages/airflow/example_dags/example_branch_labels.py
[2026-01-05T17:41:00.947+0000] {logging_mixin.py:190} INFO - [2026-01-05T17:41:00.946+0000] {dag.py:3211} INFO - Sync 1 DAGs
[2026-01-05T17:41:00.973+0000] {logging_mixin.py:190} INFO - [2026-01-05T17:41:00.973+0000] {dag.py:4138} INFO - Setting next_dagrun for example_branch_labels to 2026-01-04 00:00:00+00:00, run_after=2026-01-05 00:00:00+00:00
[2026-01-05T17:41:00.991+0000] {processor.py:208} INFO - Processing /home/airflow/.local/lib/python3.12/site-packages/airflow/example_dags/example_branch_labels.py took 0.090 seconds
[2026-01-05T17:41:31.162+0000] {processor.py:186} INFO - Started process (PID=3212) to work on /home/airflow/.local/lib/python3.12/site-packages/airflow/example_dags/example_branch_labels.py
[2026-01-05T17:41:31.164+0000] {processor.py:914} INFO - Processing file /home/airflow/.local/lib/python3.12/site-packages/airflow/example_dags/example_branch_labels.py for tasks to queue
[2026-01-05T17:41:31.168+0000] {logging_mixin.py:190} INFO - [2026-01-05T17:41:31.167+0000] {dagbag.py:587} INFO - Filling up the DagBag from /home/airflow/.local/lib/python3.12/site-packages/airflow/example_dags/example_branch_labels.py
[2026-01-05T17:41:31.176+0000] {processor.py:925} INFO - DAG(s) 'example_branch_labels' retrieved from /home/airflow/.local/lib/python3.12/site-packages/airflow/example_dags/example_branch_labels.py
[2026-01-05T17:41:31.208+0000] {logging_mixin.py:190} INFO - [2026-01-05T17:41:31.207+0000] {dag.py:3211} INFO - Sync 1 DAGs
[2026-01-05T17:41:31.233+0000] {logging_mixin.py:190} INFO - [2026-01-05T17:41:31.232+0000] {dag.py:4138} INFO - Setting next_dagrun for example_branch_labels to 2026-01-04 00:00:00+00:00, run_after=2026-01-05 00:00:00+00:00
[2026-01-05T17:41:31.254+0000] {processor.py:208} INFO - Processing /home/airflow/.local/lib/python3.12/site-packages/airflow/example_dags/example_branch_labels.py took 0.102 seconds
[2026-01-05T17:42:01.415+0000] {processor.py:186} INFO - Started process (PID=3278) to work on /home/airflow/.local/lib/python3.12/site-packages/airflow/example_dags/example_branch_labels.py
[2026-01-05T17:42:01.416+0000] {processor.py:914} INFO - Processing file /home/airflow/.local/lib/python3.12/site-packages/airflow/example_dags/example_branch_labels.py for tasks to queue
[2026-01-05T17:42:01.422+0000] {logging_mixin.py:190} INFO - [2026-01-05T17:42:01.421+0000] {dagbag.py:587} INFO - Filling up the DagBag from /home/airflow/.local/lib/python3.12/site-packages/airflow/example_dags/example_branch_labels.py
[2026-01-05T17:42:01.432+0000] {processor.py:925} INFO - DAG(s) 'example_branch_labels' retrieved from /home/airflow/.local/lib/python3.12/site-packages/airflow/example_dags/example_branch_labels.py
[2026-01-05T17:42:01.461+0000] {logging_mixin.py:190} INFO - [2026-01-05T17:42:01.460+0000] {dag.py:3211} INFO - Sync 1 DAGs
[2026-01-05T17:42:01.493+0000] {logging_mixin.py:190} INFO - [2026-01-05T17:42:01.493+0000] {dag.py:4138} INFO - Setting next_dagrun for example_branch_labels to 2026-01-04 00:00:00+00:00, run_after=2026-01-05 00:00:00+00:00
[2026-01-05T17:42:01.519+0000] {processor.py:208} INFO - Processing /home/airflow/.local/lib/python3.12/site-packages/airflow/example_dags/example_branch_labels.py took 0.112 seconds
[2026-01-05T17:42:31.818+0000] {processor.py:186} INFO - Started process (PID=3344) to work on /home/airflow/.local/lib/python3.12/site-packages/airflow/example_dags/example_branch_labels.py
[2026-01-05T17:42:31.819+0000] {processor.py:914} INFO - Processing file /home/airflow/.local/lib/python3.12/site-packages/airflow/example_dags/example_branch_labels.py for tasks to queue
[2026-01-05T17:42:31.823+0000] {logging_mixin.py:190} INFO - [2026-01-05T17:42:31.823+0000] {dagbag.py:587} INFO - Filling up the DagBag from /home/airflow/.local/lib/python3.12/site-packages/airflow/example_dags/example_branch_labels.py
[2026-01-05T17:42:31.837+0000] {processor.py:925} INFO - DAG(s) 'example_branch_labels' retrieved from /home/airflow/.local/lib/python3.12/site-packages/airflow/example_dags/example_branch_labels.py
[2026-01-05T17:42:31.868+0000] {logging_mixin.py:190} INFO - [2026-01-05T17:42:31.868+0000] {dag.py:3211} INFO - Sync 1 DAGs
[2026-01-05T17:42:31.904+0000] {logging_mixin.py:190} INFO - [2026-01-05T17:42:31.904+0000] {dag.py:4138} INFO - Setting next_dagrun for example_branch_labels to 2026-01-04 00:00:00+00:00, run_after=2026-01-05 00:00:00+00:00
[2026-01-05T17:42:31.929+0000] {processor.py:208} INFO - Processing /home/airflow/.local/lib/python3.12/site-packages/airflow/example_dags/example_branch_labels.py took 0.120 seconds
[2026-01-05T17:43:02.078+0000] {processor.py:186} INFO - Started process (PID=3410) to work on /home/airflow/.local/lib/python3.12/site-packages/airflow/example_dags/example_branch_labels.py
[2026-01-05T17:43:02.080+0000] {processor.py:914} INFO - Processing file /home/airflow/.local/lib/python3.12/site-packages/airflow/example_dags/example_branch_labels.py for tasks to queue
[2026-01-05T17:43:02.084+0000] {logging_mixin.py:190} INFO - [2026-01-05T17:43:02.083+0000] {dagbag.py:587} INFO - Filling up the DagBag from /home/airflow/.local/lib/python3.12/site-packages/airflow/example_dags/example_branch_labels.py
[2026-01-05T17:43:02.096+0000] {processor.py:925} INFO - DAG(s) 'example_branch_labels' retrieved from /home/airflow/.local/lib/python3.12/site-packages/airflow/example_dags/example_branch_labels.py
[2026-01-05T17:43:02.125+0000] {logging_mixin.py:190} INFO - [2026-01-05T17:43:02.124+0000] {dag.py:3211} INFO - Sync 1 DAGs
[2026-01-05T17:43:02.158+0000] {logging_mixin.py:190} INFO - [2026-01-05T17:43:02.157+0000] {dag.py:4138} INFO - Setting next_dagrun for example_branch_labels to 2026-01-04 00:00:00+00:00, run_after=2026-01-05 00:00:00+00:00
[2026-01-05T17:43:02.183+0000] {processor.py:208} INFO - Processing /home/airflow/.local/lib/python3.12/site-packages/airflow/example_dags/example_branch_labels.py took 0.112 seconds
[2026-01-05T17:43:32.696+0000] {processor.py:186} INFO - Started process (PID=3475) to work on /home/airflow/.local/lib/python3.12/site-packages/airflow/example_dags/example_branch_labels.py
[2026-01-05T17:43:32.697+0000] {processor.py:914} INFO - Processing file /home/airflow/.local/lib/python3.12/site-packages/airflow/example_dags/example_branch_labels.py for tasks to queue
[2026-01-05T17:43:32.701+0000] {logging_mixin.py:190} INFO - [2026-01-05T17:43:32.700+0000] {dagbag.py:587} INFO - Filling up the DagBag from /home/airflow/.local/lib/python3.12/site-packages/airflow/example_dags/example_branch_labels.py
[2026-01-05T17:43:32.713+0000] {processor.py:925} INFO - DAG(s) 'example_branch_labels' retrieved from /home/airflow/.local/lib/python3.12/site-packages/airflow/example_dags/example_branch_labels.py
[2026-01-05T17:43:32.742+0000] {logging_mixin.py:190} INFO - [2026-01-05T17:43:32.742+0000] {dag.py:3211} INFO - Sync 1 DAGs
[2026-01-05T17:43:32.774+0000] {logging_mixin.py:190} INFO - [2026-01-05T17:43:32.773+0000] {dag.py:4138} INFO - Setting next_dagrun for example_branch_labels to 2026-01-04 00:00:00+00:00, run_after=2026-01-05 00:00:00+00:00
[2026-01-05T17:43:32.805+0000] {processor.py:208} INFO - Processing /home/airflow/.local/lib/python3.12/site-packages/airflow/example_dags/example_branch_labels.py took 0.118 seconds
[2026-01-05T17:44:02.941+0000] {processor.py:186} INFO - Started process (PID=3541) to work on /home/airflow/.local/lib/python3.12/site-packages/airflow/example_dags/example_branch_labels.py
[2026-01-05T17:44:02.942+0000] {processor.py:914} INFO - Processing file /home/airflow/.local/lib/python3.12/site-packages/airflow/example_dags/example_branch_labels.py for tasks to queue
[2026-01-05T17:44:02.946+0000] {logging_mixin.py:190} INFO - [2026-01-05T17:44:02.945+0000] {dagbag.py:587} INFO - Filling up the DagBag from /home/airflow/.local/lib/python3.12/site-packages/airflow/example_dags/example_branch_labels.py
[2026-01-05T17:44:02.960+0000] {processor.py:925} INFO - DAG(s) 'example_branch_labels' retrieved from /home/airflow/.local/lib/python3.12/site-packages/airflow/example_dags/example_branch_labels.py
[2026-01-05T17:44:02.990+0000] {logging_mixin.py:190} INFO - [2026-01-05T17:44:02.989+0000] {dag.py:3211} INFO - Sync 1 DAGs
[2026-01-05T17:44:03.026+0000] {logging_mixin.py:190} INFO - [2026-01-05T17:44:03.026+0000] {dag.py:4138} INFO - Setting next_dagrun for example_branch_labels to 2026-01-04 00:00:00+00:00, run_after=2026-01-05 00:00:00+00:00
[2026-01-05T17:44:03.054+0000] {processor.py:208} INFO - Processing /home/airflow/.local/lib/python3.12/site-packages/airflow/example_dags/example_branch_labels.py took 0.121 seconds
[2026-01-05T17:44:33.449+0000] {processor.py:186} INFO - Started process (PID=3608) to work on /home/airflow/.local/lib/python3.12/site-packages/airflow/example_dags/example_branch_labels.py
[2026-01-05T17:44:33.452+0000] {processor.py:914} INFO - Processing file /home/airflow/.local/lib/python3.12/site-packages/airflow/example_dags/example_branch_labels.py for tasks to queue
[2026-01-05T17:44:33.458+0000] {logging_mixin.py:190} INFO - [2026-01-05T17:44:33.457+0000] {dagbag.py:587} INFO - Filling up the DagBag from /home/airflow/.local/lib/python3.12/site-packages/airflow/example_dags/example_branch_labels.py
[2026-01-05T17:44:33.471+0000] {processor.py:925} INFO - DAG(s) 'example_branch_labels' retrieved from /home/airflow/.local/lib/python3.12/site-packages/airflow/example_dags/example_branch_labels.py
[2026-01-05T17:44:33.502+0000] {logging_mixin.py:190} INFO - [2026-01-05T17:44:33.501+0000] {dag.py:3211} INFO - Sync 1 DAGs
[2026-01-05T17:44:33.539+0000] {logging_mixin.py:190} INFO - [2026-01-05T17:44:33.539+0000] {dag.py:4138} INFO - Setting next_dagrun for example_branch_labels to 2026-01-04 00:00:00+00:00, run_after=2026-01-05 00:00:00+00:00
[2026-01-05T17:44:33.569+0000] {processor.py:208} INFO - Processing /home/airflow/.local/lib/python3.12/site-packages/airflow/example_dags/example_branch_labels.py took 0.130 seconds
[2026-01-05T17:45:03.887+0000] {processor.py:186} INFO - Started process (PID=3673) to work on /home/airflow/.local/lib/python3.12/site-packages/airflow/example_dags/example_branch_labels.py
[2026-01-05T17:45:03.889+0000] {processor.py:914} INFO - Processing file /home/airflow/.local/lib/python3.12/site-packages/airflow/example_dags/example_branch_labels.py for tasks to queue
[2026-01-05T17:45:03.894+0000] {logging_mixin.py:190} INFO - [2026-01-05T17:45:03.894+0000] {dagbag.py:587} INFO - Filling up the DagBag from /home/airflow/.local/lib/python3.12/site-packages/airflow/example_dags/example_branch_labels.py
[2026-01-05T17:45:03.904+0000] {processor.py:925} INFO - DAG(s) 'example_branch_labels' retrieved from /home/airflow/.local/lib/python3.12/site-packages/airflow/example_dags/example_branch_labels.py
[2026-01-05T17:45:03.935+0000] {logging_mixin.py:190} INFO - [2026-01-05T17:45:03.934+0000] {dag.py:3211} INFO - Sync 1 DAGs
[2026-01-05T17:45:03.978+0000] {logging_mixin.py:190} INFO - [2026-01-05T17:45:03.978+0000] {dag.py:4138} INFO - Setting next_dagrun for example_branch_labels to 2026-01-04 00:00:00+00:00, run_after=2026-01-05 00:00:00+00:00
[2026-01-05T17:45:04.007+0000] {processor.py:208} INFO - Processing /home/airflow/.local/lib/python3.12/site-packages/airflow/example_dags/example_branch_labels.py took 0.127 seconds
