[2026-01-05T17:17:45.266+0000] {processor.py:186} INFO - Started process (PID=120) to work on /home/airflow/.local/lib/python3.12/site-packages/airflow/example_dags/example_sensors.py
[2026-01-05T17:17:45.272+0000] {processor.py:914} INFO - Processing file /home/airflow/.local/lib/python3.12/site-packages/airflow/example_dags/example_sensors.py for tasks to queue
[2026-01-05T17:17:45.279+0000] {logging_mixin.py:190} INFO - [2026-01-05T17:17:45.278+0000] {dagbag.py:587} INFO - Filling up the DagBag from /home/airflow/.local/lib/python3.12/site-packages/airflow/example_dags/example_sensors.py
[2026-01-05T17:17:45.306+0000] {processor.py:925} INFO - DAG(s) 'example_sensors' retrieved from /home/airflow/.local/lib/python3.12/site-packages/airflow/example_dags/example_sensors.py
[2026-01-05T17:17:45.426+0000] {logging_mixin.py:190} INFO - [2026-01-05T17:17:45.425+0000] {dag.py:3211} INFO - Sync 1 DAGs
[2026-01-05T17:17:45.470+0000] {logging_mixin.py:190} INFO - [2026-01-05T17:17:45.469+0000] {dag.py:4138} INFO - Setting next_dagrun for example_sensors to None, run_after=None
[2026-01-05T17:17:45.536+0000] {processor.py:208} INFO - Processing /home/airflow/.local/lib/python3.12/site-packages/airflow/example_dags/example_sensors.py took 0.291 seconds
[2026-01-05T17:18:16.163+0000] {processor.py:186} INFO - Started process (PID=187) to work on /home/airflow/.local/lib/python3.12/site-packages/airflow/example_dags/example_sensors.py
[2026-01-05T17:18:16.164+0000] {processor.py:914} INFO - Processing file /home/airflow/.local/lib/python3.12/site-packages/airflow/example_dags/example_sensors.py for tasks to queue
[2026-01-05T17:18:16.168+0000] {logging_mixin.py:190} INFO - [2026-01-05T17:18:16.168+0000] {dagbag.py:587} INFO - Filling up the DagBag from /home/airflow/.local/lib/python3.12/site-packages/airflow/example_dags/example_sensors.py
[2026-01-05T17:18:16.186+0000] {processor.py:925} INFO - DAG(s) 'example_sensors' retrieved from /home/airflow/.local/lib/python3.12/site-packages/airflow/example_dags/example_sensors.py
[2026-01-05T17:18:16.237+0000] {logging_mixin.py:190} INFO - [2026-01-05T17:18:16.237+0000] {dag.py:3211} INFO - Sync 1 DAGs
[2026-01-05T17:18:16.261+0000] {logging_mixin.py:190} INFO - [2026-01-05T17:18:16.261+0000] {dag.py:4138} INFO - Setting next_dagrun for example_sensors to None, run_after=None
[2026-01-05T17:18:16.293+0000] {processor.py:208} INFO - Processing /home/airflow/.local/lib/python3.12/site-packages/airflow/example_dags/example_sensors.py took 0.143 seconds
[2026-01-05T17:18:46.949+0000] {processor.py:186} INFO - Started process (PID=253) to work on /home/airflow/.local/lib/python3.12/site-packages/airflow/example_dags/example_sensors.py
[2026-01-05T17:18:46.950+0000] {processor.py:914} INFO - Processing file /home/airflow/.local/lib/python3.12/site-packages/airflow/example_dags/example_sensors.py for tasks to queue
[2026-01-05T17:18:46.953+0000] {logging_mixin.py:190} INFO - [2026-01-05T17:18:46.953+0000] {dagbag.py:587} INFO - Filling up the DagBag from /home/airflow/.local/lib/python3.12/site-packages/airflow/example_dags/example_sensors.py
[2026-01-05T17:18:46.967+0000] {processor.py:925} INFO - DAG(s) 'example_sensors' retrieved from /home/airflow/.local/lib/python3.12/site-packages/airflow/example_dags/example_sensors.py
[2026-01-05T17:18:46.996+0000] {logging_mixin.py:190} INFO - [2026-01-05T17:18:46.996+0000] {dag.py:3211} INFO - Sync 1 DAGs
[2026-01-05T17:18:47.014+0000] {logging_mixin.py:190} INFO - [2026-01-05T17:18:47.014+0000] {dag.py:4138} INFO - Setting next_dagrun for example_sensors to None, run_after=None
[2026-01-05T17:18:47.039+0000] {processor.py:208} INFO - Processing /home/airflow/.local/lib/python3.12/site-packages/airflow/example_dags/example_sensors.py took 0.099 seconds
[2026-01-05T17:19:17.750+0000] {processor.py:186} INFO - Started process (PID=319) to work on /home/airflow/.local/lib/python3.12/site-packages/airflow/example_dags/example_sensors.py
[2026-01-05T17:19:17.753+0000] {processor.py:914} INFO - Processing file /home/airflow/.local/lib/python3.12/site-packages/airflow/example_dags/example_sensors.py for tasks to queue
[2026-01-05T17:19:17.763+0000] {logging_mixin.py:190} INFO - [2026-01-05T17:19:17.762+0000] {dagbag.py:587} INFO - Filling up the DagBag from /home/airflow/.local/lib/python3.12/site-packages/airflow/example_dags/example_sensors.py
[2026-01-05T17:19:17.791+0000] {processor.py:925} INFO - DAG(s) 'example_sensors' retrieved from /home/airflow/.local/lib/python3.12/site-packages/airflow/example_dags/example_sensors.py
[2026-01-05T17:19:17.862+0000] {logging_mixin.py:190} INFO - [2026-01-05T17:19:17.862+0000] {dag.py:3211} INFO - Sync 1 DAGs
[2026-01-05T17:19:17.914+0000] {logging_mixin.py:190} INFO - [2026-01-05T17:19:17.913+0000] {dag.py:4138} INFO - Setting next_dagrun for example_sensors to None, run_after=None
[2026-01-05T17:19:17.954+0000] {processor.py:208} INFO - Processing /home/airflow/.local/lib/python3.12/site-packages/airflow/example_dags/example_sensors.py took 0.222 seconds
[2026-01-05T17:19:48.272+0000] {processor.py:186} INFO - Started process (PID=385) to work on /home/airflow/.local/lib/python3.12/site-packages/airflow/example_dags/example_sensors.py
[2026-01-05T17:19:48.274+0000] {processor.py:914} INFO - Processing file /home/airflow/.local/lib/python3.12/site-packages/airflow/example_dags/example_sensors.py for tasks to queue
[2026-01-05T17:19:48.277+0000] {logging_mixin.py:190} INFO - [2026-01-05T17:19:48.277+0000] {dagbag.py:587} INFO - Filling up the DagBag from /home/airflow/.local/lib/python3.12/site-packages/airflow/example_dags/example_sensors.py
[2026-01-05T17:19:48.289+0000] {processor.py:925} INFO - DAG(s) 'example_sensors' retrieved from /home/airflow/.local/lib/python3.12/site-packages/airflow/example_dags/example_sensors.py
[2026-01-05T17:19:48.324+0000] {logging_mixin.py:190} INFO - [2026-01-05T17:19:48.323+0000] {dag.py:3211} INFO - Sync 1 DAGs
[2026-01-05T17:19:48.343+0000] {logging_mixin.py:190} INFO - [2026-01-05T17:19:48.343+0000] {dag.py:4138} INFO - Setting next_dagrun for example_sensors to None, run_after=None
[2026-01-05T17:19:48.371+0000] {processor.py:208} INFO - Processing /home/airflow/.local/lib/python3.12/site-packages/airflow/example_dags/example_sensors.py took 0.107 seconds
[2026-01-05T17:20:18.601+0000] {processor.py:186} INFO - Started process (PID=451) to work on /home/airflow/.local/lib/python3.12/site-packages/airflow/example_dags/example_sensors.py
[2026-01-05T17:20:18.603+0000] {processor.py:914} INFO - Processing file /home/airflow/.local/lib/python3.12/site-packages/airflow/example_dags/example_sensors.py for tasks to queue
[2026-01-05T17:20:18.606+0000] {logging_mixin.py:190} INFO - [2026-01-05T17:20:18.606+0000] {dagbag.py:587} INFO - Filling up the DagBag from /home/airflow/.local/lib/python3.12/site-packages/airflow/example_dags/example_sensors.py
[2026-01-05T17:20:18.618+0000] {processor.py:925} INFO - DAG(s) 'example_sensors' retrieved from /home/airflow/.local/lib/python3.12/site-packages/airflow/example_dags/example_sensors.py
[2026-01-05T17:20:18.647+0000] {logging_mixin.py:190} INFO - [2026-01-05T17:20:18.647+0000] {dag.py:3211} INFO - Sync 1 DAGs
[2026-01-05T17:20:18.663+0000] {logging_mixin.py:190} INFO - [2026-01-05T17:20:18.662+0000] {dag.py:4138} INFO - Setting next_dagrun for example_sensors to None, run_after=None
[2026-01-05T17:20:18.690+0000] {processor.py:208} INFO - Processing /home/airflow/.local/lib/python3.12/site-packages/airflow/example_dags/example_sensors.py took 0.095 seconds
[2026-01-05T17:20:49.661+0000] {processor.py:186} INFO - Started process (PID=517) to work on /home/airflow/.local/lib/python3.12/site-packages/airflow/example_dags/example_sensors.py
[2026-01-05T17:20:49.663+0000] {processor.py:914} INFO - Processing file /home/airflow/.local/lib/python3.12/site-packages/airflow/example_dags/example_sensors.py for tasks to queue
[2026-01-05T17:20:49.669+0000] {logging_mixin.py:190} INFO - [2026-01-05T17:20:49.669+0000] {dagbag.py:587} INFO - Filling up the DagBag from /home/airflow/.local/lib/python3.12/site-packages/airflow/example_dags/example_sensors.py
[2026-01-05T17:20:49.692+0000] {processor.py:925} INFO - DAG(s) 'example_sensors' retrieved from /home/airflow/.local/lib/python3.12/site-packages/airflow/example_dags/example_sensors.py
[2026-01-05T17:20:49.744+0000] {logging_mixin.py:190} INFO - [2026-01-05T17:20:49.743+0000] {dag.py:3211} INFO - Sync 1 DAGs
[2026-01-05T17:20:49.770+0000] {logging_mixin.py:190} INFO - [2026-01-05T17:20:49.769+0000] {dag.py:4138} INFO - Setting next_dagrun for example_sensors to None, run_after=None
[2026-01-05T17:20:49.824+0000] {processor.py:208} INFO - Processing /home/airflow/.local/lib/python3.12/site-packages/airflow/example_dags/example_sensors.py took 0.180 seconds
[2026-01-05T17:21:19.958+0000] {processor.py:186} INFO - Started process (PID=583) to work on /home/airflow/.local/lib/python3.12/site-packages/airflow/example_dags/example_sensors.py
[2026-01-05T17:21:19.961+0000] {processor.py:914} INFO - Processing file /home/airflow/.local/lib/python3.12/site-packages/airflow/example_dags/example_sensors.py for tasks to queue
[2026-01-05T17:21:19.966+0000] {logging_mixin.py:190} INFO - [2026-01-05T17:21:19.966+0000] {dagbag.py:587} INFO - Filling up the DagBag from /home/airflow/.local/lib/python3.12/site-packages/airflow/example_dags/example_sensors.py
[2026-01-05T17:21:19.979+0000] {processor.py:925} INFO - DAG(s) 'example_sensors' retrieved from /home/airflow/.local/lib/python3.12/site-packages/airflow/example_dags/example_sensors.py
[2026-01-05T17:21:20.009+0000] {logging_mixin.py:190} INFO - [2026-01-05T17:21:20.008+0000] {dag.py:3211} INFO - Sync 1 DAGs
[2026-01-05T17:21:20.027+0000] {logging_mixin.py:190} INFO - [2026-01-05T17:21:20.027+0000] {dag.py:4138} INFO - Setting next_dagrun for example_sensors to None, run_after=None
[2026-01-05T17:21:20.050+0000] {processor.py:208} INFO - Processing /home/airflow/.local/lib/python3.12/site-packages/airflow/example_dags/example_sensors.py took 0.107 seconds
[2026-01-05T17:21:50.242+0000] {processor.py:186} INFO - Started process (PID=649) to work on /home/airflow/.local/lib/python3.12/site-packages/airflow/example_dags/example_sensors.py
[2026-01-05T17:21:50.244+0000] {processor.py:914} INFO - Processing file /home/airflow/.local/lib/python3.12/site-packages/airflow/example_dags/example_sensors.py for tasks to queue
[2026-01-05T17:21:50.248+0000] {logging_mixin.py:190} INFO - [2026-01-05T17:21:50.247+0000] {dagbag.py:587} INFO - Filling up the DagBag from /home/airflow/.local/lib/python3.12/site-packages/airflow/example_dags/example_sensors.py
[2026-01-05T17:21:50.259+0000] {processor.py:925} INFO - DAG(s) 'example_sensors' retrieved from /home/airflow/.local/lib/python3.12/site-packages/airflow/example_dags/example_sensors.py
[2026-01-05T17:21:50.293+0000] {logging_mixin.py:190} INFO - [2026-01-05T17:21:50.293+0000] {dag.py:3211} INFO - Sync 1 DAGs
[2026-01-05T17:21:50.307+0000] {logging_mixin.py:190} INFO - [2026-01-05T17:21:50.307+0000] {dag.py:4138} INFO - Setting next_dagrun for example_sensors to None, run_after=None
[2026-01-05T17:21:50.329+0000] {processor.py:208} INFO - Processing /home/airflow/.local/lib/python3.12/site-packages/airflow/example_dags/example_sensors.py took 0.094 seconds
[2026-01-05T17:22:21.136+0000] {processor.py:186} INFO - Started process (PID=715) to work on /home/airflow/.local/lib/python3.12/site-packages/airflow/example_dags/example_sensors.py
[2026-01-05T17:22:21.138+0000] {processor.py:914} INFO - Processing file /home/airflow/.local/lib/python3.12/site-packages/airflow/example_dags/example_sensors.py for tasks to queue
[2026-01-05T17:22:21.140+0000] {logging_mixin.py:190} INFO - [2026-01-05T17:22:21.140+0000] {dagbag.py:587} INFO - Filling up the DagBag from /home/airflow/.local/lib/python3.12/site-packages/airflow/example_dags/example_sensors.py
[2026-01-05T17:22:21.150+0000] {processor.py:925} INFO - DAG(s) 'example_sensors' retrieved from /home/airflow/.local/lib/python3.12/site-packages/airflow/example_dags/example_sensors.py
[2026-01-05T17:22:21.175+0000] {logging_mixin.py:190} INFO - [2026-01-05T17:22:21.175+0000] {dag.py:3211} INFO - Sync 1 DAGs
[2026-01-05T17:22:21.188+0000] {logging_mixin.py:190} INFO - [2026-01-05T17:22:21.187+0000] {dag.py:4138} INFO - Setting next_dagrun for example_sensors to None, run_after=None
[2026-01-05T17:22:21.207+0000] {processor.py:208} INFO - Processing /home/airflow/.local/lib/python3.12/site-packages/airflow/example_dags/example_sensors.py took 0.077 seconds
[2026-01-05T17:22:51.964+0000] {processor.py:186} INFO - Started process (PID=781) to work on /home/airflow/.local/lib/python3.12/site-packages/airflow/example_dags/example_sensors.py
[2026-01-05T17:22:51.966+0000] {processor.py:914} INFO - Processing file /home/airflow/.local/lib/python3.12/site-packages/airflow/example_dags/example_sensors.py for tasks to queue
[2026-01-05T17:22:51.971+0000] {logging_mixin.py:190} INFO - [2026-01-05T17:22:51.970+0000] {dagbag.py:587} INFO - Filling up the DagBag from /home/airflow/.local/lib/python3.12/site-packages/airflow/example_dags/example_sensors.py
[2026-01-05T17:22:51.981+0000] {processor.py:925} INFO - DAG(s) 'example_sensors' retrieved from /home/airflow/.local/lib/python3.12/site-packages/airflow/example_dags/example_sensors.py
[2026-01-05T17:22:52.016+0000] {logging_mixin.py:190} INFO - [2026-01-05T17:22:52.015+0000] {dag.py:3211} INFO - Sync 1 DAGs
[2026-01-05T17:22:52.029+0000] {logging_mixin.py:190} INFO - [2026-01-05T17:22:52.029+0000] {dag.py:4138} INFO - Setting next_dagrun for example_sensors to None, run_after=None
[2026-01-05T17:22:52.055+0000] {processor.py:208} INFO - Processing /home/airflow/.local/lib/python3.12/site-packages/airflow/example_dags/example_sensors.py took 0.102 seconds
[2026-01-05T17:23:23.066+0000] {processor.py:186} INFO - Started process (PID=847) to work on /home/airflow/.local/lib/python3.12/site-packages/airflow/example_dags/example_sensors.py
[2026-01-05T17:23:23.068+0000] {processor.py:914} INFO - Processing file /home/airflow/.local/lib/python3.12/site-packages/airflow/example_dags/example_sensors.py for tasks to queue
[2026-01-05T17:23:23.075+0000] {logging_mixin.py:190} INFO - [2026-01-05T17:23:23.074+0000] {dagbag.py:587} INFO - Filling up the DagBag from /home/airflow/.local/lib/python3.12/site-packages/airflow/example_dags/example_sensors.py
[2026-01-05T17:23:23.091+0000] {processor.py:925} INFO - DAG(s) 'example_sensors' retrieved from /home/airflow/.local/lib/python3.12/site-packages/airflow/example_dags/example_sensors.py
[2026-01-05T17:23:23.137+0000] {logging_mixin.py:190} INFO - [2026-01-05T17:23:23.136+0000] {dag.py:3211} INFO - Sync 1 DAGs
[2026-01-05T17:23:23.154+0000] {logging_mixin.py:190} INFO - [2026-01-05T17:23:23.154+0000] {dag.py:4138} INFO - Setting next_dagrun for example_sensors to None, run_after=None
[2026-01-05T17:23:23.178+0000] {processor.py:208} INFO - Processing /home/airflow/.local/lib/python3.12/site-packages/airflow/example_dags/example_sensors.py took 0.122 seconds
[2026-01-05T17:23:53.309+0000] {processor.py:186} INFO - Started process (PID=913) to work on /home/airflow/.local/lib/python3.12/site-packages/airflow/example_dags/example_sensors.py
[2026-01-05T17:23:53.311+0000] {processor.py:914} INFO - Processing file /home/airflow/.local/lib/python3.12/site-packages/airflow/example_dags/example_sensors.py for tasks to queue
[2026-01-05T17:23:53.316+0000] {logging_mixin.py:190} INFO - [2026-01-05T17:23:53.316+0000] {dagbag.py:587} INFO - Filling up the DagBag from /home/airflow/.local/lib/python3.12/site-packages/airflow/example_dags/example_sensors.py
[2026-01-05T17:23:53.337+0000] {processor.py:925} INFO - DAG(s) 'example_sensors' retrieved from /home/airflow/.local/lib/python3.12/site-packages/airflow/example_dags/example_sensors.py
[2026-01-05T17:23:53.381+0000] {logging_mixin.py:190} INFO - [2026-01-05T17:23:53.380+0000] {dag.py:3211} INFO - Sync 1 DAGs
[2026-01-05T17:23:53.402+0000] {logging_mixin.py:190} INFO - [2026-01-05T17:23:53.402+0000] {dag.py:4138} INFO - Setting next_dagrun for example_sensors to None, run_after=None
[2026-01-05T17:23:53.433+0000] {processor.py:208} INFO - Processing /home/airflow/.local/lib/python3.12/site-packages/airflow/example_dags/example_sensors.py took 0.131 seconds
[2026-01-05T17:24:23.659+0000] {processor.py:186} INFO - Started process (PID=979) to work on /home/airflow/.local/lib/python3.12/site-packages/airflow/example_dags/example_sensors.py
[2026-01-05T17:24:23.661+0000] {processor.py:914} INFO - Processing file /home/airflow/.local/lib/python3.12/site-packages/airflow/example_dags/example_sensors.py for tasks to queue
[2026-01-05T17:24:23.667+0000] {logging_mixin.py:190} INFO - [2026-01-05T17:24:23.666+0000] {dagbag.py:587} INFO - Filling up the DagBag from /home/airflow/.local/lib/python3.12/site-packages/airflow/example_dags/example_sensors.py
[2026-01-05T17:24:23.680+0000] {processor.py:925} INFO - DAG(s) 'example_sensors' retrieved from /home/airflow/.local/lib/python3.12/site-packages/airflow/example_dags/example_sensors.py
[2026-01-05T17:24:23.712+0000] {logging_mixin.py:190} INFO - [2026-01-05T17:24:23.712+0000] {dag.py:3211} INFO - Sync 1 DAGs
[2026-01-05T17:24:23.731+0000] {logging_mixin.py:190} INFO - [2026-01-05T17:24:23.731+0000] {dag.py:4138} INFO - Setting next_dagrun for example_sensors to None, run_after=None
[2026-01-05T17:24:23.754+0000] {processor.py:208} INFO - Processing /home/airflow/.local/lib/python3.12/site-packages/airflow/example_dags/example_sensors.py took 0.109 seconds
[2026-01-05T17:24:54.095+0000] {processor.py:186} INFO - Started process (PID=1045) to work on /home/airflow/.local/lib/python3.12/site-packages/airflow/example_dags/example_sensors.py
[2026-01-05T17:24:54.096+0000] {processor.py:914} INFO - Processing file /home/airflow/.local/lib/python3.12/site-packages/airflow/example_dags/example_sensors.py for tasks to queue
[2026-01-05T17:24:54.100+0000] {logging_mixin.py:190} INFO - [2026-01-05T17:24:54.099+0000] {dagbag.py:587} INFO - Filling up the DagBag from /home/airflow/.local/lib/python3.12/site-packages/airflow/example_dags/example_sensors.py
[2026-01-05T17:24:54.108+0000] {processor.py:925} INFO - DAG(s) 'example_sensors' retrieved from /home/airflow/.local/lib/python3.12/site-packages/airflow/example_dags/example_sensors.py
[2026-01-05T17:24:54.140+0000] {logging_mixin.py:190} INFO - [2026-01-05T17:24:54.139+0000] {dag.py:3211} INFO - Sync 1 DAGs
[2026-01-05T17:24:54.157+0000] {logging_mixin.py:190} INFO - [2026-01-05T17:24:54.157+0000] {dag.py:4138} INFO - Setting next_dagrun for example_sensors to None, run_after=None
[2026-01-05T17:24:54.178+0000] {processor.py:208} INFO - Processing /home/airflow/.local/lib/python3.12/site-packages/airflow/example_dags/example_sensors.py took 0.091 seconds
[2026-01-05T17:25:24.307+0000] {processor.py:186} INFO - Started process (PID=1111) to work on /home/airflow/.local/lib/python3.12/site-packages/airflow/example_dags/example_sensors.py
[2026-01-05T17:25:24.308+0000] {processor.py:914} INFO - Processing file /home/airflow/.local/lib/python3.12/site-packages/airflow/example_dags/example_sensors.py for tasks to queue
[2026-01-05T17:25:24.312+0000] {logging_mixin.py:190} INFO - [2026-01-05T17:25:24.311+0000] {dagbag.py:587} INFO - Filling up the DagBag from /home/airflow/.local/lib/python3.12/site-packages/airflow/example_dags/example_sensors.py
[2026-01-05T17:25:24.322+0000] {processor.py:925} INFO - DAG(s) 'example_sensors' retrieved from /home/airflow/.local/lib/python3.12/site-packages/airflow/example_dags/example_sensors.py
[2026-01-05T17:25:24.355+0000] {logging_mixin.py:190} INFO - [2026-01-05T17:25:24.355+0000] {dag.py:3211} INFO - Sync 1 DAGs
[2026-01-05T17:25:24.370+0000] {logging_mixin.py:190} INFO - [2026-01-05T17:25:24.369+0000] {dag.py:4138} INFO - Setting next_dagrun for example_sensors to None, run_after=None
[2026-01-05T17:25:24.390+0000] {processor.py:208} INFO - Processing /home/airflow/.local/lib/python3.12/site-packages/airflow/example_dags/example_sensors.py took 0.090 seconds
[2026-01-05T17:25:55.488+0000] {processor.py:186} INFO - Started process (PID=1177) to work on /home/airflow/.local/lib/python3.12/site-packages/airflow/example_dags/example_sensors.py
[2026-01-05T17:25:55.490+0000] {processor.py:914} INFO - Processing file /home/airflow/.local/lib/python3.12/site-packages/airflow/example_dags/example_sensors.py for tasks to queue
[2026-01-05T17:25:55.493+0000] {logging_mixin.py:190} INFO - [2026-01-05T17:25:55.493+0000] {dagbag.py:587} INFO - Filling up the DagBag from /home/airflow/.local/lib/python3.12/site-packages/airflow/example_dags/example_sensors.py
[2026-01-05T17:25:55.504+0000] {processor.py:925} INFO - DAG(s) 'example_sensors' retrieved from /home/airflow/.local/lib/python3.12/site-packages/airflow/example_dags/example_sensors.py
[2026-01-05T17:25:55.538+0000] {logging_mixin.py:190} INFO - [2026-01-05T17:25:55.538+0000] {dag.py:3211} INFO - Sync 1 DAGs
[2026-01-05T17:25:55.555+0000] {logging_mixin.py:190} INFO - [2026-01-05T17:25:55.555+0000] {dag.py:4138} INFO - Setting next_dagrun for example_sensors to None, run_after=None
[2026-01-05T17:25:55.579+0000] {processor.py:208} INFO - Processing /home/airflow/.local/lib/python3.12/site-packages/airflow/example_dags/example_sensors.py took 0.097 seconds
[2026-01-05T17:26:25.841+0000] {processor.py:186} INFO - Started process (PID=1243) to work on /home/airflow/.local/lib/python3.12/site-packages/airflow/example_dags/example_sensors.py
[2026-01-05T17:26:25.844+0000] {processor.py:914} INFO - Processing file /home/airflow/.local/lib/python3.12/site-packages/airflow/example_dags/example_sensors.py for tasks to queue
[2026-01-05T17:26:25.848+0000] {logging_mixin.py:190} INFO - [2026-01-05T17:26:25.848+0000] {dagbag.py:587} INFO - Filling up the DagBag from /home/airflow/.local/lib/python3.12/site-packages/airflow/example_dags/example_sensors.py
[2026-01-05T17:26:25.862+0000] {processor.py:925} INFO - DAG(s) 'example_sensors' retrieved from /home/airflow/.local/lib/python3.12/site-packages/airflow/example_dags/example_sensors.py
[2026-01-05T17:26:25.896+0000] {logging_mixin.py:190} INFO - [2026-01-05T17:26:25.896+0000] {dag.py:3211} INFO - Sync 1 DAGs
[2026-01-05T17:26:25.918+0000] {logging_mixin.py:190} INFO - [2026-01-05T17:26:25.918+0000] {dag.py:4138} INFO - Setting next_dagrun for example_sensors to None, run_after=None
[2026-01-05T17:26:25.943+0000] {processor.py:208} INFO - Processing /home/airflow/.local/lib/python3.12/site-packages/airflow/example_dags/example_sensors.py took 0.110 seconds
[2026-01-05T17:26:55.988+0000] {processor.py:186} INFO - Started process (PID=1309) to work on /home/airflow/.local/lib/python3.12/site-packages/airflow/example_dags/example_sensors.py
[2026-01-05T17:26:55.989+0000] {processor.py:914} INFO - Processing file /home/airflow/.local/lib/python3.12/site-packages/airflow/example_dags/example_sensors.py for tasks to queue
[2026-01-05T17:26:55.993+0000] {logging_mixin.py:190} INFO - [2026-01-05T17:26:55.993+0000] {dagbag.py:587} INFO - Filling up the DagBag from /home/airflow/.local/lib/python3.12/site-packages/airflow/example_dags/example_sensors.py
[2026-01-05T17:26:56.002+0000] {processor.py:925} INFO - DAG(s) 'example_sensors' retrieved from /home/airflow/.local/lib/python3.12/site-packages/airflow/example_dags/example_sensors.py
[2026-01-05T17:26:56.033+0000] {logging_mixin.py:190} INFO - [2026-01-05T17:26:56.033+0000] {dag.py:3211} INFO - Sync 1 DAGs
[2026-01-05T17:26:56.054+0000] {logging_mixin.py:190} INFO - [2026-01-05T17:26:56.054+0000] {dag.py:4138} INFO - Setting next_dagrun for example_sensors to None, run_after=None
[2026-01-05T17:26:56.082+0000] {processor.py:208} INFO - Processing /home/airflow/.local/lib/python3.12/site-packages/airflow/example_dags/example_sensors.py took 0.100 seconds
[2026-01-05T17:27:26.312+0000] {processor.py:186} INFO - Started process (PID=1375) to work on /home/airflow/.local/lib/python3.12/site-packages/airflow/example_dags/example_sensors.py
[2026-01-05T17:27:26.313+0000] {processor.py:914} INFO - Processing file /home/airflow/.local/lib/python3.12/site-packages/airflow/example_dags/example_sensors.py for tasks to queue
[2026-01-05T17:27:26.317+0000] {logging_mixin.py:190} INFO - [2026-01-05T17:27:26.316+0000] {dagbag.py:587} INFO - Filling up the DagBag from /home/airflow/.local/lib/python3.12/site-packages/airflow/example_dags/example_sensors.py
[2026-01-05T17:27:26.327+0000] {processor.py:925} INFO - DAG(s) 'example_sensors' retrieved from /home/airflow/.local/lib/python3.12/site-packages/airflow/example_dags/example_sensors.py
[2026-01-05T17:27:26.353+0000] {logging_mixin.py:190} INFO - [2026-01-05T17:27:26.352+0000] {dag.py:3211} INFO - Sync 1 DAGs
[2026-01-05T17:27:26.369+0000] {logging_mixin.py:190} INFO - [2026-01-05T17:27:26.369+0000] {dag.py:4138} INFO - Setting next_dagrun for example_sensors to None, run_after=None
[2026-01-05T17:27:26.391+0000] {processor.py:208} INFO - Processing /home/airflow/.local/lib/python3.12/site-packages/airflow/example_dags/example_sensors.py took 0.087 seconds
[2026-01-05T17:27:58.190+0000] {processor.py:186} INFO - Started process (PID=1447) to work on /home/airflow/.local/lib/python3.12/site-packages/airflow/example_dags/example_sensors.py
[2026-01-05T17:27:58.194+0000] {processor.py:914} INFO - Processing file /home/airflow/.local/lib/python3.12/site-packages/airflow/example_dags/example_sensors.py for tasks to queue
[2026-01-05T17:27:58.199+0000] {logging_mixin.py:190} INFO - [2026-01-05T17:27:58.199+0000] {dagbag.py:587} INFO - Filling up the DagBag from /home/airflow/.local/lib/python3.12/site-packages/airflow/example_dags/example_sensors.py
[2026-01-05T17:27:58.218+0000] {processor.py:925} INFO - DAG(s) 'example_sensors' retrieved from /home/airflow/.local/lib/python3.12/site-packages/airflow/example_dags/example_sensors.py
[2026-01-05T17:27:58.276+0000] {logging_mixin.py:190} INFO - [2026-01-05T17:27:58.274+0000] {dag.py:3211} INFO - Sync 1 DAGs
[2026-01-05T17:27:58.300+0000] {logging_mixin.py:190} INFO - [2026-01-05T17:27:58.299+0000] {dag.py:4138} INFO - Setting next_dagrun for example_sensors to None, run_after=None
[2026-01-05T17:27:58.335+0000] {processor.py:208} INFO - Processing /home/airflow/.local/lib/python3.12/site-packages/airflow/example_dags/example_sensors.py took 0.161 seconds
[2026-01-05T17:28:28.683+0000] {processor.py:186} INFO - Started process (PID=1513) to work on /home/airflow/.local/lib/python3.12/site-packages/airflow/example_dags/example_sensors.py
[2026-01-05T17:28:28.686+0000] {processor.py:914} INFO - Processing file /home/airflow/.local/lib/python3.12/site-packages/airflow/example_dags/example_sensors.py for tasks to queue
[2026-01-05T17:28:28.690+0000] {logging_mixin.py:190} INFO - [2026-01-05T17:28:28.690+0000] {dagbag.py:587} INFO - Filling up the DagBag from /home/airflow/.local/lib/python3.12/site-packages/airflow/example_dags/example_sensors.py
[2026-01-05T17:28:28.698+0000] {processor.py:925} INFO - DAG(s) 'example_sensors' retrieved from /home/airflow/.local/lib/python3.12/site-packages/airflow/example_dags/example_sensors.py
[2026-01-05T17:28:28.733+0000] {logging_mixin.py:190} INFO - [2026-01-05T17:28:28.732+0000] {dag.py:3211} INFO - Sync 1 DAGs
[2026-01-05T17:28:28.758+0000] {logging_mixin.py:190} INFO - [2026-01-05T17:28:28.758+0000] {dag.py:4138} INFO - Setting next_dagrun for example_sensors to None, run_after=None
[2026-01-05T17:28:28.782+0000] {processor.py:208} INFO - Processing /home/airflow/.local/lib/python3.12/site-packages/airflow/example_dags/example_sensors.py took 0.104 seconds
[2026-01-05T17:28:59.349+0000] {processor.py:186} INFO - Started process (PID=1579) to work on /home/airflow/.local/lib/python3.12/site-packages/airflow/example_dags/example_sensors.py
[2026-01-05T17:28:59.351+0000] {processor.py:914} INFO - Processing file /home/airflow/.local/lib/python3.12/site-packages/airflow/example_dags/example_sensors.py for tasks to queue
[2026-01-05T17:28:59.357+0000] {logging_mixin.py:190} INFO - [2026-01-05T17:28:59.355+0000] {dagbag.py:587} INFO - Filling up the DagBag from /home/airflow/.local/lib/python3.12/site-packages/airflow/example_dags/example_sensors.py
[2026-01-05T17:28:59.367+0000] {processor.py:925} INFO - DAG(s) 'example_sensors' retrieved from /home/airflow/.local/lib/python3.12/site-packages/airflow/example_dags/example_sensors.py
[2026-01-05T17:28:59.408+0000] {logging_mixin.py:190} INFO - [2026-01-05T17:28:59.407+0000] {dag.py:3211} INFO - Sync 1 DAGs
[2026-01-05T17:28:59.429+0000] {logging_mixin.py:190} INFO - [2026-01-05T17:28:59.429+0000] {dag.py:4138} INFO - Setting next_dagrun for example_sensors to None, run_after=None
[2026-01-05T17:28:59.452+0000] {processor.py:208} INFO - Processing /home/airflow/.local/lib/python3.12/site-packages/airflow/example_dags/example_sensors.py took 0.110 seconds
[2026-01-05T17:29:30.061+0000] {processor.py:186} INFO - Started process (PID=1645) to work on /home/airflow/.local/lib/python3.12/site-packages/airflow/example_dags/example_sensors.py
[2026-01-05T17:29:30.062+0000] {processor.py:914} INFO - Processing file /home/airflow/.local/lib/python3.12/site-packages/airflow/example_dags/example_sensors.py for tasks to queue
[2026-01-05T17:29:30.065+0000] {logging_mixin.py:190} INFO - [2026-01-05T17:29:30.065+0000] {dagbag.py:587} INFO - Filling up the DagBag from /home/airflow/.local/lib/python3.12/site-packages/airflow/example_dags/example_sensors.py
[2026-01-05T17:29:30.080+0000] {processor.py:925} INFO - DAG(s) 'example_sensors' retrieved from /home/airflow/.local/lib/python3.12/site-packages/airflow/example_dags/example_sensors.py
[2026-01-05T17:29:30.109+0000] {logging_mixin.py:190} INFO - [2026-01-05T17:29:30.109+0000] {dag.py:3211} INFO - Sync 1 DAGs
[2026-01-05T17:29:30.125+0000] {logging_mixin.py:190} INFO - [2026-01-05T17:29:30.125+0000] {dag.py:4138} INFO - Setting next_dagrun for example_sensors to None, run_after=None
[2026-01-05T17:29:30.144+0000] {processor.py:208} INFO - Processing /home/airflow/.local/lib/python3.12/site-packages/airflow/example_dags/example_sensors.py took 0.092 seconds
[2026-01-05T17:30:00.322+0000] {processor.py:186} INFO - Started process (PID=1711) to work on /home/airflow/.local/lib/python3.12/site-packages/airflow/example_dags/example_sensors.py
[2026-01-05T17:30:00.324+0000] {processor.py:914} INFO - Processing file /home/airflow/.local/lib/python3.12/site-packages/airflow/example_dags/example_sensors.py for tasks to queue
[2026-01-05T17:30:00.328+0000] {logging_mixin.py:190} INFO - [2026-01-05T17:30:00.328+0000] {dagbag.py:587} INFO - Filling up the DagBag from /home/airflow/.local/lib/python3.12/site-packages/airflow/example_dags/example_sensors.py
[2026-01-05T17:30:00.339+0000] {processor.py:925} INFO - DAG(s) 'example_sensors' retrieved from /home/airflow/.local/lib/python3.12/site-packages/airflow/example_dags/example_sensors.py
[2026-01-05T17:30:00.370+0000] {logging_mixin.py:190} INFO - [2026-01-05T17:30:00.370+0000] {dag.py:3211} INFO - Sync 1 DAGs
[2026-01-05T17:30:00.386+0000] {logging_mixin.py:190} INFO - [2026-01-05T17:30:00.385+0000] {dag.py:4138} INFO - Setting next_dagrun for example_sensors to None, run_after=None
[2026-01-05T17:30:00.407+0000] {processor.py:208} INFO - Processing /home/airflow/.local/lib/python3.12/site-packages/airflow/example_dags/example_sensors.py took 0.093 seconds
[2026-01-05T17:30:31.166+0000] {processor.py:186} INFO - Started process (PID=1778) to work on /home/airflow/.local/lib/python3.12/site-packages/airflow/example_dags/example_sensors.py
[2026-01-05T17:30:31.168+0000] {processor.py:914} INFO - Processing file /home/airflow/.local/lib/python3.12/site-packages/airflow/example_dags/example_sensors.py for tasks to queue
[2026-01-05T17:30:31.171+0000] {logging_mixin.py:190} INFO - [2026-01-05T17:30:31.170+0000] {dagbag.py:587} INFO - Filling up the DagBag from /home/airflow/.local/lib/python3.12/site-packages/airflow/example_dags/example_sensors.py
[2026-01-05T17:30:31.181+0000] {processor.py:925} INFO - DAG(s) 'example_sensors' retrieved from /home/airflow/.local/lib/python3.12/site-packages/airflow/example_dags/example_sensors.py
[2026-01-05T17:30:31.211+0000] {logging_mixin.py:190} INFO - [2026-01-05T17:30:31.210+0000] {dag.py:3211} INFO - Sync 1 DAGs
[2026-01-05T17:30:31.225+0000] {logging_mixin.py:190} INFO - [2026-01-05T17:30:31.225+0000] {dag.py:4138} INFO - Setting next_dagrun for example_sensors to None, run_after=None
[2026-01-05T17:30:31.250+0000] {processor.py:208} INFO - Processing /home/airflow/.local/lib/python3.12/site-packages/airflow/example_dags/example_sensors.py took 0.090 seconds
[2026-01-05T17:31:01.856+0000] {processor.py:186} INFO - Started process (PID=1844) to work on /home/airflow/.local/lib/python3.12/site-packages/airflow/example_dags/example_sensors.py
[2026-01-05T17:31:01.857+0000] {processor.py:914} INFO - Processing file /home/airflow/.local/lib/python3.12/site-packages/airflow/example_dags/example_sensors.py for tasks to queue
[2026-01-05T17:31:01.861+0000] {logging_mixin.py:190} INFO - [2026-01-05T17:31:01.860+0000] {dagbag.py:587} INFO - Filling up the DagBag from /home/airflow/.local/lib/python3.12/site-packages/airflow/example_dags/example_sensors.py
[2026-01-05T17:31:01.872+0000] {processor.py:925} INFO - DAG(s) 'example_sensors' retrieved from /home/airflow/.local/lib/python3.12/site-packages/airflow/example_dags/example_sensors.py
[2026-01-05T17:31:01.920+0000] {logging_mixin.py:190} INFO - [2026-01-05T17:31:01.919+0000] {dag.py:3211} INFO - Sync 1 DAGs
[2026-01-05T17:31:01.938+0000] {logging_mixin.py:190} INFO - [2026-01-05T17:31:01.938+0000] {dag.py:4138} INFO - Setting next_dagrun for example_sensors to None, run_after=None
[2026-01-05T17:31:01.965+0000] {processor.py:208} INFO - Processing /home/airflow/.local/lib/python3.12/site-packages/airflow/example_dags/example_sensors.py took 0.115 seconds
[2026-01-05T17:31:32.413+0000] {processor.py:186} INFO - Started process (PID=1910) to work on /home/airflow/.local/lib/python3.12/site-packages/airflow/example_dags/example_sensors.py
[2026-01-05T17:31:32.415+0000] {processor.py:914} INFO - Processing file /home/airflow/.local/lib/python3.12/site-packages/airflow/example_dags/example_sensors.py for tasks to queue
[2026-01-05T17:31:32.418+0000] {logging_mixin.py:190} INFO - [2026-01-05T17:31:32.417+0000] {dagbag.py:587} INFO - Filling up the DagBag from /home/airflow/.local/lib/python3.12/site-packages/airflow/example_dags/example_sensors.py
[2026-01-05T17:31:32.428+0000] {processor.py:925} INFO - DAG(s) 'example_sensors' retrieved from /home/airflow/.local/lib/python3.12/site-packages/airflow/example_dags/example_sensors.py
[2026-01-05T17:31:32.458+0000] {logging_mixin.py:190} INFO - [2026-01-05T17:31:32.458+0000] {dag.py:3211} INFO - Sync 1 DAGs
[2026-01-05T17:31:32.476+0000] {logging_mixin.py:190} INFO - [2026-01-05T17:31:32.475+0000] {dag.py:4138} INFO - Setting next_dagrun for example_sensors to None, run_after=None
[2026-01-05T17:31:32.498+0000] {processor.py:208} INFO - Processing /home/airflow/.local/lib/python3.12/site-packages/airflow/example_dags/example_sensors.py took 0.092 seconds
[2026-01-05T17:32:02.695+0000] {processor.py:186} INFO - Started process (PID=1976) to work on /home/airflow/.local/lib/python3.12/site-packages/airflow/example_dags/example_sensors.py
[2026-01-05T17:32:02.696+0000] {processor.py:914} INFO - Processing file /home/airflow/.local/lib/python3.12/site-packages/airflow/example_dags/example_sensors.py for tasks to queue
[2026-01-05T17:32:02.700+0000] {logging_mixin.py:190} INFO - [2026-01-05T17:32:02.700+0000] {dagbag.py:587} INFO - Filling up the DagBag from /home/airflow/.local/lib/python3.12/site-packages/airflow/example_dags/example_sensors.py
[2026-01-05T17:32:02.711+0000] {processor.py:925} INFO - DAG(s) 'example_sensors' retrieved from /home/airflow/.local/lib/python3.12/site-packages/airflow/example_dags/example_sensors.py
[2026-01-05T17:32:02.749+0000] {logging_mixin.py:190} INFO - [2026-01-05T17:32:02.749+0000] {dag.py:3211} INFO - Sync 1 DAGs
[2026-01-05T17:32:02.774+0000] {logging_mixin.py:190} INFO - [2026-01-05T17:32:02.774+0000] {dag.py:4138} INFO - Setting next_dagrun for example_sensors to None, run_after=None
[2026-01-05T17:32:02.800+0000] {processor.py:208} INFO - Processing /home/airflow/.local/lib/python3.12/site-packages/airflow/example_dags/example_sensors.py took 0.110 seconds
[2026-01-05T17:32:33.100+0000] {processor.py:186} INFO - Started process (PID=2042) to work on /home/airflow/.local/lib/python3.12/site-packages/airflow/example_dags/example_sensors.py
[2026-01-05T17:32:33.102+0000] {processor.py:914} INFO - Processing file /home/airflow/.local/lib/python3.12/site-packages/airflow/example_dags/example_sensors.py for tasks to queue
[2026-01-05T17:32:33.107+0000] {logging_mixin.py:190} INFO - [2026-01-05T17:32:33.106+0000] {dagbag.py:587} INFO - Filling up the DagBag from /home/airflow/.local/lib/python3.12/site-packages/airflow/example_dags/example_sensors.py
[2026-01-05T17:32:33.123+0000] {processor.py:925} INFO - DAG(s) 'example_sensors' retrieved from /home/airflow/.local/lib/python3.12/site-packages/airflow/example_dags/example_sensors.py
[2026-01-05T17:32:33.153+0000] {logging_mixin.py:190} INFO - [2026-01-05T17:32:33.153+0000] {dag.py:3211} INFO - Sync 1 DAGs
[2026-01-05T17:32:33.167+0000] {logging_mixin.py:190} INFO - [2026-01-05T17:32:33.167+0000] {dag.py:4138} INFO - Setting next_dagrun for example_sensors to None, run_after=None
[2026-01-05T17:32:33.193+0000] {processor.py:208} INFO - Processing /home/airflow/.local/lib/python3.12/site-packages/airflow/example_dags/example_sensors.py took 0.102 seconds
[2026-01-05T17:33:03.480+0000] {processor.py:186} INFO - Started process (PID=2108) to work on /home/airflow/.local/lib/python3.12/site-packages/airflow/example_dags/example_sensors.py
[2026-01-05T17:33:03.482+0000] {processor.py:914} INFO - Processing file /home/airflow/.local/lib/python3.12/site-packages/airflow/example_dags/example_sensors.py for tasks to queue
[2026-01-05T17:33:03.486+0000] {logging_mixin.py:190} INFO - [2026-01-05T17:33:03.485+0000] {dagbag.py:587} INFO - Filling up the DagBag from /home/airflow/.local/lib/python3.12/site-packages/airflow/example_dags/example_sensors.py
[2026-01-05T17:33:03.501+0000] {processor.py:925} INFO - DAG(s) 'example_sensors' retrieved from /home/airflow/.local/lib/python3.12/site-packages/airflow/example_dags/example_sensors.py
[2026-01-05T17:33:03.534+0000] {logging_mixin.py:190} INFO - [2026-01-05T17:33:03.534+0000] {dag.py:3211} INFO - Sync 1 DAGs
[2026-01-05T17:33:03.551+0000] {logging_mixin.py:190} INFO - [2026-01-05T17:33:03.551+0000] {dag.py:4138} INFO - Setting next_dagrun for example_sensors to None, run_after=None
[2026-01-05T17:33:03.569+0000] {processor.py:208} INFO - Processing /home/airflow/.local/lib/python3.12/site-packages/airflow/example_dags/example_sensors.py took 0.098 seconds
[2026-01-05T17:33:33.718+0000] {processor.py:186} INFO - Started process (PID=2174) to work on /home/airflow/.local/lib/python3.12/site-packages/airflow/example_dags/example_sensors.py
[2026-01-05T17:33:33.719+0000] {processor.py:914} INFO - Processing file /home/airflow/.local/lib/python3.12/site-packages/airflow/example_dags/example_sensors.py for tasks to queue
[2026-01-05T17:33:33.723+0000] {logging_mixin.py:190} INFO - [2026-01-05T17:33:33.722+0000] {dagbag.py:587} INFO - Filling up the DagBag from /home/airflow/.local/lib/python3.12/site-packages/airflow/example_dags/example_sensors.py
[2026-01-05T17:33:33.734+0000] {processor.py:925} INFO - DAG(s) 'example_sensors' retrieved from /home/airflow/.local/lib/python3.12/site-packages/airflow/example_dags/example_sensors.py
[2026-01-05T17:33:33.773+0000] {logging_mixin.py:190} INFO - [2026-01-05T17:33:33.773+0000] {dag.py:3211} INFO - Sync 1 DAGs
[2026-01-05T17:33:33.792+0000] {logging_mixin.py:190} INFO - [2026-01-05T17:33:33.792+0000] {dag.py:4138} INFO - Setting next_dagrun for example_sensors to None, run_after=None
[2026-01-05T17:33:33.812+0000] {processor.py:208} INFO - Processing /home/airflow/.local/lib/python3.12/site-packages/airflow/example_dags/example_sensors.py took 0.101 seconds
[2026-01-05T17:34:04.761+0000] {processor.py:186} INFO - Started process (PID=2240) to work on /home/airflow/.local/lib/python3.12/site-packages/airflow/example_dags/example_sensors.py
[2026-01-05T17:34:04.763+0000] {processor.py:914} INFO - Processing file /home/airflow/.local/lib/python3.12/site-packages/airflow/example_dags/example_sensors.py for tasks to queue
[2026-01-05T17:34:04.767+0000] {logging_mixin.py:190} INFO - [2026-01-05T17:34:04.766+0000] {dagbag.py:587} INFO - Filling up the DagBag from /home/airflow/.local/lib/python3.12/site-packages/airflow/example_dags/example_sensors.py
[2026-01-05T17:34:04.777+0000] {processor.py:925} INFO - DAG(s) 'example_sensors' retrieved from /home/airflow/.local/lib/python3.12/site-packages/airflow/example_dags/example_sensors.py
[2026-01-05T17:34:04.813+0000] {logging_mixin.py:190} INFO - [2026-01-05T17:34:04.813+0000] {dag.py:3211} INFO - Sync 1 DAGs
[2026-01-05T17:34:04.832+0000] {logging_mixin.py:190} INFO - [2026-01-05T17:34:04.832+0000] {dag.py:4138} INFO - Setting next_dagrun for example_sensors to None, run_after=None
[2026-01-05T17:34:04.852+0000] {processor.py:208} INFO - Processing /home/airflow/.local/lib/python3.12/site-packages/airflow/example_dags/example_sensors.py took 0.098 seconds
[2026-01-05T17:34:35.420+0000] {processor.py:186} INFO - Started process (PID=2306) to work on /home/airflow/.local/lib/python3.12/site-packages/airflow/example_dags/example_sensors.py
[2026-01-05T17:34:35.425+0000] {processor.py:914} INFO - Processing file /home/airflow/.local/lib/python3.12/site-packages/airflow/example_dags/example_sensors.py for tasks to queue
[2026-01-05T17:34:35.440+0000] {logging_mixin.py:190} INFO - [2026-01-05T17:34:35.439+0000] {dagbag.py:587} INFO - Filling up the DagBag from /home/airflow/.local/lib/python3.12/site-packages/airflow/example_dags/example_sensors.py
[2026-01-05T17:34:35.470+0000] {processor.py:925} INFO - DAG(s) 'example_sensors' retrieved from /home/airflow/.local/lib/python3.12/site-packages/airflow/example_dags/example_sensors.py
[2026-01-05T17:34:35.553+0000] {logging_mixin.py:190} INFO - [2026-01-05T17:34:35.553+0000] {dag.py:3211} INFO - Sync 1 DAGs
[2026-01-05T17:34:35.573+0000] {logging_mixin.py:190} INFO - [2026-01-05T17:34:35.572+0000] {dag.py:4138} INFO - Setting next_dagrun for example_sensors to None, run_after=None
[2026-01-05T17:34:35.607+0000] {processor.py:208} INFO - Processing /home/airflow/.local/lib/python3.12/site-packages/airflow/example_dags/example_sensors.py took 0.207 seconds
[2026-01-05T17:35:06.079+0000] {processor.py:186} INFO - Started process (PID=2372) to work on /home/airflow/.local/lib/python3.12/site-packages/airflow/example_dags/example_sensors.py
[2026-01-05T17:35:06.081+0000] {processor.py:914} INFO - Processing file /home/airflow/.local/lib/python3.12/site-packages/airflow/example_dags/example_sensors.py for tasks to queue
[2026-01-05T17:35:06.085+0000] {logging_mixin.py:190} INFO - [2026-01-05T17:35:06.084+0000] {dagbag.py:587} INFO - Filling up the DagBag from /home/airflow/.local/lib/python3.12/site-packages/airflow/example_dags/example_sensors.py
[2026-01-05T17:35:06.094+0000] {processor.py:925} INFO - DAG(s) 'example_sensors' retrieved from /home/airflow/.local/lib/python3.12/site-packages/airflow/example_dags/example_sensors.py
[2026-01-05T17:35:06.125+0000] {logging_mixin.py:190} INFO - [2026-01-05T17:35:06.125+0000] {dag.py:3211} INFO - Sync 1 DAGs
[2026-01-05T17:35:06.141+0000] {logging_mixin.py:190} INFO - [2026-01-05T17:35:06.140+0000] {dag.py:4138} INFO - Setting next_dagrun for example_sensors to None, run_after=None
[2026-01-05T17:35:06.161+0000] {processor.py:208} INFO - Processing /home/airflow/.local/lib/python3.12/site-packages/airflow/example_dags/example_sensors.py took 0.088 seconds
[2026-01-05T17:35:36.881+0000] {processor.py:186} INFO - Started process (PID=2439) to work on /home/airflow/.local/lib/python3.12/site-packages/airflow/example_dags/example_sensors.py
[2026-01-05T17:35:36.883+0000] {processor.py:914} INFO - Processing file /home/airflow/.local/lib/python3.12/site-packages/airflow/example_dags/example_sensors.py for tasks to queue
[2026-01-05T17:35:36.886+0000] {logging_mixin.py:190} INFO - [2026-01-05T17:35:36.886+0000] {dagbag.py:587} INFO - Filling up the DagBag from /home/airflow/.local/lib/python3.12/site-packages/airflow/example_dags/example_sensors.py
[2026-01-05T17:35:36.897+0000] {processor.py:925} INFO - DAG(s) 'example_sensors' retrieved from /home/airflow/.local/lib/python3.12/site-packages/airflow/example_dags/example_sensors.py
[2026-01-05T17:35:36.928+0000] {logging_mixin.py:190} INFO - [2026-01-05T17:35:36.928+0000] {dag.py:3211} INFO - Sync 1 DAGs
[2026-01-05T17:35:36.941+0000] {logging_mixin.py:190} INFO - [2026-01-05T17:35:36.941+0000] {dag.py:4138} INFO - Setting next_dagrun for example_sensors to None, run_after=None
[2026-01-05T17:35:36.962+0000] {processor.py:208} INFO - Processing /home/airflow/.local/lib/python3.12/site-packages/airflow/example_dags/example_sensors.py took 0.087 seconds
[2026-01-05T17:36:07.705+0000] {processor.py:186} INFO - Started process (PID=2505) to work on /home/airflow/.local/lib/python3.12/site-packages/airflow/example_dags/example_sensors.py
[2026-01-05T17:36:07.707+0000] {processor.py:914} INFO - Processing file /home/airflow/.local/lib/python3.12/site-packages/airflow/example_dags/example_sensors.py for tasks to queue
[2026-01-05T17:36:07.710+0000] {logging_mixin.py:190} INFO - [2026-01-05T17:36:07.710+0000] {dagbag.py:587} INFO - Filling up the DagBag from /home/airflow/.local/lib/python3.12/site-packages/airflow/example_dags/example_sensors.py
[2026-01-05T17:36:07.721+0000] {processor.py:925} INFO - DAG(s) 'example_sensors' retrieved from /home/airflow/.local/lib/python3.12/site-packages/airflow/example_dags/example_sensors.py
[2026-01-05T17:36:07.753+0000] {logging_mixin.py:190} INFO - [2026-01-05T17:36:07.753+0000] {dag.py:3211} INFO - Sync 1 DAGs
[2026-01-05T17:36:07.768+0000] {logging_mixin.py:190} INFO - [2026-01-05T17:36:07.768+0000] {dag.py:4138} INFO - Setting next_dagrun for example_sensors to None, run_after=None
[2026-01-05T17:36:07.791+0000] {processor.py:208} INFO - Processing /home/airflow/.local/lib/python3.12/site-packages/airflow/example_dags/example_sensors.py took 0.093 seconds
[2026-01-05T17:36:38.417+0000] {processor.py:186} INFO - Started process (PID=2571) to work on /home/airflow/.local/lib/python3.12/site-packages/airflow/example_dags/example_sensors.py
[2026-01-05T17:36:38.419+0000] {processor.py:914} INFO - Processing file /home/airflow/.local/lib/python3.12/site-packages/airflow/example_dags/example_sensors.py for tasks to queue
[2026-01-05T17:36:38.422+0000] {logging_mixin.py:190} INFO - [2026-01-05T17:36:38.421+0000] {dagbag.py:587} INFO - Filling up the DagBag from /home/airflow/.local/lib/python3.12/site-packages/airflow/example_dags/example_sensors.py
[2026-01-05T17:36:38.443+0000] {processor.py:925} INFO - DAG(s) 'example_sensors' retrieved from /home/airflow/.local/lib/python3.12/site-packages/airflow/example_dags/example_sensors.py
[2026-01-05T17:36:38.487+0000] {logging_mixin.py:190} INFO - [2026-01-05T17:36:38.487+0000] {dag.py:3211} INFO - Sync 1 DAGs
[2026-01-05T17:36:38.516+0000] {logging_mixin.py:190} INFO - [2026-01-05T17:36:38.515+0000] {dag.py:4138} INFO - Setting next_dagrun for example_sensors to None, run_after=None
[2026-01-05T17:36:38.546+0000] {processor.py:208} INFO - Processing /home/airflow/.local/lib/python3.12/site-packages/airflow/example_dags/example_sensors.py took 0.141 seconds
[2026-01-05T17:37:08.673+0000] {processor.py:186} INFO - Started process (PID=2637) to work on /home/airflow/.local/lib/python3.12/site-packages/airflow/example_dags/example_sensors.py
[2026-01-05T17:37:08.674+0000] {processor.py:914} INFO - Processing file /home/airflow/.local/lib/python3.12/site-packages/airflow/example_dags/example_sensors.py for tasks to queue
[2026-01-05T17:37:08.677+0000] {logging_mixin.py:190} INFO - [2026-01-05T17:37:08.677+0000] {dagbag.py:587} INFO - Filling up the DagBag from /home/airflow/.local/lib/python3.12/site-packages/airflow/example_dags/example_sensors.py
[2026-01-05T17:37:08.691+0000] {processor.py:925} INFO - DAG(s) 'example_sensors' retrieved from /home/airflow/.local/lib/python3.12/site-packages/airflow/example_dags/example_sensors.py
[2026-01-05T17:37:08.722+0000] {logging_mixin.py:190} INFO - [2026-01-05T17:37:08.721+0000] {dag.py:3211} INFO - Sync 1 DAGs
[2026-01-05T17:37:08.739+0000] {logging_mixin.py:190} INFO - [2026-01-05T17:37:08.738+0000] {dag.py:4138} INFO - Setting next_dagrun for example_sensors to None, run_after=None
[2026-01-05T17:37:08.766+0000] {processor.py:208} INFO - Processing /home/airflow/.local/lib/python3.12/site-packages/airflow/example_dags/example_sensors.py took 0.100 seconds
[2026-01-05T17:37:39.323+0000] {processor.py:186} INFO - Started process (PID=2703) to work on /home/airflow/.local/lib/python3.12/site-packages/airflow/example_dags/example_sensors.py
[2026-01-05T17:37:39.324+0000] {processor.py:914} INFO - Processing file /home/airflow/.local/lib/python3.12/site-packages/airflow/example_dags/example_sensors.py for tasks to queue
[2026-01-05T17:37:39.327+0000] {logging_mixin.py:190} INFO - [2026-01-05T17:37:39.327+0000] {dagbag.py:587} INFO - Filling up the DagBag from /home/airflow/.local/lib/python3.12/site-packages/airflow/example_dags/example_sensors.py
[2026-01-05T17:37:39.337+0000] {processor.py:925} INFO - DAG(s) 'example_sensors' retrieved from /home/airflow/.local/lib/python3.12/site-packages/airflow/example_dags/example_sensors.py
[2026-01-05T17:37:39.366+0000] {logging_mixin.py:190} INFO - [2026-01-05T17:37:39.366+0000] {dag.py:3211} INFO - Sync 1 DAGs
[2026-01-05T17:37:39.386+0000] {logging_mixin.py:190} INFO - [2026-01-05T17:37:39.386+0000] {dag.py:4138} INFO - Setting next_dagrun for example_sensors to None, run_after=None
[2026-01-05T17:37:39.404+0000] {processor.py:208} INFO - Processing /home/airflow/.local/lib/python3.12/site-packages/airflow/example_dags/example_sensors.py took 0.087 seconds
[2026-01-05T17:38:09.846+0000] {processor.py:186} INFO - Started process (PID=2769) to work on /home/airflow/.local/lib/python3.12/site-packages/airflow/example_dags/example_sensors.py
[2026-01-05T17:38:09.848+0000] {processor.py:914} INFO - Processing file /home/airflow/.local/lib/python3.12/site-packages/airflow/example_dags/example_sensors.py for tasks to queue
[2026-01-05T17:38:09.851+0000] {logging_mixin.py:190} INFO - [2026-01-05T17:38:09.851+0000] {dagbag.py:587} INFO - Filling up the DagBag from /home/airflow/.local/lib/python3.12/site-packages/airflow/example_dags/example_sensors.py
[2026-01-05T17:38:09.861+0000] {processor.py:925} INFO - DAG(s) 'example_sensors' retrieved from /home/airflow/.local/lib/python3.12/site-packages/airflow/example_dags/example_sensors.py
[2026-01-05T17:38:09.891+0000] {logging_mixin.py:190} INFO - [2026-01-05T17:38:09.890+0000] {dag.py:3211} INFO - Sync 1 DAGs
[2026-01-05T17:38:09.909+0000] {logging_mixin.py:190} INFO - [2026-01-05T17:38:09.909+0000] {dag.py:4138} INFO - Setting next_dagrun for example_sensors to None, run_after=None
[2026-01-05T17:38:09.932+0000] {processor.py:208} INFO - Processing /home/airflow/.local/lib/python3.12/site-packages/airflow/example_dags/example_sensors.py took 0.093 seconds
[2026-01-05T17:38:40.491+0000] {processor.py:186} INFO - Started process (PID=2835) to work on /home/airflow/.local/lib/python3.12/site-packages/airflow/example_dags/example_sensors.py
[2026-01-05T17:38:40.493+0000] {processor.py:914} INFO - Processing file /home/airflow/.local/lib/python3.12/site-packages/airflow/example_dags/example_sensors.py for tasks to queue
[2026-01-05T17:38:40.497+0000] {logging_mixin.py:190} INFO - [2026-01-05T17:38:40.496+0000] {dagbag.py:587} INFO - Filling up the DagBag from /home/airflow/.local/lib/python3.12/site-packages/airflow/example_dags/example_sensors.py
[2026-01-05T17:38:40.508+0000] {processor.py:925} INFO - DAG(s) 'example_sensors' retrieved from /home/airflow/.local/lib/python3.12/site-packages/airflow/example_dags/example_sensors.py
[2026-01-05T17:38:40.541+0000] {logging_mixin.py:190} INFO - [2026-01-05T17:38:40.540+0000] {dag.py:3211} INFO - Sync 1 DAGs
[2026-01-05T17:38:40.560+0000] {logging_mixin.py:190} INFO - [2026-01-05T17:38:40.560+0000] {dag.py:4138} INFO - Setting next_dagrun for example_sensors to None, run_after=None
[2026-01-05T17:38:40.587+0000] {processor.py:208} INFO - Processing /home/airflow/.local/lib/python3.12/site-packages/airflow/example_dags/example_sensors.py took 0.101 seconds
[2026-01-05T17:39:11.626+0000] {processor.py:186} INFO - Started process (PID=2901) to work on /home/airflow/.local/lib/python3.12/site-packages/airflow/example_dags/example_sensors.py
[2026-01-05T17:39:11.628+0000] {processor.py:914} INFO - Processing file /home/airflow/.local/lib/python3.12/site-packages/airflow/example_dags/example_sensors.py for tasks to queue
[2026-01-05T17:39:11.631+0000] {logging_mixin.py:190} INFO - [2026-01-05T17:39:11.631+0000] {dagbag.py:587} INFO - Filling up the DagBag from /home/airflow/.local/lib/python3.12/site-packages/airflow/example_dags/example_sensors.py
[2026-01-05T17:39:11.644+0000] {processor.py:925} INFO - DAG(s) 'example_sensors' retrieved from /home/airflow/.local/lib/python3.12/site-packages/airflow/example_dags/example_sensors.py
[2026-01-05T17:39:11.679+0000] {logging_mixin.py:190} INFO - [2026-01-05T17:39:11.679+0000] {dag.py:3211} INFO - Sync 1 DAGs
[2026-01-05T17:39:11.700+0000] {logging_mixin.py:190} INFO - [2026-01-05T17:39:11.699+0000] {dag.py:4138} INFO - Setting next_dagrun for example_sensors to None, run_after=None
[2026-01-05T17:39:11.726+0000] {processor.py:208} INFO - Processing /home/airflow/.local/lib/python3.12/site-packages/airflow/example_dags/example_sensors.py took 0.109 seconds
[2026-01-05T17:39:42.265+0000] {processor.py:186} INFO - Started process (PID=2967) to work on /home/airflow/.local/lib/python3.12/site-packages/airflow/example_dags/example_sensors.py
[2026-01-05T17:39:42.266+0000] {processor.py:914} INFO - Processing file /home/airflow/.local/lib/python3.12/site-packages/airflow/example_dags/example_sensors.py for tasks to queue
[2026-01-05T17:39:42.270+0000] {logging_mixin.py:190} INFO - [2026-01-05T17:39:42.269+0000] {dagbag.py:587} INFO - Filling up the DagBag from /home/airflow/.local/lib/python3.12/site-packages/airflow/example_dags/example_sensors.py
[2026-01-05T17:39:42.280+0000] {processor.py:925} INFO - DAG(s) 'example_sensors' retrieved from /home/airflow/.local/lib/python3.12/site-packages/airflow/example_dags/example_sensors.py
[2026-01-05T17:39:42.314+0000] {logging_mixin.py:190} INFO - [2026-01-05T17:39:42.314+0000] {dag.py:3211} INFO - Sync 1 DAGs
[2026-01-05T17:39:42.330+0000] {logging_mixin.py:190} INFO - [2026-01-05T17:39:42.330+0000] {dag.py:4138} INFO - Setting next_dagrun for example_sensors to None, run_after=None
[2026-01-05T17:39:42.353+0000] {processor.py:208} INFO - Processing /home/airflow/.local/lib/python3.12/site-packages/airflow/example_dags/example_sensors.py took 0.095 seconds
[2026-01-05T17:40:12.663+0000] {processor.py:186} INFO - Started process (PID=3033) to work on /home/airflow/.local/lib/python3.12/site-packages/airflow/example_dags/example_sensors.py
[2026-01-05T17:40:12.665+0000] {processor.py:914} INFO - Processing file /home/airflow/.local/lib/python3.12/site-packages/airflow/example_dags/example_sensors.py for tasks to queue
[2026-01-05T17:40:12.669+0000] {logging_mixin.py:190} INFO - [2026-01-05T17:40:12.668+0000] {dagbag.py:587} INFO - Filling up the DagBag from /home/airflow/.local/lib/python3.12/site-packages/airflow/example_dags/example_sensors.py
[2026-01-05T17:40:12.678+0000] {processor.py:925} INFO - DAG(s) 'example_sensors' retrieved from /home/airflow/.local/lib/python3.12/site-packages/airflow/example_dags/example_sensors.py
[2026-01-05T17:40:12.707+0000] {logging_mixin.py:190} INFO - [2026-01-05T17:40:12.707+0000] {dag.py:3211} INFO - Sync 1 DAGs
[2026-01-05T17:40:12.720+0000] {logging_mixin.py:190} INFO - [2026-01-05T17:40:12.720+0000] {dag.py:4138} INFO - Setting next_dagrun for example_sensors to None, run_after=None
[2026-01-05T17:40:12.741+0000] {processor.py:208} INFO - Processing /home/airflow/.local/lib/python3.12/site-packages/airflow/example_dags/example_sensors.py took 0.086 seconds
[2026-01-05T17:40:42.973+0000] {processor.py:186} INFO - Started process (PID=3099) to work on /home/airflow/.local/lib/python3.12/site-packages/airflow/example_dags/example_sensors.py
[2026-01-05T17:40:42.975+0000] {processor.py:914} INFO - Processing file /home/airflow/.local/lib/python3.12/site-packages/airflow/example_dags/example_sensors.py for tasks to queue
[2026-01-05T17:40:42.978+0000] {logging_mixin.py:190} INFO - [2026-01-05T17:40:42.978+0000] {dagbag.py:587} INFO - Filling up the DagBag from /home/airflow/.local/lib/python3.12/site-packages/airflow/example_dags/example_sensors.py
[2026-01-05T17:40:42.989+0000] {processor.py:925} INFO - DAG(s) 'example_sensors' retrieved from /home/airflow/.local/lib/python3.12/site-packages/airflow/example_dags/example_sensors.py
[2026-01-05T17:40:43.021+0000] {logging_mixin.py:190} INFO - [2026-01-05T17:40:43.020+0000] {dag.py:3211} INFO - Sync 1 DAGs
[2026-01-05T17:40:43.044+0000] {logging_mixin.py:190} INFO - [2026-01-05T17:40:43.043+0000] {dag.py:4138} INFO - Setting next_dagrun for example_sensors to None, run_after=None
[2026-01-05T17:40:43.070+0000] {processor.py:208} INFO - Processing /home/airflow/.local/lib/python3.12/site-packages/airflow/example_dags/example_sensors.py took 0.105 seconds
[2026-01-05T17:41:13.201+0000] {processor.py:186} INFO - Started process (PID=3165) to work on /home/airflow/.local/lib/python3.12/site-packages/airflow/example_dags/example_sensors.py
[2026-01-05T17:41:13.203+0000] {processor.py:914} INFO - Processing file /home/airflow/.local/lib/python3.12/site-packages/airflow/example_dags/example_sensors.py for tasks to queue
[2026-01-05T17:41:13.208+0000] {logging_mixin.py:190} INFO - [2026-01-05T17:41:13.206+0000] {dagbag.py:587} INFO - Filling up the DagBag from /home/airflow/.local/lib/python3.12/site-packages/airflow/example_dags/example_sensors.py
[2026-01-05T17:41:13.222+0000] {processor.py:925} INFO - DAG(s) 'example_sensors' retrieved from /home/airflow/.local/lib/python3.12/site-packages/airflow/example_dags/example_sensors.py
[2026-01-05T17:41:13.252+0000] {logging_mixin.py:190} INFO - [2026-01-05T17:41:13.252+0000] {dag.py:3211} INFO - Sync 1 DAGs
[2026-01-05T17:41:13.266+0000] {logging_mixin.py:190} INFO - [2026-01-05T17:41:13.266+0000] {dag.py:4138} INFO - Setting next_dagrun for example_sensors to None, run_after=None
[2026-01-05T17:41:13.289+0000] {processor.py:208} INFO - Processing /home/airflow/.local/lib/python3.12/site-packages/airflow/example_dags/example_sensors.py took 0.096 seconds
[2026-01-05T17:41:43.560+0000] {processor.py:186} INFO - Started process (PID=3231) to work on /home/airflow/.local/lib/python3.12/site-packages/airflow/example_dags/example_sensors.py
[2026-01-05T17:41:43.562+0000] {processor.py:914} INFO - Processing file /home/airflow/.local/lib/python3.12/site-packages/airflow/example_dags/example_sensors.py for tasks to queue
[2026-01-05T17:41:43.566+0000] {logging_mixin.py:190} INFO - [2026-01-05T17:41:43.565+0000] {dagbag.py:587} INFO - Filling up the DagBag from /home/airflow/.local/lib/python3.12/site-packages/airflow/example_dags/example_sensors.py
[2026-01-05T17:41:43.575+0000] {processor.py:925} INFO - DAG(s) 'example_sensors' retrieved from /home/airflow/.local/lib/python3.12/site-packages/airflow/example_dags/example_sensors.py
[2026-01-05T17:41:43.604+0000] {logging_mixin.py:190} INFO - [2026-01-05T17:41:43.604+0000] {dag.py:3211} INFO - Sync 1 DAGs
[2026-01-05T17:41:43.622+0000] {logging_mixin.py:190} INFO - [2026-01-05T17:41:43.621+0000] {dag.py:4138} INFO - Setting next_dagrun for example_sensors to None, run_after=None
[2026-01-05T17:41:43.643+0000] {processor.py:208} INFO - Processing /home/airflow/.local/lib/python3.12/site-packages/airflow/example_dags/example_sensors.py took 0.089 seconds
[2026-01-05T17:42:13.972+0000] {processor.py:186} INFO - Started process (PID=3297) to work on /home/airflow/.local/lib/python3.12/site-packages/airflow/example_dags/example_sensors.py
[2026-01-05T17:42:13.973+0000] {processor.py:914} INFO - Processing file /home/airflow/.local/lib/python3.12/site-packages/airflow/example_dags/example_sensors.py for tasks to queue
[2026-01-05T17:42:13.977+0000] {logging_mixin.py:190} INFO - [2026-01-05T17:42:13.976+0000] {dagbag.py:587} INFO - Filling up the DagBag from /home/airflow/.local/lib/python3.12/site-packages/airflow/example_dags/example_sensors.py
[2026-01-05T17:42:13.992+0000] {processor.py:925} INFO - DAG(s) 'example_sensors' retrieved from /home/airflow/.local/lib/python3.12/site-packages/airflow/example_dags/example_sensors.py
[2026-01-05T17:42:14.036+0000] {logging_mixin.py:190} INFO - [2026-01-05T17:42:14.035+0000] {dag.py:3211} INFO - Sync 1 DAGs
[2026-01-05T17:42:14.060+0000] {logging_mixin.py:190} INFO - [2026-01-05T17:42:14.060+0000] {dag.py:4138} INFO - Setting next_dagrun for example_sensors to None, run_after=None
[2026-01-05T17:42:14.093+0000] {processor.py:208} INFO - Processing /home/airflow/.local/lib/python3.12/site-packages/airflow/example_dags/example_sensors.py took 0.132 seconds
[2026-01-05T17:42:44.452+0000] {processor.py:186} INFO - Started process (PID=3363) to work on /home/airflow/.local/lib/python3.12/site-packages/airflow/example_dags/example_sensors.py
[2026-01-05T17:42:44.454+0000] {processor.py:914} INFO - Processing file /home/airflow/.local/lib/python3.12/site-packages/airflow/example_dags/example_sensors.py for tasks to queue
[2026-01-05T17:42:44.459+0000] {logging_mixin.py:190} INFO - [2026-01-05T17:42:44.459+0000] {dagbag.py:587} INFO - Filling up the DagBag from /home/airflow/.local/lib/python3.12/site-packages/airflow/example_dags/example_sensors.py
[2026-01-05T17:42:44.473+0000] {processor.py:925} INFO - DAG(s) 'example_sensors' retrieved from /home/airflow/.local/lib/python3.12/site-packages/airflow/example_dags/example_sensors.py
[2026-01-05T17:42:44.509+0000] {logging_mixin.py:190} INFO - [2026-01-05T17:42:44.509+0000] {dag.py:3211} INFO - Sync 1 DAGs
[2026-01-05T17:42:44.529+0000] {logging_mixin.py:190} INFO - [2026-01-05T17:42:44.529+0000] {dag.py:4138} INFO - Setting next_dagrun for example_sensors to None, run_after=None
[2026-01-05T17:42:44.559+0000] {processor.py:208} INFO - Processing /home/airflow/.local/lib/python3.12/site-packages/airflow/example_dags/example_sensors.py took 0.115 seconds
[2026-01-05T17:43:14.706+0000] {processor.py:186} INFO - Started process (PID=3429) to work on /home/airflow/.local/lib/python3.12/site-packages/airflow/example_dags/example_sensors.py
[2026-01-05T17:43:14.708+0000] {processor.py:914} INFO - Processing file /home/airflow/.local/lib/python3.12/site-packages/airflow/example_dags/example_sensors.py for tasks to queue
[2026-01-05T17:43:14.712+0000] {logging_mixin.py:190} INFO - [2026-01-05T17:43:14.711+0000] {dagbag.py:587} INFO - Filling up the DagBag from /home/airflow/.local/lib/python3.12/site-packages/airflow/example_dags/example_sensors.py
[2026-01-05T17:43:14.726+0000] {processor.py:925} INFO - DAG(s) 'example_sensors' retrieved from /home/airflow/.local/lib/python3.12/site-packages/airflow/example_dags/example_sensors.py
[2026-01-05T17:43:14.767+0000] {logging_mixin.py:190} INFO - [2026-01-05T17:43:14.766+0000] {dag.py:3211} INFO - Sync 1 DAGs
[2026-01-05T17:43:14.787+0000] {logging_mixin.py:190} INFO - [2026-01-05T17:43:14.786+0000] {dag.py:4138} INFO - Setting next_dagrun for example_sensors to None, run_after=None
[2026-01-05T17:43:14.817+0000] {processor.py:208} INFO - Processing /home/airflow/.local/lib/python3.12/site-packages/airflow/example_dags/example_sensors.py took 0.119 seconds
[2026-01-05T17:43:44.899+0000] {processor.py:186} INFO - Started process (PID=3495) to work on /home/airflow/.local/lib/python3.12/site-packages/airflow/example_dags/example_sensors.py
[2026-01-05T17:43:44.900+0000] {processor.py:914} INFO - Processing file /home/airflow/.local/lib/python3.12/site-packages/airflow/example_dags/example_sensors.py for tasks to queue
[2026-01-05T17:43:44.904+0000] {logging_mixin.py:190} INFO - [2026-01-05T17:43:44.903+0000] {dagbag.py:587} INFO - Filling up the DagBag from /home/airflow/.local/lib/python3.12/site-packages/airflow/example_dags/example_sensors.py
[2026-01-05T17:43:44.914+0000] {processor.py:925} INFO - DAG(s) 'example_sensors' retrieved from /home/airflow/.local/lib/python3.12/site-packages/airflow/example_dags/example_sensors.py
[2026-01-05T17:43:44.948+0000] {logging_mixin.py:190} INFO - [2026-01-05T17:43:44.948+0000] {dag.py:3211} INFO - Sync 1 DAGs
[2026-01-05T17:43:44.966+0000] {logging_mixin.py:190} INFO - [2026-01-05T17:43:44.966+0000] {dag.py:4138} INFO - Setting next_dagrun for example_sensors to None, run_after=None
[2026-01-05T17:43:44.996+0000] {processor.py:208} INFO - Processing /home/airflow/.local/lib/python3.12/site-packages/airflow/example_dags/example_sensors.py took 0.106 seconds
[2026-01-05T17:44:15.716+0000] {processor.py:186} INFO - Started process (PID=3561) to work on /home/airflow/.local/lib/python3.12/site-packages/airflow/example_dags/example_sensors.py
[2026-01-05T17:44:15.717+0000] {processor.py:914} INFO - Processing file /home/airflow/.local/lib/python3.12/site-packages/airflow/example_dags/example_sensors.py for tasks to queue
[2026-01-05T17:44:15.720+0000] {logging_mixin.py:190} INFO - [2026-01-05T17:44:15.720+0000] {dagbag.py:587} INFO - Filling up the DagBag from /home/airflow/.local/lib/python3.12/site-packages/airflow/example_dags/example_sensors.py
[2026-01-05T17:44:15.730+0000] {processor.py:925} INFO - DAG(s) 'example_sensors' retrieved from /home/airflow/.local/lib/python3.12/site-packages/airflow/example_dags/example_sensors.py
[2026-01-05T17:44:15.770+0000] {logging_mixin.py:190} INFO - [2026-01-05T17:44:15.769+0000] {dag.py:3211} INFO - Sync 1 DAGs
[2026-01-05T17:44:15.789+0000] {logging_mixin.py:190} INFO - [2026-01-05T17:44:15.788+0000] {dag.py:4138} INFO - Setting next_dagrun for example_sensors to None, run_after=None
[2026-01-05T17:44:15.815+0000] {processor.py:208} INFO - Processing /home/airflow/.local/lib/python3.12/site-packages/airflow/example_dags/example_sensors.py took 0.108 seconds
[2026-01-05T17:44:46.214+0000] {processor.py:186} INFO - Started process (PID=3628) to work on /home/airflow/.local/lib/python3.12/site-packages/airflow/example_dags/example_sensors.py
[2026-01-05T17:44:46.216+0000] {processor.py:914} INFO - Processing file /home/airflow/.local/lib/python3.12/site-packages/airflow/example_dags/example_sensors.py for tasks to queue
[2026-01-05T17:44:46.220+0000] {logging_mixin.py:190} INFO - [2026-01-05T17:44:46.219+0000] {dagbag.py:587} INFO - Filling up the DagBag from /home/airflow/.local/lib/python3.12/site-packages/airflow/example_dags/example_sensors.py
[2026-01-05T17:44:46.234+0000] {processor.py:925} INFO - DAG(s) 'example_sensors' retrieved from /home/airflow/.local/lib/python3.12/site-packages/airflow/example_dags/example_sensors.py
[2026-01-05T17:44:46.279+0000] {logging_mixin.py:190} INFO - [2026-01-05T17:44:46.278+0000] {dag.py:3211} INFO - Sync 1 DAGs
[2026-01-05T17:44:46.301+0000] {logging_mixin.py:190} INFO - [2026-01-05T17:44:46.301+0000] {dag.py:4138} INFO - Setting next_dagrun for example_sensors to None, run_after=None
[2026-01-05T17:44:46.329+0000] {processor.py:208} INFO - Processing /home/airflow/.local/lib/python3.12/site-packages/airflow/example_dags/example_sensors.py took 0.125 seconds
