[2026-01-05T17:17:51.117+0000] {processor.py:186} INFO - Started process (PID=144) to work on /home/airflow/.local/lib/python3.12/site-packages/airflow/example_dags/tutorial_objectstorage.py
[2026-01-05T17:17:51.120+0000] {processor.py:914} INFO - Processing file /home/airflow/.local/lib/python3.12/site-packages/airflow/example_dags/tutorial_objectstorage.py for tasks to queue
[2026-01-05T17:17:51.126+0000] {logging_mixin.py:190} INFO - [2026-01-05T17:17:51.125+0000] {dagbag.py:587} INFO - Filling up the DagBag from /home/airflow/.local/lib/python3.12/site-packages/airflow/example_dags/tutorial_objectstorage.py
[2026-01-05T17:17:51.152+0000] {processor.py:925} INFO - DAG(s) 'tutorial_objectstorage' retrieved from /home/airflow/.local/lib/python3.12/site-packages/airflow/example_dags/tutorial_objectstorage.py
[2026-01-05T17:17:51.201+0000] {logging_mixin.py:190} INFO - [2026-01-05T17:17:51.200+0000] {dag.py:3211} INFO - Sync 1 DAGs
[2026-01-05T17:17:51.240+0000] {logging_mixin.py:190} INFO - [2026-01-05T17:17:51.239+0000] {dag.py:4138} INFO - Setting next_dagrun for tutorial_objectstorage to None, run_after=None
[2026-01-05T17:17:51.286+0000] {processor.py:208} INFO - Processing /home/airflow/.local/lib/python3.12/site-packages/airflow/example_dags/tutorial_objectstorage.py took 0.187 seconds
[2026-01-05T17:18:25.572+0000] {processor.py:186} INFO - Started process (PID=211) to work on /home/airflow/.local/lib/python3.12/site-packages/airflow/example_dags/tutorial_objectstorage.py
[2026-01-05T17:18:25.601+0000] {processor.py:914} INFO - Processing file /home/airflow/.local/lib/python3.12/site-packages/airflow/example_dags/tutorial_objectstorage.py for tasks to queue
[2026-01-05T17:18:25.634+0000] {logging_mixin.py:190} INFO - [2026-01-05T17:18:25.633+0000] {dagbag.py:587} INFO - Filling up the DagBag from /home/airflow/.local/lib/python3.12/site-packages/airflow/example_dags/tutorial_objectstorage.py
[2026-01-05T17:18:25.721+0000] {processor.py:925} INFO - DAG(s) 'tutorial_objectstorage' retrieved from /home/airflow/.local/lib/python3.12/site-packages/airflow/example_dags/tutorial_objectstorage.py
[2026-01-05T17:18:25.875+0000] {logging_mixin.py:190} INFO - [2026-01-05T17:18:25.874+0000] {dag.py:3211} INFO - Sync 1 DAGs
[2026-01-05T17:18:25.999+0000] {logging_mixin.py:190} INFO - [2026-01-05T17:18:25.998+0000] {dag.py:4138} INFO - Setting next_dagrun for tutorial_objectstorage to None, run_after=None
[2026-01-05T17:18:26.114+0000] {processor.py:208} INFO - Processing /home/airflow/.local/lib/python3.12/site-packages/airflow/example_dags/tutorial_objectstorage.py took 0.585 seconds
[2026-01-05T17:18:56.675+0000] {processor.py:186} INFO - Started process (PID=283) to work on /home/airflow/.local/lib/python3.12/site-packages/airflow/example_dags/tutorial_objectstorage.py
[2026-01-05T17:18:56.677+0000] {processor.py:914} INFO - Processing file /home/airflow/.local/lib/python3.12/site-packages/airflow/example_dags/tutorial_objectstorage.py for tasks to queue
[2026-01-05T17:18:56.683+0000] {logging_mixin.py:190} INFO - [2026-01-05T17:18:56.682+0000] {dagbag.py:587} INFO - Filling up the DagBag from /home/airflow/.local/lib/python3.12/site-packages/airflow/example_dags/tutorial_objectstorage.py
[2026-01-05T17:18:56.700+0000] {processor.py:925} INFO - DAG(s) 'tutorial_objectstorage' retrieved from /home/airflow/.local/lib/python3.12/site-packages/airflow/example_dags/tutorial_objectstorage.py
[2026-01-05T17:18:56.734+0000] {logging_mixin.py:190} INFO - [2026-01-05T17:18:56.734+0000] {dag.py:3211} INFO - Sync 1 DAGs
[2026-01-05T17:18:56.759+0000] {logging_mixin.py:190} INFO - [2026-01-05T17:18:56.758+0000] {dag.py:4138} INFO - Setting next_dagrun for tutorial_objectstorage to None, run_after=None
[2026-01-05T17:18:56.791+0000] {processor.py:208} INFO - Processing /home/airflow/.local/lib/python3.12/site-packages/airflow/example_dags/tutorial_objectstorage.py took 0.126 seconds
[2026-01-05T17:19:27.292+0000] {processor.py:186} INFO - Started process (PID=349) to work on /home/airflow/.local/lib/python3.12/site-packages/airflow/example_dags/tutorial_objectstorage.py
[2026-01-05T17:19:27.295+0000] {processor.py:914} INFO - Processing file /home/airflow/.local/lib/python3.12/site-packages/airflow/example_dags/tutorial_objectstorage.py for tasks to queue
[2026-01-05T17:19:27.298+0000] {logging_mixin.py:190} INFO - [2026-01-05T17:19:27.298+0000] {dagbag.py:587} INFO - Filling up the DagBag from /home/airflow/.local/lib/python3.12/site-packages/airflow/example_dags/tutorial_objectstorage.py
[2026-01-05T17:19:27.306+0000] {processor.py:925} INFO - DAG(s) 'tutorial_objectstorage' retrieved from /home/airflow/.local/lib/python3.12/site-packages/airflow/example_dags/tutorial_objectstorage.py
[2026-01-05T17:19:27.329+0000] {logging_mixin.py:190} INFO - [2026-01-05T17:19:27.329+0000] {dag.py:3211} INFO - Sync 1 DAGs
[2026-01-05T17:19:27.344+0000] {logging_mixin.py:190} INFO - [2026-01-05T17:19:27.344+0000] {dag.py:4138} INFO - Setting next_dagrun for tutorial_objectstorage to None, run_after=None
[2026-01-05T17:19:27.365+0000] {processor.py:208} INFO - Processing /home/airflow/.local/lib/python3.12/site-packages/airflow/example_dags/tutorial_objectstorage.py took 0.080 seconds
[2026-01-05T17:19:58.147+0000] {processor.py:186} INFO - Started process (PID=415) to work on /home/airflow/.local/lib/python3.12/site-packages/airflow/example_dags/tutorial_objectstorage.py
[2026-01-05T17:19:58.149+0000] {processor.py:914} INFO - Processing file /home/airflow/.local/lib/python3.12/site-packages/airflow/example_dags/tutorial_objectstorage.py for tasks to queue
[2026-01-05T17:19:58.154+0000] {logging_mixin.py:190} INFO - [2026-01-05T17:19:58.153+0000] {dagbag.py:587} INFO - Filling up the DagBag from /home/airflow/.local/lib/python3.12/site-packages/airflow/example_dags/tutorial_objectstorage.py
[2026-01-05T17:19:58.168+0000] {processor.py:925} INFO - DAG(s) 'tutorial_objectstorage' retrieved from /home/airflow/.local/lib/python3.12/site-packages/airflow/example_dags/tutorial_objectstorage.py
[2026-01-05T17:19:58.199+0000] {logging_mixin.py:190} INFO - [2026-01-05T17:19:58.198+0000] {dag.py:3211} INFO - Sync 1 DAGs
[2026-01-05T17:19:58.218+0000] {logging_mixin.py:190} INFO - [2026-01-05T17:19:58.217+0000] {dag.py:4138} INFO - Setting next_dagrun for tutorial_objectstorage to None, run_after=None
[2026-01-05T17:19:58.244+0000] {processor.py:208} INFO - Processing /home/airflow/.local/lib/python3.12/site-packages/airflow/example_dags/tutorial_objectstorage.py took 0.109 seconds
[2026-01-05T17:20:28.714+0000] {processor.py:186} INFO - Started process (PID=481) to work on /home/airflow/.local/lib/python3.12/site-packages/airflow/example_dags/tutorial_objectstorage.py
[2026-01-05T17:20:28.716+0000] {processor.py:914} INFO - Processing file /home/airflow/.local/lib/python3.12/site-packages/airflow/example_dags/tutorial_objectstorage.py for tasks to queue
[2026-01-05T17:20:28.721+0000] {logging_mixin.py:190} INFO - [2026-01-05T17:20:28.721+0000] {dagbag.py:587} INFO - Filling up the DagBag from /home/airflow/.local/lib/python3.12/site-packages/airflow/example_dags/tutorial_objectstorage.py
[2026-01-05T17:20:28.746+0000] {processor.py:925} INFO - DAG(s) 'tutorial_objectstorage' retrieved from /home/airflow/.local/lib/python3.12/site-packages/airflow/example_dags/tutorial_objectstorage.py
[2026-01-05T17:20:28.790+0000] {logging_mixin.py:190} INFO - [2026-01-05T17:20:28.790+0000] {dag.py:3211} INFO - Sync 1 DAGs
[2026-01-05T17:20:28.825+0000] {logging_mixin.py:190} INFO - [2026-01-05T17:20:28.824+0000] {dag.py:4138} INFO - Setting next_dagrun for tutorial_objectstorage to None, run_after=None
[2026-01-05T17:20:28.889+0000] {processor.py:208} INFO - Processing /home/airflow/.local/lib/python3.12/site-packages/airflow/example_dags/tutorial_objectstorage.py took 0.188 seconds
[2026-01-05T17:20:59.210+0000] {processor.py:186} INFO - Started process (PID=547) to work on /home/airflow/.local/lib/python3.12/site-packages/airflow/example_dags/tutorial_objectstorage.py
[2026-01-05T17:20:59.212+0000] {processor.py:914} INFO - Processing file /home/airflow/.local/lib/python3.12/site-packages/airflow/example_dags/tutorial_objectstorage.py for tasks to queue
[2026-01-05T17:20:59.216+0000] {logging_mixin.py:190} INFO - [2026-01-05T17:20:59.216+0000] {dagbag.py:587} INFO - Filling up the DagBag from /home/airflow/.local/lib/python3.12/site-packages/airflow/example_dags/tutorial_objectstorage.py
[2026-01-05T17:20:59.228+0000] {processor.py:925} INFO - DAG(s) 'tutorial_objectstorage' retrieved from /home/airflow/.local/lib/python3.12/site-packages/airflow/example_dags/tutorial_objectstorage.py
[2026-01-05T17:20:59.262+0000] {logging_mixin.py:190} INFO - [2026-01-05T17:20:59.261+0000] {dag.py:3211} INFO - Sync 1 DAGs
[2026-01-05T17:20:59.284+0000] {logging_mixin.py:190} INFO - [2026-01-05T17:20:59.284+0000] {dag.py:4138} INFO - Setting next_dagrun for tutorial_objectstorage to None, run_after=None
[2026-01-05T17:20:59.309+0000] {processor.py:208} INFO - Processing /home/airflow/.local/lib/python3.12/site-packages/airflow/example_dags/tutorial_objectstorage.py took 0.106 seconds
[2026-01-05T17:21:29.396+0000] {processor.py:186} INFO - Started process (PID=613) to work on /home/airflow/.local/lib/python3.12/site-packages/airflow/example_dags/tutorial_objectstorage.py
[2026-01-05T17:21:29.398+0000] {processor.py:914} INFO - Processing file /home/airflow/.local/lib/python3.12/site-packages/airflow/example_dags/tutorial_objectstorage.py for tasks to queue
[2026-01-05T17:21:29.402+0000] {logging_mixin.py:190} INFO - [2026-01-05T17:21:29.402+0000] {dagbag.py:587} INFO - Filling up the DagBag from /home/airflow/.local/lib/python3.12/site-packages/airflow/example_dags/tutorial_objectstorage.py
[2026-01-05T17:21:29.411+0000] {processor.py:925} INFO - DAG(s) 'tutorial_objectstorage' retrieved from /home/airflow/.local/lib/python3.12/site-packages/airflow/example_dags/tutorial_objectstorage.py
[2026-01-05T17:21:29.437+0000] {logging_mixin.py:190} INFO - [2026-01-05T17:21:29.436+0000] {dag.py:3211} INFO - Sync 1 DAGs
[2026-01-05T17:21:29.460+0000] {logging_mixin.py:190} INFO - [2026-01-05T17:21:29.459+0000] {dag.py:4138} INFO - Setting next_dagrun for tutorial_objectstorage to None, run_after=None
[2026-01-05T17:21:29.487+0000] {processor.py:208} INFO - Processing /home/airflow/.local/lib/python3.12/site-packages/airflow/example_dags/tutorial_objectstorage.py took 0.100 seconds
[2026-01-05T17:21:59.592+0000] {processor.py:186} INFO - Started process (PID=679) to work on /home/airflow/.local/lib/python3.12/site-packages/airflow/example_dags/tutorial_objectstorage.py
[2026-01-05T17:21:59.594+0000] {processor.py:914} INFO - Processing file /home/airflow/.local/lib/python3.12/site-packages/airflow/example_dags/tutorial_objectstorage.py for tasks to queue
[2026-01-05T17:21:59.599+0000] {logging_mixin.py:190} INFO - [2026-01-05T17:21:59.598+0000] {dagbag.py:587} INFO - Filling up the DagBag from /home/airflow/.local/lib/python3.12/site-packages/airflow/example_dags/tutorial_objectstorage.py
[2026-01-05T17:21:59.610+0000] {processor.py:925} INFO - DAG(s) 'tutorial_objectstorage' retrieved from /home/airflow/.local/lib/python3.12/site-packages/airflow/example_dags/tutorial_objectstorage.py
[2026-01-05T17:21:59.641+0000] {logging_mixin.py:190} INFO - [2026-01-05T17:21:59.641+0000] {dag.py:3211} INFO - Sync 1 DAGs
[2026-01-05T17:21:59.664+0000] {logging_mixin.py:190} INFO - [2026-01-05T17:21:59.663+0000] {dag.py:4138} INFO - Setting next_dagrun for tutorial_objectstorage to None, run_after=None
[2026-01-05T17:21:59.696+0000] {processor.py:208} INFO - Processing /home/airflow/.local/lib/python3.12/site-packages/airflow/example_dags/tutorial_objectstorage.py took 0.114 seconds
[2026-01-05T17:22:30.533+0000] {processor.py:186} INFO - Started process (PID=745) to work on /home/airflow/.local/lib/python3.12/site-packages/airflow/example_dags/tutorial_objectstorage.py
[2026-01-05T17:22:30.535+0000] {processor.py:914} INFO - Processing file /home/airflow/.local/lib/python3.12/site-packages/airflow/example_dags/tutorial_objectstorage.py for tasks to queue
[2026-01-05T17:22:30.540+0000] {logging_mixin.py:190} INFO - [2026-01-05T17:22:30.539+0000] {dagbag.py:587} INFO - Filling up the DagBag from /home/airflow/.local/lib/python3.12/site-packages/airflow/example_dags/tutorial_objectstorage.py
[2026-01-05T17:22:30.551+0000] {processor.py:925} INFO - DAG(s) 'tutorial_objectstorage' retrieved from /home/airflow/.local/lib/python3.12/site-packages/airflow/example_dags/tutorial_objectstorage.py
[2026-01-05T17:22:30.589+0000] {logging_mixin.py:190} INFO - [2026-01-05T17:22:30.589+0000] {dag.py:3211} INFO - Sync 1 DAGs
[2026-01-05T17:22:30.613+0000] {logging_mixin.py:190} INFO - [2026-01-05T17:22:30.612+0000] {dag.py:4138} INFO - Setting next_dagrun for tutorial_objectstorage to None, run_after=None
[2026-01-05T17:22:30.640+0000] {processor.py:208} INFO - Processing /home/airflow/.local/lib/python3.12/site-packages/airflow/example_dags/tutorial_objectstorage.py took 0.114 seconds
[2026-01-05T17:23:01.013+0000] {processor.py:186} INFO - Started process (PID=810) to work on /home/airflow/.local/lib/python3.12/site-packages/airflow/example_dags/tutorial_objectstorage.py
[2026-01-05T17:23:01.015+0000] {processor.py:914} INFO - Processing file /home/airflow/.local/lib/python3.12/site-packages/airflow/example_dags/tutorial_objectstorage.py for tasks to queue
[2026-01-05T17:23:01.018+0000] {logging_mixin.py:190} INFO - [2026-01-05T17:23:01.018+0000] {dagbag.py:587} INFO - Filling up the DagBag from /home/airflow/.local/lib/python3.12/site-packages/airflow/example_dags/tutorial_objectstorage.py
[2026-01-05T17:23:01.031+0000] {processor.py:925} INFO - DAG(s) 'tutorial_objectstorage' retrieved from /home/airflow/.local/lib/python3.12/site-packages/airflow/example_dags/tutorial_objectstorage.py
[2026-01-05T17:23:01.062+0000] {logging_mixin.py:190} INFO - [2026-01-05T17:23:01.061+0000] {dag.py:3211} INFO - Sync 1 DAGs
[2026-01-05T17:23:01.081+0000] {logging_mixin.py:190} INFO - [2026-01-05T17:23:01.080+0000] {dag.py:4138} INFO - Setting next_dagrun for tutorial_objectstorage to None, run_after=None
[2026-01-05T17:23:01.111+0000] {processor.py:208} INFO - Processing /home/airflow/.local/lib/python3.12/site-packages/airflow/example_dags/tutorial_objectstorage.py took 0.105 seconds
[2026-01-05T17:23:31.392+0000] {processor.py:186} INFO - Started process (PID=876) to work on /home/airflow/.local/lib/python3.12/site-packages/airflow/example_dags/tutorial_objectstorage.py
[2026-01-05T17:23:31.394+0000] {processor.py:914} INFO - Processing file /home/airflow/.local/lib/python3.12/site-packages/airflow/example_dags/tutorial_objectstorage.py for tasks to queue
[2026-01-05T17:23:31.399+0000] {logging_mixin.py:190} INFO - [2026-01-05T17:23:31.398+0000] {dagbag.py:587} INFO - Filling up the DagBag from /home/airflow/.local/lib/python3.12/site-packages/airflow/example_dags/tutorial_objectstorage.py
[2026-01-05T17:23:31.410+0000] {processor.py:925} INFO - DAG(s) 'tutorial_objectstorage' retrieved from /home/airflow/.local/lib/python3.12/site-packages/airflow/example_dags/tutorial_objectstorage.py
[2026-01-05T17:23:31.437+0000] {logging_mixin.py:190} INFO - [2026-01-05T17:23:31.436+0000] {dag.py:3211} INFO - Sync 1 DAGs
[2026-01-05T17:23:31.458+0000] {logging_mixin.py:190} INFO - [2026-01-05T17:23:31.457+0000] {dag.py:4138} INFO - Setting next_dagrun for tutorial_objectstorage to None, run_after=None
[2026-01-05T17:23:31.485+0000] {processor.py:208} INFO - Processing /home/airflow/.local/lib/python3.12/site-packages/airflow/example_dags/tutorial_objectstorage.py took 0.107 seconds
[2026-01-05T17:24:01.637+0000] {processor.py:186} INFO - Started process (PID=942) to work on /home/airflow/.local/lib/python3.12/site-packages/airflow/example_dags/tutorial_objectstorage.py
[2026-01-05T17:24:01.639+0000] {processor.py:914} INFO - Processing file /home/airflow/.local/lib/python3.12/site-packages/airflow/example_dags/tutorial_objectstorage.py for tasks to queue
[2026-01-05T17:24:01.643+0000] {logging_mixin.py:190} INFO - [2026-01-05T17:24:01.643+0000] {dagbag.py:587} INFO - Filling up the DagBag from /home/airflow/.local/lib/python3.12/site-packages/airflow/example_dags/tutorial_objectstorage.py
[2026-01-05T17:24:01.653+0000] {processor.py:925} INFO - DAG(s) 'tutorial_objectstorage' retrieved from /home/airflow/.local/lib/python3.12/site-packages/airflow/example_dags/tutorial_objectstorage.py
[2026-01-05T17:24:01.681+0000] {logging_mixin.py:190} INFO - [2026-01-05T17:24:01.681+0000] {dag.py:3211} INFO - Sync 1 DAGs
[2026-01-05T17:24:01.700+0000] {logging_mixin.py:190} INFO - [2026-01-05T17:24:01.699+0000] {dag.py:4138} INFO - Setting next_dagrun for tutorial_objectstorage to None, run_after=None
[2026-01-05T17:24:01.726+0000] {processor.py:208} INFO - Processing /home/airflow/.local/lib/python3.12/site-packages/airflow/example_dags/tutorial_objectstorage.py took 0.099 seconds
[2026-01-05T17:24:31.842+0000] {processor.py:186} INFO - Started process (PID=1008) to work on /home/airflow/.local/lib/python3.12/site-packages/airflow/example_dags/tutorial_objectstorage.py
[2026-01-05T17:24:31.844+0000] {processor.py:914} INFO - Processing file /home/airflow/.local/lib/python3.12/site-packages/airflow/example_dags/tutorial_objectstorage.py for tasks to queue
[2026-01-05T17:24:31.847+0000] {logging_mixin.py:190} INFO - [2026-01-05T17:24:31.847+0000] {dagbag.py:587} INFO - Filling up the DagBag from /home/airflow/.local/lib/python3.12/site-packages/airflow/example_dags/tutorial_objectstorage.py
[2026-01-05T17:24:31.856+0000] {processor.py:925} INFO - DAG(s) 'tutorial_objectstorage' retrieved from /home/airflow/.local/lib/python3.12/site-packages/airflow/example_dags/tutorial_objectstorage.py
[2026-01-05T17:24:31.882+0000] {logging_mixin.py:190} INFO - [2026-01-05T17:24:31.881+0000] {dag.py:3211} INFO - Sync 1 DAGs
[2026-01-05T17:24:31.898+0000] {logging_mixin.py:190} INFO - [2026-01-05T17:24:31.898+0000] {dag.py:4138} INFO - Setting next_dagrun for tutorial_objectstorage to None, run_after=None
[2026-01-05T17:24:31.928+0000] {processor.py:208} INFO - Processing /home/airflow/.local/lib/python3.12/site-packages/airflow/example_dags/tutorial_objectstorage.py took 0.094 seconds
[2026-01-05T17:25:02.069+0000] {processor.py:186} INFO - Started process (PID=1073) to work on /home/airflow/.local/lib/python3.12/site-packages/airflow/example_dags/tutorial_objectstorage.py
[2026-01-05T17:25:02.071+0000] {processor.py:914} INFO - Processing file /home/airflow/.local/lib/python3.12/site-packages/airflow/example_dags/tutorial_objectstorage.py for tasks to queue
[2026-01-05T17:25:02.074+0000] {logging_mixin.py:190} INFO - [2026-01-05T17:25:02.074+0000] {dagbag.py:587} INFO - Filling up the DagBag from /home/airflow/.local/lib/python3.12/site-packages/airflow/example_dags/tutorial_objectstorage.py
[2026-01-05T17:25:02.083+0000] {processor.py:925} INFO - DAG(s) 'tutorial_objectstorage' retrieved from /home/airflow/.local/lib/python3.12/site-packages/airflow/example_dags/tutorial_objectstorage.py
[2026-01-05T17:25:02.108+0000] {logging_mixin.py:190} INFO - [2026-01-05T17:25:02.107+0000] {dag.py:3211} INFO - Sync 1 DAGs
[2026-01-05T17:25:02.124+0000] {logging_mixin.py:190} INFO - [2026-01-05T17:25:02.124+0000] {dag.py:4138} INFO - Setting next_dagrun for tutorial_objectstorage to None, run_after=None
[2026-01-05T17:25:02.148+0000] {processor.py:208} INFO - Processing /home/airflow/.local/lib/python3.12/site-packages/airflow/example_dags/tutorial_objectstorage.py took 0.087 seconds
[2026-01-05T17:25:32.384+0000] {processor.py:186} INFO - Started process (PID=1139) to work on /home/airflow/.local/lib/python3.12/site-packages/airflow/example_dags/tutorial_objectstorage.py
[2026-01-05T17:25:32.385+0000] {processor.py:914} INFO - Processing file /home/airflow/.local/lib/python3.12/site-packages/airflow/example_dags/tutorial_objectstorage.py for tasks to queue
[2026-01-05T17:25:32.389+0000] {logging_mixin.py:190} INFO - [2026-01-05T17:25:32.389+0000] {dagbag.py:587} INFO - Filling up the DagBag from /home/airflow/.local/lib/python3.12/site-packages/airflow/example_dags/tutorial_objectstorage.py
[2026-01-05T17:25:32.401+0000] {processor.py:925} INFO - DAG(s) 'tutorial_objectstorage' retrieved from /home/airflow/.local/lib/python3.12/site-packages/airflow/example_dags/tutorial_objectstorage.py
[2026-01-05T17:25:32.430+0000] {logging_mixin.py:190} INFO - [2026-01-05T17:25:32.430+0000] {dag.py:3211} INFO - Sync 1 DAGs
[2026-01-05T17:25:32.456+0000] {logging_mixin.py:190} INFO - [2026-01-05T17:25:32.455+0000] {dag.py:4138} INFO - Setting next_dagrun for tutorial_objectstorage to None, run_after=None
[2026-01-05T17:25:32.497+0000] {processor.py:208} INFO - Processing /home/airflow/.local/lib/python3.12/site-packages/airflow/example_dags/tutorial_objectstorage.py took 0.121 seconds
[2026-01-05T17:26:02.745+0000] {processor.py:186} INFO - Started process (PID=1205) to work on /home/airflow/.local/lib/python3.12/site-packages/airflow/example_dags/tutorial_objectstorage.py
[2026-01-05T17:26:02.747+0000] {processor.py:914} INFO - Processing file /home/airflow/.local/lib/python3.12/site-packages/airflow/example_dags/tutorial_objectstorage.py for tasks to queue
[2026-01-05T17:26:02.750+0000] {logging_mixin.py:190} INFO - [2026-01-05T17:26:02.750+0000] {dagbag.py:587} INFO - Filling up the DagBag from /home/airflow/.local/lib/python3.12/site-packages/airflow/example_dags/tutorial_objectstorage.py
[2026-01-05T17:26:02.758+0000] {processor.py:925} INFO - DAG(s) 'tutorial_objectstorage' retrieved from /home/airflow/.local/lib/python3.12/site-packages/airflow/example_dags/tutorial_objectstorage.py
[2026-01-05T17:26:02.783+0000] {logging_mixin.py:190} INFO - [2026-01-05T17:26:02.783+0000] {dag.py:3211} INFO - Sync 1 DAGs
[2026-01-05T17:26:02.798+0000] {logging_mixin.py:190} INFO - [2026-01-05T17:26:02.797+0000] {dag.py:4138} INFO - Setting next_dagrun for tutorial_objectstorage to None, run_after=None
[2026-01-05T17:26:02.819+0000] {processor.py:208} INFO - Processing /home/airflow/.local/lib/python3.12/site-packages/airflow/example_dags/tutorial_objectstorage.py took 0.083 seconds
[2026-01-05T17:26:33.729+0000] {processor.py:186} INFO - Started process (PID=1272) to work on /home/airflow/.local/lib/python3.12/site-packages/airflow/example_dags/tutorial_objectstorage.py
[2026-01-05T17:26:33.731+0000] {processor.py:914} INFO - Processing file /home/airflow/.local/lib/python3.12/site-packages/airflow/example_dags/tutorial_objectstorage.py for tasks to queue
[2026-01-05T17:26:33.734+0000] {logging_mixin.py:190} INFO - [2026-01-05T17:26:33.734+0000] {dagbag.py:587} INFO - Filling up the DagBag from /home/airflow/.local/lib/python3.12/site-packages/airflow/example_dags/tutorial_objectstorage.py
[2026-01-05T17:26:33.744+0000] {processor.py:925} INFO - DAG(s) 'tutorial_objectstorage' retrieved from /home/airflow/.local/lib/python3.12/site-packages/airflow/example_dags/tutorial_objectstorage.py
[2026-01-05T17:26:33.776+0000] {logging_mixin.py:190} INFO - [2026-01-05T17:26:33.775+0000] {dag.py:3211} INFO - Sync 1 DAGs
[2026-01-05T17:26:33.793+0000] {logging_mixin.py:190} INFO - [2026-01-05T17:26:33.793+0000] {dag.py:4138} INFO - Setting next_dagrun for tutorial_objectstorage to None, run_after=None
[2026-01-05T17:26:33.820+0000] {processor.py:208} INFO - Processing /home/airflow/.local/lib/python3.12/site-packages/airflow/example_dags/tutorial_objectstorage.py took 0.096 seconds
[2026-01-05T17:27:04.263+0000] {processor.py:186} INFO - Started process (PID=1338) to work on /home/airflow/.local/lib/python3.12/site-packages/airflow/example_dags/tutorial_objectstorage.py
[2026-01-05T17:27:04.265+0000] {processor.py:914} INFO - Processing file /home/airflow/.local/lib/python3.12/site-packages/airflow/example_dags/tutorial_objectstorage.py for tasks to queue
[2026-01-05T17:27:04.268+0000] {logging_mixin.py:190} INFO - [2026-01-05T17:27:04.268+0000] {dagbag.py:587} INFO - Filling up the DagBag from /home/airflow/.local/lib/python3.12/site-packages/airflow/example_dags/tutorial_objectstorage.py
[2026-01-05T17:27:04.282+0000] {processor.py:925} INFO - DAG(s) 'tutorial_objectstorage' retrieved from /home/airflow/.local/lib/python3.12/site-packages/airflow/example_dags/tutorial_objectstorage.py
[2026-01-05T17:27:04.310+0000] {logging_mixin.py:190} INFO - [2026-01-05T17:27:04.310+0000] {dag.py:3211} INFO - Sync 1 DAGs
[2026-01-05T17:27:04.332+0000] {logging_mixin.py:190} INFO - [2026-01-05T17:27:04.332+0000] {dag.py:4138} INFO - Setting next_dagrun for tutorial_objectstorage to None, run_after=None
[2026-01-05T17:27:04.358+0000] {processor.py:208} INFO - Processing /home/airflow/.local/lib/python3.12/site-packages/airflow/example_dags/tutorial_objectstorage.py took 0.102 seconds
[2026-01-05T17:27:34.527+0000] {processor.py:186} INFO - Started process (PID=1403) to work on /home/airflow/.local/lib/python3.12/site-packages/airflow/example_dags/tutorial_objectstorage.py
[2026-01-05T17:27:34.528+0000] {processor.py:914} INFO - Processing file /home/airflow/.local/lib/python3.12/site-packages/airflow/example_dags/tutorial_objectstorage.py for tasks to queue
[2026-01-05T17:27:34.533+0000] {logging_mixin.py:190} INFO - [2026-01-05T17:27:34.533+0000] {dagbag.py:587} INFO - Filling up the DagBag from /home/airflow/.local/lib/python3.12/site-packages/airflow/example_dags/tutorial_objectstorage.py
[2026-01-05T17:27:34.546+0000] {processor.py:925} INFO - DAG(s) 'tutorial_objectstorage' retrieved from /home/airflow/.local/lib/python3.12/site-packages/airflow/example_dags/tutorial_objectstorage.py
[2026-01-05T17:27:34.582+0000] {logging_mixin.py:190} INFO - [2026-01-05T17:27:34.582+0000] {dag.py:3211} INFO - Sync 1 DAGs
[2026-01-05T17:27:34.605+0000] {logging_mixin.py:190} INFO - [2026-01-05T17:27:34.605+0000] {dag.py:4138} INFO - Setting next_dagrun for tutorial_objectstorage to None, run_after=None
[2026-01-05T17:27:34.640+0000] {processor.py:208} INFO - Processing /home/airflow/.local/lib/python3.12/site-packages/airflow/example_dags/tutorial_objectstorage.py took 0.120 seconds
[2026-01-05T17:28:05.395+0000] {processor.py:186} INFO - Started process (PID=1470) to work on /home/airflow/.local/lib/python3.12/site-packages/airflow/example_dags/tutorial_objectstorage.py
[2026-01-05T17:28:05.396+0000] {processor.py:914} INFO - Processing file /home/airflow/.local/lib/python3.12/site-packages/airflow/example_dags/tutorial_objectstorage.py for tasks to queue
[2026-01-05T17:28:05.401+0000] {logging_mixin.py:190} INFO - [2026-01-05T17:28:05.401+0000] {dagbag.py:587} INFO - Filling up the DagBag from /home/airflow/.local/lib/python3.12/site-packages/airflow/example_dags/tutorial_objectstorage.py
[2026-01-05T17:28:05.415+0000] {processor.py:925} INFO - DAG(s) 'tutorial_objectstorage' retrieved from /home/airflow/.local/lib/python3.12/site-packages/airflow/example_dags/tutorial_objectstorage.py
[2026-01-05T17:28:05.446+0000] {logging_mixin.py:190} INFO - [2026-01-05T17:28:05.445+0000] {dag.py:3211} INFO - Sync 1 DAGs
[2026-01-05T17:28:05.463+0000] {logging_mixin.py:190} INFO - [2026-01-05T17:28:05.463+0000] {dag.py:4138} INFO - Setting next_dagrun for tutorial_objectstorage to None, run_after=None
[2026-01-05T17:28:05.486+0000] {processor.py:208} INFO - Processing /home/airflow/.local/lib/python3.12/site-packages/airflow/example_dags/tutorial_objectstorage.py took 0.102 seconds
[2026-01-05T17:28:35.721+0000] {processor.py:186} INFO - Started process (PID=1535) to work on /home/airflow/.local/lib/python3.12/site-packages/airflow/example_dags/tutorial_objectstorage.py
[2026-01-05T17:28:35.726+0000] {processor.py:914} INFO - Processing file /home/airflow/.local/lib/python3.12/site-packages/airflow/example_dags/tutorial_objectstorage.py for tasks to queue
[2026-01-05T17:28:35.731+0000] {logging_mixin.py:190} INFO - [2026-01-05T17:28:35.731+0000] {dagbag.py:587} INFO - Filling up the DagBag from /home/airflow/.local/lib/python3.12/site-packages/airflow/example_dags/tutorial_objectstorage.py
[2026-01-05T17:28:35.742+0000] {processor.py:925} INFO - DAG(s) 'tutorial_objectstorage' retrieved from /home/airflow/.local/lib/python3.12/site-packages/airflow/example_dags/tutorial_objectstorage.py
[2026-01-05T17:28:35.771+0000] {logging_mixin.py:190} INFO - [2026-01-05T17:28:35.770+0000] {dag.py:3211} INFO - Sync 1 DAGs
[2026-01-05T17:28:35.792+0000] {logging_mixin.py:190} INFO - [2026-01-05T17:28:35.792+0000] {dag.py:4138} INFO - Setting next_dagrun for tutorial_objectstorage to None, run_after=None
[2026-01-05T17:28:35.831+0000] {processor.py:208} INFO - Processing /home/airflow/.local/lib/python3.12/site-packages/airflow/example_dags/tutorial_objectstorage.py took 0.119 seconds
[2026-01-05T17:29:06.313+0000] {processor.py:186} INFO - Started process (PID=1601) to work on /home/airflow/.local/lib/python3.12/site-packages/airflow/example_dags/tutorial_objectstorage.py
[2026-01-05T17:29:06.315+0000] {processor.py:914} INFO - Processing file /home/airflow/.local/lib/python3.12/site-packages/airflow/example_dags/tutorial_objectstorage.py for tasks to queue
[2026-01-05T17:29:06.319+0000] {logging_mixin.py:190} INFO - [2026-01-05T17:29:06.319+0000] {dagbag.py:587} INFO - Filling up the DagBag from /home/airflow/.local/lib/python3.12/site-packages/airflow/example_dags/tutorial_objectstorage.py
[2026-01-05T17:29:06.337+0000] {processor.py:925} INFO - DAG(s) 'tutorial_objectstorage' retrieved from /home/airflow/.local/lib/python3.12/site-packages/airflow/example_dags/tutorial_objectstorage.py
[2026-01-05T17:29:06.361+0000] {logging_mixin.py:190} INFO - [2026-01-05T17:29:06.360+0000] {dag.py:3211} INFO - Sync 1 DAGs
[2026-01-05T17:29:06.378+0000] {logging_mixin.py:190} INFO - [2026-01-05T17:29:06.377+0000] {dag.py:4138} INFO - Setting next_dagrun for tutorial_objectstorage to None, run_after=None
[2026-01-05T17:29:06.400+0000] {processor.py:208} INFO - Processing /home/airflow/.local/lib/python3.12/site-packages/airflow/example_dags/tutorial_objectstorage.py took 0.097 seconds
[2026-01-05T17:29:37.211+0000] {processor.py:186} INFO - Started process (PID=1667) to work on /home/airflow/.local/lib/python3.12/site-packages/airflow/example_dags/tutorial_objectstorage.py
[2026-01-05T17:29:37.213+0000] {processor.py:914} INFO - Processing file /home/airflow/.local/lib/python3.12/site-packages/airflow/example_dags/tutorial_objectstorage.py for tasks to queue
[2026-01-05T17:29:37.217+0000] {logging_mixin.py:190} INFO - [2026-01-05T17:29:37.217+0000] {dagbag.py:587} INFO - Filling up the DagBag from /home/airflow/.local/lib/python3.12/site-packages/airflow/example_dags/tutorial_objectstorage.py
[2026-01-05T17:29:37.232+0000] {processor.py:925} INFO - DAG(s) 'tutorial_objectstorage' retrieved from /home/airflow/.local/lib/python3.12/site-packages/airflow/example_dags/tutorial_objectstorage.py
[2026-01-05T17:29:37.265+0000] {logging_mixin.py:190} INFO - [2026-01-05T17:29:37.264+0000] {dag.py:3211} INFO - Sync 1 DAGs
[2026-01-05T17:29:37.299+0000] {logging_mixin.py:190} INFO - [2026-01-05T17:29:37.299+0000] {dag.py:4138} INFO - Setting next_dagrun for tutorial_objectstorage to None, run_after=None
[2026-01-05T17:29:37.340+0000] {processor.py:208} INFO - Processing /home/airflow/.local/lib/python3.12/site-packages/airflow/example_dags/tutorial_objectstorage.py took 0.141 seconds
[2026-01-05T17:30:07.486+0000] {processor.py:186} INFO - Started process (PID=1733) to work on /home/airflow/.local/lib/python3.12/site-packages/airflow/example_dags/tutorial_objectstorage.py
[2026-01-05T17:30:07.489+0000] {processor.py:914} INFO - Processing file /home/airflow/.local/lib/python3.12/site-packages/airflow/example_dags/tutorial_objectstorage.py for tasks to queue
[2026-01-05T17:30:07.497+0000] {logging_mixin.py:190} INFO - [2026-01-05T17:30:07.496+0000] {dagbag.py:587} INFO - Filling up the DagBag from /home/airflow/.local/lib/python3.12/site-packages/airflow/example_dags/tutorial_objectstorage.py
[2026-01-05T17:30:07.516+0000] {processor.py:925} INFO - DAG(s) 'tutorial_objectstorage' retrieved from /home/airflow/.local/lib/python3.12/site-packages/airflow/example_dags/tutorial_objectstorage.py
[2026-01-05T17:30:07.551+0000] {logging_mixin.py:190} INFO - [2026-01-05T17:30:07.551+0000] {dag.py:3211} INFO - Sync 1 DAGs
[2026-01-05T17:30:07.576+0000] {logging_mixin.py:190} INFO - [2026-01-05T17:30:07.575+0000] {dag.py:4138} INFO - Setting next_dagrun for tutorial_objectstorage to None, run_after=None
[2026-01-05T17:30:07.617+0000] {processor.py:208} INFO - Processing /home/airflow/.local/lib/python3.12/site-packages/airflow/example_dags/tutorial_objectstorage.py took 0.145 seconds
[2026-01-05T17:30:38.103+0000] {processor.py:186} INFO - Started process (PID=1800) to work on /home/airflow/.local/lib/python3.12/site-packages/airflow/example_dags/tutorial_objectstorage.py
[2026-01-05T17:30:38.105+0000] {processor.py:914} INFO - Processing file /home/airflow/.local/lib/python3.12/site-packages/airflow/example_dags/tutorial_objectstorage.py for tasks to queue
[2026-01-05T17:30:38.109+0000] {logging_mixin.py:190} INFO - [2026-01-05T17:30:38.108+0000] {dagbag.py:587} INFO - Filling up the DagBag from /home/airflow/.local/lib/python3.12/site-packages/airflow/example_dags/tutorial_objectstorage.py
[2026-01-05T17:30:38.119+0000] {processor.py:925} INFO - DAG(s) 'tutorial_objectstorage' retrieved from /home/airflow/.local/lib/python3.12/site-packages/airflow/example_dags/tutorial_objectstorage.py
[2026-01-05T17:30:38.146+0000] {logging_mixin.py:190} INFO - [2026-01-05T17:30:38.146+0000] {dag.py:3211} INFO - Sync 1 DAGs
[2026-01-05T17:30:38.167+0000] {logging_mixin.py:190} INFO - [2026-01-05T17:30:38.167+0000] {dag.py:4138} INFO - Setting next_dagrun for tutorial_objectstorage to None, run_after=None
[2026-01-05T17:30:38.201+0000] {processor.py:208} INFO - Processing /home/airflow/.local/lib/python3.12/site-packages/airflow/example_dags/tutorial_objectstorage.py took 0.106 seconds
[2026-01-05T17:31:08.773+0000] {processor.py:186} INFO - Started process (PID=1866) to work on /home/airflow/.local/lib/python3.12/site-packages/airflow/example_dags/tutorial_objectstorage.py
[2026-01-05T17:31:08.775+0000] {processor.py:914} INFO - Processing file /home/airflow/.local/lib/python3.12/site-packages/airflow/example_dags/tutorial_objectstorage.py for tasks to queue
[2026-01-05T17:31:08.778+0000] {logging_mixin.py:190} INFO - [2026-01-05T17:31:08.778+0000] {dagbag.py:587} INFO - Filling up the DagBag from /home/airflow/.local/lib/python3.12/site-packages/airflow/example_dags/tutorial_objectstorage.py
[2026-01-05T17:31:08.789+0000] {processor.py:925} INFO - DAG(s) 'tutorial_objectstorage' retrieved from /home/airflow/.local/lib/python3.12/site-packages/airflow/example_dags/tutorial_objectstorage.py
[2026-01-05T17:31:08.812+0000] {logging_mixin.py:190} INFO - [2026-01-05T17:31:08.812+0000] {dag.py:3211} INFO - Sync 1 DAGs
[2026-01-05T17:31:08.827+0000] {logging_mixin.py:190} INFO - [2026-01-05T17:31:08.827+0000] {dag.py:4138} INFO - Setting next_dagrun for tutorial_objectstorage to None, run_after=None
[2026-01-05T17:31:08.852+0000] {processor.py:208} INFO - Processing /home/airflow/.local/lib/python3.12/site-packages/airflow/example_dags/tutorial_objectstorage.py took 0.089 seconds
[2026-01-05T17:31:38.981+0000] {processor.py:186} INFO - Started process (PID=1932) to work on /home/airflow/.local/lib/python3.12/site-packages/airflow/example_dags/tutorial_objectstorage.py
[2026-01-05T17:31:38.983+0000] {processor.py:914} INFO - Processing file /home/airflow/.local/lib/python3.12/site-packages/airflow/example_dags/tutorial_objectstorage.py for tasks to queue
[2026-01-05T17:31:38.986+0000] {logging_mixin.py:190} INFO - [2026-01-05T17:31:38.986+0000] {dagbag.py:587} INFO - Filling up the DagBag from /home/airflow/.local/lib/python3.12/site-packages/airflow/example_dags/tutorial_objectstorage.py
[2026-01-05T17:31:38.993+0000] {processor.py:925} INFO - DAG(s) 'tutorial_objectstorage' retrieved from /home/airflow/.local/lib/python3.12/site-packages/airflow/example_dags/tutorial_objectstorage.py
[2026-01-05T17:31:39.024+0000] {logging_mixin.py:190} INFO - [2026-01-05T17:31:39.023+0000] {dag.py:3211} INFO - Sync 1 DAGs
[2026-01-05T17:31:39.044+0000] {logging_mixin.py:190} INFO - [2026-01-05T17:31:39.044+0000] {dag.py:4138} INFO - Setting next_dagrun for tutorial_objectstorage to None, run_after=None
[2026-01-05T17:31:39.074+0000] {processor.py:208} INFO - Processing /home/airflow/.local/lib/python3.12/site-packages/airflow/example_dags/tutorial_objectstorage.py took 0.100 seconds
[2026-01-05T17:32:09.673+0000] {processor.py:186} INFO - Started process (PID=1998) to work on /home/airflow/.local/lib/python3.12/site-packages/airflow/example_dags/tutorial_objectstorage.py
[2026-01-05T17:32:09.675+0000] {processor.py:914} INFO - Processing file /home/airflow/.local/lib/python3.12/site-packages/airflow/example_dags/tutorial_objectstorage.py for tasks to queue
[2026-01-05T17:32:09.680+0000] {logging_mixin.py:190} INFO - [2026-01-05T17:32:09.680+0000] {dagbag.py:587} INFO - Filling up the DagBag from /home/airflow/.local/lib/python3.12/site-packages/airflow/example_dags/tutorial_objectstorage.py
[2026-01-05T17:32:09.692+0000] {processor.py:925} INFO - DAG(s) 'tutorial_objectstorage' retrieved from /home/airflow/.local/lib/python3.12/site-packages/airflow/example_dags/tutorial_objectstorage.py
[2026-01-05T17:32:09.723+0000] {logging_mixin.py:190} INFO - [2026-01-05T17:32:09.723+0000] {dag.py:3211} INFO - Sync 1 DAGs
[2026-01-05T17:32:09.748+0000] {logging_mixin.py:190} INFO - [2026-01-05T17:32:09.748+0000] {dag.py:4138} INFO - Setting next_dagrun for tutorial_objectstorage to None, run_after=None
[2026-01-05T17:32:09.778+0000] {processor.py:208} INFO - Processing /home/airflow/.local/lib/python3.12/site-packages/airflow/example_dags/tutorial_objectstorage.py took 0.114 seconds
[2026-01-05T17:32:40.077+0000] {processor.py:186} INFO - Started process (PID=2064) to work on /home/airflow/.local/lib/python3.12/site-packages/airflow/example_dags/tutorial_objectstorage.py
[2026-01-05T17:32:40.080+0000] {processor.py:914} INFO - Processing file /home/airflow/.local/lib/python3.12/site-packages/airflow/example_dags/tutorial_objectstorage.py for tasks to queue
[2026-01-05T17:32:40.085+0000] {logging_mixin.py:190} INFO - [2026-01-05T17:32:40.084+0000] {dagbag.py:587} INFO - Filling up the DagBag from /home/airflow/.local/lib/python3.12/site-packages/airflow/example_dags/tutorial_objectstorage.py
[2026-01-05T17:32:40.095+0000] {processor.py:925} INFO - DAG(s) 'tutorial_objectstorage' retrieved from /home/airflow/.local/lib/python3.12/site-packages/airflow/example_dags/tutorial_objectstorage.py
[2026-01-05T17:32:40.123+0000] {logging_mixin.py:190} INFO - [2026-01-05T17:32:40.123+0000] {dag.py:3211} INFO - Sync 1 DAGs
[2026-01-05T17:32:40.142+0000] {logging_mixin.py:190} INFO - [2026-01-05T17:32:40.142+0000] {dag.py:4138} INFO - Setting next_dagrun for tutorial_objectstorage to None, run_after=None
[2026-01-05T17:32:40.175+0000] {processor.py:208} INFO - Processing /home/airflow/.local/lib/python3.12/site-packages/airflow/example_dags/tutorial_objectstorage.py took 0.106 seconds
[2026-01-05T17:33:10.749+0000] {processor.py:186} INFO - Started process (PID=2130) to work on /home/airflow/.local/lib/python3.12/site-packages/airflow/example_dags/tutorial_objectstorage.py
[2026-01-05T17:33:10.751+0000] {processor.py:914} INFO - Processing file /home/airflow/.local/lib/python3.12/site-packages/airflow/example_dags/tutorial_objectstorage.py for tasks to queue
[2026-01-05T17:33:10.755+0000] {logging_mixin.py:190} INFO - [2026-01-05T17:33:10.755+0000] {dagbag.py:587} INFO - Filling up the DagBag from /home/airflow/.local/lib/python3.12/site-packages/airflow/example_dags/tutorial_objectstorage.py
[2026-01-05T17:33:10.766+0000] {processor.py:925} INFO - DAG(s) 'tutorial_objectstorage' retrieved from /home/airflow/.local/lib/python3.12/site-packages/airflow/example_dags/tutorial_objectstorage.py
[2026-01-05T17:33:10.793+0000] {logging_mixin.py:190} INFO - [2026-01-05T17:33:10.792+0000] {dag.py:3211} INFO - Sync 1 DAGs
[2026-01-05T17:33:10.810+0000] {logging_mixin.py:190} INFO - [2026-01-05T17:33:10.810+0000] {dag.py:4138} INFO - Setting next_dagrun for tutorial_objectstorage to None, run_after=None
[2026-01-05T17:33:10.830+0000] {processor.py:208} INFO - Processing /home/airflow/.local/lib/python3.12/site-packages/airflow/example_dags/tutorial_objectstorage.py took 0.095 seconds
[2026-01-05T17:33:41.256+0000] {processor.py:186} INFO - Started process (PID=2196) to work on /home/airflow/.local/lib/python3.12/site-packages/airflow/example_dags/tutorial_objectstorage.py
[2026-01-05T17:33:41.257+0000] {processor.py:914} INFO - Processing file /home/airflow/.local/lib/python3.12/site-packages/airflow/example_dags/tutorial_objectstorage.py for tasks to queue
[2026-01-05T17:33:41.261+0000] {logging_mixin.py:190} INFO - [2026-01-05T17:33:41.260+0000] {dagbag.py:587} INFO - Filling up the DagBag from /home/airflow/.local/lib/python3.12/site-packages/airflow/example_dags/tutorial_objectstorage.py
[2026-01-05T17:33:41.269+0000] {processor.py:925} INFO - DAG(s) 'tutorial_objectstorage' retrieved from /home/airflow/.local/lib/python3.12/site-packages/airflow/example_dags/tutorial_objectstorage.py
[2026-01-05T17:33:41.295+0000] {logging_mixin.py:190} INFO - [2026-01-05T17:33:41.295+0000] {dag.py:3211} INFO - Sync 1 DAGs
[2026-01-05T17:33:41.313+0000] {logging_mixin.py:190} INFO - [2026-01-05T17:33:41.312+0000] {dag.py:4138} INFO - Setting next_dagrun for tutorial_objectstorage to None, run_after=None
[2026-01-05T17:33:41.337+0000] {processor.py:208} INFO - Processing /home/airflow/.local/lib/python3.12/site-packages/airflow/example_dags/tutorial_objectstorage.py took 0.090 seconds
[2026-01-05T17:34:11.563+0000] {processor.py:186} INFO - Started process (PID=2262) to work on /home/airflow/.local/lib/python3.12/site-packages/airflow/example_dags/tutorial_objectstorage.py
[2026-01-05T17:34:11.564+0000] {processor.py:914} INFO - Processing file /home/airflow/.local/lib/python3.12/site-packages/airflow/example_dags/tutorial_objectstorage.py for tasks to queue
[2026-01-05T17:34:11.569+0000] {logging_mixin.py:190} INFO - [2026-01-05T17:34:11.568+0000] {dagbag.py:587} INFO - Filling up the DagBag from /home/airflow/.local/lib/python3.12/site-packages/airflow/example_dags/tutorial_objectstorage.py
[2026-01-05T17:34:11.582+0000] {processor.py:925} INFO - DAG(s) 'tutorial_objectstorage' retrieved from /home/airflow/.local/lib/python3.12/site-packages/airflow/example_dags/tutorial_objectstorage.py
[2026-01-05T17:34:11.608+0000] {logging_mixin.py:190} INFO - [2026-01-05T17:34:11.608+0000] {dag.py:3211} INFO - Sync 1 DAGs
[2026-01-05T17:34:11.629+0000] {logging_mixin.py:190} INFO - [2026-01-05T17:34:11.628+0000] {dag.py:4138} INFO - Setting next_dagrun for tutorial_objectstorage to None, run_after=None
[2026-01-05T17:34:11.655+0000] {processor.py:208} INFO - Processing /home/airflow/.local/lib/python3.12/site-packages/airflow/example_dags/tutorial_objectstorage.py took 0.100 seconds
[2026-01-05T17:34:42.242+0000] {processor.py:186} INFO - Started process (PID=2328) to work on /home/airflow/.local/lib/python3.12/site-packages/airflow/example_dags/tutorial_objectstorage.py
[2026-01-05T17:34:42.244+0000] {processor.py:914} INFO - Processing file /home/airflow/.local/lib/python3.12/site-packages/airflow/example_dags/tutorial_objectstorage.py for tasks to queue
[2026-01-05T17:34:42.248+0000] {logging_mixin.py:190} INFO - [2026-01-05T17:34:42.247+0000] {dagbag.py:587} INFO - Filling up the DagBag from /home/airflow/.local/lib/python3.12/site-packages/airflow/example_dags/tutorial_objectstorage.py
[2026-01-05T17:34:42.259+0000] {processor.py:925} INFO - DAG(s) 'tutorial_objectstorage' retrieved from /home/airflow/.local/lib/python3.12/site-packages/airflow/example_dags/tutorial_objectstorage.py
[2026-01-05T17:34:42.288+0000] {logging_mixin.py:190} INFO - [2026-01-05T17:34:42.288+0000] {dag.py:3211} INFO - Sync 1 DAGs
[2026-01-05T17:34:42.306+0000] {logging_mixin.py:190} INFO - [2026-01-05T17:34:42.306+0000] {dag.py:4138} INFO - Setting next_dagrun for tutorial_objectstorage to None, run_after=None
[2026-01-05T17:34:42.333+0000] {processor.py:208} INFO - Processing /home/airflow/.local/lib/python3.12/site-packages/airflow/example_dags/tutorial_objectstorage.py took 0.101 seconds
[2026-01-05T17:35:12.551+0000] {processor.py:186} INFO - Started process (PID=2394) to work on /home/airflow/.local/lib/python3.12/site-packages/airflow/example_dags/tutorial_objectstorage.py
[2026-01-05T17:35:12.552+0000] {processor.py:914} INFO - Processing file /home/airflow/.local/lib/python3.12/site-packages/airflow/example_dags/tutorial_objectstorage.py for tasks to queue
[2026-01-05T17:35:12.557+0000] {logging_mixin.py:190} INFO - [2026-01-05T17:35:12.556+0000] {dagbag.py:587} INFO - Filling up the DagBag from /home/airflow/.local/lib/python3.12/site-packages/airflow/example_dags/tutorial_objectstorage.py
[2026-01-05T17:35:12.565+0000] {processor.py:925} INFO - DAG(s) 'tutorial_objectstorage' retrieved from /home/airflow/.local/lib/python3.12/site-packages/airflow/example_dags/tutorial_objectstorage.py
[2026-01-05T17:35:12.588+0000] {logging_mixin.py:190} INFO - [2026-01-05T17:35:12.587+0000] {dag.py:3211} INFO - Sync 1 DAGs
[2026-01-05T17:35:12.604+0000] {logging_mixin.py:190} INFO - [2026-01-05T17:35:12.603+0000] {dag.py:4138} INFO - Setting next_dagrun for tutorial_objectstorage to None, run_after=None
[2026-01-05T17:35:12.631+0000] {processor.py:208} INFO - Processing /home/airflow/.local/lib/python3.12/site-packages/airflow/example_dags/tutorial_objectstorage.py took 0.086 seconds
[2026-01-05T17:35:42.870+0000] {processor.py:186} INFO - Started process (PID=2461) to work on /home/airflow/.local/lib/python3.12/site-packages/airflow/example_dags/tutorial_objectstorage.py
[2026-01-05T17:35:42.872+0000] {processor.py:914} INFO - Processing file /home/airflow/.local/lib/python3.12/site-packages/airflow/example_dags/tutorial_objectstorage.py for tasks to queue
[2026-01-05T17:35:42.875+0000] {logging_mixin.py:190} INFO - [2026-01-05T17:35:42.875+0000] {dagbag.py:587} INFO - Filling up the DagBag from /home/airflow/.local/lib/python3.12/site-packages/airflow/example_dags/tutorial_objectstorage.py
[2026-01-05T17:35:42.887+0000] {processor.py:925} INFO - DAG(s) 'tutorial_objectstorage' retrieved from /home/airflow/.local/lib/python3.12/site-packages/airflow/example_dags/tutorial_objectstorage.py
[2026-01-05T17:35:42.911+0000] {logging_mixin.py:190} INFO - [2026-01-05T17:35:42.911+0000] {dag.py:3211} INFO - Sync 1 DAGs
[2026-01-05T17:35:42.929+0000] {logging_mixin.py:190} INFO - [2026-01-05T17:35:42.928+0000] {dag.py:4138} INFO - Setting next_dagrun for tutorial_objectstorage to None, run_after=None
[2026-01-05T17:35:42.958+0000] {processor.py:208} INFO - Processing /home/airflow/.local/lib/python3.12/site-packages/airflow/example_dags/tutorial_objectstorage.py took 0.094 seconds
[2026-01-05T17:36:13.583+0000] {processor.py:186} INFO - Started process (PID=2527) to work on /home/airflow/.local/lib/python3.12/site-packages/airflow/example_dags/tutorial_objectstorage.py
[2026-01-05T17:36:13.585+0000] {processor.py:914} INFO - Processing file /home/airflow/.local/lib/python3.12/site-packages/airflow/example_dags/tutorial_objectstorage.py for tasks to queue
[2026-01-05T17:36:13.589+0000] {logging_mixin.py:190} INFO - [2026-01-05T17:36:13.588+0000] {dagbag.py:587} INFO - Filling up the DagBag from /home/airflow/.local/lib/python3.12/site-packages/airflow/example_dags/tutorial_objectstorage.py
[2026-01-05T17:36:13.597+0000] {processor.py:925} INFO - DAG(s) 'tutorial_objectstorage' retrieved from /home/airflow/.local/lib/python3.12/site-packages/airflow/example_dags/tutorial_objectstorage.py
[2026-01-05T17:36:13.623+0000] {logging_mixin.py:190} INFO - [2026-01-05T17:36:13.622+0000] {dag.py:3211} INFO - Sync 1 DAGs
[2026-01-05T17:36:13.637+0000] {logging_mixin.py:190} INFO - [2026-01-05T17:36:13.637+0000] {dag.py:4138} INFO - Setting next_dagrun for tutorial_objectstorage to None, run_after=None
[2026-01-05T17:36:13.664+0000] {processor.py:208} INFO - Processing /home/airflow/.local/lib/python3.12/site-packages/airflow/example_dags/tutorial_objectstorage.py took 0.086 seconds
[2026-01-05T17:36:44.115+0000] {processor.py:186} INFO - Started process (PID=2593) to work on /home/airflow/.local/lib/python3.12/site-packages/airflow/example_dags/tutorial_objectstorage.py
[2026-01-05T17:36:44.117+0000] {processor.py:914} INFO - Processing file /home/airflow/.local/lib/python3.12/site-packages/airflow/example_dags/tutorial_objectstorage.py for tasks to queue
[2026-01-05T17:36:44.120+0000] {logging_mixin.py:190} INFO - [2026-01-05T17:36:44.120+0000] {dagbag.py:587} INFO - Filling up the DagBag from /home/airflow/.local/lib/python3.12/site-packages/airflow/example_dags/tutorial_objectstorage.py
[2026-01-05T17:36:44.128+0000] {processor.py:925} INFO - DAG(s) 'tutorial_objectstorage' retrieved from /home/airflow/.local/lib/python3.12/site-packages/airflow/example_dags/tutorial_objectstorage.py
[2026-01-05T17:36:44.153+0000] {logging_mixin.py:190} INFO - [2026-01-05T17:36:44.153+0000] {dag.py:3211} INFO - Sync 1 DAGs
[2026-01-05T17:36:44.168+0000] {logging_mixin.py:190} INFO - [2026-01-05T17:36:44.168+0000] {dag.py:4138} INFO - Setting next_dagrun for tutorial_objectstorage to None, run_after=None
[2026-01-05T17:36:44.189+0000] {processor.py:208} INFO - Processing /home/airflow/.local/lib/python3.12/site-packages/airflow/example_dags/tutorial_objectstorage.py took 0.080 seconds
[2026-01-05T17:37:14.607+0000] {processor.py:186} INFO - Started process (PID=2659) to work on /home/airflow/.local/lib/python3.12/site-packages/airflow/example_dags/tutorial_objectstorage.py
[2026-01-05T17:37:14.609+0000] {processor.py:914} INFO - Processing file /home/airflow/.local/lib/python3.12/site-packages/airflow/example_dags/tutorial_objectstorage.py for tasks to queue
[2026-01-05T17:37:14.613+0000] {logging_mixin.py:190} INFO - [2026-01-05T17:37:14.612+0000] {dagbag.py:587} INFO - Filling up the DagBag from /home/airflow/.local/lib/python3.12/site-packages/airflow/example_dags/tutorial_objectstorage.py
[2026-01-05T17:37:14.624+0000] {processor.py:925} INFO - DAG(s) 'tutorial_objectstorage' retrieved from /home/airflow/.local/lib/python3.12/site-packages/airflow/example_dags/tutorial_objectstorage.py
[2026-01-05T17:37:14.649+0000] {logging_mixin.py:190} INFO - [2026-01-05T17:37:14.649+0000] {dag.py:3211} INFO - Sync 1 DAGs
[2026-01-05T17:37:14.665+0000] {logging_mixin.py:190} INFO - [2026-01-05T17:37:14.665+0000] {dag.py:4138} INFO - Setting next_dagrun for tutorial_objectstorage to None, run_after=None
[2026-01-05T17:37:14.691+0000] {processor.py:208} INFO - Processing /home/airflow/.local/lib/python3.12/site-packages/airflow/example_dags/tutorial_objectstorage.py took 0.091 seconds
[2026-01-05T17:37:45.525+0000] {processor.py:186} INFO - Started process (PID=2725) to work on /home/airflow/.local/lib/python3.12/site-packages/airflow/example_dags/tutorial_objectstorage.py
[2026-01-05T17:37:45.527+0000] {processor.py:914} INFO - Processing file /home/airflow/.local/lib/python3.12/site-packages/airflow/example_dags/tutorial_objectstorage.py for tasks to queue
[2026-01-05T17:37:45.531+0000] {logging_mixin.py:190} INFO - [2026-01-05T17:37:45.531+0000] {dagbag.py:587} INFO - Filling up the DagBag from /home/airflow/.local/lib/python3.12/site-packages/airflow/example_dags/tutorial_objectstorage.py
[2026-01-05T17:37:45.548+0000] {processor.py:925} INFO - DAG(s) 'tutorial_objectstorage' retrieved from /home/airflow/.local/lib/python3.12/site-packages/airflow/example_dags/tutorial_objectstorage.py
[2026-01-05T17:37:45.580+0000] {logging_mixin.py:190} INFO - [2026-01-05T17:37:45.580+0000] {dag.py:3211} INFO - Sync 1 DAGs
[2026-01-05T17:37:45.605+0000] {logging_mixin.py:190} INFO - [2026-01-05T17:37:45.604+0000] {dag.py:4138} INFO - Setting next_dagrun for tutorial_objectstorage to None, run_after=None
[2026-01-05T17:37:45.639+0000] {processor.py:208} INFO - Processing /home/airflow/.local/lib/python3.12/site-packages/airflow/example_dags/tutorial_objectstorage.py took 0.127 seconds
[2026-01-05T17:38:15.747+0000] {processor.py:186} INFO - Started process (PID=2791) to work on /home/airflow/.local/lib/python3.12/site-packages/airflow/example_dags/tutorial_objectstorage.py
[2026-01-05T17:38:15.749+0000] {processor.py:914} INFO - Processing file /home/airflow/.local/lib/python3.12/site-packages/airflow/example_dags/tutorial_objectstorage.py for tasks to queue
[2026-01-05T17:38:15.754+0000] {logging_mixin.py:190} INFO - [2026-01-05T17:38:15.753+0000] {dagbag.py:587} INFO - Filling up the DagBag from /home/airflow/.local/lib/python3.12/site-packages/airflow/example_dags/tutorial_objectstorage.py
[2026-01-05T17:38:15.772+0000] {processor.py:925} INFO - DAG(s) 'tutorial_objectstorage' retrieved from /home/airflow/.local/lib/python3.12/site-packages/airflow/example_dags/tutorial_objectstorage.py
[2026-01-05T17:38:15.805+0000] {logging_mixin.py:190} INFO - [2026-01-05T17:38:15.805+0000] {dag.py:3211} INFO - Sync 1 DAGs
[2026-01-05T17:38:15.827+0000] {logging_mixin.py:190} INFO - [2026-01-05T17:38:15.827+0000] {dag.py:4138} INFO - Setting next_dagrun for tutorial_objectstorage to None, run_after=None
[2026-01-05T17:38:15.853+0000] {processor.py:208} INFO - Processing /home/airflow/.local/lib/python3.12/site-packages/airflow/example_dags/tutorial_objectstorage.py took 0.120 seconds
[2026-01-05T17:38:46.131+0000] {processor.py:186} INFO - Started process (PID=2857) to work on /home/airflow/.local/lib/python3.12/site-packages/airflow/example_dags/tutorial_objectstorage.py
[2026-01-05T17:38:46.134+0000] {processor.py:914} INFO - Processing file /home/airflow/.local/lib/python3.12/site-packages/airflow/example_dags/tutorial_objectstorage.py for tasks to queue
[2026-01-05T17:38:46.138+0000] {logging_mixin.py:190} INFO - [2026-01-05T17:38:46.137+0000] {dagbag.py:587} INFO - Filling up the DagBag from /home/airflow/.local/lib/python3.12/site-packages/airflow/example_dags/tutorial_objectstorage.py
[2026-01-05T17:38:46.149+0000] {processor.py:925} INFO - DAG(s) 'tutorial_objectstorage' retrieved from /home/airflow/.local/lib/python3.12/site-packages/airflow/example_dags/tutorial_objectstorage.py
[2026-01-05T17:38:46.174+0000] {logging_mixin.py:190} INFO - [2026-01-05T17:38:46.174+0000] {dag.py:3211} INFO - Sync 1 DAGs
[2026-01-05T17:38:46.191+0000] {logging_mixin.py:190} INFO - [2026-01-05T17:38:46.190+0000] {dag.py:4138} INFO - Setting next_dagrun for tutorial_objectstorage to None, run_after=None
[2026-01-05T17:38:46.210+0000] {processor.py:208} INFO - Processing /home/airflow/.local/lib/python3.12/site-packages/airflow/example_dags/tutorial_objectstorage.py took 0.091 seconds
[2026-01-05T17:39:16.288+0000] {processor.py:186} INFO - Started process (PID=2923) to work on /home/airflow/.local/lib/python3.12/site-packages/airflow/example_dags/tutorial_objectstorage.py
[2026-01-05T17:39:16.291+0000] {processor.py:914} INFO - Processing file /home/airflow/.local/lib/python3.12/site-packages/airflow/example_dags/tutorial_objectstorage.py for tasks to queue
[2026-01-05T17:39:16.294+0000] {logging_mixin.py:190} INFO - [2026-01-05T17:39:16.294+0000] {dagbag.py:587} INFO - Filling up the DagBag from /home/airflow/.local/lib/python3.12/site-packages/airflow/example_dags/tutorial_objectstorage.py
[2026-01-05T17:39:16.307+0000] {processor.py:925} INFO - DAG(s) 'tutorial_objectstorage' retrieved from /home/airflow/.local/lib/python3.12/site-packages/airflow/example_dags/tutorial_objectstorage.py
[2026-01-05T17:39:16.341+0000] {logging_mixin.py:190} INFO - [2026-01-05T17:39:16.341+0000] {dag.py:3211} INFO - Sync 1 DAGs
[2026-01-05T17:39:16.358+0000] {logging_mixin.py:190} INFO - [2026-01-05T17:39:16.358+0000] {dag.py:4138} INFO - Setting next_dagrun for tutorial_objectstorage to None, run_after=None
[2026-01-05T17:39:16.380+0000] {processor.py:208} INFO - Processing /home/airflow/.local/lib/python3.12/site-packages/airflow/example_dags/tutorial_objectstorage.py took 0.099 seconds
[2026-01-05T17:39:46.862+0000] {processor.py:186} INFO - Started process (PID=2989) to work on /home/airflow/.local/lib/python3.12/site-packages/airflow/example_dags/tutorial_objectstorage.py
[2026-01-05T17:39:46.866+0000] {processor.py:914} INFO - Processing file /home/airflow/.local/lib/python3.12/site-packages/airflow/example_dags/tutorial_objectstorage.py for tasks to queue
[2026-01-05T17:39:46.872+0000] {logging_mixin.py:190} INFO - [2026-01-05T17:39:46.871+0000] {dagbag.py:587} INFO - Filling up the DagBag from /home/airflow/.local/lib/python3.12/site-packages/airflow/example_dags/tutorial_objectstorage.py
[2026-01-05T17:39:46.890+0000] {processor.py:925} INFO - DAG(s) 'tutorial_objectstorage' retrieved from /home/airflow/.local/lib/python3.12/site-packages/airflow/example_dags/tutorial_objectstorage.py
[2026-01-05T17:39:46.937+0000] {logging_mixin.py:190} INFO - [2026-01-05T17:39:46.936+0000] {dag.py:3211} INFO - Sync 1 DAGs
[2026-01-05T17:39:46.962+0000] {logging_mixin.py:190} INFO - [2026-01-05T17:39:46.961+0000] {dag.py:4138} INFO - Setting next_dagrun for tutorial_objectstorage to None, run_after=None
[2026-01-05T17:39:46.985+0000] {processor.py:208} INFO - Processing /home/airflow/.local/lib/python3.12/site-packages/airflow/example_dags/tutorial_objectstorage.py took 0.139 seconds
[2026-01-05T17:40:17.501+0000] {processor.py:186} INFO - Started process (PID=3055) to work on /home/airflow/.local/lib/python3.12/site-packages/airflow/example_dags/tutorial_objectstorage.py
[2026-01-05T17:40:17.505+0000] {processor.py:914} INFO - Processing file /home/airflow/.local/lib/python3.12/site-packages/airflow/example_dags/tutorial_objectstorage.py for tasks to queue
[2026-01-05T17:40:17.514+0000] {logging_mixin.py:190} INFO - [2026-01-05T17:40:17.513+0000] {dagbag.py:587} INFO - Filling up the DagBag from /home/airflow/.local/lib/python3.12/site-packages/airflow/example_dags/tutorial_objectstorage.py
[2026-01-05T17:40:17.532+0000] {processor.py:925} INFO - DAG(s) 'tutorial_objectstorage' retrieved from /home/airflow/.local/lib/python3.12/site-packages/airflow/example_dags/tutorial_objectstorage.py
[2026-01-05T17:40:17.583+0000] {logging_mixin.py:190} INFO - [2026-01-05T17:40:17.583+0000] {dag.py:3211} INFO - Sync 1 DAGs
[2026-01-05T17:40:17.617+0000] {logging_mixin.py:190} INFO - [2026-01-05T17:40:17.616+0000] {dag.py:4138} INFO - Setting next_dagrun for tutorial_objectstorage to None, run_after=None
[2026-01-05T17:40:17.673+0000] {processor.py:208} INFO - Processing /home/airflow/.local/lib/python3.12/site-packages/airflow/example_dags/tutorial_objectstorage.py took 0.182 seconds
[2026-01-05T17:40:47.834+0000] {processor.py:186} INFO - Started process (PID=3121) to work on /home/airflow/.local/lib/python3.12/site-packages/airflow/example_dags/tutorial_objectstorage.py
[2026-01-05T17:40:47.836+0000] {processor.py:914} INFO - Processing file /home/airflow/.local/lib/python3.12/site-packages/airflow/example_dags/tutorial_objectstorage.py for tasks to queue
[2026-01-05T17:40:47.838+0000] {logging_mixin.py:190} INFO - [2026-01-05T17:40:47.838+0000] {dagbag.py:587} INFO - Filling up the DagBag from /home/airflow/.local/lib/python3.12/site-packages/airflow/example_dags/tutorial_objectstorage.py
[2026-01-05T17:40:47.847+0000] {processor.py:925} INFO - DAG(s) 'tutorial_objectstorage' retrieved from /home/airflow/.local/lib/python3.12/site-packages/airflow/example_dags/tutorial_objectstorage.py
[2026-01-05T17:40:47.872+0000] {logging_mixin.py:190} INFO - [2026-01-05T17:40:47.872+0000] {dag.py:3211} INFO - Sync 1 DAGs
[2026-01-05T17:40:47.887+0000] {logging_mixin.py:190} INFO - [2026-01-05T17:40:47.887+0000] {dag.py:4138} INFO - Setting next_dagrun for tutorial_objectstorage to None, run_after=None
[2026-01-05T17:40:47.909+0000] {processor.py:208} INFO - Processing /home/airflow/.local/lib/python3.12/site-packages/airflow/example_dags/tutorial_objectstorage.py took 0.084 seconds
[2026-01-05T17:41:18.196+0000] {processor.py:186} INFO - Started process (PID=3187) to work on /home/airflow/.local/lib/python3.12/site-packages/airflow/example_dags/tutorial_objectstorage.py
[2026-01-05T17:41:18.198+0000] {processor.py:914} INFO - Processing file /home/airflow/.local/lib/python3.12/site-packages/airflow/example_dags/tutorial_objectstorage.py for tasks to queue
[2026-01-05T17:41:18.204+0000] {logging_mixin.py:190} INFO - [2026-01-05T17:41:18.203+0000] {dagbag.py:587} INFO - Filling up the DagBag from /home/airflow/.local/lib/python3.12/site-packages/airflow/example_dags/tutorial_objectstorage.py
[2026-01-05T17:41:18.218+0000] {processor.py:925} INFO - DAG(s) 'tutorial_objectstorage' retrieved from /home/airflow/.local/lib/python3.12/site-packages/airflow/example_dags/tutorial_objectstorage.py
[2026-01-05T17:41:18.261+0000] {logging_mixin.py:190} INFO - [2026-01-05T17:41:18.260+0000] {dag.py:3211} INFO - Sync 1 DAGs
[2026-01-05T17:41:18.307+0000] {logging_mixin.py:190} INFO - [2026-01-05T17:41:18.307+0000] {dag.py:4138} INFO - Setting next_dagrun for tutorial_objectstorage to None, run_after=None
[2026-01-05T17:41:18.343+0000] {processor.py:208} INFO - Processing /home/airflow/.local/lib/python3.12/site-packages/airflow/example_dags/tutorial_objectstorage.py took 0.157 seconds
[2026-01-05T17:41:48.426+0000] {processor.py:186} INFO - Started process (PID=3253) to work on /home/airflow/.local/lib/python3.12/site-packages/airflow/example_dags/tutorial_objectstorage.py
[2026-01-05T17:41:48.427+0000] {processor.py:914} INFO - Processing file /home/airflow/.local/lib/python3.12/site-packages/airflow/example_dags/tutorial_objectstorage.py for tasks to queue
[2026-01-05T17:41:48.432+0000] {logging_mixin.py:190} INFO - [2026-01-05T17:41:48.431+0000] {dagbag.py:587} INFO - Filling up the DagBag from /home/airflow/.local/lib/python3.12/site-packages/airflow/example_dags/tutorial_objectstorage.py
[2026-01-05T17:41:48.442+0000] {processor.py:925} INFO - DAG(s) 'tutorial_objectstorage' retrieved from /home/airflow/.local/lib/python3.12/site-packages/airflow/example_dags/tutorial_objectstorage.py
[2026-01-05T17:41:48.470+0000] {logging_mixin.py:190} INFO - [2026-01-05T17:41:48.470+0000] {dag.py:3211} INFO - Sync 1 DAGs
[2026-01-05T17:41:48.488+0000] {logging_mixin.py:190} INFO - [2026-01-05T17:41:48.488+0000] {dag.py:4138} INFO - Setting next_dagrun for tutorial_objectstorage to None, run_after=None
[2026-01-05T17:41:48.516+0000] {processor.py:208} INFO - Processing /home/airflow/.local/lib/python3.12/site-packages/airflow/example_dags/tutorial_objectstorage.py took 0.100 seconds
[2026-01-05T17:42:18.900+0000] {processor.py:186} INFO - Started process (PID=3319) to work on /home/airflow/.local/lib/python3.12/site-packages/airflow/example_dags/tutorial_objectstorage.py
[2026-01-05T17:42:18.902+0000] {processor.py:914} INFO - Processing file /home/airflow/.local/lib/python3.12/site-packages/airflow/example_dags/tutorial_objectstorage.py for tasks to queue
[2026-01-05T17:42:18.906+0000] {logging_mixin.py:190} INFO - [2026-01-05T17:42:18.906+0000] {dagbag.py:587} INFO - Filling up the DagBag from /home/airflow/.local/lib/python3.12/site-packages/airflow/example_dags/tutorial_objectstorage.py
[2026-01-05T17:42:18.918+0000] {processor.py:925} INFO - DAG(s) 'tutorial_objectstorage' retrieved from /home/airflow/.local/lib/python3.12/site-packages/airflow/example_dags/tutorial_objectstorage.py
[2026-01-05T17:42:18.942+0000] {logging_mixin.py:190} INFO - [2026-01-05T17:42:18.942+0000] {dag.py:3211} INFO - Sync 1 DAGs
[2026-01-05T17:42:18.962+0000] {logging_mixin.py:190} INFO - [2026-01-05T17:42:18.961+0000] {dag.py:4138} INFO - Setting next_dagrun for tutorial_objectstorage to None, run_after=None
[2026-01-05T17:42:18.987+0000] {processor.py:208} INFO - Processing /home/airflow/.local/lib/python3.12/site-packages/airflow/example_dags/tutorial_objectstorage.py took 0.097 seconds
[2026-01-05T17:42:49.414+0000] {processor.py:186} INFO - Started process (PID=3385) to work on /home/airflow/.local/lib/python3.12/site-packages/airflow/example_dags/tutorial_objectstorage.py
[2026-01-05T17:42:49.416+0000] {processor.py:914} INFO - Processing file /home/airflow/.local/lib/python3.12/site-packages/airflow/example_dags/tutorial_objectstorage.py for tasks to queue
[2026-01-05T17:42:49.423+0000] {logging_mixin.py:190} INFO - [2026-01-05T17:42:49.422+0000] {dagbag.py:587} INFO - Filling up the DagBag from /home/airflow/.local/lib/python3.12/site-packages/airflow/example_dags/tutorial_objectstorage.py
[2026-01-05T17:42:49.435+0000] {processor.py:925} INFO - DAG(s) 'tutorial_objectstorage' retrieved from /home/airflow/.local/lib/python3.12/site-packages/airflow/example_dags/tutorial_objectstorage.py
[2026-01-05T17:42:49.461+0000] {logging_mixin.py:190} INFO - [2026-01-05T17:42:49.461+0000] {dag.py:3211} INFO - Sync 1 DAGs
[2026-01-05T17:42:49.482+0000] {logging_mixin.py:190} INFO - [2026-01-05T17:42:49.482+0000] {dag.py:4138} INFO - Setting next_dagrun for tutorial_objectstorage to None, run_after=None
[2026-01-05T17:42:49.508+0000] {processor.py:208} INFO - Processing /home/airflow/.local/lib/python3.12/site-packages/airflow/example_dags/tutorial_objectstorage.py took 0.104 seconds
[2026-01-05T17:43:19.749+0000] {processor.py:186} INFO - Started process (PID=3451) to work on /home/airflow/.local/lib/python3.12/site-packages/airflow/example_dags/tutorial_objectstorage.py
[2026-01-05T17:43:19.751+0000] {processor.py:914} INFO - Processing file /home/airflow/.local/lib/python3.12/site-packages/airflow/example_dags/tutorial_objectstorage.py for tasks to queue
[2026-01-05T17:43:19.756+0000] {logging_mixin.py:190} INFO - [2026-01-05T17:43:19.755+0000] {dagbag.py:587} INFO - Filling up the DagBag from /home/airflow/.local/lib/python3.12/site-packages/airflow/example_dags/tutorial_objectstorage.py
[2026-01-05T17:43:19.771+0000] {processor.py:925} INFO - DAG(s) 'tutorial_objectstorage' retrieved from /home/airflow/.local/lib/python3.12/site-packages/airflow/example_dags/tutorial_objectstorage.py
[2026-01-05T17:43:19.807+0000] {logging_mixin.py:190} INFO - [2026-01-05T17:43:19.807+0000] {dag.py:3211} INFO - Sync 1 DAGs
[2026-01-05T17:43:19.833+0000] {logging_mixin.py:190} INFO - [2026-01-05T17:43:19.833+0000] {dag.py:4138} INFO - Setting next_dagrun for tutorial_objectstorage to None, run_after=None
[2026-01-05T17:43:19.867+0000] {processor.py:208} INFO - Processing /home/airflow/.local/lib/python3.12/site-packages/airflow/example_dags/tutorial_objectstorage.py took 0.127 seconds
[2026-01-05T17:43:50.073+0000] {processor.py:186} INFO - Started process (PID=3517) to work on /home/airflow/.local/lib/python3.12/site-packages/airflow/example_dags/tutorial_objectstorage.py
[2026-01-05T17:43:50.074+0000] {processor.py:914} INFO - Processing file /home/airflow/.local/lib/python3.12/site-packages/airflow/example_dags/tutorial_objectstorage.py for tasks to queue
[2026-01-05T17:43:50.078+0000] {logging_mixin.py:190} INFO - [2026-01-05T17:43:50.078+0000] {dagbag.py:587} INFO - Filling up the DagBag from /home/airflow/.local/lib/python3.12/site-packages/airflow/example_dags/tutorial_objectstorage.py
[2026-01-05T17:43:50.089+0000] {processor.py:925} INFO - DAG(s) 'tutorial_objectstorage' retrieved from /home/airflow/.local/lib/python3.12/site-packages/airflow/example_dags/tutorial_objectstorage.py
[2026-01-05T17:43:50.117+0000] {logging_mixin.py:190} INFO - [2026-01-05T17:43:50.116+0000] {dag.py:3211} INFO - Sync 1 DAGs
[2026-01-05T17:43:50.132+0000] {logging_mixin.py:190} INFO - [2026-01-05T17:43:50.132+0000] {dag.py:4138} INFO - Setting next_dagrun for tutorial_objectstorage to None, run_after=None
[2026-01-05T17:43:50.161+0000] {processor.py:208} INFO - Processing /home/airflow/.local/lib/python3.12/site-packages/airflow/example_dags/tutorial_objectstorage.py took 0.097 seconds
[2026-01-05T17:44:20.612+0000] {processor.py:186} INFO - Started process (PID=3583) to work on /home/airflow/.local/lib/python3.12/site-packages/airflow/example_dags/tutorial_objectstorage.py
[2026-01-05T17:44:20.613+0000] {processor.py:914} INFO - Processing file /home/airflow/.local/lib/python3.12/site-packages/airflow/example_dags/tutorial_objectstorage.py for tasks to queue
[2026-01-05T17:44:20.617+0000] {logging_mixin.py:190} INFO - [2026-01-05T17:44:20.616+0000] {dagbag.py:587} INFO - Filling up the DagBag from /home/airflow/.local/lib/python3.12/site-packages/airflow/example_dags/tutorial_objectstorage.py
[2026-01-05T17:44:20.627+0000] {processor.py:925} INFO - DAG(s) 'tutorial_objectstorage' retrieved from /home/airflow/.local/lib/python3.12/site-packages/airflow/example_dags/tutorial_objectstorage.py
[2026-01-05T17:44:20.650+0000] {logging_mixin.py:190} INFO - [2026-01-05T17:44:20.650+0000] {dag.py:3211} INFO - Sync 1 DAGs
[2026-01-05T17:44:20.670+0000] {logging_mixin.py:190} INFO - [2026-01-05T17:44:20.670+0000] {dag.py:4138} INFO - Setting next_dagrun for tutorial_objectstorage to None, run_after=None
[2026-01-05T17:44:20.693+0000] {processor.py:208} INFO - Processing /home/airflow/.local/lib/python3.12/site-packages/airflow/example_dags/tutorial_objectstorage.py took 0.089 seconds
[2026-01-05T17:44:51.181+0000] {processor.py:186} INFO - Started process (PID=3650) to work on /home/airflow/.local/lib/python3.12/site-packages/airflow/example_dags/tutorial_objectstorage.py
[2026-01-05T17:44:51.183+0000] {processor.py:914} INFO - Processing file /home/airflow/.local/lib/python3.12/site-packages/airflow/example_dags/tutorial_objectstorage.py for tasks to queue
[2026-01-05T17:44:51.187+0000] {logging_mixin.py:190} INFO - [2026-01-05T17:44:51.187+0000] {dagbag.py:587} INFO - Filling up the DagBag from /home/airflow/.local/lib/python3.12/site-packages/airflow/example_dags/tutorial_objectstorage.py
[2026-01-05T17:44:51.199+0000] {processor.py:925} INFO - DAG(s) 'tutorial_objectstorage' retrieved from /home/airflow/.local/lib/python3.12/site-packages/airflow/example_dags/tutorial_objectstorage.py
[2026-01-05T17:44:51.232+0000] {logging_mixin.py:190} INFO - [2026-01-05T17:44:51.232+0000] {dag.py:3211} INFO - Sync 1 DAGs
[2026-01-05T17:44:51.252+0000] {logging_mixin.py:190} INFO - [2026-01-05T17:44:51.251+0000] {dag.py:4138} INFO - Setting next_dagrun for tutorial_objectstorage to None, run_after=None
[2026-01-05T17:44:51.274+0000] {processor.py:208} INFO - Processing /home/airflow/.local/lib/python3.12/site-packages/airflow/example_dags/tutorial_objectstorage.py took 0.111 seconds
