[2026-01-05T17:17:55.534+0000] {processor.py:186} INFO - Started process (PID=170) to work on /home/airflow/.local/lib/python3.12/site-packages/airflow/example_dags/tutorial_taskflow_api.py
[2026-01-05T17:17:55.537+0000] {processor.py:914} INFO - Processing file /home/airflow/.local/lib/python3.12/site-packages/airflow/example_dags/tutorial_taskflow_api.py for tasks to queue
[2026-01-05T17:17:55.545+0000] {logging_mixin.py:190} INFO - [2026-01-05T17:17:55.544+0000] {dagbag.py:587} INFO - Filling up the DagBag from /home/airflow/.local/lib/python3.12/site-packages/airflow/example_dags/tutorial_taskflow_api.py
[2026-01-05T17:17:55.572+0000] {processor.py:925} INFO - DAG(s) 'tutorial_taskflow_api' retrieved from /home/airflow/.local/lib/python3.12/site-packages/airflow/example_dags/tutorial_taskflow_api.py
[2026-01-05T17:17:55.646+0000] {logging_mixin.py:190} INFO - [2026-01-05T17:17:55.645+0000] {dag.py:3211} INFO - Sync 1 DAGs
[2026-01-05T17:17:55.686+0000] {logging_mixin.py:190} INFO - [2026-01-05T17:17:55.685+0000] {dag.py:4138} INFO - Setting next_dagrun for tutorial_taskflow_api to None, run_after=None
[2026-01-05T17:17:55.753+0000] {processor.py:208} INFO - Processing /home/airflow/.local/lib/python3.12/site-packages/airflow/example_dags/tutorial_taskflow_api.py took 0.240 seconds
[2026-01-05T17:18:29.199+0000] {processor.py:186} INFO - Started process (PID=236) to work on /home/airflow/.local/lib/python3.12/site-packages/airflow/example_dags/tutorial_taskflow_api.py
[2026-01-05T17:18:29.202+0000] {processor.py:914} INFO - Processing file /home/airflow/.local/lib/python3.12/site-packages/airflow/example_dags/tutorial_taskflow_api.py for tasks to queue
[2026-01-05T17:18:29.209+0000] {logging_mixin.py:190} INFO - [2026-01-05T17:18:29.209+0000] {dagbag.py:587} INFO - Filling up the DagBag from /home/airflow/.local/lib/python3.12/site-packages/airflow/example_dags/tutorial_taskflow_api.py
[2026-01-05T17:18:29.225+0000] {processor.py:925} INFO - DAG(s) 'tutorial_taskflow_api' retrieved from /home/airflow/.local/lib/python3.12/site-packages/airflow/example_dags/tutorial_taskflow_api.py
[2026-01-05T17:18:29.259+0000] {logging_mixin.py:190} INFO - [2026-01-05T17:18:29.259+0000] {dag.py:3211} INFO - Sync 1 DAGs
[2026-01-05T17:18:29.283+0000] {logging_mixin.py:190} INFO - [2026-01-05T17:18:29.283+0000] {dag.py:4138} INFO - Setting next_dagrun for tutorial_taskflow_api to None, run_after=None
[2026-01-05T17:18:29.324+0000] {processor.py:208} INFO - Processing /home/airflow/.local/lib/python3.12/site-packages/airflow/example_dags/tutorial_taskflow_api.py took 0.137 seconds
[2026-01-05T17:18:59.765+0000] {processor.py:186} INFO - Started process (PID=302) to work on /home/airflow/.local/lib/python3.12/site-packages/airflow/example_dags/tutorial_taskflow_api.py
[2026-01-05T17:18:59.767+0000] {processor.py:914} INFO - Processing file /home/airflow/.local/lib/python3.12/site-packages/airflow/example_dags/tutorial_taskflow_api.py for tasks to queue
[2026-01-05T17:18:59.771+0000] {logging_mixin.py:190} INFO - [2026-01-05T17:18:59.771+0000] {dagbag.py:587} INFO - Filling up the DagBag from /home/airflow/.local/lib/python3.12/site-packages/airflow/example_dags/tutorial_taskflow_api.py
[2026-01-05T17:18:59.780+0000] {processor.py:925} INFO - DAG(s) 'tutorial_taskflow_api' retrieved from /home/airflow/.local/lib/python3.12/site-packages/airflow/example_dags/tutorial_taskflow_api.py
[2026-01-05T17:18:59.812+0000] {logging_mixin.py:190} INFO - [2026-01-05T17:18:59.812+0000] {dag.py:3211} INFO - Sync 1 DAGs
[2026-01-05T17:18:59.838+0000] {logging_mixin.py:190} INFO - [2026-01-05T17:18:59.838+0000] {dag.py:4138} INFO - Setting next_dagrun for tutorial_taskflow_api to None, run_after=None
[2026-01-05T17:18:59.871+0000] {processor.py:208} INFO - Processing /home/airflow/.local/lib/python3.12/site-packages/airflow/example_dags/tutorial_taskflow_api.py took 0.114 seconds
[2026-01-05T17:19:30.520+0000] {processor.py:186} INFO - Started process (PID=368) to work on /home/airflow/.local/lib/python3.12/site-packages/airflow/example_dags/tutorial_taskflow_api.py
[2026-01-05T17:19:30.522+0000] {processor.py:914} INFO - Processing file /home/airflow/.local/lib/python3.12/site-packages/airflow/example_dags/tutorial_taskflow_api.py for tasks to queue
[2026-01-05T17:19:30.525+0000] {logging_mixin.py:190} INFO - [2026-01-05T17:19:30.525+0000] {dagbag.py:587} INFO - Filling up the DagBag from /home/airflow/.local/lib/python3.12/site-packages/airflow/example_dags/tutorial_taskflow_api.py
[2026-01-05T17:19:30.534+0000] {processor.py:925} INFO - DAG(s) 'tutorial_taskflow_api' retrieved from /home/airflow/.local/lib/python3.12/site-packages/airflow/example_dags/tutorial_taskflow_api.py
[2026-01-05T17:19:30.559+0000] {logging_mixin.py:190} INFO - [2026-01-05T17:19:30.558+0000] {dag.py:3211} INFO - Sync 1 DAGs
[2026-01-05T17:19:30.575+0000] {logging_mixin.py:190} INFO - [2026-01-05T17:19:30.575+0000] {dag.py:4138} INFO - Setting next_dagrun for tutorial_taskflow_api to None, run_after=None
[2026-01-05T17:19:30.598+0000] {processor.py:208} INFO - Processing /home/airflow/.local/lib/python3.12/site-packages/airflow/example_dags/tutorial_taskflow_api.py took 0.085 seconds
[2026-01-05T17:20:00.869+0000] {processor.py:186} INFO - Started process (PID=434) to work on /home/airflow/.local/lib/python3.12/site-packages/airflow/example_dags/tutorial_taskflow_api.py
[2026-01-05T17:20:00.871+0000] {processor.py:914} INFO - Processing file /home/airflow/.local/lib/python3.12/site-packages/airflow/example_dags/tutorial_taskflow_api.py for tasks to queue
[2026-01-05T17:20:00.875+0000] {logging_mixin.py:190} INFO - [2026-01-05T17:20:00.874+0000] {dagbag.py:587} INFO - Filling up the DagBag from /home/airflow/.local/lib/python3.12/site-packages/airflow/example_dags/tutorial_taskflow_api.py
[2026-01-05T17:20:00.886+0000] {processor.py:925} INFO - DAG(s) 'tutorial_taskflow_api' retrieved from /home/airflow/.local/lib/python3.12/site-packages/airflow/example_dags/tutorial_taskflow_api.py
[2026-01-05T17:20:00.917+0000] {logging_mixin.py:190} INFO - [2026-01-05T17:20:00.917+0000] {dag.py:3211} INFO - Sync 1 DAGs
[2026-01-05T17:20:00.939+0000] {logging_mixin.py:190} INFO - [2026-01-05T17:20:00.938+0000] {dag.py:4138} INFO - Setting next_dagrun for tutorial_taskflow_api to None, run_after=None
[2026-01-05T17:20:00.965+0000] {processor.py:208} INFO - Processing /home/airflow/.local/lib/python3.12/site-packages/airflow/example_dags/tutorial_taskflow_api.py took 0.104 seconds
[2026-01-05T17:20:33.479+0000] {processor.py:186} INFO - Started process (PID=500) to work on /home/airflow/.local/lib/python3.12/site-packages/airflow/example_dags/tutorial_taskflow_api.py
[2026-01-05T17:20:33.484+0000] {processor.py:914} INFO - Processing file /home/airflow/.local/lib/python3.12/site-packages/airflow/example_dags/tutorial_taskflow_api.py for tasks to queue
[2026-01-05T17:20:33.491+0000] {logging_mixin.py:190} INFO - [2026-01-05T17:20:33.490+0000] {dagbag.py:587} INFO - Filling up the DagBag from /home/airflow/.local/lib/python3.12/site-packages/airflow/example_dags/tutorial_taskflow_api.py
[2026-01-05T17:20:33.508+0000] {processor.py:925} INFO - DAG(s) 'tutorial_taskflow_api' retrieved from /home/airflow/.local/lib/python3.12/site-packages/airflow/example_dags/tutorial_taskflow_api.py
[2026-01-05T17:20:33.550+0000] {logging_mixin.py:190} INFO - [2026-01-05T17:20:33.549+0000] {dag.py:3211} INFO - Sync 1 DAGs
[2026-01-05T17:20:33.582+0000] {logging_mixin.py:190} INFO - [2026-01-05T17:20:33.582+0000] {dag.py:4138} INFO - Setting next_dagrun for tutorial_taskflow_api to None, run_after=None
[2026-01-05T17:20:33.624+0000] {processor.py:208} INFO - Processing /home/airflow/.local/lib/python3.12/site-packages/airflow/example_dags/tutorial_taskflow_api.py took 0.162 seconds
[2026-01-05T17:21:04.333+0000] {processor.py:186} INFO - Started process (PID=566) to work on /home/airflow/.local/lib/python3.12/site-packages/airflow/example_dags/tutorial_taskflow_api.py
[2026-01-05T17:21:04.334+0000] {processor.py:914} INFO - Processing file /home/airflow/.local/lib/python3.12/site-packages/airflow/example_dags/tutorial_taskflow_api.py for tasks to queue
[2026-01-05T17:21:04.337+0000] {logging_mixin.py:190} INFO - [2026-01-05T17:21:04.337+0000] {dagbag.py:587} INFO - Filling up the DagBag from /home/airflow/.local/lib/python3.12/site-packages/airflow/example_dags/tutorial_taskflow_api.py
[2026-01-05T17:21:04.345+0000] {processor.py:925} INFO - DAG(s) 'tutorial_taskflow_api' retrieved from /home/airflow/.local/lib/python3.12/site-packages/airflow/example_dags/tutorial_taskflow_api.py
[2026-01-05T17:21:04.369+0000] {logging_mixin.py:190} INFO - [2026-01-05T17:21:04.368+0000] {dag.py:3211} INFO - Sync 1 DAGs
[2026-01-05T17:21:04.382+0000] {logging_mixin.py:190} INFO - [2026-01-05T17:21:04.382+0000] {dag.py:4138} INFO - Setting next_dagrun for tutorial_taskflow_api to None, run_after=None
[2026-01-05T17:21:04.404+0000] {processor.py:208} INFO - Processing /home/airflow/.local/lib/python3.12/site-packages/airflow/example_dags/tutorial_taskflow_api.py took 0.078 seconds
[2026-01-05T17:21:34.707+0000] {processor.py:186} INFO - Started process (PID=632) to work on /home/airflow/.local/lib/python3.12/site-packages/airflow/example_dags/tutorial_taskflow_api.py
[2026-01-05T17:21:34.708+0000] {processor.py:914} INFO - Processing file /home/airflow/.local/lib/python3.12/site-packages/airflow/example_dags/tutorial_taskflow_api.py for tasks to queue
[2026-01-05T17:21:34.712+0000] {logging_mixin.py:190} INFO - [2026-01-05T17:21:34.711+0000] {dagbag.py:587} INFO - Filling up the DagBag from /home/airflow/.local/lib/python3.12/site-packages/airflow/example_dags/tutorial_taskflow_api.py
[2026-01-05T17:21:34.721+0000] {processor.py:925} INFO - DAG(s) 'tutorial_taskflow_api' retrieved from /home/airflow/.local/lib/python3.12/site-packages/airflow/example_dags/tutorial_taskflow_api.py
[2026-01-05T17:21:34.746+0000] {logging_mixin.py:190} INFO - [2026-01-05T17:21:34.745+0000] {dag.py:3211} INFO - Sync 1 DAGs
[2026-01-05T17:21:34.761+0000] {logging_mixin.py:190} INFO - [2026-01-05T17:21:34.761+0000] {dag.py:4138} INFO - Setting next_dagrun for tutorial_taskflow_api to None, run_after=None
[2026-01-05T17:21:34.784+0000] {processor.py:208} INFO - Processing /home/airflow/.local/lib/python3.12/site-packages/airflow/example_dags/tutorial_taskflow_api.py took 0.084 seconds
[2026-01-05T17:22:05.566+0000] {processor.py:186} INFO - Started process (PID=698) to work on /home/airflow/.local/lib/python3.12/site-packages/airflow/example_dags/tutorial_taskflow_api.py
[2026-01-05T17:22:05.567+0000] {processor.py:914} INFO - Processing file /home/airflow/.local/lib/python3.12/site-packages/airflow/example_dags/tutorial_taskflow_api.py for tasks to queue
[2026-01-05T17:22:05.571+0000] {logging_mixin.py:190} INFO - [2026-01-05T17:22:05.570+0000] {dagbag.py:587} INFO - Filling up the DagBag from /home/airflow/.local/lib/python3.12/site-packages/airflow/example_dags/tutorial_taskflow_api.py
[2026-01-05T17:22:05.582+0000] {processor.py:925} INFO - DAG(s) 'tutorial_taskflow_api' retrieved from /home/airflow/.local/lib/python3.12/site-packages/airflow/example_dags/tutorial_taskflow_api.py
[2026-01-05T17:22:05.609+0000] {logging_mixin.py:190} INFO - [2026-01-05T17:22:05.609+0000] {dag.py:3211} INFO - Sync 1 DAGs
[2026-01-05T17:22:05.629+0000] {logging_mixin.py:190} INFO - [2026-01-05T17:22:05.628+0000] {dag.py:4138} INFO - Setting next_dagrun for tutorial_taskflow_api to None, run_after=None
[2026-01-05T17:22:05.653+0000] {processor.py:208} INFO - Processing /home/airflow/.local/lib/python3.12/site-packages/airflow/example_dags/tutorial_taskflow_api.py took 0.096 seconds
[2026-01-05T17:22:36.170+0000] {processor.py:186} INFO - Started process (PID=764) to work on /home/airflow/.local/lib/python3.12/site-packages/airflow/example_dags/tutorial_taskflow_api.py
[2026-01-05T17:22:36.174+0000] {processor.py:914} INFO - Processing file /home/airflow/.local/lib/python3.12/site-packages/airflow/example_dags/tutorial_taskflow_api.py for tasks to queue
[2026-01-05T17:22:36.182+0000] {logging_mixin.py:190} INFO - [2026-01-05T17:22:36.180+0000] {dagbag.py:587} INFO - Filling up the DagBag from /home/airflow/.local/lib/python3.12/site-packages/airflow/example_dags/tutorial_taskflow_api.py
[2026-01-05T17:22:36.194+0000] {processor.py:925} INFO - DAG(s) 'tutorial_taskflow_api' retrieved from /home/airflow/.local/lib/python3.12/site-packages/airflow/example_dags/tutorial_taskflow_api.py
[2026-01-05T17:22:36.234+0000] {logging_mixin.py:190} INFO - [2026-01-05T17:22:36.233+0000] {dag.py:3211} INFO - Sync 1 DAGs
[2026-01-05T17:22:36.263+0000] {logging_mixin.py:190} INFO - [2026-01-05T17:22:36.263+0000] {dag.py:4138} INFO - Setting next_dagrun for tutorial_taskflow_api to None, run_after=None
[2026-01-05T17:22:36.289+0000] {processor.py:208} INFO - Processing /home/airflow/.local/lib/python3.12/site-packages/airflow/example_dags/tutorial_taskflow_api.py took 0.134 seconds
[2026-01-05T17:23:06.433+0000] {processor.py:186} INFO - Started process (PID=830) to work on /home/airflow/.local/lib/python3.12/site-packages/airflow/example_dags/tutorial_taskflow_api.py
[2026-01-05T17:23:06.435+0000] {processor.py:914} INFO - Processing file /home/airflow/.local/lib/python3.12/site-packages/airflow/example_dags/tutorial_taskflow_api.py for tasks to queue
[2026-01-05T17:23:06.439+0000] {logging_mixin.py:190} INFO - [2026-01-05T17:23:06.439+0000] {dagbag.py:587} INFO - Filling up the DagBag from /home/airflow/.local/lib/python3.12/site-packages/airflow/example_dags/tutorial_taskflow_api.py
[2026-01-05T17:23:06.449+0000] {processor.py:925} INFO - DAG(s) 'tutorial_taskflow_api' retrieved from /home/airflow/.local/lib/python3.12/site-packages/airflow/example_dags/tutorial_taskflow_api.py
[2026-01-05T17:23:06.473+0000] {logging_mixin.py:190} INFO - [2026-01-05T17:23:06.473+0000] {dag.py:3211} INFO - Sync 1 DAGs
[2026-01-05T17:23:06.496+0000] {logging_mixin.py:190} INFO - [2026-01-05T17:23:06.495+0000] {dag.py:4138} INFO - Setting next_dagrun for tutorial_taskflow_api to None, run_after=None
[2026-01-05T17:23:06.524+0000] {processor.py:208} INFO - Processing /home/airflow/.local/lib/python3.12/site-packages/airflow/example_dags/tutorial_taskflow_api.py took 0.102 seconds
[2026-01-05T17:23:36.794+0000] {processor.py:186} INFO - Started process (PID=896) to work on /home/airflow/.local/lib/python3.12/site-packages/airflow/example_dags/tutorial_taskflow_api.py
[2026-01-05T17:23:36.795+0000] {processor.py:914} INFO - Processing file /home/airflow/.local/lib/python3.12/site-packages/airflow/example_dags/tutorial_taskflow_api.py for tasks to queue
[2026-01-05T17:23:36.800+0000] {logging_mixin.py:190} INFO - [2026-01-05T17:23:36.799+0000] {dagbag.py:587} INFO - Filling up the DagBag from /home/airflow/.local/lib/python3.12/site-packages/airflow/example_dags/tutorial_taskflow_api.py
[2026-01-05T17:23:36.810+0000] {processor.py:925} INFO - DAG(s) 'tutorial_taskflow_api' retrieved from /home/airflow/.local/lib/python3.12/site-packages/airflow/example_dags/tutorial_taskflow_api.py
[2026-01-05T17:23:36.835+0000] {logging_mixin.py:190} INFO - [2026-01-05T17:23:36.835+0000] {dag.py:3211} INFO - Sync 1 DAGs
[2026-01-05T17:23:36.849+0000] {logging_mixin.py:190} INFO - [2026-01-05T17:23:36.849+0000] {dag.py:4138} INFO - Setting next_dagrun for tutorial_taskflow_api to None, run_after=None
[2026-01-05T17:23:36.881+0000] {processor.py:208} INFO - Processing /home/airflow/.local/lib/python3.12/site-packages/airflow/example_dags/tutorial_taskflow_api.py took 0.094 seconds
[2026-01-05T17:24:07.082+0000] {processor.py:186} INFO - Started process (PID=962) to work on /home/airflow/.local/lib/python3.12/site-packages/airflow/example_dags/tutorial_taskflow_api.py
[2026-01-05T17:24:07.083+0000] {processor.py:914} INFO - Processing file /home/airflow/.local/lib/python3.12/site-packages/airflow/example_dags/tutorial_taskflow_api.py for tasks to queue
[2026-01-05T17:24:07.086+0000] {logging_mixin.py:190} INFO - [2026-01-05T17:24:07.086+0000] {dagbag.py:587} INFO - Filling up the DagBag from /home/airflow/.local/lib/python3.12/site-packages/airflow/example_dags/tutorial_taskflow_api.py
[2026-01-05T17:24:07.093+0000] {processor.py:925} INFO - DAG(s) 'tutorial_taskflow_api' retrieved from /home/airflow/.local/lib/python3.12/site-packages/airflow/example_dags/tutorial_taskflow_api.py
[2026-01-05T17:24:07.116+0000] {logging_mixin.py:190} INFO - [2026-01-05T17:24:07.116+0000] {dag.py:3211} INFO - Sync 1 DAGs
[2026-01-05T17:24:07.136+0000] {logging_mixin.py:190} INFO - [2026-01-05T17:24:07.135+0000] {dag.py:4138} INFO - Setting next_dagrun for tutorial_taskflow_api to None, run_after=None
[2026-01-05T17:24:07.157+0000] {processor.py:208} INFO - Processing /home/airflow/.local/lib/python3.12/site-packages/airflow/example_dags/tutorial_taskflow_api.py took 0.083 seconds
[2026-01-05T17:24:37.765+0000] {processor.py:186} INFO - Started process (PID=1028) to work on /home/airflow/.local/lib/python3.12/site-packages/airflow/example_dags/tutorial_taskflow_api.py
[2026-01-05T17:24:37.767+0000] {processor.py:914} INFO - Processing file /home/airflow/.local/lib/python3.12/site-packages/airflow/example_dags/tutorial_taskflow_api.py for tasks to queue
[2026-01-05T17:24:37.770+0000] {logging_mixin.py:190} INFO - [2026-01-05T17:24:37.770+0000] {dagbag.py:587} INFO - Filling up the DagBag from /home/airflow/.local/lib/python3.12/site-packages/airflow/example_dags/tutorial_taskflow_api.py
[2026-01-05T17:24:37.778+0000] {processor.py:925} INFO - DAG(s) 'tutorial_taskflow_api' retrieved from /home/airflow/.local/lib/python3.12/site-packages/airflow/example_dags/tutorial_taskflow_api.py
[2026-01-05T17:24:37.801+0000] {logging_mixin.py:190} INFO - [2026-01-05T17:24:37.801+0000] {dag.py:3211} INFO - Sync 1 DAGs
[2026-01-05T17:24:37.816+0000] {logging_mixin.py:190} INFO - [2026-01-05T17:24:37.816+0000] {dag.py:4138} INFO - Setting next_dagrun for tutorial_taskflow_api to None, run_after=None
[2026-01-05T17:24:37.835+0000] {processor.py:208} INFO - Processing /home/airflow/.local/lib/python3.12/site-packages/airflow/example_dags/tutorial_taskflow_api.py took 0.077 seconds
[2026-01-05T17:25:08.845+0000] {processor.py:186} INFO - Started process (PID=1094) to work on /home/airflow/.local/lib/python3.12/site-packages/airflow/example_dags/tutorial_taskflow_api.py
[2026-01-05T17:25:08.846+0000] {processor.py:914} INFO - Processing file /home/airflow/.local/lib/python3.12/site-packages/airflow/example_dags/tutorial_taskflow_api.py for tasks to queue
[2026-01-05T17:25:08.850+0000] {logging_mixin.py:190} INFO - [2026-01-05T17:25:08.849+0000] {dagbag.py:587} INFO - Filling up the DagBag from /home/airflow/.local/lib/python3.12/site-packages/airflow/example_dags/tutorial_taskflow_api.py
[2026-01-05T17:25:08.858+0000] {processor.py:925} INFO - DAG(s) 'tutorial_taskflow_api' retrieved from /home/airflow/.local/lib/python3.12/site-packages/airflow/example_dags/tutorial_taskflow_api.py
[2026-01-05T17:25:08.879+0000] {logging_mixin.py:190} INFO - [2026-01-05T17:25:08.879+0000] {dag.py:3211} INFO - Sync 1 DAGs
[2026-01-05T17:25:08.894+0000] {logging_mixin.py:190} INFO - [2026-01-05T17:25:08.894+0000] {dag.py:4138} INFO - Setting next_dagrun for tutorial_taskflow_api to None, run_after=None
[2026-01-05T17:25:08.914+0000] {processor.py:208} INFO - Processing /home/airflow/.local/lib/python3.12/site-packages/airflow/example_dags/tutorial_taskflow_api.py took 0.079 seconds
[2026-01-05T17:25:39.666+0000] {processor.py:186} INFO - Started process (PID=1160) to work on /home/airflow/.local/lib/python3.12/site-packages/airflow/example_dags/tutorial_taskflow_api.py
[2026-01-05T17:25:39.667+0000] {processor.py:914} INFO - Processing file /home/airflow/.local/lib/python3.12/site-packages/airflow/example_dags/tutorial_taskflow_api.py for tasks to queue
[2026-01-05T17:25:39.671+0000] {logging_mixin.py:190} INFO - [2026-01-05T17:25:39.670+0000] {dagbag.py:587} INFO - Filling up the DagBag from /home/airflow/.local/lib/python3.12/site-packages/airflow/example_dags/tutorial_taskflow_api.py
[2026-01-05T17:25:39.679+0000] {processor.py:925} INFO - DAG(s) 'tutorial_taskflow_api' retrieved from /home/airflow/.local/lib/python3.12/site-packages/airflow/example_dags/tutorial_taskflow_api.py
[2026-01-05T17:25:39.703+0000] {logging_mixin.py:190} INFO - [2026-01-05T17:25:39.702+0000] {dag.py:3211} INFO - Sync 1 DAGs
[2026-01-05T17:25:39.722+0000] {logging_mixin.py:190} INFO - [2026-01-05T17:25:39.722+0000] {dag.py:4138} INFO - Setting next_dagrun for tutorial_taskflow_api to None, run_after=None
[2026-01-05T17:25:39.748+0000] {processor.py:208} INFO - Processing /home/airflow/.local/lib/python3.12/site-packages/airflow/example_dags/tutorial_taskflow_api.py took 0.090 seconds
[2026-01-05T17:26:10.220+0000] {processor.py:186} INFO - Started process (PID=1226) to work on /home/airflow/.local/lib/python3.12/site-packages/airflow/example_dags/tutorial_taskflow_api.py
[2026-01-05T17:26:10.222+0000] {processor.py:914} INFO - Processing file /home/airflow/.local/lib/python3.12/site-packages/airflow/example_dags/tutorial_taskflow_api.py for tasks to queue
[2026-01-05T17:26:10.225+0000] {logging_mixin.py:190} INFO - [2026-01-05T17:26:10.225+0000] {dagbag.py:587} INFO - Filling up the DagBag from /home/airflow/.local/lib/python3.12/site-packages/airflow/example_dags/tutorial_taskflow_api.py
[2026-01-05T17:26:10.232+0000] {processor.py:925} INFO - DAG(s) 'tutorial_taskflow_api' retrieved from /home/airflow/.local/lib/python3.12/site-packages/airflow/example_dags/tutorial_taskflow_api.py
[2026-01-05T17:26:10.262+0000] {logging_mixin.py:190} INFO - [2026-01-05T17:26:10.261+0000] {dag.py:3211} INFO - Sync 1 DAGs
[2026-01-05T17:26:10.281+0000] {logging_mixin.py:190} INFO - [2026-01-05T17:26:10.281+0000] {dag.py:4138} INFO - Setting next_dagrun for tutorial_taskflow_api to None, run_after=None
[2026-01-05T17:26:10.307+0000] {processor.py:208} INFO - Processing /home/airflow/.local/lib/python3.12/site-packages/airflow/example_dags/tutorial_taskflow_api.py took 0.092 seconds
[2026-01-05T17:26:40.536+0000] {processor.py:186} INFO - Started process (PID=1291) to work on /home/airflow/.local/lib/python3.12/site-packages/airflow/example_dags/tutorial_taskflow_api.py
[2026-01-05T17:26:40.538+0000] {processor.py:914} INFO - Processing file /home/airflow/.local/lib/python3.12/site-packages/airflow/example_dags/tutorial_taskflow_api.py for tasks to queue
[2026-01-05T17:26:40.542+0000] {logging_mixin.py:190} INFO - [2026-01-05T17:26:40.541+0000] {dagbag.py:587} INFO - Filling up the DagBag from /home/airflow/.local/lib/python3.12/site-packages/airflow/example_dags/tutorial_taskflow_api.py
[2026-01-05T17:26:40.551+0000] {processor.py:925} INFO - DAG(s) 'tutorial_taskflow_api' retrieved from /home/airflow/.local/lib/python3.12/site-packages/airflow/example_dags/tutorial_taskflow_api.py
[2026-01-05T17:26:40.579+0000] {logging_mixin.py:190} INFO - [2026-01-05T17:26:40.578+0000] {dag.py:3211} INFO - Sync 1 DAGs
[2026-01-05T17:26:40.594+0000] {logging_mixin.py:190} INFO - [2026-01-05T17:26:40.593+0000] {dag.py:4138} INFO - Setting next_dagrun for tutorial_taskflow_api to None, run_after=None
[2026-01-05T17:26:40.616+0000] {processor.py:208} INFO - Processing /home/airflow/.local/lib/python3.12/site-packages/airflow/example_dags/tutorial_taskflow_api.py took 0.088 seconds
[2026-01-05T17:27:11.452+0000] {processor.py:186} INFO - Started process (PID=1358) to work on /home/airflow/.local/lib/python3.12/site-packages/airflow/example_dags/tutorial_taskflow_api.py
[2026-01-05T17:27:11.454+0000] {processor.py:914} INFO - Processing file /home/airflow/.local/lib/python3.12/site-packages/airflow/example_dags/tutorial_taskflow_api.py for tasks to queue
[2026-01-05T17:27:11.460+0000] {logging_mixin.py:190} INFO - [2026-01-05T17:27:11.459+0000] {dagbag.py:587} INFO - Filling up the DagBag from /home/airflow/.local/lib/python3.12/site-packages/airflow/example_dags/tutorial_taskflow_api.py
[2026-01-05T17:27:11.467+0000] {processor.py:925} INFO - DAG(s) 'tutorial_taskflow_api' retrieved from /home/airflow/.local/lib/python3.12/site-packages/airflow/example_dags/tutorial_taskflow_api.py
[2026-01-05T17:27:11.495+0000] {logging_mixin.py:190} INFO - [2026-01-05T17:27:11.494+0000] {dag.py:3211} INFO - Sync 1 DAGs
[2026-01-05T17:27:11.510+0000] {logging_mixin.py:190} INFO - [2026-01-05T17:27:11.510+0000] {dag.py:4138} INFO - Setting next_dagrun for tutorial_taskflow_api to None, run_after=None
[2026-01-05T17:27:11.534+0000] {processor.py:208} INFO - Processing /home/airflow/.local/lib/python3.12/site-packages/airflow/example_dags/tutorial_taskflow_api.py took 0.089 seconds
[2026-01-05T17:27:41.682+0000] {processor.py:186} INFO - Started process (PID=1423) to work on /home/airflow/.local/lib/python3.12/site-packages/airflow/example_dags/tutorial_taskflow_api.py
[2026-01-05T17:27:41.683+0000] {processor.py:914} INFO - Processing file /home/airflow/.local/lib/python3.12/site-packages/airflow/example_dags/tutorial_taskflow_api.py for tasks to queue
[2026-01-05T17:27:41.687+0000] {logging_mixin.py:190} INFO - [2026-01-05T17:27:41.687+0000] {dagbag.py:587} INFO - Filling up the DagBag from /home/airflow/.local/lib/python3.12/site-packages/airflow/example_dags/tutorial_taskflow_api.py
[2026-01-05T17:27:41.701+0000] {processor.py:925} INFO - DAG(s) 'tutorial_taskflow_api' retrieved from /home/airflow/.local/lib/python3.12/site-packages/airflow/example_dags/tutorial_taskflow_api.py
[2026-01-05T17:27:41.738+0000] {logging_mixin.py:190} INFO - [2026-01-05T17:27:41.738+0000] {dag.py:3211} INFO - Sync 1 DAGs
[2026-01-05T17:27:41.765+0000] {logging_mixin.py:190} INFO - [2026-01-05T17:27:41.764+0000] {dag.py:4138} INFO - Setting next_dagrun for tutorial_taskflow_api to None, run_after=None
[2026-01-05T17:27:41.793+0000] {processor.py:208} INFO - Processing /home/airflow/.local/lib/python3.12/site-packages/airflow/example_dags/tutorial_taskflow_api.py took 0.132 seconds
[2026-01-05T17:28:11.871+0000] {processor.py:186} INFO - Started process (PID=1489) to work on /home/airflow/.local/lib/python3.12/site-packages/airflow/example_dags/tutorial_taskflow_api.py
[2026-01-05T17:28:11.873+0000] {processor.py:914} INFO - Processing file /home/airflow/.local/lib/python3.12/site-packages/airflow/example_dags/tutorial_taskflow_api.py for tasks to queue
[2026-01-05T17:28:11.877+0000] {logging_mixin.py:190} INFO - [2026-01-05T17:28:11.876+0000] {dagbag.py:587} INFO - Filling up the DagBag from /home/airflow/.local/lib/python3.12/site-packages/airflow/example_dags/tutorial_taskflow_api.py
[2026-01-05T17:28:11.889+0000] {processor.py:925} INFO - DAG(s) 'tutorial_taskflow_api' retrieved from /home/airflow/.local/lib/python3.12/site-packages/airflow/example_dags/tutorial_taskflow_api.py
[2026-01-05T17:28:11.916+0000] {logging_mixin.py:190} INFO - [2026-01-05T17:28:11.915+0000] {dag.py:3211} INFO - Sync 1 DAGs
[2026-01-05T17:28:11.941+0000] {logging_mixin.py:190} INFO - [2026-01-05T17:28:11.940+0000] {dag.py:4138} INFO - Setting next_dagrun for tutorial_taskflow_api to None, run_after=None
[2026-01-05T17:28:11.971+0000] {processor.py:208} INFO - Processing /home/airflow/.local/lib/python3.12/site-packages/airflow/example_dags/tutorial_taskflow_api.py took 0.109 seconds
[2026-01-05T17:28:42.868+0000] {processor.py:186} INFO - Started process (PID=1555) to work on /home/airflow/.local/lib/python3.12/site-packages/airflow/example_dags/tutorial_taskflow_api.py
[2026-01-05T17:28:42.870+0000] {processor.py:914} INFO - Processing file /home/airflow/.local/lib/python3.12/site-packages/airflow/example_dags/tutorial_taskflow_api.py for tasks to queue
[2026-01-05T17:28:42.874+0000] {logging_mixin.py:190} INFO - [2026-01-05T17:28:42.874+0000] {dagbag.py:587} INFO - Filling up the DagBag from /home/airflow/.local/lib/python3.12/site-packages/airflow/example_dags/tutorial_taskflow_api.py
[2026-01-05T17:28:42.881+0000] {processor.py:925} INFO - DAG(s) 'tutorial_taskflow_api' retrieved from /home/airflow/.local/lib/python3.12/site-packages/airflow/example_dags/tutorial_taskflow_api.py
[2026-01-05T17:28:42.906+0000] {logging_mixin.py:190} INFO - [2026-01-05T17:28:42.905+0000] {dag.py:3211} INFO - Sync 1 DAGs
[2026-01-05T17:28:42.919+0000] {logging_mixin.py:190} INFO - [2026-01-05T17:28:42.919+0000] {dag.py:4138} INFO - Setting next_dagrun for tutorial_taskflow_api to None, run_after=None
[2026-01-05T17:28:42.940+0000] {processor.py:208} INFO - Processing /home/airflow/.local/lib/python3.12/site-packages/airflow/example_dags/tutorial_taskflow_api.py took 0.079 seconds
[2026-01-05T17:29:13.567+0000] {processor.py:186} INFO - Started process (PID=1621) to work on /home/airflow/.local/lib/python3.12/site-packages/airflow/example_dags/tutorial_taskflow_api.py
[2026-01-05T17:29:13.569+0000] {processor.py:914} INFO - Processing file /home/airflow/.local/lib/python3.12/site-packages/airflow/example_dags/tutorial_taskflow_api.py for tasks to queue
[2026-01-05T17:29:13.573+0000] {logging_mixin.py:190} INFO - [2026-01-05T17:29:13.572+0000] {dagbag.py:587} INFO - Filling up the DagBag from /home/airflow/.local/lib/python3.12/site-packages/airflow/example_dags/tutorial_taskflow_api.py
[2026-01-05T17:29:13.582+0000] {processor.py:925} INFO - DAG(s) 'tutorial_taskflow_api' retrieved from /home/airflow/.local/lib/python3.12/site-packages/airflow/example_dags/tutorial_taskflow_api.py
[2026-01-05T17:29:13.603+0000] {logging_mixin.py:190} INFO - [2026-01-05T17:29:13.603+0000] {dag.py:3211} INFO - Sync 1 DAGs
[2026-01-05T17:29:13.617+0000] {logging_mixin.py:190} INFO - [2026-01-05T17:29:13.617+0000] {dag.py:4138} INFO - Setting next_dagrun for tutorial_taskflow_api to None, run_after=None
[2026-01-05T17:29:13.637+0000] {processor.py:208} INFO - Processing /home/airflow/.local/lib/python3.12/site-packages/airflow/example_dags/tutorial_taskflow_api.py took 0.079 seconds
[2026-01-05T17:29:44.274+0000] {processor.py:186} INFO - Started process (PID=1687) to work on /home/airflow/.local/lib/python3.12/site-packages/airflow/example_dags/tutorial_taskflow_api.py
[2026-01-05T17:29:44.276+0000] {processor.py:914} INFO - Processing file /home/airflow/.local/lib/python3.12/site-packages/airflow/example_dags/tutorial_taskflow_api.py for tasks to queue
[2026-01-05T17:29:44.280+0000] {logging_mixin.py:190} INFO - [2026-01-05T17:29:44.280+0000] {dagbag.py:587} INFO - Filling up the DagBag from /home/airflow/.local/lib/python3.12/site-packages/airflow/example_dags/tutorial_taskflow_api.py
[2026-01-05T17:29:44.289+0000] {processor.py:925} INFO - DAG(s) 'tutorial_taskflow_api' retrieved from /home/airflow/.local/lib/python3.12/site-packages/airflow/example_dags/tutorial_taskflow_api.py
[2026-01-05T17:29:44.320+0000] {logging_mixin.py:190} INFO - [2026-01-05T17:29:44.320+0000] {dag.py:3211} INFO - Sync 1 DAGs
[2026-01-05T17:29:44.341+0000] {logging_mixin.py:190} INFO - [2026-01-05T17:29:44.341+0000] {dag.py:4138} INFO - Setting next_dagrun for tutorial_taskflow_api to None, run_after=None
[2026-01-05T17:29:44.370+0000] {processor.py:208} INFO - Processing /home/airflow/.local/lib/python3.12/site-packages/airflow/example_dags/tutorial_taskflow_api.py took 0.104 seconds
[2026-01-05T17:30:14.810+0000] {processor.py:186} INFO - Started process (PID=1753) to work on /home/airflow/.local/lib/python3.12/site-packages/airflow/example_dags/tutorial_taskflow_api.py
[2026-01-05T17:30:14.811+0000] {processor.py:914} INFO - Processing file /home/airflow/.local/lib/python3.12/site-packages/airflow/example_dags/tutorial_taskflow_api.py for tasks to queue
[2026-01-05T17:30:14.815+0000] {logging_mixin.py:190} INFO - [2026-01-05T17:30:14.814+0000] {dagbag.py:587} INFO - Filling up the DagBag from /home/airflow/.local/lib/python3.12/site-packages/airflow/example_dags/tutorial_taskflow_api.py
[2026-01-05T17:30:14.823+0000] {processor.py:925} INFO - DAG(s) 'tutorial_taskflow_api' retrieved from /home/airflow/.local/lib/python3.12/site-packages/airflow/example_dags/tutorial_taskflow_api.py
[2026-01-05T17:30:14.849+0000] {logging_mixin.py:190} INFO - [2026-01-05T17:30:14.849+0000] {dag.py:3211} INFO - Sync 1 DAGs
[2026-01-05T17:30:14.867+0000] {logging_mixin.py:190} INFO - [2026-01-05T17:30:14.866+0000] {dag.py:4138} INFO - Setting next_dagrun for tutorial_taskflow_api to None, run_after=None
[2026-01-05T17:30:14.889+0000] {processor.py:208} INFO - Processing /home/airflow/.local/lib/python3.12/site-packages/airflow/example_dags/tutorial_taskflow_api.py took 0.091 seconds
[2026-01-05T17:30:45.808+0000] {processor.py:186} INFO - Started process (PID=1820) to work on /home/airflow/.local/lib/python3.12/site-packages/airflow/example_dags/tutorial_taskflow_api.py
[2026-01-05T17:30:45.809+0000] {processor.py:914} INFO - Processing file /home/airflow/.local/lib/python3.12/site-packages/airflow/example_dags/tutorial_taskflow_api.py for tasks to queue
[2026-01-05T17:30:45.812+0000] {logging_mixin.py:190} INFO - [2026-01-05T17:30:45.812+0000] {dagbag.py:587} INFO - Filling up the DagBag from /home/airflow/.local/lib/python3.12/site-packages/airflow/example_dags/tutorial_taskflow_api.py
[2026-01-05T17:30:45.821+0000] {processor.py:925} INFO - DAG(s) 'tutorial_taskflow_api' retrieved from /home/airflow/.local/lib/python3.12/site-packages/airflow/example_dags/tutorial_taskflow_api.py
[2026-01-05T17:30:45.842+0000] {logging_mixin.py:190} INFO - [2026-01-05T17:30:45.842+0000] {dag.py:3211} INFO - Sync 1 DAGs
[2026-01-05T17:30:45.857+0000] {logging_mixin.py:190} INFO - [2026-01-05T17:30:45.857+0000] {dag.py:4138} INFO - Setting next_dagrun for tutorial_taskflow_api to None, run_after=None
[2026-01-05T17:30:45.879+0000] {processor.py:208} INFO - Processing /home/airflow/.local/lib/python3.12/site-packages/airflow/example_dags/tutorial_taskflow_api.py took 0.077 seconds
[2026-01-05T17:31:16.591+0000] {processor.py:186} INFO - Started process (PID=1886) to work on /home/airflow/.local/lib/python3.12/site-packages/airflow/example_dags/tutorial_taskflow_api.py
[2026-01-05T17:31:16.593+0000] {processor.py:914} INFO - Processing file /home/airflow/.local/lib/python3.12/site-packages/airflow/example_dags/tutorial_taskflow_api.py for tasks to queue
[2026-01-05T17:31:16.599+0000] {logging_mixin.py:190} INFO - [2026-01-05T17:31:16.599+0000] {dagbag.py:587} INFO - Filling up the DagBag from /home/airflow/.local/lib/python3.12/site-packages/airflow/example_dags/tutorial_taskflow_api.py
[2026-01-05T17:31:16.611+0000] {processor.py:925} INFO - DAG(s) 'tutorial_taskflow_api' retrieved from /home/airflow/.local/lib/python3.12/site-packages/airflow/example_dags/tutorial_taskflow_api.py
[2026-01-05T17:31:16.642+0000] {logging_mixin.py:190} INFO - [2026-01-05T17:31:16.642+0000] {dag.py:3211} INFO - Sync 1 DAGs
[2026-01-05T17:31:16.668+0000] {logging_mixin.py:190} INFO - [2026-01-05T17:31:16.667+0000] {dag.py:4138} INFO - Setting next_dagrun for tutorial_taskflow_api to None, run_after=None
[2026-01-05T17:31:16.712+0000] {processor.py:208} INFO - Processing /home/airflow/.local/lib/python3.12/site-packages/airflow/example_dags/tutorial_taskflow_api.py took 0.132 seconds
[2026-01-05T17:31:47.230+0000] {processor.py:186} INFO - Started process (PID=1952) to work on /home/airflow/.local/lib/python3.12/site-packages/airflow/example_dags/tutorial_taskflow_api.py
[2026-01-05T17:31:47.233+0000] {processor.py:914} INFO - Processing file /home/airflow/.local/lib/python3.12/site-packages/airflow/example_dags/tutorial_taskflow_api.py for tasks to queue
[2026-01-05T17:31:47.238+0000] {logging_mixin.py:190} INFO - [2026-01-05T17:31:47.238+0000] {dagbag.py:587} INFO - Filling up the DagBag from /home/airflow/.local/lib/python3.12/site-packages/airflow/example_dags/tutorial_taskflow_api.py
[2026-01-05T17:31:47.251+0000] {processor.py:925} INFO - DAG(s) 'tutorial_taskflow_api' retrieved from /home/airflow/.local/lib/python3.12/site-packages/airflow/example_dags/tutorial_taskflow_api.py
[2026-01-05T17:31:47.289+0000] {logging_mixin.py:190} INFO - [2026-01-05T17:31:47.288+0000] {dag.py:3211} INFO - Sync 1 DAGs
[2026-01-05T17:31:47.315+0000] {logging_mixin.py:190} INFO - [2026-01-05T17:31:47.315+0000] {dag.py:4138} INFO - Setting next_dagrun for tutorial_taskflow_api to None, run_after=None
[2026-01-05T17:31:47.345+0000] {processor.py:208} INFO - Processing /home/airflow/.local/lib/python3.12/site-packages/airflow/example_dags/tutorial_taskflow_api.py took 0.129 seconds
[2026-01-05T17:32:17.901+0000] {processor.py:186} INFO - Started process (PID=2018) to work on /home/airflow/.local/lib/python3.12/site-packages/airflow/example_dags/tutorial_taskflow_api.py
[2026-01-05T17:32:17.903+0000] {processor.py:914} INFO - Processing file /home/airflow/.local/lib/python3.12/site-packages/airflow/example_dags/tutorial_taskflow_api.py for tasks to queue
[2026-01-05T17:32:17.907+0000] {logging_mixin.py:190} INFO - [2026-01-05T17:32:17.907+0000] {dagbag.py:587} INFO - Filling up the DagBag from /home/airflow/.local/lib/python3.12/site-packages/airflow/example_dags/tutorial_taskflow_api.py
[2026-01-05T17:32:17.916+0000] {processor.py:925} INFO - DAG(s) 'tutorial_taskflow_api' retrieved from /home/airflow/.local/lib/python3.12/site-packages/airflow/example_dags/tutorial_taskflow_api.py
[2026-01-05T17:32:17.940+0000] {logging_mixin.py:190} INFO - [2026-01-05T17:32:17.940+0000] {dag.py:3211} INFO - Sync 1 DAGs
[2026-01-05T17:32:17.955+0000] {logging_mixin.py:190} INFO - [2026-01-05T17:32:17.955+0000] {dag.py:4138} INFO - Setting next_dagrun for tutorial_taskflow_api to None, run_after=None
[2026-01-05T17:32:17.975+0000] {processor.py:208} INFO - Processing /home/airflow/.local/lib/python3.12/site-packages/airflow/example_dags/tutorial_taskflow_api.py took 0.080 seconds
[2026-01-05T17:32:48.928+0000] {processor.py:186} INFO - Started process (PID=2084) to work on /home/airflow/.local/lib/python3.12/site-packages/airflow/example_dags/tutorial_taskflow_api.py
[2026-01-05T17:32:48.931+0000] {processor.py:914} INFO - Processing file /home/airflow/.local/lib/python3.12/site-packages/airflow/example_dags/tutorial_taskflow_api.py for tasks to queue
[2026-01-05T17:32:48.934+0000] {logging_mixin.py:190} INFO - [2026-01-05T17:32:48.933+0000] {dagbag.py:587} INFO - Filling up the DagBag from /home/airflow/.local/lib/python3.12/site-packages/airflow/example_dags/tutorial_taskflow_api.py
[2026-01-05T17:32:48.942+0000] {processor.py:925} INFO - DAG(s) 'tutorial_taskflow_api' retrieved from /home/airflow/.local/lib/python3.12/site-packages/airflow/example_dags/tutorial_taskflow_api.py
[2026-01-05T17:32:48.968+0000] {logging_mixin.py:190} INFO - [2026-01-05T17:32:48.968+0000] {dag.py:3211} INFO - Sync 1 DAGs
[2026-01-05T17:32:48.986+0000] {logging_mixin.py:190} INFO - [2026-01-05T17:32:48.986+0000] {dag.py:4138} INFO - Setting next_dagrun for tutorial_taskflow_api to None, run_after=None
[2026-01-05T17:32:49.202+0000] {processor.py:208} INFO - Processing /home/airflow/.local/lib/python3.12/site-packages/airflow/example_dags/tutorial_taskflow_api.py took 0.282 seconds
[2026-01-05T17:33:20.423+0000] {processor.py:186} INFO - Started process (PID=2150) to work on /home/airflow/.local/lib/python3.12/site-packages/airflow/example_dags/tutorial_taskflow_api.py
[2026-01-05T17:33:20.425+0000] {processor.py:914} INFO - Processing file /home/airflow/.local/lib/python3.12/site-packages/airflow/example_dags/tutorial_taskflow_api.py for tasks to queue
[2026-01-05T17:33:20.431+0000] {logging_mixin.py:190} INFO - [2026-01-05T17:33:20.430+0000] {dagbag.py:587} INFO - Filling up the DagBag from /home/airflow/.local/lib/python3.12/site-packages/airflow/example_dags/tutorial_taskflow_api.py
[2026-01-05T17:33:20.444+0000] {processor.py:925} INFO - DAG(s) 'tutorial_taskflow_api' retrieved from /home/airflow/.local/lib/python3.12/site-packages/airflow/example_dags/tutorial_taskflow_api.py
[2026-01-05T17:33:20.487+0000] {logging_mixin.py:190} INFO - [2026-01-05T17:33:20.487+0000] {dag.py:3211} INFO - Sync 1 DAGs
[2026-01-05T17:33:20.794+0000] {logging_mixin.py:190} INFO - [2026-01-05T17:33:20.793+0000] {dag.py:4138} INFO - Setting next_dagrun for tutorial_taskflow_api to None, run_after=None
[2026-01-05T17:33:20.821+0000] {processor.py:208} INFO - Processing /home/airflow/.local/lib/python3.12/site-packages/airflow/example_dags/tutorial_taskflow_api.py took 0.411 seconds
[2026-01-05T17:33:51.177+0000] {processor.py:186} INFO - Started process (PID=2216) to work on /home/airflow/.local/lib/python3.12/site-packages/airflow/example_dags/tutorial_taskflow_api.py
[2026-01-05T17:33:51.178+0000] {processor.py:914} INFO - Processing file /home/airflow/.local/lib/python3.12/site-packages/airflow/example_dags/tutorial_taskflow_api.py for tasks to queue
[2026-01-05T17:33:51.182+0000] {logging_mixin.py:190} INFO - [2026-01-05T17:33:51.181+0000] {dagbag.py:587} INFO - Filling up the DagBag from /home/airflow/.local/lib/python3.12/site-packages/airflow/example_dags/tutorial_taskflow_api.py
[2026-01-05T17:33:51.190+0000] {processor.py:925} INFO - DAG(s) 'tutorial_taskflow_api' retrieved from /home/airflow/.local/lib/python3.12/site-packages/airflow/example_dags/tutorial_taskflow_api.py
[2026-01-05T17:33:51.219+0000] {logging_mixin.py:190} INFO - [2026-01-05T17:33:51.219+0000] {dag.py:3211} INFO - Sync 1 DAGs
[2026-01-05T17:33:51.450+0000] {logging_mixin.py:190} INFO - [2026-01-05T17:33:51.449+0000] {dag.py:4138} INFO - Setting next_dagrun for tutorial_taskflow_api to None, run_after=None
[2026-01-05T17:33:51.475+0000] {processor.py:208} INFO - Processing /home/airflow/.local/lib/python3.12/site-packages/airflow/example_dags/tutorial_taskflow_api.py took 0.304 seconds
[2026-01-05T17:34:22.081+0000] {processor.py:186} INFO - Started process (PID=2282) to work on /home/airflow/.local/lib/python3.12/site-packages/airflow/example_dags/tutorial_taskflow_api.py
[2026-01-05T17:34:22.083+0000] {processor.py:914} INFO - Processing file /home/airflow/.local/lib/python3.12/site-packages/airflow/example_dags/tutorial_taskflow_api.py for tasks to queue
[2026-01-05T17:34:22.087+0000] {logging_mixin.py:190} INFO - [2026-01-05T17:34:22.087+0000] {dagbag.py:587} INFO - Filling up the DagBag from /home/airflow/.local/lib/python3.12/site-packages/airflow/example_dags/tutorial_taskflow_api.py
[2026-01-05T17:34:22.095+0000] {processor.py:925} INFO - DAG(s) 'tutorial_taskflow_api' retrieved from /home/airflow/.local/lib/python3.12/site-packages/airflow/example_dags/tutorial_taskflow_api.py
[2026-01-05T17:34:22.122+0000] {logging_mixin.py:190} INFO - [2026-01-05T17:34:22.121+0000] {dag.py:3211} INFO - Sync 1 DAGs
[2026-01-05T17:34:22.138+0000] {logging_mixin.py:190} INFO - [2026-01-05T17:34:22.138+0000] {dag.py:4138} INFO - Setting next_dagrun for tutorial_taskflow_api to None, run_after=None
[2026-01-05T17:34:22.163+0000] {processor.py:208} INFO - Processing /home/airflow/.local/lib/python3.12/site-packages/airflow/example_dags/tutorial_taskflow_api.py took 0.089 seconds
[2026-01-05T17:34:52.359+0000] {processor.py:186} INFO - Started process (PID=2348) to work on /home/airflow/.local/lib/python3.12/site-packages/airflow/example_dags/tutorial_taskflow_api.py
[2026-01-05T17:34:52.361+0000] {processor.py:914} INFO - Processing file /home/airflow/.local/lib/python3.12/site-packages/airflow/example_dags/tutorial_taskflow_api.py for tasks to queue
[2026-01-05T17:34:52.366+0000] {logging_mixin.py:190} INFO - [2026-01-05T17:34:52.365+0000] {dagbag.py:587} INFO - Filling up the DagBag from /home/airflow/.local/lib/python3.12/site-packages/airflow/example_dags/tutorial_taskflow_api.py
[2026-01-05T17:34:52.379+0000] {processor.py:925} INFO - DAG(s) 'tutorial_taskflow_api' retrieved from /home/airflow/.local/lib/python3.12/site-packages/airflow/example_dags/tutorial_taskflow_api.py
[2026-01-05T17:34:52.406+0000] {logging_mixin.py:190} INFO - [2026-01-05T17:34:52.406+0000] {dag.py:3211} INFO - Sync 1 DAGs
[2026-01-05T17:34:52.427+0000] {logging_mixin.py:190} INFO - [2026-01-05T17:34:52.427+0000] {dag.py:4138} INFO - Setting next_dagrun for tutorial_taskflow_api to None, run_after=None
[2026-01-05T17:34:52.451+0000] {processor.py:208} INFO - Processing /home/airflow/.local/lib/python3.12/site-packages/airflow/example_dags/tutorial_taskflow_api.py took 0.101 seconds
[2026-01-05T17:35:23.156+0000] {processor.py:186} INFO - Started process (PID=2414) to work on /home/airflow/.local/lib/python3.12/site-packages/airflow/example_dags/tutorial_taskflow_api.py
[2026-01-05T17:35:23.158+0000] {processor.py:914} INFO - Processing file /home/airflow/.local/lib/python3.12/site-packages/airflow/example_dags/tutorial_taskflow_api.py for tasks to queue
[2026-01-05T17:35:23.161+0000] {logging_mixin.py:190} INFO - [2026-01-05T17:35:23.160+0000] {dagbag.py:587} INFO - Filling up the DagBag from /home/airflow/.local/lib/python3.12/site-packages/airflow/example_dags/tutorial_taskflow_api.py
[2026-01-05T17:35:23.171+0000] {processor.py:925} INFO - DAG(s) 'tutorial_taskflow_api' retrieved from /home/airflow/.local/lib/python3.12/site-packages/airflow/example_dags/tutorial_taskflow_api.py
[2026-01-05T17:35:23.198+0000] {logging_mixin.py:190} INFO - [2026-01-05T17:35:23.198+0000] {dag.py:3211} INFO - Sync 1 DAGs
[2026-01-05T17:35:23.215+0000] {logging_mixin.py:190} INFO - [2026-01-05T17:35:23.215+0000] {dag.py:4138} INFO - Setting next_dagrun for tutorial_taskflow_api to None, run_after=None
[2026-01-05T17:35:23.242+0000] {processor.py:208} INFO - Processing /home/airflow/.local/lib/python3.12/site-packages/airflow/example_dags/tutorial_taskflow_api.py took 0.096 seconds
[2026-01-05T17:35:53.893+0000] {processor.py:186} INFO - Started process (PID=2481) to work on /home/airflow/.local/lib/python3.12/site-packages/airflow/example_dags/tutorial_taskflow_api.py
[2026-01-05T17:35:53.896+0000] {processor.py:914} INFO - Processing file /home/airflow/.local/lib/python3.12/site-packages/airflow/example_dags/tutorial_taskflow_api.py for tasks to queue
[2026-01-05T17:35:53.901+0000] {logging_mixin.py:190} INFO - [2026-01-05T17:35:53.900+0000] {dagbag.py:587} INFO - Filling up the DagBag from /home/airflow/.local/lib/python3.12/site-packages/airflow/example_dags/tutorial_taskflow_api.py
[2026-01-05T17:35:53.909+0000] {processor.py:925} INFO - DAG(s) 'tutorial_taskflow_api' retrieved from /home/airflow/.local/lib/python3.12/site-packages/airflow/example_dags/tutorial_taskflow_api.py
[2026-01-05T17:35:53.936+0000] {logging_mixin.py:190} INFO - [2026-01-05T17:35:53.936+0000] {dag.py:3211} INFO - Sync 1 DAGs
[2026-01-05T17:35:53.952+0000] {logging_mixin.py:190} INFO - [2026-01-05T17:35:53.952+0000] {dag.py:4138} INFO - Setting next_dagrun for tutorial_taskflow_api to None, run_after=None
[2026-01-05T17:35:53.979+0000] {processor.py:208} INFO - Processing /home/airflow/.local/lib/python3.12/site-packages/airflow/example_dags/tutorial_taskflow_api.py took 0.096 seconds
[2026-01-05T17:36:24.699+0000] {processor.py:186} INFO - Started process (PID=2547) to work on /home/airflow/.local/lib/python3.12/site-packages/airflow/example_dags/tutorial_taskflow_api.py
[2026-01-05T17:36:24.700+0000] {processor.py:914} INFO - Processing file /home/airflow/.local/lib/python3.12/site-packages/airflow/example_dags/tutorial_taskflow_api.py for tasks to queue
[2026-01-05T17:36:24.706+0000] {logging_mixin.py:190} INFO - [2026-01-05T17:36:24.703+0000] {dagbag.py:587} INFO - Filling up the DagBag from /home/airflow/.local/lib/python3.12/site-packages/airflow/example_dags/tutorial_taskflow_api.py
[2026-01-05T17:36:24.714+0000] {processor.py:925} INFO - DAG(s) 'tutorial_taskflow_api' retrieved from /home/airflow/.local/lib/python3.12/site-packages/airflow/example_dags/tutorial_taskflow_api.py
[2026-01-05T17:36:24.737+0000] {logging_mixin.py:190} INFO - [2026-01-05T17:36:24.737+0000] {dag.py:3211} INFO - Sync 1 DAGs
[2026-01-05T17:36:24.750+0000] {logging_mixin.py:190} INFO - [2026-01-05T17:36:24.749+0000] {dag.py:4138} INFO - Setting next_dagrun for tutorial_taskflow_api to None, run_after=None
[2026-01-05T17:36:24.774+0000] {processor.py:208} INFO - Processing /home/airflow/.local/lib/python3.12/site-packages/airflow/example_dags/tutorial_taskflow_api.py took 0.084 seconds
[2026-01-05T17:36:55.069+0000] {processor.py:186} INFO - Started process (PID=2613) to work on /home/airflow/.local/lib/python3.12/site-packages/airflow/example_dags/tutorial_taskflow_api.py
[2026-01-05T17:36:55.071+0000] {processor.py:914} INFO - Processing file /home/airflow/.local/lib/python3.12/site-packages/airflow/example_dags/tutorial_taskflow_api.py for tasks to queue
[2026-01-05T17:36:55.075+0000] {logging_mixin.py:190} INFO - [2026-01-05T17:36:55.074+0000] {dagbag.py:587} INFO - Filling up the DagBag from /home/airflow/.local/lib/python3.12/site-packages/airflow/example_dags/tutorial_taskflow_api.py
[2026-01-05T17:36:55.083+0000] {processor.py:925} INFO - DAG(s) 'tutorial_taskflow_api' retrieved from /home/airflow/.local/lib/python3.12/site-packages/airflow/example_dags/tutorial_taskflow_api.py
[2026-01-05T17:36:55.106+0000] {logging_mixin.py:190} INFO - [2026-01-05T17:36:55.106+0000] {dag.py:3211} INFO - Sync 1 DAGs
[2026-01-05T17:36:55.123+0000] {logging_mixin.py:190} INFO - [2026-01-05T17:36:55.122+0000] {dag.py:4138} INFO - Setting next_dagrun for tutorial_taskflow_api to None, run_after=None
[2026-01-05T17:36:55.143+0000] {processor.py:208} INFO - Processing /home/airflow/.local/lib/python3.12/site-packages/airflow/example_dags/tutorial_taskflow_api.py took 0.082 seconds
[2026-01-05T17:37:25.520+0000] {processor.py:186} INFO - Started process (PID=2679) to work on /home/airflow/.local/lib/python3.12/site-packages/airflow/example_dags/tutorial_taskflow_api.py
[2026-01-05T17:37:25.522+0000] {processor.py:914} INFO - Processing file /home/airflow/.local/lib/python3.12/site-packages/airflow/example_dags/tutorial_taskflow_api.py for tasks to queue
[2026-01-05T17:37:25.525+0000] {logging_mixin.py:190} INFO - [2026-01-05T17:37:25.525+0000] {dagbag.py:587} INFO - Filling up the DagBag from /home/airflow/.local/lib/python3.12/site-packages/airflow/example_dags/tutorial_taskflow_api.py
[2026-01-05T17:37:25.537+0000] {processor.py:925} INFO - DAG(s) 'tutorial_taskflow_api' retrieved from /home/airflow/.local/lib/python3.12/site-packages/airflow/example_dags/tutorial_taskflow_api.py
[2026-01-05T17:37:25.567+0000] {logging_mixin.py:190} INFO - [2026-01-05T17:37:25.567+0000] {dag.py:3211} INFO - Sync 1 DAGs
[2026-01-05T17:37:25.585+0000] {logging_mixin.py:190} INFO - [2026-01-05T17:37:25.585+0000] {dag.py:4138} INFO - Setting next_dagrun for tutorial_taskflow_api to None, run_after=None
[2026-01-05T17:37:25.602+0000] {processor.py:208} INFO - Processing /home/airflow/.local/lib/python3.12/site-packages/airflow/example_dags/tutorial_taskflow_api.py took 0.089 seconds
[2026-01-05T17:37:56.520+0000] {processor.py:186} INFO - Started process (PID=2745) to work on /home/airflow/.local/lib/python3.12/site-packages/airflow/example_dags/tutorial_taskflow_api.py
[2026-01-05T17:37:56.523+0000] {processor.py:914} INFO - Processing file /home/airflow/.local/lib/python3.12/site-packages/airflow/example_dags/tutorial_taskflow_api.py for tasks to queue
[2026-01-05T17:37:56.528+0000] {logging_mixin.py:190} INFO - [2026-01-05T17:37:56.527+0000] {dagbag.py:587} INFO - Filling up the DagBag from /home/airflow/.local/lib/python3.12/site-packages/airflow/example_dags/tutorial_taskflow_api.py
[2026-01-05T17:37:56.540+0000] {processor.py:925} INFO - DAG(s) 'tutorial_taskflow_api' retrieved from /home/airflow/.local/lib/python3.12/site-packages/airflow/example_dags/tutorial_taskflow_api.py
[2026-01-05T17:37:56.567+0000] {logging_mixin.py:190} INFO - [2026-01-05T17:37:56.567+0000] {dag.py:3211} INFO - Sync 1 DAGs
[2026-01-05T17:37:56.582+0000] {logging_mixin.py:190} INFO - [2026-01-05T17:37:56.581+0000] {dag.py:4138} INFO - Setting next_dagrun for tutorial_taskflow_api to None, run_after=None
[2026-01-05T17:37:56.603+0000] {processor.py:208} INFO - Processing /home/airflow/.local/lib/python3.12/site-packages/airflow/example_dags/tutorial_taskflow_api.py took 0.094 seconds
[2026-01-05T17:38:27.010+0000] {processor.py:186} INFO - Started process (PID=2811) to work on /home/airflow/.local/lib/python3.12/site-packages/airflow/example_dags/tutorial_taskflow_api.py
[2026-01-05T17:38:27.012+0000] {processor.py:914} INFO - Processing file /home/airflow/.local/lib/python3.12/site-packages/airflow/example_dags/tutorial_taskflow_api.py for tasks to queue
[2026-01-05T17:38:27.015+0000] {logging_mixin.py:190} INFO - [2026-01-05T17:38:27.015+0000] {dagbag.py:587} INFO - Filling up the DagBag from /home/airflow/.local/lib/python3.12/site-packages/airflow/example_dags/tutorial_taskflow_api.py
[2026-01-05T17:38:27.022+0000] {processor.py:925} INFO - DAG(s) 'tutorial_taskflow_api' retrieved from /home/airflow/.local/lib/python3.12/site-packages/airflow/example_dags/tutorial_taskflow_api.py
[2026-01-05T17:38:27.045+0000] {logging_mixin.py:190} INFO - [2026-01-05T17:38:27.045+0000] {dag.py:3211} INFO - Sync 1 DAGs
[2026-01-05T17:38:27.058+0000] {logging_mixin.py:190} INFO - [2026-01-05T17:38:27.058+0000] {dag.py:4138} INFO - Setting next_dagrun for tutorial_taskflow_api to None, run_after=None
[2026-01-05T17:38:27.088+0000] {processor.py:208} INFO - Processing /home/airflow/.local/lib/python3.12/site-packages/airflow/example_dags/tutorial_taskflow_api.py took 0.089 seconds
[2026-01-05T17:38:57.884+0000] {processor.py:186} INFO - Started process (PID=2877) to work on /home/airflow/.local/lib/python3.12/site-packages/airflow/example_dags/tutorial_taskflow_api.py
[2026-01-05T17:38:57.886+0000] {processor.py:914} INFO - Processing file /home/airflow/.local/lib/python3.12/site-packages/airflow/example_dags/tutorial_taskflow_api.py for tasks to queue
[2026-01-05T17:38:57.890+0000] {logging_mixin.py:190} INFO - [2026-01-05T17:38:57.889+0000] {dagbag.py:587} INFO - Filling up the DagBag from /home/airflow/.local/lib/python3.12/site-packages/airflow/example_dags/tutorial_taskflow_api.py
[2026-01-05T17:38:57.898+0000] {processor.py:925} INFO - DAG(s) 'tutorial_taskflow_api' retrieved from /home/airflow/.local/lib/python3.12/site-packages/airflow/example_dags/tutorial_taskflow_api.py
[2026-01-05T17:38:57.926+0000] {logging_mixin.py:190} INFO - [2026-01-05T17:38:57.926+0000] {dag.py:3211} INFO - Sync 1 DAGs
[2026-01-05T17:38:57.943+0000] {logging_mixin.py:190} INFO - [2026-01-05T17:38:57.943+0000] {dag.py:4138} INFO - Setting next_dagrun for tutorial_taskflow_api to None, run_after=None
[2026-01-05T17:38:57.964+0000] {processor.py:208} INFO - Processing /home/airflow/.local/lib/python3.12/site-packages/airflow/example_dags/tutorial_taskflow_api.py took 0.089 seconds
[2026-01-05T17:39:28.470+0000] {processor.py:186} INFO - Started process (PID=2943) to work on /home/airflow/.local/lib/python3.12/site-packages/airflow/example_dags/tutorial_taskflow_api.py
[2026-01-05T17:39:28.472+0000] {processor.py:914} INFO - Processing file /home/airflow/.local/lib/python3.12/site-packages/airflow/example_dags/tutorial_taskflow_api.py for tasks to queue
[2026-01-05T17:39:28.475+0000] {logging_mixin.py:190} INFO - [2026-01-05T17:39:28.475+0000] {dagbag.py:587} INFO - Filling up the DagBag from /home/airflow/.local/lib/python3.12/site-packages/airflow/example_dags/tutorial_taskflow_api.py
[2026-01-05T17:39:28.486+0000] {processor.py:925} INFO - DAG(s) 'tutorial_taskflow_api' retrieved from /home/airflow/.local/lib/python3.12/site-packages/airflow/example_dags/tutorial_taskflow_api.py
[2026-01-05T17:39:28.515+0000] {logging_mixin.py:190} INFO - [2026-01-05T17:39:28.515+0000] {dag.py:3211} INFO - Sync 1 DAGs
[2026-01-05T17:39:28.532+0000] {logging_mixin.py:190} INFO - [2026-01-05T17:39:28.531+0000] {dag.py:4138} INFO - Setting next_dagrun for tutorial_taskflow_api to None, run_after=None
[2026-01-05T17:39:28.560+0000] {processor.py:208} INFO - Processing /home/airflow/.local/lib/python3.12/site-packages/airflow/example_dags/tutorial_taskflow_api.py took 0.098 seconds
[2026-01-05T17:39:59.604+0000] {processor.py:186} INFO - Started process (PID=3009) to work on /home/airflow/.local/lib/python3.12/site-packages/airflow/example_dags/tutorial_taskflow_api.py
[2026-01-05T17:39:59.606+0000] {processor.py:914} INFO - Processing file /home/airflow/.local/lib/python3.12/site-packages/airflow/example_dags/tutorial_taskflow_api.py for tasks to queue
[2026-01-05T17:39:59.610+0000] {logging_mixin.py:190} INFO - [2026-01-05T17:39:59.609+0000] {dagbag.py:587} INFO - Filling up the DagBag from /home/airflow/.local/lib/python3.12/site-packages/airflow/example_dags/tutorial_taskflow_api.py
[2026-01-05T17:39:59.617+0000] {processor.py:925} INFO - DAG(s) 'tutorial_taskflow_api' retrieved from /home/airflow/.local/lib/python3.12/site-packages/airflow/example_dags/tutorial_taskflow_api.py
[2026-01-05T17:39:59.647+0000] {logging_mixin.py:190} INFO - [2026-01-05T17:39:59.646+0000] {dag.py:3211} INFO - Sync 1 DAGs
[2026-01-05T17:39:59.668+0000] {logging_mixin.py:190} INFO - [2026-01-05T17:39:59.668+0000] {dag.py:4138} INFO - Setting next_dagrun for tutorial_taskflow_api to None, run_after=None
[2026-01-05T17:39:59.697+0000] {processor.py:208} INFO - Processing /home/airflow/.local/lib/python3.12/site-packages/airflow/example_dags/tutorial_taskflow_api.py took 0.101 seconds
[2026-01-05T17:40:30.473+0000] {processor.py:186} INFO - Started process (PID=3075) to work on /home/airflow/.local/lib/python3.12/site-packages/airflow/example_dags/tutorial_taskflow_api.py
[2026-01-05T17:40:30.475+0000] {processor.py:914} INFO - Processing file /home/airflow/.local/lib/python3.12/site-packages/airflow/example_dags/tutorial_taskflow_api.py for tasks to queue
[2026-01-05T17:40:30.485+0000] {logging_mixin.py:190} INFO - [2026-01-05T17:40:30.485+0000] {dagbag.py:587} INFO - Filling up the DagBag from /home/airflow/.local/lib/python3.12/site-packages/airflow/example_dags/tutorial_taskflow_api.py
[2026-01-05T17:40:30.497+0000] {processor.py:925} INFO - DAG(s) 'tutorial_taskflow_api' retrieved from /home/airflow/.local/lib/python3.12/site-packages/airflow/example_dags/tutorial_taskflow_api.py
[2026-01-05T17:40:30.539+0000] {logging_mixin.py:190} INFO - [2026-01-05T17:40:30.537+0000] {dag.py:3211} INFO - Sync 1 DAGs
[2026-01-05T17:40:30.562+0000] {logging_mixin.py:190} INFO - [2026-01-05T17:40:30.561+0000] {dag.py:4138} INFO - Setting next_dagrun for tutorial_taskflow_api to None, run_after=None
[2026-01-05T17:40:30.598+0000] {processor.py:208} INFO - Processing /home/airflow/.local/lib/python3.12/site-packages/airflow/example_dags/tutorial_taskflow_api.py took 0.137 seconds
[2026-01-05T17:41:00.930+0000] {processor.py:186} INFO - Started process (PID=3147) to work on /home/airflow/.local/lib/python3.12/site-packages/airflow/example_dags/tutorial_taskflow_api.py
[2026-01-05T17:41:00.932+0000] {processor.py:914} INFO - Processing file /home/airflow/.local/lib/python3.12/site-packages/airflow/example_dags/tutorial_taskflow_api.py for tasks to queue
[2026-01-05T17:41:00.935+0000] {logging_mixin.py:190} INFO - [2026-01-05T17:41:00.934+0000] {dagbag.py:587} INFO - Filling up the DagBag from /home/airflow/.local/lib/python3.12/site-packages/airflow/example_dags/tutorial_taskflow_api.py
[2026-01-05T17:41:00.942+0000] {processor.py:925} INFO - DAG(s) 'tutorial_taskflow_api' retrieved from /home/airflow/.local/lib/python3.12/site-packages/airflow/example_dags/tutorial_taskflow_api.py
[2026-01-05T17:41:00.966+0000] {logging_mixin.py:190} INFO - [2026-01-05T17:41:00.966+0000] {dag.py:3211} INFO - Sync 1 DAGs
[2026-01-05T17:41:00.981+0000] {logging_mixin.py:190} INFO - [2026-01-05T17:41:00.981+0000] {dag.py:4138} INFO - Setting next_dagrun for tutorial_taskflow_api to None, run_after=None
[2026-01-05T17:41:01.001+0000] {processor.py:208} INFO - Processing /home/airflow/.local/lib/python3.12/site-packages/airflow/example_dags/tutorial_taskflow_api.py took 0.079 seconds
[2026-01-05T17:41:31.310+0000] {processor.py:186} INFO - Started process (PID=3213) to work on /home/airflow/.local/lib/python3.12/site-packages/airflow/example_dags/tutorial_taskflow_api.py
[2026-01-05T17:41:31.311+0000] {processor.py:914} INFO - Processing file /home/airflow/.local/lib/python3.12/site-packages/airflow/example_dags/tutorial_taskflow_api.py for tasks to queue
[2026-01-05T17:41:31.314+0000] {logging_mixin.py:190} INFO - [2026-01-05T17:41:31.314+0000] {dagbag.py:587} INFO - Filling up the DagBag from /home/airflow/.local/lib/python3.12/site-packages/airflow/example_dags/tutorial_taskflow_api.py
[2026-01-05T17:41:31.321+0000] {processor.py:925} INFO - DAG(s) 'tutorial_taskflow_api' retrieved from /home/airflow/.local/lib/python3.12/site-packages/airflow/example_dags/tutorial_taskflow_api.py
[2026-01-05T17:41:31.343+0000] {logging_mixin.py:190} INFO - [2026-01-05T17:41:31.342+0000] {dag.py:3211} INFO - Sync 1 DAGs
[2026-01-05T17:41:31.354+0000] {logging_mixin.py:190} INFO - [2026-01-05T17:41:31.354+0000] {dag.py:4138} INFO - Setting next_dagrun for tutorial_taskflow_api to None, run_after=None
[2026-01-05T17:41:31.373+0000] {processor.py:208} INFO - Processing /home/airflow/.local/lib/python3.12/site-packages/airflow/example_dags/tutorial_taskflow_api.py took 0.070 seconds
[2026-01-05T17:42:01.437+0000] {processor.py:186} INFO - Started process (PID=3279) to work on /home/airflow/.local/lib/python3.12/site-packages/airflow/example_dags/tutorial_taskflow_api.py
[2026-01-05T17:42:01.438+0000] {processor.py:914} INFO - Processing file /home/airflow/.local/lib/python3.12/site-packages/airflow/example_dags/tutorial_taskflow_api.py for tasks to queue
[2026-01-05T17:42:01.442+0000] {logging_mixin.py:190} INFO - [2026-01-05T17:42:01.441+0000] {dagbag.py:587} INFO - Filling up the DagBag from /home/airflow/.local/lib/python3.12/site-packages/airflow/example_dags/tutorial_taskflow_api.py
[2026-01-05T17:42:01.452+0000] {processor.py:925} INFO - DAG(s) 'tutorial_taskflow_api' retrieved from /home/airflow/.local/lib/python3.12/site-packages/airflow/example_dags/tutorial_taskflow_api.py
[2026-01-05T17:42:01.481+0000] {logging_mixin.py:190} INFO - [2026-01-05T17:42:01.481+0000] {dag.py:3211} INFO - Sync 1 DAGs
[2026-01-05T17:42:01.501+0000] {logging_mixin.py:190} INFO - [2026-01-05T17:42:01.501+0000] {dag.py:4138} INFO - Setting next_dagrun for tutorial_taskflow_api to None, run_after=None
[2026-01-05T17:42:01.530+0000] {processor.py:208} INFO - Processing /home/airflow/.local/lib/python3.12/site-packages/airflow/example_dags/tutorial_taskflow_api.py took 0.100 seconds
[2026-01-05T17:42:31.923+0000] {processor.py:186} INFO - Started process (PID=3345) to work on /home/airflow/.local/lib/python3.12/site-packages/airflow/example_dags/tutorial_taskflow_api.py
[2026-01-05T17:42:31.927+0000] {processor.py:914} INFO - Processing file /home/airflow/.local/lib/python3.12/site-packages/airflow/example_dags/tutorial_taskflow_api.py for tasks to queue
[2026-01-05T17:42:31.930+0000] {logging_mixin.py:190} INFO - [2026-01-05T17:42:31.930+0000] {dagbag.py:587} INFO - Filling up the DagBag from /home/airflow/.local/lib/python3.12/site-packages/airflow/example_dags/tutorial_taskflow_api.py
[2026-01-05T17:42:31.941+0000] {processor.py:925} INFO - DAG(s) 'tutorial_taskflow_api' retrieved from /home/airflow/.local/lib/python3.12/site-packages/airflow/example_dags/tutorial_taskflow_api.py
[2026-01-05T17:42:31.970+0000] {logging_mixin.py:190} INFO - [2026-01-05T17:42:31.970+0000] {dag.py:3211} INFO - Sync 1 DAGs
[2026-01-05T17:42:31.987+0000] {logging_mixin.py:190} INFO - [2026-01-05T17:42:31.986+0000] {dag.py:4138} INFO - Setting next_dagrun for tutorial_taskflow_api to None, run_after=None
[2026-01-05T17:42:32.008+0000] {processor.py:208} INFO - Processing /home/airflow/.local/lib/python3.12/site-packages/airflow/example_dags/tutorial_taskflow_api.py took 0.093 seconds
[2026-01-05T17:43:02.231+0000] {processor.py:186} INFO - Started process (PID=3411) to work on /home/airflow/.local/lib/python3.12/site-packages/airflow/example_dags/tutorial_taskflow_api.py
[2026-01-05T17:43:02.233+0000] {processor.py:914} INFO - Processing file /home/airflow/.local/lib/python3.12/site-packages/airflow/example_dags/tutorial_taskflow_api.py for tasks to queue
[2026-01-05T17:43:02.237+0000] {logging_mixin.py:190} INFO - [2026-01-05T17:43:02.236+0000] {dagbag.py:587} INFO - Filling up the DagBag from /home/airflow/.local/lib/python3.12/site-packages/airflow/example_dags/tutorial_taskflow_api.py
[2026-01-05T17:43:02.244+0000] {processor.py:925} INFO - DAG(s) 'tutorial_taskflow_api' retrieved from /home/airflow/.local/lib/python3.12/site-packages/airflow/example_dags/tutorial_taskflow_api.py
[2026-01-05T17:43:02.273+0000] {logging_mixin.py:190} INFO - [2026-01-05T17:43:02.272+0000] {dag.py:3211} INFO - Sync 1 DAGs
[2026-01-05T17:43:02.295+0000] {logging_mixin.py:190} INFO - [2026-01-05T17:43:02.294+0000] {dag.py:4138} INFO - Setting next_dagrun for tutorial_taskflow_api to None, run_after=None
[2026-01-05T17:43:02.323+0000] {processor.py:208} INFO - Processing /home/airflow/.local/lib/python3.12/site-packages/airflow/example_dags/tutorial_taskflow_api.py took 0.101 seconds
[2026-01-05T17:43:32.724+0000] {processor.py:186} INFO - Started process (PID=3476) to work on /home/airflow/.local/lib/python3.12/site-packages/airflow/example_dags/tutorial_taskflow_api.py
[2026-01-05T17:43:32.726+0000] {processor.py:914} INFO - Processing file /home/airflow/.local/lib/python3.12/site-packages/airflow/example_dags/tutorial_taskflow_api.py for tasks to queue
[2026-01-05T17:43:32.730+0000] {logging_mixin.py:190} INFO - [2026-01-05T17:43:32.729+0000] {dagbag.py:587} INFO - Filling up the DagBag from /home/airflow/.local/lib/python3.12/site-packages/airflow/example_dags/tutorial_taskflow_api.py
[2026-01-05T17:43:32.738+0000] {processor.py:925} INFO - DAG(s) 'tutorial_taskflow_api' retrieved from /home/airflow/.local/lib/python3.12/site-packages/airflow/example_dags/tutorial_taskflow_api.py
[2026-01-05T17:43:32.769+0000] {logging_mixin.py:190} INFO - [2026-01-05T17:43:32.768+0000] {dag.py:3211} INFO - Sync 1 DAGs
[2026-01-05T17:43:32.789+0000] {logging_mixin.py:190} INFO - [2026-01-05T17:43:32.789+0000] {dag.py:4138} INFO - Setting next_dagrun for tutorial_taskflow_api to None, run_after=None
[2026-01-05T17:43:32.823+0000] {processor.py:208} INFO - Processing /home/airflow/.local/lib/python3.12/site-packages/airflow/example_dags/tutorial_taskflow_api.py took 0.109 seconds
[2026-01-05T17:44:02.970+0000] {processor.py:186} INFO - Started process (PID=3542) to work on /home/airflow/.local/lib/python3.12/site-packages/airflow/example_dags/tutorial_taskflow_api.py
[2026-01-05T17:44:02.972+0000] {processor.py:914} INFO - Processing file /home/airflow/.local/lib/python3.12/site-packages/airflow/example_dags/tutorial_taskflow_api.py for tasks to queue
[2026-01-05T17:44:02.975+0000] {logging_mixin.py:190} INFO - [2026-01-05T17:44:02.974+0000] {dagbag.py:587} INFO - Filling up the DagBag from /home/airflow/.local/lib/python3.12/site-packages/airflow/example_dags/tutorial_taskflow_api.py
[2026-01-05T17:44:02.986+0000] {processor.py:925} INFO - DAG(s) 'tutorial_taskflow_api' retrieved from /home/airflow/.local/lib/python3.12/site-packages/airflow/example_dags/tutorial_taskflow_api.py
[2026-01-05T17:44:03.016+0000] {logging_mixin.py:190} INFO - [2026-01-05T17:44:03.016+0000] {dag.py:3211} INFO - Sync 1 DAGs
[2026-01-05T17:44:03.041+0000] {logging_mixin.py:190} INFO - [2026-01-05T17:44:03.041+0000] {dag.py:4138} INFO - Setting next_dagrun for tutorial_taskflow_api to None, run_after=None
[2026-01-05T17:44:03.066+0000] {processor.py:208} INFO - Processing /home/airflow/.local/lib/python3.12/site-packages/airflow/example_dags/tutorial_taskflow_api.py took 0.105 seconds
[2026-01-05T17:44:33.483+0000] {processor.py:186} INFO - Started process (PID=3609) to work on /home/airflow/.local/lib/python3.12/site-packages/airflow/example_dags/tutorial_taskflow_api.py
[2026-01-05T17:44:33.485+0000] {processor.py:914} INFO - Processing file /home/airflow/.local/lib/python3.12/site-packages/airflow/example_dags/tutorial_taskflow_api.py for tasks to queue
[2026-01-05T17:44:33.491+0000] {logging_mixin.py:190} INFO - [2026-01-05T17:44:33.490+0000] {dagbag.py:587} INFO - Filling up the DagBag from /home/airflow/.local/lib/python3.12/site-packages/airflow/example_dags/tutorial_taskflow_api.py
[2026-01-05T17:44:33.501+0000] {processor.py:925} INFO - DAG(s) 'tutorial_taskflow_api' retrieved from /home/airflow/.local/lib/python3.12/site-packages/airflow/example_dags/tutorial_taskflow_api.py
[2026-01-05T17:44:33.534+0000] {logging_mixin.py:190} INFO - [2026-01-05T17:44:33.534+0000] {dag.py:3211} INFO - Sync 1 DAGs
[2026-01-05T17:44:33.560+0000] {logging_mixin.py:190} INFO - [2026-01-05T17:44:33.560+0000] {dag.py:4138} INFO - Setting next_dagrun for tutorial_taskflow_api to None, run_after=None
[2026-01-05T17:44:33.595+0000] {processor.py:208} INFO - Processing /home/airflow/.local/lib/python3.12/site-packages/airflow/example_dags/tutorial_taskflow_api.py took 0.122 seconds
[2026-01-05T17:45:03.888+0000] {processor.py:186} INFO - Started process (PID=3674) to work on /home/airflow/.local/lib/python3.12/site-packages/airflow/example_dags/tutorial_taskflow_api.py
[2026-01-05T17:45:03.889+0000] {processor.py:914} INFO - Processing file /home/airflow/.local/lib/python3.12/site-packages/airflow/example_dags/tutorial_taskflow_api.py for tasks to queue
[2026-01-05T17:45:03.894+0000] {logging_mixin.py:190} INFO - [2026-01-05T17:45:03.894+0000] {dagbag.py:587} INFO - Filling up the DagBag from /home/airflow/.local/lib/python3.12/site-packages/airflow/example_dags/tutorial_taskflow_api.py
[2026-01-05T17:45:03.902+0000] {processor.py:925} INFO - DAG(s) 'tutorial_taskflow_api' retrieved from /home/airflow/.local/lib/python3.12/site-packages/airflow/example_dags/tutorial_taskflow_api.py
[2026-01-05T17:45:03.931+0000] {logging_mixin.py:190} INFO - [2026-01-05T17:45:03.931+0000] {dag.py:3211} INFO - Sync 1 DAGs
[2026-01-05T17:45:03.955+0000] {logging_mixin.py:190} INFO - [2026-01-05T17:45:03.955+0000] {dag.py:4138} INFO - Setting next_dagrun for tutorial_taskflow_api to None, run_after=None
[2026-01-05T17:45:03.986+0000] {processor.py:208} INFO - Processing /home/airflow/.local/lib/python3.12/site-packages/airflow/example_dags/tutorial_taskflow_api.py took 0.105 seconds
