[2026-01-05T17:17:53.259+0000] {processor.py:186} INFO - Started process (PID=155) to work on /home/airflow/.local/lib/python3.12/site-packages/airflow/example_dags/tutorial_dag.py
[2026-01-05T17:17:53.265+0000] {processor.py:914} INFO - Processing file /home/airflow/.local/lib/python3.12/site-packages/airflow/example_dags/tutorial_dag.py for tasks to queue
[2026-01-05T17:17:53.271+0000] {logging_mixin.py:190} INFO - [2026-01-05T17:17:53.270+0000] {dagbag.py:587} INFO - Filling up the DagBag from /home/airflow/.local/lib/python3.12/site-packages/airflow/example_dags/tutorial_dag.py
[2026-01-05T17:17:53.286+0000] {processor.py:925} INFO - DAG(s) 'tutorial_dag' retrieved from /home/airflow/.local/lib/python3.12/site-packages/airflow/example_dags/tutorial_dag.py
[2026-01-05T17:17:53.328+0000] {logging_mixin.py:190} INFO - [2026-01-05T17:17:53.328+0000] {dag.py:3211} INFO - Sync 1 DAGs
[2026-01-05T17:17:53.355+0000] {logging_mixin.py:190} INFO - [2026-01-05T17:17:53.355+0000] {dag.py:4138} INFO - Setting next_dagrun for tutorial_dag to None, run_after=None
[2026-01-05T17:17:53.398+0000] {processor.py:208} INFO - Processing /home/airflow/.local/lib/python3.12/site-packages/airflow/example_dags/tutorial_dag.py took 0.151 seconds
[2026-01-05T17:18:28.429+0000] {processor.py:186} INFO - Started process (PID=228) to work on /home/airflow/.local/lib/python3.12/site-packages/airflow/example_dags/tutorial_dag.py
[2026-01-05T17:18:28.432+0000] {processor.py:914} INFO - Processing file /home/airflow/.local/lib/python3.12/site-packages/airflow/example_dags/tutorial_dag.py for tasks to queue
[2026-01-05T17:18:28.436+0000] {logging_mixin.py:190} INFO - [2026-01-05T17:18:28.436+0000] {dagbag.py:587} INFO - Filling up the DagBag from /home/airflow/.local/lib/python3.12/site-packages/airflow/example_dags/tutorial_dag.py
[2026-01-05T17:18:28.446+0000] {processor.py:925} INFO - DAG(s) 'tutorial_dag' retrieved from /home/airflow/.local/lib/python3.12/site-packages/airflow/example_dags/tutorial_dag.py
[2026-01-05T17:18:28.473+0000] {logging_mixin.py:190} INFO - [2026-01-05T17:18:28.473+0000] {dag.py:3211} INFO - Sync 1 DAGs
[2026-01-05T17:18:28.494+0000] {logging_mixin.py:190} INFO - [2026-01-05T17:18:28.494+0000] {dag.py:4138} INFO - Setting next_dagrun for tutorial_dag to None, run_after=None
[2026-01-05T17:18:28.520+0000] {processor.py:208} INFO - Processing /home/airflow/.local/lib/python3.12/site-packages/airflow/example_dags/tutorial_dag.py took 0.099 seconds
[2026-01-05T17:18:58.731+0000] {processor.py:186} INFO - Started process (PID=294) to work on /home/airflow/.local/lib/python3.12/site-packages/airflow/example_dags/tutorial_dag.py
[2026-01-05T17:18:58.732+0000] {processor.py:914} INFO - Processing file /home/airflow/.local/lib/python3.12/site-packages/airflow/example_dags/tutorial_dag.py for tasks to queue
[2026-01-05T17:18:58.737+0000] {logging_mixin.py:190} INFO - [2026-01-05T17:18:58.736+0000] {dagbag.py:587} INFO - Filling up the DagBag from /home/airflow/.local/lib/python3.12/site-packages/airflow/example_dags/tutorial_dag.py
[2026-01-05T17:18:58.745+0000] {processor.py:925} INFO - DAG(s) 'tutorial_dag' retrieved from /home/airflow/.local/lib/python3.12/site-packages/airflow/example_dags/tutorial_dag.py
[2026-01-05T17:18:58.785+0000] {logging_mixin.py:190} INFO - [2026-01-05T17:18:58.784+0000] {dag.py:3211} INFO - Sync 1 DAGs
[2026-01-05T17:18:58.822+0000] {logging_mixin.py:190} INFO - [2026-01-05T17:18:58.822+0000] {dag.py:4138} INFO - Setting next_dagrun for tutorial_dag to None, run_after=None
[2026-01-05T17:18:58.888+0000] {processor.py:208} INFO - Processing /home/airflow/.local/lib/python3.12/site-packages/airflow/example_dags/tutorial_dag.py took 0.165 seconds
[2026-01-05T17:19:29.310+0000] {processor.py:186} INFO - Started process (PID=360) to work on /home/airflow/.local/lib/python3.12/site-packages/airflow/example_dags/tutorial_dag.py
[2026-01-05T17:19:29.312+0000] {processor.py:914} INFO - Processing file /home/airflow/.local/lib/python3.12/site-packages/airflow/example_dags/tutorial_dag.py for tasks to queue
[2026-01-05T17:19:29.316+0000] {logging_mixin.py:190} INFO - [2026-01-05T17:19:29.316+0000] {dagbag.py:587} INFO - Filling up the DagBag from /home/airflow/.local/lib/python3.12/site-packages/airflow/example_dags/tutorial_dag.py
[2026-01-05T17:19:29.326+0000] {processor.py:925} INFO - DAG(s) 'tutorial_dag' retrieved from /home/airflow/.local/lib/python3.12/site-packages/airflow/example_dags/tutorial_dag.py
[2026-01-05T17:19:29.367+0000] {logging_mixin.py:190} INFO - [2026-01-05T17:19:29.367+0000] {dag.py:3211} INFO - Sync 1 DAGs
[2026-01-05T17:19:29.389+0000] {logging_mixin.py:190} INFO - [2026-01-05T17:19:29.389+0000] {dag.py:4138} INFO - Setting next_dagrun for tutorial_dag to None, run_after=None
[2026-01-05T17:19:29.408+0000] {processor.py:208} INFO - Processing /home/airflow/.local/lib/python3.12/site-packages/airflow/example_dags/tutorial_dag.py took 0.108 seconds
[2026-01-05T17:20:00.123+0000] {processor.py:186} INFO - Started process (PID=426) to work on /home/airflow/.local/lib/python3.12/site-packages/airflow/example_dags/tutorial_dag.py
[2026-01-05T17:20:00.124+0000] {processor.py:914} INFO - Processing file /home/airflow/.local/lib/python3.12/site-packages/airflow/example_dags/tutorial_dag.py for tasks to queue
[2026-01-05T17:20:00.130+0000] {logging_mixin.py:190} INFO - [2026-01-05T17:20:00.130+0000] {dagbag.py:587} INFO - Filling up the DagBag from /home/airflow/.local/lib/python3.12/site-packages/airflow/example_dags/tutorial_dag.py
[2026-01-05T17:20:00.139+0000] {processor.py:925} INFO - DAG(s) 'tutorial_dag' retrieved from /home/airflow/.local/lib/python3.12/site-packages/airflow/example_dags/tutorial_dag.py
[2026-01-05T17:20:00.177+0000] {logging_mixin.py:190} INFO - [2026-01-05T17:20:00.176+0000] {dag.py:3211} INFO - Sync 1 DAGs
[2026-01-05T17:20:00.198+0000] {logging_mixin.py:190} INFO - [2026-01-05T17:20:00.198+0000] {dag.py:4138} INFO - Setting next_dagrun for tutorial_dag to None, run_after=None
[2026-01-05T17:20:00.224+0000] {processor.py:208} INFO - Processing /home/airflow/.local/lib/python3.12/site-packages/airflow/example_dags/tutorial_dag.py took 0.109 seconds
[2026-01-05T17:20:31.782+0000] {processor.py:186} INFO - Started process (PID=492) to work on /home/airflow/.local/lib/python3.12/site-packages/airflow/example_dags/tutorial_dag.py
[2026-01-05T17:20:31.801+0000] {processor.py:914} INFO - Processing file /home/airflow/.local/lib/python3.12/site-packages/airflow/example_dags/tutorial_dag.py for tasks to queue
[2026-01-05T17:20:31.812+0000] {logging_mixin.py:190} INFO - [2026-01-05T17:20:31.811+0000] {dagbag.py:587} INFO - Filling up the DagBag from /home/airflow/.local/lib/python3.12/site-packages/airflow/example_dags/tutorial_dag.py
[2026-01-05T17:20:31.841+0000] {processor.py:925} INFO - DAG(s) 'tutorial_dag' retrieved from /home/airflow/.local/lib/python3.12/site-packages/airflow/example_dags/tutorial_dag.py
[2026-01-05T17:20:31.948+0000] {logging_mixin.py:190} INFO - [2026-01-05T17:20:31.938+0000] {dag.py:3211} INFO - Sync 1 DAGs
[2026-01-05T17:20:31.997+0000] {logging_mixin.py:190} INFO - [2026-01-05T17:20:31.996+0000] {dag.py:4138} INFO - Setting next_dagrun for tutorial_dag to None, run_after=None
[2026-01-05T17:20:32.056+0000] {processor.py:208} INFO - Processing /home/airflow/.local/lib/python3.12/site-packages/airflow/example_dags/tutorial_dag.py took 0.315 seconds
[2026-01-05T17:21:02.675+0000] {processor.py:186} INFO - Started process (PID=558) to work on /home/airflow/.local/lib/python3.12/site-packages/airflow/example_dags/tutorial_dag.py
[2026-01-05T17:21:02.677+0000] {processor.py:914} INFO - Processing file /home/airflow/.local/lib/python3.12/site-packages/airflow/example_dags/tutorial_dag.py for tasks to queue
[2026-01-05T17:21:02.681+0000] {logging_mixin.py:190} INFO - [2026-01-05T17:21:02.680+0000] {dagbag.py:587} INFO - Filling up the DagBag from /home/airflow/.local/lib/python3.12/site-packages/airflow/example_dags/tutorial_dag.py
[2026-01-05T17:21:02.690+0000] {processor.py:925} INFO - DAG(s) 'tutorial_dag' retrieved from /home/airflow/.local/lib/python3.12/site-packages/airflow/example_dags/tutorial_dag.py
[2026-01-05T17:21:02.714+0000] {logging_mixin.py:190} INFO - [2026-01-05T17:21:02.713+0000] {dag.py:3211} INFO - Sync 1 DAGs
[2026-01-05T17:21:02.730+0000] {logging_mixin.py:190} INFO - [2026-01-05T17:21:02.730+0000] {dag.py:4138} INFO - Setting next_dagrun for tutorial_dag to None, run_after=None
[2026-01-05T17:21:02.754+0000] {processor.py:208} INFO - Processing /home/airflow/.local/lib/python3.12/site-packages/airflow/example_dags/tutorial_dag.py took 0.085 seconds
[2026-01-05T17:21:32.926+0000] {processor.py:186} INFO - Started process (PID=624) to work on /home/airflow/.local/lib/python3.12/site-packages/airflow/example_dags/tutorial_dag.py
[2026-01-05T17:21:32.928+0000] {processor.py:914} INFO - Processing file /home/airflow/.local/lib/python3.12/site-packages/airflow/example_dags/tutorial_dag.py for tasks to queue
[2026-01-05T17:21:32.932+0000] {logging_mixin.py:190} INFO - [2026-01-05T17:21:32.931+0000] {dagbag.py:587} INFO - Filling up the DagBag from /home/airflow/.local/lib/python3.12/site-packages/airflow/example_dags/tutorial_dag.py
[2026-01-05T17:21:32.940+0000] {processor.py:925} INFO - DAG(s) 'tutorial_dag' retrieved from /home/airflow/.local/lib/python3.12/site-packages/airflow/example_dags/tutorial_dag.py
[2026-01-05T17:21:32.965+0000] {logging_mixin.py:190} INFO - [2026-01-05T17:21:32.965+0000] {dag.py:3211} INFO - Sync 1 DAGs
[2026-01-05T17:21:32.980+0000] {logging_mixin.py:190} INFO - [2026-01-05T17:21:32.979+0000] {dag.py:4138} INFO - Setting next_dagrun for tutorial_dag to None, run_after=None
[2026-01-05T17:21:33.002+0000] {processor.py:208} INFO - Processing /home/airflow/.local/lib/python3.12/site-packages/airflow/example_dags/tutorial_dag.py took 0.082 seconds
[2026-01-05T17:22:03.968+0000] {processor.py:186} INFO - Started process (PID=690) to work on /home/airflow/.local/lib/python3.12/site-packages/airflow/example_dags/tutorial_dag.py
[2026-01-05T17:22:03.970+0000] {processor.py:914} INFO - Processing file /home/airflow/.local/lib/python3.12/site-packages/airflow/example_dags/tutorial_dag.py for tasks to queue
[2026-01-05T17:22:03.972+0000] {logging_mixin.py:190} INFO - [2026-01-05T17:22:03.972+0000] {dagbag.py:587} INFO - Filling up the DagBag from /home/airflow/.local/lib/python3.12/site-packages/airflow/example_dags/tutorial_dag.py
[2026-01-05T17:22:03.980+0000] {processor.py:925} INFO - DAG(s) 'tutorial_dag' retrieved from /home/airflow/.local/lib/python3.12/site-packages/airflow/example_dags/tutorial_dag.py
[2026-01-05T17:22:04.005+0000] {logging_mixin.py:190} INFO - [2026-01-05T17:22:04.005+0000] {dag.py:3211} INFO - Sync 1 DAGs
[2026-01-05T17:22:04.020+0000] {logging_mixin.py:190} INFO - [2026-01-05T17:22:04.020+0000] {dag.py:4138} INFO - Setting next_dagrun for tutorial_dag to None, run_after=None
[2026-01-05T17:22:04.048+0000] {processor.py:208} INFO - Processing /home/airflow/.local/lib/python3.12/site-packages/airflow/example_dags/tutorial_dag.py took 0.087 seconds
[2026-01-05T17:22:34.319+0000] {processor.py:186} INFO - Started process (PID=756) to work on /home/airflow/.local/lib/python3.12/site-packages/airflow/example_dags/tutorial_dag.py
[2026-01-05T17:22:34.322+0000] {processor.py:914} INFO - Processing file /home/airflow/.local/lib/python3.12/site-packages/airflow/example_dags/tutorial_dag.py for tasks to queue
[2026-01-05T17:22:34.330+0000] {logging_mixin.py:190} INFO - [2026-01-05T17:22:34.330+0000] {dagbag.py:587} INFO - Filling up the DagBag from /home/airflow/.local/lib/python3.12/site-packages/airflow/example_dags/tutorial_dag.py
[2026-01-05T17:22:34.350+0000] {processor.py:925} INFO - DAG(s) 'tutorial_dag' retrieved from /home/airflow/.local/lib/python3.12/site-packages/airflow/example_dags/tutorial_dag.py
[2026-01-05T17:22:34.403+0000] {logging_mixin.py:190} INFO - [2026-01-05T17:22:34.403+0000] {dag.py:3211} INFO - Sync 1 DAGs
[2026-01-05T17:22:34.434+0000] {logging_mixin.py:190} INFO - [2026-01-05T17:22:34.434+0000] {dag.py:4138} INFO - Setting next_dagrun for tutorial_dag to None, run_after=None
[2026-01-05T17:22:34.497+0000] {processor.py:208} INFO - Processing /home/airflow/.local/lib/python3.12/site-packages/airflow/example_dags/tutorial_dag.py took 0.189 seconds
[2026-01-05T17:23:04.622+0000] {processor.py:186} INFO - Started process (PID=822) to work on /home/airflow/.local/lib/python3.12/site-packages/airflow/example_dags/tutorial_dag.py
[2026-01-05T17:23:04.623+0000] {processor.py:914} INFO - Processing file /home/airflow/.local/lib/python3.12/site-packages/airflow/example_dags/tutorial_dag.py for tasks to queue
[2026-01-05T17:23:04.628+0000] {logging_mixin.py:190} INFO - [2026-01-05T17:23:04.627+0000] {dagbag.py:587} INFO - Filling up the DagBag from /home/airflow/.local/lib/python3.12/site-packages/airflow/example_dags/tutorial_dag.py
[2026-01-05T17:23:04.634+0000] {processor.py:925} INFO - DAG(s) 'tutorial_dag' retrieved from /home/airflow/.local/lib/python3.12/site-packages/airflow/example_dags/tutorial_dag.py
[2026-01-05T17:23:04.658+0000] {logging_mixin.py:190} INFO - [2026-01-05T17:23:04.657+0000] {dag.py:3211} INFO - Sync 1 DAGs
[2026-01-05T17:23:04.676+0000] {logging_mixin.py:190} INFO - [2026-01-05T17:23:04.676+0000] {dag.py:4138} INFO - Setting next_dagrun for tutorial_dag to None, run_after=None
[2026-01-05T17:23:04.701+0000] {processor.py:208} INFO - Processing /home/airflow/.local/lib/python3.12/site-packages/airflow/example_dags/tutorial_dag.py took 0.087 seconds
[2026-01-05T17:23:34.765+0000] {processor.py:186} INFO - Started process (PID=887) to work on /home/airflow/.local/lib/python3.12/site-packages/airflow/example_dags/tutorial_dag.py
[2026-01-05T17:23:34.767+0000] {processor.py:914} INFO - Processing file /home/airflow/.local/lib/python3.12/site-packages/airflow/example_dags/tutorial_dag.py for tasks to queue
[2026-01-05T17:23:34.770+0000] {logging_mixin.py:190} INFO - [2026-01-05T17:23:34.769+0000] {dagbag.py:587} INFO - Filling up the DagBag from /home/airflow/.local/lib/python3.12/site-packages/airflow/example_dags/tutorial_dag.py
[2026-01-05T17:23:34.776+0000] {processor.py:925} INFO - DAG(s) 'tutorial_dag' retrieved from /home/airflow/.local/lib/python3.12/site-packages/airflow/example_dags/tutorial_dag.py
[2026-01-05T17:23:34.801+0000] {logging_mixin.py:190} INFO - [2026-01-05T17:23:34.800+0000] {dag.py:3211} INFO - Sync 1 DAGs
[2026-01-05T17:23:34.817+0000] {logging_mixin.py:190} INFO - [2026-01-05T17:23:34.816+0000] {dag.py:4138} INFO - Setting next_dagrun for tutorial_dag to None, run_after=None
[2026-01-05T17:23:34.836+0000] {processor.py:208} INFO - Processing /home/airflow/.local/lib/python3.12/site-packages/airflow/example_dags/tutorial_dag.py took 0.078 seconds
[2026-01-05T17:24:05.120+0000] {processor.py:186} INFO - Started process (PID=953) to work on /home/airflow/.local/lib/python3.12/site-packages/airflow/example_dags/tutorial_dag.py
[2026-01-05T17:24:05.121+0000] {processor.py:914} INFO - Processing file /home/airflow/.local/lib/python3.12/site-packages/airflow/example_dags/tutorial_dag.py for tasks to queue
[2026-01-05T17:24:05.125+0000] {logging_mixin.py:190} INFO - [2026-01-05T17:24:05.125+0000] {dagbag.py:587} INFO - Filling up the DagBag from /home/airflow/.local/lib/python3.12/site-packages/airflow/example_dags/tutorial_dag.py
[2026-01-05T17:24:05.134+0000] {processor.py:925} INFO - DAG(s) 'tutorial_dag' retrieved from /home/airflow/.local/lib/python3.12/site-packages/airflow/example_dags/tutorial_dag.py
[2026-01-05T17:24:05.161+0000] {logging_mixin.py:190} INFO - [2026-01-05T17:24:05.160+0000] {dag.py:3211} INFO - Sync 1 DAGs
[2026-01-05T17:24:05.179+0000] {logging_mixin.py:190} INFO - [2026-01-05T17:24:05.178+0000] {dag.py:4138} INFO - Setting next_dagrun for tutorial_dag to None, run_after=None
[2026-01-05T17:24:05.205+0000] {processor.py:208} INFO - Processing /home/airflow/.local/lib/python3.12/site-packages/airflow/example_dags/tutorial_dag.py took 0.092 seconds
[2026-01-05T17:24:35.850+0000] {processor.py:186} INFO - Started process (PID=1020) to work on /home/airflow/.local/lib/python3.12/site-packages/airflow/example_dags/tutorial_dag.py
[2026-01-05T17:24:35.851+0000] {processor.py:914} INFO - Processing file /home/airflow/.local/lib/python3.12/site-packages/airflow/example_dags/tutorial_dag.py for tasks to queue
[2026-01-05T17:24:35.855+0000] {logging_mixin.py:190} INFO - [2026-01-05T17:24:35.855+0000] {dagbag.py:587} INFO - Filling up the DagBag from /home/airflow/.local/lib/python3.12/site-packages/airflow/example_dags/tutorial_dag.py
[2026-01-05T17:24:35.863+0000] {processor.py:925} INFO - DAG(s) 'tutorial_dag' retrieved from /home/airflow/.local/lib/python3.12/site-packages/airflow/example_dags/tutorial_dag.py
[2026-01-05T17:24:35.893+0000] {logging_mixin.py:190} INFO - [2026-01-05T17:24:35.893+0000] {dag.py:3211} INFO - Sync 1 DAGs
[2026-01-05T17:24:35.910+0000] {logging_mixin.py:190} INFO - [2026-01-05T17:24:35.910+0000] {dag.py:4138} INFO - Setting next_dagrun for tutorial_dag to None, run_after=None
[2026-01-05T17:24:35.941+0000] {processor.py:208} INFO - Processing /home/airflow/.local/lib/python3.12/site-packages/airflow/example_dags/tutorial_dag.py took 0.098 seconds
[2026-01-05T17:25:06.316+0000] {processor.py:186} INFO - Started process (PID=1086) to work on /home/airflow/.local/lib/python3.12/site-packages/airflow/example_dags/tutorial_dag.py
[2026-01-05T17:25:06.319+0000] {processor.py:914} INFO - Processing file /home/airflow/.local/lib/python3.12/site-packages/airflow/example_dags/tutorial_dag.py for tasks to queue
[2026-01-05T17:25:06.323+0000] {logging_mixin.py:190} INFO - [2026-01-05T17:25:06.322+0000] {dagbag.py:587} INFO - Filling up the DagBag from /home/airflow/.local/lib/python3.12/site-packages/airflow/example_dags/tutorial_dag.py
[2026-01-05T17:25:06.330+0000] {processor.py:925} INFO - DAG(s) 'tutorial_dag' retrieved from /home/airflow/.local/lib/python3.12/site-packages/airflow/example_dags/tutorial_dag.py
[2026-01-05T17:25:06.353+0000] {logging_mixin.py:190} INFO - [2026-01-05T17:25:06.353+0000] {dag.py:3211} INFO - Sync 1 DAGs
[2026-01-05T17:25:06.369+0000] {logging_mixin.py:190} INFO - [2026-01-05T17:25:06.369+0000] {dag.py:4138} INFO - Setting next_dagrun for tutorial_dag to None, run_after=None
[2026-01-05T17:25:06.391+0000] {processor.py:208} INFO - Processing /home/airflow/.local/lib/python3.12/site-packages/airflow/example_dags/tutorial_dag.py took 0.082 seconds
[2026-01-05T17:25:36.981+0000] {processor.py:186} INFO - Started process (PID=1152) to work on /home/airflow/.local/lib/python3.12/site-packages/airflow/example_dags/tutorial_dag.py
[2026-01-05T17:25:36.983+0000] {processor.py:914} INFO - Processing file /home/airflow/.local/lib/python3.12/site-packages/airflow/example_dags/tutorial_dag.py for tasks to queue
[2026-01-05T17:25:36.988+0000] {logging_mixin.py:190} INFO - [2026-01-05T17:25:36.987+0000] {dagbag.py:587} INFO - Filling up the DagBag from /home/airflow/.local/lib/python3.12/site-packages/airflow/example_dags/tutorial_dag.py
[2026-01-05T17:25:36.999+0000] {processor.py:925} INFO - DAG(s) 'tutorial_dag' retrieved from /home/airflow/.local/lib/python3.12/site-packages/airflow/example_dags/tutorial_dag.py
[2026-01-05T17:25:37.038+0000] {logging_mixin.py:190} INFO - [2026-01-05T17:25:37.037+0000] {dag.py:3211} INFO - Sync 1 DAGs
[2026-01-05T17:25:37.067+0000] {logging_mixin.py:190} INFO - [2026-01-05T17:25:37.067+0000] {dag.py:4138} INFO - Setting next_dagrun for tutorial_dag to None, run_after=None
[2026-01-05T17:25:37.100+0000] {processor.py:208} INFO - Processing /home/airflow/.local/lib/python3.12/site-packages/airflow/example_dags/tutorial_dag.py took 0.128 seconds
[2026-01-05T17:26:07.473+0000] {processor.py:186} INFO - Started process (PID=1218) to work on /home/airflow/.local/lib/python3.12/site-packages/airflow/example_dags/tutorial_dag.py
[2026-01-05T17:26:07.475+0000] {processor.py:914} INFO - Processing file /home/airflow/.local/lib/python3.12/site-packages/airflow/example_dags/tutorial_dag.py for tasks to queue
[2026-01-05T17:26:07.477+0000] {logging_mixin.py:190} INFO - [2026-01-05T17:26:07.477+0000] {dagbag.py:587} INFO - Filling up the DagBag from /home/airflow/.local/lib/python3.12/site-packages/airflow/example_dags/tutorial_dag.py
[2026-01-05T17:26:07.485+0000] {processor.py:925} INFO - DAG(s) 'tutorial_dag' retrieved from /home/airflow/.local/lib/python3.12/site-packages/airflow/example_dags/tutorial_dag.py
[2026-01-05T17:26:07.509+0000] {logging_mixin.py:190} INFO - [2026-01-05T17:26:07.509+0000] {dag.py:3211} INFO - Sync 1 DAGs
[2026-01-05T17:26:07.524+0000] {logging_mixin.py:190} INFO - [2026-01-05T17:26:07.524+0000] {dag.py:4138} INFO - Setting next_dagrun for tutorial_dag to None, run_after=None
[2026-01-05T17:26:07.546+0000] {processor.py:208} INFO - Processing /home/airflow/.local/lib/python3.12/site-packages/airflow/example_dags/tutorial_dag.py took 0.080 seconds
[2026-01-05T17:26:38.075+0000] {processor.py:186} INFO - Started process (PID=1284) to work on /home/airflow/.local/lib/python3.12/site-packages/airflow/example_dags/tutorial_dag.py
[2026-01-05T17:26:38.078+0000] {processor.py:914} INFO - Processing file /home/airflow/.local/lib/python3.12/site-packages/airflow/example_dags/tutorial_dag.py for tasks to queue
[2026-01-05T17:26:38.081+0000] {logging_mixin.py:190} INFO - [2026-01-05T17:26:38.081+0000] {dagbag.py:587} INFO - Filling up the DagBag from /home/airflow/.local/lib/python3.12/site-packages/airflow/example_dags/tutorial_dag.py
[2026-01-05T17:26:38.088+0000] {processor.py:925} INFO - DAG(s) 'tutorial_dag' retrieved from /home/airflow/.local/lib/python3.12/site-packages/airflow/example_dags/tutorial_dag.py
[2026-01-05T17:26:38.112+0000] {logging_mixin.py:190} INFO - [2026-01-05T17:26:38.111+0000] {dag.py:3211} INFO - Sync 1 DAGs
[2026-01-05T17:26:38.129+0000] {logging_mixin.py:190} INFO - [2026-01-05T17:26:38.129+0000] {dag.py:4138} INFO - Setting next_dagrun for tutorial_dag to None, run_after=None
[2026-01-05T17:26:38.148+0000] {processor.py:208} INFO - Processing /home/airflow/.local/lib/python3.12/site-packages/airflow/example_dags/tutorial_dag.py took 0.079 seconds
[2026-01-05T17:27:08.696+0000] {processor.py:186} INFO - Started process (PID=1350) to work on /home/airflow/.local/lib/python3.12/site-packages/airflow/example_dags/tutorial_dag.py
[2026-01-05T17:27:08.698+0000] {processor.py:914} INFO - Processing file /home/airflow/.local/lib/python3.12/site-packages/airflow/example_dags/tutorial_dag.py for tasks to queue
[2026-01-05T17:27:08.703+0000] {logging_mixin.py:190} INFO - [2026-01-05T17:27:08.702+0000] {dagbag.py:587} INFO - Filling up the DagBag from /home/airflow/.local/lib/python3.12/site-packages/airflow/example_dags/tutorial_dag.py
[2026-01-05T17:27:08.711+0000] {processor.py:925} INFO - DAG(s) 'tutorial_dag' retrieved from /home/airflow/.local/lib/python3.12/site-packages/airflow/example_dags/tutorial_dag.py
[2026-01-05T17:27:08.738+0000] {logging_mixin.py:190} INFO - [2026-01-05T17:27:08.738+0000] {dag.py:3211} INFO - Sync 1 DAGs
[2026-01-05T17:27:08.754+0000] {logging_mixin.py:190} INFO - [2026-01-05T17:27:08.754+0000] {dag.py:4138} INFO - Setting next_dagrun for tutorial_dag to None, run_after=None
[2026-01-05T17:27:08.783+0000] {processor.py:208} INFO - Processing /home/airflow/.local/lib/python3.12/site-packages/airflow/example_dags/tutorial_dag.py took 0.096 seconds
[2026-01-05T17:27:39.809+0000] {processor.py:186} INFO - Started process (PID=1416) to work on /home/airflow/.local/lib/python3.12/site-packages/airflow/example_dags/tutorial_dag.py
[2026-01-05T17:27:39.812+0000] {processor.py:914} INFO - Processing file /home/airflow/.local/lib/python3.12/site-packages/airflow/example_dags/tutorial_dag.py for tasks to queue
[2026-01-05T17:27:39.815+0000] {logging_mixin.py:190} INFO - [2026-01-05T17:27:39.815+0000] {dagbag.py:587} INFO - Filling up the DagBag from /home/airflow/.local/lib/python3.12/site-packages/airflow/example_dags/tutorial_dag.py
[2026-01-05T17:27:39.825+0000] {processor.py:925} INFO - DAG(s) 'tutorial_dag' retrieved from /home/airflow/.local/lib/python3.12/site-packages/airflow/example_dags/tutorial_dag.py
[2026-01-05T17:27:39.860+0000] {logging_mixin.py:190} INFO - [2026-01-05T17:27:39.860+0000] {dag.py:3211} INFO - Sync 1 DAGs
[2026-01-05T17:27:39.882+0000] {logging_mixin.py:190} INFO - [2026-01-05T17:27:39.882+0000] {dag.py:4138} INFO - Setting next_dagrun for tutorial_dag to None, run_after=None
[2026-01-05T17:27:39.912+0000] {processor.py:208} INFO - Processing /home/airflow/.local/lib/python3.12/site-packages/airflow/example_dags/tutorial_dag.py took 0.112 seconds
[2026-01-05T17:28:10.319+0000] {processor.py:186} INFO - Started process (PID=1482) to work on /home/airflow/.local/lib/python3.12/site-packages/airflow/example_dags/tutorial_dag.py
[2026-01-05T17:28:10.322+0000] {processor.py:914} INFO - Processing file /home/airflow/.local/lib/python3.12/site-packages/airflow/example_dags/tutorial_dag.py for tasks to queue
[2026-01-05T17:28:10.326+0000] {logging_mixin.py:190} INFO - [2026-01-05T17:28:10.326+0000] {dagbag.py:587} INFO - Filling up the DagBag from /home/airflow/.local/lib/python3.12/site-packages/airflow/example_dags/tutorial_dag.py
[2026-01-05T17:28:10.338+0000] {processor.py:925} INFO - DAG(s) 'tutorial_dag' retrieved from /home/airflow/.local/lib/python3.12/site-packages/airflow/example_dags/tutorial_dag.py
[2026-01-05T17:28:10.380+0000] {logging_mixin.py:190} INFO - [2026-01-05T17:28:10.379+0000] {dag.py:3211} INFO - Sync 1 DAGs
[2026-01-05T17:28:10.407+0000] {logging_mixin.py:190} INFO - [2026-01-05T17:28:10.407+0000] {dag.py:4138} INFO - Setting next_dagrun for tutorial_dag to None, run_after=None
[2026-01-05T17:28:10.439+0000] {processor.py:208} INFO - Processing /home/airflow/.local/lib/python3.12/site-packages/airflow/example_dags/tutorial_dag.py took 0.130 seconds
[2026-01-05T17:28:41.342+0000] {processor.py:186} INFO - Started process (PID=1548) to work on /home/airflow/.local/lib/python3.12/site-packages/airflow/example_dags/tutorial_dag.py
[2026-01-05T17:28:41.345+0000] {processor.py:914} INFO - Processing file /home/airflow/.local/lib/python3.12/site-packages/airflow/example_dags/tutorial_dag.py for tasks to queue
[2026-01-05T17:28:41.349+0000] {logging_mixin.py:190} INFO - [2026-01-05T17:28:41.349+0000] {dagbag.py:587} INFO - Filling up the DagBag from /home/airflow/.local/lib/python3.12/site-packages/airflow/example_dags/tutorial_dag.py
[2026-01-05T17:28:41.359+0000] {processor.py:925} INFO - DAG(s) 'tutorial_dag' retrieved from /home/airflow/.local/lib/python3.12/site-packages/airflow/example_dags/tutorial_dag.py
[2026-01-05T17:28:41.396+0000] {logging_mixin.py:190} INFO - [2026-01-05T17:28:41.395+0000] {dag.py:3211} INFO - Sync 1 DAGs
[2026-01-05T17:28:41.426+0000] {logging_mixin.py:190} INFO - [2026-01-05T17:28:41.425+0000] {dag.py:4138} INFO - Setting next_dagrun for tutorial_dag to None, run_after=None
[2026-01-05T17:28:41.458+0000] {processor.py:208} INFO - Processing /home/airflow/.local/lib/python3.12/site-packages/airflow/example_dags/tutorial_dag.py took 0.124 seconds
[2026-01-05T17:29:12.073+0000] {processor.py:186} INFO - Started process (PID=1614) to work on /home/airflow/.local/lib/python3.12/site-packages/airflow/example_dags/tutorial_dag.py
[2026-01-05T17:29:12.075+0000] {processor.py:914} INFO - Processing file /home/airflow/.local/lib/python3.12/site-packages/airflow/example_dags/tutorial_dag.py for tasks to queue
[2026-01-05T17:29:12.078+0000] {logging_mixin.py:190} INFO - [2026-01-05T17:29:12.077+0000] {dagbag.py:587} INFO - Filling up the DagBag from /home/airflow/.local/lib/python3.12/site-packages/airflow/example_dags/tutorial_dag.py
[2026-01-05T17:29:12.086+0000] {processor.py:925} INFO - DAG(s) 'tutorial_dag' retrieved from /home/airflow/.local/lib/python3.12/site-packages/airflow/example_dags/tutorial_dag.py
[2026-01-05T17:29:12.112+0000] {logging_mixin.py:190} INFO - [2026-01-05T17:29:12.112+0000] {dag.py:3211} INFO - Sync 1 DAGs
[2026-01-05T17:29:12.133+0000] {logging_mixin.py:190} INFO - [2026-01-05T17:29:12.132+0000] {dag.py:4138} INFO - Setting next_dagrun for tutorial_dag to None, run_after=None
[2026-01-05T17:29:12.163+0000] {processor.py:208} INFO - Processing /home/airflow/.local/lib/python3.12/site-packages/airflow/example_dags/tutorial_dag.py took 0.098 seconds
[2026-01-05T17:29:42.762+0000] {processor.py:186} INFO - Started process (PID=1680) to work on /home/airflow/.local/lib/python3.12/site-packages/airflow/example_dags/tutorial_dag.py
[2026-01-05T17:29:42.764+0000] {processor.py:914} INFO - Processing file /home/airflow/.local/lib/python3.12/site-packages/airflow/example_dags/tutorial_dag.py for tasks to queue
[2026-01-05T17:29:42.768+0000] {logging_mixin.py:190} INFO - [2026-01-05T17:29:42.767+0000] {dagbag.py:587} INFO - Filling up the DagBag from /home/airflow/.local/lib/python3.12/site-packages/airflow/example_dags/tutorial_dag.py
[2026-01-05T17:29:42.775+0000] {processor.py:925} INFO - DAG(s) 'tutorial_dag' retrieved from /home/airflow/.local/lib/python3.12/site-packages/airflow/example_dags/tutorial_dag.py
[2026-01-05T17:29:42.805+0000] {logging_mixin.py:190} INFO - [2026-01-05T17:29:42.804+0000] {dag.py:3211} INFO - Sync 1 DAGs
[2026-01-05T17:29:42.827+0000] {logging_mixin.py:190} INFO - [2026-01-05T17:29:42.827+0000] {dag.py:4138} INFO - Setting next_dagrun for tutorial_dag to None, run_after=None
[2026-01-05T17:29:42.856+0000] {processor.py:208} INFO - Processing /home/airflow/.local/lib/python3.12/site-packages/airflow/example_dags/tutorial_dag.py took 0.101 seconds
[2026-01-05T17:30:13.355+0000] {processor.py:186} INFO - Started process (PID=1746) to work on /home/airflow/.local/lib/python3.12/site-packages/airflow/example_dags/tutorial_dag.py
[2026-01-05T17:30:13.357+0000] {processor.py:914} INFO - Processing file /home/airflow/.local/lib/python3.12/site-packages/airflow/example_dags/tutorial_dag.py for tasks to queue
[2026-01-05T17:30:13.360+0000] {logging_mixin.py:190} INFO - [2026-01-05T17:30:13.360+0000] {dagbag.py:587} INFO - Filling up the DagBag from /home/airflow/.local/lib/python3.12/site-packages/airflow/example_dags/tutorial_dag.py
[2026-01-05T17:30:13.369+0000] {processor.py:925} INFO - DAG(s) 'tutorial_dag' retrieved from /home/airflow/.local/lib/python3.12/site-packages/airflow/example_dags/tutorial_dag.py
[2026-01-05T17:30:13.392+0000] {logging_mixin.py:190} INFO - [2026-01-05T17:30:13.392+0000] {dag.py:3211} INFO - Sync 1 DAGs
[2026-01-05T17:30:13.420+0000] {logging_mixin.py:190} INFO - [2026-01-05T17:30:13.419+0000] {dag.py:4138} INFO - Setting next_dagrun for tutorial_dag to None, run_after=None
[2026-01-05T17:30:13.442+0000] {processor.py:208} INFO - Processing /home/airflow/.local/lib/python3.12/site-packages/airflow/example_dags/tutorial_dag.py took 0.094 seconds
[2026-01-05T17:30:44.408+0000] {processor.py:186} INFO - Started process (PID=1813) to work on /home/airflow/.local/lib/python3.12/site-packages/airflow/example_dags/tutorial_dag.py
[2026-01-05T17:30:44.410+0000] {processor.py:914} INFO - Processing file /home/airflow/.local/lib/python3.12/site-packages/airflow/example_dags/tutorial_dag.py for tasks to queue
[2026-01-05T17:30:44.414+0000] {logging_mixin.py:190} INFO - [2026-01-05T17:30:44.413+0000] {dagbag.py:587} INFO - Filling up the DagBag from /home/airflow/.local/lib/python3.12/site-packages/airflow/example_dags/tutorial_dag.py
[2026-01-05T17:30:44.422+0000] {processor.py:925} INFO - DAG(s) 'tutorial_dag' retrieved from /home/airflow/.local/lib/python3.12/site-packages/airflow/example_dags/tutorial_dag.py
[2026-01-05T17:30:44.445+0000] {logging_mixin.py:190} INFO - [2026-01-05T17:30:44.445+0000] {dag.py:3211} INFO - Sync 1 DAGs
[2026-01-05T17:30:44.460+0000] {logging_mixin.py:190} INFO - [2026-01-05T17:30:44.460+0000] {dag.py:4138} INFO - Setting next_dagrun for tutorial_dag to None, run_after=None
[2026-01-05T17:30:44.481+0000] {processor.py:208} INFO - Processing /home/airflow/.local/lib/python3.12/site-packages/airflow/example_dags/tutorial_dag.py took 0.081 seconds
[2026-01-05T17:31:15.090+0000] {processor.py:186} INFO - Started process (PID=1879) to work on /home/airflow/.local/lib/python3.12/site-packages/airflow/example_dags/tutorial_dag.py
[2026-01-05T17:31:15.092+0000] {processor.py:914} INFO - Processing file /home/airflow/.local/lib/python3.12/site-packages/airflow/example_dags/tutorial_dag.py for tasks to queue
[2026-01-05T17:31:15.096+0000] {logging_mixin.py:190} INFO - [2026-01-05T17:31:15.095+0000] {dagbag.py:587} INFO - Filling up the DagBag from /home/airflow/.local/lib/python3.12/site-packages/airflow/example_dags/tutorial_dag.py
[2026-01-05T17:31:15.104+0000] {processor.py:925} INFO - DAG(s) 'tutorial_dag' retrieved from /home/airflow/.local/lib/python3.12/site-packages/airflow/example_dags/tutorial_dag.py
[2026-01-05T17:31:15.130+0000] {logging_mixin.py:190} INFO - [2026-01-05T17:31:15.129+0000] {dag.py:3211} INFO - Sync 1 DAGs
[2026-01-05T17:31:15.148+0000] {logging_mixin.py:190} INFO - [2026-01-05T17:31:15.147+0000] {dag.py:4138} INFO - Setting next_dagrun for tutorial_dag to None, run_after=None
[2026-01-05T17:31:15.170+0000] {processor.py:208} INFO - Processing /home/airflow/.local/lib/python3.12/site-packages/airflow/example_dags/tutorial_dag.py took 0.090 seconds
[2026-01-05T17:31:45.743+0000] {processor.py:186} INFO - Started process (PID=1945) to work on /home/airflow/.local/lib/python3.12/site-packages/airflow/example_dags/tutorial_dag.py
[2026-01-05T17:31:45.745+0000] {processor.py:914} INFO - Processing file /home/airflow/.local/lib/python3.12/site-packages/airflow/example_dags/tutorial_dag.py for tasks to queue
[2026-01-05T17:31:45.748+0000] {logging_mixin.py:190} INFO - [2026-01-05T17:31:45.747+0000] {dagbag.py:587} INFO - Filling up the DagBag from /home/airflow/.local/lib/python3.12/site-packages/airflow/example_dags/tutorial_dag.py
[2026-01-05T17:31:45.756+0000] {processor.py:925} INFO - DAG(s) 'tutorial_dag' retrieved from /home/airflow/.local/lib/python3.12/site-packages/airflow/example_dags/tutorial_dag.py
[2026-01-05T17:31:45.782+0000] {logging_mixin.py:190} INFO - [2026-01-05T17:31:45.782+0000] {dag.py:3211} INFO - Sync 1 DAGs
[2026-01-05T17:31:45.798+0000] {logging_mixin.py:190} INFO - [2026-01-05T17:31:45.798+0000] {dag.py:4138} INFO - Setting next_dagrun for tutorial_dag to None, run_after=None
[2026-01-05T17:31:45.823+0000] {processor.py:208} INFO - Processing /home/airflow/.local/lib/python3.12/site-packages/airflow/example_dags/tutorial_dag.py took 0.087 seconds
[2026-01-05T17:32:16.449+0000] {processor.py:186} INFO - Started process (PID=2011) to work on /home/airflow/.local/lib/python3.12/site-packages/airflow/example_dags/tutorial_dag.py
[2026-01-05T17:32:16.451+0000] {processor.py:914} INFO - Processing file /home/airflow/.local/lib/python3.12/site-packages/airflow/example_dags/tutorial_dag.py for tasks to queue
[2026-01-05T17:32:16.455+0000] {logging_mixin.py:190} INFO - [2026-01-05T17:32:16.455+0000] {dagbag.py:587} INFO - Filling up the DagBag from /home/airflow/.local/lib/python3.12/site-packages/airflow/example_dags/tutorial_dag.py
[2026-01-05T17:32:16.463+0000] {processor.py:925} INFO - DAG(s) 'tutorial_dag' retrieved from /home/airflow/.local/lib/python3.12/site-packages/airflow/example_dags/tutorial_dag.py
[2026-01-05T17:32:16.488+0000] {logging_mixin.py:190} INFO - [2026-01-05T17:32:16.487+0000] {dag.py:3211} INFO - Sync 1 DAGs
[2026-01-05T17:32:16.505+0000] {logging_mixin.py:190} INFO - [2026-01-05T17:32:16.505+0000] {dag.py:4138} INFO - Setting next_dagrun for tutorial_dag to None, run_after=None
[2026-01-05T17:32:16.530+0000] {processor.py:208} INFO - Processing /home/airflow/.local/lib/python3.12/site-packages/airflow/example_dags/tutorial_dag.py took 0.089 seconds
[2026-01-05T17:32:47.482+0000] {processor.py:186} INFO - Started process (PID=2077) to work on /home/airflow/.local/lib/python3.12/site-packages/airflow/example_dags/tutorial_dag.py
[2026-01-05T17:32:47.483+0000] {processor.py:914} INFO - Processing file /home/airflow/.local/lib/python3.12/site-packages/airflow/example_dags/tutorial_dag.py for tasks to queue
[2026-01-05T17:32:47.487+0000] {logging_mixin.py:190} INFO - [2026-01-05T17:32:47.486+0000] {dagbag.py:587} INFO - Filling up the DagBag from /home/airflow/.local/lib/python3.12/site-packages/airflow/example_dags/tutorial_dag.py
[2026-01-05T17:32:47.493+0000] {processor.py:925} INFO - DAG(s) 'tutorial_dag' retrieved from /home/airflow/.local/lib/python3.12/site-packages/airflow/example_dags/tutorial_dag.py
[2026-01-05T17:32:47.519+0000] {logging_mixin.py:190} INFO - [2026-01-05T17:32:47.518+0000] {dag.py:3211} INFO - Sync 1 DAGs
[2026-01-05T17:32:47.533+0000] {logging_mixin.py:190} INFO - [2026-01-05T17:32:47.533+0000] {dag.py:4138} INFO - Setting next_dagrun for tutorial_dag to None, run_after=None
[2026-01-05T17:32:47.554+0000] {processor.py:208} INFO - Processing /home/airflow/.local/lib/python3.12/site-packages/airflow/example_dags/tutorial_dag.py took 0.080 seconds
[2026-01-05T17:33:19.126+0000] {processor.py:186} INFO - Started process (PID=2143) to work on /home/airflow/.local/lib/python3.12/site-packages/airflow/example_dags/tutorial_dag.py
[2026-01-05T17:33:19.128+0000] {processor.py:914} INFO - Processing file /home/airflow/.local/lib/python3.12/site-packages/airflow/example_dags/tutorial_dag.py for tasks to queue
[2026-01-05T17:33:19.135+0000] {logging_mixin.py:190} INFO - [2026-01-05T17:33:19.135+0000] {dagbag.py:587} INFO - Filling up the DagBag from /home/airflow/.local/lib/python3.12/site-packages/airflow/example_dags/tutorial_dag.py
[2026-01-05T17:33:19.148+0000] {processor.py:925} INFO - DAG(s) 'tutorial_dag' retrieved from /home/airflow/.local/lib/python3.12/site-packages/airflow/example_dags/tutorial_dag.py
[2026-01-05T17:33:19.197+0000] {logging_mixin.py:190} INFO - [2026-01-05T17:33:19.196+0000] {dag.py:3211} INFO - Sync 1 DAGs
[2026-01-05T17:33:19.231+0000] {logging_mixin.py:190} INFO - [2026-01-05T17:33:19.231+0000] {dag.py:4138} INFO - Setting next_dagrun for tutorial_dag to None, run_after=None
[2026-01-05T17:33:19.487+0000] {processor.py:208} INFO - Processing /home/airflow/.local/lib/python3.12/site-packages/airflow/example_dags/tutorial_dag.py took 0.373 seconds
[2026-01-05T17:33:49.721+0000] {processor.py:186} INFO - Started process (PID=2209) to work on /home/airflow/.local/lib/python3.12/site-packages/airflow/example_dags/tutorial_dag.py
[2026-01-05T17:33:49.722+0000] {processor.py:914} INFO - Processing file /home/airflow/.local/lib/python3.12/site-packages/airflow/example_dags/tutorial_dag.py for tasks to queue
[2026-01-05T17:33:49.726+0000] {logging_mixin.py:190} INFO - [2026-01-05T17:33:49.726+0000] {dagbag.py:587} INFO - Filling up the DagBag from /home/airflow/.local/lib/python3.12/site-packages/airflow/example_dags/tutorial_dag.py
[2026-01-05T17:33:49.736+0000] {processor.py:925} INFO - DAG(s) 'tutorial_dag' retrieved from /home/airflow/.local/lib/python3.12/site-packages/airflow/example_dags/tutorial_dag.py
[2026-01-05T17:33:49.767+0000] {logging_mixin.py:190} INFO - [2026-01-05T17:33:49.767+0000] {dag.py:3211} INFO - Sync 1 DAGs
[2026-01-05T17:33:49.791+0000] {logging_mixin.py:190} INFO - [2026-01-05T17:33:49.791+0000] {dag.py:4138} INFO - Setting next_dagrun for tutorial_dag to None, run_after=None
[2026-01-05T17:33:50.037+0000] {processor.py:208} INFO - Processing /home/airflow/.local/lib/python3.12/site-packages/airflow/example_dags/tutorial_dag.py took 0.323 seconds
[2026-01-05T17:34:20.315+0000] {processor.py:186} INFO - Started process (PID=2275) to work on /home/airflow/.local/lib/python3.12/site-packages/airflow/example_dags/tutorial_dag.py
[2026-01-05T17:34:20.316+0000] {processor.py:914} INFO - Processing file /home/airflow/.local/lib/python3.12/site-packages/airflow/example_dags/tutorial_dag.py for tasks to queue
[2026-01-05T17:34:20.319+0000] {logging_mixin.py:190} INFO - [2026-01-05T17:34:20.318+0000] {dagbag.py:587} INFO - Filling up the DagBag from /home/airflow/.local/lib/python3.12/site-packages/airflow/example_dags/tutorial_dag.py
[2026-01-05T17:34:20.325+0000] {processor.py:925} INFO - DAG(s) 'tutorial_dag' retrieved from /home/airflow/.local/lib/python3.12/site-packages/airflow/example_dags/tutorial_dag.py
[2026-01-05T17:34:20.348+0000] {logging_mixin.py:190} INFO - [2026-01-05T17:34:20.348+0000] {dag.py:3211} INFO - Sync 1 DAGs
[2026-01-05T17:34:20.362+0000] {logging_mixin.py:190} INFO - [2026-01-05T17:34:20.362+0000] {dag.py:4138} INFO - Setting next_dagrun for tutorial_dag to None, run_after=None
[2026-01-05T17:34:20.386+0000] {processor.py:208} INFO - Processing /home/airflow/.local/lib/python3.12/site-packages/airflow/example_dags/tutorial_dag.py took 0.078 seconds
[2026-01-05T17:34:50.848+0000] {processor.py:186} INFO - Started process (PID=2341) to work on /home/airflow/.local/lib/python3.12/site-packages/airflow/example_dags/tutorial_dag.py
[2026-01-05T17:34:50.850+0000] {processor.py:914} INFO - Processing file /home/airflow/.local/lib/python3.12/site-packages/airflow/example_dags/tutorial_dag.py for tasks to queue
[2026-01-05T17:34:50.855+0000] {logging_mixin.py:190} INFO - [2026-01-05T17:34:50.854+0000] {dagbag.py:587} INFO - Filling up the DagBag from /home/airflow/.local/lib/python3.12/site-packages/airflow/example_dags/tutorial_dag.py
[2026-01-05T17:34:50.860+0000] {processor.py:925} INFO - DAG(s) 'tutorial_dag' retrieved from /home/airflow/.local/lib/python3.12/site-packages/airflow/example_dags/tutorial_dag.py
[2026-01-05T17:34:50.885+0000] {logging_mixin.py:190} INFO - [2026-01-05T17:34:50.885+0000] {dag.py:3211} INFO - Sync 1 DAGs
[2026-01-05T17:34:50.900+0000] {logging_mixin.py:190} INFO - [2026-01-05T17:34:50.900+0000] {dag.py:4138} INFO - Setting next_dagrun for tutorial_dag to None, run_after=None
[2026-01-05T17:34:50.925+0000] {processor.py:208} INFO - Processing /home/airflow/.local/lib/python3.12/site-packages/airflow/example_dags/tutorial_dag.py took 0.082 seconds
[2026-01-05T17:35:21.449+0000] {processor.py:186} INFO - Started process (PID=2407) to work on /home/airflow/.local/lib/python3.12/site-packages/airflow/example_dags/tutorial_dag.py
[2026-01-05T17:35:21.451+0000] {processor.py:914} INFO - Processing file /home/airflow/.local/lib/python3.12/site-packages/airflow/example_dags/tutorial_dag.py for tasks to queue
[2026-01-05T17:35:21.455+0000] {logging_mixin.py:190} INFO - [2026-01-05T17:35:21.454+0000] {dagbag.py:587} INFO - Filling up the DagBag from /home/airflow/.local/lib/python3.12/site-packages/airflow/example_dags/tutorial_dag.py
[2026-01-05T17:35:21.464+0000] {processor.py:925} INFO - DAG(s) 'tutorial_dag' retrieved from /home/airflow/.local/lib/python3.12/site-packages/airflow/example_dags/tutorial_dag.py
[2026-01-05T17:35:21.512+0000] {logging_mixin.py:190} INFO - [2026-01-05T17:35:21.511+0000] {dag.py:3211} INFO - Sync 1 DAGs
[2026-01-05T17:35:21.540+0000] {logging_mixin.py:190} INFO - [2026-01-05T17:35:21.540+0000] {dag.py:4138} INFO - Setting next_dagrun for tutorial_dag to None, run_after=None
[2026-01-05T17:35:21.573+0000] {processor.py:208} INFO - Processing /home/airflow/.local/lib/python3.12/site-packages/airflow/example_dags/tutorial_dag.py took 0.132 seconds
[2026-01-05T17:35:52.108+0000] {processor.py:186} INFO - Started process (PID=2474) to work on /home/airflow/.local/lib/python3.12/site-packages/airflow/example_dags/tutorial_dag.py
[2026-01-05T17:35:52.109+0000] {processor.py:914} INFO - Processing file /home/airflow/.local/lib/python3.12/site-packages/airflow/example_dags/tutorial_dag.py for tasks to queue
[2026-01-05T17:35:52.113+0000] {logging_mixin.py:190} INFO - [2026-01-05T17:35:52.113+0000] {dagbag.py:587} INFO - Filling up the DagBag from /home/airflow/.local/lib/python3.12/site-packages/airflow/example_dags/tutorial_dag.py
[2026-01-05T17:35:52.120+0000] {processor.py:925} INFO - DAG(s) 'tutorial_dag' retrieved from /home/airflow/.local/lib/python3.12/site-packages/airflow/example_dags/tutorial_dag.py
[2026-01-05T17:35:52.141+0000] {logging_mixin.py:190} INFO - [2026-01-05T17:35:52.141+0000] {dag.py:3211} INFO - Sync 1 DAGs
[2026-01-05T17:35:52.155+0000] {logging_mixin.py:190} INFO - [2026-01-05T17:35:52.154+0000] {dag.py:4138} INFO - Setting next_dagrun for tutorial_dag to None, run_after=None
[2026-01-05T17:35:52.184+0000] {processor.py:208} INFO - Processing /home/airflow/.local/lib/python3.12/site-packages/airflow/example_dags/tutorial_dag.py took 0.083 seconds
[2026-01-05T17:36:22.984+0000] {processor.py:186} INFO - Started process (PID=2540) to work on /home/airflow/.local/lib/python3.12/site-packages/airflow/example_dags/tutorial_dag.py
[2026-01-05T17:36:22.985+0000] {processor.py:914} INFO - Processing file /home/airflow/.local/lib/python3.12/site-packages/airflow/example_dags/tutorial_dag.py for tasks to queue
[2026-01-05T17:36:22.989+0000] {logging_mixin.py:190} INFO - [2026-01-05T17:36:22.988+0000] {dagbag.py:587} INFO - Filling up the DagBag from /home/airflow/.local/lib/python3.12/site-packages/airflow/example_dags/tutorial_dag.py
[2026-01-05T17:36:22.995+0000] {processor.py:925} INFO - DAG(s) 'tutorial_dag' retrieved from /home/airflow/.local/lib/python3.12/site-packages/airflow/example_dags/tutorial_dag.py
[2026-01-05T17:36:23.024+0000] {logging_mixin.py:190} INFO - [2026-01-05T17:36:23.023+0000] {dag.py:3211} INFO - Sync 1 DAGs
[2026-01-05T17:36:23.046+0000] {logging_mixin.py:190} INFO - [2026-01-05T17:36:23.046+0000] {dag.py:4138} INFO - Setting next_dagrun for tutorial_dag to None, run_after=None
[2026-01-05T17:36:23.072+0000] {processor.py:208} INFO - Processing /home/airflow/.local/lib/python3.12/site-packages/airflow/example_dags/tutorial_dag.py took 0.098 seconds
[2026-01-05T17:36:53.511+0000] {processor.py:186} INFO - Started process (PID=2606) to work on /home/airflow/.local/lib/python3.12/site-packages/airflow/example_dags/tutorial_dag.py
[2026-01-05T17:36:53.512+0000] {processor.py:914} INFO - Processing file /home/airflow/.local/lib/python3.12/site-packages/airflow/example_dags/tutorial_dag.py for tasks to queue
[2026-01-05T17:36:53.516+0000] {logging_mixin.py:190} INFO - [2026-01-05T17:36:53.516+0000] {dagbag.py:587} INFO - Filling up the DagBag from /home/airflow/.local/lib/python3.12/site-packages/airflow/example_dags/tutorial_dag.py
[2026-01-05T17:36:53.525+0000] {processor.py:925} INFO - DAG(s) 'tutorial_dag' retrieved from /home/airflow/.local/lib/python3.12/site-packages/airflow/example_dags/tutorial_dag.py
[2026-01-05T17:36:53.570+0000] {logging_mixin.py:190} INFO - [2026-01-05T17:36:53.570+0000] {dag.py:3211} INFO - Sync 1 DAGs
[2026-01-05T17:36:53.587+0000] {logging_mixin.py:190} INFO - [2026-01-05T17:36:53.587+0000] {dag.py:4138} INFO - Setting next_dagrun for tutorial_dag to None, run_after=None
[2026-01-05T17:36:53.609+0000] {processor.py:208} INFO - Processing /home/airflow/.local/lib/python3.12/site-packages/airflow/example_dags/tutorial_dag.py took 0.107 seconds
[2026-01-05T17:37:23.961+0000] {processor.py:186} INFO - Started process (PID=2672) to work on /home/airflow/.local/lib/python3.12/site-packages/airflow/example_dags/tutorial_dag.py
[2026-01-05T17:37:23.963+0000] {processor.py:914} INFO - Processing file /home/airflow/.local/lib/python3.12/site-packages/airflow/example_dags/tutorial_dag.py for tasks to queue
[2026-01-05T17:37:23.966+0000] {logging_mixin.py:190} INFO - [2026-01-05T17:37:23.966+0000] {dagbag.py:587} INFO - Filling up the DagBag from /home/airflow/.local/lib/python3.12/site-packages/airflow/example_dags/tutorial_dag.py
[2026-01-05T17:37:23.973+0000] {processor.py:925} INFO - DAG(s) 'tutorial_dag' retrieved from /home/airflow/.local/lib/python3.12/site-packages/airflow/example_dags/tutorial_dag.py
[2026-01-05T17:37:23.996+0000] {logging_mixin.py:190} INFO - [2026-01-05T17:37:23.996+0000] {dag.py:3211} INFO - Sync 1 DAGs
[2026-01-05T17:37:24.011+0000] {logging_mixin.py:190} INFO - [2026-01-05T17:37:24.011+0000] {dag.py:4138} INFO - Setting next_dagrun for tutorial_dag to None, run_after=None
[2026-01-05T17:37:24.032+0000] {processor.py:208} INFO - Processing /home/airflow/.local/lib/python3.12/site-packages/airflow/example_dags/tutorial_dag.py took 0.078 seconds
[2026-01-05T17:37:54.819+0000] {processor.py:186} INFO - Started process (PID=2738) to work on /home/airflow/.local/lib/python3.12/site-packages/airflow/example_dags/tutorial_dag.py
[2026-01-05T17:37:54.820+0000] {processor.py:914} INFO - Processing file /home/airflow/.local/lib/python3.12/site-packages/airflow/example_dags/tutorial_dag.py for tasks to queue
[2026-01-05T17:37:54.823+0000] {logging_mixin.py:190} INFO - [2026-01-05T17:37:54.823+0000] {dagbag.py:587} INFO - Filling up the DagBag from /home/airflow/.local/lib/python3.12/site-packages/airflow/example_dags/tutorial_dag.py
[2026-01-05T17:37:54.830+0000] {processor.py:925} INFO - DAG(s) 'tutorial_dag' retrieved from /home/airflow/.local/lib/python3.12/site-packages/airflow/example_dags/tutorial_dag.py
[2026-01-05T17:37:54.853+0000] {logging_mixin.py:190} INFO - [2026-01-05T17:37:54.853+0000] {dag.py:3211} INFO - Sync 1 DAGs
[2026-01-05T17:37:54.866+0000] {logging_mixin.py:190} INFO - [2026-01-05T17:37:54.866+0000] {dag.py:4138} INFO - Setting next_dagrun for tutorial_dag to None, run_after=None
[2026-01-05T17:37:54.885+0000] {processor.py:208} INFO - Processing /home/airflow/.local/lib/python3.12/site-packages/airflow/example_dags/tutorial_dag.py took 0.074 seconds
[2026-01-05T17:38:25.289+0000] {processor.py:186} INFO - Started process (PID=2804) to work on /home/airflow/.local/lib/python3.12/site-packages/airflow/example_dags/tutorial_dag.py
[2026-01-05T17:38:25.290+0000] {processor.py:914} INFO - Processing file /home/airflow/.local/lib/python3.12/site-packages/airflow/example_dags/tutorial_dag.py for tasks to queue
[2026-01-05T17:38:25.294+0000] {logging_mixin.py:190} INFO - [2026-01-05T17:38:25.294+0000] {dagbag.py:587} INFO - Filling up the DagBag from /home/airflow/.local/lib/python3.12/site-packages/airflow/example_dags/tutorial_dag.py
[2026-01-05T17:38:25.300+0000] {processor.py:925} INFO - DAG(s) 'tutorial_dag' retrieved from /home/airflow/.local/lib/python3.12/site-packages/airflow/example_dags/tutorial_dag.py
[2026-01-05T17:38:25.321+0000] {logging_mixin.py:190} INFO - [2026-01-05T17:38:25.321+0000] {dag.py:3211} INFO - Sync 1 DAGs
[2026-01-05T17:38:25.337+0000] {logging_mixin.py:190} INFO - [2026-01-05T17:38:25.336+0000] {dag.py:4138} INFO - Setting next_dagrun for tutorial_dag to None, run_after=None
[2026-01-05T17:38:25.360+0000] {processor.py:208} INFO - Processing /home/airflow/.local/lib/python3.12/site-packages/airflow/example_dags/tutorial_dag.py took 0.078 seconds
[2026-01-05T17:38:56.375+0000] {processor.py:186} INFO - Started process (PID=2870) to work on /home/airflow/.local/lib/python3.12/site-packages/airflow/example_dags/tutorial_dag.py
[2026-01-05T17:38:56.377+0000] {processor.py:914} INFO - Processing file /home/airflow/.local/lib/python3.12/site-packages/airflow/example_dags/tutorial_dag.py for tasks to queue
[2026-01-05T17:38:56.380+0000] {logging_mixin.py:190} INFO - [2026-01-05T17:38:56.380+0000] {dagbag.py:587} INFO - Filling up the DagBag from /home/airflow/.local/lib/python3.12/site-packages/airflow/example_dags/tutorial_dag.py
[2026-01-05T17:38:56.389+0000] {processor.py:925} INFO - DAG(s) 'tutorial_dag' retrieved from /home/airflow/.local/lib/python3.12/site-packages/airflow/example_dags/tutorial_dag.py
[2026-01-05T17:38:56.413+0000] {logging_mixin.py:190} INFO - [2026-01-05T17:38:56.413+0000] {dag.py:3211} INFO - Sync 1 DAGs
[2026-01-05T17:38:56.433+0000] {logging_mixin.py:190} INFO - [2026-01-05T17:38:56.432+0000] {dag.py:4138} INFO - Setting next_dagrun for tutorial_dag to None, run_after=None
[2026-01-05T17:38:56.463+0000] {processor.py:208} INFO - Processing /home/airflow/.local/lib/python3.12/site-packages/airflow/example_dags/tutorial_dag.py took 0.097 seconds
[2026-01-05T17:39:26.911+0000] {processor.py:186} INFO - Started process (PID=2936) to work on /home/airflow/.local/lib/python3.12/site-packages/airflow/example_dags/tutorial_dag.py
[2026-01-05T17:39:26.913+0000] {processor.py:914} INFO - Processing file /home/airflow/.local/lib/python3.12/site-packages/airflow/example_dags/tutorial_dag.py for tasks to queue
[2026-01-05T17:39:26.918+0000] {logging_mixin.py:190} INFO - [2026-01-05T17:39:26.918+0000] {dagbag.py:587} INFO - Filling up the DagBag from /home/airflow/.local/lib/python3.12/site-packages/airflow/example_dags/tutorial_dag.py
[2026-01-05T17:39:26.928+0000] {processor.py:925} INFO - DAG(s) 'tutorial_dag' retrieved from /home/airflow/.local/lib/python3.12/site-packages/airflow/example_dags/tutorial_dag.py
[2026-01-05T17:39:26.964+0000] {logging_mixin.py:190} INFO - [2026-01-05T17:39:26.964+0000] {dag.py:3211} INFO - Sync 1 DAGs
[2026-01-05T17:39:26.994+0000] {logging_mixin.py:190} INFO - [2026-01-05T17:39:26.994+0000] {dag.py:4138} INFO - Setting next_dagrun for tutorial_dag to None, run_after=None
[2026-01-05T17:39:27.020+0000] {processor.py:208} INFO - Processing /home/airflow/.local/lib/python3.12/site-packages/airflow/example_dags/tutorial_dag.py took 0.120 seconds
[2026-01-05T17:39:57.513+0000] {processor.py:186} INFO - Started process (PID=3002) to work on /home/airflow/.local/lib/python3.12/site-packages/airflow/example_dags/tutorial_dag.py
[2026-01-05T17:39:57.515+0000] {processor.py:914} INFO - Processing file /home/airflow/.local/lib/python3.12/site-packages/airflow/example_dags/tutorial_dag.py for tasks to queue
[2026-01-05T17:39:57.519+0000] {logging_mixin.py:190} INFO - [2026-01-05T17:39:57.519+0000] {dagbag.py:587} INFO - Filling up the DagBag from /home/airflow/.local/lib/python3.12/site-packages/airflow/example_dags/tutorial_dag.py
[2026-01-05T17:39:57.533+0000] {processor.py:925} INFO - DAG(s) 'tutorial_dag' retrieved from /home/airflow/.local/lib/python3.12/site-packages/airflow/example_dags/tutorial_dag.py
[2026-01-05T17:39:57.581+0000] {logging_mixin.py:190} INFO - [2026-01-05T17:39:57.580+0000] {dag.py:3211} INFO - Sync 1 DAGs
[2026-01-05T17:39:57.617+0000] {logging_mixin.py:190} INFO - [2026-01-05T17:39:57.617+0000] {dag.py:4138} INFO - Setting next_dagrun for tutorial_dag to None, run_after=None
[2026-01-05T17:39:57.657+0000] {processor.py:208} INFO - Processing /home/airflow/.local/lib/python3.12/site-packages/airflow/example_dags/tutorial_dag.py took 0.158 seconds
[2026-01-05T17:40:27.952+0000] {processor.py:186} INFO - Started process (PID=3068) to work on /home/airflow/.local/lib/python3.12/site-packages/airflow/example_dags/tutorial_dag.py
[2026-01-05T17:40:27.953+0000] {processor.py:914} INFO - Processing file /home/airflow/.local/lib/python3.12/site-packages/airflow/example_dags/tutorial_dag.py for tasks to queue
[2026-01-05T17:40:27.956+0000] {logging_mixin.py:190} INFO - [2026-01-05T17:40:27.956+0000] {dagbag.py:587} INFO - Filling up the DagBag from /home/airflow/.local/lib/python3.12/site-packages/airflow/example_dags/tutorial_dag.py
[2026-01-05T17:40:27.964+0000] {processor.py:925} INFO - DAG(s) 'tutorial_dag' retrieved from /home/airflow/.local/lib/python3.12/site-packages/airflow/example_dags/tutorial_dag.py
[2026-01-05T17:40:27.993+0000] {logging_mixin.py:190} INFO - [2026-01-05T17:40:27.993+0000] {dag.py:3211} INFO - Sync 1 DAGs
[2026-01-05T17:40:28.013+0000] {logging_mixin.py:190} INFO - [2026-01-05T17:40:28.013+0000] {dag.py:4138} INFO - Setting next_dagrun for tutorial_dag to None, run_after=None
[2026-01-05T17:40:28.049+0000] {processor.py:208} INFO - Processing /home/airflow/.local/lib/python3.12/site-packages/airflow/example_dags/tutorial_dag.py took 0.103 seconds
[2026-01-05T17:40:58.185+0000] {processor.py:186} INFO - Started process (PID=3133) to work on /home/airflow/.local/lib/python3.12/site-packages/airflow/example_dags/tutorial_dag.py
[2026-01-05T17:40:58.187+0000] {processor.py:914} INFO - Processing file /home/airflow/.local/lib/python3.12/site-packages/airflow/example_dags/tutorial_dag.py for tasks to queue
[2026-01-05T17:40:58.190+0000] {logging_mixin.py:190} INFO - [2026-01-05T17:40:58.190+0000] {dagbag.py:587} INFO - Filling up the DagBag from /home/airflow/.local/lib/python3.12/site-packages/airflow/example_dags/tutorial_dag.py
[2026-01-05T17:40:58.196+0000] {processor.py:925} INFO - DAG(s) 'tutorial_dag' retrieved from /home/airflow/.local/lib/python3.12/site-packages/airflow/example_dags/tutorial_dag.py
[2026-01-05T17:40:58.221+0000] {logging_mixin.py:190} INFO - [2026-01-05T17:40:58.221+0000] {dag.py:3211} INFO - Sync 1 DAGs
[2026-01-05T17:40:58.236+0000] {logging_mixin.py:190} INFO - [2026-01-05T17:40:58.236+0000] {dag.py:4138} INFO - Setting next_dagrun for tutorial_dag to None, run_after=None
[2026-01-05T17:40:58.260+0000] {processor.py:208} INFO - Processing /home/airflow/.local/lib/python3.12/site-packages/airflow/example_dags/tutorial_dag.py took 0.080 seconds
[2026-01-05T17:41:28.470+0000] {processor.py:186} INFO - Started process (PID=3199) to work on /home/airflow/.local/lib/python3.12/site-packages/airflow/example_dags/tutorial_dag.py
[2026-01-05T17:41:28.471+0000] {processor.py:914} INFO - Processing file /home/airflow/.local/lib/python3.12/site-packages/airflow/example_dags/tutorial_dag.py for tasks to queue
[2026-01-05T17:41:28.476+0000] {logging_mixin.py:190} INFO - [2026-01-05T17:41:28.476+0000] {dagbag.py:587} INFO - Filling up the DagBag from /home/airflow/.local/lib/python3.12/site-packages/airflow/example_dags/tutorial_dag.py
[2026-01-05T17:41:28.483+0000] {processor.py:925} INFO - DAG(s) 'tutorial_dag' retrieved from /home/airflow/.local/lib/python3.12/site-packages/airflow/example_dags/tutorial_dag.py
[2026-01-05T17:41:28.509+0000] {logging_mixin.py:190} INFO - [2026-01-05T17:41:28.508+0000] {dag.py:3211} INFO - Sync 1 DAGs
[2026-01-05T17:41:28.526+0000] {logging_mixin.py:190} INFO - [2026-01-05T17:41:28.526+0000] {dag.py:4138} INFO - Setting next_dagrun for tutorial_dag to None, run_after=None
[2026-01-05T17:41:28.553+0000] {processor.py:208} INFO - Processing /home/airflow/.local/lib/python3.12/site-packages/airflow/example_dags/tutorial_dag.py took 0.089 seconds
[2026-01-05T17:41:58.706+0000] {processor.py:186} INFO - Started process (PID=3265) to work on /home/airflow/.local/lib/python3.12/site-packages/airflow/example_dags/tutorial_dag.py
[2026-01-05T17:41:58.710+0000] {processor.py:914} INFO - Processing file /home/airflow/.local/lib/python3.12/site-packages/airflow/example_dags/tutorial_dag.py for tasks to queue
[2026-01-05T17:41:58.716+0000] {logging_mixin.py:190} INFO - [2026-01-05T17:41:58.715+0000] {dagbag.py:587} INFO - Filling up the DagBag from /home/airflow/.local/lib/python3.12/site-packages/airflow/example_dags/tutorial_dag.py
[2026-01-05T17:41:58.728+0000] {processor.py:925} INFO - DAG(s) 'tutorial_dag' retrieved from /home/airflow/.local/lib/python3.12/site-packages/airflow/example_dags/tutorial_dag.py
[2026-01-05T17:41:58.762+0000] {logging_mixin.py:190} INFO - [2026-01-05T17:41:58.762+0000] {dag.py:3211} INFO - Sync 1 DAGs
[2026-01-05T17:41:58.789+0000] {logging_mixin.py:190} INFO - [2026-01-05T17:41:58.788+0000] {dag.py:4138} INFO - Setting next_dagrun for tutorial_dag to None, run_after=None
[2026-01-05T17:41:58.823+0000] {processor.py:208} INFO - Processing /home/airflow/.local/lib/python3.12/site-packages/airflow/example_dags/tutorial_dag.py took 0.130 seconds
[2026-01-05T17:42:29.001+0000] {processor.py:186} INFO - Started process (PID=3330) to work on /home/airflow/.local/lib/python3.12/site-packages/airflow/example_dags/tutorial_dag.py
[2026-01-05T17:42:29.004+0000] {processor.py:914} INFO - Processing file /home/airflow/.local/lib/python3.12/site-packages/airflow/example_dags/tutorial_dag.py for tasks to queue
[2026-01-05T17:42:29.009+0000] {logging_mixin.py:190} INFO - [2026-01-05T17:42:29.009+0000] {dagbag.py:587} INFO - Filling up the DagBag from /home/airflow/.local/lib/python3.12/site-packages/airflow/example_dags/tutorial_dag.py
[2026-01-05T17:42:29.017+0000] {processor.py:925} INFO - DAG(s) 'tutorial_dag' retrieved from /home/airflow/.local/lib/python3.12/site-packages/airflow/example_dags/tutorial_dag.py
[2026-01-05T17:42:29.042+0000] {logging_mixin.py:190} INFO - [2026-01-05T17:42:29.042+0000] {dag.py:3211} INFO - Sync 1 DAGs
[2026-01-05T17:42:29.062+0000] {logging_mixin.py:190} INFO - [2026-01-05T17:42:29.062+0000] {dag.py:4138} INFO - Setting next_dagrun for tutorial_dag to None, run_after=None
[2026-01-05T17:42:29.092+0000] {processor.py:208} INFO - Processing /home/airflow/.local/lib/python3.12/site-packages/airflow/example_dags/tutorial_dag.py took 0.100 seconds
[2026-01-05T17:42:59.343+0000] {processor.py:186} INFO - Started process (PID=3396) to work on /home/airflow/.local/lib/python3.12/site-packages/airflow/example_dags/tutorial_dag.py
[2026-01-05T17:42:59.345+0000] {processor.py:914} INFO - Processing file /home/airflow/.local/lib/python3.12/site-packages/airflow/example_dags/tutorial_dag.py for tasks to queue
[2026-01-05T17:42:59.348+0000] {logging_mixin.py:190} INFO - [2026-01-05T17:42:59.348+0000] {dagbag.py:587} INFO - Filling up the DagBag from /home/airflow/.local/lib/python3.12/site-packages/airflow/example_dags/tutorial_dag.py
[2026-01-05T17:42:59.356+0000] {processor.py:925} INFO - DAG(s) 'tutorial_dag' retrieved from /home/airflow/.local/lib/python3.12/site-packages/airflow/example_dags/tutorial_dag.py
[2026-01-05T17:42:59.381+0000] {logging_mixin.py:190} INFO - [2026-01-05T17:42:59.380+0000] {dag.py:3211} INFO - Sync 1 DAGs
[2026-01-05T17:42:59.396+0000] {logging_mixin.py:190} INFO - [2026-01-05T17:42:59.396+0000] {dag.py:4138} INFO - Setting next_dagrun for tutorial_dag to None, run_after=None
[2026-01-05T17:42:59.417+0000] {processor.py:208} INFO - Processing /home/airflow/.local/lib/python3.12/site-packages/airflow/example_dags/tutorial_dag.py took 0.081 seconds
[2026-01-05T17:43:29.858+0000] {processor.py:186} INFO - Started process (PID=3462) to work on /home/airflow/.local/lib/python3.12/site-packages/airflow/example_dags/tutorial_dag.py
[2026-01-05T17:43:29.861+0000] {processor.py:914} INFO - Processing file /home/airflow/.local/lib/python3.12/site-packages/airflow/example_dags/tutorial_dag.py for tasks to queue
[2026-01-05T17:43:29.865+0000] {logging_mixin.py:190} INFO - [2026-01-05T17:43:29.865+0000] {dagbag.py:587} INFO - Filling up the DagBag from /home/airflow/.local/lib/python3.12/site-packages/airflow/example_dags/tutorial_dag.py
[2026-01-05T17:43:29.874+0000] {processor.py:925} INFO - DAG(s) 'tutorial_dag' retrieved from /home/airflow/.local/lib/python3.12/site-packages/airflow/example_dags/tutorial_dag.py
[2026-01-05T17:43:29.917+0000] {logging_mixin.py:190} INFO - [2026-01-05T17:43:29.917+0000] {dag.py:3211} INFO - Sync 1 DAGs
[2026-01-05T17:43:29.946+0000] {logging_mixin.py:190} INFO - [2026-01-05T17:43:29.946+0000] {dag.py:4138} INFO - Setting next_dagrun for tutorial_dag to None, run_after=None
[2026-01-05T17:43:29.989+0000] {processor.py:208} INFO - Processing /home/airflow/.local/lib/python3.12/site-packages/airflow/example_dags/tutorial_dag.py took 0.140 seconds
[2026-01-05T17:44:00.189+0000] {processor.py:186} INFO - Started process (PID=3528) to work on /home/airflow/.local/lib/python3.12/site-packages/airflow/example_dags/tutorial_dag.py
[2026-01-05T17:44:00.191+0000] {processor.py:914} INFO - Processing file /home/airflow/.local/lib/python3.12/site-packages/airflow/example_dags/tutorial_dag.py for tasks to queue
[2026-01-05T17:44:00.194+0000] {logging_mixin.py:190} INFO - [2026-01-05T17:44:00.194+0000] {dagbag.py:587} INFO - Filling up the DagBag from /home/airflow/.local/lib/python3.12/site-packages/airflow/example_dags/tutorial_dag.py
[2026-01-05T17:44:00.203+0000] {processor.py:925} INFO - DAG(s) 'tutorial_dag' retrieved from /home/airflow/.local/lib/python3.12/site-packages/airflow/example_dags/tutorial_dag.py
[2026-01-05T17:44:00.227+0000] {logging_mixin.py:190} INFO - [2026-01-05T17:44:00.226+0000] {dag.py:3211} INFO - Sync 1 DAGs
[2026-01-05T17:44:00.245+0000] {logging_mixin.py:190} INFO - [2026-01-05T17:44:00.244+0000] {dag.py:4138} INFO - Setting next_dagrun for tutorial_dag to None, run_after=None
[2026-01-05T17:44:00.269+0000] {processor.py:208} INFO - Processing /home/airflow/.local/lib/python3.12/site-packages/airflow/example_dags/tutorial_dag.py took 0.089 seconds
[2026-01-05T17:44:30.538+0000] {processor.py:186} INFO - Started process (PID=3594) to work on /home/airflow/.local/lib/python3.12/site-packages/airflow/example_dags/tutorial_dag.py
[2026-01-05T17:44:30.540+0000] {processor.py:914} INFO - Processing file /home/airflow/.local/lib/python3.12/site-packages/airflow/example_dags/tutorial_dag.py for tasks to queue
[2026-01-05T17:44:30.546+0000] {logging_mixin.py:190} INFO - [2026-01-05T17:44:30.545+0000] {dagbag.py:587} INFO - Filling up the DagBag from /home/airflow/.local/lib/python3.12/site-packages/airflow/example_dags/tutorial_dag.py
[2026-01-05T17:44:30.554+0000] {processor.py:925} INFO - DAG(s) 'tutorial_dag' retrieved from /home/airflow/.local/lib/python3.12/site-packages/airflow/example_dags/tutorial_dag.py
[2026-01-05T17:44:30.582+0000] {logging_mixin.py:190} INFO - [2026-01-05T17:44:30.582+0000] {dag.py:3211} INFO - Sync 1 DAGs
[2026-01-05T17:44:30.601+0000] {logging_mixin.py:190} INFO - [2026-01-05T17:44:30.600+0000] {dag.py:4138} INFO - Setting next_dagrun for tutorial_dag to None, run_after=None
[2026-01-05T17:44:30.628+0000] {processor.py:208} INFO - Processing /home/airflow/.local/lib/python3.12/site-packages/airflow/example_dags/tutorial_dag.py took 0.100 seconds
[2026-01-05T17:45:01.221+0000] {processor.py:186} INFO - Started process (PID=3661) to work on /home/airflow/.local/lib/python3.12/site-packages/airflow/example_dags/tutorial_dag.py
[2026-01-05T17:45:01.224+0000] {processor.py:914} INFO - Processing file /home/airflow/.local/lib/python3.12/site-packages/airflow/example_dags/tutorial_dag.py for tasks to queue
[2026-01-05T17:45:01.231+0000] {logging_mixin.py:190} INFO - [2026-01-05T17:45:01.230+0000] {dagbag.py:587} INFO - Filling up the DagBag from /home/airflow/.local/lib/python3.12/site-packages/airflow/example_dags/tutorial_dag.py
[2026-01-05T17:45:01.244+0000] {processor.py:925} INFO - DAG(s) 'tutorial_dag' retrieved from /home/airflow/.local/lib/python3.12/site-packages/airflow/example_dags/tutorial_dag.py
[2026-01-05T17:45:01.288+0000] {logging_mixin.py:190} INFO - [2026-01-05T17:45:01.288+0000] {dag.py:3211} INFO - Sync 1 DAGs
[2026-01-05T17:45:01.305+0000] {logging_mixin.py:190} INFO - [2026-01-05T17:45:01.305+0000] {dag.py:4138} INFO - Setting next_dagrun for tutorial_dag to None, run_after=None
[2026-01-05T17:45:01.330+0000] {processor.py:208} INFO - Processing /home/airflow/.local/lib/python3.12/site-packages/airflow/example_dags/tutorial_dag.py took 0.120 seconds
