[2026-01-04T05:12:26.726+0000] {local_task_job_runner.py:123} INFO - ::group::Pre task execution logs
[2026-01-04T05:12:26.744+0000] {taskinstance.py:2603} INFO - Dependencies all met for dep_context=non-requeueable deps ti=<TaskInstance: stock_analytics_incremental_etl_pipeline_v2.silver_cleaning manual__2026-01-04T05:12:14.708162+00:00 [queued]>
[2026-01-04T05:12:26.754+0000] {taskinstance.py:2603} INFO - Dependencies all met for dep_context=requeueable deps ti=<TaskInstance: stock_analytics_incremental_etl_pipeline_v2.silver_cleaning manual__2026-01-04T05:12:14.708162+00:00 [queued]>
[2026-01-04T05:12:26.758+0000] {taskinstance.py:2856} INFO - Starting attempt 1 of 3
[2026-01-04T05:12:26.773+0000] {taskinstance.py:2879} INFO - Executing <Task(BashOperator): silver_cleaning> on 2026-01-04 05:12:14.708162+00:00
[2026-01-04T05:12:26.780+0000] {warnings.py:112} WARNING - /home/***/.local/lib/python3.12/site-packages/***/task/task_runner/standard_task_runner.py:70: DeprecationWarning: This process (pid=156) is multi-threaded, use of fork() may lead to deadlocks in the child.
  pid = os.fork()

[2026-01-04T05:12:26.782+0000] {standard_task_runner.py:72} INFO - Started process 158 to run task
[2026-01-04T05:12:26.783+0000] {standard_task_runner.py:104} INFO - Running: ['***', 'tasks', 'run', 'stock_analytics_incremental_etl_pipeline_v2', 'silver_cleaning', 'manual__2026-01-04T05:12:14.708162+00:00', '--job-id', '333', '--raw', '--subdir', 'DAGS_FOLDER/stock_analytics_etl_dag.py', '--cfg-path', '/tmp/tmpx1m9um6v']
[2026-01-04T05:12:26.784+0000] {standard_task_runner.py:105} INFO - Job 333: Subtask silver_cleaning
[2026-01-04T05:12:26.869+0000] {task_command.py:467} INFO - Running <TaskInstance: stock_analytics_incremental_etl_pipeline_v2.silver_cleaning manual__2026-01-04T05:12:14.708162+00:00 [running]> on host 8aefbc10c328
[2026-01-04T05:12:26.969+0000] {taskinstance.py:3122} INFO - Exporting env vars: AIRFLOW_CTX_DAG_OWNER='***' AIRFLOW_CTX_DAG_ID='stock_analytics_incremental_etl_pipeline_v2' AIRFLOW_CTX_TASK_ID='silver_cleaning' AIRFLOW_CTX_EXECUTION_DATE='2026-01-04T05:12:14.708162+00:00' AIRFLOW_CTX_TRY_NUMBER='1' AIRFLOW_CTX_DAG_RUN_ID='manual__2026-01-04T05:12:14.708162+00:00'
[2026-01-04T05:12:26.971+0000] {logging_mixin.py:190} INFO - Task instance is in running state
[2026-01-04T05:12:26.972+0000] {logging_mixin.py:190} INFO -  Previous state of the Task instance: queued
[2026-01-04T05:12:26.973+0000] {logging_mixin.py:190} INFO - Current task name:silver_cleaning state:running start_date:2026-01-04 05:12:26.745236+00:00
[2026-01-04T05:12:26.973+0000] {logging_mixin.py:190} INFO - Dag name:stock_analytics_incremental_etl_pipeline_v2 and current dag run status:running
[2026-01-04T05:12:26.974+0000] {taskinstance.py:731} INFO - ::endgroup::
[2026-01-04T05:12:26.975+0000] {subprocess.py:63} INFO - Tmp dir root location: /tmp
[2026-01-04T05:12:26.976+0000] {subprocess.py:75} INFO - Running command: ['/usr/bin/bash', '-c', 'python /opt/***/project/scripts/clean_transform.py']
[2026-01-04T05:12:26.990+0000] {subprocess.py:86} INFO - Output:
[2026-01-04T05:12:28.875+0000] {subprocess.py:97} INFO - Command exited with return code 0
[2026-01-04T05:12:28.918+0000] {taskinstance.py:340} INFO - ::group::Post task execution logs
[2026-01-04T05:12:28.920+0000] {taskinstance.py:352} INFO - Marking task as SUCCESS. dag_id=stock_analytics_incremental_etl_pipeline_v2, task_id=silver_cleaning, run_id=manual__2026-01-04T05:12:14.708162+00:00, execution_date=20260104T051214, start_date=20260104T051226, end_date=20260104T051228
[2026-01-04T05:12:28.940+0000] {logging_mixin.py:190} INFO - Task instance in success state
[2026-01-04T05:12:28.941+0000] {logging_mixin.py:190} INFO -  Previous state of the Task instance: running
[2026-01-04T05:12:28.942+0000] {logging_mixin.py:190} INFO - Dag name:stock_analytics_incremental_etl_pipeline_v2 queued_at:2026-01-04 05:12:14.727492+00:00
[2026-01-04T05:12:28.943+0000] {logging_mixin.py:190} INFO - Task hostname:8aefbc10c328 operator:BashOperator
[2026-01-04T05:12:28.969+0000] {local_task_job_runner.py:261} INFO - Task exited with return code 0
[2026-01-04T05:12:29.003+0000] {taskinstance.py:3891} INFO - 1 downstream tasks scheduled from follow-on schedule check
[2026-01-04T05:12:29.012+0000] {local_task_job_runner.py:240} INFO - ::endgroup::
