[2026-01-06T08:25:44.629+0000] {local_task_job_runner.py:123} INFO - ::group::Pre task execution logs
[2026-01-06T08:25:44.693+0000] {taskinstance.py:2603} INFO - Dependencies all met for dep_context=non-requeueable deps ti=<TaskInstance: stock_analytics_incremental_etl_pipeline_v2.gold_layer_analytics scheduled__2026-01-05T00:00:00+00:00 [queued]>
[2026-01-06T08:25:44.733+0000] {taskinstance.py:2603} INFO - Dependencies all met for dep_context=requeueable deps ti=<TaskInstance: stock_analytics_incremental_etl_pipeline_v2.gold_layer_analytics scheduled__2026-01-05T00:00:00+00:00 [queued]>
[2026-01-06T08:25:44.737+0000] {taskinstance.py:2856} INFO - Starting attempt 2 of 3
[2026-01-06T08:25:44.788+0000] {taskinstance.py:2879} INFO - Executing <Task(DatabricksRunNowOperator): gold_layer_analytics> on 2026-01-05 00:00:00+00:00
[2026-01-06T08:25:44.821+0000] {warnings.py:112} WARNING - /home/***/.local/lib/python3.12/site-packages/***/task/task_runner/standard_task_runner.py:70: DeprecationWarning: This process (pid=199) is multi-threaded, use of fork() may lead to deadlocks in the child.
  pid = os.fork()

[2026-01-06T08:25:44.835+0000] {standard_task_runner.py:72} INFO - Started process 201 to run task
[2026-01-06T08:25:44.828+0000] {standard_task_runner.py:104} INFO - Running: ['***', 'tasks', 'run', 'stock_analytics_incremental_etl_pipeline_v2', 'gold_layer_analytics', 'scheduled__2026-01-05T00:00:00+00:00', '--job-id', '58', '--raw', '--subdir', 'DAGS_FOLDER/stock_analytics_etl_dag.py', '--cfg-path', '/tmp/tmpvc8dsbb1']
[2026-01-06T08:25:44.843+0000] {standard_task_runner.py:105} INFO - Job 58: Subtask gold_layer_analytics
[2026-01-06T08:25:45.175+0000] {task_command.py:467} INFO - Running <TaskInstance: stock_analytics_incremental_etl_pipeline_v2.gold_layer_analytics scheduled__2026-01-05T00:00:00+00:00 [running]> on host c895101612a9
[2026-01-06T08:25:45.332+0000] {taskinstance.py:3122} INFO - Exporting env vars: AIRFLOW_CTX_DAG_EMAIL='pranathi2314@gmail.com' AIRFLOW_CTX_DAG_OWNER='***' AIRFLOW_CTX_DAG_ID='stock_analytics_incremental_etl_pipeline_v2' AIRFLOW_CTX_TASK_ID='gold_layer_analytics' AIRFLOW_CTX_EXECUTION_DATE='2026-01-05T00:00:00+00:00' AIRFLOW_CTX_TRY_NUMBER='2' AIRFLOW_CTX_DAG_RUN_ID='scheduled__2026-01-05T00:00:00+00:00'
[2026-01-06T08:25:45.335+0000] {taskinstance.py:3192} ERROR - Failed when executing execute callback
Traceback (most recent call last):
  File "/home/airflow/.local/lib/python3.12/site-packages/airflow/models/taskinstance.py", line 3190, in _run_execute_callback
    callback(context)
  File "/opt/airflow/dags/stock_analytics_etl_dag.py", line 53, in gold_on_execute
    f"Databricks job_id={context['task'].job_id} | "
                         ^^^^^^^^^^^^^^^^^^^^^^
AttributeError: 'DatabricksRunNowOperator' object has no attribute 'job_id'
[2026-01-06T08:25:45.347+0000] {logging_mixin.py:190} INFO - Task instance is in running state
[2026-01-06T08:25:45.348+0000] {logging_mixin.py:190} INFO -  Previous state of the Task instance: queued
[2026-01-06T08:25:45.349+0000] {logging_mixin.py:190} INFO - Current task name:gold_layer_analytics state:running start_date:2026-01-06 08:25:44.696420+00:00
[2026-01-06T08:25:45.350+0000] {logging_mixin.py:190} INFO - Dag name:stock_analytics_incremental_etl_pipeline_v2 and current dag run status:running
[2026-01-06T08:25:45.351+0000] {taskinstance.py:731} INFO - ::endgroup::
[2026-01-06T08:25:45.371+0000] {base.py:84} INFO - Retrieving connection 'databricks_default'
[2026-01-06T08:25:45.376+0000] {databricks_base.py:461} INFO - Using token auth. For security reasons, please set token in Password field instead of extra
[2026-01-06T08:25:45.943+0000] {databricks.py:66} INFO - Run submitted with run_id: 950736158089936
[2026-01-06T08:25:45.944+0000] {databricks_base.py:461} INFO - Using token auth. For security reasons, please set token in Password field instead of extra
[2026-01-06T08:25:46.123+0000] {databricks_base.py:461} INFO - Using token auth. For security reasons, please set token in Password field instead of extra
[2026-01-06T08:25:46.279+0000] {databricks.py:118} INFO - gold_layer_analytics in run state: {'life_cycle_state': 'QUEUED', 'result_state': '', 'state_message': ''}
[2026-01-06T08:25:46.281+0000] {databricks.py:119} INFO - View run status, Spark UI, and logs at https://adb-7405617267455896.16.azuredatabricks.net/?o=7405617267455896#job/68731414949078/run/950736158089936
[2026-01-06T08:25:46.281+0000] {databricks.py:120} INFO - Sleeping for 30 seconds.
[2026-01-06T08:26:16.281+0000] {databricks_base.py:461} INFO - Using token auth. For security reasons, please set token in Password field instead of extra
[2026-01-06T08:26:16.525+0000] {databricks.py:118} INFO - gold_layer_analytics in run state: {'life_cycle_state': 'RUNNING', 'result_state': '', 'state_message': ''}
[2026-01-06T08:26:16.530+0000] {databricks.py:119} INFO - View run status, Spark UI, and logs at https://adb-7405617267455896.16.azuredatabricks.net/?o=7405617267455896#job/68731414949078/run/950736158089936
[2026-01-06T08:26:16.535+0000] {databricks.py:120} INFO - Sleeping for 30 seconds.
[2026-01-06T08:26:46.536+0000] {databricks_base.py:461} INFO - Using token auth. For security reasons, please set token in Password field instead of extra
[2026-01-06T08:26:46.721+0000] {databricks.py:118} INFO - gold_layer_analytics in run state: {'life_cycle_state': 'RUNNING', 'result_state': '', 'state_message': ''}
[2026-01-06T08:26:46.722+0000] {databricks.py:119} INFO - View run status, Spark UI, and logs at https://adb-7405617267455896.16.azuredatabricks.net/?o=7405617267455896#job/68731414949078/run/950736158089936
[2026-01-06T08:26:46.723+0000] {databricks.py:120} INFO - Sleeping for 30 seconds.
[2026-01-06T08:27:16.722+0000] {databricks_base.py:461} INFO - Using token auth. For security reasons, please set token in Password field instead of extra
[2026-01-06T08:27:17.053+0000] {databricks.py:77} INFO - gold_layer_analytics completed successfully.
[2026-01-06T08:27:17.060+0000] {databricks.py:78} INFO - View run status, Spark UI, and logs at https://adb-7405617267455896.16.azuredatabricks.net/?o=7405617267455896#job/68731414949078/run/950736158089936
[2026-01-06T08:27:17.169+0000] {taskinstance.py:340} INFO - ::group::Post task execution logs
[2026-01-06T08:27:17.178+0000] {taskinstance.py:352} INFO - Marking task as SUCCESS. dag_id=stock_analytics_incremental_etl_pipeline_v2, task_id=gold_layer_analytics, run_id=scheduled__2026-01-05T00:00:00+00:00, execution_date=20260105T000000, start_date=20260106T082544, end_date=20260106T082717
[2026-01-06T08:27:17.183+0000] {taskinstance.py:1554} INFO - Executing gold_on_success callback
[2026-01-06T08:27:17.186+0000] {taskinstance.py:1558} ERROR - Error when executing gold_on_success callback
Traceback (most recent call last):
  File "/home/airflow/.local/lib/python3.12/site-packages/airflow/models/taskinstance.py", line 1556, in _run_finished_callback
    callback(context)
  File "/opt/airflow/dags/stock_analytics_etl_dag.py", line 60, in gold_on_success
    f"Databricks job_id={context['task'].job_id} | "
                         ^^^^^^^^^^^^^^^^^^^^^^
AttributeError: 'DatabricksRunNowOperator' object has no attribute 'job_id'
[2026-01-06T08:27:17.346+0000] {logging_mixin.py:190} INFO - Task instance in success state
[2026-01-06T08:27:17.363+0000] {logging_mixin.py:190} INFO -  Previous state of the Task instance: running
[2026-01-06T08:27:17.373+0000] {logging_mixin.py:190} INFO - Dag name:stock_analytics_incremental_etl_pipeline_v2 queued_at:2026-01-06 08:15:13.163614+00:00
[2026-01-06T08:27:17.375+0000] {logging_mixin.py:190} INFO - Task hostname:c895101612a9 operator:DatabricksRunNowOperator
[2026-01-06T08:27:17.533+0000] {local_task_job_runner.py:261} INFO - Task exited with return code 0
[2026-01-06T08:27:17.663+0000] {taskinstance.py:3891} INFO - 0 downstream tasks scheduled from follow-on schedule check
[2026-01-06T08:27:17.720+0000] {local_task_job_runner.py:240} INFO - ::endgroup::
