[2026-01-06T06:26:59.359+0000] {local_task_job_runner.py:123} INFO - ::group::Pre task execution logs
[2026-01-06T06:26:59.443+0000] {taskinstance.py:2603} INFO - Dependencies all met for dep_context=non-requeueable deps ti=<TaskInstance: stock_analytics_incremental_etl_pipeline_v2.gold_layer_analytics scheduled__2026-01-05T00:00:00+00:00 [queued]>
[2026-01-06T06:26:59.490+0000] {taskinstance.py:2603} INFO - Dependencies all met for dep_context=requeueable deps ti=<TaskInstance: stock_analytics_incremental_etl_pipeline_v2.gold_layer_analytics scheduled__2026-01-05T00:00:00+00:00 [queued]>
[2026-01-06T06:26:59.496+0000] {taskinstance.py:2856} INFO - Starting attempt 1 of 3
[2026-01-06T06:26:59.559+0000] {taskinstance.py:2879} INFO - Executing <Task(DatabricksRunNowOperator): gold_layer_analytics> on 2026-01-05 00:00:00+00:00
[2026-01-06T06:26:59.582+0000] {warnings.py:112} WARNING - /home/***/.local/lib/python3.12/site-packages/***/task/task_runner/standard_task_runner.py:70: DeprecationWarning: This process (pid=144) is multi-threaded, use of fork() may lead to deadlocks in the child.
  pid = os.fork()

[2026-01-06T06:26:59.586+0000] {standard_task_runner.py:72} INFO - Started process 146 to run task
[2026-01-06T06:26:59.590+0000] {standard_task_runner.py:104} INFO - Running: ['***', 'tasks', 'run', 'stock_analytics_incremental_etl_pipeline_v2', 'gold_layer_analytics', 'scheduled__2026-01-05T00:00:00+00:00', '--job-id', '32', '--raw', '--subdir', 'DAGS_FOLDER/stock_analytics_etl_dag.py', '--cfg-path', '/tmp/tmp0ozvoup9']
[2026-01-06T06:26:59.593+0000] {standard_task_runner.py:105} INFO - Job 32: Subtask gold_layer_analytics
[2026-01-06T06:26:59.814+0000] {task_command.py:467} INFO - Running <TaskInstance: stock_analytics_incremental_etl_pipeline_v2.gold_layer_analytics scheduled__2026-01-05T00:00:00+00:00 [running]> on host 069e12759471
[2026-01-06T06:27:00.014+0000] {taskinstance.py:3122} INFO - Exporting env vars: AIRFLOW_CTX_DAG_EMAIL='pranathi2314@gmail.com' AIRFLOW_CTX_DAG_OWNER='***' AIRFLOW_CTX_DAG_ID='stock_analytics_incremental_etl_pipeline_v2' AIRFLOW_CTX_TASK_ID='gold_layer_analytics' AIRFLOW_CTX_EXECUTION_DATE='2026-01-05T00:00:00+00:00' AIRFLOW_CTX_TRY_NUMBER='1' AIRFLOW_CTX_DAG_RUN_ID='scheduled__2026-01-05T00:00:00+00:00'
[2026-01-06T06:27:00.065+0000] {taskinstance.py:3192} ERROR - Failed when executing execute callback
Traceback (most recent call last):
  File "/home/airflow/.local/lib/python3.12/site-packages/airflow/models/taskinstance.py", line 3190, in _run_execute_callback
    callback(context)
  File "/opt/airflow/dags/stock_analytics_etl_dag.py", line 85, in gold_on_execute
    f"Databricks job_id={context['task'].job_id} | "
                         ^^^^^^^^^^^^^^^^^^^^^^
AttributeError: 'DatabricksRunNowOperator' object has no attribute 'job_id'
[2026-01-06T06:27:00.120+0000] {logging_mixin.py:190} INFO - Task instance is in running state
[2026-01-06T06:27:00.122+0000] {logging_mixin.py:190} INFO -  Previous state of the Task instance: queued
[2026-01-06T06:27:00.124+0000] {logging_mixin.py:190} INFO - Current task name:gold_layer_analytics state:running start_date:2026-01-06 06:26:59.454140+00:00
[2026-01-06T06:27:00.128+0000] {logging_mixin.py:190} INFO - Dag name:stock_analytics_incremental_etl_pipeline_v2 and current dag run status:running
[2026-01-06T06:27:00.134+0000] {taskinstance.py:731} INFO - ::endgroup::
[2026-01-06T06:27:00.176+0000] {base.py:84} INFO - Retrieving connection 'databricks_default'
[2026-01-06T06:27:00.189+0000] {databricks_base.py:461} INFO - Using token auth. For security reasons, please set token in Password field instead of extra
[2026-01-06T06:27:00.976+0000] {databricks.py:66} INFO - Run submitted with run_id: 513407223593974
[2026-01-06T06:27:00.980+0000] {databricks_base.py:461} INFO - Using token auth. For security reasons, please set token in Password field instead of extra
[2026-01-06T06:27:01.232+0000] {databricks_base.py:461} INFO - Using token auth. For security reasons, please set token in Password field instead of extra
[2026-01-06T06:27:01.441+0000] {databricks.py:118} INFO - gold_layer_analytics in run state: {'life_cycle_state': 'RUNNING', 'result_state': '', 'state_message': ''}
[2026-01-06T06:27:01.443+0000] {databricks.py:119} INFO - View run status, Spark UI, and logs at https://adb-7405617267455896.16.azuredatabricks.net/?o=7405617267455896#job/68731414949078/run/513407223593974
[2026-01-06T06:27:01.444+0000] {databricks.py:120} INFO - Sleeping for 30 seconds.
[2026-01-06T06:27:31.439+0000] {databricks_base.py:461} INFO - Using token auth. For security reasons, please set token in Password field instead of extra
[2026-01-06T06:27:31.654+0000] {databricks.py:118} INFO - gold_layer_analytics in run state: {'life_cycle_state': 'RUNNING', 'result_state': '', 'state_message': ''}
[2026-01-06T06:27:31.655+0000] {databricks.py:119} INFO - View run status, Spark UI, and logs at https://adb-7405617267455896.16.azuredatabricks.net/?o=7405617267455896#job/68731414949078/run/513407223593974
[2026-01-06T06:27:31.656+0000] {databricks.py:120} INFO - Sleeping for 30 seconds.
[2026-01-06T06:28:01.651+0000] {databricks_base.py:461} INFO - Using token auth. For security reasons, please set token in Password field instead of extra
[2026-01-06T06:28:01.895+0000] {databricks.py:77} INFO - gold_layer_analytics completed successfully.
[2026-01-06T06:28:01.898+0000] {databricks.py:78} INFO - View run status, Spark UI, and logs at https://adb-7405617267455896.16.azuredatabricks.net/?o=7405617267455896#job/68731414949078/run/513407223593974
[2026-01-06T06:28:01.932+0000] {taskinstance.py:340} INFO - ::group::Post task execution logs
[2026-01-06T06:28:01.933+0000] {taskinstance.py:352} INFO - Marking task as SUCCESS. dag_id=stock_analytics_incremental_etl_pipeline_v2, task_id=gold_layer_analytics, run_id=scheduled__2026-01-05T00:00:00+00:00, execution_date=20260105T000000, start_date=20260106T062659, end_date=20260106T062801
[2026-01-06T06:28:01.934+0000] {taskinstance.py:1554} INFO - Executing gold_on_success callback
[2026-01-06T06:28:01.940+0000] {taskinstance.py:1558} ERROR - Error when executing gold_on_success callback
Traceback (most recent call last):
  File "/home/airflow/.local/lib/python3.12/site-packages/airflow/models/taskinstance.py", line 1556, in _run_finished_callback
    callback(context)
  File "/opt/airflow/dags/stock_analytics_etl_dag.py", line 94, in gold_on_success
    f"Databricks job_id={context['task'].job_id} | "
                         ^^^^^^^^^^^^^^^^^^^^^^
AttributeError: 'DatabricksRunNowOperator' object has no attribute 'job_id'
[2026-01-06T06:28:01.982+0000] {logging_mixin.py:190} INFO - Task instance in success state
[2026-01-06T06:28:01.984+0000] {logging_mixin.py:190} INFO -  Previous state of the Task instance: running
[2026-01-06T06:28:01.987+0000] {logging_mixin.py:190} INFO - Dag name:stock_analytics_incremental_etl_pipeline_v2 queued_at:2026-01-06 06:26:02.280601+00:00
[2026-01-06T06:28:01.988+0000] {logging_mixin.py:190} INFO - Task hostname:069e12759471 operator:DatabricksRunNowOperator
[2026-01-06T06:28:02.026+0000] {local_task_job_runner.py:261} INFO - Task exited with return code 0
[2026-01-06T06:28:02.084+0000] {taskinstance.py:3891} INFO - 1 downstream tasks scheduled from follow-on schedule check
[2026-01-06T06:28:02.091+0000] {local_task_job_runner.py:240} INFO - ::endgroup::
[2026-01-06T08:15:33.587+0000] {local_task_job_runner.py:123} INFO - ::group::Pre task execution logs
[2026-01-06T08:15:33.633+0000] {taskinstance.py:2603} INFO - Dependencies all met for dep_context=non-requeueable deps ti=<TaskInstance: stock_analytics_incremental_etl_pipeline_v2.gold_layer_analytics scheduled__2026-01-05T00:00:00+00:00 [queued]>
[2026-01-06T08:15:33.660+0000] {taskinstance.py:2603} INFO - Dependencies all met for dep_context=requeueable deps ti=<TaskInstance: stock_analytics_incremental_etl_pipeline_v2.gold_layer_analytics scheduled__2026-01-05T00:00:00+00:00 [queued]>
[2026-01-06T08:15:33.662+0000] {taskinstance.py:2856} INFO - Starting attempt 1 of 3
[2026-01-06T08:15:33.706+0000] {taskinstance.py:2879} INFO - Executing <Task(DatabricksRunNowOperator): gold_layer_analytics> on 2026-01-05 00:00:00+00:00
[2026-01-06T08:15:33.728+0000] {warnings.py:112} WARNING - /home/***/.local/lib/python3.12/site-packages/***/task/task_runner/standard_task_runner.py:70: DeprecationWarning: This process (pid=405) is multi-threaded, use of fork() may lead to deadlocks in the child.
  pid = os.fork()

[2026-01-06T08:15:33.731+0000] {standard_task_runner.py:104} INFO - Running: ['***', 'tasks', 'run', 'stock_analytics_incremental_etl_pipeline_v2', 'gold_layer_analytics', 'scheduled__2026-01-05T00:00:00+00:00', '--job-id', '51', '--raw', '--subdir', 'DAGS_FOLDER/stock_analytics_etl_dag.py', '--cfg-path', '/tmp/tmpwn66d36m']
[2026-01-06T08:15:33.737+0000] {standard_task_runner.py:72} INFO - Started process 414 to run task
[2026-01-06T08:15:33.737+0000] {standard_task_runner.py:105} INFO - Job 51: Subtask gold_layer_analytics
[2026-01-06T08:15:33.918+0000] {task_command.py:467} INFO - Running <TaskInstance: stock_analytics_incremental_etl_pipeline_v2.gold_layer_analytics scheduled__2026-01-05T00:00:00+00:00 [running]> on host 744bd50fdfac
[2026-01-06T08:15:34.135+0000] {taskinstance.py:3122} INFO - Exporting env vars: AIRFLOW_CTX_DAG_EMAIL='pranathi2314@gmail.com' AIRFLOW_CTX_DAG_OWNER='***' AIRFLOW_CTX_DAG_ID='stock_analytics_incremental_etl_pipeline_v2' AIRFLOW_CTX_TASK_ID='gold_layer_analytics' AIRFLOW_CTX_EXECUTION_DATE='2026-01-05T00:00:00+00:00' AIRFLOW_CTX_TRY_NUMBER='1' AIRFLOW_CTX_DAG_RUN_ID='scheduled__2026-01-05T00:00:00+00:00'
[2026-01-06T08:15:34.139+0000] {taskinstance.py:3192} ERROR - Failed when executing execute callback
Traceback (most recent call last):
  File "/home/airflow/.local/lib/python3.12/site-packages/airflow/models/taskinstance.py", line 3190, in _run_execute_callback
    callback(context)
  File "/opt/airflow/dags/stock_analytics_etl_dag.py", line 58, in gold_on_execute
    f"Databricks job_id={context['task'].job_id} | "
                         ^^^^^^^^^^^^^^^^^^^^^^
AttributeError: 'DatabricksRunNowOperator' object has no attribute 'job_id'
[2026-01-06T08:15:34.153+0000] {logging_mixin.py:190} INFO - Task instance is in running state
[2026-01-06T08:15:34.155+0000] {logging_mixin.py:190} INFO -  Previous state of the Task instance: queued
[2026-01-06T08:15:34.156+0000] {logging_mixin.py:190} INFO - Current task name:gold_layer_analytics state:running start_date:2026-01-06 08:15:33.635509+00:00
[2026-01-06T08:15:34.156+0000] {logging_mixin.py:190} INFO - Dag name:stock_analytics_incremental_etl_pipeline_v2 and current dag run status:running
[2026-01-06T08:15:34.157+0000] {taskinstance.py:731} INFO - ::endgroup::
[2026-01-06T08:15:34.199+0000] {base.py:84} INFO - Retrieving connection 'databricks_default'
[2026-01-06T08:15:34.219+0000] {databricks_base.py:461} INFO - Using token auth. For security reasons, please set token in Password field instead of extra
[2026-01-06T08:15:35.069+0000] {databricks.py:66} INFO - Run submitted with run_id: 167375198432744
[2026-01-06T08:15:35.073+0000] {databricks_base.py:461} INFO - Using token auth. For security reasons, please set token in Password field instead of extra
[2026-01-06T08:15:35.384+0000] {databricks_base.py:461} INFO - Using token auth. For security reasons, please set token in Password field instead of extra
[2026-01-06T08:15:35.554+0000] {databricks.py:118} INFO - gold_layer_analytics in run state: {'life_cycle_state': 'RUNNING', 'result_state': '', 'state_message': ''}
[2026-01-06T08:15:35.555+0000] {databricks.py:119} INFO - View run status, Spark UI, and logs at https://adb-7405617267455896.16.azuredatabricks.net/?o=7405617267455896#job/68731414949078/run/167375198432744
[2026-01-06T08:15:35.556+0000] {databricks.py:120} INFO - Sleeping for 30 seconds.
[2026-01-06T09:29:55.657+0000] {local_task_job_runner.py:123} INFO - ::group::Pre task execution logs
[2026-01-06T09:29:55.741+0000] {taskinstance.py:2603} INFO - Dependencies all met for dep_context=non-requeueable deps ti=<TaskInstance: stock_analytics_incremental_etl_pipeline_v2.gold_layer_analytics scheduled__2026-01-05T00:00:00+00:00 [queued]>
[2026-01-06T09:29:55.765+0000] {taskinstance.py:2603} INFO - Dependencies all met for dep_context=requeueable deps ti=<TaskInstance: stock_analytics_incremental_etl_pipeline_v2.gold_layer_analytics scheduled__2026-01-05T00:00:00+00:00 [queued]>
[2026-01-06T09:29:55.780+0000] {taskinstance.py:2856} INFO - Starting attempt 1 of 3
[2026-01-06T09:29:55.905+0000] {taskinstance.py:2879} INFO - Executing <Task(DatabricksRunNowOperator): gold_layer_analytics> on 2026-01-05 00:00:00+00:00
[2026-01-06T09:29:55.959+0000] {warnings.py:112} WARNING - /home/***/.local/lib/python3.12/site-packages/***/task/task_runner/standard_task_runner.py:70: DeprecationWarning: This process (pid=235) is multi-threaded, use of fork() may lead to deadlocks in the child.
  pid = os.fork()

[2026-01-06T09:29:55.975+0000] {standard_task_runner.py:72} INFO - Started process 237 to run task
[2026-01-06T09:29:55.973+0000] {standard_task_runner.py:104} INFO - Running: ['***', 'tasks', 'run', 'stock_analytics_incremental_etl_pipeline_v2', 'gold_layer_analytics', 'scheduled__2026-01-05T00:00:00+00:00', '--job-id', '71', '--raw', '--subdir', 'DAGS_FOLDER/stock_analytics_etl_dag.py', '--cfg-path', '/tmp/tmp3bvirg4p']
[2026-01-06T09:29:55.988+0000] {standard_task_runner.py:105} INFO - Job 71: Subtask gold_layer_analytics
[2026-01-06T09:29:56.704+0000] {task_command.py:467} INFO - Running <TaskInstance: stock_analytics_incremental_etl_pipeline_v2.gold_layer_analytics scheduled__2026-01-05T00:00:00+00:00 [running]> on host 6a3940ac9286
[2026-01-06T09:29:57.461+0000] {taskinstance.py:3122} INFO - Exporting env vars: AIRFLOW_CTX_DAG_EMAIL='pranathi2314@gmail.com' AIRFLOW_CTX_DAG_OWNER='***' AIRFLOW_CTX_DAG_ID='stock_analytics_incremental_etl_pipeline_v2' AIRFLOW_CTX_TASK_ID='gold_layer_analytics' AIRFLOW_CTX_EXECUTION_DATE='2026-01-05T00:00:00+00:00' AIRFLOW_CTX_TRY_NUMBER='1' AIRFLOW_CTX_DAG_RUN_ID='scheduled__2026-01-05T00:00:00+00:00'
[2026-01-06T09:29:57.475+0000] {taskinstance.py:3192} ERROR - Failed when executing execute callback
Traceback (most recent call last):
  File "/home/airflow/.local/lib/python3.12/site-packages/airflow/models/taskinstance.py", line 3190, in _run_execute_callback
    callback(context)
  File "/opt/airflow/dags/stock_analytics_etl_dag.py", line 57, in gold_on_execute
    f"Databricks job_id={context['task'].job_id} | "
                         ^^^^^^^^^^^^^^^^^^^^^^
AttributeError: 'DatabricksRunNowOperator' object has no attribute 'job_id'
[2026-01-06T09:29:57.513+0000] {logging_mixin.py:190} INFO - Task instance is in running state
[2026-01-06T09:29:57.515+0000] {logging_mixin.py:190} INFO -  Previous state of the Task instance: queued
[2026-01-06T09:29:57.519+0000] {logging_mixin.py:190} INFO - Current task name:gold_layer_analytics state:running start_date:2026-01-06 09:29:55.743127+00:00
[2026-01-06T09:29:57.520+0000] {logging_mixin.py:190} INFO - Dag name:stock_analytics_incremental_etl_pipeline_v2 and current dag run status:running
[2026-01-06T09:29:57.522+0000] {taskinstance.py:731} INFO - ::endgroup::
[2026-01-06T09:29:57.626+0000] {base.py:84} INFO - Retrieving connection 'databricks_default'
[2026-01-06T09:29:57.651+0000] {databricks_base.py:461} INFO - Using token auth. For security reasons, please set token in Password field instead of extra
[2026-01-06T09:29:58.456+0000] {databricks.py:66} INFO - Run submitted with run_id: 164207197760535
[2026-01-06T09:29:58.460+0000] {databricks_base.py:461} INFO - Using token auth. For security reasons, please set token in Password field instead of extra
[2026-01-06T09:29:58.791+0000] {databricks_base.py:461} INFO - Using token auth. For security reasons, please set token in Password field instead of extra
[2026-01-06T09:29:59.031+0000] {databricks.py:118} INFO - gold_layer_analytics in run state: {'life_cycle_state': 'RUNNING', 'result_state': '', 'state_message': ''}
[2026-01-06T09:29:59.033+0000] {databricks.py:119} INFO - View run status, Spark UI, and logs at https://adb-7405617267455896.16.azuredatabricks.net/?o=7405617267455896#job/68731414949078/run/164207197760535
[2026-01-06T09:29:59.036+0000] {databricks.py:120} INFO - Sleeping for 30 seconds.
[2026-01-06T09:30:29.038+0000] {databricks_base.py:461} INFO - Using token auth. For security reasons, please set token in Password field instead of extra
[2026-01-06T09:30:29.273+0000] {databricks.py:118} INFO - gold_layer_analytics in run state: {'life_cycle_state': 'RUNNING', 'result_state': '', 'state_message': ''}
[2026-01-06T09:30:29.275+0000] {databricks.py:119} INFO - View run status, Spark UI, and logs at https://adb-7405617267455896.16.azuredatabricks.net/?o=7405617267455896#job/68731414949078/run/164207197760535
[2026-01-06T09:30:29.276+0000] {databricks.py:120} INFO - Sleeping for 30 seconds.
[2026-01-06T09:30:59.276+0000] {databricks_base.py:461} INFO - Using token auth. For security reasons, please set token in Password field instead of extra
[2026-01-06T09:30:59.481+0000] {databricks.py:118} INFO - gold_layer_analytics in run state: {'life_cycle_state': 'RUNNING', 'result_state': '', 'state_message': ''}
[2026-01-06T09:30:59.482+0000] {databricks.py:119} INFO - View run status, Spark UI, and logs at https://adb-7405617267455896.16.azuredatabricks.net/?o=7405617267455896#job/68731414949078/run/164207197760535
[2026-01-06T09:30:59.483+0000] {databricks.py:120} INFO - Sleeping for 30 seconds.
[2026-01-06T09:31:29.480+0000] {databricks_base.py:461} INFO - Using token auth. For security reasons, please set token in Password field instead of extra
[2026-01-06T09:31:29.652+0000] {databricks.py:77} INFO - gold_layer_analytics completed successfully.
[2026-01-06T09:31:29.653+0000] {databricks.py:78} INFO - View run status, Spark UI, and logs at https://adb-7405617267455896.16.azuredatabricks.net/?o=7405617267455896#job/68731414949078/run/164207197760535
[2026-01-06T09:31:29.670+0000] {taskinstance.py:340} INFO - ::group::Post task execution logs
[2026-01-06T09:31:29.671+0000] {taskinstance.py:352} INFO - Marking task as SUCCESS. dag_id=stock_analytics_incremental_etl_pipeline_v2, task_id=gold_layer_analytics, run_id=scheduled__2026-01-05T00:00:00+00:00, execution_date=20260105T000000, start_date=20260106T092955, end_date=20260106T093129
[2026-01-06T09:31:29.672+0000] {taskinstance.py:1554} INFO - Executing gold_on_success callback
[2026-01-06T09:31:29.672+0000] {taskinstance.py:1558} ERROR - Error when executing gold_on_success callback
Traceback (most recent call last):
  File "/home/airflow/.local/lib/python3.12/site-packages/airflow/models/taskinstance.py", line 1556, in _run_finished_callback
    callback(context)
  File "/opt/airflow/dags/stock_analytics_etl_dag.py", line 64, in gold_on_success
    f"Databricks job_id={context['task'].job_id} | "
                         ^^^^^^^^^^^^^^^^^^^^^^
AttributeError: 'DatabricksRunNowOperator' object has no attribute 'job_id'
[2026-01-06T09:31:29.687+0000] {logging_mixin.py:190} INFO - Task instance in success state
[2026-01-06T09:31:29.688+0000] {logging_mixin.py:190} INFO -  Previous state of the Task instance: running
[2026-01-06T09:31:29.688+0000] {logging_mixin.py:190} INFO - Dag name:stock_analytics_incremental_etl_pipeline_v2 queued_at:2026-01-06 09:29:26.069171+00:00
[2026-01-06T09:31:29.689+0000] {logging_mixin.py:190} INFO - Task hostname:6a3940ac9286 operator:DatabricksRunNowOperator
[2026-01-06T09:31:29.705+0000] {local_task_job_runner.py:261} INFO - Task exited with return code 0
[2026-01-06T09:31:29.727+0000] {taskinstance.py:3891} INFO - 1 downstream tasks scheduled from follow-on schedule check
[2026-01-06T09:31:29.731+0000] {local_task_job_runner.py:240} INFO - ::endgroup::
