[2026-01-06T06:26:33.419+0000] {local_task_job_runner.py:123} INFO - ::group::Pre task execution logs
[2026-01-06T06:26:33.484+0000] {taskinstance.py:2603} INFO - Dependencies all met for dep_context=non-requeueable deps ti=<TaskInstance: stock_analytics_incremental_etl_pipeline_v2.check_incremental_data scheduled__2026-01-05T00:00:00+00:00 [queued]>
[2026-01-06T06:26:33.517+0000] {taskinstance.py:2603} INFO - Dependencies all met for dep_context=requeueable deps ti=<TaskInstance: stock_analytics_incremental_etl_pipeline_v2.check_incremental_data scheduled__2026-01-05T00:00:00+00:00 [queued]>
[2026-01-06T06:26:33.519+0000] {taskinstance.py:2856} INFO - Starting attempt 1 of 3
[2026-01-06T06:26:33.598+0000] {taskinstance.py:2879} INFO - Executing <Task(PythonOperator): check_incremental_data> on 2026-01-05 00:00:00+00:00
[2026-01-06T06:26:33.643+0000] {warnings.py:112} WARNING - /home/***/.local/lib/python3.12/site-packages/***/task/task_runner/standard_task_runner.py:70: DeprecationWarning: This process (pid=115) is multi-threaded, use of fork() may lead to deadlocks in the child.
  pid = os.fork()

[2026-01-06T06:26:33.653+0000] {standard_task_runner.py:104} INFO - Running: ['***', 'tasks', 'run', 'stock_analytics_incremental_etl_pipeline_v2', 'check_incremental_data', 'scheduled__2026-01-05T00:00:00+00:00', '--job-id', '29', '--raw', '--subdir', 'DAGS_FOLDER/stock_analytics_etl_dag.py', '--cfg-path', '/tmp/tmpnd337x1_']
[2026-01-06T06:26:33.656+0000] {standard_task_runner.py:72} INFO - Started process 117 to run task
[2026-01-06T06:26:33.657+0000] {standard_task_runner.py:105} INFO - Job 29: Subtask check_incremental_data
[2026-01-06T06:26:33.906+0000] {task_command.py:467} INFO - Running <TaskInstance: stock_analytics_incremental_etl_pipeline_v2.check_incremental_data scheduled__2026-01-05T00:00:00+00:00 [running]> on host 069e12759471
[2026-01-06T06:26:34.253+0000] {taskinstance.py:3122} INFO - Exporting env vars: AIRFLOW_CTX_DAG_EMAIL='pranathi2314@gmail.com' AIRFLOW_CTX_DAG_OWNER='***' AIRFLOW_CTX_DAG_ID='stock_analytics_incremental_etl_pipeline_v2' AIRFLOW_CTX_TASK_ID='check_incremental_data' AIRFLOW_CTX_EXECUTION_DATE='2026-01-05T00:00:00+00:00' AIRFLOW_CTX_TRY_NUMBER='1' AIRFLOW_CTX_DAG_RUN_ID='scheduled__2026-01-05T00:00:00+00:00'
[2026-01-06T06:26:34.270+0000] {logging_mixin.py:190} INFO - Task instance is in running state
[2026-01-06T06:26:34.271+0000] {logging_mixin.py:190} INFO -  Previous state of the Task instance: queued
[2026-01-06T06:26:34.275+0000] {logging_mixin.py:190} INFO - Current task name:check_incremental_data state:running start_date:2026-01-06 06:26:33.486216+00:00
[2026-01-06T06:26:34.276+0000] {logging_mixin.py:190} INFO - Dag name:stock_analytics_incremental_etl_pipeline_v2 and current dag run status:running
[2026-01-06T06:26:34.278+0000] {taskinstance.py:731} INFO - ::endgroup::
[2026-01-06T06:26:34.343+0000] {stock_analytics_etl_dag.py:43} INFO - No new data detected.
[2026-01-06T06:26:34.345+0000] {python.py:240} INFO - Done. Returned value was: None
[2026-01-06T06:26:34.384+0000] {taskinstance.py:340} INFO - ::group::Post task execution logs
[2026-01-06T06:26:34.386+0000] {taskinstance.py:352} INFO - Marking task as SUCCESS. dag_id=stock_analytics_incremental_etl_pipeline_v2, task_id=check_incremental_data, run_id=scheduled__2026-01-05T00:00:00+00:00, execution_date=20260105T000000, start_date=20260106T062633, end_date=20260106T062634
[2026-01-06T06:26:34.416+0000] {logging_mixin.py:190} INFO - Task instance in success state
[2026-01-06T06:26:34.419+0000] {logging_mixin.py:190} INFO -  Previous state of the Task instance: running
[2026-01-06T06:26:34.425+0000] {logging_mixin.py:190} INFO - Dag name:stock_analytics_incremental_etl_pipeline_v2 queued_at:2026-01-06 06:26:02.280601+00:00
[2026-01-06T06:26:34.428+0000] {logging_mixin.py:190} INFO - Task hostname:069e12759471 operator:PythonOperator
[2026-01-06T06:26:34.516+0000] {local_task_job_runner.py:261} INFO - Task exited with return code 0
[2026-01-06T06:26:34.666+0000] {taskinstance.py:3891} INFO - 1 downstream tasks scheduled from follow-on schedule check
[2026-01-06T06:26:34.670+0000] {local_task_job_runner.py:240} INFO - ::endgroup::
[2026-01-06T08:15:19.786+0000] {local_task_job_runner.py:123} INFO - ::group::Pre task execution logs
[2026-01-06T08:15:19.810+0000] {taskinstance.py:2603} INFO - Dependencies all met for dep_context=non-requeueable deps ti=<TaskInstance: stock_analytics_incremental_etl_pipeline_v2.check_incremental_data scheduled__2026-01-05T00:00:00+00:00 [queued]>
[2026-01-06T08:15:19.821+0000] {taskinstance.py:2603} INFO - Dependencies all met for dep_context=requeueable deps ti=<TaskInstance: stock_analytics_incremental_etl_pipeline_v2.check_incremental_data scheduled__2026-01-05T00:00:00+00:00 [queued]>
[2026-01-06T08:15:19.822+0000] {taskinstance.py:2856} INFO - Starting attempt 1 of 3
[2026-01-06T08:15:19.842+0000] {taskinstance.py:2879} INFO - Executing <Task(PythonOperator): check_incremental_data> on 2026-01-05 00:00:00+00:00
[2026-01-06T08:15:19.854+0000] {warnings.py:112} WARNING - /home/***/.local/lib/python3.12/site-packages/***/task/task_runner/standard_task_runner.py:70: DeprecationWarning: This process (pid=383) is multi-threaded, use of fork() may lead to deadlocks in the child.
  pid = os.fork()

[2026-01-06T08:15:19.857+0000] {standard_task_runner.py:72} INFO - Started process 385 to run task
[2026-01-06T08:15:19.857+0000] {standard_task_runner.py:104} INFO - Running: ['***', 'tasks', 'run', 'stock_analytics_incremental_etl_pipeline_v2', 'check_incremental_data', 'scheduled__2026-01-05T00:00:00+00:00', '--job-id', '48', '--raw', '--subdir', 'DAGS_FOLDER/stock_analytics_etl_dag.py', '--cfg-path', '/tmp/tmpksgtcmxo']
[2026-01-06T08:15:19.859+0000] {standard_task_runner.py:105} INFO - Job 48: Subtask check_incremental_data
[2026-01-06T08:15:19.976+0000] {task_command.py:467} INFO - Running <TaskInstance: stock_analytics_incremental_etl_pipeline_v2.check_incremental_data scheduled__2026-01-05T00:00:00+00:00 [running]> on host 744bd50fdfac
[2026-01-06T08:15:20.075+0000] {taskinstance.py:3122} INFO - Exporting env vars: AIRFLOW_CTX_DAG_EMAIL='pranathi2314@gmail.com' AIRFLOW_CTX_DAG_OWNER='***' AIRFLOW_CTX_DAG_ID='stock_analytics_incremental_etl_pipeline_v2' AIRFLOW_CTX_TASK_ID='check_incremental_data' AIRFLOW_CTX_EXECUTION_DATE='2026-01-05T00:00:00+00:00' AIRFLOW_CTX_TRY_NUMBER='1' AIRFLOW_CTX_DAG_RUN_ID='scheduled__2026-01-05T00:00:00+00:00'
[2026-01-06T08:15:20.077+0000] {logging_mixin.py:190} INFO - Task instance is in running state
[2026-01-06T08:15:20.078+0000] {logging_mixin.py:190} INFO -  Previous state of the Task instance: queued
[2026-01-06T08:15:20.079+0000] {logging_mixin.py:190} INFO - Current task name:check_incremental_data state:running start_date:2026-01-06 08:15:19.811914+00:00
[2026-01-06T08:15:20.080+0000] {logging_mixin.py:190} INFO - Dag name:stock_analytics_incremental_etl_pipeline_v2 and current dag run status:running
[2026-01-06T08:15:20.081+0000] {taskinstance.py:731} INFO - ::endgroup::
[2026-01-06T08:15:20.109+0000] {stock_analytics_etl_dag.py:43} INFO - No new data detected.
[2026-01-06T08:15:20.110+0000] {python.py:240} INFO - Done. Returned value was: None
[2026-01-06T08:15:20.123+0000] {taskinstance.py:340} INFO - ::group::Post task execution logs
[2026-01-06T08:15:20.125+0000] {taskinstance.py:352} INFO - Marking task as SUCCESS. dag_id=stock_analytics_incremental_etl_pipeline_v2, task_id=check_incremental_data, run_id=scheduled__2026-01-05T00:00:00+00:00, execution_date=20260105T000000, start_date=20260106T081519, end_date=20260106T081520
[2026-01-06T08:15:20.141+0000] {logging_mixin.py:190} INFO - Task instance in success state
[2026-01-06T08:15:20.142+0000] {logging_mixin.py:190} INFO -  Previous state of the Task instance: running
[2026-01-06T08:15:20.143+0000] {logging_mixin.py:190} INFO - Dag name:stock_analytics_incremental_etl_pipeline_v2 queued_at:2026-01-06 08:15:13.163614+00:00
[2026-01-06T08:15:20.144+0000] {logging_mixin.py:190} INFO - Task hostname:744bd50fdfac operator:PythonOperator
[2026-01-06T08:15:20.196+0000] {local_task_job_runner.py:261} INFO - Task exited with return code 0
[2026-01-06T08:15:20.230+0000] {taskinstance.py:3891} INFO - 1 downstream tasks scheduled from follow-on schedule check
[2026-01-06T08:15:20.232+0000] {local_task_job_runner.py:240} INFO - ::endgroup::
[2026-01-06T09:29:28.220+0000] {local_task_job_runner.py:123} INFO - ::group::Pre task execution logs
[2026-01-06T09:29:28.240+0000] {taskinstance.py:2603} INFO - Dependencies all met for dep_context=non-requeueable deps ti=<TaskInstance: stock_analytics_incremental_etl_pipeline_v2.check_incremental_data scheduled__2026-01-05T00:00:00+00:00 [queued]>
[2026-01-06T09:29:28.248+0000] {taskinstance.py:2603} INFO - Dependencies all met for dep_context=requeueable deps ti=<TaskInstance: stock_analytics_incremental_etl_pipeline_v2.check_incremental_data scheduled__2026-01-05T00:00:00+00:00 [queued]>
[2026-01-06T09:29:28.249+0000] {taskinstance.py:2856} INFO - Starting attempt 1 of 3
[2026-01-06T09:29:28.262+0000] {taskinstance.py:2879} INFO - Executing <Task(PythonOperator): check_incremental_data> on 2026-01-05 00:00:00+00:00
[2026-01-06T09:29:28.271+0000] {warnings.py:112} WARNING - /home/***/.local/lib/python3.12/site-packages/***/task/task_runner/standard_task_runner.py:70: DeprecationWarning: This process (pid=206) is multi-threaded, use of fork() may lead to deadlocks in the child.
  pid = os.fork()

[2026-01-06T09:29:28.273+0000] {standard_task_runner.py:72} INFO - Started process 208 to run task
[2026-01-06T09:29:28.274+0000] {standard_task_runner.py:104} INFO - Running: ['***', 'tasks', 'run', 'stock_analytics_incremental_etl_pipeline_v2', 'check_incremental_data', 'scheduled__2026-01-05T00:00:00+00:00', '--job-id', '68', '--raw', '--subdir', 'DAGS_FOLDER/stock_analytics_etl_dag.py', '--cfg-path', '/tmp/tmpp___79wr']
[2026-01-06T09:29:28.276+0000] {standard_task_runner.py:105} INFO - Job 68: Subtask check_incremental_data
[2026-01-06T09:29:28.396+0000] {task_command.py:467} INFO - Running <TaskInstance: stock_analytics_incremental_etl_pipeline_v2.check_incremental_data scheduled__2026-01-05T00:00:00+00:00 [running]> on host 6a3940ac9286
[2026-01-06T09:29:28.575+0000] {taskinstance.py:3122} INFO - Exporting env vars: AIRFLOW_CTX_DAG_EMAIL='pranathi2314@gmail.com' AIRFLOW_CTX_DAG_OWNER='***' AIRFLOW_CTX_DAG_ID='stock_analytics_incremental_etl_pipeline_v2' AIRFLOW_CTX_TASK_ID='check_incremental_data' AIRFLOW_CTX_EXECUTION_DATE='2026-01-05T00:00:00+00:00' AIRFLOW_CTX_TRY_NUMBER='1' AIRFLOW_CTX_DAG_RUN_ID='scheduled__2026-01-05T00:00:00+00:00'
[2026-01-06T09:29:28.579+0000] {logging_mixin.py:190} INFO - Task instance is in running state
[2026-01-06T09:29:28.581+0000] {logging_mixin.py:190} INFO -  Previous state of the Task instance: queued
[2026-01-06T09:29:28.583+0000] {logging_mixin.py:190} INFO - Current task name:check_incremental_data state:running start_date:2026-01-06 09:29:28.240767+00:00
[2026-01-06T09:29:28.584+0000] {logging_mixin.py:190} INFO - Dag name:stock_analytics_incremental_etl_pipeline_v2 and current dag run status:running
[2026-01-06T09:29:28.585+0000] {taskinstance.py:731} INFO - ::endgroup::
[2026-01-06T09:29:28.621+0000] {stock_analytics_etl_dag.py:42} INFO - No new data detected.
[2026-01-06T09:29:28.622+0000] {python.py:240} INFO - Done. Returned value was: None
[2026-01-06T09:29:28.644+0000] {taskinstance.py:340} INFO - ::group::Post task execution logs
[2026-01-06T09:29:28.645+0000] {taskinstance.py:352} INFO - Marking task as SUCCESS. dag_id=stock_analytics_incremental_etl_pipeline_v2, task_id=check_incremental_data, run_id=scheduled__2026-01-05T00:00:00+00:00, execution_date=20260105T000000, start_date=20260106T092928, end_date=20260106T092928
[2026-01-06T09:29:28.665+0000] {logging_mixin.py:190} INFO - Task instance in success state
[2026-01-06T09:29:28.668+0000] {logging_mixin.py:190} INFO -  Previous state of the Task instance: running
[2026-01-06T09:29:28.670+0000] {logging_mixin.py:190} INFO - Dag name:stock_analytics_incremental_etl_pipeline_v2 queued_at:2026-01-06 09:29:26.069171+00:00
[2026-01-06T09:29:28.671+0000] {logging_mixin.py:190} INFO - Task hostname:6a3940ac9286 operator:PythonOperator
[2026-01-06T09:29:28.731+0000] {local_task_job_runner.py:261} INFO - Task exited with return code 0
[2026-01-06T09:29:28.778+0000] {taskinstance.py:3891} INFO - 1 downstream tasks scheduled from follow-on schedule check
[2026-01-06T09:29:28.781+0000] {local_task_job_runner.py:240} INFO - ::endgroup::
