[2026-01-04T05:14:05.160+0000] {local_task_job_runner.py:123} INFO - ::group::Pre task execution logs
[2026-01-04T05:14:05.179+0000] {taskinstance.py:2603} INFO - Dependencies all met for dep_context=non-requeueable deps ti=<TaskInstance: stock_analytics_incremental_etl_pipeline_v2.update_last_run_time manual__2026-01-04T05:12:14.708162+00:00 [queued]>
[2026-01-04T05:14:05.189+0000] {taskinstance.py:2603} INFO - Dependencies all met for dep_context=requeueable deps ti=<TaskInstance: stock_analytics_incremental_etl_pipeline_v2.update_last_run_time manual__2026-01-04T05:12:14.708162+00:00 [queued]>
[2026-01-04T05:14:05.191+0000] {taskinstance.py:2856} INFO - Starting attempt 1 of 3
[2026-01-04T05:14:05.207+0000] {taskinstance.py:2879} INFO - Executing <Task(PythonOperator): update_last_run_time> on 2026-01-04 05:12:14.708162+00:00
[2026-01-04T05:14:05.220+0000] {warnings.py:112} WARNING - /home/***/.local/lib/python3.12/site-packages/***/task/task_runner/standard_task_runner.py:70: DeprecationWarning: This process (pid=195) is multi-threaded, use of fork() may lead to deadlocks in the child.
  pid = os.fork()

[2026-01-04T05:14:05.223+0000] {standard_task_runner.py:104} INFO - Running: ['***', 'tasks', 'run', 'stock_analytics_incremental_etl_pipeline_v2', 'update_last_run_time', 'manual__2026-01-04T05:12:14.708162+00:00', '--job-id', '335', '--raw', '--subdir', 'DAGS_FOLDER/stock_analytics_etl_dag.py', '--cfg-path', '/tmp/tmpo5dbb3w_']
[2026-01-04T05:14:05.224+0000] {standard_task_runner.py:72} INFO - Started process 197 to run task
[2026-01-04T05:14:05.224+0000] {standard_task_runner.py:105} INFO - Job 335: Subtask update_last_run_time
[2026-01-04T05:14:05.316+0000] {task_command.py:467} INFO - Running <TaskInstance: stock_analytics_incremental_etl_pipeline_v2.update_last_run_time manual__2026-01-04T05:12:14.708162+00:00 [running]> on host 8aefbc10c328
[2026-01-04T05:14:05.404+0000] {taskinstance.py:3122} INFO - Exporting env vars: AIRFLOW_CTX_DAG_OWNER='***' AIRFLOW_CTX_DAG_ID='stock_analytics_incremental_etl_pipeline_v2' AIRFLOW_CTX_TASK_ID='update_last_run_time' AIRFLOW_CTX_EXECUTION_DATE='2026-01-04T05:12:14.708162+00:00' AIRFLOW_CTX_TRY_NUMBER='1' AIRFLOW_CTX_DAG_RUN_ID='manual__2026-01-04T05:12:14.708162+00:00'
[2026-01-04T05:14:05.407+0000] {logging_mixin.py:190} INFO - Task instance is in running state
[2026-01-04T05:14:05.408+0000] {logging_mixin.py:190} INFO -  Previous state of the Task instance: queued
[2026-01-04T05:14:05.409+0000] {logging_mixin.py:190} INFO - Current task name:update_last_run_time state:running start_date:2026-01-04 05:14:05.180207+00:00
[2026-01-04T05:14:05.410+0000] {logging_mixin.py:190} INFO - Dag name:stock_analytics_incremental_etl_pipeline_v2 and current dag run status:running
[2026-01-04T05:14:05.410+0000] {taskinstance.py:731} INFO - ::endgroup::
[2026-01-04T05:14:05.420+0000] {crypto.py:82} WARNING - empty cryptography key - values will not be stored encrypted.
[2026-01-04T05:14:05.424+0000] {python.py:240} INFO - Done. Returned value was: None
[2026-01-04T05:14:05.436+0000] {taskinstance.py:340} INFO - ::group::Post task execution logs
[2026-01-04T05:14:05.437+0000] {taskinstance.py:352} INFO - Marking task as SUCCESS. dag_id=stock_analytics_incremental_etl_pipeline_v2, task_id=update_last_run_time, run_id=manual__2026-01-04T05:12:14.708162+00:00, execution_date=20260104T051214, start_date=20260104T051405, end_date=20260104T051405
[2026-01-04T05:14:05.446+0000] {logging_mixin.py:190} INFO - Task instance in success state
[2026-01-04T05:14:05.447+0000] {logging_mixin.py:190} INFO -  Previous state of the Task instance: running
[2026-01-04T05:14:05.448+0000] {logging_mixin.py:190} INFO - Dag name:stock_analytics_incremental_etl_pipeline_v2 queued_at:2026-01-04 05:12:14.727492+00:00
[2026-01-04T05:14:05.449+0000] {logging_mixin.py:190} INFO - Task hostname:8aefbc10c328 operator:PythonOperator
[2026-01-04T05:14:05.480+0000] {local_task_job_runner.py:261} INFO - Task exited with return code 0
[2026-01-04T05:14:05.504+0000] {taskinstance.py:3891} INFO - 0 downstream tasks scheduled from follow-on schedule check
[2026-01-04T05:14:05.506+0000] {local_task_job_runner.py:240} INFO - ::endgroup::
