[2026-01-04T05:49:44.712+0000] {local_task_job_runner.py:123} INFO - ::group::Pre task execution logs
[2026-01-04T05:49:44.729+0000] {taskinstance.py:2603} INFO - Dependencies all met for dep_context=non-requeueable deps ti=<TaskInstance: stock_analytics_incremental_etl_pipeline_v2.silver_cleaning manual__2026-01-04T05:49:32.522178+00:00 [queued]>
[2026-01-04T05:49:44.738+0000] {taskinstance.py:2603} INFO - Dependencies all met for dep_context=requeueable deps ti=<TaskInstance: stock_analytics_incremental_etl_pipeline_v2.silver_cleaning manual__2026-01-04T05:49:32.522178+00:00 [queued]>
[2026-01-04T05:49:44.740+0000] {taskinstance.py:2856} INFO - Starting attempt 1 of 1
[2026-01-04T05:49:44.753+0000] {taskinstance.py:2879} INFO - Executing <Task(BashOperator): silver_cleaning> on 2026-01-04 05:49:32.522178+00:00
[2026-01-04T05:49:44.761+0000] {warnings.py:112} WARNING - /home/***/.local/lib/python3.12/site-packages/***/task/task_runner/standard_task_runner.py:70: DeprecationWarning: This process (pid=135) is multi-threaded, use of fork() may lead to deadlocks in the child.
  pid = os.fork()

[2026-01-04T05:49:44.763+0000] {standard_task_runner.py:72} INFO - Started process 137 to run task
[2026-01-04T05:49:44.763+0000] {standard_task_runner.py:104} INFO - Running: ['***', 'tasks', 'run', 'stock_analytics_incremental_etl_pipeline_v2', 'silver_cleaning', 'manual__2026-01-04T05:49:32.522178+00:00', '--job-id', '359', '--raw', '--subdir', 'DAGS_FOLDER/stock_analytics_etl_dag.py', '--cfg-path', '/tmp/tmpgcpkes6u']
[2026-01-04T05:49:44.765+0000] {standard_task_runner.py:105} INFO - Job 359: Subtask silver_cleaning
[2026-01-04T05:49:44.854+0000] {task_command.py:467} INFO - Running <TaskInstance: stock_analytics_incremental_etl_pipeline_v2.silver_cleaning manual__2026-01-04T05:49:32.522178+00:00 [running]> on host 49a083e9d335
[2026-01-04T05:49:44.958+0000] {taskinstance.py:3122} INFO - Exporting env vars: AIRFLOW_CTX_DAG_EMAIL='pranathi2314@gmail.com' AIRFLOW_CTX_DAG_OWNER='***' AIRFLOW_CTX_DAG_ID='stock_analytics_incremental_etl_pipeline_v2' AIRFLOW_CTX_TASK_ID='silver_cleaning' AIRFLOW_CTX_EXECUTION_DATE='2026-01-04T05:49:32.522178+00:00' AIRFLOW_CTX_TRY_NUMBER='1' AIRFLOW_CTX_DAG_RUN_ID='manual__2026-01-04T05:49:32.522178+00:00'
[2026-01-04T05:49:44.960+0000] {logging_mixin.py:190} INFO - Task instance is in running state
[2026-01-04T05:49:44.961+0000] {logging_mixin.py:190} INFO -  Previous state of the Task instance: queued
[2026-01-04T05:49:44.962+0000] {logging_mixin.py:190} INFO - Current task name:silver_cleaning state:running start_date:2026-01-04 05:49:44.730562+00:00
[2026-01-04T05:49:44.962+0000] {logging_mixin.py:190} INFO - Dag name:stock_analytics_incremental_etl_pipeline_v2 and current dag run status:running
[2026-01-04T05:49:44.963+0000] {taskinstance.py:731} INFO - ::endgroup::
[2026-01-04T05:49:44.965+0000] {subprocess.py:63} INFO - Tmp dir root location: /tmp
[2026-01-04T05:49:44.966+0000] {subprocess.py:75} INFO - Running command: ['/usr/bin/bash', '-c', 'python /opt/***/project/scripts/clean_transform.py']
[2026-01-04T05:49:44.979+0000] {subprocess.py:86} INFO - Output:
[2026-01-04T05:49:46.752+0000] {subprocess.py:97} INFO - Command exited with return code 0
[2026-01-04T05:49:46.790+0000] {taskinstance.py:340} INFO - ::group::Post task execution logs
[2026-01-04T05:49:46.791+0000] {taskinstance.py:352} INFO - Marking task as SUCCESS. dag_id=stock_analytics_incremental_etl_pipeline_v2, task_id=silver_cleaning, run_id=manual__2026-01-04T05:49:32.522178+00:00, execution_date=20260104T054932, start_date=20260104T054944, end_date=20260104T054946
[2026-01-04T05:49:46.808+0000] {logging_mixin.py:190} INFO - Task instance in success state
[2026-01-04T05:49:46.809+0000] {logging_mixin.py:190} INFO -  Previous state of the Task instance: running
[2026-01-04T05:49:46.810+0000] {logging_mixin.py:190} INFO - Dag name:stock_analytics_incremental_etl_pipeline_v2 queued_at:2026-01-04 05:49:33.148298+00:00
[2026-01-04T05:49:46.810+0000] {logging_mixin.py:190} INFO - Task hostname:49a083e9d335 operator:BashOperator
[2026-01-04T05:49:46.832+0000] {local_task_job_runner.py:261} INFO - Task exited with return code 0
[2026-01-04T05:49:46.871+0000] {taskinstance.py:3891} INFO - 1 downstream tasks scheduled from follow-on schedule check
[2026-01-04T05:49:46.874+0000] {local_task_job_runner.py:240} INFO - ::endgroup::
