[2026-01-04T05:19:43.219+0000] {local_task_job_runner.py:123} INFO - ::group::Pre task execution logs
[2026-01-04T05:19:43.246+0000] {taskinstance.py:2603} INFO - Dependencies all met for dep_context=non-requeueable deps ti=<TaskInstance: stock_analytics_incremental_etl_pipeline_v2.update_last_run_time scheduled__2026-01-03T00:00:00+00:00 [queued]>
[2026-01-04T05:19:43.257+0000] {taskinstance.py:2603} INFO - Dependencies all met for dep_context=requeueable deps ti=<TaskInstance: stock_analytics_incremental_etl_pipeline_v2.update_last_run_time scheduled__2026-01-03T00:00:00+00:00 [queued]>
[2026-01-04T05:19:43.258+0000] {taskinstance.py:2856} INFO - Starting attempt 1 of 3
[2026-01-04T05:19:43.282+0000] {taskinstance.py:2879} INFO - Executing <Task(PythonOperator): update_last_run_time> on 2026-01-03 00:00:00+00:00
[2026-01-04T05:19:43.301+0000] {warnings.py:112} WARNING - /home/***/.local/lib/python3.12/site-packages/***/task/task_runner/standard_task_runner.py:70: DeprecationWarning: This process (pid=130) is multi-threaded, use of fork() may lead to deadlocks in the child.
  pid = os.fork()

[2026-01-04T05:19:43.305+0000] {standard_task_runner.py:72} INFO - Started process 132 to run task
[2026-01-04T05:19:43.304+0000] {standard_task_runner.py:104} INFO - Running: ['***', 'tasks', 'run', 'stock_analytics_incremental_etl_pipeline_v2', 'update_last_run_time', 'scheduled__2026-01-03T00:00:00+00:00', '--job-id', '339', '--raw', '--subdir', 'DAGS_FOLDER/stock_analytics_etl_dag.py', '--cfg-path', '/tmp/tmpj4n08g5a']
[2026-01-04T05:19:43.306+0000] {standard_task_runner.py:105} INFO - Job 339: Subtask update_last_run_time
[2026-01-04T05:19:43.406+0000] {task_command.py:467} INFO - Running <TaskInstance: stock_analytics_incremental_etl_pipeline_v2.update_last_run_time scheduled__2026-01-03T00:00:00+00:00 [running]> on host ddc54e64aef0
[2026-01-04T05:19:43.567+0000] {taskinstance.py:3122} INFO - Exporting env vars: AIRFLOW_CTX_DAG_OWNER='***' AIRFLOW_CTX_DAG_ID='stock_analytics_incremental_etl_pipeline_v2' AIRFLOW_CTX_TASK_ID='update_last_run_time' AIRFLOW_CTX_EXECUTION_DATE='2026-01-03T00:00:00+00:00' AIRFLOW_CTX_TRY_NUMBER='1' AIRFLOW_CTX_DAG_RUN_ID='scheduled__2026-01-03T00:00:00+00:00'
[2026-01-04T05:19:43.569+0000] {logging_mixin.py:190} INFO - Task instance is in running state
[2026-01-04T05:19:43.570+0000] {logging_mixin.py:190} INFO -  Previous state of the Task instance: queued
[2026-01-04T05:19:43.571+0000] {logging_mixin.py:190} INFO - Current task name:update_last_run_time state:running start_date:2026-01-04 05:19:43.247072+00:00
[2026-01-04T05:19:43.572+0000] {logging_mixin.py:190} INFO - Dag name:stock_analytics_incremental_etl_pipeline_v2 and current dag run status:running
[2026-01-04T05:19:43.572+0000] {taskinstance.py:731} INFO - ::endgroup::
[2026-01-04T05:19:43.582+0000] {crypto.py:82} WARNING - empty cryptography key - values will not be stored encrypted.
[2026-01-04T05:19:43.586+0000] {python.py:240} INFO - Done. Returned value was: None
[2026-01-04T05:19:43.599+0000] {taskinstance.py:340} INFO - ::group::Post task execution logs
[2026-01-04T05:19:43.600+0000] {taskinstance.py:352} INFO - Marking task as SUCCESS. dag_id=stock_analytics_incremental_etl_pipeline_v2, task_id=update_last_run_time, run_id=scheduled__2026-01-03T00:00:00+00:00, execution_date=20260103T000000, start_date=20260104T051943, end_date=20260104T051943
[2026-01-04T05:19:43.611+0000] {logging_mixin.py:190} INFO - Task instance in success state
[2026-01-04T05:19:43.611+0000] {logging_mixin.py:190} INFO -  Previous state of the Task instance: running
[2026-01-04T05:19:43.612+0000] {logging_mixin.py:190} INFO - Dag name:stock_analytics_incremental_etl_pipeline_v2 queued_at:2026-01-04 05:05:46.174260+00:00
[2026-01-04T05:19:43.613+0000] {logging_mixin.py:190} INFO - Task hostname:ddc54e64aef0 operator:PythonOperator
[2026-01-04T05:19:43.644+0000] {local_task_job_runner.py:261} INFO - Task exited with return code 0
[2026-01-04T05:19:43.668+0000] {taskinstance.py:3891} INFO - 0 downstream tasks scheduled from follow-on schedule check
[2026-01-04T05:19:43.672+0000] {local_task_job_runner.py:240} INFO - ::endgroup::
[2026-01-04T06:26:01.744+0000] {local_task_job_runner.py:123} INFO - ::group::Pre task execution logs
[2026-01-04T06:26:01.772+0000] {taskinstance.py:2603} INFO - Dependencies all met for dep_context=non-requeueable deps ti=<TaskInstance: stock_analytics_incremental_etl_pipeline_v2.update_last_run_time scheduled__2026-01-03T00:00:00+00:00 [queued]>
[2026-01-04T06:26:01.785+0000] {taskinstance.py:2603} INFO - Dependencies all met for dep_context=requeueable deps ti=<TaskInstance: stock_analytics_incremental_etl_pipeline_v2.update_last_run_time scheduled__2026-01-03T00:00:00+00:00 [queued]>
[2026-01-04T06:26:01.787+0000] {taskinstance.py:2856} INFO - Starting attempt 1 of 3
[2026-01-04T06:26:01.808+0000] {taskinstance.py:2879} INFO - Executing <Task(PythonOperator): update_last_run_time> on 2026-01-03 00:00:00+00:00
[2026-01-04T06:26:01.816+0000] {warnings.py:112} WARNING - /home/***/.local/lib/python3.12/site-packages/***/task/task_runner/standard_task_runner.py:70: DeprecationWarning: This process (pid=281) is multi-threaded, use of fork() may lead to deadlocks in the child.
  pid = os.fork()

[2026-01-04T06:26:01.819+0000] {standard_task_runner.py:72} INFO - Started process 283 to run task
[2026-01-04T06:26:01.819+0000] {standard_task_runner.py:104} INFO - Running: ['***', 'tasks', 'run', 'stock_analytics_incremental_etl_pipeline_v2', 'update_last_run_time', 'scheduled__2026-01-03T00:00:00+00:00', '--job-id', '14', '--raw', '--subdir', 'DAGS_FOLDER/stock_analytics_etl_dag.py', '--cfg-path', '/tmp/tmpnurhse9a']
[2026-01-04T06:26:01.821+0000] {standard_task_runner.py:105} INFO - Job 14: Subtask update_last_run_time
[2026-01-04T06:26:01.934+0000] {task_command.py:467} INFO - Running <TaskInstance: stock_analytics_incremental_etl_pipeline_v2.update_last_run_time scheduled__2026-01-03T00:00:00+00:00 [running]> on host b5f3b83aa317
[2026-01-04T06:26:02.041+0000] {taskinstance.py:3122} INFO - Exporting env vars: AIRFLOW_CTX_DAG_EMAIL='pranathi2314@gmail.com' AIRFLOW_CTX_DAG_OWNER='***' AIRFLOW_CTX_DAG_ID='stock_analytics_incremental_etl_pipeline_v2' AIRFLOW_CTX_TASK_ID='update_last_run_time' AIRFLOW_CTX_EXECUTION_DATE='2026-01-03T00:00:00+00:00' AIRFLOW_CTX_TRY_NUMBER='1' AIRFLOW_CTX_DAG_RUN_ID='scheduled__2026-01-03T00:00:00+00:00'
[2026-01-04T06:26:02.044+0000] {logging_mixin.py:190} INFO - Task instance is in running state
[2026-01-04T06:26:02.045+0000] {logging_mixin.py:190} INFO -  Previous state of the Task instance: queued
[2026-01-04T06:26:02.045+0000] {logging_mixin.py:190} INFO - Current task name:update_last_run_time state:running start_date:2026-01-04 06:26:01.774014+00:00
[2026-01-04T06:26:02.046+0000] {logging_mixin.py:190} INFO - Dag name:stock_analytics_incremental_etl_pipeline_v2 and current dag run status:running
[2026-01-04T06:26:02.047+0000] {taskinstance.py:731} INFO - ::endgroup::
[2026-01-04T06:26:02.055+0000] {crypto.py:82} WARNING - empty cryptography key - values will not be stored encrypted.
[2026-01-04T06:26:02.060+0000] {stock_analytics_etl_dag.py:50} INFO - Updated last successful run timestamp
[2026-01-04T06:26:02.062+0000] {python.py:240} INFO - Done. Returned value was: None
[2026-01-04T06:26:02.074+0000] {taskinstance.py:340} INFO - ::group::Post task execution logs
[2026-01-04T06:26:02.075+0000] {taskinstance.py:352} INFO - Marking task as SUCCESS. dag_id=stock_analytics_incremental_etl_pipeline_v2, task_id=update_last_run_time, run_id=scheduled__2026-01-03T00:00:00+00:00, execution_date=20260103T000000, start_date=20260104T062601, end_date=20260104T062602
[2026-01-04T06:26:02.095+0000] {logging_mixin.py:190} INFO - Task instance in success state
[2026-01-04T06:26:02.097+0000] {logging_mixin.py:190} INFO -  Previous state of the Task instance: running
[2026-01-04T06:26:02.100+0000] {logging_mixin.py:190} INFO - Dag name:stock_analytics_incremental_etl_pipeline_v2 queued_at:2026-01-04 06:18:27.989548+00:00
[2026-01-04T06:26:02.102+0000] {logging_mixin.py:190} INFO - Task hostname:b5f3b83aa317 operator:PythonOperator
[2026-01-04T06:26:02.157+0000] {local_task_job_runner.py:261} INFO - Task exited with return code 0
[2026-01-04T06:26:02.179+0000] {taskinstance.py:3891} INFO - 0 downstream tasks scheduled from follow-on schedule check
[2026-01-04T06:26:02.183+0000] {local_task_job_runner.py:240} INFO - ::endgroup::
