[2026-01-04T05:06:11.274+0000] {local_task_job_runner.py:123} INFO - ::group::Pre task execution logs
[2026-01-04T05:06:11.307+0000] {taskinstance.py:2603} INFO - Dependencies all met for dep_context=non-requeueable deps ti=<TaskInstance: stock_analytics_incremental_etl_pipeline_v2.bronze_ingestion scheduled__2026-01-03T00:00:00+00:00 [queued]>
[2026-01-04T05:06:11.320+0000] {taskinstance.py:2603} INFO - Dependencies all met for dep_context=requeueable deps ti=<TaskInstance: stock_analytics_incremental_etl_pipeline_v2.bronze_ingestion scheduled__2026-01-03T00:00:00+00:00 [queued]>
[2026-01-04T05:06:11.322+0000] {taskinstance.py:2856} INFO - Starting attempt 1 of 3
[2026-01-04T05:06:11.350+0000] {taskinstance.py:2879} INFO - Executing <Task(BashOperator): bronze_ingestion> on 2026-01-03 00:00:00+00:00
[2026-01-04T05:06:11.362+0000] {warnings.py:112} WARNING - /home/***/.local/lib/python3.12/site-packages/***/task/task_runner/standard_task_runner.py:70: DeprecationWarning: This process (pid=90) is multi-threaded, use of fork() may lead to deadlocks in the child.
  pid = os.fork()

[2026-01-04T05:06:11.366+0000] {standard_task_runner.py:72} INFO - Started process 92 to run task
[2026-01-04T05:06:11.367+0000] {standard_task_runner.py:104} INFO - Running: ['***', 'tasks', 'run', 'stock_analytics_incremental_etl_pipeline_v2', 'bronze_ingestion', 'scheduled__2026-01-03T00:00:00+00:00', '--job-id', '326', '--raw', '--subdir', 'DAGS_FOLDER/stock_analytics_etl_dag.py', '--cfg-path', '/tmp/tmp0a8ciph_']
[2026-01-04T05:06:11.370+0000] {standard_task_runner.py:105} INFO - Job 326: Subtask bronze_ingestion
[2026-01-04T05:06:11.496+0000] {task_command.py:467} INFO - Running <TaskInstance: stock_analytics_incremental_etl_pipeline_v2.bronze_ingestion scheduled__2026-01-03T00:00:00+00:00 [running]> on host 051934cfc0a4
[2026-01-04T05:06:11.645+0000] {taskinstance.py:3122} INFO - Exporting env vars: AIRFLOW_CTX_DAG_OWNER='***' AIRFLOW_CTX_DAG_ID='stock_analytics_incremental_etl_pipeline_v2' AIRFLOW_CTX_TASK_ID='bronze_ingestion' AIRFLOW_CTX_EXECUTION_DATE='2026-01-03T00:00:00+00:00' AIRFLOW_CTX_TRY_NUMBER='1' AIRFLOW_CTX_DAG_RUN_ID='scheduled__2026-01-03T00:00:00+00:00'
[2026-01-04T05:06:11.648+0000] {logging_mixin.py:190} INFO - Task instance is in running state
[2026-01-04T05:06:11.649+0000] {logging_mixin.py:190} INFO -  Previous state of the Task instance: queued
[2026-01-04T05:06:11.650+0000] {logging_mixin.py:190} INFO - Current task name:bronze_ingestion state:running start_date:2026-01-04 05:06:11.308868+00:00
[2026-01-04T05:06:11.652+0000] {logging_mixin.py:190} INFO - Dag name:stock_analytics_incremental_etl_pipeline_v2 and current dag run status:running
[2026-01-04T05:06:11.653+0000] {taskinstance.py:731} INFO - ::endgroup::
[2026-01-04T05:06:11.655+0000] {subprocess.py:63} INFO - Tmp dir root location: /tmp
[2026-01-04T05:06:11.663+0000] {subprocess.py:75} INFO - Running command: ['/usr/bin/bash', '-c', 'python /opt/***/project/Data/Bronze/bronze_layer.py']
[2026-01-04T05:06:11.683+0000] {subprocess.py:86} INFO - Output:
[2026-01-04T05:06:12.412+0000] {subprocess.py:97} INFO - Command exited with return code 0
[2026-01-04T05:06:12.477+0000] {taskinstance.py:340} INFO - ::group::Post task execution logs
[2026-01-04T05:06:12.484+0000] {taskinstance.py:352} INFO - Marking task as SUCCESS. dag_id=stock_analytics_incremental_etl_pipeline_v2, task_id=bronze_ingestion, run_id=scheduled__2026-01-03T00:00:00+00:00, execution_date=20260103T000000, start_date=20260104T050611, end_date=20260104T050612
[2026-01-04T05:06:12.515+0000] {logging_mixin.py:190} INFO - Task instance in success state
[2026-01-04T05:06:12.519+0000] {logging_mixin.py:190} INFO -  Previous state of the Task instance: running
[2026-01-04T05:06:12.520+0000] {logging_mixin.py:190} INFO - Dag name:stock_analytics_incremental_etl_pipeline_v2 queued_at:2026-01-04 05:05:46.174260+00:00
[2026-01-04T05:06:12.521+0000] {logging_mixin.py:190} INFO - Task hostname:051934cfc0a4 operator:BashOperator
[2026-01-04T05:06:12.555+0000] {local_task_job_runner.py:261} INFO - Task exited with return code 0
[2026-01-04T05:06:12.618+0000] {taskinstance.py:3891} INFO - 1 downstream tasks scheduled from follow-on schedule check
[2026-01-04T05:06:12.625+0000] {local_task_job_runner.py:240} INFO - ::endgroup::
[2026-01-04T06:00:34.741+0000] {local_task_job_runner.py:123} INFO - ::group::Pre task execution logs
[2026-01-04T06:00:34.788+0000] {taskinstance.py:2603} INFO - Dependencies all met for dep_context=non-requeueable deps ti=<TaskInstance: stock_analytics_incremental_etl_pipeline_v2.bronze_ingestion scheduled__2026-01-03T00:00:00+00:00 [queued]>
[2026-01-04T06:00:34.823+0000] {taskinstance.py:2603} INFO - Dependencies all met for dep_context=requeueable deps ti=<TaskInstance: stock_analytics_incremental_etl_pipeline_v2.bronze_ingestion scheduled__2026-01-03T00:00:00+00:00 [queued]>
[2026-01-04T06:00:34.825+0000] {taskinstance.py:2856} INFO - Starting attempt 1 of 1
[2026-01-04T06:00:34.881+0000] {taskinstance.py:2879} INFO - Executing <Task(BashOperator): bronze_ingestion> on 2026-01-03 00:00:00+00:00
[2026-01-04T06:00:34.912+0000] {warnings.py:112} WARNING - /home/***/.local/lib/python3.12/site-packages/***/task/task_runner/standard_task_runner.py:70: DeprecationWarning: This process (pid=134) is multi-threaded, use of fork() may lead to deadlocks in the child.
  pid = os.fork()

[2026-01-04T06:00:34.918+0000] {standard_task_runner.py:72} INFO - Started process 137 to run task
[2026-01-04T06:00:34.923+0000] {standard_task_runner.py:104} INFO - Running: ['***', 'tasks', 'run', 'stock_analytics_incremental_etl_pipeline_v2', 'bronze_ingestion', 'scheduled__2026-01-03T00:00:00+00:00', '--job-id', '5', '--raw', '--subdir', 'DAGS_FOLDER/stock_analytics_etl_dag.py', '--cfg-path', '/tmp/tmplmwexrc5']
[2026-01-04T06:00:34.928+0000] {standard_task_runner.py:105} INFO - Job 5: Subtask bronze_ingestion
[2026-01-04T06:00:35.171+0000] {task_command.py:467} INFO - Running <TaskInstance: stock_analytics_incremental_etl_pipeline_v2.bronze_ingestion scheduled__2026-01-03T00:00:00+00:00 [running]> on host 6f227fe6d49b
[2026-01-04T06:00:35.523+0000] {taskinstance.py:3122} INFO - Exporting env vars: AIRFLOW_CTX_DAG_EMAIL='pranathi2314@gmail.com' AIRFLOW_CTX_DAG_OWNER='***' AIRFLOW_CTX_DAG_ID='stock_analytics_incremental_etl_pipeline_v2' AIRFLOW_CTX_TASK_ID='bronze_ingestion' AIRFLOW_CTX_EXECUTION_DATE='2026-01-03T00:00:00+00:00' AIRFLOW_CTX_TRY_NUMBER='1' AIRFLOW_CTX_DAG_RUN_ID='scheduled__2026-01-03T00:00:00+00:00'
[2026-01-04T06:00:35.530+0000] {logging_mixin.py:190} INFO - Task instance is in running state
[2026-01-04T06:00:35.532+0000] {logging_mixin.py:190} INFO -  Previous state of the Task instance: queued
[2026-01-04T06:00:35.534+0000] {logging_mixin.py:190} INFO - Current task name:bronze_ingestion state:running start_date:2026-01-04 06:00:34.789409+00:00
[2026-01-04T06:00:35.535+0000] {logging_mixin.py:190} INFO - Dag name:stock_analytics_incremental_etl_pipeline_v2 and current dag run status:running
[2026-01-04T06:00:35.537+0000] {taskinstance.py:731} INFO - ::endgroup::
[2026-01-04T06:00:35.539+0000] {subprocess.py:63} INFO - Tmp dir root location: /tmp
[2026-01-04T06:00:35.544+0000] {subprocess.py:75} INFO - Running command: ['/usr/bin/bash', '-c', 'python /opt/***/project/Data/Bronze/bronze_layer.py']
[2026-01-04T06:00:35.599+0000] {subprocess.py:86} INFO - Output:
[2026-01-04T06:00:36.524+0000] {subprocess.py:97} INFO - Command exited with return code 0
[2026-01-04T06:00:36.604+0000] {taskinstance.py:340} INFO - ::group::Post task execution logs
[2026-01-04T06:00:36.606+0000] {taskinstance.py:352} INFO - Marking task as SUCCESS. dag_id=stock_analytics_incremental_etl_pipeline_v2, task_id=bronze_ingestion, run_id=scheduled__2026-01-03T00:00:00+00:00, execution_date=20260103T000000, start_date=20260104T060034, end_date=20260104T060036
[2026-01-04T06:00:36.667+0000] {logging_mixin.py:190} INFO - Task instance in success state
[2026-01-04T06:00:36.672+0000] {logging_mixin.py:190} INFO -  Previous state of the Task instance: running
[2026-01-04T06:00:36.674+0000] {logging_mixin.py:190} INFO - Dag name:stock_analytics_incremental_etl_pipeline_v2 queued_at:2026-01-04 06:00:15.257717+00:00
[2026-01-04T06:00:36.676+0000] {logging_mixin.py:190} INFO - Task hostname:6f227fe6d49b operator:BashOperator
[2026-01-04T06:00:36.746+0000] {local_task_job_runner.py:261} INFO - Task exited with return code 0
[2026-01-04T06:00:36.858+0000] {taskinstance.py:3891} INFO - 1 downstream tasks scheduled from follow-on schedule check
[2026-01-04T06:00:36.877+0000] {local_task_job_runner.py:240} INFO - ::endgroup::
[2026-01-04T06:05:28.647+0000] {local_task_job_runner.py:123} INFO - ::group::Pre task execution logs
[2026-01-04T06:05:28.668+0000] {taskinstance.py:2603} INFO - Dependencies all met for dep_context=non-requeueable deps ti=<TaskInstance: stock_analytics_incremental_etl_pipeline_v2.bronze_ingestion scheduled__2026-01-03T00:00:00+00:00 [queued]>
[2026-01-04T06:05:28.677+0000] {taskinstance.py:2603} INFO - Dependencies all met for dep_context=requeueable deps ti=<TaskInstance: stock_analytics_incremental_etl_pipeline_v2.bronze_ingestion scheduled__2026-01-03T00:00:00+00:00 [queued]>
[2026-01-04T06:05:28.678+0000] {taskinstance.py:2856} INFO - Starting attempt 1 of 1
[2026-01-04T06:05:28.691+0000] {taskinstance.py:2879} INFO - Executing <Task(BashOperator): bronze_ingestion> on 2026-01-03 00:00:00+00:00
[2026-01-04T06:05:28.701+0000] {warnings.py:112} WARNING - /home/***/.local/lib/python3.12/site-packages/***/task/task_runner/standard_task_runner.py:70: DeprecationWarning: This process (pid=133) is multi-threaded, use of fork() may lead to deadlocks in the child.
  pid = os.fork()

[2026-01-04T06:05:28.703+0000] {standard_task_runner.py:72} INFO - Started process 137 to run task
[2026-01-04T06:05:28.704+0000] {standard_task_runner.py:104} INFO - Running: ['***', 'tasks', 'run', 'stock_analytics_incremental_etl_pipeline_v2', 'bronze_ingestion', 'scheduled__2026-01-03T00:00:00+00:00', '--job-id', '5', '--raw', '--subdir', 'DAGS_FOLDER/stock_analytics_etl_dag.py', '--cfg-path', '/tmp/tmpiveab_2n']
[2026-01-04T06:05:28.706+0000] {standard_task_runner.py:105} INFO - Job 5: Subtask bronze_ingestion
[2026-01-04T06:05:28.823+0000] {task_command.py:467} INFO - Running <TaskInstance: stock_analytics_incremental_etl_pipeline_v2.bronze_ingestion scheduled__2026-01-03T00:00:00+00:00 [running]> on host 3409793214f1
[2026-01-04T06:05:28.914+0000] {taskinstance.py:3122} INFO - Exporting env vars: AIRFLOW_CTX_DAG_EMAIL='pranathi2314@gmail.com' AIRFLOW_CTX_DAG_OWNER='***' AIRFLOW_CTX_DAG_ID='stock_analytics_incremental_etl_pipeline_v2' AIRFLOW_CTX_TASK_ID='bronze_ingestion' AIRFLOW_CTX_EXECUTION_DATE='2026-01-03T00:00:00+00:00' AIRFLOW_CTX_TRY_NUMBER='1' AIRFLOW_CTX_DAG_RUN_ID='scheduled__2026-01-03T00:00:00+00:00'
[2026-01-04T06:05:28.916+0000] {logging_mixin.py:190} INFO - Task instance is in running state
[2026-01-04T06:05:28.917+0000] {logging_mixin.py:190} INFO -  Previous state of the Task instance: queued
[2026-01-04T06:05:28.918+0000] {logging_mixin.py:190} INFO - Current task name:bronze_ingestion state:running start_date:2026-01-04 06:05:28.669687+00:00
[2026-01-04T06:05:28.918+0000] {logging_mixin.py:190} INFO - Dag name:stock_analytics_incremental_etl_pipeline_v2 and current dag run status:running
[2026-01-04T06:05:28.919+0000] {taskinstance.py:731} INFO - ::endgroup::
[2026-01-04T06:05:28.920+0000] {subprocess.py:63} INFO - Tmp dir root location: /tmp
[2026-01-04T06:05:28.922+0000] {subprocess.py:75} INFO - Running command: ['/usr/bin/bash', '-c', 'python /opt/***/project/Data/Bronze/bronze_layer.py']
[2026-01-04T06:05:28.935+0000] {subprocess.py:86} INFO - Output:
[2026-01-04T06:05:29.300+0000] {subprocess.py:97} INFO - Command exited with return code 0
[2026-01-04T06:05:29.348+0000] {taskinstance.py:340} INFO - ::group::Post task execution logs
[2026-01-04T06:05:29.350+0000] {taskinstance.py:352} INFO - Marking task as SUCCESS. dag_id=stock_analytics_incremental_etl_pipeline_v2, task_id=bronze_ingestion, run_id=scheduled__2026-01-03T00:00:00+00:00, execution_date=20260103T000000, start_date=20260104T060528, end_date=20260104T060529
[2026-01-04T06:05:29.369+0000] {logging_mixin.py:190} INFO - Task instance in success state
[2026-01-04T06:05:29.372+0000] {logging_mixin.py:190} INFO -  Previous state of the Task instance: running
[2026-01-04T06:05:29.373+0000] {logging_mixin.py:190} INFO - Dag name:stock_analytics_incremental_etl_pipeline_v2 queued_at:2026-01-04 06:05:19.608568+00:00
[2026-01-04T06:05:29.373+0000] {logging_mixin.py:190} INFO - Task hostname:3409793214f1 operator:BashOperator
[2026-01-04T06:05:29.402+0000] {local_task_job_runner.py:261} INFO - Task exited with return code 0
[2026-01-04T06:05:29.443+0000] {taskinstance.py:3891} INFO - 1 downstream tasks scheduled from follow-on schedule check
[2026-01-04T06:05:29.446+0000] {local_task_job_runner.py:240} INFO - ::endgroup::
[2026-01-04T06:18:46.193+0000] {local_task_job_runner.py:123} INFO - ::group::Pre task execution logs
[2026-01-04T06:18:46.220+0000] {taskinstance.py:2603} INFO - Dependencies all met for dep_context=non-requeueable deps ti=<TaskInstance: stock_analytics_incremental_etl_pipeline_v2.bronze_ingestion scheduled__2026-01-03T00:00:00+00:00 [queued]>
[2026-01-04T06:18:46.233+0000] {taskinstance.py:2603} INFO - Dependencies all met for dep_context=requeueable deps ti=<TaskInstance: stock_analytics_incremental_etl_pipeline_v2.bronze_ingestion scheduled__2026-01-03T00:00:00+00:00 [queued]>
[2026-01-04T06:18:46.234+0000] {taskinstance.py:2856} INFO - Starting attempt 1 of 3
[2026-01-04T06:18:46.252+0000] {taskinstance.py:2879} INFO - Executing <Task(BashOperator): bronze_ingestion> on 2026-01-03 00:00:00+00:00
[2026-01-04T06:18:46.264+0000] {warnings.py:112} WARNING - /home/***/.local/lib/python3.12/site-packages/***/task/task_runner/standard_task_runner.py:70: DeprecationWarning: This process (pid=135) is multi-threaded, use of fork() may lead to deadlocks in the child.
  pid = os.fork()

[2026-01-04T06:18:46.267+0000] {standard_task_runner.py:72} INFO - Started process 140 to run task
[2026-01-04T06:18:46.267+0000] {standard_task_runner.py:104} INFO - Running: ['***', 'tasks', 'run', 'stock_analytics_incremental_etl_pipeline_v2', 'bronze_ingestion', 'scheduled__2026-01-03T00:00:00+00:00', '--job-id', '6', '--raw', '--subdir', 'DAGS_FOLDER/stock_analytics_etl_dag.py', '--cfg-path', '/tmp/tmpqon685w_']
[2026-01-04T06:18:46.270+0000] {standard_task_runner.py:105} INFO - Job 6: Subtask bronze_ingestion
[2026-01-04T06:18:46.372+0000] {task_command.py:467} INFO - Running <TaskInstance: stock_analytics_incremental_etl_pipeline_v2.bronze_ingestion scheduled__2026-01-03T00:00:00+00:00 [running]> on host b5f3b83aa317
[2026-01-04T06:18:46.485+0000] {taskinstance.py:3122} INFO - Exporting env vars: AIRFLOW_CTX_DAG_EMAIL='pranathi2314@gmail.com' AIRFLOW_CTX_DAG_OWNER='***' AIRFLOW_CTX_DAG_ID='stock_analytics_incremental_etl_pipeline_v2' AIRFLOW_CTX_TASK_ID='bronze_ingestion' AIRFLOW_CTX_EXECUTION_DATE='2026-01-03T00:00:00+00:00' AIRFLOW_CTX_TRY_NUMBER='1' AIRFLOW_CTX_DAG_RUN_ID='scheduled__2026-01-03T00:00:00+00:00'
[2026-01-04T06:18:46.488+0000] {logging_mixin.py:190} INFO - Task instance is in running state
[2026-01-04T06:18:46.489+0000] {logging_mixin.py:190} INFO -  Previous state of the Task instance: queued
[2026-01-04T06:18:46.490+0000] {logging_mixin.py:190} INFO - Current task name:bronze_ingestion state:running start_date:2026-01-04 06:18:46.222449+00:00
[2026-01-04T06:18:46.491+0000] {logging_mixin.py:190} INFO - Dag name:stock_analytics_incremental_etl_pipeline_v2 and current dag run status:running
[2026-01-04T06:18:46.492+0000] {taskinstance.py:731} INFO - ::endgroup::
[2026-01-04T06:18:46.493+0000] {subprocess.py:63} INFO - Tmp dir root location: /tmp
[2026-01-04T06:18:46.494+0000] {subprocess.py:75} INFO - Running command: ['/usr/bin/bash', '-c', 'python /opt/***/project/Data/Bronze/bronze_layer.py']
[2026-01-04T06:18:46.510+0000] {subprocess.py:86} INFO - Output:
[2026-01-04T06:18:46.987+0000] {subprocess.py:97} INFO - Command exited with return code 0
[2026-01-04T06:18:47.023+0000] {taskinstance.py:340} INFO - ::group::Post task execution logs
[2026-01-04T06:18:47.024+0000] {taskinstance.py:352} INFO - Marking task as SUCCESS. dag_id=stock_analytics_incremental_etl_pipeline_v2, task_id=bronze_ingestion, run_id=scheduled__2026-01-03T00:00:00+00:00, execution_date=20260103T000000, start_date=20260104T061846, end_date=20260104T061847
[2026-01-04T06:18:47.038+0000] {logging_mixin.py:190} INFO - Task instance in success state
[2026-01-04T06:18:47.039+0000] {logging_mixin.py:190} INFO -  Previous state of the Task instance: running
[2026-01-04T06:18:47.040+0000] {logging_mixin.py:190} INFO - Dag name:stock_analytics_incremental_etl_pipeline_v2 queued_at:2026-01-04 06:18:27.989548+00:00
[2026-01-04T06:18:47.041+0000] {logging_mixin.py:190} INFO - Task hostname:b5f3b83aa317 operator:BashOperator
[2026-01-04T06:18:47.086+0000] {local_task_job_runner.py:261} INFO - Task exited with return code 0
[2026-01-04T06:18:47.124+0000] {taskinstance.py:3891} INFO - 1 downstream tasks scheduled from follow-on schedule check
[2026-01-04T06:18:47.127+0000] {local_task_job_runner.py:240} INFO - ::endgroup::
