[2026-01-03T09:14:59.115+0000] {local_task_job_runner.py:123} INFO - ::group::Pre task execution logs
[2026-01-03T09:14:59.153+0000] {taskinstance.py:2603} INFO - Dependencies all met for dep_context=non-requeueable deps ti=<TaskInstance: stock_analytics_incremental_etl_pipeline_v2.gold_layer_analytics manual__2026-01-03T09:14:37.368835+00:00 [queued]>
[2026-01-03T09:14:59.177+0000] {taskinstance.py:2603} INFO - Dependencies all met for dep_context=requeueable deps ti=<TaskInstance: stock_analytics_incremental_etl_pipeline_v2.gold_layer_analytics manual__2026-01-03T09:14:37.368835+00:00 [queued]>
[2026-01-03T09:14:59.179+0000] {taskinstance.py:2856} INFO - Starting attempt 1 of 3
[2026-01-03T09:14:59.209+0000] {taskinstance.py:2879} INFO - Executing <Task(DatabricksRunNowOperator): gold_layer_analytics> on 2026-01-03 09:14:37.368835+00:00
[2026-01-03T09:14:59.232+0000] {warnings.py:112} WARNING - /home/***/.local/lib/python3.12/site-packages/***/task/task_runner/standard_task_runner.py:70: DeprecationWarning: This process (pid=153) is multi-threaded, use of fork() may lead to deadlocks in the child.
  pid = os.fork()

[2026-01-03T09:14:59.239+0000] {standard_task_runner.py:72} INFO - Started process 155 to run task
[2026-01-03T09:14:59.245+0000] {standard_task_runner.py:104} INFO - Running: ['***', 'tasks', 'run', 'stock_analytics_incremental_etl_pipeline_v2', 'gold_layer_analytics', 'manual__2026-01-03T09:14:37.368835+00:00', '--job-id', '321', '--raw', '--subdir', 'DAGS_FOLDER/stock_analytics_etl_dag.py', '--cfg-path', '/tmp/tmpjqqi1qtd']
[2026-01-03T09:14:59.248+0000] {standard_task_runner.py:105} INFO - Job 321: Subtask gold_layer_analytics
[2026-01-03T09:14:59.436+0000] {task_command.py:467} INFO - Running <TaskInstance: stock_analytics_incremental_etl_pipeline_v2.gold_layer_analytics manual__2026-01-03T09:14:37.368835+00:00 [running]> on host 051934cfc0a4
[2026-01-03T09:14:59.612+0000] {taskinstance.py:3122} INFO - Exporting env vars: AIRFLOW_CTX_DAG_OWNER='***' AIRFLOW_CTX_DAG_ID='stock_analytics_incremental_etl_pipeline_v2' AIRFLOW_CTX_TASK_ID='gold_layer_analytics' AIRFLOW_CTX_EXECUTION_DATE='2026-01-03T09:14:37.368835+00:00' AIRFLOW_CTX_TRY_NUMBER='1' AIRFLOW_CTX_DAG_RUN_ID='manual__2026-01-03T09:14:37.368835+00:00'
[2026-01-03T09:14:59.619+0000] {logging_mixin.py:190} INFO - Task instance is in running state
[2026-01-03T09:14:59.620+0000] {logging_mixin.py:190} INFO -  Previous state of the Task instance: queued
[2026-01-03T09:14:59.621+0000] {logging_mixin.py:190} INFO - Current task name:gold_layer_analytics state:running start_date:2026-01-03 09:14:59.155685+00:00
[2026-01-03T09:14:59.622+0000] {logging_mixin.py:190} INFO - Dag name:stock_analytics_incremental_etl_pipeline_v2 and current dag run status:running
[2026-01-03T09:14:59.623+0000] {taskinstance.py:731} INFO - ::endgroup::
[2026-01-03T09:14:59.648+0000] {base.py:84} INFO - Retrieving connection 'databricks_default'
[2026-01-03T09:14:59.652+0000] {databricks_base.py:461} INFO - Using token auth. For security reasons, please set token in Password field instead of extra
[2026-01-03T09:15:00.068+0000] {databricks.py:66} INFO - Run submitted with run_id: 577049634977262
[2026-01-03T09:15:00.069+0000] {databricks_base.py:461} INFO - Using token auth. For security reasons, please set token in Password field instead of extra
[2026-01-03T09:15:00.305+0000] {databricks_base.py:461} INFO - Using token auth. For security reasons, please set token in Password field instead of extra
[2026-01-03T09:15:00.473+0000] {databricks.py:118} INFO - gold_layer_analytics in run state: {'life_cycle_state': 'RUNNING', 'result_state': '', 'state_message': ''}
[2026-01-03T09:15:00.476+0000] {databricks.py:119} INFO - View run status, Spark UI, and logs at https://adb-7405617267455896.16.azuredatabricks.net/?o=7405617267455896#job/68731414949078/run/577049634977262
[2026-01-03T09:15:00.477+0000] {databricks.py:120} INFO - Sleeping for 30 seconds.
[2026-01-03T09:15:30.475+0000] {databricks_base.py:461} INFO - Using token auth. For security reasons, please set token in Password field instead of extra
[2026-01-03T09:15:30.678+0000] {databricks.py:118} INFO - gold_layer_analytics in run state: {'life_cycle_state': 'RUNNING', 'result_state': '', 'state_message': ''}
[2026-01-03T09:15:30.679+0000] {databricks.py:119} INFO - View run status, Spark UI, and logs at https://adb-7405617267455896.16.azuredatabricks.net/?o=7405617267455896#job/68731414949078/run/577049634977262
[2026-01-03T09:15:30.681+0000] {databricks.py:120} INFO - Sleeping for 30 seconds.
[2026-01-03T09:16:00.682+0000] {databricks_base.py:461} INFO - Using token auth. For security reasons, please set token in Password field instead of extra
[2026-01-03T09:16:00.982+0000] {databricks.py:118} INFO - gold_layer_analytics in run state: {'life_cycle_state': 'RUNNING', 'result_state': '', 'state_message': ''}
[2026-01-03T09:16:00.984+0000] {databricks.py:119} INFO - View run status, Spark UI, and logs at https://adb-7405617267455896.16.azuredatabricks.net/?o=7405617267455896#job/68731414949078/run/577049634977262
[2026-01-03T09:16:00.986+0000] {databricks.py:120} INFO - Sleeping for 30 seconds.
[2026-01-03T09:16:30.987+0000] {databricks_base.py:461} INFO - Using token auth. For security reasons, please set token in Password field instead of extra
[2026-01-03T09:16:31.151+0000] {databricks.py:77} INFO - gold_layer_analytics completed successfully.
[2026-01-03T09:16:31.153+0000] {databricks.py:78} INFO - View run status, Spark UI, and logs at https://adb-7405617267455896.16.azuredatabricks.net/?o=7405617267455896#job/68731414949078/run/577049634977262
[2026-01-03T09:16:31.171+0000] {taskinstance.py:340} INFO - ::group::Post task execution logs
[2026-01-03T09:16:31.172+0000] {taskinstance.py:352} INFO - Marking task as SUCCESS. dag_id=stock_analytics_incremental_etl_pipeline_v2, task_id=gold_layer_analytics, run_id=manual__2026-01-03T09:14:37.368835+00:00, execution_date=20260103T091437, start_date=20260103T091459, end_date=20260103T091631
[2026-01-03T09:16:31.195+0000] {logging_mixin.py:190} INFO - Task instance in success state
[2026-01-03T09:16:31.196+0000] {logging_mixin.py:190} INFO -  Previous state of the Task instance: running
[2026-01-03T09:16:31.197+0000] {logging_mixin.py:190} INFO - Dag name:stock_analytics_incremental_etl_pipeline_v2 queued_at:2026-01-03 09:14:37.753299+00:00
[2026-01-03T09:16:31.198+0000] {logging_mixin.py:190} INFO - Task hostname:051934cfc0a4 operator:DatabricksRunNowOperator
[2026-01-03T09:16:31.228+0000] {local_task_job_runner.py:261} INFO - Task exited with return code 0
[2026-01-03T09:16:31.266+0000] {taskinstance.py:3891} INFO - 1 downstream tasks scheduled from follow-on schedule check
[2026-01-03T09:16:31.269+0000] {local_task_job_runner.py:240} INFO - ::endgroup::
