[2026-01-05T17:18:11.843+0000] {local_task_job_runner.py:123} INFO - ::group::Pre task execution logs
[2026-01-05T17:18:11.914+0000] {taskinstance.py:2603} INFO - Dependencies all met for dep_context=non-requeueable deps ti=<TaskInstance: stock_analytics_incremental_etl_pipeline_v2.gold_layer_analytics scheduled__2026-01-04T00:00:00+00:00 [queued]>
[2026-01-05T17:18:11.941+0000] {taskinstance.py:2603} INFO - Dependencies all met for dep_context=requeueable deps ti=<TaskInstance: stock_analytics_incremental_etl_pipeline_v2.gold_layer_analytics scheduled__2026-01-04T00:00:00+00:00 [queued]>
[2026-01-05T17:18:11.944+0000] {taskinstance.py:2856} INFO - Starting attempt 1 of 3
[2026-01-05T17:18:11.986+0000] {taskinstance.py:2879} INFO - Executing <Task(DatabricksRunNowOperator): gold_layer_analytics> on 2026-01-04 00:00:00+00:00
[2026-01-05T17:18:12.014+0000] {warnings.py:112} WARNING - /home/***/.local/lib/python3.12/site-packages/***/task/task_runner/standard_task_runner.py:70: DeprecationWarning: This process (pid=141) is multi-threaded, use of fork() may lead to deadlocks in the child.
  pid = os.fork()

[2026-01-05T17:18:12.023+0000] {standard_task_runner.py:72} INFO - Started process 143 to run task
[2026-01-05T17:18:12.033+0000] {standard_task_runner.py:104} INFO - Running: ['***', 'tasks', 'run', 'stock_analytics_incremental_etl_pipeline_v2', 'gold_layer_analytics', 'scheduled__2026-01-04T00:00:00+00:00', '--job-id', '20', '--raw', '--subdir', 'DAGS_FOLDER/stock_analytics_etl_dag.py', '--cfg-path', '/tmp/tmp0motobyd']
[2026-01-05T17:18:12.038+0000] {standard_task_runner.py:105} INFO - Job 20: Subtask gold_layer_analytics
[2026-01-05T17:18:12.279+0000] {task_command.py:467} INFO - Running <TaskInstance: stock_analytics_incremental_etl_pipeline_v2.gold_layer_analytics scheduled__2026-01-04T00:00:00+00:00 [running]> on host f557928c3fb2
[2026-01-05T17:18:12.428+0000] {taskinstance.py:3122} INFO - Exporting env vars: AIRFLOW_CTX_DAG_EMAIL='pranathi2314@gmail.com' AIRFLOW_CTX_DAG_OWNER='***' AIRFLOW_CTX_DAG_ID='stock_analytics_incremental_etl_pipeline_v2' AIRFLOW_CTX_TASK_ID='gold_layer_analytics' AIRFLOW_CTX_EXECUTION_DATE='2026-01-04T00:00:00+00:00' AIRFLOW_CTX_TRY_NUMBER='1' AIRFLOW_CTX_DAG_RUN_ID='scheduled__2026-01-04T00:00:00+00:00'
[2026-01-05T17:18:12.437+0000] {taskinstance.py:3192} ERROR - Failed when executing execute callback
Traceback (most recent call last):
  File "/home/airflow/.local/lib/python3.12/site-packages/airflow/models/taskinstance.py", line 3190, in _run_execute_callback
    callback(context)
  File "/opt/airflow/dags/stock_analytics_etl_dag.py", line 77, in gold_on_execute
    f"Gold layer started | Databricks job_id={context['task'].job_id} | "
                                              ^^^^^^^^^^^^^^^^^^^^^^
AttributeError: 'DatabricksRunNowOperator' object has no attribute 'job_id'
[2026-01-05T17:18:12.448+0000] {logging_mixin.py:190} INFO - Task instance is in running state
[2026-01-05T17:18:12.449+0000] {logging_mixin.py:190} INFO -  Previous state of the Task instance: queued
[2026-01-05T17:18:12.450+0000] {logging_mixin.py:190} INFO - Current task name:gold_layer_analytics state:running start_date:2026-01-05 17:18:11.919810+00:00
[2026-01-05T17:18:12.450+0000] {logging_mixin.py:190} INFO - Dag name:stock_analytics_incremental_etl_pipeline_v2 and current dag run status:running
[2026-01-05T17:18:12.451+0000] {taskinstance.py:731} INFO - ::endgroup::
[2026-01-05T17:18:12.469+0000] {base.py:84} INFO - Retrieving connection 'databricks_default'
[2026-01-05T17:18:12.472+0000] {databricks_base.py:461} INFO - Using token auth. For security reasons, please set token in Password field instead of extra
[2026-01-05T17:18:13.366+0000] {databricks.py:66} INFO - Run submitted with run_id: 553304680965456
[2026-01-05T17:18:13.367+0000] {databricks_base.py:461} INFO - Using token auth. For security reasons, please set token in Password field instead of extra
[2026-01-05T17:18:13.565+0000] {databricks_base.py:461} INFO - Using token auth. For security reasons, please set token in Password field instead of extra
[2026-01-05T17:18:13.764+0000] {databricks.py:118} INFO - gold_layer_analytics in run state: {'life_cycle_state': 'RUNNING', 'result_state': '', 'state_message': ''}
[2026-01-05T17:18:13.765+0000] {databricks.py:119} INFO - View run status, Spark UI, and logs at https://adb-7405617267455896.16.azuredatabricks.net/?o=7405617267455896#job/68731414949078/run/553304680965456
[2026-01-05T17:18:13.766+0000] {databricks.py:120} INFO - Sleeping for 30 seconds.
[2026-01-05T17:18:43.768+0000] {databricks_base.py:461} INFO - Using token auth. For security reasons, please set token in Password field instead of extra
[2026-01-05T17:18:44.163+0000] {databricks.py:118} INFO - gold_layer_analytics in run state: {'life_cycle_state': 'RUNNING', 'result_state': '', 'state_message': ''}
[2026-01-05T17:18:44.164+0000] {databricks.py:119} INFO - View run status, Spark UI, and logs at https://adb-7405617267455896.16.azuredatabricks.net/?o=7405617267455896#job/68731414949078/run/553304680965456
[2026-01-05T17:18:44.165+0000] {databricks.py:120} INFO - Sleeping for 30 seconds.
[2026-01-05T17:19:14.161+0000] {databricks_base.py:461} INFO - Using token auth. For security reasons, please set token in Password field instead of extra
[2026-01-05T17:19:14.570+0000] {databricks.py:118} INFO - gold_layer_analytics in run state: {'life_cycle_state': 'RUNNING', 'result_state': '', 'state_message': ''}
[2026-01-05T17:19:14.571+0000] {databricks.py:119} INFO - View run status, Spark UI, and logs at https://adb-7405617267455896.16.azuredatabricks.net/?o=7405617267455896#job/68731414949078/run/553304680965456
[2026-01-05T17:19:14.575+0000] {databricks.py:120} INFO - Sleeping for 30 seconds.
[2026-01-05T17:19:44.578+0000] {databricks_base.py:461} INFO - Using token auth. For security reasons, please set token in Password field instead of extra
[2026-01-05T17:19:45.090+0000] {databricks.py:77} INFO - gold_layer_analytics completed successfully.
[2026-01-05T17:19:45.091+0000] {databricks.py:78} INFO - View run status, Spark UI, and logs at https://adb-7405617267455896.16.azuredatabricks.net/?o=7405617267455896#job/68731414949078/run/553304680965456
[2026-01-05T17:19:45.106+0000] {taskinstance.py:340} INFO - ::group::Post task execution logs
[2026-01-05T17:19:45.107+0000] {taskinstance.py:352} INFO - Marking task as SUCCESS. dag_id=stock_analytics_incremental_etl_pipeline_v2, task_id=gold_layer_analytics, run_id=scheduled__2026-01-04T00:00:00+00:00, execution_date=20260104T000000, start_date=20260105T171811, end_date=20260105T171945
[2026-01-05T17:19:45.108+0000] {taskinstance.py:1554} INFO - Executing gold_on_success callback
[2026-01-05T17:19:45.111+0000] {taskinstance.py:1558} ERROR - Error when executing gold_on_success callback
Traceback (most recent call last):
  File "/home/airflow/.local/lib/python3.12/site-packages/airflow/models/taskinstance.py", line 1556, in _run_finished_callback
    callback(context)
  File "/opt/airflow/dags/stock_analytics_etl_dag.py", line 85, in gold_on_success
    f"Databricks job_id={context['task'].job_id} | "
                         ^^^^^^^^^^^^^^^^^^^^^^
AttributeError: 'DatabricksRunNowOperator' object has no attribute 'job_id'
[2026-01-05T17:19:45.128+0000] {logging_mixin.py:190} INFO - Task instance in success state
[2026-01-05T17:19:45.129+0000] {logging_mixin.py:190} INFO -  Previous state of the Task instance: running
[2026-01-05T17:19:45.130+0000] {logging_mixin.py:190} INFO - Dag name:stock_analytics_incremental_etl_pipeline_v2 queued_at:2026-01-05 17:17:42.620686+00:00
[2026-01-05T17:19:45.131+0000] {logging_mixin.py:190} INFO - Task hostname:f557928c3fb2 operator:DatabricksRunNowOperator
[2026-01-05T17:19:45.155+0000] {local_task_job_runner.py:261} INFO - Task exited with return code 0
[2026-01-05T17:19:45.182+0000] {taskinstance.py:3891} INFO - 1 downstream tasks scheduled from follow-on schedule check
[2026-01-05T17:19:45.185+0000] {local_task_job_runner.py:240} INFO - ::endgroup::
