[2026-01-05T17:19:47.869+0000] {local_task_job_runner.py:123} INFO - ::group::Pre task execution logs
[2026-01-05T17:19:47.887+0000] {taskinstance.py:2603} INFO - Dependencies all met for dep_context=non-requeueable deps ti=<TaskInstance: stock_analytics_incremental_etl_pipeline_v2.update_last_run_time scheduled__2026-01-04T00:00:00+00:00 [queued]>
[2026-01-05T17:19:47.898+0000] {taskinstance.py:2603} INFO - Dependencies all met for dep_context=requeueable deps ti=<TaskInstance: stock_analytics_incremental_etl_pipeline_v2.update_last_run_time scheduled__2026-01-04T00:00:00+00:00 [queued]>
[2026-01-05T17:19:47.905+0000] {taskinstance.py:2856} INFO - Starting attempt 1 of 3
[2026-01-05T17:19:47.920+0000] {taskinstance.py:2879} INFO - Executing <Task(PythonOperator): update_last_run_time> on 2026-01-04 00:00:00+00:00
[2026-01-05T17:19:47.928+0000] {warnings.py:112} WARNING - /home/***/.local/lib/python3.12/site-packages/***/task/task_runner/standard_task_runner.py:70: DeprecationWarning: This process (pid=186) is multi-threaded, use of fork() may lead to deadlocks in the child.
  pid = os.fork()

[2026-01-05T17:19:47.930+0000] {standard_task_runner.py:72} INFO - Started process 188 to run task
[2026-01-05T17:19:47.930+0000] {standard_task_runner.py:104} INFO - Running: ['***', 'tasks', 'run', 'stock_analytics_incremental_etl_pipeline_v2', 'update_last_run_time', 'scheduled__2026-01-04T00:00:00+00:00', '--job-id', '25', '--raw', '--subdir', 'DAGS_FOLDER/stock_analytics_etl_dag.py', '--cfg-path', '/tmp/tmpb3qkxzgj']
[2026-01-05T17:19:47.931+0000] {standard_task_runner.py:105} INFO - Job 25: Subtask update_last_run_time
[2026-01-05T17:19:48.016+0000] {task_command.py:467} INFO - Running <TaskInstance: stock_analytics_incremental_etl_pipeline_v2.update_last_run_time scheduled__2026-01-04T00:00:00+00:00 [running]> on host f557928c3fb2
[2026-01-05T17:19:48.125+0000] {taskinstance.py:3122} INFO - Exporting env vars: AIRFLOW_CTX_DAG_EMAIL='pranathi2314@gmail.com' AIRFLOW_CTX_DAG_OWNER='***' AIRFLOW_CTX_DAG_ID='stock_analytics_incremental_etl_pipeline_v2' AIRFLOW_CTX_TASK_ID='update_last_run_time' AIRFLOW_CTX_EXECUTION_DATE='2026-01-04T00:00:00+00:00' AIRFLOW_CTX_TRY_NUMBER='1' AIRFLOW_CTX_DAG_RUN_ID='scheduled__2026-01-04T00:00:00+00:00'
[2026-01-05T17:19:48.127+0000] {logging_mixin.py:190} INFO - Task instance is in running state
[2026-01-05T17:19:48.128+0000] {logging_mixin.py:190} INFO -  Previous state of the Task instance: queued
[2026-01-05T17:19:48.129+0000] {logging_mixin.py:190} INFO - Current task name:update_last_run_time state:running start_date:2026-01-05 17:19:47.889278+00:00
[2026-01-05T17:19:48.130+0000] {logging_mixin.py:190} INFO - Dag name:stock_analytics_incremental_etl_pipeline_v2 and current dag run status:running
[2026-01-05T17:19:48.130+0000] {taskinstance.py:731} INFO - ::endgroup::
[2026-01-05T17:19:48.140+0000] {crypto.py:82} WARNING - empty cryptography key - values will not be stored encrypted.
[2026-01-05T17:19:48.145+0000] {stock_analytics_etl_dag.py:50} INFO - Updated last successful run timestamp
[2026-01-05T17:19:48.146+0000] {python.py:240} INFO - Done. Returned value was: None
[2026-01-05T17:19:48.159+0000] {taskinstance.py:340} INFO - ::group::Post task execution logs
[2026-01-05T17:19:48.160+0000] {taskinstance.py:352} INFO - Marking task as SUCCESS. dag_id=stock_analytics_incremental_etl_pipeline_v2, task_id=update_last_run_time, run_id=scheduled__2026-01-04T00:00:00+00:00, execution_date=20260104T000000, start_date=20260105T171947, end_date=20260105T171948
[2026-01-05T17:19:48.169+0000] {logging_mixin.py:190} INFO - Task instance in success state
[2026-01-05T17:19:48.170+0000] {logging_mixin.py:190} INFO -  Previous state of the Task instance: running
[2026-01-05T17:19:48.170+0000] {logging_mixin.py:190} INFO - Dag name:stock_analytics_incremental_etl_pipeline_v2 queued_at:2026-01-05 17:17:42.620686+00:00
[2026-01-05T17:19:48.171+0000] {logging_mixin.py:190} INFO - Task hostname:f557928c3fb2 operator:PythonOperator
[2026-01-05T17:19:48.185+0000] {local_task_job_runner.py:261} INFO - Task exited with return code 0
[2026-01-05T17:19:48.206+0000] {taskinstance.py:3891} INFO - 0 downstream tasks scheduled from follow-on schedule check
[2026-01-05T17:19:48.208+0000] {local_task_job_runner.py:240} INFO - ::endgroup::
