[2026-01-06T08:24:46.306+0000] {local_task_job_runner.py:123} INFO - ::group::Pre task execution logs
[2026-01-06T08:24:46.356+0000] {taskinstance.py:2603} INFO - Dependencies all met for dep_context=non-requeueable deps ti=<TaskInstance: stock_analytics_incremental_etl_pipeline_v2.check_incremental_data manual__2026-01-06T08:24:39.407685+00:00 [queued]>
[2026-01-06T08:24:46.383+0000] {taskinstance.py:2603} INFO - Dependencies all met for dep_context=requeueable deps ti=<TaskInstance: stock_analytics_incremental_etl_pipeline_v2.check_incremental_data manual__2026-01-06T08:24:39.407685+00:00 [queued]>
[2026-01-06T08:24:46.385+0000] {taskinstance.py:2856} INFO - Starting attempt 1 of 3
[2026-01-06T08:24:46.411+0000] {taskinstance.py:2879} INFO - Executing <Task(PythonOperator): check_incremental_data> on 2026-01-06 08:24:39.407685+00:00
[2026-01-06T08:24:46.428+0000] {warnings.py:112} WARNING - /home/***/.local/lib/python3.12/site-packages/***/task/task_runner/standard_task_runner.py:70: DeprecationWarning: This process (pid=159) is multi-threaded, use of fork() may lead to deadlocks in the child.
  pid = os.fork()

[2026-01-06T08:24:46.433+0000] {standard_task_runner.py:104} INFO - Running: ['***', 'tasks', 'run', 'stock_analytics_incremental_etl_pipeline_v2', 'check_incremental_data', 'manual__2026-01-06T08:24:39.407685+00:00', '--job-id', '54', '--raw', '--subdir', 'DAGS_FOLDER/stock_analytics_etl_dag.py', '--cfg-path', '/tmp/tmpfnadk_ie']
[2026-01-06T08:24:46.435+0000] {standard_task_runner.py:72} INFO - Started process 161 to run task
[2026-01-06T08:24:46.435+0000] {standard_task_runner.py:105} INFO - Job 54: Subtask check_incremental_data
[2026-01-06T08:24:46.608+0000] {task_command.py:467} INFO - Running <TaskInstance: stock_analytics_incremental_etl_pipeline_v2.check_incremental_data manual__2026-01-06T08:24:39.407685+00:00 [running]> on host c895101612a9
[2026-01-06T08:24:46.936+0000] {taskinstance.py:3122} INFO - Exporting env vars: AIRFLOW_CTX_DAG_EMAIL='pranathi2314@gmail.com' AIRFLOW_CTX_DAG_OWNER='***' AIRFLOW_CTX_DAG_ID='stock_analytics_incremental_etl_pipeline_v2' AIRFLOW_CTX_TASK_ID='check_incremental_data' AIRFLOW_CTX_EXECUTION_DATE='2026-01-06T08:24:39.407685+00:00' AIRFLOW_CTX_TRY_NUMBER='1' AIRFLOW_CTX_DAG_RUN_ID='manual__2026-01-06T08:24:39.407685+00:00'
[2026-01-06T08:24:46.951+0000] {logging_mixin.py:190} INFO - Task instance is in running state
[2026-01-06T08:24:46.954+0000] {logging_mixin.py:190} INFO -  Previous state of the Task instance: queued
[2026-01-06T08:24:46.961+0000] {logging_mixin.py:190} INFO - Current task name:check_incremental_data state:running start_date:2026-01-06 08:24:46.357919+00:00
[2026-01-06T08:24:46.966+0000] {logging_mixin.py:190} INFO - Dag name:stock_analytics_incremental_etl_pipeline_v2 and current dag run status:running
[2026-01-06T08:24:46.971+0000] {taskinstance.py:731} INFO - ::endgroup::
[2026-01-06T08:24:47.029+0000] {stock_analytics_etl_dag.py:40} INFO - No new data detected.
[2026-01-06T08:24:47.033+0000] {python.py:240} INFO - Done. Returned value was: None
[2026-01-06T08:24:47.060+0000] {taskinstance.py:340} INFO - ::group::Post task execution logs
[2026-01-06T08:24:47.063+0000] {taskinstance.py:352} INFO - Marking task as SUCCESS. dag_id=stock_analytics_incremental_etl_pipeline_v2, task_id=check_incremental_data, run_id=manual__2026-01-06T08:24:39.407685+00:00, execution_date=20260106T082439, start_date=20260106T082446, end_date=20260106T082447
[2026-01-06T08:24:47.094+0000] {logging_mixin.py:190} INFO - Task instance in success state
[2026-01-06T08:24:47.095+0000] {logging_mixin.py:190} INFO -  Previous state of the Task instance: running
[2026-01-06T08:24:47.096+0000] {logging_mixin.py:190} INFO - Dag name:stock_analytics_incremental_etl_pipeline_v2 queued_at:2026-01-06 08:24:39.429386+00:00
[2026-01-06T08:24:47.098+0000] {logging_mixin.py:190} INFO - Task hostname:c895101612a9 operator:PythonOperator
[2026-01-06T08:24:47.157+0000] {local_task_job_runner.py:261} INFO - Task exited with return code 0
[2026-01-06T08:24:47.257+0000] {taskinstance.py:3891} INFO - 1 downstream tasks scheduled from follow-on schedule check
[2026-01-06T08:24:47.262+0000] {local_task_job_runner.py:240} INFO - ::endgroup::
