[2026-01-04T05:49:41.920+0000] {local_task_job_runner.py:123} INFO - ::group::Pre task execution logs
[2026-01-04T05:49:41.938+0000] {taskinstance.py:2603} INFO - Dependencies all met for dep_context=non-requeueable deps ti=<TaskInstance: stock_analytics_incremental_etl_pipeline_v2.bronze_ingestion manual__2026-01-04T05:49:32.522178+00:00 [queued]>
[2026-01-04T05:49:41.947+0000] {taskinstance.py:2603} INFO - Dependencies all met for dep_context=requeueable deps ti=<TaskInstance: stock_analytics_incremental_etl_pipeline_v2.bronze_ingestion manual__2026-01-04T05:49:32.522178+00:00 [queued]>
[2026-01-04T05:49:41.948+0000] {taskinstance.py:2856} INFO - Starting attempt 1 of 1
[2026-01-04T05:49:41.962+0000] {taskinstance.py:2879} INFO - Executing <Task(BashOperator): bronze_ingestion> on 2026-01-04 05:49:32.522178+00:00
[2026-01-04T05:49:41.971+0000] {warnings.py:112} WARNING - /home/***/.local/lib/python3.12/site-packages/***/task/task_runner/standard_task_runner.py:70: DeprecationWarning: This process (pid=130) is multi-threaded, use of fork() may lead to deadlocks in the child.
  pid = os.fork()

[2026-01-04T05:49:41.973+0000] {standard_task_runner.py:72} INFO - Started process 132 to run task
[2026-01-04T05:49:41.973+0000] {standard_task_runner.py:104} INFO - Running: ['***', 'tasks', 'run', 'stock_analytics_incremental_etl_pipeline_v2', 'bronze_ingestion', 'manual__2026-01-04T05:49:32.522178+00:00', '--job-id', '358', '--raw', '--subdir', 'DAGS_FOLDER/stock_analytics_etl_dag.py', '--cfg-path', '/tmp/tmph3_d6koy']
[2026-01-04T05:49:41.975+0000] {standard_task_runner.py:105} INFO - Job 358: Subtask bronze_ingestion
[2026-01-04T05:49:42.064+0000] {task_command.py:467} INFO - Running <TaskInstance: stock_analytics_incremental_etl_pipeline_v2.bronze_ingestion manual__2026-01-04T05:49:32.522178+00:00 [running]> on host 49a083e9d335
[2026-01-04T05:49:42.160+0000] {taskinstance.py:3122} INFO - Exporting env vars: AIRFLOW_CTX_DAG_EMAIL='pranathi2314@gmail.com' AIRFLOW_CTX_DAG_OWNER='***' AIRFLOW_CTX_DAG_ID='stock_analytics_incremental_etl_pipeline_v2' AIRFLOW_CTX_TASK_ID='bronze_ingestion' AIRFLOW_CTX_EXECUTION_DATE='2026-01-04T05:49:32.522178+00:00' AIRFLOW_CTX_TRY_NUMBER='1' AIRFLOW_CTX_DAG_RUN_ID='manual__2026-01-04T05:49:32.522178+00:00'
[2026-01-04T05:49:42.163+0000] {logging_mixin.py:190} INFO - Task instance is in running state
[2026-01-04T05:49:42.163+0000] {logging_mixin.py:190} INFO -  Previous state of the Task instance: queued
[2026-01-04T05:49:42.164+0000] {logging_mixin.py:190} INFO - Current task name:bronze_ingestion state:running start_date:2026-01-04 05:49:41.939910+00:00
[2026-01-04T05:49:42.165+0000] {logging_mixin.py:190} INFO - Dag name:stock_analytics_incremental_etl_pipeline_v2 and current dag run status:running
[2026-01-04T05:49:42.165+0000] {taskinstance.py:731} INFO - ::endgroup::
[2026-01-04T05:49:42.167+0000] {subprocess.py:63} INFO - Tmp dir root location: /tmp
[2026-01-04T05:49:42.169+0000] {subprocess.py:75} INFO - Running command: ['/usr/bin/bash', '-c', 'python /opt/***/project/Data/Bronze/bronze_layer.py']
[2026-01-04T05:49:42.181+0000] {subprocess.py:86} INFO - Output:
[2026-01-04T05:49:42.538+0000] {subprocess.py:97} INFO - Command exited with return code 0
[2026-01-04T05:49:42.570+0000] {taskinstance.py:340} INFO - ::group::Post task execution logs
[2026-01-04T05:49:42.571+0000] {taskinstance.py:352} INFO - Marking task as SUCCESS. dag_id=stock_analytics_incremental_etl_pipeline_v2, task_id=bronze_ingestion, run_id=manual__2026-01-04T05:49:32.522178+00:00, execution_date=20260104T054932, start_date=20260104T054941, end_date=20260104T054942
[2026-01-04T05:49:42.583+0000] {logging_mixin.py:190} INFO - Task instance in success state
[2026-01-04T05:49:42.584+0000] {logging_mixin.py:190} INFO -  Previous state of the Task instance: running
[2026-01-04T05:49:42.584+0000] {logging_mixin.py:190} INFO - Dag name:stock_analytics_incremental_etl_pipeline_v2 queued_at:2026-01-04 05:49:33.148298+00:00
[2026-01-04T05:49:42.585+0000] {logging_mixin.py:190} INFO - Task hostname:49a083e9d335 operator:BashOperator
[2026-01-04T05:49:42.632+0000] {local_task_job_runner.py:261} INFO - Task exited with return code 0
[2026-01-04T05:49:42.661+0000] {taskinstance.py:3891} INFO - 1 downstream tasks scheduled from follow-on schedule check
[2026-01-04T05:49:42.664+0000] {local_task_job_runner.py:240} INFO - ::endgroup::
