[2026-01-04T05:12:31.131+0000] {local_task_job_runner.py:123} INFO - ::group::Pre task execution logs
[2026-01-04T05:12:31.161+0000] {taskinstance.py:2603} INFO - Dependencies all met for dep_context=non-requeueable deps ti=<TaskInstance: stock_analytics_incremental_etl_pipeline_v2.gold_layer_analytics manual__2026-01-04T05:12:14.708162+00:00 [queued]>
[2026-01-04T05:12:31.179+0000] {taskinstance.py:2603} INFO - Dependencies all met for dep_context=requeueable deps ti=<TaskInstance: stock_analytics_incremental_etl_pipeline_v2.gold_layer_analytics manual__2026-01-04T05:12:14.708162+00:00 [queued]>
[2026-01-04T05:12:31.183+0000] {taskinstance.py:2856} INFO - Starting attempt 1 of 3
[2026-01-04T05:12:31.204+0000] {taskinstance.py:2879} INFO - Executing <Task(DatabricksRunNowOperator): gold_layer_analytics> on 2026-01-04 05:12:14.708162+00:00
[2026-01-04T05:12:31.214+0000] {warnings.py:112} WARNING - /home/***/.local/lib/python3.12/site-packages/***/task/task_runner/standard_task_runner.py:70: DeprecationWarning: This process (pid=169) is multi-threaded, use of fork() may lead to deadlocks in the child.
  pid = os.fork()

[2026-01-04T05:12:31.219+0000] {standard_task_runner.py:72} INFO - Started process 171 to run task
[2026-01-04T05:12:31.218+0000] {standard_task_runner.py:104} INFO - Running: ['***', 'tasks', 'run', 'stock_analytics_incremental_etl_pipeline_v2', 'gold_layer_analytics', 'manual__2026-01-04T05:12:14.708162+00:00', '--job-id', '334', '--raw', '--subdir', 'DAGS_FOLDER/stock_analytics_etl_dag.py', '--cfg-path', '/tmp/tmpa2livlg1']
[2026-01-04T05:12:31.220+0000] {standard_task_runner.py:105} INFO - Job 334: Subtask gold_layer_analytics
[2026-01-04T05:12:31.299+0000] {task_command.py:467} INFO - Running <TaskInstance: stock_analytics_incremental_etl_pipeline_v2.gold_layer_analytics manual__2026-01-04T05:12:14.708162+00:00 [running]> on host 8aefbc10c328
[2026-01-04T05:12:31.419+0000] {taskinstance.py:3122} INFO - Exporting env vars: AIRFLOW_CTX_DAG_OWNER='***' AIRFLOW_CTX_DAG_ID='stock_analytics_incremental_etl_pipeline_v2' AIRFLOW_CTX_TASK_ID='gold_layer_analytics' AIRFLOW_CTX_EXECUTION_DATE='2026-01-04T05:12:14.708162+00:00' AIRFLOW_CTX_TRY_NUMBER='1' AIRFLOW_CTX_DAG_RUN_ID='manual__2026-01-04T05:12:14.708162+00:00'
[2026-01-04T05:12:31.422+0000] {logging_mixin.py:190} INFO - Task instance is in running state
[2026-01-04T05:12:31.423+0000] {logging_mixin.py:190} INFO -  Previous state of the Task instance: queued
[2026-01-04T05:12:31.424+0000] {logging_mixin.py:190} INFO - Current task name:gold_layer_analytics state:running start_date:2026-01-04 05:12:31.162216+00:00
[2026-01-04T05:12:31.424+0000] {logging_mixin.py:190} INFO - Dag name:stock_analytics_incremental_etl_pipeline_v2 and current dag run status:running
[2026-01-04T05:12:31.425+0000] {taskinstance.py:731} INFO - ::endgroup::
[2026-01-04T05:12:31.443+0000] {base.py:84} INFO - Retrieving connection 'databricks_default'
[2026-01-04T05:12:31.446+0000] {databricks_base.py:461} INFO - Using token auth. For security reasons, please set token in Password field instead of extra
[2026-01-04T05:12:31.850+0000] {databricks.py:66} INFO - Run submitted with run_id: 113953814785612
[2026-01-04T05:12:31.852+0000] {databricks_base.py:461} INFO - Using token auth. For security reasons, please set token in Password field instead of extra
[2026-01-04T05:12:32.126+0000] {databricks_base.py:461} INFO - Using token auth. For security reasons, please set token in Password field instead of extra
[2026-01-04T05:12:32.486+0000] {databricks.py:118} INFO - gold_layer_analytics in run state: {'life_cycle_state': 'RUNNING', 'result_state': '', 'state_message': ''}
[2026-01-04T05:12:32.488+0000] {databricks.py:119} INFO - View run status, Spark UI, and logs at https://adb-7405617267455896.16.azuredatabricks.net/?o=7405617267455896#job/68731414949078/run/113953814785612
[2026-01-04T05:12:32.489+0000] {databricks.py:120} INFO - Sleeping for 30 seconds.
[2026-01-04T05:13:02.487+0000] {databricks_base.py:461} INFO - Using token auth. For security reasons, please set token in Password field instead of extra
[2026-01-04T05:13:02.750+0000] {databricks.py:118} INFO - gold_layer_analytics in run state: {'life_cycle_state': 'RUNNING', 'result_state': '', 'state_message': ''}
[2026-01-04T05:13:02.753+0000] {databricks.py:119} INFO - View run status, Spark UI, and logs at https://adb-7405617267455896.16.azuredatabricks.net/?o=7405617267455896#job/68731414949078/run/113953814785612
[2026-01-04T05:13:02.754+0000] {databricks.py:120} INFO - Sleeping for 30 seconds.
[2026-01-04T05:13:32.754+0000] {databricks_base.py:461} INFO - Using token auth. For security reasons, please set token in Password field instead of extra
[2026-01-04T05:13:32.936+0000] {databricks.py:118} INFO - gold_layer_analytics in run state: {'life_cycle_state': 'RUNNING', 'result_state': '', 'state_message': ''}
[2026-01-04T05:13:32.937+0000] {databricks.py:119} INFO - View run status, Spark UI, and logs at https://adb-7405617267455896.16.azuredatabricks.net/?o=7405617267455896#job/68731414949078/run/113953814785612
[2026-01-04T05:13:32.939+0000] {databricks.py:120} INFO - Sleeping for 30 seconds.
[2026-01-04T05:14:02.939+0000] {databricks_base.py:461} INFO - Using token auth. For security reasons, please set token in Password field instead of extra
[2026-01-04T05:14:03.185+0000] {databricks.py:77} INFO - gold_layer_analytics completed successfully.
[2026-01-04T05:14:03.186+0000] {databricks.py:78} INFO - View run status, Spark UI, and logs at https://adb-7405617267455896.16.azuredatabricks.net/?o=7405617267455896#job/68731414949078/run/113953814785612
[2026-01-04T05:14:03.199+0000] {taskinstance.py:340} INFO - ::group::Post task execution logs
[2026-01-04T05:14:03.200+0000] {taskinstance.py:352} INFO - Marking task as SUCCESS. dag_id=stock_analytics_incremental_etl_pipeline_v2, task_id=gold_layer_analytics, run_id=manual__2026-01-04T05:12:14.708162+00:00, execution_date=20260104T051214, start_date=20260104T051231, end_date=20260104T051403
[2026-01-04T05:14:03.212+0000] {logging_mixin.py:190} INFO - Task instance in success state
[2026-01-04T05:14:03.213+0000] {logging_mixin.py:190} INFO -  Previous state of the Task instance: running
[2026-01-04T05:14:03.214+0000] {logging_mixin.py:190} INFO - Dag name:stock_analytics_incremental_etl_pipeline_v2 queued_at:2026-01-04 05:12:14.727492+00:00
[2026-01-04T05:14:03.214+0000] {logging_mixin.py:190} INFO - Task hostname:8aefbc10c328 operator:DatabricksRunNowOperator
[2026-01-04T05:14:03.248+0000] {local_task_job_runner.py:261} INFO - Task exited with return code 0
[2026-01-04T05:14:03.272+0000] {taskinstance.py:3891} INFO - 1 downstream tasks scheduled from follow-on schedule check
[2026-01-04T05:14:03.276+0000] {local_task_job_runner.py:240} INFO - ::endgroup::
