[2026-01-04T06:05:32.189+0000] {local_task_job_runner.py:123} INFO - ::group::Pre task execution logs
[2026-01-04T06:05:32.208+0000] {taskinstance.py:2603} INFO - Dependencies all met for dep_context=non-requeueable deps ti=<TaskInstance: stock_analytics_incremental_etl_pipeline_v2.silver_cleaning manual__2026-01-04T06:05:18.691158+00:00 [queued]>
[2026-01-04T06:05:32.219+0000] {taskinstance.py:2603} INFO - Dependencies all met for dep_context=requeueable deps ti=<TaskInstance: stock_analytics_incremental_etl_pipeline_v2.silver_cleaning manual__2026-01-04T06:05:18.691158+00:00 [queued]>
[2026-01-04T06:05:32.221+0000] {taskinstance.py:2856} INFO - Starting attempt 1 of 1
[2026-01-04T06:05:32.238+0000] {taskinstance.py:2879} INFO - Executing <Task(BashOperator): silver_cleaning> on 2026-01-04 06:05:18.691158+00:00
[2026-01-04T06:05:32.253+0000] {warnings.py:112} WARNING - /home/***/.local/lib/python3.12/site-packages/***/task/task_runner/standard_task_runner.py:70: DeprecationWarning: This process (pid=144) is multi-threaded, use of fork() may lead to deadlocks in the child.
  pid = os.fork()

[2026-01-04T06:05:32.255+0000] {standard_task_runner.py:104} INFO - Running: ['***', 'tasks', 'run', 'stock_analytics_incremental_etl_pipeline_v2', 'silver_cleaning', 'manual__2026-01-04T06:05:18.691158+00:00', '--job-id', '8', '--raw', '--subdir', 'DAGS_FOLDER/stock_analytics_etl_dag.py', '--cfg-path', '/tmp/tmp9tlwwev3']
[2026-01-04T06:05:32.257+0000] {standard_task_runner.py:72} INFO - Started process 148 to run task
[2026-01-04T06:05:32.257+0000] {standard_task_runner.py:105} INFO - Job 8: Subtask silver_cleaning
[2026-01-04T06:05:32.379+0000] {task_command.py:467} INFO - Running <TaskInstance: stock_analytics_incremental_etl_pipeline_v2.silver_cleaning manual__2026-01-04T06:05:18.691158+00:00 [running]> on host 3409793214f1
[2026-01-04T06:05:32.513+0000] {taskinstance.py:3122} INFO - Exporting env vars: AIRFLOW_CTX_DAG_EMAIL='pranathi2314@gmail.com' AIRFLOW_CTX_DAG_OWNER='***' AIRFLOW_CTX_DAG_ID='stock_analytics_incremental_etl_pipeline_v2' AIRFLOW_CTX_TASK_ID='silver_cleaning' AIRFLOW_CTX_EXECUTION_DATE='2026-01-04T06:05:18.691158+00:00' AIRFLOW_CTX_TRY_NUMBER='1' AIRFLOW_CTX_DAG_RUN_ID='manual__2026-01-04T06:05:18.691158+00:00'
[2026-01-04T06:05:32.515+0000] {logging_mixin.py:190} INFO - Task instance is in running state
[2026-01-04T06:05:32.516+0000] {logging_mixin.py:190} INFO -  Previous state of the Task instance: queued
[2026-01-04T06:05:32.517+0000] {logging_mixin.py:190} INFO - Current task name:silver_cleaning state:running start_date:2026-01-04 06:05:32.209565+00:00
[2026-01-04T06:05:32.517+0000] {logging_mixin.py:190} INFO - Dag name:stock_analytics_incremental_etl_pipeline_v2 and current dag run status:running
[2026-01-04T06:05:32.518+0000] {taskinstance.py:731} INFO - ::endgroup::
[2026-01-04T06:05:32.520+0000] {subprocess.py:63} INFO - Tmp dir root location: /tmp
[2026-01-04T06:05:32.522+0000] {subprocess.py:75} INFO - Running command: ['/usr/bin/bash', '-c', 'python /opt/***/project/scripts/clean_transform.py']
[2026-01-04T06:05:32.538+0000] {subprocess.py:86} INFO - Output:
[2026-01-04T06:05:34.548+0000] {subprocess.py:97} INFO - Command exited with return code 0
[2026-01-04T06:05:34.583+0000] {taskinstance.py:340} INFO - ::group::Post task execution logs
[2026-01-04T06:05:34.584+0000] {taskinstance.py:352} INFO - Marking task as SUCCESS. dag_id=stock_analytics_incremental_etl_pipeline_v2, task_id=silver_cleaning, run_id=manual__2026-01-04T06:05:18.691158+00:00, execution_date=20260104T060518, start_date=20260104T060532, end_date=20260104T060534
[2026-01-04T06:05:34.599+0000] {logging_mixin.py:190} INFO - Task instance in success state
[2026-01-04T06:05:34.601+0000] {logging_mixin.py:190} INFO -  Previous state of the Task instance: running
[2026-01-04T06:05:34.602+0000] {logging_mixin.py:190} INFO - Dag name:stock_analytics_incremental_etl_pipeline_v2 queued_at:2026-01-04 06:05:19.410705+00:00
[2026-01-04T06:05:34.602+0000] {logging_mixin.py:190} INFO - Task hostname:3409793214f1 operator:BashOperator
[2026-01-04T06:05:34.644+0000] {local_task_job_runner.py:261} INFO - Task exited with return code 0
[2026-01-04T06:05:34.688+0000] {taskinstance.py:3891} INFO - 1 downstream tasks scheduled from follow-on schedule check
[2026-01-04T06:05:34.693+0000] {local_task_job_runner.py:240} INFO - ::endgroup::
