[2026-01-04T05:30:37.808+0000] {local_task_job_runner.py:123} INFO - ::group::Pre task execution logs
[2026-01-04T05:30:37.824+0000] {taskinstance.py:2603} INFO - Dependencies all met for dep_context=non-requeueable deps ti=<TaskInstance: stock_analytics_incremental_etl_pipeline_v2.silver_cleaning manual__2026-01-04T05:30:27.251098+00:00 [queued]>
[2026-01-04T05:30:37.832+0000] {taskinstance.py:2603} INFO - Dependencies all met for dep_context=requeueable deps ti=<TaskInstance: stock_analytics_incremental_etl_pipeline_v2.silver_cleaning manual__2026-01-04T05:30:27.251098+00:00 [queued]>
[2026-01-04T05:30:37.833+0000] {taskinstance.py:2856} INFO - Starting attempt 1 of 3
[2026-01-04T05:30:37.846+0000] {taskinstance.py:2879} INFO - Executing <Task(BashOperator): silver_cleaning> on 2026-01-04 05:30:27.251098+00:00
[2026-01-04T05:30:37.853+0000] {warnings.py:112} WARNING - /home/***/.local/lib/python3.12/site-packages/***/task/task_runner/standard_task_runner.py:70: DeprecationWarning: This process (pid=134) is multi-threaded, use of fork() may lead to deadlocks in the child.
  pid = os.fork()

[2026-01-04T05:30:37.856+0000] {standard_task_runner.py:72} INFO - Started process 136 to run task
[2026-01-04T05:30:37.855+0000] {standard_task_runner.py:104} INFO - Running: ['***', 'tasks', 'run', 'stock_analytics_incremental_etl_pipeline_v2', 'silver_cleaning', 'manual__2026-01-04T05:30:27.251098+00:00', '--job-id', '351', '--raw', '--subdir', 'DAGS_FOLDER/stock_analytics_etl_dag.py', '--cfg-path', '/tmp/tmp26p4rwvm']
[2026-01-04T05:30:37.857+0000] {standard_task_runner.py:105} INFO - Job 351: Subtask silver_cleaning
[2026-01-04T05:30:37.938+0000] {task_command.py:467} INFO - Running <TaskInstance: stock_analytics_incremental_etl_pipeline_v2.silver_cleaning manual__2026-01-04T05:30:27.251098+00:00 [running]> on host ce383388ef1b
[2026-01-04T05:30:38.028+0000] {taskinstance.py:3122} INFO - Exporting env vars: AIRFLOW_CTX_DAG_OWNER='***' AIRFLOW_CTX_DAG_ID='stock_analytics_incremental_etl_pipeline_v2' AIRFLOW_CTX_TASK_ID='silver_cleaning' AIRFLOW_CTX_EXECUTION_DATE='2026-01-04T05:30:27.251098+00:00' AIRFLOW_CTX_TRY_NUMBER='1' AIRFLOW_CTX_DAG_RUN_ID='manual__2026-01-04T05:30:27.251098+00:00'
[2026-01-04T05:30:38.030+0000] {logging_mixin.py:190} INFO - Task instance is in running state
[2026-01-04T05:30:38.031+0000] {logging_mixin.py:190} INFO -  Previous state of the Task instance: queued
[2026-01-04T05:30:38.032+0000] {logging_mixin.py:190} INFO - Current task name:silver_cleaning state:running start_date:2026-01-04 05:30:37.825298+00:00
[2026-01-04T05:30:38.032+0000] {logging_mixin.py:190} INFO - Dag name:stock_analytics_incremental_etl_pipeline_v2 and current dag run status:running
[2026-01-04T05:30:38.033+0000] {taskinstance.py:731} INFO - ::endgroup::
[2026-01-04T05:30:38.035+0000] {subprocess.py:63} INFO - Tmp dir root location: /tmp
[2026-01-04T05:30:38.036+0000] {subprocess.py:75} INFO - Running command: ['/usr/bin/bash', '-c', 'python /opt/***/project/scripts/clean_transform.py']
[2026-01-04T05:30:38.047+0000] {subprocess.py:86} INFO - Output:
[2026-01-04T05:30:39.701+0000] {subprocess.py:97} INFO - Command exited with return code 0
[2026-01-04T05:30:39.730+0000] {taskinstance.py:340} INFO - ::group::Post task execution logs
[2026-01-04T05:30:39.731+0000] {taskinstance.py:352} INFO - Marking task as SUCCESS. dag_id=stock_analytics_incremental_etl_pipeline_v2, task_id=silver_cleaning, run_id=manual__2026-01-04T05:30:27.251098+00:00, execution_date=20260104T053027, start_date=20260104T053037, end_date=20260104T053039
[2026-01-04T05:30:39.742+0000] {logging_mixin.py:190} INFO - Task instance in success state
[2026-01-04T05:30:39.743+0000] {logging_mixin.py:190} INFO -  Previous state of the Task instance: running
[2026-01-04T05:30:39.744+0000] {logging_mixin.py:190} INFO - Dag name:stock_analytics_incremental_etl_pipeline_v2 queued_at:2026-01-04 05:30:27.271966+00:00
[2026-01-04T05:30:39.744+0000] {logging_mixin.py:190} INFO - Task hostname:ce383388ef1b operator:BashOperator
[2026-01-04T05:30:39.761+0000] {local_task_job_runner.py:261} INFO - Task exited with return code 0
[2026-01-04T05:30:39.792+0000] {taskinstance.py:3891} INFO - 1 downstream tasks scheduled from follow-on schedule check
[2026-01-04T05:30:39.795+0000] {local_task_job_runner.py:240} INFO - ::endgroup::
