[2026-01-05T17:17:58.765+0000] {local_task_job_runner.py:123} INFO - ::group::Pre task execution logs
[2026-01-05T17:17:58.790+0000] {taskinstance.py:2603} INFO - Dependencies all met for dep_context=non-requeueable deps ti=<TaskInstance: stock_analytics_incremental_etl_pipeline_v2.bronze_ingestion scheduled__2026-01-04T00:00:00+00:00 [queued]>
[2026-01-05T17:17:58.801+0000] {taskinstance.py:2603} INFO - Dependencies all met for dep_context=requeueable deps ti=<TaskInstance: stock_analytics_incremental_etl_pipeline_v2.bronze_ingestion scheduled__2026-01-04T00:00:00+00:00 [queued]>
[2026-01-05T17:17:58.804+0000] {taskinstance.py:2856} INFO - Starting attempt 1 of 3
[2026-01-05T17:17:58.822+0000] {taskinstance.py:2879} INFO - Executing <Task(BashOperator): bronze_ingestion> on 2026-01-04 00:00:00+00:00
[2026-01-05T17:17:58.834+0000] {warnings.py:112} WARNING - /home/***/.local/lib/python3.12/site-packages/***/task/task_runner/standard_task_runner.py:70: DeprecationWarning: This process (pid=116) is multi-threaded, use of fork() may lead to deadlocks in the child.
  pid = os.fork()

[2026-01-05T17:17:58.838+0000] {standard_task_runner.py:72} INFO - Started process 118 to run task
[2026-01-05T17:17:58.838+0000] {standard_task_runner.py:104} INFO - Running: ['***', 'tasks', 'run', 'stock_analytics_incremental_etl_pipeline_v2', 'bronze_ingestion', 'scheduled__2026-01-04T00:00:00+00:00', '--job-id', '18', '--raw', '--subdir', 'DAGS_FOLDER/stock_analytics_etl_dag.py', '--cfg-path', '/tmp/tmp96c1_xtg']
[2026-01-05T17:17:58.840+0000] {standard_task_runner.py:105} INFO - Job 18: Subtask bronze_ingestion
[2026-01-05T17:17:58.981+0000] {task_command.py:467} INFO - Running <TaskInstance: stock_analytics_incremental_etl_pipeline_v2.bronze_ingestion scheduled__2026-01-04T00:00:00+00:00 [running]> on host f557928c3fb2
[2026-01-05T17:17:59.131+0000] {taskinstance.py:3122} INFO - Exporting env vars: AIRFLOW_CTX_DAG_EMAIL='pranathi2314@gmail.com' AIRFLOW_CTX_DAG_OWNER='***' AIRFLOW_CTX_DAG_ID='stock_analytics_incremental_etl_pipeline_v2' AIRFLOW_CTX_TASK_ID='bronze_ingestion' AIRFLOW_CTX_EXECUTION_DATE='2026-01-04T00:00:00+00:00' AIRFLOW_CTX_TRY_NUMBER='1' AIRFLOW_CTX_DAG_RUN_ID='scheduled__2026-01-04T00:00:00+00:00'
[2026-01-05T17:17:59.135+0000] {logging_mixin.py:190} INFO - Task instance is in running state
[2026-01-05T17:17:59.137+0000] {logging_mixin.py:190} INFO -  Previous state of the Task instance: queued
[2026-01-05T17:17:59.137+0000] {logging_mixin.py:190} INFO - Current task name:bronze_ingestion state:running start_date:2026-01-05 17:17:58.791484+00:00
[2026-01-05T17:17:59.138+0000] {logging_mixin.py:190} INFO - Dag name:stock_analytics_incremental_etl_pipeline_v2 and current dag run status:running
[2026-01-05T17:17:59.139+0000] {taskinstance.py:731} INFO - ::endgroup::
[2026-01-05T17:17:59.142+0000] {subprocess.py:63} INFO - Tmp dir root location: /tmp
[2026-01-05T17:17:59.144+0000] {subprocess.py:75} INFO - Running command: ['/usr/bin/bash', '-c', 'python /opt/***/project/Data/Bronze/bronze_layer.py']
[2026-01-05T17:17:59.171+0000] {subprocess.py:86} INFO - Output:
[2026-01-05T17:17:59.969+0000] {subprocess.py:97} INFO - Command exited with return code 0
[2026-01-05T17:18:00.038+0000] {taskinstance.py:340} INFO - ::group::Post task execution logs
[2026-01-05T17:18:00.044+0000] {taskinstance.py:352} INFO - Marking task as SUCCESS. dag_id=stock_analytics_incremental_etl_pipeline_v2, task_id=bronze_ingestion, run_id=scheduled__2026-01-04T00:00:00+00:00, execution_date=20260104T000000, start_date=20260105T171758, end_date=20260105T171800
[2026-01-05T17:18:00.065+0000] {logging_mixin.py:190} INFO - Task instance in success state
[2026-01-05T17:18:00.067+0000] {logging_mixin.py:190} INFO -  Previous state of the Task instance: running
[2026-01-05T17:18:00.068+0000] {logging_mixin.py:190} INFO - Dag name:stock_analytics_incremental_etl_pipeline_v2 queued_at:2026-01-05 17:17:42.620686+00:00
[2026-01-05T17:18:00.069+0000] {logging_mixin.py:190} INFO - Task hostname:f557928c3fb2 operator:BashOperator
[2026-01-05T17:18:00.102+0000] {local_task_job_runner.py:261} INFO - Task exited with return code 0
[2026-01-05T17:18:00.160+0000] {taskinstance.py:3891} INFO - 1 downstream tasks scheduled from follow-on schedule check
[2026-01-05T17:18:00.167+0000] {local_task_job_runner.py:240} INFO - ::endgroup::
