[2026-01-05T17:17:44.344+0000] {processor.py:186} INFO - Started process (PID=117) to work on /opt/airflow/dags/hello_airflow.py
[2026-01-05T17:17:44.354+0000] {processor.py:914} INFO - Processing file /opt/airflow/dags/hello_airflow.py for tasks to queue
[2026-01-05T17:17:44.372+0000] {logging_mixin.py:190} INFO - [2026-01-05T17:17:44.365+0000] {dagbag.py:587} INFO - Filling up the DagBag from /opt/airflow/dags/hello_airflow.py
[2026-01-05T17:17:44.477+0000] {processor.py:925} INFO - DAG(s) 'hello_airflow' retrieved from /opt/airflow/dags/hello_airflow.py
[2026-01-05T17:17:44.618+0000] {logging_mixin.py:190} INFO - [2026-01-05T17:17:44.617+0000] {dag.py:3211} INFO - Sync 1 DAGs
[2026-01-05T17:17:44.777+0000] {logging_mixin.py:190} INFO - [2026-01-05T17:17:44.776+0000] {dag.py:4138} INFO - Setting next_dagrun for hello_airflow to 2026-01-04 00:00:00+00:00, run_after=2026-01-05 00:00:00+00:00
[2026-01-05T17:17:44.880+0000] {processor.py:208} INFO - Processing /opt/airflow/dags/hello_airflow.py took 0.570 seconds
[2026-01-05T17:18:14.985+0000] {processor.py:186} INFO - Started process (PID=184) to work on /opt/airflow/dags/hello_airflow.py
[2026-01-05T17:18:14.987+0000] {processor.py:914} INFO - Processing file /opt/airflow/dags/hello_airflow.py for tasks to queue
[2026-01-05T17:18:14.990+0000] {logging_mixin.py:190} INFO - [2026-01-05T17:18:14.989+0000] {dagbag.py:587} INFO - Filling up the DagBag from /opt/airflow/dags/hello_airflow.py
[2026-01-05T17:18:15.013+0000] {processor.py:925} INFO - DAG(s) 'hello_airflow' retrieved from /opt/airflow/dags/hello_airflow.py
[2026-01-05T17:18:15.036+0000] {logging_mixin.py:190} INFO - [2026-01-05T17:18:15.036+0000] {dag.py:3211} INFO - Sync 1 DAGs
[2026-01-05T17:18:15.061+0000] {logging_mixin.py:190} INFO - [2026-01-05T17:18:15.061+0000] {dag.py:4138} INFO - Setting next_dagrun for hello_airflow to 2026-01-04 00:00:00+00:00, run_after=2026-01-05 00:00:00+00:00
[2026-01-05T17:18:15.086+0000] {processor.py:208} INFO - Processing /opt/airflow/dags/hello_airflow.py took 0.107 seconds
[2026-01-05T17:18:45.633+0000] {processor.py:186} INFO - Started process (PID=250) to work on /opt/airflow/dags/hello_airflow.py
[2026-01-05T17:18:45.634+0000] {processor.py:914} INFO - Processing file /opt/airflow/dags/hello_airflow.py for tasks to queue
[2026-01-05T17:18:45.637+0000] {logging_mixin.py:190} INFO - [2026-01-05T17:18:45.636+0000] {dagbag.py:587} INFO - Filling up the DagBag from /opt/airflow/dags/hello_airflow.py
[2026-01-05T17:18:45.666+0000] {processor.py:925} INFO - DAG(s) 'hello_airflow' retrieved from /opt/airflow/dags/hello_airflow.py
[2026-01-05T17:18:45.699+0000] {logging_mixin.py:190} INFO - [2026-01-05T17:18:45.699+0000] {dag.py:3211} INFO - Sync 1 DAGs
[2026-01-05T17:18:45.740+0000] {logging_mixin.py:190} INFO - [2026-01-05T17:18:45.740+0000] {dag.py:4138} INFO - Setting next_dagrun for hello_airflow to 2026-01-04 00:00:00+00:00, run_after=2026-01-05 00:00:00+00:00
[2026-01-05T17:18:45.774+0000] {processor.py:208} INFO - Processing /opt/airflow/dags/hello_airflow.py took 0.148 seconds
[2026-01-05T17:19:16.368+0000] {processor.py:186} INFO - Started process (PID=316) to work on /opt/airflow/dags/hello_airflow.py
[2026-01-05T17:19:16.370+0000] {processor.py:914} INFO - Processing file /opt/airflow/dags/hello_airflow.py for tasks to queue
[2026-01-05T17:19:16.376+0000] {logging_mixin.py:190} INFO - [2026-01-05T17:19:16.375+0000] {dagbag.py:587} INFO - Filling up the DagBag from /opt/airflow/dags/hello_airflow.py
[2026-01-05T17:19:16.410+0000] {processor.py:925} INFO - DAG(s) 'hello_airflow' retrieved from /opt/airflow/dags/hello_airflow.py
[2026-01-05T17:19:16.460+0000] {logging_mixin.py:190} INFO - [2026-01-05T17:19:16.459+0000] {dag.py:3211} INFO - Sync 1 DAGs
[2026-01-05T17:19:16.523+0000] {logging_mixin.py:190} INFO - [2026-01-05T17:19:16.522+0000] {dag.py:4138} INFO - Setting next_dagrun for hello_airflow to 2026-01-04 00:00:00+00:00, run_after=2026-01-05 00:00:00+00:00
[2026-01-05T17:19:16.594+0000] {processor.py:208} INFO - Processing /opt/airflow/dags/hello_airflow.py took 0.240 seconds
[2026-01-05T17:19:47.052+0000] {processor.py:186} INFO - Started process (PID=382) to work on /opt/airflow/dags/hello_airflow.py
[2026-01-05T17:19:47.055+0000] {processor.py:914} INFO - Processing file /opt/airflow/dags/hello_airflow.py for tasks to queue
[2026-01-05T17:19:47.060+0000] {logging_mixin.py:190} INFO - [2026-01-05T17:19:47.059+0000] {dagbag.py:587} INFO - Filling up the DagBag from /opt/airflow/dags/hello_airflow.py
[2026-01-05T17:19:47.085+0000] {processor.py:925} INFO - DAG(s) 'hello_airflow' retrieved from /opt/airflow/dags/hello_airflow.py
[2026-01-05T17:19:47.108+0000] {logging_mixin.py:190} INFO - [2026-01-05T17:19:47.108+0000] {dag.py:3211} INFO - Sync 1 DAGs
[2026-01-05T17:19:47.136+0000] {logging_mixin.py:190} INFO - [2026-01-05T17:19:47.136+0000] {dag.py:4138} INFO - Setting next_dagrun for hello_airflow to 2026-01-04 00:00:00+00:00, run_after=2026-01-05 00:00:00+00:00
[2026-01-05T17:19:47.159+0000] {processor.py:208} INFO - Processing /opt/airflow/dags/hello_airflow.py took 0.118 seconds
[2026-01-05T17:20:17.366+0000] {processor.py:186} INFO - Started process (PID=448) to work on /opt/airflow/dags/hello_airflow.py
[2026-01-05T17:20:17.367+0000] {processor.py:914} INFO - Processing file /opt/airflow/dags/hello_airflow.py for tasks to queue
[2026-01-05T17:20:17.371+0000] {logging_mixin.py:190} INFO - [2026-01-05T17:20:17.370+0000] {dagbag.py:587} INFO - Filling up the DagBag from /opt/airflow/dags/hello_airflow.py
[2026-01-05T17:20:17.400+0000] {processor.py:925} INFO - DAG(s) 'hello_airflow' retrieved from /opt/airflow/dags/hello_airflow.py
[2026-01-05T17:20:17.432+0000] {logging_mixin.py:190} INFO - [2026-01-05T17:20:17.432+0000] {dag.py:3211} INFO - Sync 1 DAGs
[2026-01-05T17:20:17.474+0000] {logging_mixin.py:190} INFO - [2026-01-05T17:20:17.473+0000] {dag.py:4138} INFO - Setting next_dagrun for hello_airflow to 2026-01-04 00:00:00+00:00, run_after=2026-01-05 00:00:00+00:00
[2026-01-05T17:20:17.500+0000] {processor.py:208} INFO - Processing /opt/airflow/dags/hello_airflow.py took 0.142 seconds
[2026-01-05T17:20:48.368+0000] {processor.py:186} INFO - Started process (PID=514) to work on /opt/airflow/dags/hello_airflow.py
[2026-01-05T17:20:48.370+0000] {processor.py:914} INFO - Processing file /opt/airflow/dags/hello_airflow.py for tasks to queue
[2026-01-05T17:20:48.372+0000] {logging_mixin.py:190} INFO - [2026-01-05T17:20:48.372+0000] {dagbag.py:587} INFO - Filling up the DagBag from /opt/airflow/dags/hello_airflow.py
[2026-01-05T17:20:48.395+0000] {processor.py:925} INFO - DAG(s) 'hello_airflow' retrieved from /opt/airflow/dags/hello_airflow.py
[2026-01-05T17:20:48.418+0000] {logging_mixin.py:190} INFO - [2026-01-05T17:20:48.418+0000] {dag.py:3211} INFO - Sync 1 DAGs
[2026-01-05T17:20:48.447+0000] {logging_mixin.py:190} INFO - [2026-01-05T17:20:48.447+0000] {dag.py:4138} INFO - Setting next_dagrun for hello_airflow to 2026-01-04 00:00:00+00:00, run_after=2026-01-05 00:00:00+00:00
[2026-01-05T17:20:48.469+0000] {processor.py:208} INFO - Processing /opt/airflow/dags/hello_airflow.py took 0.111 seconds
[2026-01-05T17:21:18.699+0000] {processor.py:186} INFO - Started process (PID=580) to work on /opt/airflow/dags/hello_airflow.py
[2026-01-05T17:21:18.702+0000] {processor.py:914} INFO - Processing file /opt/airflow/dags/hello_airflow.py for tasks to queue
[2026-01-05T17:21:18.713+0000] {logging_mixin.py:190} INFO - [2026-01-05T17:21:18.712+0000] {dagbag.py:587} INFO - Filling up the DagBag from /opt/airflow/dags/hello_airflow.py
[2026-01-05T17:21:18.742+0000] {processor.py:925} INFO - DAG(s) 'hello_airflow' retrieved from /opt/airflow/dags/hello_airflow.py
[2026-01-05T17:21:18.767+0000] {logging_mixin.py:190} INFO - [2026-01-05T17:21:18.766+0000] {dag.py:3211} INFO - Sync 1 DAGs
[2026-01-05T17:21:18.804+0000] {logging_mixin.py:190} INFO - [2026-01-05T17:21:18.803+0000] {dag.py:4138} INFO - Setting next_dagrun for hello_airflow to 2026-01-04 00:00:00+00:00, run_after=2026-01-05 00:00:00+00:00
[2026-01-05T17:21:18.840+0000] {processor.py:208} INFO - Processing /opt/airflow/dags/hello_airflow.py took 0.152 seconds
[2026-01-05T17:21:49.002+0000] {processor.py:186} INFO - Started process (PID=646) to work on /opt/airflow/dags/hello_airflow.py
[2026-01-05T17:21:49.004+0000] {processor.py:914} INFO - Processing file /opt/airflow/dags/hello_airflow.py for tasks to queue
[2026-01-05T17:21:49.008+0000] {logging_mixin.py:190} INFO - [2026-01-05T17:21:49.007+0000] {dagbag.py:587} INFO - Filling up the DagBag from /opt/airflow/dags/hello_airflow.py
[2026-01-05T17:21:49.033+0000] {processor.py:925} INFO - DAG(s) 'hello_airflow' retrieved from /opt/airflow/dags/hello_airflow.py
[2026-01-05T17:21:49.052+0000] {logging_mixin.py:190} INFO - [2026-01-05T17:21:49.052+0000] {dag.py:3211} INFO - Sync 1 DAGs
[2026-01-05T17:21:49.075+0000] {logging_mixin.py:190} INFO - [2026-01-05T17:21:49.075+0000] {dag.py:4138} INFO - Setting next_dagrun for hello_airflow to 2026-01-04 00:00:00+00:00, run_after=2026-01-05 00:00:00+00:00
[2026-01-05T17:21:49.098+0000] {processor.py:208} INFO - Processing /opt/airflow/dags/hello_airflow.py took 0.104 seconds
[2026-01-05T17:22:19.884+0000] {processor.py:186} INFO - Started process (PID=712) to work on /opt/airflow/dags/hello_airflow.py
[2026-01-05T17:22:19.885+0000] {processor.py:914} INFO - Processing file /opt/airflow/dags/hello_airflow.py for tasks to queue
[2026-01-05T17:22:19.889+0000] {logging_mixin.py:190} INFO - [2026-01-05T17:22:19.889+0000] {dagbag.py:587} INFO - Filling up the DagBag from /opt/airflow/dags/hello_airflow.py
[2026-01-05T17:22:19.921+0000] {processor.py:925} INFO - DAG(s) 'hello_airflow' retrieved from /opt/airflow/dags/hello_airflow.py
[2026-01-05T17:22:19.944+0000] {logging_mixin.py:190} INFO - [2026-01-05T17:22:19.944+0000] {dag.py:3211} INFO - Sync 1 DAGs
[2026-01-05T17:22:19.981+0000] {logging_mixin.py:190} INFO - [2026-01-05T17:22:19.981+0000] {dag.py:4138} INFO - Setting next_dagrun for hello_airflow to 2026-01-04 00:00:00+00:00, run_after=2026-01-05 00:00:00+00:00
[2026-01-05T17:22:20.004+0000] {processor.py:208} INFO - Processing /opt/airflow/dags/hello_airflow.py took 0.126 seconds
[2026-01-05T17:22:50.709+0000] {processor.py:186} INFO - Started process (PID=778) to work on /opt/airflow/dags/hello_airflow.py
[2026-01-05T17:22:50.710+0000] {processor.py:914} INFO - Processing file /opt/airflow/dags/hello_airflow.py for tasks to queue
[2026-01-05T17:22:50.715+0000] {logging_mixin.py:190} INFO - [2026-01-05T17:22:50.714+0000] {dagbag.py:587} INFO - Filling up the DagBag from /opt/airflow/dags/hello_airflow.py
[2026-01-05T17:22:50.743+0000] {processor.py:925} INFO - DAG(s) 'hello_airflow' retrieved from /opt/airflow/dags/hello_airflow.py
[2026-01-05T17:22:50.761+0000] {logging_mixin.py:190} INFO - [2026-01-05T17:22:50.761+0000] {dag.py:3211} INFO - Sync 1 DAGs
[2026-01-05T17:22:50.804+0000] {logging_mixin.py:190} INFO - [2026-01-05T17:22:50.804+0000] {dag.py:4138} INFO - Setting next_dagrun for hello_airflow to 2026-01-04 00:00:00+00:00, run_after=2026-01-05 00:00:00+00:00
[2026-01-05T17:22:50.834+0000] {processor.py:208} INFO - Processing /opt/airflow/dags/hello_airflow.py took 0.134 seconds
[2026-01-05T17:23:21.639+0000] {processor.py:186} INFO - Started process (PID=844) to work on /opt/airflow/dags/hello_airflow.py
[2026-01-05T17:23:21.640+0000] {processor.py:914} INFO - Processing file /opt/airflow/dags/hello_airflow.py for tasks to queue
[2026-01-05T17:23:21.647+0000] {logging_mixin.py:190} INFO - [2026-01-05T17:23:21.645+0000] {dagbag.py:587} INFO - Filling up the DagBag from /opt/airflow/dags/hello_airflow.py
[2026-01-05T17:23:21.677+0000] {processor.py:925} INFO - DAG(s) 'hello_airflow' retrieved from /opt/airflow/dags/hello_airflow.py
[2026-01-05T17:23:21.707+0000] {logging_mixin.py:190} INFO - [2026-01-05T17:23:21.707+0000] {dag.py:3211} INFO - Sync 1 DAGs
[2026-01-05T17:23:21.746+0000] {logging_mixin.py:190} INFO - [2026-01-05T17:23:21.746+0000] {dag.py:4138} INFO - Setting next_dagrun for hello_airflow to 2026-01-04 00:00:00+00:00, run_after=2026-01-05 00:00:00+00:00
[2026-01-05T17:23:21.783+0000] {processor.py:208} INFO - Processing /opt/airflow/dags/hello_airflow.py took 0.153 seconds
[2026-01-05T17:23:51.937+0000] {processor.py:186} INFO - Started process (PID=910) to work on /opt/airflow/dags/hello_airflow.py
[2026-01-05T17:23:51.939+0000] {processor.py:914} INFO - Processing file /opt/airflow/dags/hello_airflow.py for tasks to queue
[2026-01-05T17:23:51.943+0000] {logging_mixin.py:190} INFO - [2026-01-05T17:23:51.942+0000] {dagbag.py:587} INFO - Filling up the DagBag from /opt/airflow/dags/hello_airflow.py
[2026-01-05T17:23:51.970+0000] {processor.py:925} INFO - DAG(s) 'hello_airflow' retrieved from /opt/airflow/dags/hello_airflow.py
[2026-01-05T17:23:51.991+0000] {logging_mixin.py:190} INFO - [2026-01-05T17:23:51.990+0000] {dag.py:3211} INFO - Sync 1 DAGs
[2026-01-05T17:23:52.019+0000] {logging_mixin.py:190} INFO - [2026-01-05T17:23:52.019+0000] {dag.py:4138} INFO - Setting next_dagrun for hello_airflow to 2026-01-04 00:00:00+00:00, run_after=2026-01-05 00:00:00+00:00
[2026-01-05T17:23:52.044+0000] {processor.py:208} INFO - Processing /opt/airflow/dags/hello_airflow.py took 0.115 seconds
[2026-01-05T17:24:22.380+0000] {processor.py:186} INFO - Started process (PID=976) to work on /opt/airflow/dags/hello_airflow.py
[2026-01-05T17:24:22.382+0000] {processor.py:914} INFO - Processing file /opt/airflow/dags/hello_airflow.py for tasks to queue
[2026-01-05T17:24:22.386+0000] {logging_mixin.py:190} INFO - [2026-01-05T17:24:22.386+0000] {dagbag.py:587} INFO - Filling up the DagBag from /opt/airflow/dags/hello_airflow.py
[2026-01-05T17:24:22.418+0000] {processor.py:925} INFO - DAG(s) 'hello_airflow' retrieved from /opt/airflow/dags/hello_airflow.py
[2026-01-05T17:24:22.453+0000] {logging_mixin.py:190} INFO - [2026-01-05T17:24:22.452+0000] {dag.py:3211} INFO - Sync 1 DAGs
[2026-01-05T17:24:22.484+0000] {logging_mixin.py:190} INFO - [2026-01-05T17:24:22.484+0000] {dag.py:4138} INFO - Setting next_dagrun for hello_airflow to 2026-01-04 00:00:00+00:00, run_after=2026-01-05 00:00:00+00:00
[2026-01-05T17:24:22.513+0000] {processor.py:208} INFO - Processing /opt/airflow/dags/hello_airflow.py took 0.139 seconds
[2026-01-05T17:24:52.900+0000] {processor.py:186} INFO - Started process (PID=1042) to work on /opt/airflow/dags/hello_airflow.py
[2026-01-05T17:24:52.902+0000] {processor.py:914} INFO - Processing file /opt/airflow/dags/hello_airflow.py for tasks to queue
[2026-01-05T17:24:52.905+0000] {logging_mixin.py:190} INFO - [2026-01-05T17:24:52.905+0000] {dagbag.py:587} INFO - Filling up the DagBag from /opt/airflow/dags/hello_airflow.py
[2026-01-05T17:24:52.928+0000] {processor.py:925} INFO - DAG(s) 'hello_airflow' retrieved from /opt/airflow/dags/hello_airflow.py
[2026-01-05T17:24:52.950+0000] {logging_mixin.py:190} INFO - [2026-01-05T17:24:52.950+0000] {dag.py:3211} INFO - Sync 1 DAGs
[2026-01-05T17:24:52.979+0000] {logging_mixin.py:190} INFO - [2026-01-05T17:24:52.978+0000] {dag.py:4138} INFO - Setting next_dagrun for hello_airflow to 2026-01-04 00:00:00+00:00, run_after=2026-01-05 00:00:00+00:00
[2026-01-05T17:24:53.000+0000] {processor.py:208} INFO - Processing /opt/airflow/dags/hello_airflow.py took 0.107 seconds
[2026-01-05T17:25:24.019+0000] {processor.py:186} INFO - Started process (PID=1108) to work on /opt/airflow/dags/hello_airflow.py
[2026-01-05T17:25:24.020+0000] {processor.py:914} INFO - Processing file /opt/airflow/dags/hello_airflow.py for tasks to queue
[2026-01-05T17:25:24.024+0000] {logging_mixin.py:190} INFO - [2026-01-05T17:25:24.023+0000] {dagbag.py:587} INFO - Filling up the DagBag from /opt/airflow/dags/hello_airflow.py
[2026-01-05T17:25:24.050+0000] {processor.py:925} INFO - DAG(s) 'hello_airflow' retrieved from /opt/airflow/dags/hello_airflow.py
[2026-01-05T17:25:24.070+0000] {logging_mixin.py:190} INFO - [2026-01-05T17:25:24.070+0000] {dag.py:3211} INFO - Sync 1 DAGs
[2026-01-05T17:25:24.096+0000] {logging_mixin.py:190} INFO - [2026-01-05T17:25:24.095+0000] {dag.py:4138} INFO - Setting next_dagrun for hello_airflow to 2026-01-04 00:00:00+00:00, run_after=2026-01-05 00:00:00+00:00
[2026-01-05T17:25:24.116+0000] {processor.py:208} INFO - Processing /opt/airflow/dags/hello_airflow.py took 0.106 seconds
[2026-01-05T17:25:55.182+0000] {processor.py:186} INFO - Started process (PID=1174) to work on /opt/airflow/dags/hello_airflow.py
[2026-01-05T17:25:55.183+0000] {processor.py:914} INFO - Processing file /opt/airflow/dags/hello_airflow.py for tasks to queue
[2026-01-05T17:25:55.187+0000] {logging_mixin.py:190} INFO - [2026-01-05T17:25:55.186+0000] {dagbag.py:587} INFO - Filling up the DagBag from /opt/airflow/dags/hello_airflow.py
[2026-01-05T17:25:55.211+0000] {processor.py:925} INFO - DAG(s) 'hello_airflow' retrieved from /opt/airflow/dags/hello_airflow.py
[2026-01-05T17:25:55.236+0000] {logging_mixin.py:190} INFO - [2026-01-05T17:25:55.236+0000] {dag.py:3211} INFO - Sync 1 DAGs
[2026-01-05T17:25:55.260+0000] {logging_mixin.py:190} INFO - [2026-01-05T17:25:55.259+0000] {dag.py:4138} INFO - Setting next_dagrun for hello_airflow to 2026-01-04 00:00:00+00:00, run_after=2026-01-05 00:00:00+00:00
[2026-01-05T17:25:55.282+0000] {processor.py:208} INFO - Processing /opt/airflow/dags/hello_airflow.py took 0.107 seconds
[2026-01-05T17:26:25.610+0000] {processor.py:186} INFO - Started process (PID=1240) to work on /opt/airflow/dags/hello_airflow.py
[2026-01-05T17:26:25.612+0000] {processor.py:914} INFO - Processing file /opt/airflow/dags/hello_airflow.py for tasks to queue
[2026-01-05T17:26:25.616+0000] {logging_mixin.py:190} INFO - [2026-01-05T17:26:25.616+0000] {dagbag.py:587} INFO - Filling up the DagBag from /opt/airflow/dags/hello_airflow.py
[2026-01-05T17:26:25.660+0000] {processor.py:925} INFO - DAG(s) 'hello_airflow' retrieved from /opt/airflow/dags/hello_airflow.py
[2026-01-05T17:26:25.690+0000] {logging_mixin.py:190} INFO - [2026-01-05T17:26:25.689+0000] {dag.py:3211} INFO - Sync 1 DAGs
[2026-01-05T17:26:25.719+0000] {logging_mixin.py:190} INFO - [2026-01-05T17:26:25.719+0000] {dag.py:4138} INFO - Setting next_dagrun for hello_airflow to 2026-01-04 00:00:00+00:00, run_after=2026-01-05 00:00:00+00:00
[2026-01-05T17:26:25.743+0000] {processor.py:208} INFO - Processing /opt/airflow/dags/hello_airflow.py took 0.140 seconds
[2026-01-05T17:26:55.827+0000] {processor.py:186} INFO - Started process (PID=1306) to work on /opt/airflow/dags/hello_airflow.py
[2026-01-05T17:26:55.828+0000] {processor.py:914} INFO - Processing file /opt/airflow/dags/hello_airflow.py for tasks to queue
[2026-01-05T17:26:55.831+0000] {logging_mixin.py:190} INFO - [2026-01-05T17:26:55.831+0000] {dagbag.py:587} INFO - Filling up the DagBag from /opt/airflow/dags/hello_airflow.py
[2026-01-05T17:26:55.856+0000] {processor.py:925} INFO - DAG(s) 'hello_airflow' retrieved from /opt/airflow/dags/hello_airflow.py
[2026-01-05T17:26:55.876+0000] {logging_mixin.py:190} INFO - [2026-01-05T17:26:55.876+0000] {dag.py:3211} INFO - Sync 1 DAGs
[2026-01-05T17:26:55.901+0000] {logging_mixin.py:190} INFO - [2026-01-05T17:26:55.901+0000] {dag.py:4138} INFO - Setting next_dagrun for hello_airflow to 2026-01-04 00:00:00+00:00, run_after=2026-01-05 00:00:00+00:00
[2026-01-05T17:26:55.922+0000] {processor.py:208} INFO - Processing /opt/airflow/dags/hello_airflow.py took 0.101 seconds
[2026-01-05T17:27:26.134+0000] {processor.py:186} INFO - Started process (PID=1372) to work on /opt/airflow/dags/hello_airflow.py
[2026-01-05T17:27:26.136+0000] {processor.py:914} INFO - Processing file /opt/airflow/dags/hello_airflow.py for tasks to queue
[2026-01-05T17:27:26.140+0000] {logging_mixin.py:190} INFO - [2026-01-05T17:27:26.140+0000] {dagbag.py:587} INFO - Filling up the DagBag from /opt/airflow/dags/hello_airflow.py
[2026-01-05T17:27:26.171+0000] {processor.py:925} INFO - DAG(s) 'hello_airflow' retrieved from /opt/airflow/dags/hello_airflow.py
[2026-01-05T17:27:26.194+0000] {logging_mixin.py:190} INFO - [2026-01-05T17:27:26.194+0000] {dag.py:3211} INFO - Sync 1 DAGs
[2026-01-05T17:27:26.216+0000] {logging_mixin.py:190} INFO - [2026-01-05T17:27:26.216+0000] {dag.py:4138} INFO - Setting next_dagrun for hello_airflow to 2026-01-04 00:00:00+00:00, run_after=2026-01-05 00:00:00+00:00
[2026-01-05T17:27:26.240+0000] {processor.py:208} INFO - Processing /opt/airflow/dags/hello_airflow.py took 0.112 seconds
[2026-01-05T17:27:57.638+0000] {processor.py:186} INFO - Started process (PID=1438) to work on /opt/airflow/dags/hello_airflow.py
[2026-01-05T17:27:57.645+0000] {processor.py:914} INFO - Processing file /opt/airflow/dags/hello_airflow.py for tasks to queue
[2026-01-05T17:27:57.657+0000] {logging_mixin.py:190} INFO - [2026-01-05T17:27:57.657+0000] {dagbag.py:587} INFO - Filling up the DagBag from /opt/airflow/dags/hello_airflow.py
[2026-01-05T17:27:57.888+0000] {processor.py:925} INFO - DAG(s) 'hello_airflow' retrieved from /opt/airflow/dags/hello_airflow.py
[2026-01-05T17:27:57.963+0000] {logging_mixin.py:190} INFO - [2026-01-05T17:27:57.961+0000] {dag.py:3211} INFO - Sync 1 DAGs
[2026-01-05T17:27:58.055+0000] {logging_mixin.py:190} INFO - [2026-01-05T17:27:58.054+0000] {dag.py:4138} INFO - Setting next_dagrun for hello_airflow to 2026-01-04 00:00:00+00:00, run_after=2026-01-05 00:00:00+00:00
[2026-01-05T17:27:58.107+0000] {processor.py:208} INFO - Processing /opt/airflow/dags/hello_airflow.py took 0.490 seconds
[2026-01-05T17:28:28.454+0000] {processor.py:186} INFO - Started process (PID=1510) to work on /opt/airflow/dags/hello_airflow.py
[2026-01-05T17:28:28.457+0000] {processor.py:914} INFO - Processing file /opt/airflow/dags/hello_airflow.py for tasks to queue
[2026-01-05T17:28:28.462+0000] {logging_mixin.py:190} INFO - [2026-01-05T17:28:28.461+0000] {dagbag.py:587} INFO - Filling up the DagBag from /opt/airflow/dags/hello_airflow.py
[2026-01-05T17:28:28.492+0000] {processor.py:925} INFO - DAG(s) 'hello_airflow' retrieved from /opt/airflow/dags/hello_airflow.py
[2026-01-05T17:28:28.520+0000] {logging_mixin.py:190} INFO - [2026-01-05T17:28:28.519+0000] {dag.py:3211} INFO - Sync 1 DAGs
[2026-01-05T17:28:28.550+0000] {logging_mixin.py:190} INFO - [2026-01-05T17:28:28.550+0000] {dag.py:4138} INFO - Setting next_dagrun for hello_airflow to 2026-01-04 00:00:00+00:00, run_after=2026-01-05 00:00:00+00:00
[2026-01-05T17:28:28.579+0000] {processor.py:208} INFO - Processing /opt/airflow/dags/hello_airflow.py took 0.135 seconds
[2026-01-05T17:28:59.097+0000] {processor.py:186} INFO - Started process (PID=1576) to work on /opt/airflow/dags/hello_airflow.py
[2026-01-05T17:28:59.098+0000] {processor.py:914} INFO - Processing file /opt/airflow/dags/hello_airflow.py for tasks to queue
[2026-01-05T17:28:59.102+0000] {logging_mixin.py:190} INFO - [2026-01-05T17:28:59.101+0000] {dagbag.py:587} INFO - Filling up the DagBag from /opt/airflow/dags/hello_airflow.py
[2026-01-05T17:28:59.135+0000] {processor.py:925} INFO - DAG(s) 'hello_airflow' retrieved from /opt/airflow/dags/hello_airflow.py
[2026-01-05T17:28:59.165+0000] {logging_mixin.py:190} INFO - [2026-01-05T17:28:59.165+0000] {dag.py:3211} INFO - Sync 1 DAGs
[2026-01-05T17:28:59.210+0000] {logging_mixin.py:190} INFO - [2026-01-05T17:28:59.210+0000] {dag.py:4138} INFO - Setting next_dagrun for hello_airflow to 2026-01-04 00:00:00+00:00, run_after=2026-01-05 00:00:00+00:00
[2026-01-05T17:28:59.234+0000] {processor.py:208} INFO - Processing /opt/airflow/dags/hello_airflow.py took 0.145 seconds
[2026-01-05T17:29:29.826+0000] {processor.py:186} INFO - Started process (PID=1642) to work on /opt/airflow/dags/hello_airflow.py
[2026-01-05T17:29:29.828+0000] {processor.py:914} INFO - Processing file /opt/airflow/dags/hello_airflow.py for tasks to queue
[2026-01-05T17:29:29.832+0000] {logging_mixin.py:190} INFO - [2026-01-05T17:29:29.831+0000] {dagbag.py:587} INFO - Filling up the DagBag from /opt/airflow/dags/hello_airflow.py
[2026-01-05T17:29:29.867+0000] {processor.py:925} INFO - DAG(s) 'hello_airflow' retrieved from /opt/airflow/dags/hello_airflow.py
[2026-01-05T17:29:29.905+0000] {logging_mixin.py:190} INFO - [2026-01-05T17:29:29.904+0000] {dag.py:3211} INFO - Sync 1 DAGs
[2026-01-05T17:29:29.952+0000] {logging_mixin.py:190} INFO - [2026-01-05T17:29:29.952+0000] {dag.py:4138} INFO - Setting next_dagrun for hello_airflow to 2026-01-04 00:00:00+00:00, run_after=2026-01-05 00:00:00+00:00
[2026-01-05T17:29:29.975+0000] {processor.py:208} INFO - Processing /opt/airflow/dags/hello_airflow.py took 0.157 seconds
[2026-01-05T17:30:00.111+0000] {processor.py:186} INFO - Started process (PID=1708) to work on /opt/airflow/dags/hello_airflow.py
[2026-01-05T17:30:00.113+0000] {processor.py:914} INFO - Processing file /opt/airflow/dags/hello_airflow.py for tasks to queue
[2026-01-05T17:30:00.117+0000] {logging_mixin.py:190} INFO - [2026-01-05T17:30:00.117+0000] {dagbag.py:587} INFO - Filling up the DagBag from /opt/airflow/dags/hello_airflow.py
[2026-01-05T17:30:00.150+0000] {processor.py:925} INFO - DAG(s) 'hello_airflow' retrieved from /opt/airflow/dags/hello_airflow.py
[2026-01-05T17:30:00.175+0000] {logging_mixin.py:190} INFO - [2026-01-05T17:30:00.174+0000] {dag.py:3211} INFO - Sync 1 DAGs
[2026-01-05T17:30:00.201+0000] {logging_mixin.py:190} INFO - [2026-01-05T17:30:00.201+0000] {dag.py:4138} INFO - Setting next_dagrun for hello_airflow to 2026-01-04 00:00:00+00:00, run_after=2026-01-05 00:00:00+00:00
[2026-01-05T17:30:00.225+0000] {processor.py:208} INFO - Processing /opt/airflow/dags/hello_airflow.py took 0.120 seconds
[2026-01-05T17:30:30.956+0000] {processor.py:186} INFO - Started process (PID=1775) to work on /opt/airflow/dags/hello_airflow.py
[2026-01-05T17:30:30.958+0000] {processor.py:914} INFO - Processing file /opt/airflow/dags/hello_airflow.py for tasks to queue
[2026-01-05T17:30:30.961+0000] {logging_mixin.py:190} INFO - [2026-01-05T17:30:30.961+0000] {dagbag.py:587} INFO - Filling up the DagBag from /opt/airflow/dags/hello_airflow.py
[2026-01-05T17:30:30.990+0000] {processor.py:925} INFO - DAG(s) 'hello_airflow' retrieved from /opt/airflow/dags/hello_airflow.py
[2026-01-05T17:30:31.018+0000] {logging_mixin.py:190} INFO - [2026-01-05T17:30:31.017+0000] {dag.py:3211} INFO - Sync 1 DAGs
[2026-01-05T17:30:31.043+0000] {logging_mixin.py:190} INFO - [2026-01-05T17:30:31.042+0000] {dag.py:4138} INFO - Setting next_dagrun for hello_airflow to 2026-01-04 00:00:00+00:00, run_after=2026-01-05 00:00:00+00:00
[2026-01-05T17:30:31.066+0000] {processor.py:208} INFO - Processing /opt/airflow/dags/hello_airflow.py took 0.119 seconds
[2026-01-05T17:31:01.585+0000] {processor.py:186} INFO - Started process (PID=1841) to work on /opt/airflow/dags/hello_airflow.py
[2026-01-05T17:31:01.587+0000] {processor.py:914} INFO - Processing file /opt/airflow/dags/hello_airflow.py for tasks to queue
[2026-01-05T17:31:01.595+0000] {logging_mixin.py:190} INFO - [2026-01-05T17:31:01.594+0000] {dagbag.py:587} INFO - Filling up the DagBag from /opt/airflow/dags/hello_airflow.py
[2026-01-05T17:31:01.625+0000] {processor.py:925} INFO - DAG(s) 'hello_airflow' retrieved from /opt/airflow/dags/hello_airflow.py
[2026-01-05T17:31:01.674+0000] {logging_mixin.py:190} INFO - [2026-01-05T17:31:01.674+0000] {dag.py:3211} INFO - Sync 1 DAGs
[2026-01-05T17:31:01.729+0000] {logging_mixin.py:190} INFO - [2026-01-05T17:31:01.728+0000] {dag.py:4138} INFO - Setting next_dagrun for hello_airflow to 2026-01-04 00:00:00+00:00, run_after=2026-01-05 00:00:00+00:00
[2026-01-05T17:31:01.757+0000] {processor.py:208} INFO - Processing /opt/airflow/dags/hello_airflow.py took 0.183 seconds
[2026-01-05T17:31:32.170+0000] {processor.py:186} INFO - Started process (PID=1907) to work on /opt/airflow/dags/hello_airflow.py
[2026-01-05T17:31:32.171+0000] {processor.py:914} INFO - Processing file /opt/airflow/dags/hello_airflow.py for tasks to queue
[2026-01-05T17:31:32.175+0000] {logging_mixin.py:190} INFO - [2026-01-05T17:31:32.174+0000] {dagbag.py:587} INFO - Filling up the DagBag from /opt/airflow/dags/hello_airflow.py
[2026-01-05T17:31:32.203+0000] {processor.py:925} INFO - DAG(s) 'hello_airflow' retrieved from /opt/airflow/dags/hello_airflow.py
[2026-01-05T17:31:32.230+0000] {logging_mixin.py:190} INFO - [2026-01-05T17:31:32.230+0000] {dag.py:3211} INFO - Sync 1 DAGs
[2026-01-05T17:31:32.263+0000] {logging_mixin.py:190} INFO - [2026-01-05T17:31:32.262+0000] {dag.py:4138} INFO - Setting next_dagrun for hello_airflow to 2026-01-04 00:00:00+00:00, run_after=2026-01-05 00:00:00+00:00
[2026-01-05T17:31:32.290+0000] {processor.py:208} INFO - Processing /opt/airflow/dags/hello_airflow.py took 0.127 seconds
[2026-01-05T17:32:02.486+0000] {processor.py:186} INFO - Started process (PID=1973) to work on /opt/airflow/dags/hello_airflow.py
[2026-01-05T17:32:02.487+0000] {processor.py:914} INFO - Processing file /opt/airflow/dags/hello_airflow.py for tasks to queue
[2026-01-05T17:32:02.490+0000] {logging_mixin.py:190} INFO - [2026-01-05T17:32:02.490+0000] {dagbag.py:587} INFO - Filling up the DagBag from /opt/airflow/dags/hello_airflow.py
[2026-01-05T17:32:02.523+0000] {processor.py:925} INFO - DAG(s) 'hello_airflow' retrieved from /opt/airflow/dags/hello_airflow.py
[2026-01-05T17:32:02.550+0000] {logging_mixin.py:190} INFO - [2026-01-05T17:32:02.550+0000] {dag.py:3211} INFO - Sync 1 DAGs
[2026-01-05T17:32:02.577+0000] {logging_mixin.py:190} INFO - [2026-01-05T17:32:02.577+0000] {dag.py:4138} INFO - Setting next_dagrun for hello_airflow to 2026-01-04 00:00:00+00:00, run_after=2026-01-05 00:00:00+00:00
[2026-01-05T17:32:02.602+0000] {processor.py:208} INFO - Processing /opt/airflow/dags/hello_airflow.py took 0.123 seconds
[2026-01-05T17:32:32.767+0000] {processor.py:186} INFO - Started process (PID=2039) to work on /opt/airflow/dags/hello_airflow.py
[2026-01-05T17:32:32.769+0000] {processor.py:914} INFO - Processing file /opt/airflow/dags/hello_airflow.py for tasks to queue
[2026-01-05T17:32:32.772+0000] {logging_mixin.py:190} INFO - [2026-01-05T17:32:32.771+0000] {dagbag.py:587} INFO - Filling up the DagBag from /opt/airflow/dags/hello_airflow.py
[2026-01-05T17:32:32.798+0000] {processor.py:925} INFO - DAG(s) 'hello_airflow' retrieved from /opt/airflow/dags/hello_airflow.py
[2026-01-05T17:32:32.820+0000] {logging_mixin.py:190} INFO - [2026-01-05T17:32:32.820+0000] {dag.py:3211} INFO - Sync 1 DAGs
[2026-01-05T17:32:32.843+0000] {logging_mixin.py:190} INFO - [2026-01-05T17:32:32.843+0000] {dag.py:4138} INFO - Setting next_dagrun for hello_airflow to 2026-01-04 00:00:00+00:00, run_after=2026-01-05 00:00:00+00:00
[2026-01-05T17:32:32.866+0000] {processor.py:208} INFO - Processing /opt/airflow/dags/hello_airflow.py took 0.106 seconds
[2026-01-05T17:33:03.206+0000] {processor.py:186} INFO - Started process (PID=2105) to work on /opt/airflow/dags/hello_airflow.py
[2026-01-05T17:33:03.208+0000] {processor.py:914} INFO - Processing file /opt/airflow/dags/hello_airflow.py for tasks to queue
[2026-01-05T17:33:03.212+0000] {logging_mixin.py:190} INFO - [2026-01-05T17:33:03.211+0000] {dagbag.py:587} INFO - Filling up the DagBag from /opt/airflow/dags/hello_airflow.py
[2026-01-05T17:33:03.255+0000] {processor.py:925} INFO - DAG(s) 'hello_airflow' retrieved from /opt/airflow/dags/hello_airflow.py
[2026-01-05T17:33:03.289+0000] {logging_mixin.py:190} INFO - [2026-01-05T17:33:03.288+0000] {dag.py:3211} INFO - Sync 1 DAGs
[2026-01-05T17:33:03.316+0000] {logging_mixin.py:190} INFO - [2026-01-05T17:33:03.316+0000] {dag.py:4138} INFO - Setting next_dagrun for hello_airflow to 2026-01-04 00:00:00+00:00, run_after=2026-01-05 00:00:00+00:00
[2026-01-05T17:33:03.344+0000] {processor.py:208} INFO - Processing /opt/airflow/dags/hello_airflow.py took 0.144 seconds
[2026-01-05T17:33:33.490+0000] {processor.py:186} INFO - Started process (PID=2171) to work on /opt/airflow/dags/hello_airflow.py
[2026-01-05T17:33:33.491+0000] {processor.py:914} INFO - Processing file /opt/airflow/dags/hello_airflow.py for tasks to queue
[2026-01-05T17:33:33.495+0000] {logging_mixin.py:190} INFO - [2026-01-05T17:33:33.494+0000] {dagbag.py:587} INFO - Filling up the DagBag from /opt/airflow/dags/hello_airflow.py
[2026-01-05T17:33:33.525+0000] {processor.py:925} INFO - DAG(s) 'hello_airflow' retrieved from /opt/airflow/dags/hello_airflow.py
[2026-01-05T17:33:33.555+0000] {logging_mixin.py:190} INFO - [2026-01-05T17:33:33.555+0000] {dag.py:3211} INFO - Sync 1 DAGs
[2026-01-05T17:33:33.581+0000] {logging_mixin.py:190} INFO - [2026-01-05T17:33:33.581+0000] {dag.py:4138} INFO - Setting next_dagrun for hello_airflow to 2026-01-04 00:00:00+00:00, run_after=2026-01-05 00:00:00+00:00
[2026-01-05T17:33:33.601+0000] {processor.py:208} INFO - Processing /opt/airflow/dags/hello_airflow.py took 0.118 seconds
[2026-01-05T17:34:04.544+0000] {processor.py:186} INFO - Started process (PID=2237) to work on /opt/airflow/dags/hello_airflow.py
[2026-01-05T17:34:04.546+0000] {processor.py:914} INFO - Processing file /opt/airflow/dags/hello_airflow.py for tasks to queue
[2026-01-05T17:34:04.550+0000] {logging_mixin.py:190} INFO - [2026-01-05T17:34:04.550+0000] {dagbag.py:587} INFO - Filling up the DagBag from /opt/airflow/dags/hello_airflow.py
[2026-01-05T17:34:04.582+0000] {processor.py:925} INFO - DAG(s) 'hello_airflow' retrieved from /opt/airflow/dags/hello_airflow.py
[2026-01-05T17:34:04.607+0000] {logging_mixin.py:190} INFO - [2026-01-05T17:34:04.606+0000] {dag.py:3211} INFO - Sync 1 DAGs
[2026-01-05T17:34:04.633+0000] {logging_mixin.py:190} INFO - [2026-01-05T17:34:04.633+0000] {dag.py:4138} INFO - Setting next_dagrun for hello_airflow to 2026-01-04 00:00:00+00:00, run_after=2026-01-05 00:00:00+00:00
[2026-01-05T17:34:04.659+0000] {processor.py:208} INFO - Processing /opt/airflow/dags/hello_airflow.py took 0.132 seconds
[2026-01-05T17:34:35.047+0000] {processor.py:186} INFO - Started process (PID=2303) to work on /opt/airflow/dags/hello_airflow.py
[2026-01-05T17:34:35.049+0000] {processor.py:914} INFO - Processing file /opt/airflow/dags/hello_airflow.py for tasks to queue
[2026-01-05T17:34:35.053+0000] {logging_mixin.py:190} INFO - [2026-01-05T17:34:35.053+0000] {dagbag.py:587} INFO - Filling up the DagBag from /opt/airflow/dags/hello_airflow.py
[2026-01-05T17:34:35.102+0000] {processor.py:925} INFO - DAG(s) 'hello_airflow' retrieved from /opt/airflow/dags/hello_airflow.py
[2026-01-05T17:34:35.134+0000] {logging_mixin.py:190} INFO - [2026-01-05T17:34:35.134+0000] {dag.py:3211} INFO - Sync 1 DAGs
[2026-01-05T17:34:35.166+0000] {logging_mixin.py:190} INFO - [2026-01-05T17:34:35.166+0000] {dag.py:4138} INFO - Setting next_dagrun for hello_airflow to 2026-01-04 00:00:00+00:00, run_after=2026-01-05 00:00:00+00:00
[2026-01-05T17:34:35.191+0000] {processor.py:208} INFO - Processing /opt/airflow/dags/hello_airflow.py took 0.154 seconds
[2026-01-05T17:35:05.855+0000] {processor.py:186} INFO - Started process (PID=2369) to work on /opt/airflow/dags/hello_airflow.py
[2026-01-05T17:35:05.857+0000] {processor.py:914} INFO - Processing file /opt/airflow/dags/hello_airflow.py for tasks to queue
[2026-01-05T17:35:05.860+0000] {logging_mixin.py:190} INFO - [2026-01-05T17:35:05.860+0000] {dagbag.py:587} INFO - Filling up the DagBag from /opt/airflow/dags/hello_airflow.py
[2026-01-05T17:35:05.893+0000] {processor.py:925} INFO - DAG(s) 'hello_airflow' retrieved from /opt/airflow/dags/hello_airflow.py
[2026-01-05T17:35:05.915+0000] {logging_mixin.py:190} INFO - [2026-01-05T17:35:05.915+0000] {dag.py:3211} INFO - Sync 1 DAGs
[2026-01-05T17:35:05.947+0000] {logging_mixin.py:190} INFO - [2026-01-05T17:35:05.947+0000] {dag.py:4138} INFO - Setting next_dagrun for hello_airflow to 2026-01-04 00:00:00+00:00, run_after=2026-01-05 00:00:00+00:00
[2026-01-05T17:35:05.973+0000] {processor.py:208} INFO - Processing /opt/airflow/dags/hello_airflow.py took 0.124 seconds
[2026-01-05T17:35:36.670+0000] {processor.py:186} INFO - Started process (PID=2436) to work on /opt/airflow/dags/hello_airflow.py
[2026-01-05T17:35:36.672+0000] {processor.py:914} INFO - Processing file /opt/airflow/dags/hello_airflow.py for tasks to queue
[2026-01-05T17:35:36.675+0000] {logging_mixin.py:190} INFO - [2026-01-05T17:35:36.675+0000] {dagbag.py:587} INFO - Filling up the DagBag from /opt/airflow/dags/hello_airflow.py
[2026-01-05T17:35:36.704+0000] {processor.py:925} INFO - DAG(s) 'hello_airflow' retrieved from /opt/airflow/dags/hello_airflow.py
[2026-01-05T17:35:36.728+0000] {logging_mixin.py:190} INFO - [2026-01-05T17:35:36.728+0000] {dag.py:3211} INFO - Sync 1 DAGs
[2026-01-05T17:35:36.757+0000] {logging_mixin.py:190} INFO - [2026-01-05T17:35:36.756+0000] {dag.py:4138} INFO - Setting next_dagrun for hello_airflow to 2026-01-04 00:00:00+00:00, run_after=2026-01-05 00:00:00+00:00
[2026-01-05T17:35:36.781+0000] {processor.py:208} INFO - Processing /opt/airflow/dags/hello_airflow.py took 0.118 seconds
[2026-01-05T17:36:07.410+0000] {processor.py:186} INFO - Started process (PID=2502) to work on /opt/airflow/dags/hello_airflow.py
[2026-01-05T17:36:07.412+0000] {processor.py:914} INFO - Processing file /opt/airflow/dags/hello_airflow.py for tasks to queue
[2026-01-05T17:36:07.418+0000] {logging_mixin.py:190} INFO - [2026-01-05T17:36:07.418+0000] {dagbag.py:587} INFO - Filling up the DagBag from /opt/airflow/dags/hello_airflow.py
[2026-01-05T17:36:07.466+0000] {processor.py:925} INFO - DAG(s) 'hello_airflow' retrieved from /opt/airflow/dags/hello_airflow.py
[2026-01-05T17:36:07.507+0000] {logging_mixin.py:190} INFO - [2026-01-05T17:36:07.506+0000] {dag.py:3211} INFO - Sync 1 DAGs
[2026-01-05T17:36:07.562+0000] {logging_mixin.py:190} INFO - [2026-01-05T17:36:07.562+0000] {dag.py:4138} INFO - Setting next_dagrun for hello_airflow to 2026-01-04 00:00:00+00:00, run_after=2026-01-05 00:00:00+00:00
[2026-01-05T17:36:07.601+0000] {processor.py:208} INFO - Processing /opt/airflow/dags/hello_airflow.py took 0.204 seconds
[2026-01-05T17:36:38.136+0000] {processor.py:186} INFO - Started process (PID=2568) to work on /opt/airflow/dags/hello_airflow.py
[2026-01-05T17:36:38.137+0000] {processor.py:914} INFO - Processing file /opt/airflow/dags/hello_airflow.py for tasks to queue
[2026-01-05T17:36:38.141+0000] {logging_mixin.py:190} INFO - [2026-01-05T17:36:38.141+0000] {dagbag.py:587} INFO - Filling up the DagBag from /opt/airflow/dags/hello_airflow.py
[2026-01-05T17:36:38.169+0000] {processor.py:925} INFO - DAG(s) 'hello_airflow' retrieved from /opt/airflow/dags/hello_airflow.py
[2026-01-05T17:36:38.195+0000] {logging_mixin.py:190} INFO - [2026-01-05T17:36:38.194+0000] {dag.py:3211} INFO - Sync 1 DAGs
[2026-01-05T17:36:38.243+0000] {logging_mixin.py:190} INFO - [2026-01-05T17:36:38.241+0000] {dag.py:4138} INFO - Setting next_dagrun for hello_airflow to 2026-01-04 00:00:00+00:00, run_after=2026-01-05 00:00:00+00:00
[2026-01-05T17:36:38.277+0000] {processor.py:208} INFO - Processing /opt/airflow/dags/hello_airflow.py took 0.150 seconds
[2026-01-05T17:37:08.403+0000] {processor.py:186} INFO - Started process (PID=2634) to work on /opt/airflow/dags/hello_airflow.py
[2026-01-05T17:37:08.405+0000] {processor.py:914} INFO - Processing file /opt/airflow/dags/hello_airflow.py for tasks to queue
[2026-01-05T17:37:08.409+0000] {logging_mixin.py:190} INFO - [2026-01-05T17:37:08.408+0000] {dagbag.py:587} INFO - Filling up the DagBag from /opt/airflow/dags/hello_airflow.py
[2026-01-05T17:37:08.453+0000] {processor.py:925} INFO - DAG(s) 'hello_airflow' retrieved from /opt/airflow/dags/hello_airflow.py
[2026-01-05T17:37:08.484+0000] {logging_mixin.py:190} INFO - [2026-01-05T17:37:08.484+0000] {dag.py:3211} INFO - Sync 1 DAGs
[2026-01-05T17:37:08.515+0000] {logging_mixin.py:190} INFO - [2026-01-05T17:37:08.515+0000] {dag.py:4138} INFO - Setting next_dagrun for hello_airflow to 2026-01-04 00:00:00+00:00, run_after=2026-01-05 00:00:00+00:00
[2026-01-05T17:37:08.544+0000] {processor.py:208} INFO - Processing /opt/airflow/dags/hello_airflow.py took 0.148 seconds
[2026-01-05T17:37:39.098+0000] {processor.py:186} INFO - Started process (PID=2700) to work on /opt/airflow/dags/hello_airflow.py
[2026-01-05T17:37:39.099+0000] {processor.py:914} INFO - Processing file /opt/airflow/dags/hello_airflow.py for tasks to queue
[2026-01-05T17:37:39.103+0000] {logging_mixin.py:190} INFO - [2026-01-05T17:37:39.102+0000] {dagbag.py:587} INFO - Filling up the DagBag from /opt/airflow/dags/hello_airflow.py
[2026-01-05T17:37:39.136+0000] {processor.py:925} INFO - DAG(s) 'hello_airflow' retrieved from /opt/airflow/dags/hello_airflow.py
[2026-01-05T17:37:39.162+0000] {logging_mixin.py:190} INFO - [2026-01-05T17:37:39.162+0000] {dag.py:3211} INFO - Sync 1 DAGs
[2026-01-05T17:37:39.189+0000] {logging_mixin.py:190} INFO - [2026-01-05T17:37:39.188+0000] {dag.py:4138} INFO - Setting next_dagrun for hello_airflow to 2026-01-04 00:00:00+00:00, run_after=2026-01-05 00:00:00+00:00
[2026-01-05T17:37:39.211+0000] {processor.py:208} INFO - Processing /opt/airflow/dags/hello_airflow.py took 0.118 seconds
[2026-01-05T17:38:09.631+0000] {processor.py:186} INFO - Started process (PID=2766) to work on /opt/airflow/dags/hello_airflow.py
[2026-01-05T17:38:09.633+0000] {processor.py:914} INFO - Processing file /opt/airflow/dags/hello_airflow.py for tasks to queue
[2026-01-05T17:38:09.636+0000] {logging_mixin.py:190} INFO - [2026-01-05T17:38:09.636+0000] {dagbag.py:587} INFO - Filling up the DagBag from /opt/airflow/dags/hello_airflow.py
[2026-01-05T17:38:09.674+0000] {processor.py:925} INFO - DAG(s) 'hello_airflow' retrieved from /opt/airflow/dags/hello_airflow.py
[2026-01-05T17:38:09.696+0000] {logging_mixin.py:190} INFO - [2026-01-05T17:38:09.696+0000] {dag.py:3211} INFO - Sync 1 DAGs
[2026-01-05T17:38:09.726+0000] {logging_mixin.py:190} INFO - [2026-01-05T17:38:09.726+0000] {dag.py:4138} INFO - Setting next_dagrun for hello_airflow to 2026-01-04 00:00:00+00:00, run_after=2026-01-05 00:00:00+00:00
[2026-01-05T17:38:09.750+0000] {processor.py:208} INFO - Processing /opt/airflow/dags/hello_airflow.py took 0.133 seconds
[2026-01-05T17:38:40.301+0000] {processor.py:186} INFO - Started process (PID=2832) to work on /opt/airflow/dags/hello_airflow.py
[2026-01-05T17:38:40.304+0000] {processor.py:914} INFO - Processing file /opt/airflow/dags/hello_airflow.py for tasks to queue
[2026-01-05T17:38:40.308+0000] {logging_mixin.py:190} INFO - [2026-01-05T17:38:40.308+0000] {dagbag.py:587} INFO - Filling up the DagBag from /opt/airflow/dags/hello_airflow.py
[2026-01-05T17:38:40.337+0000] {processor.py:925} INFO - DAG(s) 'hello_airflow' retrieved from /opt/airflow/dags/hello_airflow.py
[2026-01-05T17:38:40.358+0000] {logging_mixin.py:190} INFO - [2026-01-05T17:38:40.358+0000] {dag.py:3211} INFO - Sync 1 DAGs
[2026-01-05T17:38:40.385+0000] {logging_mixin.py:190} INFO - [2026-01-05T17:38:40.384+0000] {dag.py:4138} INFO - Setting next_dagrun for hello_airflow to 2026-01-04 00:00:00+00:00, run_after=2026-01-05 00:00:00+00:00
[2026-01-05T17:38:40.404+0000] {processor.py:208} INFO - Processing /opt/airflow/dags/hello_airflow.py took 0.111 seconds
[2026-01-05T17:39:11.390+0000] {processor.py:186} INFO - Started process (PID=2898) to work on /opt/airflow/dags/hello_airflow.py
[2026-01-05T17:39:11.391+0000] {processor.py:914} INFO - Processing file /opt/airflow/dags/hello_airflow.py for tasks to queue
[2026-01-05T17:39:11.394+0000] {logging_mixin.py:190} INFO - [2026-01-05T17:39:11.394+0000] {dagbag.py:587} INFO - Filling up the DagBag from /opt/airflow/dags/hello_airflow.py
[2026-01-05T17:39:11.424+0000] {processor.py:925} INFO - DAG(s) 'hello_airflow' retrieved from /opt/airflow/dags/hello_airflow.py
[2026-01-05T17:39:11.449+0000] {logging_mixin.py:190} INFO - [2026-01-05T17:39:11.449+0000] {dag.py:3211} INFO - Sync 1 DAGs
[2026-01-05T17:39:11.480+0000] {logging_mixin.py:190} INFO - [2026-01-05T17:39:11.480+0000] {dag.py:4138} INFO - Setting next_dagrun for hello_airflow to 2026-01-04 00:00:00+00:00, run_after=2026-01-05 00:00:00+00:00
[2026-01-05T17:39:11.511+0000] {processor.py:208} INFO - Processing /opt/airflow/dags/hello_airflow.py took 0.132 seconds
[2026-01-05T17:39:42.047+0000] {processor.py:186} INFO - Started process (PID=2964) to work on /opt/airflow/dags/hello_airflow.py
[2026-01-05T17:39:42.049+0000] {processor.py:914} INFO - Processing file /opt/airflow/dags/hello_airflow.py for tasks to queue
[2026-01-05T17:39:42.054+0000] {logging_mixin.py:190} INFO - [2026-01-05T17:39:42.053+0000] {dagbag.py:587} INFO - Filling up the DagBag from /opt/airflow/dags/hello_airflow.py
[2026-01-05T17:39:42.082+0000] {processor.py:925} INFO - DAG(s) 'hello_airflow' retrieved from /opt/airflow/dags/hello_airflow.py
[2026-01-05T17:39:42.109+0000] {logging_mixin.py:190} INFO - [2026-01-05T17:39:42.109+0000] {dag.py:3211} INFO - Sync 1 DAGs
[2026-01-05T17:39:42.139+0000] {logging_mixin.py:190} INFO - [2026-01-05T17:39:42.139+0000] {dag.py:4138} INFO - Setting next_dagrun for hello_airflow to 2026-01-04 00:00:00+00:00, run_after=2026-01-05 00:00:00+00:00
[2026-01-05T17:39:42.166+0000] {processor.py:208} INFO - Processing /opt/airflow/dags/hello_airflow.py took 0.127 seconds
[2026-01-05T17:40:12.457+0000] {processor.py:186} INFO - Started process (PID=3030) to work on /opt/airflow/dags/hello_airflow.py
[2026-01-05T17:40:12.458+0000] {processor.py:914} INFO - Processing file /opt/airflow/dags/hello_airflow.py for tasks to queue
[2026-01-05T17:40:12.461+0000] {logging_mixin.py:190} INFO - [2026-01-05T17:40:12.461+0000] {dagbag.py:587} INFO - Filling up the DagBag from /opt/airflow/dags/hello_airflow.py
[2026-01-05T17:40:12.487+0000] {processor.py:925} INFO - DAG(s) 'hello_airflow' retrieved from /opt/airflow/dags/hello_airflow.py
[2026-01-05T17:40:12.510+0000] {logging_mixin.py:190} INFO - [2026-01-05T17:40:12.509+0000] {dag.py:3211} INFO - Sync 1 DAGs
[2026-01-05T17:40:12.539+0000] {logging_mixin.py:190} INFO - [2026-01-05T17:40:12.538+0000] {dag.py:4138} INFO - Setting next_dagrun for hello_airflow to 2026-01-04 00:00:00+00:00, run_after=2026-01-05 00:00:00+00:00
[2026-01-05T17:40:12.572+0000] {processor.py:208} INFO - Processing /opt/airflow/dags/hello_airflow.py took 0.123 seconds
[2026-01-05T17:40:42.729+0000] {processor.py:186} INFO - Started process (PID=3096) to work on /opt/airflow/dags/hello_airflow.py
[2026-01-05T17:40:42.731+0000] {processor.py:914} INFO - Processing file /opt/airflow/dags/hello_airflow.py for tasks to queue
[2026-01-05T17:40:42.734+0000] {logging_mixin.py:190} INFO - [2026-01-05T17:40:42.734+0000] {dagbag.py:587} INFO - Filling up the DagBag from /opt/airflow/dags/hello_airflow.py
[2026-01-05T17:40:42.764+0000] {processor.py:925} INFO - DAG(s) 'hello_airflow' retrieved from /opt/airflow/dags/hello_airflow.py
[2026-01-05T17:40:42.787+0000] {logging_mixin.py:190} INFO - [2026-01-05T17:40:42.786+0000] {dag.py:3211} INFO - Sync 1 DAGs
[2026-01-05T17:40:42.817+0000] {logging_mixin.py:190} INFO - [2026-01-05T17:40:42.817+0000] {dag.py:4138} INFO - Setting next_dagrun for hello_airflow to 2026-01-04 00:00:00+00:00, run_after=2026-01-05 00:00:00+00:00
[2026-01-05T17:40:42.842+0000] {processor.py:208} INFO - Processing /opt/airflow/dags/hello_airflow.py took 0.121 seconds
[2026-01-05T17:41:12.996+0000] {processor.py:186} INFO - Started process (PID=3162) to work on /opt/airflow/dags/hello_airflow.py
[2026-01-05T17:41:12.997+0000] {processor.py:914} INFO - Processing file /opt/airflow/dags/hello_airflow.py for tasks to queue
[2026-01-05T17:41:13.000+0000] {logging_mixin.py:190} INFO - [2026-01-05T17:41:12.999+0000] {dagbag.py:587} INFO - Filling up the DagBag from /opt/airflow/dags/hello_airflow.py
[2026-01-05T17:41:13.024+0000] {processor.py:925} INFO - DAG(s) 'hello_airflow' retrieved from /opt/airflow/dags/hello_airflow.py
[2026-01-05T17:41:13.046+0000] {logging_mixin.py:190} INFO - [2026-01-05T17:41:13.046+0000] {dag.py:3211} INFO - Sync 1 DAGs
[2026-01-05T17:41:13.074+0000] {logging_mixin.py:190} INFO - [2026-01-05T17:41:13.074+0000] {dag.py:4138} INFO - Setting next_dagrun for hello_airflow to 2026-01-04 00:00:00+00:00, run_after=2026-01-05 00:00:00+00:00
[2026-01-05T17:41:13.094+0000] {processor.py:208} INFO - Processing /opt/airflow/dags/hello_airflow.py took 0.104 seconds
[2026-01-05T17:41:43.315+0000] {processor.py:186} INFO - Started process (PID=3228) to work on /opt/airflow/dags/hello_airflow.py
[2026-01-05T17:41:43.317+0000] {processor.py:914} INFO - Processing file /opt/airflow/dags/hello_airflow.py for tasks to queue
[2026-01-05T17:41:43.320+0000] {logging_mixin.py:190} INFO - [2026-01-05T17:41:43.320+0000] {dagbag.py:587} INFO - Filling up the DagBag from /opt/airflow/dags/hello_airflow.py
[2026-01-05T17:41:43.359+0000] {processor.py:925} INFO - DAG(s) 'hello_airflow' retrieved from /opt/airflow/dags/hello_airflow.py
[2026-01-05T17:41:43.382+0000] {logging_mixin.py:190} INFO - [2026-01-05T17:41:43.382+0000] {dag.py:3211} INFO - Sync 1 DAGs
[2026-01-05T17:41:43.418+0000] {logging_mixin.py:190} INFO - [2026-01-05T17:41:43.418+0000] {dag.py:4138} INFO - Setting next_dagrun for hello_airflow to 2026-01-04 00:00:00+00:00, run_after=2026-01-05 00:00:00+00:00
[2026-01-05T17:41:43.449+0000] {processor.py:208} INFO - Processing /opt/airflow/dags/hello_airflow.py took 0.141 seconds
[2026-01-05T17:42:13.698+0000] {processor.py:186} INFO - Started process (PID=3294) to work on /opt/airflow/dags/hello_airflow.py
[2026-01-05T17:42:13.700+0000] {processor.py:914} INFO - Processing file /opt/airflow/dags/hello_airflow.py for tasks to queue
[2026-01-05T17:42:13.705+0000] {logging_mixin.py:190} INFO - [2026-01-05T17:42:13.704+0000] {dagbag.py:587} INFO - Filling up the DagBag from /opt/airflow/dags/hello_airflow.py
[2026-01-05T17:42:13.736+0000] {processor.py:925} INFO - DAG(s) 'hello_airflow' retrieved from /opt/airflow/dags/hello_airflow.py
[2026-01-05T17:42:13.767+0000] {logging_mixin.py:190} INFO - [2026-01-05T17:42:13.767+0000] {dag.py:3211} INFO - Sync 1 DAGs
[2026-01-05T17:42:13.809+0000] {logging_mixin.py:190} INFO - [2026-01-05T17:42:13.809+0000] {dag.py:4138} INFO - Setting next_dagrun for hello_airflow to 2026-01-04 00:00:00+00:00, run_after=2026-01-05 00:00:00+00:00
[2026-01-05T17:42:13.841+0000] {processor.py:208} INFO - Processing /opt/airflow/dags/hello_airflow.py took 0.153 seconds
[2026-01-05T17:42:43.961+0000] {processor.py:186} INFO - Started process (PID=3360) to work on /opt/airflow/dags/hello_airflow.py
[2026-01-05T17:42:43.963+0000] {processor.py:914} INFO - Processing file /opt/airflow/dags/hello_airflow.py for tasks to queue
[2026-01-05T17:42:43.968+0000] {logging_mixin.py:190} INFO - [2026-01-05T17:42:43.967+0000] {dagbag.py:587} INFO - Filling up the DagBag from /opt/airflow/dags/hello_airflow.py
[2026-01-05T17:42:43.996+0000] {processor.py:925} INFO - DAG(s) 'hello_airflow' retrieved from /opt/airflow/dags/hello_airflow.py
[2026-01-05T17:42:44.031+0000] {logging_mixin.py:190} INFO - [2026-01-05T17:42:44.031+0000] {dag.py:3211} INFO - Sync 1 DAGs
[2026-01-05T17:42:44.072+0000] {logging_mixin.py:190} INFO - [2026-01-05T17:42:44.071+0000] {dag.py:4138} INFO - Setting next_dagrun for hello_airflow to 2026-01-04 00:00:00+00:00, run_after=2026-01-05 00:00:00+00:00
[2026-01-05T17:42:44.101+0000] {processor.py:208} INFO - Processing /opt/airflow/dags/hello_airflow.py took 0.150 seconds
[2026-01-05T17:43:14.443+0000] {processor.py:186} INFO - Started process (PID=3426) to work on /opt/airflow/dags/hello_airflow.py
[2026-01-05T17:43:14.444+0000] {processor.py:914} INFO - Processing file /opt/airflow/dags/hello_airflow.py for tasks to queue
[2026-01-05T17:43:14.448+0000] {logging_mixin.py:190} INFO - [2026-01-05T17:43:14.447+0000] {dagbag.py:587} INFO - Filling up the DagBag from /opt/airflow/dags/hello_airflow.py
[2026-01-05T17:43:14.480+0000] {processor.py:925} INFO - DAG(s) 'hello_airflow' retrieved from /opt/airflow/dags/hello_airflow.py
[2026-01-05T17:43:14.512+0000] {logging_mixin.py:190} INFO - [2026-01-05T17:43:14.511+0000] {dag.py:3211} INFO - Sync 1 DAGs
[2026-01-05T17:43:14.554+0000] {logging_mixin.py:190} INFO - [2026-01-05T17:43:14.554+0000] {dag.py:4138} INFO - Setting next_dagrun for hello_airflow to 2026-01-04 00:00:00+00:00, run_after=2026-01-05 00:00:00+00:00
[2026-01-05T17:43:14.584+0000] {processor.py:208} INFO - Processing /opt/airflow/dags/hello_airflow.py took 0.151 seconds
[2026-01-05T17:43:44.682+0000] {processor.py:186} INFO - Started process (PID=3492) to work on /opt/airflow/dags/hello_airflow.py
[2026-01-05T17:43:44.684+0000] {processor.py:914} INFO - Processing file /opt/airflow/dags/hello_airflow.py for tasks to queue
[2026-01-05T17:43:44.689+0000] {logging_mixin.py:190} INFO - [2026-01-05T17:43:44.688+0000] {dagbag.py:587} INFO - Filling up the DagBag from /opt/airflow/dags/hello_airflow.py
[2026-01-05T17:43:44.716+0000] {processor.py:925} INFO - DAG(s) 'hello_airflow' retrieved from /opt/airflow/dags/hello_airflow.py
[2026-01-05T17:43:44.746+0000] {logging_mixin.py:190} INFO - [2026-01-05T17:43:44.746+0000] {dag.py:3211} INFO - Sync 1 DAGs
[2026-01-05T17:43:44.780+0000] {logging_mixin.py:190} INFO - [2026-01-05T17:43:44.780+0000] {dag.py:4138} INFO - Setting next_dagrun for hello_airflow to 2026-01-04 00:00:00+00:00, run_after=2026-01-05 00:00:00+00:00
[2026-01-05T17:43:44.805+0000] {processor.py:208} INFO - Processing /opt/airflow/dags/hello_airflow.py took 0.130 seconds
[2026-01-05T17:44:15.477+0000] {processor.py:186} INFO - Started process (PID=3558) to work on /opt/airflow/dags/hello_airflow.py
[2026-01-05T17:44:15.479+0000] {processor.py:914} INFO - Processing file /opt/airflow/dags/hello_airflow.py for tasks to queue
[2026-01-05T17:44:15.483+0000] {logging_mixin.py:190} INFO - [2026-01-05T17:44:15.482+0000] {dagbag.py:587} INFO - Filling up the DagBag from /opt/airflow/dags/hello_airflow.py
[2026-01-05T17:44:15.509+0000] {processor.py:925} INFO - DAG(s) 'hello_airflow' retrieved from /opt/airflow/dags/hello_airflow.py
[2026-01-05T17:44:15.535+0000] {logging_mixin.py:190} INFO - [2026-01-05T17:44:15.534+0000] {dag.py:3211} INFO - Sync 1 DAGs
[2026-01-05T17:44:15.567+0000] {logging_mixin.py:190} INFO - [2026-01-05T17:44:15.566+0000] {dag.py:4138} INFO - Setting next_dagrun for hello_airflow to 2026-01-04 00:00:00+00:00, run_after=2026-01-05 00:00:00+00:00
[2026-01-05T17:44:15.591+0000] {processor.py:208} INFO - Processing /opt/airflow/dags/hello_airflow.py took 0.122 seconds
[2026-01-05T17:44:45.962+0000] {processor.py:186} INFO - Started process (PID=3625) to work on /opt/airflow/dags/hello_airflow.py
[2026-01-05T17:44:45.963+0000] {processor.py:914} INFO - Processing file /opt/airflow/dags/hello_airflow.py for tasks to queue
[2026-01-05T17:44:45.967+0000] {logging_mixin.py:190} INFO - [2026-01-05T17:44:45.967+0000] {dagbag.py:587} INFO - Filling up the DagBag from /opt/airflow/dags/hello_airflow.py
[2026-01-05T17:44:45.996+0000] {processor.py:925} INFO - DAG(s) 'hello_airflow' retrieved from /opt/airflow/dags/hello_airflow.py
[2026-01-05T17:44:46.033+0000] {logging_mixin.py:190} INFO - [2026-01-05T17:44:46.032+0000] {dag.py:3211} INFO - Sync 1 DAGs
[2026-01-05T17:44:46.069+0000] {logging_mixin.py:190} INFO - [2026-01-05T17:44:46.069+0000] {dag.py:4138} INFO - Setting next_dagrun for hello_airflow to 2026-01-04 00:00:00+00:00, run_after=2026-01-05 00:00:00+00:00
[2026-01-05T17:44:46.096+0000] {processor.py:208} INFO - Processing /opt/airflow/dags/hello_airflow.py took 0.146 seconds
