[2026-01-05T17:17:43.293+0000] {processor.py:186} INFO - Started process (PID=114) to work on /opt/airflow/dags/stock_analytics_etl_dag.py
[2026-01-05T17:17:43.296+0000] {processor.py:914} INFO - Processing file /opt/airflow/dags/stock_analytics_etl_dag.py for tasks to queue
[2026-01-05T17:17:43.302+0000] {logging_mixin.py:190} INFO - [2026-01-05T17:17:43.302+0000] {dagbag.py:587} INFO - Filling up the DagBag from /opt/airflow/dags/stock_analytics_etl_dag.py
[2026-01-05T17:17:43.354+0000] {processor.py:925} INFO - DAG(s) 'stock_analytics_incremental_etl_pipeline_v2' retrieved from /opt/airflow/dags/stock_analytics_etl_dag.py
[2026-01-05T17:17:43.488+0000] {logging_mixin.py:190} INFO - [2026-01-05T17:17:43.487+0000] {dag.py:3211} INFO - Sync 1 DAGs
[2026-01-05T17:17:43.650+0000] {logging_mixin.py:190} INFO - [2026-01-05T17:17:43.649+0000] {dag.py:4138} INFO - Setting next_dagrun for stock_analytics_incremental_etl_pipeline_v2 to 2026-01-05 00:00:00+00:00, run_after=2026-01-06 00:00:00+00:00
[2026-01-05T17:17:43.769+0000] {processor.py:208} INFO - Processing /opt/airflow/dags/stock_analytics_etl_dag.py took 0.494 seconds
[2026-01-05T17:18:14.783+0000] {processor.py:186} INFO - Started process (PID=181) to work on /opt/airflow/dags/stock_analytics_etl_dag.py
[2026-01-05T17:18:14.785+0000] {processor.py:914} INFO - Processing file /opt/airflow/dags/stock_analytics_etl_dag.py for tasks to queue
[2026-01-05T17:18:14.789+0000] {logging_mixin.py:190} INFO - [2026-01-05T17:18:14.789+0000] {dagbag.py:587} INFO - Filling up the DagBag from /opt/airflow/dags/stock_analytics_etl_dag.py
[2026-01-05T17:18:14.828+0000] {processor.py:925} INFO - DAG(s) 'stock_analytics_incremental_etl_pipeline_v2' retrieved from /opt/airflow/dags/stock_analytics_etl_dag.py
[2026-01-05T17:18:14.867+0000] {logging_mixin.py:190} INFO - [2026-01-05T17:18:14.867+0000] {dag.py:3211} INFO - Sync 1 DAGs
[2026-01-05T17:18:14.897+0000] {logging_mixin.py:190} INFO - [2026-01-05T17:18:14.897+0000] {dag.py:4138} INFO - Setting next_dagrun for stock_analytics_incremental_etl_pipeline_v2 to 2026-01-05 00:00:00+00:00, run_after=2026-01-06 00:00:00+00:00
[2026-01-05T17:18:14.923+0000] {processor.py:208} INFO - Processing /opt/airflow/dags/stock_analytics_etl_dag.py took 0.150 seconds
[2026-01-05T17:18:45.434+0000] {processor.py:186} INFO - Started process (PID=247) to work on /opt/airflow/dags/stock_analytics_etl_dag.py
[2026-01-05T17:18:45.436+0000] {processor.py:914} INFO - Processing file /opt/airflow/dags/stock_analytics_etl_dag.py for tasks to queue
[2026-01-05T17:18:45.440+0000] {logging_mixin.py:190} INFO - [2026-01-05T17:18:45.439+0000] {dagbag.py:587} INFO - Filling up the DagBag from /opt/airflow/dags/stock_analytics_etl_dag.py
[2026-01-05T17:18:45.482+0000] {processor.py:925} INFO - DAG(s) 'stock_analytics_incremental_etl_pipeline_v2' retrieved from /opt/airflow/dags/stock_analytics_etl_dag.py
[2026-01-05T17:18:45.521+0000] {logging_mixin.py:190} INFO - [2026-01-05T17:18:45.521+0000] {dag.py:3211} INFO - Sync 1 DAGs
[2026-01-05T17:18:45.551+0000] {logging_mixin.py:190} INFO - [2026-01-05T17:18:45.551+0000] {dag.py:4138} INFO - Setting next_dagrun for stock_analytics_incremental_etl_pipeline_v2 to 2026-01-05 00:00:00+00:00, run_after=2026-01-06 00:00:00+00:00
[2026-01-05T17:18:45.576+0000] {processor.py:208} INFO - Processing /opt/airflow/dags/stock_analytics_etl_dag.py took 0.149 seconds
[2026-01-05T17:19:16.045+0000] {processor.py:186} INFO - Started process (PID=313) to work on /opt/airflow/dags/stock_analytics_etl_dag.py
[2026-01-05T17:19:16.049+0000] {processor.py:914} INFO - Processing file /opt/airflow/dags/stock_analytics_etl_dag.py for tasks to queue
[2026-01-05T17:19:16.059+0000] {logging_mixin.py:190} INFO - [2026-01-05T17:19:16.056+0000] {dagbag.py:587} INFO - Filling up the DagBag from /opt/airflow/dags/stock_analytics_etl_dag.py
[2026-01-05T17:19:16.116+0000] {processor.py:925} INFO - DAG(s) 'stock_analytics_incremental_etl_pipeline_v2' retrieved from /opt/airflow/dags/stock_analytics_etl_dag.py
[2026-01-05T17:19:16.173+0000] {logging_mixin.py:190} INFO - [2026-01-05T17:19:16.172+0000] {dag.py:3211} INFO - Sync 1 DAGs
[2026-01-05T17:19:16.217+0000] {logging_mixin.py:190} INFO - [2026-01-05T17:19:16.216+0000] {dag.py:4138} INFO - Setting next_dagrun for stock_analytics_incremental_etl_pipeline_v2 to 2026-01-05 00:00:00+00:00, run_after=2026-01-06 00:00:00+00:00
[2026-01-05T17:19:16.280+0000] {processor.py:208} INFO - Processing /opt/airflow/dags/stock_analytics_etl_dag.py took 0.252 seconds
[2026-01-05T17:19:46.802+0000] {processor.py:186} INFO - Started process (PID=379) to work on /opt/airflow/dags/stock_analytics_etl_dag.py
[2026-01-05T17:19:46.804+0000] {processor.py:914} INFO - Processing file /opt/airflow/dags/stock_analytics_etl_dag.py for tasks to queue
[2026-01-05T17:19:46.810+0000] {logging_mixin.py:190} INFO - [2026-01-05T17:19:46.809+0000] {dagbag.py:587} INFO - Filling up the DagBag from /opt/airflow/dags/stock_analytics_etl_dag.py
[2026-01-05T17:19:46.857+0000] {processor.py:925} INFO - DAG(s) 'stock_analytics_incremental_etl_pipeline_v2' retrieved from /opt/airflow/dags/stock_analytics_etl_dag.py
[2026-01-05T17:19:46.923+0000] {logging_mixin.py:190} INFO - [2026-01-05T17:19:46.923+0000] {dag.py:3211} INFO - Sync 1 DAGs
[2026-01-05T17:19:46.961+0000] {logging_mixin.py:190} INFO - [2026-01-05T17:19:46.961+0000] {dag.py:4138} INFO - Setting next_dagrun for stock_analytics_incremental_etl_pipeline_v2 to 2026-01-05 00:00:00+00:00, run_after=2026-01-06 00:00:00+00:00
[2026-01-05T17:19:46.990+0000] {processor.py:208} INFO - Processing /opt/airflow/dags/stock_analytics_etl_dag.py took 0.200 seconds
[2026-01-05T17:20:17.187+0000] {processor.py:186} INFO - Started process (PID=445) to work on /opt/airflow/dags/stock_analytics_etl_dag.py
[2026-01-05T17:20:17.189+0000] {processor.py:914} INFO - Processing file /opt/airflow/dags/stock_analytics_etl_dag.py for tasks to queue
[2026-01-05T17:20:17.193+0000] {logging_mixin.py:190} INFO - [2026-01-05T17:20:17.192+0000] {dagbag.py:587} INFO - Filling up the DagBag from /opt/airflow/dags/stock_analytics_etl_dag.py
[2026-01-05T17:20:17.229+0000] {processor.py:925} INFO - DAG(s) 'stock_analytics_incremental_etl_pipeline_v2' retrieved from /opt/airflow/dags/stock_analytics_etl_dag.py
[2026-01-05T17:20:17.263+0000] {logging_mixin.py:190} INFO - [2026-01-05T17:20:17.263+0000] {dag.py:3211} INFO - Sync 1 DAGs
[2026-01-05T17:20:17.289+0000] {logging_mixin.py:190} INFO - [2026-01-05T17:20:17.288+0000] {dag.py:4138} INFO - Setting next_dagrun for stock_analytics_incremental_etl_pipeline_v2 to 2026-01-05 00:00:00+00:00, run_after=2026-01-06 00:00:00+00:00
[2026-01-05T17:20:17.309+0000] {processor.py:208} INFO - Processing /opt/airflow/dags/stock_analytics_etl_dag.py took 0.131 seconds
[2026-01-05T17:20:48.116+0000] {processor.py:186} INFO - Started process (PID=511) to work on /opt/airflow/dags/stock_analytics_etl_dag.py
[2026-01-05T17:20:48.119+0000] {processor.py:914} INFO - Processing file /opt/airflow/dags/stock_analytics_etl_dag.py for tasks to queue
[2026-01-05T17:20:48.126+0000] {logging_mixin.py:190} INFO - [2026-01-05T17:20:48.125+0000] {dagbag.py:587} INFO - Filling up the DagBag from /opt/airflow/dags/stock_analytics_etl_dag.py
[2026-01-05T17:20:48.192+0000] {processor.py:925} INFO - DAG(s) 'stock_analytics_incremental_etl_pipeline_v2' retrieved from /opt/airflow/dags/stock_analytics_etl_dag.py
[2026-01-05T17:20:48.254+0000] {logging_mixin.py:190} INFO - [2026-01-05T17:20:48.253+0000] {dag.py:3211} INFO - Sync 1 DAGs
[2026-01-05T17:20:48.289+0000] {logging_mixin.py:190} INFO - [2026-01-05T17:20:48.289+0000] {dag.py:4138} INFO - Setting next_dagrun for stock_analytics_incremental_etl_pipeline_v2 to 2026-01-05 00:00:00+00:00, run_after=2026-01-06 00:00:00+00:00
[2026-01-05T17:20:48.313+0000] {processor.py:208} INFO - Processing /opt/airflow/dags/stock_analytics_etl_dag.py took 0.214 seconds
[2026-01-05T17:21:18.461+0000] {processor.py:186} INFO - Started process (PID=577) to work on /opt/airflow/dags/stock_analytics_etl_dag.py
[2026-01-05T17:21:18.463+0000] {processor.py:914} INFO - Processing file /opt/airflow/dags/stock_analytics_etl_dag.py for tasks to queue
[2026-01-05T17:21:18.473+0000] {logging_mixin.py:190} INFO - [2026-01-05T17:21:18.472+0000] {dagbag.py:587} INFO - Filling up the DagBag from /opt/airflow/dags/stock_analytics_etl_dag.py
[2026-01-05T17:21:18.524+0000] {processor.py:925} INFO - DAG(s) 'stock_analytics_incremental_etl_pipeline_v2' retrieved from /opt/airflow/dags/stock_analytics_etl_dag.py
[2026-01-05T17:21:18.582+0000] {logging_mixin.py:190} INFO - [2026-01-05T17:21:18.582+0000] {dag.py:3211} INFO - Sync 1 DAGs
[2026-01-05T17:21:18.612+0000] {logging_mixin.py:190} INFO - [2026-01-05T17:21:18.612+0000] {dag.py:4138} INFO - Setting next_dagrun for stock_analytics_incremental_etl_pipeline_v2 to 2026-01-05 00:00:00+00:00, run_after=2026-01-06 00:00:00+00:00
[2026-01-05T17:21:18.637+0000] {processor.py:208} INFO - Processing /opt/airflow/dags/stock_analytics_etl_dag.py took 0.187 seconds
[2026-01-05T17:21:48.778+0000] {processor.py:186} INFO - Started process (PID=643) to work on /opt/airflow/dags/stock_analytics_etl_dag.py
[2026-01-05T17:21:48.780+0000] {processor.py:914} INFO - Processing file /opt/airflow/dags/stock_analytics_etl_dag.py for tasks to queue
[2026-01-05T17:21:48.784+0000] {logging_mixin.py:190} INFO - [2026-01-05T17:21:48.784+0000] {dagbag.py:587} INFO - Filling up the DagBag from /opt/airflow/dags/stock_analytics_etl_dag.py
[2026-01-05T17:21:48.825+0000] {processor.py:925} INFO - DAG(s) 'stock_analytics_incremental_etl_pipeline_v2' retrieved from /opt/airflow/dags/stock_analytics_etl_dag.py
[2026-01-05T17:21:48.864+0000] {logging_mixin.py:190} INFO - [2026-01-05T17:21:48.863+0000] {dag.py:3211} INFO - Sync 1 DAGs
[2026-01-05T17:21:48.892+0000] {logging_mixin.py:190} INFO - [2026-01-05T17:21:48.892+0000] {dag.py:4138} INFO - Setting next_dagrun for stock_analytics_incremental_etl_pipeline_v2 to 2026-01-05 00:00:00+00:00, run_after=2026-01-06 00:00:00+00:00
[2026-01-05T17:21:48.918+0000] {processor.py:208} INFO - Processing /opt/airflow/dags/stock_analytics_etl_dag.py took 0.146 seconds
[2026-01-05T17:22:19.696+0000] {processor.py:186} INFO - Started process (PID=709) to work on /opt/airflow/dags/stock_analytics_etl_dag.py
[2026-01-05T17:22:19.698+0000] {processor.py:914} INFO - Processing file /opt/airflow/dags/stock_analytics_etl_dag.py for tasks to queue
[2026-01-05T17:22:19.703+0000] {logging_mixin.py:190} INFO - [2026-01-05T17:22:19.702+0000] {dagbag.py:587} INFO - Filling up the DagBag from /opt/airflow/dags/stock_analytics_etl_dag.py
[2026-01-05T17:22:19.735+0000] {processor.py:925} INFO - DAG(s) 'stock_analytics_incremental_etl_pipeline_v2' retrieved from /opt/airflow/dags/stock_analytics_etl_dag.py
[2026-01-05T17:22:19.775+0000] {logging_mixin.py:190} INFO - [2026-01-05T17:22:19.775+0000] {dag.py:3211} INFO - Sync 1 DAGs
[2026-01-05T17:22:19.800+0000] {logging_mixin.py:190} INFO - [2026-01-05T17:22:19.800+0000] {dag.py:4138} INFO - Setting next_dagrun for stock_analytics_incremental_etl_pipeline_v2 to 2026-01-05 00:00:00+00:00, run_after=2026-01-06 00:00:00+00:00
[2026-01-05T17:22:19.825+0000] {processor.py:208} INFO - Processing /opt/airflow/dags/stock_analytics_etl_dag.py took 0.136 seconds
[2026-01-05T17:22:50.490+0000] {processor.py:186} INFO - Started process (PID=775) to work on /opt/airflow/dags/stock_analytics_etl_dag.py
[2026-01-05T17:22:50.491+0000] {processor.py:914} INFO - Processing file /opt/airflow/dags/stock_analytics_etl_dag.py for tasks to queue
[2026-01-05T17:22:50.496+0000] {logging_mixin.py:190} INFO - [2026-01-05T17:22:50.495+0000] {dagbag.py:587} INFO - Filling up the DagBag from /opt/airflow/dags/stock_analytics_etl_dag.py
[2026-01-05T17:22:50.536+0000] {processor.py:925} INFO - DAG(s) 'stock_analytics_incremental_etl_pipeline_v2' retrieved from /opt/airflow/dags/stock_analytics_etl_dag.py
[2026-01-05T17:22:50.581+0000] {logging_mixin.py:190} INFO - [2026-01-05T17:22:50.580+0000] {dag.py:3211} INFO - Sync 1 DAGs
[2026-01-05T17:22:50.614+0000] {logging_mixin.py:190} INFO - [2026-01-05T17:22:50.613+0000] {dag.py:4138} INFO - Setting next_dagrun for stock_analytics_incremental_etl_pipeline_v2 to 2026-01-05 00:00:00+00:00, run_after=2026-01-06 00:00:00+00:00
[2026-01-05T17:22:50.645+0000] {processor.py:208} INFO - Processing /opt/airflow/dags/stock_analytics_etl_dag.py took 0.164 seconds
[2026-01-05T17:23:21.451+0000] {processor.py:186} INFO - Started process (PID=841) to work on /opt/airflow/dags/stock_analytics_etl_dag.py
[2026-01-05T17:23:21.453+0000] {processor.py:914} INFO - Processing file /opt/airflow/dags/stock_analytics_etl_dag.py for tasks to queue
[2026-01-05T17:23:21.458+0000] {logging_mixin.py:190} INFO - [2026-01-05T17:23:21.457+0000] {dagbag.py:587} INFO - Filling up the DagBag from /opt/airflow/dags/stock_analytics_etl_dag.py
[2026-01-05T17:23:21.484+0000] {processor.py:925} INFO - DAG(s) 'stock_analytics_incremental_etl_pipeline_v2' retrieved from /opt/airflow/dags/stock_analytics_etl_dag.py
[2026-01-05T17:23:21.525+0000] {logging_mixin.py:190} INFO - [2026-01-05T17:23:21.525+0000] {dag.py:3211} INFO - Sync 1 DAGs
[2026-01-05T17:23:21.560+0000] {logging_mixin.py:190} INFO - [2026-01-05T17:23:21.559+0000] {dag.py:4138} INFO - Setting next_dagrun for stock_analytics_incremental_etl_pipeline_v2 to 2026-01-05 00:00:00+00:00, run_after=2026-01-06 00:00:00+00:00
[2026-01-05T17:23:21.581+0000] {processor.py:208} INFO - Processing /opt/airflow/dags/stock_analytics_etl_dag.py took 0.139 seconds
[2026-01-05T17:23:51.755+0000] {processor.py:186} INFO - Started process (PID=907) to work on /opt/airflow/dags/stock_analytics_etl_dag.py
[2026-01-05T17:23:51.756+0000] {processor.py:914} INFO - Processing file /opt/airflow/dags/stock_analytics_etl_dag.py for tasks to queue
[2026-01-05T17:23:51.759+0000] {logging_mixin.py:190} INFO - [2026-01-05T17:23:51.759+0000] {dagbag.py:587} INFO - Filling up the DagBag from /opt/airflow/dags/stock_analytics_etl_dag.py
[2026-01-05T17:23:51.789+0000] {processor.py:925} INFO - DAG(s) 'stock_analytics_incremental_etl_pipeline_v2' retrieved from /opt/airflow/dags/stock_analytics_etl_dag.py
[2026-01-05T17:23:51.821+0000] {logging_mixin.py:190} INFO - [2026-01-05T17:23:51.821+0000] {dag.py:3211} INFO - Sync 1 DAGs
[2026-01-05T17:23:51.852+0000] {logging_mixin.py:190} INFO - [2026-01-05T17:23:51.851+0000] {dag.py:4138} INFO - Setting next_dagrun for stock_analytics_incremental_etl_pipeline_v2 to 2026-01-05 00:00:00+00:00, run_after=2026-01-06 00:00:00+00:00
[2026-01-05T17:23:51.876+0000] {processor.py:208} INFO - Processing /opt/airflow/dags/stock_analytics_etl_dag.py took 0.129 seconds
[2026-01-05T17:24:22.179+0000] {processor.py:186} INFO - Started process (PID=973) to work on /opt/airflow/dags/stock_analytics_etl_dag.py
[2026-01-05T17:24:22.181+0000] {processor.py:914} INFO - Processing file /opt/airflow/dags/stock_analytics_etl_dag.py for tasks to queue
[2026-01-05T17:24:22.184+0000] {logging_mixin.py:190} INFO - [2026-01-05T17:24:22.184+0000] {dagbag.py:587} INFO - Filling up the DagBag from /opt/airflow/dags/stock_analytics_etl_dag.py
[2026-01-05T17:24:22.225+0000] {processor.py:925} INFO - DAG(s) 'stock_analytics_incremental_etl_pipeline_v2' retrieved from /opt/airflow/dags/stock_analytics_etl_dag.py
[2026-01-05T17:24:22.262+0000] {logging_mixin.py:190} INFO - [2026-01-05T17:24:22.262+0000] {dag.py:3211} INFO - Sync 1 DAGs
[2026-01-05T17:24:22.288+0000] {logging_mixin.py:190} INFO - [2026-01-05T17:24:22.288+0000] {dag.py:4138} INFO - Setting next_dagrun for stock_analytics_incremental_etl_pipeline_v2 to 2026-01-05 00:00:00+00:00, run_after=2026-01-06 00:00:00+00:00
[2026-01-05T17:24:22.314+0000] {processor.py:208} INFO - Processing /opt/airflow/dags/stock_analytics_etl_dag.py took 0.142 seconds
[2026-01-05T17:24:52.689+0000] {processor.py:186} INFO - Started process (PID=1039) to work on /opt/airflow/dags/stock_analytics_etl_dag.py
[2026-01-05T17:24:52.691+0000] {processor.py:914} INFO - Processing file /opt/airflow/dags/stock_analytics_etl_dag.py for tasks to queue
[2026-01-05T17:24:52.696+0000] {logging_mixin.py:190} INFO - [2026-01-05T17:24:52.696+0000] {dagbag.py:587} INFO - Filling up the DagBag from /opt/airflow/dags/stock_analytics_etl_dag.py
[2026-01-05T17:24:52.732+0000] {processor.py:925} INFO - DAG(s) 'stock_analytics_incremental_etl_pipeline_v2' retrieved from /opt/airflow/dags/stock_analytics_etl_dag.py
[2026-01-05T17:24:52.779+0000] {logging_mixin.py:190} INFO - [2026-01-05T17:24:52.778+0000] {dag.py:3211} INFO - Sync 1 DAGs
[2026-01-05T17:24:52.817+0000] {logging_mixin.py:190} INFO - [2026-01-05T17:24:52.817+0000] {dag.py:4138} INFO - Setting next_dagrun for stock_analytics_incremental_etl_pipeline_v2 to 2026-01-05 00:00:00+00:00, run_after=2026-01-06 00:00:00+00:00
[2026-01-05T17:24:52.844+0000] {processor.py:208} INFO - Processing /opt/airflow/dags/stock_analytics_etl_dag.py took 0.163 seconds
[2026-01-05T17:25:23.813+0000] {processor.py:186} INFO - Started process (PID=1105) to work on /opt/airflow/dags/stock_analytics_etl_dag.py
[2026-01-05T17:25:23.814+0000] {processor.py:914} INFO - Processing file /opt/airflow/dags/stock_analytics_etl_dag.py for tasks to queue
[2026-01-05T17:25:23.819+0000] {logging_mixin.py:190} INFO - [2026-01-05T17:25:23.818+0000] {dagbag.py:587} INFO - Filling up the DagBag from /opt/airflow/dags/stock_analytics_etl_dag.py
[2026-01-05T17:25:23.862+0000] {processor.py:925} INFO - DAG(s) 'stock_analytics_incremental_etl_pipeline_v2' retrieved from /opt/airflow/dags/stock_analytics_etl_dag.py
[2026-01-05T17:25:23.899+0000] {logging_mixin.py:190} INFO - [2026-01-05T17:25:23.899+0000] {dag.py:3211} INFO - Sync 1 DAGs
[2026-01-05T17:25:23.933+0000] {logging_mixin.py:190} INFO - [2026-01-05T17:25:23.933+0000] {dag.py:4138} INFO - Setting next_dagrun for stock_analytics_incremental_etl_pipeline_v2 to 2026-01-05 00:00:00+00:00, run_after=2026-01-06 00:00:00+00:00
[2026-01-05T17:25:23.961+0000] {processor.py:208} INFO - Processing /opt/airflow/dags/stock_analytics_etl_dag.py took 0.156 seconds
[2026-01-05T17:25:54.972+0000] {processor.py:186} INFO - Started process (PID=1171) to work on /opt/airflow/dags/stock_analytics_etl_dag.py
[2026-01-05T17:25:54.974+0000] {processor.py:914} INFO - Processing file /opt/airflow/dags/stock_analytics_etl_dag.py for tasks to queue
[2026-01-05T17:25:54.979+0000] {logging_mixin.py:190} INFO - [2026-01-05T17:25:54.978+0000] {dagbag.py:587} INFO - Filling up the DagBag from /opt/airflow/dags/stock_analytics_etl_dag.py
[2026-01-05T17:25:55.024+0000] {processor.py:925} INFO - DAG(s) 'stock_analytics_incremental_etl_pipeline_v2' retrieved from /opt/airflow/dags/stock_analytics_etl_dag.py
[2026-01-05T17:25:55.069+0000] {logging_mixin.py:190} INFO - [2026-01-05T17:25:55.069+0000] {dag.py:3211} INFO - Sync 1 DAGs
[2026-01-05T17:25:55.101+0000] {logging_mixin.py:190} INFO - [2026-01-05T17:25:55.101+0000] {dag.py:4138} INFO - Setting next_dagrun for stock_analytics_incremental_etl_pipeline_v2 to 2026-01-05 00:00:00+00:00, run_after=2026-01-06 00:00:00+00:00
[2026-01-05T17:25:55.124+0000] {processor.py:208} INFO - Processing /opt/airflow/dags/stock_analytics_etl_dag.py took 0.159 seconds
[2026-01-05T17:26:25.398+0000] {processor.py:186} INFO - Started process (PID=1237) to work on /opt/airflow/dags/stock_analytics_etl_dag.py
[2026-01-05T17:26:25.400+0000] {processor.py:914} INFO - Processing file /opt/airflow/dags/stock_analytics_etl_dag.py for tasks to queue
[2026-01-05T17:26:25.404+0000] {logging_mixin.py:190} INFO - [2026-01-05T17:26:25.403+0000] {dagbag.py:587} INFO - Filling up the DagBag from /opt/airflow/dags/stock_analytics_etl_dag.py
[2026-01-05T17:26:25.446+0000] {processor.py:925} INFO - DAG(s) 'stock_analytics_incremental_etl_pipeline_v2' retrieved from /opt/airflow/dags/stock_analytics_etl_dag.py
[2026-01-05T17:26:25.493+0000] {logging_mixin.py:190} INFO - [2026-01-05T17:26:25.492+0000] {dag.py:3211} INFO - Sync 1 DAGs
[2026-01-05T17:26:25.521+0000] {logging_mixin.py:190} INFO - [2026-01-05T17:26:25.520+0000] {dag.py:4138} INFO - Setting next_dagrun for stock_analytics_incremental_etl_pipeline_v2 to 2026-01-05 00:00:00+00:00, run_after=2026-01-06 00:00:00+00:00
[2026-01-05T17:26:25.547+0000] {processor.py:208} INFO - Processing /opt/airflow/dags/stock_analytics_etl_dag.py took 0.156 seconds
[2026-01-05T17:26:55.641+0000] {processor.py:186} INFO - Started process (PID=1303) to work on /opt/airflow/dags/stock_analytics_etl_dag.py
[2026-01-05T17:26:55.643+0000] {processor.py:914} INFO - Processing file /opt/airflow/dags/stock_analytics_etl_dag.py for tasks to queue
[2026-01-05T17:26:55.646+0000] {logging_mixin.py:190} INFO - [2026-01-05T17:26:55.646+0000] {dagbag.py:587} INFO - Filling up the DagBag from /opt/airflow/dags/stock_analytics_etl_dag.py
[2026-01-05T17:26:55.672+0000] {processor.py:925} INFO - DAG(s) 'stock_analytics_incremental_etl_pipeline_v2' retrieved from /opt/airflow/dags/stock_analytics_etl_dag.py
[2026-01-05T17:26:55.715+0000] {logging_mixin.py:190} INFO - [2026-01-05T17:26:55.715+0000] {dag.py:3211} INFO - Sync 1 DAGs
[2026-01-05T17:26:55.742+0000] {logging_mixin.py:190} INFO - [2026-01-05T17:26:55.742+0000] {dag.py:4138} INFO - Setting next_dagrun for stock_analytics_incremental_etl_pipeline_v2 to 2026-01-05 00:00:00+00:00, run_after=2026-01-06 00:00:00+00:00
[2026-01-05T17:26:55.770+0000] {processor.py:208} INFO - Processing /opt/airflow/dags/stock_analytics_etl_dag.py took 0.136 seconds
[2026-01-05T17:27:25.931+0000] {processor.py:186} INFO - Started process (PID=1369) to work on /opt/airflow/dags/stock_analytics_etl_dag.py
[2026-01-05T17:27:25.933+0000] {processor.py:914} INFO - Processing file /opt/airflow/dags/stock_analytics_etl_dag.py for tasks to queue
[2026-01-05T17:27:25.936+0000] {logging_mixin.py:190} INFO - [2026-01-05T17:27:25.935+0000] {dagbag.py:587} INFO - Filling up the DagBag from /opt/airflow/dags/stock_analytics_etl_dag.py
[2026-01-05T17:27:25.969+0000] {processor.py:925} INFO - DAG(s) 'stock_analytics_incremental_etl_pipeline_v2' retrieved from /opt/airflow/dags/stock_analytics_etl_dag.py
[2026-01-05T17:27:26.016+0000] {logging_mixin.py:190} INFO - [2026-01-05T17:27:26.016+0000] {dag.py:3211} INFO - Sync 1 DAGs
[2026-01-05T17:27:26.042+0000] {logging_mixin.py:190} INFO - [2026-01-05T17:27:26.042+0000] {dag.py:4138} INFO - Setting next_dagrun for stock_analytics_incremental_etl_pipeline_v2 to 2026-01-05 00:00:00+00:00, run_after=2026-01-06 00:00:00+00:00
[2026-01-05T17:27:26.065+0000] {processor.py:208} INFO - Processing /opt/airflow/dags/stock_analytics_etl_dag.py took 0.141 seconds
[2026-01-05T17:27:56.639+0000] {processor.py:186} INFO - Started process (PID=1435) to work on /opt/airflow/dags/stock_analytics_etl_dag.py
[2026-01-05T17:27:56.641+0000] {processor.py:914} INFO - Processing file /opt/airflow/dags/stock_analytics_etl_dag.py for tasks to queue
[2026-01-05T17:27:56.658+0000] {logging_mixin.py:190} INFO - [2026-01-05T17:27:56.657+0000] {dagbag.py:587} INFO - Filling up the DagBag from /opt/airflow/dags/stock_analytics_etl_dag.py
[2026-01-05T17:27:56.840+0000] {processor.py:925} INFO - DAG(s) 'stock_analytics_incremental_etl_pipeline_v2' retrieved from /opt/airflow/dags/stock_analytics_etl_dag.py
[2026-01-05T17:27:56.944+0000] {logging_mixin.py:190} INFO - [2026-01-05T17:27:56.944+0000] {dag.py:3211} INFO - Sync 1 DAGs
[2026-01-05T17:27:57.036+0000] {logging_mixin.py:190} INFO - [2026-01-05T17:27:57.035+0000] {dag.py:4138} INFO - Setting next_dagrun for stock_analytics_incremental_etl_pipeline_v2 to 2026-01-05 00:00:00+00:00, run_after=2026-01-06 00:00:00+00:00
[2026-01-05T17:27:57.113+0000] {processor.py:208} INFO - Processing /opt/airflow/dags/stock_analytics_etl_dag.py took 0.484 seconds
[2026-01-05T17:28:27.262+0000] {processor.py:186} INFO - Started process (PID=1501) to work on /opt/airflow/dags/stock_analytics_etl_dag.py
[2026-01-05T17:28:27.263+0000] {processor.py:914} INFO - Processing file /opt/airflow/dags/stock_analytics_etl_dag.py for tasks to queue
[2026-01-05T17:28:27.267+0000] {logging_mixin.py:190} INFO - [2026-01-05T17:28:27.266+0000] {dagbag.py:587} INFO - Filling up the DagBag from /opt/airflow/dags/stock_analytics_etl_dag.py
[2026-01-05T17:28:27.299+0000] {processor.py:925} INFO - DAG(s) 'stock_analytics_incremental_etl_pipeline_v2' retrieved from /opt/airflow/dags/stock_analytics_etl_dag.py
[2026-01-05T17:28:27.341+0000] {logging_mixin.py:190} INFO - [2026-01-05T17:28:27.341+0000] {dag.py:3211} INFO - Sync 1 DAGs
[2026-01-05T17:28:27.368+0000] {logging_mixin.py:190} INFO - [2026-01-05T17:28:27.367+0000] {dag.py:4138} INFO - Setting next_dagrun for stock_analytics_incremental_etl_pipeline_v2 to 2026-01-05 00:00:00+00:00, run_after=2026-01-06 00:00:00+00:00
[2026-01-05T17:28:27.395+0000] {processor.py:208} INFO - Processing /opt/airflow/dags/stock_analytics_etl_dag.py took 0.145 seconds
[2026-01-05T17:28:57.893+0000] {processor.py:186} INFO - Started process (PID=1567) to work on /opt/airflow/dags/stock_analytics_etl_dag.py
[2026-01-05T17:28:57.895+0000] {processor.py:914} INFO - Processing file /opt/airflow/dags/stock_analytics_etl_dag.py for tasks to queue
[2026-01-05T17:28:57.899+0000] {logging_mixin.py:190} INFO - [2026-01-05T17:28:57.898+0000] {dagbag.py:587} INFO - Filling up the DagBag from /opt/airflow/dags/stock_analytics_etl_dag.py
[2026-01-05T17:28:57.930+0000] {processor.py:925} INFO - DAG(s) 'stock_analytics_incremental_etl_pipeline_v2' retrieved from /opt/airflow/dags/stock_analytics_etl_dag.py
[2026-01-05T17:28:57.972+0000] {logging_mixin.py:190} INFO - [2026-01-05T17:28:57.972+0000] {dag.py:3211} INFO - Sync 1 DAGs
[2026-01-05T17:28:58.003+0000] {logging_mixin.py:190} INFO - [2026-01-05T17:28:58.002+0000] {dag.py:4138} INFO - Setting next_dagrun for stock_analytics_incremental_etl_pipeline_v2 to 2026-01-05 00:00:00+00:00, run_after=2026-01-06 00:00:00+00:00
[2026-01-05T17:28:58.035+0000] {processor.py:208} INFO - Processing /opt/airflow/dags/stock_analytics_etl_dag.py took 0.155 seconds
[2026-01-05T17:29:28.591+0000] {processor.py:186} INFO - Started process (PID=1639) to work on /opt/airflow/dags/stock_analytics_etl_dag.py
[2026-01-05T17:29:28.594+0000] {processor.py:914} INFO - Processing file /opt/airflow/dags/stock_analytics_etl_dag.py for tasks to queue
[2026-01-05T17:29:28.598+0000] {logging_mixin.py:190} INFO - [2026-01-05T17:29:28.598+0000] {dagbag.py:587} INFO - Filling up the DagBag from /opt/airflow/dags/stock_analytics_etl_dag.py
[2026-01-05T17:29:28.645+0000] {processor.py:925} INFO - DAG(s) 'stock_analytics_incremental_etl_pipeline_v2' retrieved from /opt/airflow/dags/stock_analytics_etl_dag.py
[2026-01-05T17:29:28.696+0000] {logging_mixin.py:190} INFO - [2026-01-05T17:29:28.696+0000] {dag.py:3211} INFO - Sync 1 DAGs
[2026-01-05T17:29:28.726+0000] {logging_mixin.py:190} INFO - [2026-01-05T17:29:28.726+0000] {dag.py:4138} INFO - Setting next_dagrun for stock_analytics_incremental_etl_pipeline_v2 to 2026-01-05 00:00:00+00:00, run_after=2026-01-06 00:00:00+00:00
[2026-01-05T17:29:28.747+0000] {processor.py:208} INFO - Processing /opt/airflow/dags/stock_analytics_etl_dag.py took 0.168 seconds
[2026-01-05T17:29:58.929+0000] {processor.py:186} INFO - Started process (PID=1705) to work on /opt/airflow/dags/stock_analytics_etl_dag.py
[2026-01-05T17:29:58.931+0000] {processor.py:914} INFO - Processing file /opt/airflow/dags/stock_analytics_etl_dag.py for tasks to queue
[2026-01-05T17:29:58.934+0000] {logging_mixin.py:190} INFO - [2026-01-05T17:29:58.934+0000] {dagbag.py:587} INFO - Filling up the DagBag from /opt/airflow/dags/stock_analytics_etl_dag.py
[2026-01-05T17:29:58.963+0000] {processor.py:925} INFO - DAG(s) 'stock_analytics_incremental_etl_pipeline_v2' retrieved from /opt/airflow/dags/stock_analytics_etl_dag.py
[2026-01-05T17:29:58.998+0000] {logging_mixin.py:190} INFO - [2026-01-05T17:29:58.998+0000] {dag.py:3211} INFO - Sync 1 DAGs
[2026-01-05T17:29:59.028+0000] {logging_mixin.py:190} INFO - [2026-01-05T17:29:59.028+0000] {dag.py:4138} INFO - Setting next_dagrun for stock_analytics_incremental_etl_pipeline_v2 to 2026-01-05 00:00:00+00:00, run_after=2026-01-06 00:00:00+00:00
[2026-01-05T17:29:59.055+0000] {processor.py:208} INFO - Processing /opt/airflow/dags/stock_analytics_etl_dag.py took 0.143 seconds
[2026-01-05T17:30:29.759+0000] {processor.py:186} INFO - Started process (PID=1772) to work on /opt/airflow/dags/stock_analytics_etl_dag.py
[2026-01-05T17:30:29.761+0000] {processor.py:914} INFO - Processing file /opt/airflow/dags/stock_analytics_etl_dag.py for tasks to queue
[2026-01-05T17:30:29.765+0000] {logging_mixin.py:190} INFO - [2026-01-05T17:30:29.765+0000] {dagbag.py:587} INFO - Filling up the DagBag from /opt/airflow/dags/stock_analytics_etl_dag.py
[2026-01-05T17:30:29.798+0000] {processor.py:925} INFO - DAG(s) 'stock_analytics_incremental_etl_pipeline_v2' retrieved from /opt/airflow/dags/stock_analytics_etl_dag.py
[2026-01-05T17:30:29.837+0000] {logging_mixin.py:190} INFO - [2026-01-05T17:30:29.837+0000] {dag.py:3211} INFO - Sync 1 DAGs
[2026-01-05T17:30:29.872+0000] {logging_mixin.py:190} INFO - [2026-01-05T17:30:29.871+0000] {dag.py:4138} INFO - Setting next_dagrun for stock_analytics_incremental_etl_pipeline_v2 to 2026-01-05 00:00:00+00:00, run_after=2026-01-06 00:00:00+00:00
[2026-01-05T17:30:29.908+0000] {processor.py:208} INFO - Processing /opt/airflow/dags/stock_analytics_etl_dag.py took 0.157 seconds
[2026-01-05T17:31:00.406+0000] {processor.py:186} INFO - Started process (PID=1838) to work on /opt/airflow/dags/stock_analytics_etl_dag.py
[2026-01-05T17:31:00.407+0000] {processor.py:914} INFO - Processing file /opt/airflow/dags/stock_analytics_etl_dag.py for tasks to queue
[2026-01-05T17:31:00.412+0000] {logging_mixin.py:190} INFO - [2026-01-05T17:31:00.412+0000] {dagbag.py:587} INFO - Filling up the DagBag from /opt/airflow/dags/stock_analytics_etl_dag.py
[2026-01-05T17:31:00.440+0000] {processor.py:925} INFO - DAG(s) 'stock_analytics_incremental_etl_pipeline_v2' retrieved from /opt/airflow/dags/stock_analytics_etl_dag.py
[2026-01-05T17:31:00.481+0000] {logging_mixin.py:190} INFO - [2026-01-05T17:31:00.480+0000] {dag.py:3211} INFO - Sync 1 DAGs
[2026-01-05T17:31:00.515+0000] {logging_mixin.py:190} INFO - [2026-01-05T17:31:00.515+0000] {dag.py:4138} INFO - Setting next_dagrun for stock_analytics_incremental_etl_pipeline_v2 to 2026-01-05 00:00:00+00:00, run_after=2026-01-06 00:00:00+00:00
[2026-01-05T17:31:00.539+0000] {processor.py:208} INFO - Processing /opt/airflow/dags/stock_analytics_etl_dag.py took 0.143 seconds
[2026-01-05T17:31:30.964+0000] {processor.py:186} INFO - Started process (PID=1904) to work on /opt/airflow/dags/stock_analytics_etl_dag.py
[2026-01-05T17:31:30.966+0000] {processor.py:914} INFO - Processing file /opt/airflow/dags/stock_analytics_etl_dag.py for tasks to queue
[2026-01-05T17:31:30.970+0000] {logging_mixin.py:190} INFO - [2026-01-05T17:31:30.969+0000] {dagbag.py:587} INFO - Filling up the DagBag from /opt/airflow/dags/stock_analytics_etl_dag.py
[2026-01-05T17:31:31.014+0000] {processor.py:925} INFO - DAG(s) 'stock_analytics_incremental_etl_pipeline_v2' retrieved from /opt/airflow/dags/stock_analytics_etl_dag.py
[2026-01-05T17:31:31.057+0000] {logging_mixin.py:190} INFO - [2026-01-05T17:31:31.057+0000] {dag.py:3211} INFO - Sync 1 DAGs
[2026-01-05T17:31:31.084+0000] {logging_mixin.py:190} INFO - [2026-01-05T17:31:31.084+0000] {dag.py:4138} INFO - Setting next_dagrun for stock_analytics_incremental_etl_pipeline_v2 to 2026-01-05 00:00:00+00:00, run_after=2026-01-06 00:00:00+00:00
[2026-01-05T17:31:31.110+0000] {processor.py:208} INFO - Processing /opt/airflow/dags/stock_analytics_etl_dag.py took 0.154 seconds
[2026-01-05T17:32:01.264+0000] {processor.py:186} INFO - Started process (PID=1970) to work on /opt/airflow/dags/stock_analytics_etl_dag.py
[2026-01-05T17:32:01.270+0000] {processor.py:914} INFO - Processing file /opt/airflow/dags/stock_analytics_etl_dag.py for tasks to queue
[2026-01-05T17:32:01.275+0000] {logging_mixin.py:190} INFO - [2026-01-05T17:32:01.275+0000] {dagbag.py:587} INFO - Filling up the DagBag from /opt/airflow/dags/stock_analytics_etl_dag.py
[2026-01-05T17:32:01.322+0000] {processor.py:925} INFO - DAG(s) 'stock_analytics_incremental_etl_pipeline_v2' retrieved from /opt/airflow/dags/stock_analytics_etl_dag.py
[2026-01-05T17:32:01.372+0000] {logging_mixin.py:190} INFO - [2026-01-05T17:32:01.372+0000] {dag.py:3211} INFO - Sync 1 DAGs
[2026-01-05T17:32:01.407+0000] {logging_mixin.py:190} INFO - [2026-01-05T17:32:01.407+0000] {dag.py:4138} INFO - Setting next_dagrun for stock_analytics_incremental_etl_pipeline_v2 to 2026-01-05 00:00:00+00:00, run_after=2026-01-06 00:00:00+00:00
[2026-01-05T17:32:01.431+0000] {processor.py:208} INFO - Processing /opt/airflow/dags/stock_analytics_etl_dag.py took 0.174 seconds
[2026-01-05T17:32:31.584+0000] {processor.py:186} INFO - Started process (PID=2037) to work on /opt/airflow/dags/stock_analytics_etl_dag.py
[2026-01-05T17:32:31.585+0000] {processor.py:914} INFO - Processing file /opt/airflow/dags/stock_analytics_etl_dag.py for tasks to queue
[2026-01-05T17:32:31.588+0000] {logging_mixin.py:190} INFO - [2026-01-05T17:32:31.588+0000] {dagbag.py:587} INFO - Filling up the DagBag from /opt/airflow/dags/stock_analytics_etl_dag.py
[2026-01-05T17:32:31.629+0000] {processor.py:925} INFO - DAG(s) 'stock_analytics_incremental_etl_pipeline_v2' retrieved from /opt/airflow/dags/stock_analytics_etl_dag.py
[2026-01-05T17:32:31.683+0000] {logging_mixin.py:190} INFO - [2026-01-05T17:32:31.683+0000] {dag.py:3211} INFO - Sync 1 DAGs
[2026-01-05T17:32:31.735+0000] {logging_mixin.py:190} INFO - [2026-01-05T17:32:31.735+0000] {dag.py:4138} INFO - Setting next_dagrun for stock_analytics_incremental_etl_pipeline_v2 to 2026-01-05 00:00:00+00:00, run_after=2026-01-06 00:00:00+00:00
[2026-01-05T17:32:31.772+0000] {processor.py:208} INFO - Processing /opt/airflow/dags/stock_analytics_etl_dag.py took 0.198 seconds
[2026-01-05T17:33:02.021+0000] {processor.py:186} INFO - Started process (PID=2102) to work on /opt/airflow/dags/stock_analytics_etl_dag.py
[2026-01-05T17:33:02.023+0000] {processor.py:914} INFO - Processing file /opt/airflow/dags/stock_analytics_etl_dag.py for tasks to queue
[2026-01-05T17:33:02.026+0000] {logging_mixin.py:190} INFO - [2026-01-05T17:33:02.026+0000] {dagbag.py:587} INFO - Filling up the DagBag from /opt/airflow/dags/stock_analytics_etl_dag.py
[2026-01-05T17:33:02.062+0000] {processor.py:925} INFO - DAG(s) 'stock_analytics_incremental_etl_pipeline_v2' retrieved from /opt/airflow/dags/stock_analytics_etl_dag.py
[2026-01-05T17:33:02.101+0000] {logging_mixin.py:190} INFO - [2026-01-05T17:33:02.101+0000] {dag.py:3211} INFO - Sync 1 DAGs
[2026-01-05T17:33:02.130+0000] {logging_mixin.py:190} INFO - [2026-01-05T17:33:02.129+0000] {dag.py:4138} INFO - Setting next_dagrun for stock_analytics_incremental_etl_pipeline_v2 to 2026-01-05 00:00:00+00:00, run_after=2026-01-06 00:00:00+00:00
[2026-01-05T17:33:02.151+0000] {processor.py:208} INFO - Processing /opt/airflow/dags/stock_analytics_etl_dag.py took 0.137 seconds
[2026-01-05T17:33:32.306+0000] {processor.py:186} INFO - Started process (PID=2168) to work on /opt/airflow/dags/stock_analytics_etl_dag.py
[2026-01-05T17:33:32.308+0000] {processor.py:914} INFO - Processing file /opt/airflow/dags/stock_analytics_etl_dag.py for tasks to queue
[2026-01-05T17:33:32.313+0000] {logging_mixin.py:190} INFO - [2026-01-05T17:33:32.312+0000] {dagbag.py:587} INFO - Filling up the DagBag from /opt/airflow/dags/stock_analytics_etl_dag.py
[2026-01-05T17:33:32.350+0000] {processor.py:925} INFO - DAG(s) 'stock_analytics_incremental_etl_pipeline_v2' retrieved from /opt/airflow/dags/stock_analytics_etl_dag.py
[2026-01-05T17:33:32.389+0000] {logging_mixin.py:190} INFO - [2026-01-05T17:33:32.388+0000] {dag.py:3211} INFO - Sync 1 DAGs
[2026-01-05T17:33:32.425+0000] {logging_mixin.py:190} INFO - [2026-01-05T17:33:32.425+0000] {dag.py:4138} INFO - Setting next_dagrun for stock_analytics_incremental_etl_pipeline_v2 to 2026-01-05 00:00:00+00:00, run_after=2026-01-06 00:00:00+00:00
[2026-01-05T17:33:32.448+0000] {processor.py:208} INFO - Processing /opt/airflow/dags/stock_analytics_etl_dag.py took 0.150 seconds
[2026-01-05T17:34:03.149+0000] {processor.py:186} INFO - Started process (PID=2234) to work on /opt/airflow/dags/stock_analytics_etl_dag.py
[2026-01-05T17:34:03.150+0000] {processor.py:914} INFO - Processing file /opt/airflow/dags/stock_analytics_etl_dag.py for tasks to queue
[2026-01-05T17:34:03.153+0000] {logging_mixin.py:190} INFO - [2026-01-05T17:34:03.153+0000] {dagbag.py:587} INFO - Filling up the DagBag from /opt/airflow/dags/stock_analytics_etl_dag.py
[2026-01-05T17:34:03.399+0000] {processor.py:925} INFO - DAG(s) 'stock_analytics_incremental_etl_pipeline_v2' retrieved from /opt/airflow/dags/stock_analytics_etl_dag.py
[2026-01-05T17:34:03.428+0000] {logging_mixin.py:190} INFO - [2026-01-05T17:34:03.428+0000] {dag.py:3211} INFO - Sync 1 DAGs
[2026-01-05T17:34:03.455+0000] {logging_mixin.py:190} INFO - [2026-01-05T17:34:03.454+0000] {dag.py:4138} INFO - Setting next_dagrun for stock_analytics_incremental_etl_pipeline_v2 to 2026-01-05 00:00:00+00:00, run_after=2026-01-06 00:00:00+00:00
[2026-01-05T17:34:03.472+0000] {processor.py:208} INFO - Processing /opt/airflow/dags/stock_analytics_etl_dag.py took 0.329 seconds
[2026-01-05T17:34:33.785+0000] {processor.py:186} INFO - Started process (PID=2300) to work on /opt/airflow/dags/stock_analytics_etl_dag.py
[2026-01-05T17:34:33.787+0000] {processor.py:914} INFO - Processing file /opt/airflow/dags/stock_analytics_etl_dag.py for tasks to queue
[2026-01-05T17:34:33.791+0000] {logging_mixin.py:190} INFO - [2026-01-05T17:34:33.790+0000] {dagbag.py:587} INFO - Filling up the DagBag from /opt/airflow/dags/stock_analytics_etl_dag.py
[2026-01-05T17:34:33.837+0000] {processor.py:925} INFO - DAG(s) 'stock_analytics_incremental_etl_pipeline_v2' retrieved from /opt/airflow/dags/stock_analytics_etl_dag.py
[2026-01-05T17:34:33.886+0000] {logging_mixin.py:190} INFO - [2026-01-05T17:34:33.885+0000] {dag.py:3211} INFO - Sync 1 DAGs
[2026-01-05T17:34:33.915+0000] {logging_mixin.py:190} INFO - [2026-01-05T17:34:33.915+0000] {dag.py:4138} INFO - Setting next_dagrun for stock_analytics_incremental_etl_pipeline_v2 to 2026-01-05 00:00:00+00:00, run_after=2026-01-06 00:00:00+00:00
[2026-01-05T17:34:33.940+0000] {processor.py:208} INFO - Processing /opt/airflow/dags/stock_analytics_etl_dag.py took 0.162 seconds
[2026-01-05T17:35:04.682+0000] {processor.py:186} INFO - Started process (PID=2366) to work on /opt/airflow/dags/stock_analytics_etl_dag.py
[2026-01-05T17:35:04.684+0000] {processor.py:914} INFO - Processing file /opt/airflow/dags/stock_analytics_etl_dag.py for tasks to queue
[2026-01-05T17:35:04.688+0000] {logging_mixin.py:190} INFO - [2026-01-05T17:35:04.688+0000] {dagbag.py:587} INFO - Filling up the DagBag from /opt/airflow/dags/stock_analytics_etl_dag.py
[2026-01-05T17:35:04.713+0000] {processor.py:925} INFO - DAG(s) 'stock_analytics_incremental_etl_pipeline_v2' retrieved from /opt/airflow/dags/stock_analytics_etl_dag.py
[2026-01-05T17:35:04.745+0000] {logging_mixin.py:190} INFO - [2026-01-05T17:35:04.744+0000] {dag.py:3211} INFO - Sync 1 DAGs
[2026-01-05T17:35:04.776+0000] {logging_mixin.py:190} INFO - [2026-01-05T17:35:04.775+0000] {dag.py:4138} INFO - Setting next_dagrun for stock_analytics_incremental_etl_pipeline_v2 to 2026-01-05 00:00:00+00:00, run_after=2026-01-06 00:00:00+00:00
[2026-01-05T17:35:04.799+0000] {processor.py:208} INFO - Processing /opt/airflow/dags/stock_analytics_etl_dag.py took 0.122 seconds
[2026-01-05T17:35:35.476+0000] {processor.py:186} INFO - Started process (PID=2433) to work on /opt/airflow/dags/stock_analytics_etl_dag.py
[2026-01-05T17:35:35.477+0000] {processor.py:914} INFO - Processing file /opt/airflow/dags/stock_analytics_etl_dag.py for tasks to queue
[2026-01-05T17:35:35.483+0000] {logging_mixin.py:190} INFO - [2026-01-05T17:35:35.482+0000] {dagbag.py:587} INFO - Filling up the DagBag from /opt/airflow/dags/stock_analytics_etl_dag.py
[2026-01-05T17:35:35.523+0000] {processor.py:925} INFO - DAG(s) 'stock_analytics_incremental_etl_pipeline_v2' retrieved from /opt/airflow/dags/stock_analytics_etl_dag.py
[2026-01-05T17:35:35.565+0000] {logging_mixin.py:190} INFO - [2026-01-05T17:35:35.564+0000] {dag.py:3211} INFO - Sync 1 DAGs
[2026-01-05T17:35:35.591+0000] {logging_mixin.py:190} INFO - [2026-01-05T17:35:35.591+0000] {dag.py:4138} INFO - Setting next_dagrun for stock_analytics_incremental_etl_pipeline_v2 to 2026-01-05 00:00:00+00:00, run_after=2026-01-06 00:00:00+00:00
[2026-01-05T17:35:35.612+0000] {processor.py:208} INFO - Processing /opt/airflow/dags/stock_analytics_etl_dag.py took 0.147 seconds
[2026-01-05T17:36:06.186+0000] {processor.py:186} INFO - Started process (PID=2499) to work on /opt/airflow/dags/stock_analytics_etl_dag.py
[2026-01-05T17:36:06.188+0000] {processor.py:914} INFO - Processing file /opt/airflow/dags/stock_analytics_etl_dag.py for tasks to queue
[2026-01-05T17:36:06.195+0000] {logging_mixin.py:190} INFO - [2026-01-05T17:36:06.194+0000] {dagbag.py:587} INFO - Filling up the DagBag from /opt/airflow/dags/stock_analytics_etl_dag.py
[2026-01-05T17:36:06.230+0000] {processor.py:925} INFO - DAG(s) 'stock_analytics_incremental_etl_pipeline_v2' retrieved from /opt/airflow/dags/stock_analytics_etl_dag.py
[2026-01-05T17:36:06.292+0000] {logging_mixin.py:190} INFO - [2026-01-05T17:36:06.291+0000] {dag.py:3211} INFO - Sync 1 DAGs
[2026-01-05T17:36:06.325+0000] {logging_mixin.py:190} INFO - [2026-01-05T17:36:06.324+0000] {dag.py:4138} INFO - Setting next_dagrun for stock_analytics_incremental_etl_pipeline_v2 to 2026-01-05 00:00:00+00:00, run_after=2026-01-06 00:00:00+00:00
[2026-01-05T17:36:06.349+0000] {processor.py:208} INFO - Processing /opt/airflow/dags/stock_analytics_etl_dag.py took 0.173 seconds
[2026-01-05T17:36:36.933+0000] {processor.py:186} INFO - Started process (PID=2565) to work on /opt/airflow/dags/stock_analytics_etl_dag.py
[2026-01-05T17:36:36.934+0000] {processor.py:914} INFO - Processing file /opt/airflow/dags/stock_analytics_etl_dag.py for tasks to queue
[2026-01-05T17:36:36.938+0000] {logging_mixin.py:190} INFO - [2026-01-05T17:36:36.938+0000] {dagbag.py:587} INFO - Filling up the DagBag from /opt/airflow/dags/stock_analytics_etl_dag.py
[2026-01-05T17:36:36.969+0000] {processor.py:925} INFO - DAG(s) 'stock_analytics_incremental_etl_pipeline_v2' retrieved from /opt/airflow/dags/stock_analytics_etl_dag.py
[2026-01-05T17:36:37.020+0000] {logging_mixin.py:190} INFO - [2026-01-05T17:36:37.020+0000] {dag.py:3211} INFO - Sync 1 DAGs
[2026-01-05T17:36:37.066+0000] {logging_mixin.py:190} INFO - [2026-01-05T17:36:37.066+0000] {dag.py:4138} INFO - Setting next_dagrun for stock_analytics_incremental_etl_pipeline_v2 to 2026-01-05 00:00:00+00:00, run_after=2026-01-06 00:00:00+00:00
[2026-01-05T17:36:37.094+0000] {processor.py:208} INFO - Processing /opt/airflow/dags/stock_analytics_etl_dag.py took 0.170 seconds
[2026-01-05T17:37:07.341+0000] {processor.py:186} INFO - Started process (PID=2632) to work on /opt/airflow/dags/stock_analytics_etl_dag.py
[2026-01-05T17:37:07.343+0000] {processor.py:914} INFO - Processing file /opt/airflow/dags/stock_analytics_etl_dag.py for tasks to queue
[2026-01-05T17:37:07.346+0000] {logging_mixin.py:190} INFO - [2026-01-05T17:37:07.346+0000] {dagbag.py:587} INFO - Filling up the DagBag from /opt/airflow/dags/stock_analytics_etl_dag.py
[2026-01-05T17:37:07.382+0000] {processor.py:925} INFO - DAG(s) 'stock_analytics_incremental_etl_pipeline_v2' retrieved from /opt/airflow/dags/stock_analytics_etl_dag.py
[2026-01-05T17:37:07.437+0000] {logging_mixin.py:190} INFO - [2026-01-05T17:37:07.436+0000] {dag.py:3211} INFO - Sync 1 DAGs
[2026-01-05T17:37:07.479+0000] {logging_mixin.py:190} INFO - [2026-01-05T17:37:07.479+0000] {dag.py:4138} INFO - Setting next_dagrun for stock_analytics_incremental_etl_pipeline_v2 to 2026-01-05 00:00:00+00:00, run_after=2026-01-06 00:00:00+00:00
[2026-01-05T17:37:07.510+0000] {processor.py:208} INFO - Processing /opt/airflow/dags/stock_analytics_etl_dag.py took 0.175 seconds
[2026-01-05T17:37:37.860+0000] {processor.py:186} INFO - Started process (PID=2697) to work on /opt/airflow/dags/stock_analytics_etl_dag.py
[2026-01-05T17:37:37.863+0000] {processor.py:914} INFO - Processing file /opt/airflow/dags/stock_analytics_etl_dag.py for tasks to queue
[2026-01-05T17:37:37.870+0000] {logging_mixin.py:190} INFO - [2026-01-05T17:37:37.869+0000] {dagbag.py:587} INFO - Filling up the DagBag from /opt/airflow/dags/stock_analytics_etl_dag.py
[2026-01-05T17:37:37.931+0000] {processor.py:925} INFO - DAG(s) 'stock_analytics_incremental_etl_pipeline_v2' retrieved from /opt/airflow/dags/stock_analytics_etl_dag.py
[2026-01-05T17:37:37.981+0000] {logging_mixin.py:190} INFO - [2026-01-05T17:37:37.981+0000] {dag.py:3211} INFO - Sync 1 DAGs
[2026-01-05T17:37:38.014+0000] {logging_mixin.py:190} INFO - [2026-01-05T17:37:38.014+0000] {dag.py:4138} INFO - Setting next_dagrun for stock_analytics_incremental_etl_pipeline_v2 to 2026-01-05 00:00:00+00:00, run_after=2026-01-06 00:00:00+00:00
[2026-01-05T17:37:38.038+0000] {processor.py:208} INFO - Processing /opt/airflow/dags/stock_analytics_etl_dag.py took 0.193 seconds
[2026-01-05T17:38:08.429+0000] {processor.py:186} INFO - Started process (PID=2763) to work on /opt/airflow/dags/stock_analytics_etl_dag.py
[2026-01-05T17:38:08.431+0000] {processor.py:914} INFO - Processing file /opt/airflow/dags/stock_analytics_etl_dag.py for tasks to queue
[2026-01-05T17:38:08.435+0000] {logging_mixin.py:190} INFO - [2026-01-05T17:38:08.434+0000] {dagbag.py:587} INFO - Filling up the DagBag from /opt/airflow/dags/stock_analytics_etl_dag.py
[2026-01-05T17:38:08.463+0000] {processor.py:925} INFO - DAG(s) 'stock_analytics_incremental_etl_pipeline_v2' retrieved from /opt/airflow/dags/stock_analytics_etl_dag.py
[2026-01-05T17:38:08.501+0000] {logging_mixin.py:190} INFO - [2026-01-05T17:38:08.501+0000] {dag.py:3211} INFO - Sync 1 DAGs
[2026-01-05T17:38:08.529+0000] {logging_mixin.py:190} INFO - [2026-01-05T17:38:08.529+0000] {dag.py:4138} INFO - Setting next_dagrun for stock_analytics_incremental_etl_pipeline_v2 to 2026-01-05 00:00:00+00:00, run_after=2026-01-06 00:00:00+00:00
[2026-01-05T17:38:08.550+0000] {processor.py:208} INFO - Processing /opt/airflow/dags/stock_analytics_etl_dag.py took 0.131 seconds
[2026-01-05T17:38:39.127+0000] {processor.py:186} INFO - Started process (PID=2829) to work on /opt/airflow/dags/stock_analytics_etl_dag.py
[2026-01-05T17:38:39.129+0000] {processor.py:914} INFO - Processing file /opt/airflow/dags/stock_analytics_etl_dag.py for tasks to queue
[2026-01-05T17:38:39.134+0000] {logging_mixin.py:190} INFO - [2026-01-05T17:38:39.133+0000] {dagbag.py:587} INFO - Filling up the DagBag from /opt/airflow/dags/stock_analytics_etl_dag.py
[2026-01-05T17:38:39.166+0000] {processor.py:925} INFO - DAG(s) 'stock_analytics_incremental_etl_pipeline_v2' retrieved from /opt/airflow/dags/stock_analytics_etl_dag.py
[2026-01-05T17:38:39.202+0000] {logging_mixin.py:190} INFO - [2026-01-05T17:38:39.202+0000] {dag.py:3211} INFO - Sync 1 DAGs
[2026-01-05T17:38:39.233+0000] {logging_mixin.py:190} INFO - [2026-01-05T17:38:39.232+0000] {dag.py:4138} INFO - Setting next_dagrun for stock_analytics_incremental_etl_pipeline_v2 to 2026-01-05 00:00:00+00:00, run_after=2026-01-06 00:00:00+00:00
[2026-01-05T17:38:39.254+0000] {processor.py:208} INFO - Processing /opt/airflow/dags/stock_analytics_etl_dag.py took 0.140 seconds
[2026-01-05T17:39:10.184+0000] {processor.py:186} INFO - Started process (PID=2895) to work on /opt/airflow/dags/stock_analytics_etl_dag.py
[2026-01-05T17:39:10.186+0000] {processor.py:914} INFO - Processing file /opt/airflow/dags/stock_analytics_etl_dag.py for tasks to queue
[2026-01-05T17:39:10.190+0000] {logging_mixin.py:190} INFO - [2026-01-05T17:39:10.189+0000] {dagbag.py:587} INFO - Filling up the DagBag from /opt/airflow/dags/stock_analytics_etl_dag.py
[2026-01-05T17:39:10.226+0000] {processor.py:925} INFO - DAG(s) 'stock_analytics_incremental_etl_pipeline_v2' retrieved from /opt/airflow/dags/stock_analytics_etl_dag.py
[2026-01-05T17:39:10.266+0000] {logging_mixin.py:190} INFO - [2026-01-05T17:39:10.266+0000] {dag.py:3211} INFO - Sync 1 DAGs
[2026-01-05T17:39:10.301+0000] {logging_mixin.py:190} INFO - [2026-01-05T17:39:10.301+0000] {dag.py:4138} INFO - Setting next_dagrun for stock_analytics_incremental_etl_pipeline_v2 to 2026-01-05 00:00:00+00:00, run_after=2026-01-06 00:00:00+00:00
[2026-01-05T17:39:10.326+0000] {processor.py:208} INFO - Processing /opt/airflow/dags/stock_analytics_etl_dag.py took 0.153 seconds
[2026-01-05T17:39:40.812+0000] {processor.py:186} INFO - Started process (PID=2961) to work on /opt/airflow/dags/stock_analytics_etl_dag.py
[2026-01-05T17:39:40.815+0000] {processor.py:914} INFO - Processing file /opt/airflow/dags/stock_analytics_etl_dag.py for tasks to queue
[2026-01-05T17:39:40.819+0000] {logging_mixin.py:190} INFO - [2026-01-05T17:39:40.818+0000] {dagbag.py:587} INFO - Filling up the DagBag from /opt/airflow/dags/stock_analytics_etl_dag.py
[2026-01-05T17:39:40.861+0000] {processor.py:925} INFO - DAG(s) 'stock_analytics_incremental_etl_pipeline_v2' retrieved from /opt/airflow/dags/stock_analytics_etl_dag.py
[2026-01-05T17:39:40.917+0000] {logging_mixin.py:190} INFO - [2026-01-05T17:39:40.917+0000] {dag.py:3211} INFO - Sync 1 DAGs
[2026-01-05T17:39:40.951+0000] {logging_mixin.py:190} INFO - [2026-01-05T17:39:40.951+0000] {dag.py:4138} INFO - Setting next_dagrun for stock_analytics_incremental_etl_pipeline_v2 to 2026-01-05 00:00:00+00:00, run_after=2026-01-06 00:00:00+00:00
[2026-01-05T17:39:40.973+0000] {processor.py:208} INFO - Processing /opt/airflow/dags/stock_analytics_etl_dag.py took 0.171 seconds
[2026-01-05T17:40:11.295+0000] {processor.py:186} INFO - Started process (PID=3027) to work on /opt/airflow/dags/stock_analytics_etl_dag.py
[2026-01-05T17:40:11.296+0000] {processor.py:914} INFO - Processing file /opt/airflow/dags/stock_analytics_etl_dag.py for tasks to queue
[2026-01-05T17:40:11.299+0000] {logging_mixin.py:190} INFO - [2026-01-05T17:40:11.299+0000] {dagbag.py:587} INFO - Filling up the DagBag from /opt/airflow/dags/stock_analytics_etl_dag.py
[2026-01-05T17:40:11.328+0000] {processor.py:925} INFO - DAG(s) 'stock_analytics_incremental_etl_pipeline_v2' retrieved from /opt/airflow/dags/stock_analytics_etl_dag.py
[2026-01-05T17:40:11.363+0000] {logging_mixin.py:190} INFO - [2026-01-05T17:40:11.363+0000] {dag.py:3211} INFO - Sync 1 DAGs
[2026-01-05T17:40:11.389+0000] {logging_mixin.py:190} INFO - [2026-01-05T17:40:11.389+0000] {dag.py:4138} INFO - Setting next_dagrun for stock_analytics_incremental_etl_pipeline_v2 to 2026-01-05 00:00:00+00:00, run_after=2026-01-06 00:00:00+00:00
[2026-01-05T17:40:11.411+0000] {processor.py:208} INFO - Processing /opt/airflow/dags/stock_analytics_etl_dag.py took 0.122 seconds
[2026-01-05T17:40:41.550+0000] {processor.py:186} INFO - Started process (PID=3093) to work on /opt/airflow/dags/stock_analytics_etl_dag.py
[2026-01-05T17:40:41.553+0000] {processor.py:914} INFO - Processing file /opt/airflow/dags/stock_analytics_etl_dag.py for tasks to queue
[2026-01-05T17:40:41.557+0000] {logging_mixin.py:190} INFO - [2026-01-05T17:40:41.557+0000] {dagbag.py:587} INFO - Filling up the DagBag from /opt/airflow/dags/stock_analytics_etl_dag.py
[2026-01-05T17:40:41.589+0000] {processor.py:925} INFO - DAG(s) 'stock_analytics_incremental_etl_pipeline_v2' retrieved from /opt/airflow/dags/stock_analytics_etl_dag.py
[2026-01-05T17:40:41.622+0000] {logging_mixin.py:190} INFO - [2026-01-05T17:40:41.622+0000] {dag.py:3211} INFO - Sync 1 DAGs
[2026-01-05T17:40:41.654+0000] {logging_mixin.py:190} INFO - [2026-01-05T17:40:41.653+0000] {dag.py:4138} INFO - Setting next_dagrun for stock_analytics_incremental_etl_pipeline_v2 to 2026-01-05 00:00:00+00:00, run_after=2026-01-06 00:00:00+00:00
[2026-01-05T17:40:41.672+0000] {processor.py:208} INFO - Processing /opt/airflow/dags/stock_analytics_etl_dag.py took 0.137 seconds
[2026-01-05T17:41:11.807+0000] {processor.py:186} INFO - Started process (PID=3159) to work on /opt/airflow/dags/stock_analytics_etl_dag.py
[2026-01-05T17:41:11.809+0000] {processor.py:914} INFO - Processing file /opt/airflow/dags/stock_analytics_etl_dag.py for tasks to queue
[2026-01-05T17:41:11.813+0000] {logging_mixin.py:190} INFO - [2026-01-05T17:41:11.813+0000] {dagbag.py:587} INFO - Filling up the DagBag from /opt/airflow/dags/stock_analytics_etl_dag.py
[2026-01-05T17:41:11.857+0000] {processor.py:925} INFO - DAG(s) 'stock_analytics_incremental_etl_pipeline_v2' retrieved from /opt/airflow/dags/stock_analytics_etl_dag.py
[2026-01-05T17:41:11.897+0000] {logging_mixin.py:190} INFO - [2026-01-05T17:41:11.897+0000] {dag.py:3211} INFO - Sync 1 DAGs
[2026-01-05T17:41:11.925+0000] {logging_mixin.py:190} INFO - [2026-01-05T17:41:11.925+0000] {dag.py:4138} INFO - Setting next_dagrun for stock_analytics_incremental_etl_pipeline_v2 to 2026-01-05 00:00:00+00:00, run_after=2026-01-06 00:00:00+00:00
[2026-01-05T17:41:11.944+0000] {processor.py:208} INFO - Processing /opt/airflow/dags/stock_analytics_etl_dag.py took 0.147 seconds
[2026-01-05T17:41:42.114+0000] {processor.py:186} INFO - Started process (PID=3225) to work on /opt/airflow/dags/stock_analytics_etl_dag.py
[2026-01-05T17:41:42.116+0000] {processor.py:914} INFO - Processing file /opt/airflow/dags/stock_analytics_etl_dag.py for tasks to queue
[2026-01-05T17:41:42.120+0000] {logging_mixin.py:190} INFO - [2026-01-05T17:41:42.119+0000] {dagbag.py:587} INFO - Filling up the DagBag from /opt/airflow/dags/stock_analytics_etl_dag.py
[2026-01-05T17:41:42.156+0000] {processor.py:925} INFO - DAG(s) 'stock_analytics_incremental_etl_pipeline_v2' retrieved from /opt/airflow/dags/stock_analytics_etl_dag.py
[2026-01-05T17:41:42.200+0000] {logging_mixin.py:190} INFO - [2026-01-05T17:41:42.200+0000] {dag.py:3211} INFO - Sync 1 DAGs
[2026-01-05T17:41:42.235+0000] {logging_mixin.py:190} INFO - [2026-01-05T17:41:42.235+0000] {dag.py:4138} INFO - Setting next_dagrun for stock_analytics_incremental_etl_pipeline_v2 to 2026-01-05 00:00:00+00:00, run_after=2026-01-06 00:00:00+00:00
[2026-01-05T17:41:42.259+0000] {processor.py:208} INFO - Processing /opt/airflow/dags/stock_analytics_etl_dag.py took 0.156 seconds
[2026-01-05T17:42:12.503+0000] {processor.py:186} INFO - Started process (PID=3291) to work on /opt/airflow/dags/stock_analytics_etl_dag.py
[2026-01-05T17:42:12.506+0000] {processor.py:914} INFO - Processing file /opt/airflow/dags/stock_analytics_etl_dag.py for tasks to queue
[2026-01-05T17:42:12.510+0000] {logging_mixin.py:190} INFO - [2026-01-05T17:42:12.510+0000] {dagbag.py:587} INFO - Filling up the DagBag from /opt/airflow/dags/stock_analytics_etl_dag.py
[2026-01-05T17:42:12.540+0000] {processor.py:925} INFO - DAG(s) 'stock_analytics_incremental_etl_pipeline_v2' retrieved from /opt/airflow/dags/stock_analytics_etl_dag.py
[2026-01-05T17:42:12.588+0000] {logging_mixin.py:190} INFO - [2026-01-05T17:42:12.588+0000] {dag.py:3211} INFO - Sync 1 DAGs
[2026-01-05T17:42:12.627+0000] {logging_mixin.py:190} INFO - [2026-01-05T17:42:12.627+0000] {dag.py:4138} INFO - Setting next_dagrun for stock_analytics_incremental_etl_pipeline_v2 to 2026-01-05 00:00:00+00:00, run_after=2026-01-06 00:00:00+00:00
[2026-01-05T17:42:12.650+0000] {processor.py:208} INFO - Processing /opt/airflow/dags/stock_analytics_etl_dag.py took 0.161 seconds
[2026-01-05T17:42:42.774+0000] {processor.py:186} INFO - Started process (PID=3357) to work on /opt/airflow/dags/stock_analytics_etl_dag.py
[2026-01-05T17:42:42.776+0000] {processor.py:914} INFO - Processing file /opt/airflow/dags/stock_analytics_etl_dag.py for tasks to queue
[2026-01-05T17:42:42.781+0000] {logging_mixin.py:190} INFO - [2026-01-05T17:42:42.780+0000] {dagbag.py:587} INFO - Filling up the DagBag from /opt/airflow/dags/stock_analytics_etl_dag.py
[2026-01-05T17:42:42.808+0000] {processor.py:925} INFO - DAG(s) 'stock_analytics_incremental_etl_pipeline_v2' retrieved from /opt/airflow/dags/stock_analytics_etl_dag.py
[2026-01-05T17:42:42.852+0000] {logging_mixin.py:190} INFO - [2026-01-05T17:42:42.852+0000] {dag.py:3211} INFO - Sync 1 DAGs
[2026-01-05T17:42:42.888+0000] {logging_mixin.py:190} INFO - [2026-01-05T17:42:42.888+0000] {dag.py:4138} INFO - Setting next_dagrun for stock_analytics_incremental_etl_pipeline_v2 to 2026-01-05 00:00:00+00:00, run_after=2026-01-06 00:00:00+00:00
[2026-01-05T17:42:42.917+0000] {processor.py:208} INFO - Processing /opt/airflow/dags/stock_analytics_etl_dag.py took 0.150 seconds
[2026-01-05T17:43:13.251+0000] {processor.py:186} INFO - Started process (PID=3423) to work on /opt/airflow/dags/stock_analytics_etl_dag.py
[2026-01-05T17:43:13.252+0000] {processor.py:914} INFO - Processing file /opt/airflow/dags/stock_analytics_etl_dag.py for tasks to queue
[2026-01-05T17:43:13.256+0000] {logging_mixin.py:190} INFO - [2026-01-05T17:43:13.255+0000] {dagbag.py:587} INFO - Filling up the DagBag from /opt/airflow/dags/stock_analytics_etl_dag.py
[2026-01-05T17:43:13.288+0000] {processor.py:925} INFO - DAG(s) 'stock_analytics_incremental_etl_pipeline_v2' retrieved from /opt/airflow/dags/stock_analytics_etl_dag.py
[2026-01-05T17:43:13.330+0000] {logging_mixin.py:190} INFO - [2026-01-05T17:43:13.330+0000] {dag.py:3211} INFO - Sync 1 DAGs
[2026-01-05T17:43:13.365+0000] {logging_mixin.py:190} INFO - [2026-01-05T17:43:13.365+0000] {dag.py:4138} INFO - Setting next_dagrun for stock_analytics_incremental_etl_pipeline_v2 to 2026-01-05 00:00:00+00:00, run_after=2026-01-06 00:00:00+00:00
[2026-01-05T17:43:13.393+0000] {processor.py:208} INFO - Processing /opt/airflow/dags/stock_analytics_etl_dag.py took 0.148 seconds
[2026-01-05T17:43:43.468+0000] {processor.py:186} INFO - Started process (PID=3489) to work on /opt/airflow/dags/stock_analytics_etl_dag.py
[2026-01-05T17:43:43.470+0000] {processor.py:914} INFO - Processing file /opt/airflow/dags/stock_analytics_etl_dag.py for tasks to queue
[2026-01-05T17:43:43.474+0000] {logging_mixin.py:190} INFO - [2026-01-05T17:43:43.474+0000] {dagbag.py:587} INFO - Filling up the DagBag from /opt/airflow/dags/stock_analytics_etl_dag.py
[2026-01-05T17:43:43.506+0000] {processor.py:925} INFO - DAG(s) 'stock_analytics_incremental_etl_pipeline_v2' retrieved from /opt/airflow/dags/stock_analytics_etl_dag.py
[2026-01-05T17:43:43.546+0000] {logging_mixin.py:190} INFO - [2026-01-05T17:43:43.545+0000] {dag.py:3211} INFO - Sync 1 DAGs
[2026-01-05T17:43:43.583+0000] {logging_mixin.py:190} INFO - [2026-01-05T17:43:43.583+0000] {dag.py:4138} INFO - Setting next_dagrun for stock_analytics_incremental_etl_pipeline_v2 to 2026-01-05 00:00:00+00:00, run_after=2026-01-06 00:00:00+00:00
[2026-01-05T17:43:43.609+0000] {processor.py:208} INFO - Processing /opt/airflow/dags/stock_analytics_etl_dag.py took 0.148 seconds
[2026-01-05T17:44:14.278+0000] {processor.py:186} INFO - Started process (PID=3555) to work on /opt/airflow/dags/stock_analytics_etl_dag.py
[2026-01-05T17:44:14.280+0000] {processor.py:914} INFO - Processing file /opt/airflow/dags/stock_analytics_etl_dag.py for tasks to queue
[2026-01-05T17:44:14.284+0000] {logging_mixin.py:190} INFO - [2026-01-05T17:44:14.284+0000] {dagbag.py:587} INFO - Filling up the DagBag from /opt/airflow/dags/stock_analytics_etl_dag.py
[2026-01-05T17:44:14.319+0000] {processor.py:925} INFO - DAG(s) 'stock_analytics_incremental_etl_pipeline_v2' retrieved from /opt/airflow/dags/stock_analytics_etl_dag.py
[2026-01-05T17:44:14.358+0000] {logging_mixin.py:190} INFO - [2026-01-05T17:44:14.357+0000] {dag.py:3211} INFO - Sync 1 DAGs
[2026-01-05T17:44:14.405+0000] {logging_mixin.py:190} INFO - [2026-01-05T17:44:14.405+0000] {dag.py:4138} INFO - Setting next_dagrun for stock_analytics_incremental_etl_pipeline_v2 to 2026-01-05 00:00:00+00:00, run_after=2026-01-06 00:00:00+00:00
[2026-01-05T17:44:14.442+0000] {processor.py:208} INFO - Processing /opt/airflow/dags/stock_analytics_etl_dag.py took 0.175 seconds
[2026-01-05T17:44:44.779+0000] {processor.py:186} INFO - Started process (PID=3622) to work on /opt/airflow/dags/stock_analytics_etl_dag.py
[2026-01-05T17:44:44.781+0000] {processor.py:914} INFO - Processing file /opt/airflow/dags/stock_analytics_etl_dag.py for tasks to queue
[2026-01-05T17:44:44.785+0000] {logging_mixin.py:190} INFO - [2026-01-05T17:44:44.785+0000] {dagbag.py:587} INFO - Filling up the DagBag from /opt/airflow/dags/stock_analytics_etl_dag.py
[2026-01-05T17:44:44.813+0000] {processor.py:925} INFO - DAG(s) 'stock_analytics_incremental_etl_pipeline_v2' retrieved from /opt/airflow/dags/stock_analytics_etl_dag.py
[2026-01-05T17:44:44.852+0000] {logging_mixin.py:190} INFO - [2026-01-05T17:44:44.852+0000] {dag.py:3211} INFO - Sync 1 DAGs
[2026-01-05T17:44:44.890+0000] {logging_mixin.py:190} INFO - [2026-01-05T17:44:44.889+0000] {dag.py:4138} INFO - Setting next_dagrun for stock_analytics_incremental_etl_pipeline_v2 to 2026-01-05 00:00:00+00:00, run_after=2026-01-06 00:00:00+00:00
[2026-01-05T17:44:44.921+0000] {processor.py:208} INFO - Processing /opt/airflow/dags/stock_analytics_etl_dag.py took 0.154 seconds
[2026-01-05T17:45:15.435+0000] {processor.py:186} INFO - Started process (PID=3687) to work on /opt/airflow/dags/stock_analytics_etl_dag.py
[2026-01-05T17:45:15.437+0000] {processor.py:914} INFO - Processing file /opt/airflow/dags/stock_analytics_etl_dag.py for tasks to queue
[2026-01-05T17:45:15.442+0000] {logging_mixin.py:190} INFO - [2026-01-05T17:45:15.441+0000] {dagbag.py:587} INFO - Filling up the DagBag from /opt/airflow/dags/stock_analytics_etl_dag.py
[2026-01-05T17:45:15.486+0000] {processor.py:925} INFO - DAG(s) 'stock_analytics_incremental_etl_pipeline_v2' retrieved from /opt/airflow/dags/stock_analytics_etl_dag.py
[2026-01-05T17:45:15.537+0000] {logging_mixin.py:190} INFO - [2026-01-05T17:45:15.536+0000] {dag.py:3211} INFO - Sync 1 DAGs
[2026-01-05T17:45:15.578+0000] {logging_mixin.py:190} INFO - [2026-01-05T17:45:15.578+0000] {dag.py:4138} INFO - Setting next_dagrun for stock_analytics_incremental_etl_pipeline_v2 to 2026-01-05 00:00:00+00:00, run_after=2026-01-06 00:00:00+00:00
[2026-01-05T17:45:15.619+0000] {processor.py:208} INFO - Processing /opt/airflow/dags/stock_analytics_etl_dag.py took 0.201 seconds
