[2026-01-05T17:17:44.259+0000] {processor.py:186} INFO - Started process (PID=116) to work on /opt/airflow/dags/tutorial.py
[2026-01-05T17:17:44.266+0000] {processor.py:914} INFO - Processing file /opt/airflow/dags/tutorial.py for tasks to queue
[2026-01-05T17:17:44.289+0000] {logging_mixin.py:190} INFO - [2026-01-05T17:17:44.288+0000] {dagbag.py:587} INFO - Filling up the DagBag from /opt/airflow/dags/tutorial.py
[2026-01-05T17:17:44.400+0000] {processor.py:927} WARNING - No viable dags retrieved from /opt/airflow/dags/tutorial.py
[2026-01-05T17:17:44.451+0000] {processor.py:208} INFO - Processing /opt/airflow/dags/tutorial.py took 0.218 seconds
[2026-01-05T17:18:14.917+0000] {processor.py:186} INFO - Started process (PID=183) to work on /opt/airflow/dags/tutorial.py
[2026-01-05T17:18:14.918+0000] {processor.py:914} INFO - Processing file /opt/airflow/dags/tutorial.py for tasks to queue
[2026-01-05T17:18:14.922+0000] {logging_mixin.py:190} INFO - [2026-01-05T17:18:14.921+0000] {dagbag.py:587} INFO - Filling up the DagBag from /opt/airflow/dags/tutorial.py
[2026-01-05T17:18:14.943+0000] {processor.py:927} WARNING - No viable dags retrieved from /opt/airflow/dags/tutorial.py
[2026-01-05T17:18:14.966+0000] {processor.py:208} INFO - Processing /opt/airflow/dags/tutorial.py took 0.056 seconds
[2026-01-05T17:18:45.579+0000] {processor.py:186} INFO - Started process (PID=249) to work on /opt/airflow/dags/tutorial.py
[2026-01-05T17:18:45.581+0000] {processor.py:914} INFO - Processing file /opt/airflow/dags/tutorial.py for tasks to queue
[2026-01-05T17:18:45.584+0000] {logging_mixin.py:190} INFO - [2026-01-05T17:18:45.583+0000] {dagbag.py:587} INFO - Filling up the DagBag from /opt/airflow/dags/tutorial.py
[2026-01-05T17:18:45.607+0000] {processor.py:927} WARNING - No viable dags retrieved from /opt/airflow/dags/tutorial.py
[2026-01-05T17:18:45.622+0000] {processor.py:208} INFO - Processing /opt/airflow/dags/tutorial.py took 0.050 seconds
[2026-01-05T17:19:16.271+0000] {processor.py:186} INFO - Started process (PID=315) to work on /opt/airflow/dags/tutorial.py
[2026-01-05T17:19:16.273+0000] {processor.py:914} INFO - Processing file /opt/airflow/dags/tutorial.py for tasks to queue
[2026-01-05T17:19:16.277+0000] {logging_mixin.py:190} INFO - [2026-01-05T17:19:16.277+0000] {dagbag.py:587} INFO - Filling up the DagBag from /opt/airflow/dags/tutorial.py
[2026-01-05T17:19:16.307+0000] {processor.py:927} WARNING - No viable dags retrieved from /opt/airflow/dags/tutorial.py
[2026-01-05T17:19:16.335+0000] {processor.py:208} INFO - Processing /opt/airflow/dags/tutorial.py took 0.078 seconds
[2026-01-05T17:19:47.004+0000] {processor.py:186} INFO - Started process (PID=381) to work on /opt/airflow/dags/tutorial.py
[2026-01-05T17:19:47.006+0000] {processor.py:914} INFO - Processing file /opt/airflow/dags/tutorial.py for tasks to queue
[2026-01-05T17:19:47.010+0000] {logging_mixin.py:190} INFO - [2026-01-05T17:19:47.010+0000] {dagbag.py:587} INFO - Filling up the DagBag from /opt/airflow/dags/tutorial.py
[2026-01-05T17:19:47.030+0000] {processor.py:927} WARNING - No viable dags retrieved from /opt/airflow/dags/tutorial.py
[2026-01-05T17:19:47.051+0000] {processor.py:208} INFO - Processing /opt/airflow/dags/tutorial.py took 0.056 seconds
[2026-01-05T17:20:17.307+0000] {processor.py:186} INFO - Started process (PID=447) to work on /opt/airflow/dags/tutorial.py
[2026-01-05T17:20:17.309+0000] {processor.py:914} INFO - Processing file /opt/airflow/dags/tutorial.py for tasks to queue
[2026-01-05T17:20:17.313+0000] {logging_mixin.py:190} INFO - [2026-01-05T17:20:17.313+0000] {dagbag.py:587} INFO - Filling up the DagBag from /opt/airflow/dags/tutorial.py
[2026-01-05T17:20:17.332+0000] {processor.py:927} WARNING - No viable dags retrieved from /opt/airflow/dags/tutorial.py
[2026-01-05T17:20:17.351+0000] {processor.py:208} INFO - Processing /opt/airflow/dags/tutorial.py took 0.051 seconds
[2026-01-05T17:20:48.307+0000] {processor.py:186} INFO - Started process (PID=513) to work on /opt/airflow/dags/tutorial.py
[2026-01-05T17:20:48.308+0000] {processor.py:914} INFO - Processing file /opt/airflow/dags/tutorial.py for tasks to queue
[2026-01-05T17:20:48.312+0000] {logging_mixin.py:190} INFO - [2026-01-05T17:20:48.311+0000] {dagbag.py:587} INFO - Filling up the DagBag from /opt/airflow/dags/tutorial.py
[2026-01-05T17:20:48.332+0000] {processor.py:927} WARNING - No viable dags retrieved from /opt/airflow/dags/tutorial.py
[2026-01-05T17:20:48.346+0000] {processor.py:208} INFO - Processing /opt/airflow/dags/tutorial.py took 0.046 seconds
[2026-01-05T17:21:18.635+0000] {processor.py:186} INFO - Started process (PID=579) to work on /opt/airflow/dags/tutorial.py
[2026-01-05T17:21:18.637+0000] {processor.py:914} INFO - Processing file /opt/airflow/dags/tutorial.py for tasks to queue
[2026-01-05T17:21:18.641+0000] {logging_mixin.py:190} INFO - [2026-01-05T17:21:18.640+0000] {dagbag.py:587} INFO - Filling up the DagBag from /opt/airflow/dags/tutorial.py
[2026-01-05T17:21:18.658+0000] {processor.py:927} WARNING - No viable dags retrieved from /opt/airflow/dags/tutorial.py
[2026-01-05T17:21:18.680+0000] {processor.py:208} INFO - Processing /opt/airflow/dags/tutorial.py took 0.052 seconds
[2026-01-05T17:21:48.914+0000] {processor.py:186} INFO - Started process (PID=645) to work on /opt/airflow/dags/tutorial.py
[2026-01-05T17:21:48.915+0000] {processor.py:914} INFO - Processing file /opt/airflow/dags/tutorial.py for tasks to queue
[2026-01-05T17:21:48.919+0000] {logging_mixin.py:190} INFO - [2026-01-05T17:21:48.919+0000] {dagbag.py:587} INFO - Filling up the DagBag from /opt/airflow/dags/tutorial.py
[2026-01-05T17:21:48.949+0000] {processor.py:927} WARNING - No viable dags retrieved from /opt/airflow/dags/tutorial.py
[2026-01-05T17:21:48.982+0000] {processor.py:208} INFO - Processing /opt/airflow/dags/tutorial.py took 0.074 seconds
[2026-01-05T17:22:19.847+0000] {processor.py:186} INFO - Started process (PID=711) to work on /opt/airflow/dags/tutorial.py
[2026-01-05T17:22:19.849+0000] {processor.py:914} INFO - Processing file /opt/airflow/dags/tutorial.py for tasks to queue
[2026-01-05T17:22:19.852+0000] {logging_mixin.py:190} INFO - [2026-01-05T17:22:19.851+0000] {dagbag.py:587} INFO - Filling up the DagBag from /opt/airflow/dags/tutorial.py
[2026-01-05T17:22:19.875+0000] {processor.py:927} WARNING - No viable dags retrieved from /opt/airflow/dags/tutorial.py
[2026-01-05T17:22:19.894+0000] {processor.py:208} INFO - Processing /opt/airflow/dags/tutorial.py took 0.053 seconds
[2026-01-05T17:22:50.653+0000] {processor.py:186} INFO - Started process (PID=777) to work on /opt/airflow/dags/tutorial.py
[2026-01-05T17:22:50.656+0000] {processor.py:914} INFO - Processing file /opt/airflow/dags/tutorial.py for tasks to queue
[2026-01-05T17:22:50.661+0000] {logging_mixin.py:190} INFO - [2026-01-05T17:22:50.661+0000] {dagbag.py:587} INFO - Filling up the DagBag from /opt/airflow/dags/tutorial.py
[2026-01-05T17:22:50.685+0000] {processor.py:927} WARNING - No viable dags retrieved from /opt/airflow/dags/tutorial.py
[2026-01-05T17:22:50.703+0000] {processor.py:208} INFO - Processing /opt/airflow/dags/tutorial.py took 0.058 seconds
[2026-01-05T17:23:21.590+0000] {processor.py:186} INFO - Started process (PID=843) to work on /opt/airflow/dags/tutorial.py
[2026-01-05T17:23:21.591+0000] {processor.py:914} INFO - Processing file /opt/airflow/dags/tutorial.py for tasks to queue
[2026-01-05T17:23:21.595+0000] {logging_mixin.py:190} INFO - [2026-01-05T17:23:21.595+0000] {dagbag.py:587} INFO - Filling up the DagBag from /opt/airflow/dags/tutorial.py
[2026-01-05T17:23:21.614+0000] {processor.py:927} WARNING - No viable dags retrieved from /opt/airflow/dags/tutorial.py
[2026-01-05T17:23:21.634+0000] {processor.py:208} INFO - Processing /opt/airflow/dags/tutorial.py took 0.052 seconds
[2026-01-05T17:23:51.885+0000] {processor.py:186} INFO - Started process (PID=909) to work on /opt/airflow/dags/tutorial.py
[2026-01-05T17:23:51.886+0000] {processor.py:914} INFO - Processing file /opt/airflow/dags/tutorial.py for tasks to queue
[2026-01-05T17:23:51.890+0000] {logging_mixin.py:190} INFO - [2026-01-05T17:23:51.890+0000] {dagbag.py:587} INFO - Filling up the DagBag from /opt/airflow/dags/tutorial.py
[2026-01-05T17:23:51.912+0000] {processor.py:927} WARNING - No viable dags retrieved from /opt/airflow/dags/tutorial.py
[2026-01-05T17:23:51.930+0000] {processor.py:208} INFO - Processing /opt/airflow/dags/tutorial.py took 0.052 seconds
[2026-01-05T17:24:22.326+0000] {processor.py:186} INFO - Started process (PID=975) to work on /opt/airflow/dags/tutorial.py
[2026-01-05T17:24:22.328+0000] {processor.py:914} INFO - Processing file /opt/airflow/dags/tutorial.py for tasks to queue
[2026-01-05T17:24:22.333+0000] {logging_mixin.py:190} INFO - [2026-01-05T17:24:22.332+0000] {dagbag.py:587} INFO - Filling up the DagBag from /opt/airflow/dags/tutorial.py
[2026-01-05T17:24:22.361+0000] {processor.py:927} WARNING - No viable dags retrieved from /opt/airflow/dags/tutorial.py
[2026-01-05T17:24:22.379+0000] {processor.py:208} INFO - Processing /opt/airflow/dags/tutorial.py took 0.060 seconds
[2026-01-05T17:24:52.839+0000] {processor.py:186} INFO - Started process (PID=1041) to work on /opt/airflow/dags/tutorial.py
[2026-01-05T17:24:52.841+0000] {processor.py:914} INFO - Processing file /opt/airflow/dags/tutorial.py for tasks to queue
[2026-01-05T17:24:52.846+0000] {logging_mixin.py:190} INFO - [2026-01-05T17:24:52.846+0000] {dagbag.py:587} INFO - Filling up the DagBag from /opt/airflow/dags/tutorial.py
[2026-01-05T17:24:52.863+0000] {processor.py:927} WARNING - No viable dags retrieved from /opt/airflow/dags/tutorial.py
[2026-01-05T17:24:52.882+0000] {processor.py:208} INFO - Processing /opt/airflow/dags/tutorial.py took 0.052 seconds
[2026-01-05T17:25:23.954+0000] {processor.py:186} INFO - Started process (PID=1107) to work on /opt/airflow/dags/tutorial.py
[2026-01-05T17:25:23.956+0000] {processor.py:914} INFO - Processing file /opt/airflow/dags/tutorial.py for tasks to queue
[2026-01-05T17:25:23.960+0000] {logging_mixin.py:190} INFO - [2026-01-05T17:25:23.959+0000] {dagbag.py:587} INFO - Filling up the DagBag from /opt/airflow/dags/tutorial.py
[2026-01-05T17:25:23.983+0000] {processor.py:927} WARNING - No viable dags retrieved from /opt/airflow/dags/tutorial.py
[2026-01-05T17:25:24.002+0000] {processor.py:208} INFO - Processing /opt/airflow/dags/tutorial.py took 0.057 seconds
[2026-01-05T17:25:55.117+0000] {processor.py:186} INFO - Started process (PID=1173) to work on /opt/airflow/dags/tutorial.py
[2026-01-05T17:25:55.118+0000] {processor.py:914} INFO - Processing file /opt/airflow/dags/tutorial.py for tasks to queue
[2026-01-05T17:25:55.122+0000] {logging_mixin.py:190} INFO - [2026-01-05T17:25:55.121+0000] {dagbag.py:587} INFO - Filling up the DagBag from /opt/airflow/dags/tutorial.py
[2026-01-05T17:25:55.139+0000] {processor.py:927} WARNING - No viable dags retrieved from /opt/airflow/dags/tutorial.py
[2026-01-05T17:25:55.154+0000] {processor.py:208} INFO - Processing /opt/airflow/dags/tutorial.py took 0.043 seconds
[2026-01-05T17:26:25.562+0000] {processor.py:186} INFO - Started process (PID=1239) to work on /opt/airflow/dags/tutorial.py
[2026-01-05T17:26:25.564+0000] {processor.py:914} INFO - Processing file /opt/airflow/dags/tutorial.py for tasks to queue
[2026-01-05T17:26:25.567+0000] {logging_mixin.py:190} INFO - [2026-01-05T17:26:25.566+0000] {dagbag.py:587} INFO - Filling up the DagBag from /opt/airflow/dags/tutorial.py
[2026-01-05T17:26:25.598+0000] {processor.py:927} WARNING - No viable dags retrieved from /opt/airflow/dags/tutorial.py
[2026-01-05T17:26:25.613+0000] {processor.py:208} INFO - Processing /opt/airflow/dags/tutorial.py took 0.058 seconds
[2026-01-05T17:26:55.778+0000] {processor.py:186} INFO - Started process (PID=1305) to work on /opt/airflow/dags/tutorial.py
[2026-01-05T17:26:55.779+0000] {processor.py:914} INFO - Processing file /opt/airflow/dags/tutorial.py for tasks to queue
[2026-01-05T17:26:55.782+0000] {logging_mixin.py:190} INFO - [2026-01-05T17:26:55.782+0000] {dagbag.py:587} INFO - Filling up the DagBag from /opt/airflow/dags/tutorial.py
[2026-01-05T17:26:55.807+0000] {processor.py:927} WARNING - No viable dags retrieved from /opt/airflow/dags/tutorial.py
[2026-01-05T17:26:55.822+0000] {processor.py:208} INFO - Processing /opt/airflow/dags/tutorial.py took 0.051 seconds
[2026-01-05T17:27:26.081+0000] {processor.py:186} INFO - Started process (PID=1371) to work on /opt/airflow/dags/tutorial.py
[2026-01-05T17:27:26.083+0000] {processor.py:914} INFO - Processing file /opt/airflow/dags/tutorial.py for tasks to queue
[2026-01-05T17:27:26.087+0000] {logging_mixin.py:190} INFO - [2026-01-05T17:27:26.086+0000] {dagbag.py:587} INFO - Filling up the DagBag from /opt/airflow/dags/tutorial.py
[2026-01-05T17:27:26.113+0000] {processor.py:927} WARNING - No viable dags retrieved from /opt/airflow/dags/tutorial.py
[2026-01-05T17:27:26.129+0000] {processor.py:208} INFO - Processing /opt/airflow/dags/tutorial.py took 0.055 seconds
[2026-01-05T17:27:57.296+0000] {processor.py:186} INFO - Started process (PID=1437) to work on /opt/airflow/dags/tutorial.py
[2026-01-05T17:27:57.302+0000] {processor.py:914} INFO - Processing file /opt/airflow/dags/tutorial.py for tasks to queue
[2026-01-05T17:27:57.313+0000] {logging_mixin.py:190} INFO - [2026-01-05T17:27:57.312+0000] {dagbag.py:587} INFO - Filling up the DagBag from /opt/airflow/dags/tutorial.py
[2026-01-05T17:27:57.476+0000] {processor.py:927} WARNING - No viable dags retrieved from /opt/airflow/dags/tutorial.py
[2026-01-05T17:27:57.503+0000] {processor.py:208} INFO - Processing /opt/airflow/dags/tutorial.py took 0.228 seconds
[2026-01-05T17:28:28.447+0000] {processor.py:186} INFO - Started process (PID=1509) to work on /opt/airflow/dags/tutorial.py
[2026-01-05T17:28:28.449+0000] {processor.py:914} INFO - Processing file /opt/airflow/dags/tutorial.py for tasks to queue
[2026-01-05T17:28:28.454+0000] {logging_mixin.py:190} INFO - [2026-01-05T17:28:28.453+0000] {dagbag.py:587} INFO - Filling up the DagBag from /opt/airflow/dags/tutorial.py
[2026-01-05T17:28:28.478+0000] {processor.py:927} WARNING - No viable dags retrieved from /opt/airflow/dags/tutorial.py
[2026-01-05T17:28:28.497+0000] {processor.py:208} INFO - Processing /opt/airflow/dags/tutorial.py took 0.060 seconds
[2026-01-05T17:28:59.094+0000] {processor.py:186} INFO - Started process (PID=1575) to work on /opt/airflow/dags/tutorial.py
[2026-01-05T17:28:59.095+0000] {processor.py:914} INFO - Processing file /opt/airflow/dags/tutorial.py for tasks to queue
[2026-01-05T17:28:59.099+0000] {logging_mixin.py:190} INFO - [2026-01-05T17:28:59.099+0000] {dagbag.py:587} INFO - Filling up the DagBag from /opt/airflow/dags/tutorial.py
[2026-01-05T17:28:59.122+0000] {processor.py:927} WARNING - No viable dags retrieved from /opt/airflow/dags/tutorial.py
[2026-01-05T17:28:59.147+0000] {processor.py:208} INFO - Processing /opt/airflow/dags/tutorial.py took 0.063 seconds
[2026-01-05T17:29:29.814+0000] {processor.py:186} INFO - Started process (PID=1641) to work on /opt/airflow/dags/tutorial.py
[2026-01-05T17:29:29.815+0000] {processor.py:914} INFO - Processing file /opt/airflow/dags/tutorial.py for tasks to queue
[2026-01-05T17:29:29.819+0000] {logging_mixin.py:190} INFO - [2026-01-05T17:29:29.818+0000] {dagbag.py:587} INFO - Filling up the DagBag from /opt/airflow/dags/tutorial.py
[2026-01-05T17:29:29.844+0000] {processor.py:927} WARNING - No viable dags retrieved from /opt/airflow/dags/tutorial.py
[2026-01-05T17:29:29.864+0000] {processor.py:208} INFO - Processing /opt/airflow/dags/tutorial.py took 0.061 seconds
[2026-01-05T17:30:00.099+0000] {processor.py:186} INFO - Started process (PID=1707) to work on /opt/airflow/dags/tutorial.py
[2026-01-05T17:30:00.101+0000] {processor.py:914} INFO - Processing file /opt/airflow/dags/tutorial.py for tasks to queue
[2026-01-05T17:30:00.104+0000] {logging_mixin.py:190} INFO - [2026-01-05T17:30:00.104+0000] {dagbag.py:587} INFO - Filling up the DagBag from /opt/airflow/dags/tutorial.py
[2026-01-05T17:30:00.129+0000] {processor.py:927} WARNING - No viable dags retrieved from /opt/airflow/dags/tutorial.py
[2026-01-05T17:30:00.150+0000] {processor.py:208} INFO - Processing /opt/airflow/dags/tutorial.py took 0.060 seconds
[2026-01-05T17:30:30.949+0000] {processor.py:186} INFO - Started process (PID=1774) to work on /opt/airflow/dags/tutorial.py
[2026-01-05T17:30:30.951+0000] {processor.py:914} INFO - Processing file /opt/airflow/dags/tutorial.py for tasks to queue
[2026-01-05T17:30:30.955+0000] {logging_mixin.py:190} INFO - [2026-01-05T17:30:30.954+0000] {dagbag.py:587} INFO - Filling up the DagBag from /opt/airflow/dags/tutorial.py
[2026-01-05T17:30:30.975+0000] {processor.py:927} WARNING - No viable dags retrieved from /opt/airflow/dags/tutorial.py
[2026-01-05T17:30:30.994+0000] {processor.py:208} INFO - Processing /opt/airflow/dags/tutorial.py took 0.054 seconds
[2026-01-05T17:31:01.578+0000] {processor.py:186} INFO - Started process (PID=1840) to work on /opt/airflow/dags/tutorial.py
[2026-01-05T17:31:01.580+0000] {processor.py:914} INFO - Processing file /opt/airflow/dags/tutorial.py for tasks to queue
[2026-01-05T17:31:01.585+0000] {logging_mixin.py:190} INFO - [2026-01-05T17:31:01.584+0000] {dagbag.py:587} INFO - Filling up the DagBag from /opt/airflow/dags/tutorial.py
[2026-01-05T17:31:01.606+0000] {processor.py:927} WARNING - No viable dags retrieved from /opt/airflow/dags/tutorial.py
[2026-01-05T17:31:01.632+0000] {processor.py:208} INFO - Processing /opt/airflow/dags/tutorial.py took 0.070 seconds
[2026-01-05T17:31:32.158+0000] {processor.py:186} INFO - Started process (PID=1906) to work on /opt/airflow/dags/tutorial.py
[2026-01-05T17:31:32.159+0000] {processor.py:914} INFO - Processing file /opt/airflow/dags/tutorial.py for tasks to queue
[2026-01-05T17:31:32.163+0000] {logging_mixin.py:190} INFO - [2026-01-05T17:31:32.163+0000] {dagbag.py:587} INFO - Filling up the DagBag from /opt/airflow/dags/tutorial.py
[2026-01-05T17:31:32.187+0000] {processor.py:927} WARNING - No viable dags retrieved from /opt/airflow/dags/tutorial.py
[2026-01-05T17:31:32.207+0000] {processor.py:208} INFO - Processing /opt/airflow/dags/tutorial.py took 0.057 seconds
[2026-01-05T17:32:02.474+0000] {processor.py:186} INFO - Started process (PID=1972) to work on /opt/airflow/dags/tutorial.py
[2026-01-05T17:32:02.476+0000] {processor.py:914} INFO - Processing file /opt/airflow/dags/tutorial.py for tasks to queue
[2026-01-05T17:32:02.480+0000] {logging_mixin.py:190} INFO - [2026-01-05T17:32:02.479+0000] {dagbag.py:587} INFO - Filling up the DagBag from /opt/airflow/dags/tutorial.py
[2026-01-05T17:32:02.505+0000] {processor.py:927} WARNING - No viable dags retrieved from /opt/airflow/dags/tutorial.py
[2026-01-05T17:32:02.519+0000] {processor.py:208} INFO - Processing /opt/airflow/dags/tutorial.py took 0.057 seconds
[2026-01-05T17:32:32.650+0000] {processor.py:186} INFO - Started process (PID=2038) to work on /opt/airflow/dags/tutorial.py
[2026-01-05T17:32:32.653+0000] {processor.py:914} INFO - Processing file /opt/airflow/dags/tutorial.py for tasks to queue
[2026-01-05T17:32:32.657+0000] {logging_mixin.py:190} INFO - [2026-01-05T17:32:32.657+0000] {dagbag.py:587} INFO - Filling up the DagBag from /opt/airflow/dags/tutorial.py
[2026-01-05T17:32:32.682+0000] {processor.py:927} WARNING - No viable dags retrieved from /opt/airflow/dags/tutorial.py
[2026-01-05T17:32:32.699+0000] {processor.py:208} INFO - Processing /opt/airflow/dags/tutorial.py took 0.062 seconds
[2026-01-05T17:33:03.194+0000] {processor.py:186} INFO - Started process (PID=2104) to work on /opt/airflow/dags/tutorial.py
[2026-01-05T17:33:03.197+0000] {processor.py:914} INFO - Processing file /opt/airflow/dags/tutorial.py for tasks to queue
[2026-01-05T17:33:03.200+0000] {logging_mixin.py:190} INFO - [2026-01-05T17:33:03.200+0000] {dagbag.py:587} INFO - Filling up the DagBag from /opt/airflow/dags/tutorial.py
[2026-01-05T17:33:03.237+0000] {processor.py:927} WARNING - No viable dags retrieved from /opt/airflow/dags/tutorial.py
[2026-01-05T17:33:03.255+0000] {processor.py:208} INFO - Processing /opt/airflow/dags/tutorial.py took 0.069 seconds
[2026-01-05T17:33:33.487+0000] {processor.py:186} INFO - Started process (PID=2170) to work on /opt/airflow/dags/tutorial.py
[2026-01-05T17:33:33.488+0000] {processor.py:914} INFO - Processing file /opt/airflow/dags/tutorial.py for tasks to queue
[2026-01-05T17:33:33.492+0000] {logging_mixin.py:190} INFO - [2026-01-05T17:33:33.491+0000] {dagbag.py:587} INFO - Filling up the DagBag from /opt/airflow/dags/tutorial.py
[2026-01-05T17:33:33.516+0000] {processor.py:927} WARNING - No viable dags retrieved from /opt/airflow/dags/tutorial.py
[2026-01-05T17:33:33.536+0000] {processor.py:208} INFO - Processing /opt/airflow/dags/tutorial.py took 0.055 seconds
[2026-01-05T17:34:04.531+0000] {processor.py:186} INFO - Started process (PID=2236) to work on /opt/airflow/dags/tutorial.py
[2026-01-05T17:34:04.532+0000] {processor.py:914} INFO - Processing file /opt/airflow/dags/tutorial.py for tasks to queue
[2026-01-05T17:34:04.536+0000] {logging_mixin.py:190} INFO - [2026-01-05T17:34:04.535+0000] {dagbag.py:587} INFO - Filling up the DagBag from /opt/airflow/dags/tutorial.py
[2026-01-05T17:34:04.566+0000] {processor.py:927} WARNING - No viable dags retrieved from /opt/airflow/dags/tutorial.py
[2026-01-05T17:34:04.584+0000] {processor.py:208} INFO - Processing /opt/airflow/dags/tutorial.py took 0.062 seconds
[2026-01-05T17:34:35.033+0000] {processor.py:186} INFO - Started process (PID=2302) to work on /opt/airflow/dags/tutorial.py
[2026-01-05T17:34:35.035+0000] {processor.py:914} INFO - Processing file /opt/airflow/dags/tutorial.py for tasks to queue
[2026-01-05T17:34:35.041+0000] {logging_mixin.py:190} INFO - [2026-01-05T17:34:35.040+0000] {dagbag.py:587} INFO - Filling up the DagBag from /opt/airflow/dags/tutorial.py
[2026-01-05T17:34:35.082+0000] {processor.py:927} WARNING - No viable dags retrieved from /opt/airflow/dags/tutorial.py
[2026-01-05T17:34:35.111+0000] {processor.py:208} INFO - Processing /opt/airflow/dags/tutorial.py took 0.087 seconds
[2026-01-05T17:35:05.846+0000] {processor.py:186} INFO - Started process (PID=2368) to work on /opt/airflow/dags/tutorial.py
[2026-01-05T17:35:05.848+0000] {processor.py:914} INFO - Processing file /opt/airflow/dags/tutorial.py for tasks to queue
[2026-01-05T17:35:05.851+0000] {logging_mixin.py:190} INFO - [2026-01-05T17:35:05.850+0000] {dagbag.py:587} INFO - Filling up the DagBag from /opt/airflow/dags/tutorial.py
[2026-01-05T17:35:05.881+0000] {processor.py:927} WARNING - No viable dags retrieved from /opt/airflow/dags/tutorial.py
[2026-01-05T17:35:05.899+0000] {processor.py:208} INFO - Processing /opt/airflow/dags/tutorial.py took 0.060 seconds
[2026-01-05T17:35:36.659+0000] {processor.py:186} INFO - Started process (PID=2435) to work on /opt/airflow/dags/tutorial.py
[2026-01-05T17:35:36.661+0000] {processor.py:914} INFO - Processing file /opt/airflow/dags/tutorial.py for tasks to queue
[2026-01-05T17:35:36.664+0000] {logging_mixin.py:190} INFO - [2026-01-05T17:35:36.664+0000] {dagbag.py:587} INFO - Filling up the DagBag from /opt/airflow/dags/tutorial.py
[2026-01-05T17:35:36.686+0000] {processor.py:927} WARNING - No viable dags retrieved from /opt/airflow/dags/tutorial.py
[2026-01-05T17:35:36.704+0000] {processor.py:208} INFO - Processing /opt/airflow/dags/tutorial.py took 0.056 seconds
[2026-01-05T17:36:07.394+0000] {processor.py:186} INFO - Started process (PID=2501) to work on /opt/airflow/dags/tutorial.py
[2026-01-05T17:36:07.397+0000] {processor.py:914} INFO - Processing file /opt/airflow/dags/tutorial.py for tasks to queue
[2026-01-05T17:36:07.402+0000] {logging_mixin.py:190} INFO - [2026-01-05T17:36:07.401+0000] {dagbag.py:587} INFO - Filling up the DagBag from /opt/airflow/dags/tutorial.py
[2026-01-05T17:36:07.440+0000] {processor.py:927} WARNING - No viable dags retrieved from /opt/airflow/dags/tutorial.py
[2026-01-05T17:36:07.470+0000] {processor.py:208} INFO - Processing /opt/airflow/dags/tutorial.py took 0.086 seconds
[2026-01-05T17:36:38.126+0000] {processor.py:186} INFO - Started process (PID=2567) to work on /opt/airflow/dags/tutorial.py
[2026-01-05T17:36:38.128+0000] {processor.py:914} INFO - Processing file /opt/airflow/dags/tutorial.py for tasks to queue
[2026-01-05T17:36:38.132+0000] {logging_mixin.py:190} INFO - [2026-01-05T17:36:38.132+0000] {dagbag.py:587} INFO - Filling up the DagBag from /opt/airflow/dags/tutorial.py
[2026-01-05T17:36:38.150+0000] {processor.py:927} WARNING - No viable dags retrieved from /opt/airflow/dags/tutorial.py
[2026-01-05T17:36:38.173+0000] {processor.py:208} INFO - Processing /opt/airflow/dags/tutorial.py took 0.060 seconds
[2026-01-05T17:37:08.403+0000] {processor.py:186} INFO - Started process (PID=2633) to work on /opt/airflow/dags/tutorial.py
[2026-01-05T17:37:08.405+0000] {processor.py:914} INFO - Processing file /opt/airflow/dags/tutorial.py for tasks to queue
[2026-01-05T17:37:08.410+0000] {logging_mixin.py:190} INFO - [2026-01-05T17:37:08.410+0000] {dagbag.py:587} INFO - Filling up the DagBag from /opt/airflow/dags/tutorial.py
[2026-01-05T17:37:08.446+0000] {processor.py:927} WARNING - No viable dags retrieved from /opt/airflow/dags/tutorial.py
[2026-01-05T17:37:08.469+0000] {processor.py:208} INFO - Processing /opt/airflow/dags/tutorial.py took 0.077 seconds
[2026-01-05T17:37:39.090+0000] {processor.py:186} INFO - Started process (PID=2699) to work on /opt/airflow/dags/tutorial.py
[2026-01-05T17:37:39.092+0000] {processor.py:914} INFO - Processing file /opt/airflow/dags/tutorial.py for tasks to queue
[2026-01-05T17:37:39.095+0000] {logging_mixin.py:190} INFO - [2026-01-05T17:37:39.095+0000] {dagbag.py:587} INFO - Filling up the DagBag from /opt/airflow/dags/tutorial.py
[2026-01-05T17:37:39.124+0000] {processor.py:927} WARNING - No viable dags retrieved from /opt/airflow/dags/tutorial.py
[2026-01-05T17:37:39.145+0000] {processor.py:208} INFO - Processing /opt/airflow/dags/tutorial.py took 0.065 seconds
[2026-01-05T17:38:09.622+0000] {processor.py:186} INFO - Started process (PID=2765) to work on /opt/airflow/dags/tutorial.py
[2026-01-05T17:38:09.623+0000] {processor.py:914} INFO - Processing file /opt/airflow/dags/tutorial.py for tasks to queue
[2026-01-05T17:38:09.627+0000] {logging_mixin.py:190} INFO - [2026-01-05T17:38:09.627+0000] {dagbag.py:587} INFO - Filling up the DagBag from /opt/airflow/dags/tutorial.py
[2026-01-05T17:38:09.659+0000] {processor.py:927} WARNING - No viable dags retrieved from /opt/airflow/dags/tutorial.py
[2026-01-05T17:38:09.676+0000] {processor.py:208} INFO - Processing /opt/airflow/dags/tutorial.py took 0.068 seconds
[2026-01-05T17:38:40.291+0000] {processor.py:186} INFO - Started process (PID=2831) to work on /opt/airflow/dags/tutorial.py
[2026-01-05T17:38:40.294+0000] {processor.py:914} INFO - Processing file /opt/airflow/dags/tutorial.py for tasks to queue
[2026-01-05T17:38:40.297+0000] {logging_mixin.py:190} INFO - [2026-01-05T17:38:40.296+0000] {dagbag.py:587} INFO - Filling up the DagBag from /opt/airflow/dags/tutorial.py
[2026-01-05T17:38:40.318+0000] {processor.py:927} WARNING - No viable dags retrieved from /opt/airflow/dags/tutorial.py
[2026-01-05T17:38:40.335+0000] {processor.py:208} INFO - Processing /opt/airflow/dags/tutorial.py took 0.053 seconds
[2026-01-05T17:39:11.376+0000] {processor.py:186} INFO - Started process (PID=2897) to work on /opt/airflow/dags/tutorial.py
[2026-01-05T17:39:11.378+0000] {processor.py:914} INFO - Processing file /opt/airflow/dags/tutorial.py for tasks to queue
[2026-01-05T17:39:11.381+0000] {logging_mixin.py:190} INFO - [2026-01-05T17:39:11.381+0000] {dagbag.py:587} INFO - Filling up the DagBag from /opt/airflow/dags/tutorial.py
[2026-01-05T17:39:11.401+0000] {processor.py:927} WARNING - No viable dags retrieved from /opt/airflow/dags/tutorial.py
[2026-01-05T17:39:11.420+0000] {processor.py:208} INFO - Processing /opt/airflow/dags/tutorial.py took 0.057 seconds
[2026-01-05T17:39:42.040+0000] {processor.py:186} INFO - Started process (PID=2963) to work on /opt/airflow/dags/tutorial.py
[2026-01-05T17:39:42.041+0000] {processor.py:914} INFO - Processing file /opt/airflow/dags/tutorial.py for tasks to queue
[2026-01-05T17:39:42.045+0000] {logging_mixin.py:190} INFO - [2026-01-05T17:39:42.045+0000] {dagbag.py:587} INFO - Filling up the DagBag from /opt/airflow/dags/tutorial.py
[2026-01-05T17:39:42.065+0000] {processor.py:927} WARNING - No viable dags retrieved from /opt/airflow/dags/tutorial.py
[2026-01-05T17:39:42.082+0000] {processor.py:208} INFO - Processing /opt/airflow/dags/tutorial.py took 0.051 seconds
[2026-01-05T17:40:12.448+0000] {processor.py:186} INFO - Started process (PID=3029) to work on /opt/airflow/dags/tutorial.py
[2026-01-05T17:40:12.450+0000] {processor.py:914} INFO - Processing file /opt/airflow/dags/tutorial.py for tasks to queue
[2026-01-05T17:40:12.453+0000] {logging_mixin.py:190} INFO - [2026-01-05T17:40:12.453+0000] {dagbag.py:587} INFO - Filling up the DagBag from /opt/airflow/dags/tutorial.py
[2026-01-05T17:40:12.472+0000] {processor.py:927} WARNING - No viable dags retrieved from /opt/airflow/dags/tutorial.py
[2026-01-05T17:40:12.488+0000] {processor.py:208} INFO - Processing /opt/airflow/dags/tutorial.py took 0.048 seconds
[2026-01-05T17:40:42.721+0000] {processor.py:186} INFO - Started process (PID=3095) to work on /opt/airflow/dags/tutorial.py
[2026-01-05T17:40:42.722+0000] {processor.py:914} INFO - Processing file /opt/airflow/dags/tutorial.py for tasks to queue
[2026-01-05T17:40:42.726+0000] {logging_mixin.py:190} INFO - [2026-01-05T17:40:42.726+0000] {dagbag.py:587} INFO - Filling up the DagBag from /opt/airflow/dags/tutorial.py
[2026-01-05T17:40:42.748+0000] {processor.py:927} WARNING - No viable dags retrieved from /opt/airflow/dags/tutorial.py
[2026-01-05T17:40:42.768+0000] {processor.py:208} INFO - Processing /opt/airflow/dags/tutorial.py took 0.056 seconds
[2026-01-05T17:41:12.990+0000] {processor.py:186} INFO - Started process (PID=3161) to work on /opt/airflow/dags/tutorial.py
[2026-01-05T17:41:12.992+0000] {processor.py:914} INFO - Processing file /opt/airflow/dags/tutorial.py for tasks to queue
[2026-01-05T17:41:12.994+0000] {logging_mixin.py:190} INFO - [2026-01-05T17:41:12.994+0000] {dagbag.py:587} INFO - Filling up the DagBag from /opt/airflow/dags/tutorial.py
[2026-01-05T17:41:13.013+0000] {processor.py:927} WARNING - No viable dags retrieved from /opt/airflow/dags/tutorial.py
[2026-01-05T17:41:13.029+0000] {processor.py:208} INFO - Processing /opt/airflow/dags/tutorial.py took 0.046 seconds
[2026-01-05T17:41:43.311+0000] {processor.py:186} INFO - Started process (PID=3227) to work on /opt/airflow/dags/tutorial.py
[2026-01-05T17:41:43.313+0000] {processor.py:914} INFO - Processing file /opt/airflow/dags/tutorial.py for tasks to queue
[2026-01-05T17:41:43.317+0000] {logging_mixin.py:190} INFO - [2026-01-05T17:41:43.316+0000] {dagbag.py:587} INFO - Filling up the DagBag from /opt/airflow/dags/tutorial.py
[2026-01-05T17:41:43.358+0000] {processor.py:927} WARNING - No viable dags retrieved from /opt/airflow/dags/tutorial.py
[2026-01-05T17:41:43.375+0000] {processor.py:208} INFO - Processing /opt/airflow/dags/tutorial.py took 0.071 seconds
[2026-01-05T17:42:13.683+0000] {processor.py:186} INFO - Started process (PID=3293) to work on /opt/airflow/dags/tutorial.py
[2026-01-05T17:42:13.686+0000] {processor.py:914} INFO - Processing file /opt/airflow/dags/tutorial.py for tasks to queue
[2026-01-05T17:42:13.692+0000] {logging_mixin.py:190} INFO - [2026-01-05T17:42:13.691+0000] {dagbag.py:587} INFO - Filling up the DagBag from /opt/airflow/dags/tutorial.py
[2026-01-05T17:42:13.715+0000] {processor.py:927} WARNING - No viable dags retrieved from /opt/airflow/dags/tutorial.py
[2026-01-05T17:42:13.740+0000] {processor.py:208} INFO - Processing /opt/airflow/dags/tutorial.py took 0.072 seconds
[2026-01-05T17:42:43.952+0000] {processor.py:186} INFO - Started process (PID=3359) to work on /opt/airflow/dags/tutorial.py
[2026-01-05T17:42:43.953+0000] {processor.py:914} INFO - Processing file /opt/airflow/dags/tutorial.py for tasks to queue
[2026-01-05T17:42:43.959+0000] {logging_mixin.py:190} INFO - [2026-01-05T17:42:43.958+0000] {dagbag.py:587} INFO - Filling up the DagBag from /opt/airflow/dags/tutorial.py
[2026-01-05T17:42:43.977+0000] {processor.py:927} WARNING - No viable dags retrieved from /opt/airflow/dags/tutorial.py
[2026-01-05T17:42:44.007+0000] {processor.py:208} INFO - Processing /opt/airflow/dags/tutorial.py took 0.062 seconds
[2026-01-05T17:43:14.438+0000] {processor.py:186} INFO - Started process (PID=3425) to work on /opt/airflow/dags/tutorial.py
[2026-01-05T17:43:14.440+0000] {processor.py:914} INFO - Processing file /opt/airflow/dags/tutorial.py for tasks to queue
[2026-01-05T17:43:14.445+0000] {logging_mixin.py:190} INFO - [2026-01-05T17:43:14.444+0000] {dagbag.py:587} INFO - Filling up the DagBag from /opt/airflow/dags/tutorial.py
[2026-01-05T17:43:14.468+0000] {processor.py:927} WARNING - No viable dags retrieved from /opt/airflow/dags/tutorial.py
[2026-01-05T17:43:14.491+0000] {processor.py:208} INFO - Processing /opt/airflow/dags/tutorial.py took 0.064 seconds
[2026-01-05T17:43:44.644+0000] {processor.py:186} INFO - Started process (PID=3491) to work on /opt/airflow/dags/tutorial.py
[2026-01-05T17:43:44.646+0000] {processor.py:914} INFO - Processing file /opt/airflow/dags/tutorial.py for tasks to queue
[2026-01-05T17:43:44.650+0000] {logging_mixin.py:190} INFO - [2026-01-05T17:43:44.650+0000] {dagbag.py:587} INFO - Filling up the DagBag from /opt/airflow/dags/tutorial.py
[2026-01-05T17:43:44.670+0000] {processor.py:927} WARNING - No viable dags retrieved from /opt/airflow/dags/tutorial.py
[2026-01-05T17:43:44.687+0000] {processor.py:208} INFO - Processing /opt/airflow/dags/tutorial.py took 0.053 seconds
[2026-01-05T17:44:15.470+0000] {processor.py:186} INFO - Started process (PID=3557) to work on /opt/airflow/dags/tutorial.py
[2026-01-05T17:44:15.472+0000] {processor.py:914} INFO - Processing file /opt/airflow/dags/tutorial.py for tasks to queue
[2026-01-05T17:44:15.476+0000] {logging_mixin.py:190} INFO - [2026-01-05T17:44:15.476+0000] {dagbag.py:587} INFO - Filling up the DagBag from /opt/airflow/dags/tutorial.py
[2026-01-05T17:44:15.499+0000] {processor.py:927} WARNING - No viable dags retrieved from /opt/airflow/dags/tutorial.py
[2026-01-05T17:44:15.520+0000] {processor.py:208} INFO - Processing /opt/airflow/dags/tutorial.py took 0.059 seconds
[2026-01-05T17:44:45.947+0000] {processor.py:186} INFO - Started process (PID=3624) to work on /opt/airflow/dags/tutorial.py
[2026-01-05T17:44:45.949+0000] {processor.py:914} INFO - Processing file /opt/airflow/dags/tutorial.py for tasks to queue
[2026-01-05T17:44:45.954+0000] {logging_mixin.py:190} INFO - [2026-01-05T17:44:45.953+0000] {dagbag.py:587} INFO - Filling up the DagBag from /opt/airflow/dags/tutorial.py
[2026-01-05T17:44:45.975+0000] {processor.py:927} WARNING - No viable dags retrieved from /opt/airflow/dags/tutorial.py
[2026-01-05T17:44:45.997+0000] {processor.py:208} INFO - Processing /opt/airflow/dags/tutorial.py took 0.059 seconds
[2026-01-05T17:45:16.708+0000] {processor.py:186} INFO - Started process (PID=3689) to work on /opt/airflow/dags/tutorial.py
[2026-01-05T17:45:16.712+0000] {processor.py:914} INFO - Processing file /opt/airflow/dags/tutorial.py for tasks to queue
[2026-01-05T17:45:16.718+0000] {logging_mixin.py:190} INFO - [2026-01-05T17:45:16.718+0000] {dagbag.py:587} INFO - Filling up the DagBag from /opt/airflow/dags/tutorial.py
