[2026-01-06T09:28:51.173+0000] {local_task_job_runner.py:123} INFO - ::group::Pre task execution logs
[2026-01-06T09:28:51.198+0000] {taskinstance.py:2603} INFO - Dependencies all met for dep_context=non-requeueable deps ti=<TaskInstance: stock_analytics_incremental_etl_pipeline_v2.update_last_run_time manual__2026-01-06T09:26:47.624521+00:00 [queued]>
[2026-01-06T09:28:51.209+0000] {taskinstance.py:2603} INFO - Dependencies all met for dep_context=requeueable deps ti=<TaskInstance: stock_analytics_incremental_etl_pipeline_v2.update_last_run_time manual__2026-01-06T09:26:47.624521+00:00 [queued]>
[2026-01-06T09:28:51.210+0000] {taskinstance.py:2856} INFO - Starting attempt 1 of 3
[2026-01-06T09:28:51.227+0000] {taskinstance.py:2879} INFO - Executing <Task(PythonOperator): update_last_run_time> on 2026-01-06 09:26:47.624521+00:00
[2026-01-06T09:28:51.239+0000] {warnings.py:112} WARNING - /home/***/.local/lib/python3.12/site-packages/***/task/task_runner/standard_task_runner.py:70: DeprecationWarning: This process (pid=195) is multi-threaded, use of fork() may lead to deadlocks in the child.
  pid = os.fork()

[2026-01-06T09:28:51.242+0000] {standard_task_runner.py:104} INFO - Running: ['***', 'tasks', 'run', 'stock_analytics_incremental_etl_pipeline_v2', 'update_last_run_time', 'manual__2026-01-06T09:26:47.624521+00:00', '--job-id', '67', '--raw', '--subdir', 'DAGS_FOLDER/stock_analytics_etl_dag.py', '--cfg-path', '/tmp/tmp46gmqvw6']
[2026-01-06T09:28:51.243+0000] {standard_task_runner.py:72} INFO - Started process 197 to run task
[2026-01-06T09:28:51.243+0000] {standard_task_runner.py:105} INFO - Job 67: Subtask update_last_run_time
[2026-01-06T09:28:51.345+0000] {task_command.py:467} INFO - Running <TaskInstance: stock_analytics_incremental_etl_pipeline_v2.update_last_run_time manual__2026-01-06T09:26:47.624521+00:00 [running]> on host 6a3940ac9286
[2026-01-06T09:28:51.467+0000] {taskinstance.py:3122} INFO - Exporting env vars: AIRFLOW_CTX_DAG_EMAIL='pranathi2314@gmail.com' AIRFLOW_CTX_DAG_OWNER='***' AIRFLOW_CTX_DAG_ID='stock_analytics_incremental_etl_pipeline_v2' AIRFLOW_CTX_TASK_ID='update_last_run_time' AIRFLOW_CTX_EXECUTION_DATE='2026-01-06T09:26:47.624521+00:00' AIRFLOW_CTX_TRY_NUMBER='1' AIRFLOW_CTX_DAG_RUN_ID='manual__2026-01-06T09:26:47.624521+00:00'
[2026-01-06T09:28:51.469+0000] {logging_mixin.py:190} INFO - Task instance is in running state
[2026-01-06T09:28:51.470+0000] {logging_mixin.py:190} INFO -  Previous state of the Task instance: queued
[2026-01-06T09:28:51.471+0000] {logging_mixin.py:190} INFO - Current task name:update_last_run_time state:running start_date:2026-01-06 09:28:51.199957+00:00
[2026-01-06T09:28:51.472+0000] {logging_mixin.py:190} INFO - Dag name:stock_analytics_incremental_etl_pipeline_v2 and current dag run status:running
[2026-01-06T09:28:51.472+0000] {taskinstance.py:731} INFO - ::endgroup::
[2026-01-06T09:28:51.482+0000] {crypto.py:82} WARNING - empty cryptography key - values will not be stored encrypted.
[2026-01-06T09:28:51.489+0000] {stock_analytics_etl_dag.py:49} INFO - Updated last successful run timestamp
[2026-01-06T09:28:51.490+0000] {python.py:240} INFO - Done. Returned value was: None
[2026-01-06T09:28:51.502+0000] {taskinstance.py:340} INFO - ::group::Post task execution logs
[2026-01-06T09:28:51.503+0000] {taskinstance.py:352} INFO - Marking task as SUCCESS. dag_id=stock_analytics_incremental_etl_pipeline_v2, task_id=update_last_run_time, run_id=manual__2026-01-06T09:26:47.624521+00:00, execution_date=20260106T092647, start_date=20260106T092851, end_date=20260106T092851
[2026-01-06T09:28:51.515+0000] {logging_mixin.py:190} INFO - Task instance in success state
[2026-01-06T09:28:51.516+0000] {logging_mixin.py:190} INFO -  Previous state of the Task instance: running
[2026-01-06T09:28:51.516+0000] {logging_mixin.py:190} INFO - Dag name:stock_analytics_incremental_etl_pipeline_v2 queued_at:2026-01-06 09:26:47.662566+00:00
[2026-01-06T09:28:51.517+0000] {logging_mixin.py:190} INFO - Task hostname:6a3940ac9286 operator:PythonOperator
[2026-01-06T09:28:51.541+0000] {local_task_job_runner.py:261} INFO - Task exited with return code 0
[2026-01-06T09:28:51.562+0000] {taskinstance.py:3891} INFO - 0 downstream tasks scheduled from follow-on schedule check
[2026-01-06T09:28:51.565+0000] {local_task_job_runner.py:240} INFO - ::endgroup::
