[2026-01-06T06:28:14.895+0000] {local_task_job_runner.py:123} INFO - ::group::Pre task execution logs
[2026-01-06T06:28:14.948+0000] {taskinstance.py:2603} INFO - Dependencies all met for dep_context=non-requeueable deps ti=<TaskInstance: stock_analytics_incremental_etl_pipeline_v2.check_incremental_data manual__2026-01-06T06:28:06.973623+00:00 [queued]>
[2026-01-06T06:28:14.979+0000] {taskinstance.py:2603} INFO - Dependencies all met for dep_context=requeueable deps ti=<TaskInstance: stock_analytics_incremental_etl_pipeline_v2.check_incremental_data manual__2026-01-06T06:28:06.973623+00:00 [queued]>
[2026-01-06T06:28:14.982+0000] {taskinstance.py:2856} INFO - Starting attempt 1 of 3
[2026-01-06T06:28:15.032+0000] {taskinstance.py:2879} INFO - Executing <Task(PythonOperator): check_incremental_data> on 2026-01-06 06:28:06.973623+00:00
[2026-01-06T06:28:15.068+0000] {warnings.py:112} WARNING - /home/***/.local/lib/python3.12/site-packages/***/task/task_runner/standard_task_runner.py:70: DeprecationWarning: This process (pid=166) is multi-threaded, use of fork() may lead to deadlocks in the child.
  pid = os.fork()

[2026-01-06T06:28:15.075+0000] {standard_task_runner.py:72} INFO - Started process 168 to run task
[2026-01-06T06:28:15.081+0000] {standard_task_runner.py:104} INFO - Running: ['***', 'tasks', 'run', 'stock_analytics_incremental_etl_pipeline_v2', 'check_incremental_data', 'manual__2026-01-06T06:28:06.973623+00:00', '--job-id', '34', '--raw', '--subdir', 'DAGS_FOLDER/stock_analytics_etl_dag.py', '--cfg-path', '/tmp/tmp5ee7856e']
[2026-01-06T06:28:15.085+0000] {standard_task_runner.py:105} INFO - Job 34: Subtask check_incremental_data
[2026-01-06T06:28:15.286+0000] {task_command.py:467} INFO - Running <TaskInstance: stock_analytics_incremental_etl_pipeline_v2.check_incremental_data manual__2026-01-06T06:28:06.973623+00:00 [running]> on host 069e12759471
[2026-01-06T06:28:15.659+0000] {taskinstance.py:3122} INFO - Exporting env vars: AIRFLOW_CTX_DAG_EMAIL='pranathi2314@gmail.com' AIRFLOW_CTX_DAG_OWNER='***' AIRFLOW_CTX_DAG_ID='stock_analytics_incremental_etl_pipeline_v2' AIRFLOW_CTX_TASK_ID='check_incremental_data' AIRFLOW_CTX_EXECUTION_DATE='2026-01-06T06:28:06.973623+00:00' AIRFLOW_CTX_TRY_NUMBER='1' AIRFLOW_CTX_DAG_RUN_ID='manual__2026-01-06T06:28:06.973623+00:00'
[2026-01-06T06:28:15.667+0000] {logging_mixin.py:190} INFO - Task instance is in running state
[2026-01-06T06:28:15.669+0000] {logging_mixin.py:190} INFO -  Previous state of the Task instance: queued
[2026-01-06T06:28:15.672+0000] {logging_mixin.py:190} INFO - Current task name:check_incremental_data state:running start_date:2026-01-06 06:28:14.952900+00:00
[2026-01-06T06:28:15.673+0000] {logging_mixin.py:190} INFO - Dag name:stock_analytics_incremental_etl_pipeline_v2 and current dag run status:running
[2026-01-06T06:28:15.676+0000] {taskinstance.py:731} INFO - ::endgroup::
[2026-01-06T06:28:15.759+0000] {stock_analytics_etl_dag.py:43} INFO - No new data detected.
[2026-01-06T06:28:15.760+0000] {python.py:240} INFO - Done. Returned value was: None
[2026-01-06T06:28:15.791+0000] {taskinstance.py:340} INFO - ::group::Post task execution logs
[2026-01-06T06:28:15.793+0000] {taskinstance.py:352} INFO - Marking task as SUCCESS. dag_id=stock_analytics_incremental_etl_pipeline_v2, task_id=check_incremental_data, run_id=manual__2026-01-06T06:28:06.973623+00:00, execution_date=20260106T062806, start_date=20260106T062814, end_date=20260106T062815
[2026-01-06T06:28:15.837+0000] {logging_mixin.py:190} INFO - Task instance in success state
[2026-01-06T06:28:15.840+0000] {logging_mixin.py:190} INFO -  Previous state of the Task instance: running
[2026-01-06T06:28:15.843+0000] {logging_mixin.py:190} INFO - Dag name:stock_analytics_incremental_etl_pipeline_v2 queued_at:2026-01-06 06:28:07.061473+00:00
[2026-01-06T06:28:15.849+0000] {logging_mixin.py:190} INFO - Task hostname:069e12759471 operator:PythonOperator
[2026-01-06T06:28:15.915+0000] {local_task_job_runner.py:261} INFO - Task exited with return code 0
[2026-01-06T06:28:16.039+0000] {taskinstance.py:3891} INFO - 1 downstream tasks scheduled from follow-on schedule check
[2026-01-06T06:28:16.058+0000] {local_task_job_runner.py:240} INFO - ::endgroup::
