[2026-01-04T05:30:32.023+0000] {local_task_job_runner.py:123} INFO - ::group::Pre task execution logs
[2026-01-04T05:30:32.042+0000] {taskinstance.py:2603} INFO - Dependencies all met for dep_context=non-requeueable deps ti=<TaskInstance: stock_analytics_incremental_etl_pipeline_v2.check_incremental_data manual__2026-01-04T05:30:27.251098+00:00 [queued]>
[2026-01-04T05:30:32.051+0000] {taskinstance.py:2603} INFO - Dependencies all met for dep_context=requeueable deps ti=<TaskInstance: stock_analytics_incremental_etl_pipeline_v2.check_incremental_data manual__2026-01-04T05:30:27.251098+00:00 [queued]>
[2026-01-04T05:30:32.053+0000] {taskinstance.py:2856} INFO - Starting attempt 1 of 3
[2026-01-04T05:30:32.068+0000] {taskinstance.py:2879} INFO - Executing <Task(PythonOperator): check_incremental_data> on 2026-01-04 05:30:27.251098+00:00
[2026-01-04T05:30:32.078+0000] {warnings.py:112} WARNING - /home/***/.local/lib/python3.12/site-packages/***/task/task_runner/standard_task_runner.py:70: DeprecationWarning: This process (pid=125) is multi-threaded, use of fork() may lead to deadlocks in the child.
  pid = os.fork()

[2026-01-04T05:30:32.080+0000] {standard_task_runner.py:104} INFO - Running: ['***', 'tasks', 'run', 'stock_analytics_incremental_etl_pipeline_v2', 'check_incremental_data', 'manual__2026-01-04T05:30:27.251098+00:00', '--job-id', '349', '--raw', '--subdir', 'DAGS_FOLDER/stock_analytics_etl_dag.py', '--cfg-path', '/tmp/tmp804xw3nj']
[2026-01-04T05:30:32.081+0000] {standard_task_runner.py:72} INFO - Started process 127 to run task
[2026-01-04T05:30:32.082+0000] {standard_task_runner.py:105} INFO - Job 349: Subtask check_incremental_data
[2026-01-04T05:30:32.179+0000] {task_command.py:467} INFO - Running <TaskInstance: stock_analytics_incremental_etl_pipeline_v2.check_incremental_data manual__2026-01-04T05:30:27.251098+00:00 [running]> on host ce383388ef1b
[2026-01-04T05:30:32.282+0000] {taskinstance.py:3122} INFO - Exporting env vars: AIRFLOW_CTX_DAG_OWNER='***' AIRFLOW_CTX_DAG_ID='stock_analytics_incremental_etl_pipeline_v2' AIRFLOW_CTX_TASK_ID='check_incremental_data' AIRFLOW_CTX_EXECUTION_DATE='2026-01-04T05:30:27.251098+00:00' AIRFLOW_CTX_TRY_NUMBER='1' AIRFLOW_CTX_DAG_RUN_ID='manual__2026-01-04T05:30:27.251098+00:00'
[2026-01-04T05:30:32.284+0000] {logging_mixin.py:190} INFO - Task instance is in running state
[2026-01-04T05:30:32.285+0000] {logging_mixin.py:190} INFO -  Previous state of the Task instance: queued
[2026-01-04T05:30:32.286+0000] {logging_mixin.py:190} INFO - Current task name:check_incremental_data state:running start_date:2026-01-04 05:30:32.043411+00:00
[2026-01-04T05:30:32.287+0000] {logging_mixin.py:190} INFO - Dag name:stock_analytics_incremental_etl_pipeline_v2 and current dag run status:running
[2026-01-04T05:30:32.288+0000] {taskinstance.py:731} INFO - ::endgroup::
[2026-01-04T05:30:32.316+0000] {stock_analytics_etl_dag.py:43} INFO - No new data detected.
[2026-01-04T05:30:32.317+0000] {python.py:240} INFO - Done. Returned value was: None
[2026-01-04T05:30:32.327+0000] {taskinstance.py:340} INFO - ::group::Post task execution logs
[2026-01-04T05:30:32.328+0000] {taskinstance.py:352} INFO - Marking task as SUCCESS. dag_id=stock_analytics_incremental_etl_pipeline_v2, task_id=check_incremental_data, run_id=manual__2026-01-04T05:30:27.251098+00:00, execution_date=20260104T053027, start_date=20260104T053032, end_date=20260104T053032
[2026-01-04T05:30:32.339+0000] {logging_mixin.py:190} INFO - Task instance in success state
[2026-01-04T05:30:32.340+0000] {logging_mixin.py:190} INFO -  Previous state of the Task instance: running
[2026-01-04T05:30:32.341+0000] {logging_mixin.py:190} INFO - Dag name:stock_analytics_incremental_etl_pipeline_v2 queued_at:2026-01-04 05:30:27.271966+00:00
[2026-01-04T05:30:32.342+0000] {logging_mixin.py:190} INFO - Task hostname:ce383388ef1b operator:PythonOperator
[2026-01-04T05:30:32.379+0000] {local_task_job_runner.py:261} INFO - Task exited with return code 0
[2026-01-04T05:30:32.410+0000] {taskinstance.py:3891} INFO - 1 downstream tasks scheduled from follow-on schedule check
[2026-01-04T05:30:32.414+0000] {local_task_job_runner.py:240} INFO - ::endgroup::
