[2026-01-03T09:16:34.873+0000] {local_task_job_runner.py:123} INFO - ::group::Pre task execution logs
[2026-01-03T09:16:34.909+0000] {taskinstance.py:2603} INFO - Dependencies all met for dep_context=non-requeueable deps ti=<TaskInstance: stock_analytics_incremental_etl_pipeline_v2.update_last_run_time manual__2026-01-03T09:14:37.368835+00:00 [queued]>
[2026-01-03T09:16:34.931+0000] {taskinstance.py:2603} INFO - Dependencies all met for dep_context=requeueable deps ti=<TaskInstance: stock_analytics_incremental_etl_pipeline_v2.update_last_run_time manual__2026-01-03T09:14:37.368835+00:00 [queued]>
[2026-01-03T09:16:34.935+0000] {taskinstance.py:2856} INFO - Starting attempt 1 of 3
[2026-01-03T09:16:34.967+0000] {taskinstance.py:2879} INFO - Executing <Task(PythonOperator): update_last_run_time> on 2026-01-03 09:14:37.368835+00:00
[2026-01-03T09:16:34.988+0000] {warnings.py:112} WARNING - /home/***/.local/lib/python3.12/site-packages/***/task/task_runner/standard_task_runner.py:70: DeprecationWarning: This process (pid=171) is multi-threaded, use of fork() may lead to deadlocks in the child.
  pid = os.fork()

[2026-01-03T09:16:34.990+0000] {standard_task_runner.py:104} INFO - Running: ['***', 'tasks', 'run', 'stock_analytics_incremental_etl_pipeline_v2', 'update_last_run_time', 'manual__2026-01-03T09:14:37.368835+00:00', '--job-id', '322', '--raw', '--subdir', 'DAGS_FOLDER/stock_analytics_etl_dag.py', '--cfg-path', '/tmp/tmpk_db3a9p']
[2026-01-03T09:16:34.992+0000] {standard_task_runner.py:72} INFO - Started process 173 to run task
[2026-01-03T09:16:34.993+0000] {standard_task_runner.py:105} INFO - Job 322: Subtask update_last_run_time
[2026-01-03T09:16:35.157+0000] {task_command.py:467} INFO - Running <TaskInstance: stock_analytics_incremental_etl_pipeline_v2.update_last_run_time manual__2026-01-03T09:14:37.368835+00:00 [running]> on host 051934cfc0a4
[2026-01-03T09:16:35.528+0000] {taskinstance.py:3122} INFO - Exporting env vars: AIRFLOW_CTX_DAG_OWNER='***' AIRFLOW_CTX_DAG_ID='stock_analytics_incremental_etl_pipeline_v2' AIRFLOW_CTX_TASK_ID='update_last_run_time' AIRFLOW_CTX_EXECUTION_DATE='2026-01-03T09:14:37.368835+00:00' AIRFLOW_CTX_TRY_NUMBER='1' AIRFLOW_CTX_DAG_RUN_ID='manual__2026-01-03T09:14:37.368835+00:00'
[2026-01-03T09:16:35.532+0000] {logging_mixin.py:190} INFO - Task instance is in running state
[2026-01-03T09:16:35.535+0000] {logging_mixin.py:190} INFO -  Previous state of the Task instance: queued
[2026-01-03T09:16:35.540+0000] {logging_mixin.py:190} INFO - Current task name:update_last_run_time state:running start_date:2026-01-03 09:16:34.911178+00:00
[2026-01-03T09:16:35.541+0000] {logging_mixin.py:190} INFO - Dag name:stock_analytics_incremental_etl_pipeline_v2 and current dag run status:running
[2026-01-03T09:16:35.542+0000] {taskinstance.py:731} INFO - ::endgroup::
[2026-01-03T09:16:35.571+0000] {crypto.py:82} WARNING - empty cryptography key - values will not be stored encrypted.
[2026-01-03T09:16:35.590+0000] {python.py:240} INFO - Done. Returned value was: None
[2026-01-03T09:16:35.615+0000] {taskinstance.py:340} INFO - ::group::Post task execution logs
[2026-01-03T09:16:35.618+0000] {taskinstance.py:352} INFO - Marking task as SUCCESS. dag_id=stock_analytics_incremental_etl_pipeline_v2, task_id=update_last_run_time, run_id=manual__2026-01-03T09:14:37.368835+00:00, execution_date=20260103T091437, start_date=20260103T091634, end_date=20260103T091635
[2026-01-03T09:16:35.646+0000] {logging_mixin.py:190} INFO - Task instance in success state
[2026-01-03T09:16:35.647+0000] {logging_mixin.py:190} INFO -  Previous state of the Task instance: running
[2026-01-03T09:16:35.648+0000] {logging_mixin.py:190} INFO - Dag name:stock_analytics_incremental_etl_pipeline_v2 queued_at:2026-01-03 09:14:37.753299+00:00
[2026-01-03T09:16:35.652+0000] {logging_mixin.py:190} INFO - Task hostname:051934cfc0a4 operator:PythonOperator
[2026-01-03T09:16:35.704+0000] {local_task_job_runner.py:261} INFO - Task exited with return code 0
[2026-01-03T09:16:35.763+0000] {taskinstance.py:3891} INFO - 0 downstream tasks scheduled from follow-on schedule check
[2026-01-03T09:16:35.780+0000] {local_task_job_runner.py:240} INFO - ::endgroup::
