2026-01-03 09:14:54,421 - INFO - Silver layer transformation started
2026-01-03 09:14:54,466 - INFO - Investor master cleaned successfully
2026-01-03 09:14:54,494 - INFO - Portfolio transactions cleaned successfully
2026-01-03 09:14:54,641 - INFO - Stock prices cleaned successfully
2026-01-03 09:14:54,642 - INFO - Silver layer completed successfully
2026-01-04 05:06:17,156 - INFO - Silver layer transformation started
2026-01-04 05:06:17,214 - INFO - Investor master cleaned successfully
2026-01-04 05:06:17,368 - INFO - Portfolio transactions cleaned successfully
2026-01-04 05:06:17,546 - INFO - Stock prices cleaned successfully
2026-01-04 05:06:17,547 - INFO - Silver layer completed successfully
2026-01-04 05:12:28,617 - INFO - Silver layer transformation started
2026-01-04 05:12:28,658 - INFO - Investor master cleaned successfully
2026-01-04 05:12:28,691 - INFO - Portfolio transactions cleaned successfully
2026-01-04 05:12:28,805 - INFO - Stock prices cleaned successfully
2026-01-04 05:12:28,805 - INFO - Silver layer completed successfully
2026-01-04 05:20:08,562 - INFO - Silver layer transformation started
2026-01-04 05:20:08,592 - INFO - Investor master cleaned successfully
2026-01-04 05:20:08,619 - INFO - Portfolio transactions cleaned successfully
2026-01-04 05:20:08,891 - INFO - Stock prices cleaned successfully
2026-01-04 05:20:08,892 - INFO - Silver layer completed successfully
2026-01-04 05:30:39,453 - INFO - Silver layer transformation started
2026-01-04 05:30:39,493 - INFO - Investor master cleaned successfully
2026-01-04 05:30:39,523 - INFO - Portfolio transactions cleaned successfully
2026-01-04 05:30:39,636 - INFO - Stock prices cleaned successfully
2026-01-04 05:30:39,636 - INFO - Silver layer completed successfully
2026-01-04 05:49:46,423 - INFO - Silver layer transformation started
2026-01-04 05:49:46,466 - INFO - Investor master cleaned successfully
2026-01-04 05:49:46,502 - INFO - Portfolio transactions cleaned successfully
2026-01-04 05:49:46,641 - INFO - Stock prices cleaned successfully
2026-01-04 05:49:46,642 - INFO - Silver layer completed successfully
2026-01-04 06:00:46,911 - INFO - Silver layer transformation started
2026-01-04 06:00:46,984 - INFO - Investor master cleaned successfully
2026-01-04 06:00:47,027 - INFO - Portfolio transactions cleaned successfully
2026-01-04 06:00:47,111 - INFO - Silver layer transformation started
2026-01-04 06:00:47,141 - INFO - Investor master cleaned successfully
2026-01-04 06:00:47,193 - INFO - Stock prices cleaned successfully
2026-01-04 06:00:47,194 - INFO - Silver layer completed successfully
2026-01-04 06:00:47,278 - INFO - Portfolio transactions cleaned successfully
2026-01-04 06:00:47,430 - INFO - Stock prices cleaned successfully
2026-01-04 06:00:47,431 - INFO - Silver layer completed successfully
2026-01-04 06:05:34,298 - INFO - Silver layer transformation started
2026-01-04 06:05:34,330 - INFO - Investor master cleaned successfully
2026-01-04 06:05:34,342 - INFO - Silver layer transformation started
2026-01-04 06:05:34,360 - INFO - Portfolio transactions cleaned successfully
2026-01-04 06:05:34,371 - INFO - Investor master cleaned successfully
2026-01-04 06:05:34,464 - INFO - Stock prices cleaned successfully
2026-01-04 06:05:34,465 - INFO - Silver layer completed successfully
2026-01-04 06:05:34,522 - INFO - Portfolio transactions cleaned successfully
2026-01-04 06:05:34,631 - INFO - Stock prices cleaned successfully
2026-01-04 06:05:34,632 - INFO - Silver layer completed successfully
2026-01-04 06:12:29,928 - INFO - Silver layer transformation started
2026-01-04 06:12:29,990 - INFO - Investor master cleaned successfully
2026-01-04 06:12:30,126 - INFO - Portfolio transactions cleaned successfully
2026-01-04 06:12:30,273 - INFO - Stock prices cleaned successfully
2026-01-04 06:12:30,274 - INFO - Silver layer completed successfully
2026-01-04 06:18:51,556 - INFO - Silver layer transformation started
2026-01-04 06:18:51,598 - INFO - Investor master cleaned successfully
2026-01-04 06:18:51,602 - INFO - Silver layer transformation started
2026-01-04 06:18:51,623 - INFO - Investor master cleaned successfully
2026-01-04 06:18:51,624 - INFO - Portfolio transactions cleaned successfully
2026-01-04 06:18:51,735 - INFO - Stock prices cleaned successfully
2026-01-04 06:18:51,736 - INFO - Silver layer completed successfully
2026-01-04 06:18:51,760 - INFO - Portfolio transactions cleaned successfully
2026-01-04 06:18:51,883 - INFO - Stock prices cleaned successfully
2026-01-04 06:18:51,884 - INFO - Silver layer completed successfully
2026-01-05 18:59:27,919 - INFO - Silver layer transformation started
2026-01-05 18:59:27,945 - INFO - Investor master cleaned successfully
2026-01-05 18:59:27,948 - ERROR - Silver layer failed
2026-01-05 18:59:59,361 - INFO - Silver layer transformation started
2026-01-05 18:59:59,372 - INFO - Investor master cleaned successfully
2026-01-05 18:59:59,396 - INFO - Portfolio transactions cleaned successfully
2026-01-05 18:59:59,482 - INFO - Stock prices cleaned successfully
2026-01-05 18:59:59,482 - INFO - Silver layer completed successfully
2026-01-05 19:00:53,281 - INFO - Silver layer transformation started
2026-01-05 19:00:53,290 - INFO - Investor master cleaned successfully
2026-01-05 19:00:53,298 - INFO - Portfolio transactions cleaned successfully
2026-01-05 19:00:53,339 - INFO - Stock prices cleaned successfully
2026-01-05 19:00:53,340 - INFO - Silver layer completed successfully
2026-01-05 19:01:12,174 - INFO - Silver layer transformation started
2026-01-05 19:01:12,181 - INFO - Investor master cleaned successfully
2026-01-05 19:01:12,200 - INFO - Portfolio transactions cleaned successfully
2026-01-05 19:01:12,247 - INFO - Stock prices cleaned successfully
2026-01-05 19:01:12,247 - INFO - Silver layer completed successfully
2026-01-05 19:01:34,785 - INFO - Silver layer transformation started
2026-01-05 19:01:34,791 - INFO - Investor master cleaned successfully
2026-01-05 19:01:34,818 - INFO - Portfolio transactions cleaned successfully
2026-01-05 19:01:34,903 - INFO - Stock prices cleaned successfully
2026-01-05 19:01:34,903 - INFO - Silver layer completed successfully
2026-01-05 19:01:54,553 - INFO - Silver layer transformation started
2026-01-05 19:01:54,558 - INFO - Investor master cleaned successfully
2026-01-05 19:01:54,583 - INFO - Portfolio transactions cleaned successfully
2026-01-05 19:01:54,627 - INFO - Stock prices cleaned successfully
2026-01-05 19:01:54,627 - INFO - Silver layer completed successfully
2026-01-05 19:02:15,566 - INFO - Silver layer transformation started
2026-01-05 19:02:15,572 - INFO - Investor master cleaned successfully
2026-01-05 19:02:15,600 - INFO - Portfolio transactions cleaned successfully
2026-01-05 19:02:15,646 - INFO - Stock prices cleaned successfully
2026-01-05 19:02:15,646 - INFO - Silver layer completed successfully
2026-01-05 17:18:07,082 - INFO - Silver layer transformation started
2026-01-05 17:18:07,157 - INFO - Investor master cleaned successfully
2026-01-05 17:18:07,348 - INFO - Portfolio transactions cleaned successfully
2026-01-05 17:18:07,625 - INFO - Stock prices cleaned successfully
2026-01-05 17:18:07,627 - INFO - Silver layer completed successfully
2026-01-05 17:19:13,571 - INFO - Silver layer transformation started
2026-01-05 17:19:13,600 - INFO - Investor master cleaned successfully
2026-01-05 17:19:13,674 - INFO - Portfolio transactions cleaned successfully
2026-01-05 17:19:13,838 - INFO - Stock prices cleaned successfully
2026-01-05 17:19:13,839 - INFO - Silver layer completed successfully
2026-01-06 06:26:52,923 - INFO - Silver layer transformation started
2026-01-06 06:26:53,035 - INFO - Investor master cleaned successfully
2026-01-06 06:26:53,314 - INFO - Portfolio transactions cleaned successfully
2026-01-06 06:26:53,643 - INFO - Stock prices cleaned successfully
2026-01-06 06:26:53,644 - INFO - Silver layer completed successfully
2026-01-06 06:28:23,543 - INFO - Silver layer transformation started
2026-01-06 06:28:23,583 - INFO - Investor master cleaned successfully
2026-01-06 06:28:23,658 - INFO - Portfolio transactions cleaned successfully
2026-01-06 06:28:23,878 - INFO - Stock prices cleaned successfully
2026-01-06 06:28:23,879 - INFO - Silver layer completed successfully
2026-01-06 06:37:26,331 - INFO - Silver layer transformation started
2026-01-06 06:37:26,423 - INFO - Investor master cleaned successfully
2026-01-06 06:37:26,554 - INFO - Portfolio transactions cleaned successfully
2026-01-06 06:37:26,737 - INFO - Stock prices cleaned successfully
2026-01-06 06:37:26,737 - INFO - Silver layer completed successfully
2026-01-06 08:15:29,970 - INFO - Silver layer transformation started
2026-01-06 08:15:30,001 - INFO - Investor master cleaned successfully
2026-01-06 08:15:30,063 - INFO - Portfolio transactions cleaned successfully
2026-01-06 08:15:30,198 - INFO - Stock prices cleaned successfully
2026-01-06 08:15:30,199 - INFO - Silver layer completed successfully
2026-01-06 08:24:59,480 - INFO - Silver layer transformation started
2026-01-06 08:24:59,535 - INFO - Investor master cleaned successfully
2026-01-06 08:24:59,666 - INFO - Portfolio transactions cleaned successfully
2026-01-06 08:24:59,967 - INFO - Stock prices cleaned successfully
2026-01-06 08:24:59,967 - INFO - Silver layer completed successfully
2026-01-06 09:27:12,713 - INFO - Silver layer transformation started
2026-01-06 09:27:12,762 - INFO - Investor master cleaned successfully
2026-01-06 09:27:12,840 - INFO - Portfolio transactions cleaned successfully
2026-01-06 09:27:13,018 - INFO - Stock prices cleaned successfully
2026-01-06 09:27:13,018 - INFO - Silver layer completed successfully
2026-01-06 09:29:47,504 - INFO - Silver layer transformation started
2026-01-06 09:29:47,753 - INFO - Investor master cleaned successfully
2026-01-06 09:29:48,100 - INFO - Portfolio transactions cleaned successfully
2026-01-06 09:29:49,396 - INFO - Stock prices cleaned successfully
2026-01-06 09:29:49,397 - INFO - Silver layer completed successfully
