[2026-01-03T09:14:52.325+0000] {local_task_job_runner.py:123} INFO - ::group::Pre task execution logs
[2026-01-03T09:14:52.353+0000] {taskinstance.py:2603} INFO - Dependencies all met for dep_context=non-requeueable deps ti=<TaskInstance: stock_analytics_incremental_etl_pipeline_v2.silver_cleaning manual__2026-01-03T09:14:37.368835+00:00 [queued]>
[2026-01-03T09:14:52.370+0000] {taskinstance.py:2603} INFO - Dependencies all met for dep_context=requeueable deps ti=<TaskInstance: stock_analytics_incremental_etl_pipeline_v2.silver_cleaning manual__2026-01-03T09:14:37.368835+00:00 [queued]>
[2026-01-03T09:14:52.372+0000] {taskinstance.py:2856} INFO - Starting attempt 1 of 3
[2026-01-03T09:14:52.405+0000] {taskinstance.py:2879} INFO - Executing <Task(BashOperator): silver_cleaning> on 2026-01-03 09:14:37.368835+00:00
[2026-01-03T09:14:52.421+0000] {warnings.py:112} WARNING - /home/***/.local/lib/python3.12/site-packages/***/task/task_runner/standard_task_runner.py:70: DeprecationWarning: This process (pid=140) is multi-threaded, use of fork() may lead to deadlocks in the child.
  pid = os.fork()

[2026-01-03T09:14:52.424+0000] {standard_task_runner.py:72} INFO - Started process 142 to run task
[2026-01-03T09:14:52.426+0000] {standard_task_runner.py:104} INFO - Running: ['***', 'tasks', 'run', 'stock_analytics_incremental_etl_pipeline_v2', 'silver_cleaning', 'manual__2026-01-03T09:14:37.368835+00:00', '--job-id', '320', '--raw', '--subdir', 'DAGS_FOLDER/stock_analytics_etl_dag.py', '--cfg-path', '/tmp/tmp6m1jwtxi']
[2026-01-03T09:14:52.428+0000] {standard_task_runner.py:105} INFO - Job 320: Subtask silver_cleaning
[2026-01-03T09:14:52.549+0000] {task_command.py:467} INFO - Running <TaskInstance: stock_analytics_incremental_etl_pipeline_v2.silver_cleaning manual__2026-01-03T09:14:37.368835+00:00 [running]> on host 051934cfc0a4
[2026-01-03T09:14:52.736+0000] {taskinstance.py:3122} INFO - Exporting env vars: AIRFLOW_CTX_DAG_OWNER='***' AIRFLOW_CTX_DAG_ID='stock_analytics_incremental_etl_pipeline_v2' AIRFLOW_CTX_TASK_ID='silver_cleaning' AIRFLOW_CTX_EXECUTION_DATE='2026-01-03T09:14:37.368835+00:00' AIRFLOW_CTX_TRY_NUMBER='1' AIRFLOW_CTX_DAG_RUN_ID='manual__2026-01-03T09:14:37.368835+00:00'
[2026-01-03T09:14:52.741+0000] {logging_mixin.py:190} INFO - Task instance is in running state
[2026-01-03T09:14:52.743+0000] {logging_mixin.py:190} INFO -  Previous state of the Task instance: queued
[2026-01-03T09:14:52.744+0000] {logging_mixin.py:190} INFO - Current task name:silver_cleaning state:running start_date:2026-01-03 09:14:52.354082+00:00
[2026-01-03T09:14:52.745+0000] {logging_mixin.py:190} INFO - Dag name:stock_analytics_incremental_etl_pipeline_v2 and current dag run status:running
[2026-01-03T09:14:52.746+0000] {taskinstance.py:731} INFO - ::endgroup::
[2026-01-03T09:14:52.748+0000] {subprocess.py:63} INFO - Tmp dir root location: /tmp
[2026-01-03T09:14:52.753+0000] {subprocess.py:75} INFO - Running command: ['/usr/bin/bash', '-c', 'python /opt/***/project/scripts/clean_transform.py']
[2026-01-03T09:14:52.792+0000] {subprocess.py:86} INFO - Output:
[2026-01-03T09:14:54.779+0000] {subprocess.py:97} INFO - Command exited with return code 0
[2026-01-03T09:14:54.952+0000] {taskinstance.py:340} INFO - ::group::Post task execution logs
[2026-01-03T09:14:54.953+0000] {taskinstance.py:352} INFO - Marking task as SUCCESS. dag_id=stock_analytics_incremental_etl_pipeline_v2, task_id=silver_cleaning, run_id=manual__2026-01-03T09:14:37.368835+00:00, execution_date=20260103T091437, start_date=20260103T091452, end_date=20260103T091454
[2026-01-03T09:14:54.999+0000] {logging_mixin.py:190} INFO - Task instance in success state
[2026-01-03T09:14:55.007+0000] {logging_mixin.py:190} INFO -  Previous state of the Task instance: running
[2026-01-03T09:14:55.011+0000] {logging_mixin.py:190} INFO - Dag name:stock_analytics_incremental_etl_pipeline_v2 queued_at:2026-01-03 09:14:37.753299+00:00
[2026-01-03T09:14:55.012+0000] {logging_mixin.py:190} INFO - Task hostname:051934cfc0a4 operator:BashOperator
[2026-01-03T09:14:55.059+0000] {local_task_job_runner.py:261} INFO - Task exited with return code 0
[2026-01-03T09:14:55.230+0000] {taskinstance.py:3891} INFO - 1 downstream tasks scheduled from follow-on schedule check
[2026-01-03T09:14:55.236+0000] {local_task_job_runner.py:240} INFO - ::endgroup::
