[2026-01-04T06:00:43.569+0000] {local_task_job_runner.py:123} INFO - ::group::Pre task execution logs
[2026-01-04T06:00:43.620+0000] {taskinstance.py:2603} INFO - Dependencies all met for dep_context=non-requeueable deps ti=<TaskInstance: stock_analytics_incremental_etl_pipeline_v2.silver_cleaning manual__2026-01-04T06:00:14.652585+00:00 [queued]>
[2026-01-04T06:00:43.648+0000] {taskinstance.py:2603} INFO - Dependencies all met for dep_context=requeueable deps ti=<TaskInstance: stock_analytics_incremental_etl_pipeline_v2.silver_cleaning manual__2026-01-04T06:00:14.652585+00:00 [queued]>
[2026-01-04T06:00:43.651+0000] {taskinstance.py:2856} INFO - Starting attempt 1 of 1
[2026-01-04T06:00:43.691+0000] {taskinstance.py:2879} INFO - Executing <Task(BashOperator): silver_cleaning> on 2026-01-04 06:00:14.652585+00:00
[2026-01-04T06:00:43.719+0000] {warnings.py:112} WARNING - /home/***/.local/lib/python3.12/site-packages/***/task/task_runner/standard_task_runner.py:70: DeprecationWarning: This process (pid=145) is multi-threaded, use of fork() may lead to deadlocks in the child.
  pid = os.fork()

[2026-01-04T06:00:43.724+0000] {standard_task_runner.py:72} INFO - Started process 149 to run task
[2026-01-04T06:00:43.728+0000] {standard_task_runner.py:104} INFO - Running: ['***', 'tasks', 'run', 'stock_analytics_incremental_etl_pipeline_v2', 'silver_cleaning', 'manual__2026-01-04T06:00:14.652585+00:00', '--job-id', '8', '--raw', '--subdir', 'DAGS_FOLDER/stock_analytics_etl_dag.py', '--cfg-path', '/tmp/tmpqselux7g']
[2026-01-04T06:00:43.734+0000] {standard_task_runner.py:105} INFO - Job 8: Subtask silver_cleaning
[2026-01-04T06:00:43.959+0000] {task_command.py:467} INFO - Running <TaskInstance: stock_analytics_incremental_etl_pipeline_v2.silver_cleaning manual__2026-01-04T06:00:14.652585+00:00 [running]> on host 6f227fe6d49b
[2026-01-04T06:00:44.328+0000] {taskinstance.py:3122} INFO - Exporting env vars: AIRFLOW_CTX_DAG_EMAIL='pranathi2314@gmail.com' AIRFLOW_CTX_DAG_OWNER='***' AIRFLOW_CTX_DAG_ID='stock_analytics_incremental_etl_pipeline_v2' AIRFLOW_CTX_TASK_ID='silver_cleaning' AIRFLOW_CTX_EXECUTION_DATE='2026-01-04T06:00:14.652585+00:00' AIRFLOW_CTX_TRY_NUMBER='1' AIRFLOW_CTX_DAG_RUN_ID='manual__2026-01-04T06:00:14.652585+00:00'
[2026-01-04T06:00:44.333+0000] {logging_mixin.py:190} INFO - Task instance is in running state
[2026-01-04T06:00:44.334+0000] {logging_mixin.py:190} INFO -  Previous state of the Task instance: queued
[2026-01-04T06:00:44.335+0000] {logging_mixin.py:190} INFO - Current task name:silver_cleaning state:running start_date:2026-01-04 06:00:43.622243+00:00
[2026-01-04T06:00:44.336+0000] {logging_mixin.py:190} INFO - Dag name:stock_analytics_incremental_etl_pipeline_v2 and current dag run status:running
[2026-01-04T06:00:44.338+0000] {taskinstance.py:731} INFO - ::endgroup::
[2026-01-04T06:00:44.341+0000] {subprocess.py:63} INFO - Tmp dir root location: /tmp
[2026-01-04T06:00:44.345+0000] {subprocess.py:75} INFO - Running command: ['/usr/bin/bash', '-c', 'python /opt/***/project/scripts/clean_transform.py']
[2026-01-04T06:00:44.391+0000] {subprocess.py:86} INFO - Output:
[2026-01-04T06:00:47.615+0000] {subprocess.py:97} INFO - Command exited with return code 0
[2026-01-04T06:00:47.692+0000] {taskinstance.py:340} INFO - ::group::Post task execution logs
[2026-01-04T06:00:47.701+0000] {taskinstance.py:352} INFO - Marking task as SUCCESS. dag_id=stock_analytics_incremental_etl_pipeline_v2, task_id=silver_cleaning, run_id=manual__2026-01-04T06:00:14.652585+00:00, execution_date=20260104T060014, start_date=20260104T060043, end_date=20260104T060047
[2026-01-04T06:00:47.738+0000] {logging_mixin.py:190} INFO - Task instance in success state
[2026-01-04T06:00:47.740+0000] {logging_mixin.py:190} INFO -  Previous state of the Task instance: running
[2026-01-04T06:00:47.741+0000] {logging_mixin.py:190} INFO - Dag name:stock_analytics_incremental_etl_pipeline_v2 queued_at:2026-01-04 06:00:14.686451+00:00
[2026-01-04T06:00:47.742+0000] {logging_mixin.py:190} INFO - Task hostname:6f227fe6d49b operator:BashOperator
[2026-01-04T06:00:47.789+0000] {local_task_job_runner.py:261} INFO - Task exited with return code 0
[2026-01-04T06:00:47.806+0000] {local_task_job_runner.py:240} INFO - ::endgroup::
