[2026-01-06T06:28:21.829+0000] {local_task_job_runner.py:123} INFO - ::group::Pre task execution logs
[2026-01-06T06:28:21.853+0000] {taskinstance.py:2603} INFO - Dependencies all met for dep_context=non-requeueable deps ti=<TaskInstance: stock_analytics_incremental_etl_pipeline_v2.silver_cleaning manual__2026-01-06T06:28:06.973623+00:00 [queued]>
[2026-01-06T06:28:21.863+0000] {taskinstance.py:2603} INFO - Dependencies all met for dep_context=requeueable deps ti=<TaskInstance: stock_analytics_incremental_etl_pipeline_v2.silver_cleaning manual__2026-01-06T06:28:06.973623+00:00 [queued]>
[2026-01-06T06:28:21.866+0000] {taskinstance.py:2856} INFO - Starting attempt 1 of 3
[2026-01-06T06:28:21.884+0000] {taskinstance.py:2879} INFO - Executing <Task(BashOperator): silver_cleaning> on 2026-01-06 06:28:06.973623+00:00
[2026-01-06T06:28:21.895+0000] {warnings.py:112} WARNING - /home/***/.local/lib/python3.12/site-packages/***/task/task_runner/standard_task_runner.py:70: DeprecationWarning: This process (pid=175) is multi-threaded, use of fork() may lead to deadlocks in the child.
  pid = os.fork()

[2026-01-06T06:28:21.898+0000] {standard_task_runner.py:104} INFO - Running: ['***', 'tasks', 'run', 'stock_analytics_incremental_etl_pipeline_v2', 'silver_cleaning', 'manual__2026-01-06T06:28:06.973623+00:00', '--job-id', '36', '--raw', '--subdir', 'DAGS_FOLDER/stock_analytics_etl_dag.py', '--cfg-path', '/tmp/tmpa6hfv5yy']
[2026-01-06T06:28:21.900+0000] {standard_task_runner.py:72} INFO - Started process 177 to run task
[2026-01-06T06:28:21.900+0000] {standard_task_runner.py:105} INFO - Job 36: Subtask silver_cleaning
[2026-01-06T06:28:22.003+0000] {task_command.py:467} INFO - Running <TaskInstance: stock_analytics_incremental_etl_pipeline_v2.silver_cleaning manual__2026-01-06T06:28:06.973623+00:00 [running]> on host 069e12759471
[2026-01-06T06:28:22.119+0000] {taskinstance.py:3122} INFO - Exporting env vars: AIRFLOW_CTX_DAG_EMAIL='pranathi2314@gmail.com' AIRFLOW_CTX_DAG_OWNER='***' AIRFLOW_CTX_DAG_ID='stock_analytics_incremental_etl_pipeline_v2' AIRFLOW_CTX_TASK_ID='silver_cleaning' AIRFLOW_CTX_EXECUTION_DATE='2026-01-06T06:28:06.973623+00:00' AIRFLOW_CTX_TRY_NUMBER='1' AIRFLOW_CTX_DAG_RUN_ID='manual__2026-01-06T06:28:06.973623+00:00'
[2026-01-06T06:28:22.122+0000] {logging_mixin.py:190} INFO - Task instance is in running state
[2026-01-06T06:28:22.122+0000] {logging_mixin.py:190} INFO -  Previous state of the Task instance: queued
[2026-01-06T06:28:22.123+0000] {logging_mixin.py:190} INFO - Current task name:silver_cleaning state:running start_date:2026-01-06 06:28:21.854033+00:00
[2026-01-06T06:28:22.123+0000] {logging_mixin.py:190} INFO - Dag name:stock_analytics_incremental_etl_pipeline_v2 and current dag run status:running
[2026-01-06T06:28:22.124+0000] {taskinstance.py:731} INFO - ::endgroup::
[2026-01-06T06:28:22.125+0000] {subprocess.py:63} INFO - Tmp dir root location: /tmp
[2026-01-06T06:28:22.127+0000] {subprocess.py:75} INFO - Running command: ['/usr/bin/bash', '-c', 'python /opt/***/project/scripts/clean_transform.py']
[2026-01-06T06:28:22.141+0000] {subprocess.py:86} INFO - Output:
[2026-01-06T06:28:23.880+0000] {subprocess.py:93} INFO -   transaction_id  trade_date investor_id symbol action  quantity  trade_price
[2026-01-06T06:28:23.881+0000] {subprocess.py:93} INFO - 0        TXN0001  2022-04-26      INV013   CONS    BUY        62       155.82
[2026-01-06T06:28:23.882+0000] {subprocess.py:93} INFO - 1        TXN0002  2023-03-10      INV017   ALPH    BUY        60       193.06
[2026-01-06T06:28:23.884+0000] {subprocess.py:93} INFO - 2        TXN0003  2023-03-07      INV113   PHRM   SELL         6       403.52
[2026-01-06T06:28:23.884+0000] {subprocess.py:93} INFO - 3        TXN0004  2022-08-10      INV173   BNKX    BUY       102       138.69
[2026-01-06T06:28:23.886+0000] {subprocess.py:93} INFO - 4        TXN0005  2023-04-17      INV275   BNKX   SELL        25       320.82
[2026-01-06T06:28:23.887+0000] {subprocess.py:93} INFO - <class 'pandas.core.frame.DataFrame'>
[2026-01-06T06:28:23.888+0000] {subprocess.py:93} INFO - RangeIndex: 700 entries, 0 to 699
[2026-01-06T06:28:23.889+0000] {subprocess.py:93} INFO - Data columns (total 7 columns):
[2026-01-06T06:28:23.890+0000] {subprocess.py:93} INFO -  #   Column          Non-Null Count  Dtype
[2026-01-06T06:28:23.891+0000] {subprocess.py:93} INFO - ---  ------          --------------  -----
[2026-01-06T06:28:23.892+0000] {subprocess.py:93} INFO -  0   transaction_id  700 non-null    object
[2026-01-06T06:28:23.893+0000] {subprocess.py:93} INFO -  1   trade_date      700 non-null    object
[2026-01-06T06:28:23.893+0000] {subprocess.py:93} INFO -  2   investor_id     700 non-null    object
[2026-01-06T06:28:23.894+0000] {subprocess.py:93} INFO -  3   symbol          700 non-null    object
[2026-01-06T06:28:23.897+0000] {subprocess.py:93} INFO -  4   action          689 non-null    object
[2026-01-06T06:28:23.899+0000] {subprocess.py:93} INFO -  5   quantity        700 non-null    int64
[2026-01-06T06:28:23.900+0000] {subprocess.py:93} INFO -  6   trade_price     678 non-null    float64
[2026-01-06T06:28:23.901+0000] {subprocess.py:93} INFO - dtypes: float64(1), int64(1), object(5)
[2026-01-06T06:28:23.902+0000] {subprocess.py:93} INFO - memory usage: 38.4+ KB
[2026-01-06T06:28:23.903+0000] {subprocess.py:93} INFO - None
[2026-01-06T06:28:23.905+0000] {subprocess.py:93} INFO -   transaction_id trade_date investor_id symbol action  quantity  trade_price
[2026-01-06T06:28:23.906+0000] {subprocess.py:93} INFO - 0        TXN0001 2022-04-26      INV013   CONS    BUY        62       155.82
[2026-01-06T06:28:23.906+0000] {subprocess.py:93} INFO - 1        TXN0002 2023-03-10      INV017   ALPH    BUY        60       193.06
[2026-01-06T06:28:23.907+0000] {subprocess.py:93} INFO - 2        TXN0003 2023-03-07      INV113   PHRM   SELL         6       403.52
[2026-01-06T06:28:23.908+0000] {subprocess.py:93} INFO - 3        TXN0004 2022-08-10      INV173   BNKX    BUY       102       138.69
[2026-01-06T06:28:23.909+0000] {subprocess.py:93} INFO - 4        TXN0005 2023-04-17      INV275   BNKX   SELL        25       320.82
[2026-01-06T06:28:23.910+0000] {subprocess.py:93} INFO - <class 'pandas.core.frame.DataFrame'>
[2026-01-06T06:28:23.910+0000] {subprocess.py:93} INFO - RangeIndex: 700 entries, 0 to 699
[2026-01-06T06:28:23.911+0000] {subprocess.py:93} INFO - Data columns (total 7 columns):
[2026-01-06T06:28:23.912+0000] {subprocess.py:93} INFO -  #   Column          Non-Null Count  Dtype
[2026-01-06T06:28:23.913+0000] {subprocess.py:93} INFO - ---  ------          --------------  -----
[2026-01-06T06:28:23.914+0000] {subprocess.py:93} INFO -  0   transaction_id  700 non-null    object
[2026-01-06T06:28:23.915+0000] {subprocess.py:93} INFO -  1   trade_date      700 non-null    datetime64[ns]
[2026-01-06T06:28:23.916+0000] {subprocess.py:93} INFO -  2   investor_id     700 non-null    object
[2026-01-06T06:28:23.917+0000] {subprocess.py:93} INFO -  3   symbol          700 non-null    object
[2026-01-06T06:28:23.919+0000] {subprocess.py:93} INFO -  4   action          689 non-null    object
[2026-01-06T06:28:23.921+0000] {subprocess.py:93} INFO -  5   quantity        700 non-null    int64
[2026-01-06T06:28:23.922+0000] {subprocess.py:93} INFO -  6   trade_price     678 non-null    float64
[2026-01-06T06:28:23.923+0000] {subprocess.py:93} INFO - dtypes: datetime64[ns](1), float64(1), int64(1), object(4)
[2026-01-06T06:28:23.924+0000] {subprocess.py:93} INFO - memory usage: 38.4+ KB
[2026-01-06T06:28:23.925+0000] {subprocess.py:93} INFO - None
[2026-01-06T06:28:24.101+0000] {subprocess.py:97} INFO - Command exited with return code 0
[2026-01-06T06:28:24.163+0000] {taskinstance.py:340} INFO - ::group::Post task execution logs
[2026-01-06T06:28:24.164+0000] {taskinstance.py:352} INFO - Marking task as SUCCESS. dag_id=stock_analytics_incremental_etl_pipeline_v2, task_id=silver_cleaning, run_id=manual__2026-01-06T06:28:06.973623+00:00, execution_date=20260106T062806, start_date=20260106T062821, end_date=20260106T062824
[2026-01-06T06:28:24.185+0000] {logging_mixin.py:190} INFO - Task instance in success state
[2026-01-06T06:28:24.186+0000] {logging_mixin.py:190} INFO -  Previous state of the Task instance: running
[2026-01-06T06:28:24.187+0000] {logging_mixin.py:190} INFO - Dag name:stock_analytics_incremental_etl_pipeline_v2 queued_at:2026-01-06 06:28:07.061473+00:00
[2026-01-06T06:28:24.188+0000] {logging_mixin.py:190} INFO - Task hostname:069e12759471 operator:BashOperator
[2026-01-06T06:28:24.225+0000] {local_task_job_runner.py:261} INFO - Task exited with return code 0
[2026-01-06T06:28:24.274+0000] {taskinstance.py:3891} INFO - 0 downstream tasks scheduled from follow-on schedule check
[2026-01-06T06:28:24.280+0000] {local_task_job_runner.py:240} INFO - ::endgroup::
