[2026-01-04T06:00:26.477+0000] {local_task_job_runner.py:123} INFO - ::group::Pre task execution logs
[2026-01-04T06:00:26.540+0000] {taskinstance.py:2603} INFO - Dependencies all met for dep_context=non-requeueable deps ti=<TaskInstance: stock_analytics_incremental_etl_pipeline_v2.check_incremental_data manual__2026-01-04T06:00:14.652585+00:00 [queued]>
[2026-01-04T06:00:26.567+0000] {taskinstance.py:2603} INFO - Dependencies all met for dep_context=requeueable deps ti=<TaskInstance: stock_analytics_incremental_etl_pipeline_v2.check_incremental_data manual__2026-01-04T06:00:14.652585+00:00 [queued]>
[2026-01-04T06:00:26.568+0000] {taskinstance.py:2856} INFO - Starting attempt 1 of 1
[2026-01-04T06:00:26.624+0000] {taskinstance.py:2879} INFO - Executing <Task(PythonOperator): check_incremental_data> on 2026-01-04 06:00:14.652585+00:00
[2026-01-04T06:00:26.664+0000] {warnings.py:112} WARNING - /home/***/.local/lib/python3.12/site-packages/***/task/task_runner/standard_task_runner.py:70: DeprecationWarning: This process (pid=119) is multi-threaded, use of fork() may lead to deadlocks in the child.
  pid = os.fork()

[2026-01-04T06:00:26.670+0000] {standard_task_runner.py:72} INFO - Started process 129 to run task
[2026-01-04T06:00:26.671+0000] {standard_task_runner.py:104} INFO - Running: ['***', 'tasks', 'run', 'stock_analytics_incremental_etl_pipeline_v2', 'check_incremental_data', 'manual__2026-01-04T06:00:14.652585+00:00', '--job-id', '3', '--raw', '--subdir', 'DAGS_FOLDER/stock_analytics_etl_dag.py', '--cfg-path', '/tmp/tmpzwgfignk']
[2026-01-04T06:00:26.674+0000] {standard_task_runner.py:105} INFO - Job 3: Subtask check_incremental_data
[2026-01-04T06:00:26.913+0000] {task_command.py:467} INFO - Running <TaskInstance: stock_analytics_incremental_etl_pipeline_v2.check_incremental_data manual__2026-01-04T06:00:14.652585+00:00 [running]> on host 6f227fe6d49b
[2026-01-04T06:00:27.188+0000] {taskinstance.py:3122} INFO - Exporting env vars: AIRFLOW_CTX_DAG_EMAIL='pranathi2314@gmail.com' AIRFLOW_CTX_DAG_OWNER='***' AIRFLOW_CTX_DAG_ID='stock_analytics_incremental_etl_pipeline_v2' AIRFLOW_CTX_TASK_ID='check_incremental_data' AIRFLOW_CTX_EXECUTION_DATE='2026-01-04T06:00:14.652585+00:00' AIRFLOW_CTX_TRY_NUMBER='1' AIRFLOW_CTX_DAG_RUN_ID='manual__2026-01-04T06:00:14.652585+00:00'
[2026-01-04T06:00:27.193+0000] {logging_mixin.py:190} INFO - Task instance is in running state
[2026-01-04T06:00:27.195+0000] {logging_mixin.py:190} INFO -  Previous state of the Task instance: queued
[2026-01-04T06:00:27.196+0000] {logging_mixin.py:190} INFO - Current task name:check_incremental_data state:running start_date:2026-01-04 06:00:26.542202+00:00
[2026-01-04T06:00:27.197+0000] {logging_mixin.py:190} INFO - Dag name:stock_analytics_incremental_etl_pipeline_v2 and current dag run status:running
[2026-01-04T06:00:27.198+0000] {taskinstance.py:731} INFO - ::endgroup::
[2026-01-04T06:00:27.248+0000] {stock_analytics_etl_dag.py:44} INFO - New data detected. ETL will run.
[2026-01-04T06:00:27.249+0000] {python.py:240} INFO - Done. Returned value was: None
[2026-01-04T06:00:27.276+0000] {taskinstance.py:340} INFO - ::group::Post task execution logs
[2026-01-04T06:00:27.277+0000] {taskinstance.py:352} INFO - Marking task as SUCCESS. dag_id=stock_analytics_incremental_etl_pipeline_v2, task_id=check_incremental_data, run_id=manual__2026-01-04T06:00:14.652585+00:00, execution_date=20260104T060014, start_date=20260104T060026, end_date=20260104T060027
[2026-01-04T06:00:27.303+0000] {logging_mixin.py:190} INFO - Task instance in success state
[2026-01-04T06:00:27.304+0000] {logging_mixin.py:190} INFO -  Previous state of the Task instance: running
[2026-01-04T06:00:27.306+0000] {logging_mixin.py:190} INFO - Dag name:stock_analytics_incremental_etl_pipeline_v2 queued_at:2026-01-04 06:00:14.686451+00:00
[2026-01-04T06:00:27.307+0000] {logging_mixin.py:190} INFO - Task hostname:6f227fe6d49b operator:PythonOperator
[2026-01-04T06:00:27.340+0000] {local_task_job_runner.py:261} INFO - Task exited with return code 0
[2026-01-04T06:00:27.410+0000] {taskinstance.py:3891} INFO - 1 downstream tasks scheduled from follow-on schedule check
[2026-01-04T06:00:27.416+0000] {local_task_job_runner.py:240} INFO - ::endgroup::
