[2026-01-04T05:30:34.382+0000] {local_task_job_runner.py:123} INFO - ::group::Pre task execution logs
[2026-01-04T05:30:34.400+0000] {taskinstance.py:2603} INFO - Dependencies all met for dep_context=non-requeueable deps ti=<TaskInstance: stock_analytics_incremental_etl_pipeline_v2.bronze_ingestion manual__2026-01-04T05:30:27.251098+00:00 [queued]>
[2026-01-04T05:30:34.411+0000] {taskinstance.py:2603} INFO - Dependencies all met for dep_context=requeueable deps ti=<TaskInstance: stock_analytics_incremental_etl_pipeline_v2.bronze_ingestion manual__2026-01-04T05:30:27.251098+00:00 [queued]>
[2026-01-04T05:30:34.413+0000] {taskinstance.py:2856} INFO - Starting attempt 1 of 3
[2026-01-04T05:30:34.428+0000] {taskinstance.py:2879} INFO - Executing <Task(BashOperator): bronze_ingestion> on 2026-01-04 05:30:27.251098+00:00
[2026-01-04T05:30:34.437+0000] {warnings.py:112} WARNING - /home/***/.local/lib/python3.12/site-packages/***/task/task_runner/standard_task_runner.py:70: DeprecationWarning: This process (pid=129) is multi-threaded, use of fork() may lead to deadlocks in the child.
  pid = os.fork()

[2026-01-04T05:30:34.441+0000] {standard_task_runner.py:72} INFO - Started process 131 to run task
[2026-01-04T05:30:34.440+0000] {standard_task_runner.py:104} INFO - Running: ['***', 'tasks', 'run', 'stock_analytics_incremental_etl_pipeline_v2', 'bronze_ingestion', 'manual__2026-01-04T05:30:27.251098+00:00', '--job-id', '350', '--raw', '--subdir', 'DAGS_FOLDER/stock_analytics_etl_dag.py', '--cfg-path', '/tmp/tmplp7990nh']
[2026-01-04T05:30:34.442+0000] {standard_task_runner.py:105} INFO - Job 350: Subtask bronze_ingestion
[2026-01-04T05:30:34.533+0000] {task_command.py:467} INFO - Running <TaskInstance: stock_analytics_incremental_etl_pipeline_v2.bronze_ingestion manual__2026-01-04T05:30:27.251098+00:00 [running]> on host ce383388ef1b
[2026-01-04T05:30:34.644+0000] {taskinstance.py:3122} INFO - Exporting env vars: AIRFLOW_CTX_DAG_OWNER='***' AIRFLOW_CTX_DAG_ID='stock_analytics_incremental_etl_pipeline_v2' AIRFLOW_CTX_TASK_ID='bronze_ingestion' AIRFLOW_CTX_EXECUTION_DATE='2026-01-04T05:30:27.251098+00:00' AIRFLOW_CTX_TRY_NUMBER='1' AIRFLOW_CTX_DAG_RUN_ID='manual__2026-01-04T05:30:27.251098+00:00'
[2026-01-04T05:30:34.647+0000] {logging_mixin.py:190} INFO - Task instance is in running state
[2026-01-04T05:30:34.649+0000] {logging_mixin.py:190} INFO -  Previous state of the Task instance: queued
[2026-01-04T05:30:34.650+0000] {logging_mixin.py:190} INFO - Current task name:bronze_ingestion state:running start_date:2026-01-04 05:30:34.402089+00:00
[2026-01-04T05:30:34.651+0000] {logging_mixin.py:190} INFO - Dag name:stock_analytics_incremental_etl_pipeline_v2 and current dag run status:running
[2026-01-04T05:30:34.652+0000] {taskinstance.py:731} INFO - ::endgroup::
[2026-01-04T05:30:34.654+0000] {subprocess.py:63} INFO - Tmp dir root location: /tmp
[2026-01-04T05:30:34.656+0000] {subprocess.py:75} INFO - Running command: ['/usr/bin/bash', '-c', 'python /opt/***/project/Data/Bronze/bronze_layer.py']
[2026-01-04T05:30:34.669+0000] {subprocess.py:86} INFO - Output:
[2026-01-04T05:30:35.034+0000] {subprocess.py:97} INFO - Command exited with return code 0
[2026-01-04T05:30:35.066+0000] {taskinstance.py:340} INFO - ::group::Post task execution logs
[2026-01-04T05:30:35.067+0000] {taskinstance.py:352} INFO - Marking task as SUCCESS. dag_id=stock_analytics_incremental_etl_pipeline_v2, task_id=bronze_ingestion, run_id=manual__2026-01-04T05:30:27.251098+00:00, execution_date=20260104T053027, start_date=20260104T053034, end_date=20260104T053035
[2026-01-04T05:30:35.079+0000] {logging_mixin.py:190} INFO - Task instance in success state
[2026-01-04T05:30:35.080+0000] {logging_mixin.py:190} INFO -  Previous state of the Task instance: running
[2026-01-04T05:30:35.080+0000] {logging_mixin.py:190} INFO - Dag name:stock_analytics_incremental_etl_pipeline_v2 queued_at:2026-01-04 05:30:27.271966+00:00
[2026-01-04T05:30:35.081+0000] {logging_mixin.py:190} INFO - Task hostname:ce383388ef1b operator:BashOperator
[2026-01-04T05:30:35.099+0000] {local_task_job_runner.py:261} INFO - Task exited with return code 0
[2026-01-04T05:30:35.139+0000] {taskinstance.py:3891} INFO - 1 downstream tasks scheduled from follow-on schedule check
[2026-01-04T05:30:35.142+0000] {local_task_job_runner.py:240} INFO - ::endgroup::
