[2026-01-04T05:06:15.260+0000] {local_task_job_runner.py:123} INFO - ::group::Pre task execution logs
[2026-01-04T05:06:15.288+0000] {taskinstance.py:2603} INFO - Dependencies all met for dep_context=non-requeueable deps ti=<TaskInstance: stock_analytics_incremental_etl_pipeline_v2.silver_cleaning scheduled__2026-01-03T00:00:00+00:00 [queued]>
[2026-01-04T05:06:15.305+0000] {taskinstance.py:2603} INFO - Dependencies all met for dep_context=requeueable deps ti=<TaskInstance: stock_analytics_incremental_etl_pipeline_v2.silver_cleaning scheduled__2026-01-03T00:00:00+00:00 [queued]>
[2026-01-04T05:06:15.307+0000] {taskinstance.py:2856} INFO - Starting attempt 1 of 3
[2026-01-04T05:06:15.328+0000] {taskinstance.py:2879} INFO - Executing <Task(BashOperator): silver_cleaning> on 2026-01-03 00:00:00+00:00
[2026-01-04T05:06:15.341+0000] {warnings.py:112} WARNING - /home/***/.local/lib/python3.12/site-packages/***/task/task_runner/standard_task_runner.py:70: DeprecationWarning: This process (pid=95) is multi-threaded, use of fork() may lead to deadlocks in the child.
  pid = os.fork()

[2026-01-04T05:06:15.345+0000] {standard_task_runner.py:72} INFO - Started process 97 to run task
[2026-01-04T05:06:15.345+0000] {standard_task_runner.py:104} INFO - Running: ['***', 'tasks', 'run', 'stock_analytics_incremental_etl_pipeline_v2', 'silver_cleaning', 'scheduled__2026-01-03T00:00:00+00:00', '--job-id', '327', '--raw', '--subdir', 'DAGS_FOLDER/stock_analytics_etl_dag.py', '--cfg-path', '/tmp/tmpbbxi4hef']
[2026-01-04T05:06:15.347+0000] {standard_task_runner.py:105} INFO - Job 327: Subtask silver_cleaning
[2026-01-04T05:06:15.460+0000] {task_command.py:467} INFO - Running <TaskInstance: stock_analytics_incremental_etl_pipeline_v2.silver_cleaning scheduled__2026-01-03T00:00:00+00:00 [running]> on host 051934cfc0a4
[2026-01-04T05:06:15.634+0000] {taskinstance.py:3122} INFO - Exporting env vars: AIRFLOW_CTX_DAG_OWNER='***' AIRFLOW_CTX_DAG_ID='stock_analytics_incremental_etl_pipeline_v2' AIRFLOW_CTX_TASK_ID='silver_cleaning' AIRFLOW_CTX_EXECUTION_DATE='2026-01-03T00:00:00+00:00' AIRFLOW_CTX_TRY_NUMBER='1' AIRFLOW_CTX_DAG_RUN_ID='scheduled__2026-01-03T00:00:00+00:00'
[2026-01-04T05:06:15.638+0000] {logging_mixin.py:190} INFO - Task instance is in running state
[2026-01-04T05:06:15.639+0000] {logging_mixin.py:190} INFO -  Previous state of the Task instance: queued
[2026-01-04T05:06:15.640+0000] {logging_mixin.py:190} INFO - Current task name:silver_cleaning state:running start_date:2026-01-04 05:06:15.289397+00:00
[2026-01-04T05:06:15.641+0000] {logging_mixin.py:190} INFO - Dag name:stock_analytics_incremental_etl_pipeline_v2 and current dag run status:running
[2026-01-04T05:06:15.642+0000] {taskinstance.py:731} INFO - ::endgroup::
[2026-01-04T05:06:15.643+0000] {subprocess.py:63} INFO - Tmp dir root location: /tmp
[2026-01-04T05:06:15.644+0000] {subprocess.py:75} INFO - Running command: ['/usr/bin/bash', '-c', 'python /opt/***/project/scripts/clean_transform.py']
[2026-01-04T05:06:15.661+0000] {subprocess.py:86} INFO - Output:
[2026-01-04T05:06:17.749+0000] {subprocess.py:97} INFO - Command exited with return code 0
[2026-01-04T05:06:17.816+0000] {taskinstance.py:340} INFO - ::group::Post task execution logs
[2026-01-04T05:06:17.818+0000] {taskinstance.py:352} INFO - Marking task as SUCCESS. dag_id=stock_analytics_incremental_etl_pipeline_v2, task_id=silver_cleaning, run_id=scheduled__2026-01-03T00:00:00+00:00, execution_date=20260103T000000, start_date=20260104T050615, end_date=20260104T050617
[2026-01-04T05:06:17.851+0000] {logging_mixin.py:190} INFO - Task instance in success state
[2026-01-04T05:06:17.854+0000] {logging_mixin.py:190} INFO -  Previous state of the Task instance: running
[2026-01-04T05:06:17.856+0000] {logging_mixin.py:190} INFO - Dag name:stock_analytics_incremental_etl_pipeline_v2 queued_at:2026-01-04 05:05:46.174260+00:00
[2026-01-04T05:06:17.857+0000] {logging_mixin.py:190} INFO - Task hostname:051934cfc0a4 operator:BashOperator
[2026-01-04T05:06:17.896+0000] {local_task_job_runner.py:261} INFO - Task exited with return code 0
[2026-01-04T05:06:17.938+0000] {taskinstance.py:3891} INFO - 1 downstream tasks scheduled from follow-on schedule check
[2026-01-04T05:06:17.941+0000] {local_task_job_runner.py:240} INFO - ::endgroup::
[2026-01-04T06:00:43.090+0000] {local_task_job_runner.py:123} INFO - ::group::Pre task execution logs
[2026-01-04T06:00:43.156+0000] {taskinstance.py:2603} INFO - Dependencies all met for dep_context=non-requeueable deps ti=<TaskInstance: stock_analytics_incremental_etl_pipeline_v2.silver_cleaning scheduled__2026-01-03T00:00:00+00:00 [queued]>
[2026-01-04T06:00:43.188+0000] {taskinstance.py:2603} INFO - Dependencies all met for dep_context=requeueable deps ti=<TaskInstance: stock_analytics_incremental_etl_pipeline_v2.silver_cleaning scheduled__2026-01-03T00:00:00+00:00 [queued]>
[2026-01-04T06:00:43.190+0000] {taskinstance.py:2856} INFO - Starting attempt 1 of 1
[2026-01-04T06:00:43.228+0000] {taskinstance.py:2879} INFO - Executing <Task(BashOperator): silver_cleaning> on 2026-01-03 00:00:00+00:00
[2026-01-04T06:00:43.266+0000] {warnings.py:112} WARNING - /home/***/.local/lib/python3.12/site-packages/***/task/task_runner/standard_task_runner.py:70: DeprecationWarning: This process (pid=143) is multi-threaded, use of fork() may lead to deadlocks in the child.
  pid = os.fork()

[2026-01-04T06:00:43.269+0000] {standard_task_runner.py:72} INFO - Started process 147 to run task
[2026-01-04T06:00:43.281+0000] {standard_task_runner.py:104} INFO - Running: ['***', 'tasks', 'run', 'stock_analytics_incremental_etl_pipeline_v2', 'silver_cleaning', 'scheduled__2026-01-03T00:00:00+00:00', '--job-id', '7', '--raw', '--subdir', 'DAGS_FOLDER/stock_analytics_etl_dag.py', '--cfg-path', '/tmp/tmp6phjo6wu']
[2026-01-04T06:00:43.290+0000] {standard_task_runner.py:105} INFO - Job 7: Subtask silver_cleaning
[2026-01-04T06:00:43.557+0000] {task_command.py:467} INFO - Running <TaskInstance: stock_analytics_incremental_etl_pipeline_v2.silver_cleaning scheduled__2026-01-03T00:00:00+00:00 [running]> on host 6f227fe6d49b
[2026-01-04T06:00:43.826+0000] {taskinstance.py:3122} INFO - Exporting env vars: AIRFLOW_CTX_DAG_EMAIL='pranathi2314@gmail.com' AIRFLOW_CTX_DAG_OWNER='***' AIRFLOW_CTX_DAG_ID='stock_analytics_incremental_etl_pipeline_v2' AIRFLOW_CTX_TASK_ID='silver_cleaning' AIRFLOW_CTX_EXECUTION_DATE='2026-01-03T00:00:00+00:00' AIRFLOW_CTX_TRY_NUMBER='1' AIRFLOW_CTX_DAG_RUN_ID='scheduled__2026-01-03T00:00:00+00:00'
[2026-01-04T06:00:43.834+0000] {logging_mixin.py:190} INFO - Task instance is in running state
[2026-01-04T06:00:43.836+0000] {logging_mixin.py:190} INFO -  Previous state of the Task instance: queued
[2026-01-04T06:00:43.838+0000] {logging_mixin.py:190} INFO - Current task name:silver_cleaning state:running start_date:2026-01-04 06:00:43.164006+00:00
[2026-01-04T06:00:43.844+0000] {logging_mixin.py:190} INFO - Dag name:stock_analytics_incremental_etl_pipeline_v2 and current dag run status:running
[2026-01-04T06:00:43.846+0000] {taskinstance.py:731} INFO - ::endgroup::
[2026-01-04T06:00:43.849+0000] {subprocess.py:63} INFO - Tmp dir root location: /tmp
[2026-01-04T06:00:43.853+0000] {subprocess.py:75} INFO - Running command: ['/usr/bin/bash', '-c', 'python /opt/***/project/scripts/clean_transform.py']
[2026-01-04T06:00:43.906+0000] {subprocess.py:86} INFO - Output:
[2026-01-04T06:00:47.322+0000] {subprocess.py:97} INFO - Command exited with return code 0
[2026-01-04T06:00:47.405+0000] {taskinstance.py:340} INFO - ::group::Post task execution logs
[2026-01-04T06:00:47.406+0000] {taskinstance.py:352} INFO - Marking task as SUCCESS. dag_id=stock_analytics_incremental_etl_pipeline_v2, task_id=silver_cleaning, run_id=scheduled__2026-01-03T00:00:00+00:00, execution_date=20260103T000000, start_date=20260104T060043, end_date=20260104T060047
[2026-01-04T06:00:47.446+0000] {logging_mixin.py:190} INFO - Task instance in success state
[2026-01-04T06:00:47.447+0000] {logging_mixin.py:190} INFO -  Previous state of the Task instance: running
[2026-01-04T06:00:47.448+0000] {logging_mixin.py:190} INFO - Dag name:stock_analytics_incremental_etl_pipeline_v2 queued_at:2026-01-04 06:00:15.257717+00:00
[2026-01-04T06:00:47.449+0000] {logging_mixin.py:190} INFO - Task hostname:6f227fe6d49b operator:BashOperator
[2026-01-04T06:00:47.503+0000] {local_task_job_runner.py:261} INFO - Task exited with return code 0
[2026-01-04T06:00:47.564+0000] {taskinstance.py:3891} INFO - 1 downstream tasks scheduled from follow-on schedule check
[2026-01-04T06:00:47.571+0000] {local_task_job_runner.py:240} INFO - ::endgroup::
[2026-01-04T06:05:32.176+0000] {local_task_job_runner.py:123} INFO - ::group::Pre task execution logs
[2026-01-04T06:05:32.198+0000] {taskinstance.py:2603} INFO - Dependencies all met for dep_context=non-requeueable deps ti=<TaskInstance: stock_analytics_incremental_etl_pipeline_v2.silver_cleaning scheduled__2026-01-03T00:00:00+00:00 [queued]>
[2026-01-04T06:05:32.210+0000] {taskinstance.py:2603} INFO - Dependencies all met for dep_context=requeueable deps ti=<TaskInstance: stock_analytics_incremental_etl_pipeline_v2.silver_cleaning scheduled__2026-01-03T00:00:00+00:00 [queued]>
[2026-01-04T06:05:32.214+0000] {taskinstance.py:2856} INFO - Starting attempt 1 of 1
[2026-01-04T06:05:32.231+0000] {taskinstance.py:2879} INFO - Executing <Task(BashOperator): silver_cleaning> on 2026-01-03 00:00:00+00:00
[2026-01-04T06:05:32.241+0000] {warnings.py:112} WARNING - /home/***/.local/lib/python3.12/site-packages/***/task/task_runner/standard_task_runner.py:70: DeprecationWarning: This process (pid=143) is multi-threaded, use of fork() may lead to deadlocks in the child.
  pid = os.fork()

[2026-01-04T06:05:32.246+0000] {standard_task_runner.py:72} INFO - Started process 147 to run task
[2026-01-04T06:05:32.246+0000] {standard_task_runner.py:104} INFO - Running: ['***', 'tasks', 'run', 'stock_analytics_incremental_etl_pipeline_v2', 'silver_cleaning', 'scheduled__2026-01-03T00:00:00+00:00', '--job-id', '7', '--raw', '--subdir', 'DAGS_FOLDER/stock_analytics_etl_dag.py', '--cfg-path', '/tmp/tmp87xzxgxq']
[2026-01-04T06:05:32.248+0000] {standard_task_runner.py:105} INFO - Job 7: Subtask silver_cleaning
[2026-01-04T06:05:32.382+0000] {task_command.py:467} INFO - Running <TaskInstance: stock_analytics_incremental_etl_pipeline_v2.silver_cleaning scheduled__2026-01-03T00:00:00+00:00 [running]> on host 3409793214f1
[2026-01-04T06:05:32.520+0000] {taskinstance.py:3122} INFO - Exporting env vars: AIRFLOW_CTX_DAG_EMAIL='pranathi2314@gmail.com' AIRFLOW_CTX_DAG_OWNER='***' AIRFLOW_CTX_DAG_ID='stock_analytics_incremental_etl_pipeline_v2' AIRFLOW_CTX_TASK_ID='silver_cleaning' AIRFLOW_CTX_EXECUTION_DATE='2026-01-03T00:00:00+00:00' AIRFLOW_CTX_TRY_NUMBER='1' AIRFLOW_CTX_DAG_RUN_ID='scheduled__2026-01-03T00:00:00+00:00'
[2026-01-04T06:05:32.522+0000] {logging_mixin.py:190} INFO - Task instance is in running state
[2026-01-04T06:05:32.523+0000] {logging_mixin.py:190} INFO -  Previous state of the Task instance: queued
[2026-01-04T06:05:32.523+0000] {logging_mixin.py:190} INFO - Current task name:silver_cleaning state:running start_date:2026-01-04 06:05:32.200277+00:00
[2026-01-04T06:05:32.524+0000] {logging_mixin.py:190} INFO - Dag name:stock_analytics_incremental_etl_pipeline_v2 and current dag run status:running
[2026-01-04T06:05:32.525+0000] {taskinstance.py:731} INFO - ::endgroup::
[2026-01-04T06:05:32.526+0000] {subprocess.py:63} INFO - Tmp dir root location: /tmp
[2026-01-04T06:05:32.529+0000] {subprocess.py:75} INFO - Running command: ['/usr/bin/bash', '-c', 'python /opt/***/project/scripts/clean_transform.py']
[2026-01-04T06:05:32.548+0000] {subprocess.py:86} INFO - Output:
[2026-01-04T06:05:34.766+0000] {subprocess.py:97} INFO - Command exited with return code 0
[2026-01-04T06:05:34.809+0000] {taskinstance.py:340} INFO - ::group::Post task execution logs
[2026-01-04T06:05:34.810+0000] {taskinstance.py:352} INFO - Marking task as SUCCESS. dag_id=stock_analytics_incremental_etl_pipeline_v2, task_id=silver_cleaning, run_id=scheduled__2026-01-03T00:00:00+00:00, execution_date=20260103T000000, start_date=20260104T060532, end_date=20260104T060534
[2026-01-04T06:05:34.825+0000] {logging_mixin.py:190} INFO - Task instance in success state
[2026-01-04T06:05:34.826+0000] {logging_mixin.py:190} INFO -  Previous state of the Task instance: running
[2026-01-04T06:05:34.826+0000] {logging_mixin.py:190} INFO - Dag name:stock_analytics_incremental_etl_pipeline_v2 queued_at:2026-01-04 06:05:19.608568+00:00
[2026-01-04T06:05:34.827+0000] {logging_mixin.py:190} INFO - Task hostname:3409793214f1 operator:BashOperator
[2026-01-04T06:05:34.847+0000] {local_task_job_runner.py:261} INFO - Task exited with return code 0
[2026-01-04T06:05:34.879+0000] {taskinstance.py:3891} INFO - 1 downstream tasks scheduled from follow-on schedule check
[2026-01-04T06:05:34.882+0000] {local_task_job_runner.py:240} INFO - ::endgroup::
[2026-01-04T06:18:49.736+0000] {local_task_job_runner.py:123} INFO - ::group::Pre task execution logs
[2026-01-04T06:18:49.774+0000] {taskinstance.py:2603} INFO - Dependencies all met for dep_context=non-requeueable deps ti=<TaskInstance: stock_analytics_incremental_etl_pipeline_v2.silver_cleaning scheduled__2026-01-03T00:00:00+00:00 [queued]>
[2026-01-04T06:18:49.796+0000] {taskinstance.py:2603} INFO - Dependencies all met for dep_context=requeueable deps ti=<TaskInstance: stock_analytics_incremental_etl_pipeline_v2.silver_cleaning scheduled__2026-01-03T00:00:00+00:00 [queued]>
[2026-01-04T06:18:49.799+0000] {taskinstance.py:2856} INFO - Starting attempt 1 of 3
[2026-01-04T06:18:49.830+0000] {taskinstance.py:2879} INFO - Executing <Task(BashOperator): silver_cleaning> on 2026-01-03 00:00:00+00:00
[2026-01-04T06:18:49.857+0000] {warnings.py:112} WARNING - /home/***/.local/lib/python3.12/site-packages/***/task/task_runner/standard_task_runner.py:70: DeprecationWarning: This process (pid=145) is multi-threaded, use of fork() may lead to deadlocks in the child.
  pid = os.fork()

[2026-01-04T06:18:49.863+0000] {standard_task_runner.py:72} INFO - Started process 150 to run task
[2026-01-04T06:18:49.864+0000] {standard_task_runner.py:104} INFO - Running: ['***', 'tasks', 'run', 'stock_analytics_incremental_etl_pipeline_v2', 'silver_cleaning', 'scheduled__2026-01-03T00:00:00+00:00', '--job-id', '8', '--raw', '--subdir', 'DAGS_FOLDER/stock_analytics_etl_dag.py', '--cfg-path', '/tmp/tmpa7bhvnld']
[2026-01-04T06:18:49.871+0000] {standard_task_runner.py:105} INFO - Job 8: Subtask silver_cleaning
[2026-01-04T06:18:49.993+0000] {task_command.py:467} INFO - Running <TaskInstance: stock_analytics_incremental_etl_pipeline_v2.silver_cleaning scheduled__2026-01-03T00:00:00+00:00 [running]> on host b5f3b83aa317
[2026-01-04T06:18:50.101+0000] {taskinstance.py:3122} INFO - Exporting env vars: AIRFLOW_CTX_DAG_EMAIL='pranathi2314@gmail.com' AIRFLOW_CTX_DAG_OWNER='***' AIRFLOW_CTX_DAG_ID='stock_analytics_incremental_etl_pipeline_v2' AIRFLOW_CTX_TASK_ID='silver_cleaning' AIRFLOW_CTX_EXECUTION_DATE='2026-01-03T00:00:00+00:00' AIRFLOW_CTX_TRY_NUMBER='1' AIRFLOW_CTX_DAG_RUN_ID='scheduled__2026-01-03T00:00:00+00:00'
[2026-01-04T06:18:50.103+0000] {logging_mixin.py:190} INFO - Task instance is in running state
[2026-01-04T06:18:50.104+0000] {logging_mixin.py:190} INFO -  Previous state of the Task instance: queued
[2026-01-04T06:18:50.105+0000] {logging_mixin.py:190} INFO - Current task name:silver_cleaning state:running start_date:2026-01-04 06:18:49.776372+00:00
[2026-01-04T06:18:50.105+0000] {logging_mixin.py:190} INFO - Dag name:stock_analytics_incremental_etl_pipeline_v2 and current dag run status:running
[2026-01-04T06:18:50.106+0000] {taskinstance.py:731} INFO - ::endgroup::
[2026-01-04T06:18:50.108+0000] {subprocess.py:63} INFO - Tmp dir root location: /tmp
[2026-01-04T06:18:50.109+0000] {subprocess.py:75} INFO - Running command: ['/usr/bin/bash', '-c', 'python /opt/***/project/scripts/clean_transform.py']
[2026-01-04T06:18:50.125+0000] {subprocess.py:86} INFO - Output:
[2026-01-04T06:18:51.825+0000] {subprocess.py:97} INFO - Command exited with return code 0
[2026-01-04T06:18:51.856+0000] {taskinstance.py:340} INFO - ::group::Post task execution logs
[2026-01-04T06:18:51.857+0000] {taskinstance.py:352} INFO - Marking task as SUCCESS. dag_id=stock_analytics_incremental_etl_pipeline_v2, task_id=silver_cleaning, run_id=scheduled__2026-01-03T00:00:00+00:00, execution_date=20260103T000000, start_date=20260104T061849, end_date=20260104T061851
[2026-01-04T06:18:51.870+0000] {logging_mixin.py:190} INFO - Task instance in success state
[2026-01-04T06:18:51.871+0000] {logging_mixin.py:190} INFO -  Previous state of the Task instance: running
[2026-01-04T06:18:51.872+0000] {logging_mixin.py:190} INFO - Dag name:stock_analytics_incremental_etl_pipeline_v2 queued_at:2026-01-04 06:18:27.989548+00:00
[2026-01-04T06:18:51.873+0000] {logging_mixin.py:190} INFO - Task hostname:b5f3b83aa317 operator:BashOperator
[2026-01-04T06:18:51.905+0000] {local_task_job_runner.py:261} INFO - Task exited with return code 0
[2026-01-04T06:18:51.963+0000] {taskinstance.py:3891} INFO - 1 downstream tasks scheduled from follow-on schedule check
[2026-01-04T06:18:51.967+0000] {local_task_job_runner.py:240} INFO - ::endgroup::
