[2026-01-06T06:28:07.576+0000] {local_task_job_runner.py:123} INFO - ::group::Pre task execution logs
[2026-01-06T06:28:07.647+0000] {taskinstance.py:2603} INFO - Dependencies all met for dep_context=non-requeueable deps ti=<TaskInstance: stock_analytics_incremental_etl_pipeline_v2.update_last_run_time scheduled__2026-01-05T00:00:00+00:00 [queued]>
[2026-01-06T06:28:07.694+0000] {taskinstance.py:2603} INFO - Dependencies all met for dep_context=requeueable deps ti=<TaskInstance: stock_analytics_incremental_etl_pipeline_v2.update_last_run_time scheduled__2026-01-05T00:00:00+00:00 [queued]>
[2026-01-06T06:28:07.696+0000] {taskinstance.py:2856} INFO - Starting attempt 1 of 3
[2026-01-06T06:28:07.743+0000] {taskinstance.py:2879} INFO - Executing <Task(PythonOperator): update_last_run_time> on 2026-01-05 00:00:00+00:00
[2026-01-06T06:28:07.769+0000] {warnings.py:112} WARNING - /home/***/.local/lib/python3.12/site-packages/***/task/task_runner/standard_task_runner.py:70: DeprecationWarning: This process (pid=162) is multi-threaded, use of fork() may lead to deadlocks in the child.
  pid = os.fork()

[2026-01-06T06:28:07.775+0000] {standard_task_runner.py:72} INFO - Started process 164 to run task
[2026-01-06T06:28:07.783+0000] {standard_task_runner.py:104} INFO - Running: ['***', 'tasks', 'run', 'stock_analytics_incremental_etl_pipeline_v2', 'update_last_run_time', 'scheduled__2026-01-05T00:00:00+00:00', '--job-id', '33', '--raw', '--subdir', 'DAGS_FOLDER/stock_analytics_etl_dag.py', '--cfg-path', '/tmp/tmpk_lk8y8v']
[2026-01-06T06:28:07.790+0000] {standard_task_runner.py:105} INFO - Job 33: Subtask update_last_run_time
[2026-01-06T06:28:08.025+0000] {task_command.py:467} INFO - Running <TaskInstance: stock_analytics_incremental_etl_pipeline_v2.update_last_run_time scheduled__2026-01-05T00:00:00+00:00 [running]> on host 069e12759471
[2026-01-06T06:28:08.573+0000] {taskinstance.py:3122} INFO - Exporting env vars: AIRFLOW_CTX_DAG_EMAIL='pranathi2314@gmail.com' AIRFLOW_CTX_DAG_OWNER='***' AIRFLOW_CTX_DAG_ID='stock_analytics_incremental_etl_pipeline_v2' AIRFLOW_CTX_TASK_ID='update_last_run_time' AIRFLOW_CTX_EXECUTION_DATE='2026-01-05T00:00:00+00:00' AIRFLOW_CTX_TRY_NUMBER='1' AIRFLOW_CTX_DAG_RUN_ID='scheduled__2026-01-05T00:00:00+00:00'
[2026-01-06T06:28:08.589+0000] {logging_mixin.py:190} INFO - Task instance is in running state
[2026-01-06T06:28:08.620+0000] {logging_mixin.py:190} INFO -  Previous state of the Task instance: queued
[2026-01-06T06:28:08.670+0000] {logging_mixin.py:190} INFO - Current task name:update_last_run_time state:running start_date:2026-01-06 06:28:07.652306+00:00
[2026-01-06T06:28:08.707+0000] {logging_mixin.py:190} INFO - Dag name:stock_analytics_incremental_etl_pipeline_v2 and current dag run status:running
[2026-01-06T06:28:08.738+0000] {taskinstance.py:731} INFO - ::endgroup::
[2026-01-06T06:28:08.806+0000] {crypto.py:82} WARNING - empty cryptography key - values will not be stored encrypted.
[2026-01-06T06:28:08.872+0000] {stock_analytics_etl_dag.py:50} INFO - Updated last successful run timestamp
[2026-01-06T06:28:08.891+0000] {python.py:240} INFO - Done. Returned value was: None
[2026-01-06T06:28:08.955+0000] {taskinstance.py:340} INFO - ::group::Post task execution logs
[2026-01-06T06:28:08.970+0000] {taskinstance.py:352} INFO - Marking task as SUCCESS. dag_id=stock_analytics_incremental_etl_pipeline_v2, task_id=update_last_run_time, run_id=scheduled__2026-01-05T00:00:00+00:00, execution_date=20260105T000000, start_date=20260106T062807, end_date=20260106T062808
[2026-01-06T06:28:09.048+0000] {logging_mixin.py:190} INFO - Task instance in success state
[2026-01-06T06:28:09.098+0000] {logging_mixin.py:190} INFO -  Previous state of the Task instance: running
[2026-01-06T06:28:09.099+0000] {logging_mixin.py:190} INFO - Dag name:stock_analytics_incremental_etl_pipeline_v2 queued_at:2026-01-06 06:26:02.280601+00:00
[2026-01-06T06:28:09.101+0000] {logging_mixin.py:190} INFO - Task hostname:069e12759471 operator:PythonOperator
[2026-01-06T06:28:09.141+0000] {local_task_job_runner.py:261} INFO - Task exited with return code 0
[2026-01-06T06:28:09.223+0000] {taskinstance.py:3891} INFO - 0 downstream tasks scheduled from follow-on schedule check
[2026-01-06T06:28:09.314+0000] {local_task_job_runner.py:240} INFO - ::endgroup::
[2026-01-06T08:27:26.086+0000] {local_task_job_runner.py:123} INFO - ::group::Pre task execution logs
[2026-01-06T08:27:26.254+0000] {taskinstance.py:2603} INFO - Dependencies all met for dep_context=non-requeueable deps ti=<TaskInstance: stock_analytics_incremental_etl_pipeline_v2.update_last_run_time scheduled__2026-01-05T00:00:00+00:00 [queued]>
[2026-01-06T08:27:26.311+0000] {taskinstance.py:2603} INFO - Dependencies all met for dep_context=requeueable deps ti=<TaskInstance: stock_analytics_incremental_etl_pipeline_v2.update_last_run_time scheduled__2026-01-05T00:00:00+00:00 [queued]>
[2026-01-06T08:27:26.318+0000] {taskinstance.py:2856} INFO - Starting attempt 1 of 3
[2026-01-06T08:27:26.378+0000] {taskinstance.py:2879} INFO - Executing <Task(PythonOperator): update_last_run_time> on 2026-01-05 00:00:00+00:00
[2026-01-06T08:27:26.442+0000] {warnings.py:112} WARNING - /home/***/.local/lib/python3.12/site-packages/***/task/task_runner/standard_task_runner.py:70: DeprecationWarning: This process (pid=221) is multi-threaded, use of fork() may lead to deadlocks in the child.
  pid = os.fork()

[2026-01-06T08:27:26.460+0000] {standard_task_runner.py:72} INFO - Started process 230 to run task
[2026-01-06T08:27:26.458+0000] {standard_task_runner.py:104} INFO - Running: ['***', 'tasks', 'run', 'stock_analytics_incremental_etl_pipeline_v2', 'update_last_run_time', 'scheduled__2026-01-05T00:00:00+00:00', '--job-id', '60', '--raw', '--subdir', 'DAGS_FOLDER/stock_analytics_etl_dag.py', '--cfg-path', '/tmp/tmpvplhhfgv']
[2026-01-06T08:27:26.474+0000] {standard_task_runner.py:105} INFO - Job 60: Subtask update_last_run_time
[2026-01-06T08:27:26.774+0000] {task_command.py:467} INFO - Running <TaskInstance: stock_analytics_incremental_etl_pipeline_v2.update_last_run_time scheduled__2026-01-05T00:00:00+00:00 [running]> on host c895101612a9
[2026-01-06T08:27:27.162+0000] {taskinstance.py:3122} INFO - Exporting env vars: AIRFLOW_CTX_DAG_EMAIL='pranathi2314@gmail.com' AIRFLOW_CTX_DAG_OWNER='***' AIRFLOW_CTX_DAG_ID='stock_analytics_incremental_etl_pipeline_v2' AIRFLOW_CTX_TASK_ID='update_last_run_time' AIRFLOW_CTX_EXECUTION_DATE='2026-01-05T00:00:00+00:00' AIRFLOW_CTX_TRY_NUMBER='1' AIRFLOW_CTX_DAG_RUN_ID='scheduled__2026-01-05T00:00:00+00:00'
[2026-01-06T08:27:27.171+0000] {logging_mixin.py:190} INFO - Task instance is in running state
[2026-01-06T08:27:27.172+0000] {logging_mixin.py:190} INFO -  Previous state of the Task instance: queued
[2026-01-06T08:27:27.173+0000] {logging_mixin.py:190} INFO - Current task name:update_last_run_time state:running start_date:2026-01-06 08:27:26.260380+00:00
[2026-01-06T08:27:27.175+0000] {logging_mixin.py:190} INFO - Dag name:stock_analytics_incremental_etl_pipeline_v2 and current dag run status:running
[2026-01-06T08:27:27.176+0000] {taskinstance.py:731} INFO - ::endgroup::
[2026-01-06T08:27:27.201+0000] {crypto.py:82} WARNING - empty cryptography key - values will not be stored encrypted.
[2026-01-06T08:27:27.213+0000] {stock_analytics_etl_dag.py:46} INFO - Updated last successful run timestamp
[2026-01-06T08:27:27.218+0000] {python.py:240} INFO - Done. Returned value was: None
[2026-01-06T08:27:27.252+0000] {taskinstance.py:340} INFO - ::group::Post task execution logs
[2026-01-06T08:27:27.254+0000] {taskinstance.py:352} INFO - Marking task as SUCCESS. dag_id=stock_analytics_incremental_etl_pipeline_v2, task_id=update_last_run_time, run_id=scheduled__2026-01-05T00:00:00+00:00, execution_date=20260105T000000, start_date=20260106T082726, end_date=20260106T082727
[2026-01-06T08:27:27.282+0000] {logging_mixin.py:190} INFO - Task instance in success state
[2026-01-06T08:27:27.284+0000] {logging_mixin.py:190} INFO -  Previous state of the Task instance: running
[2026-01-06T08:27:27.285+0000] {logging_mixin.py:190} INFO - Dag name:stock_analytics_incremental_etl_pipeline_v2 queued_at:2026-01-06 08:15:13.163614+00:00
[2026-01-06T08:27:27.287+0000] {logging_mixin.py:190} INFO - Task hostname:c895101612a9 operator:PythonOperator
[2026-01-06T08:27:27.359+0000] {local_task_job_runner.py:261} INFO - Task exited with return code 0
[2026-01-06T08:27:27.410+0000] {taskinstance.py:3891} INFO - 0 downstream tasks scheduled from follow-on schedule check
[2026-01-06T08:27:27.424+0000] {local_task_job_runner.py:240} INFO - ::endgroup::
[2026-01-06T09:31:31.725+0000] {local_task_job_runner.py:123} INFO - ::group::Pre task execution logs
[2026-01-06T09:31:31.745+0000] {taskinstance.py:2603} INFO - Dependencies all met for dep_context=non-requeueable deps ti=<TaskInstance: stock_analytics_incremental_etl_pipeline_v2.update_last_run_time scheduled__2026-01-05T00:00:00+00:00 [queued]>
[2026-01-06T09:31:31.756+0000] {taskinstance.py:2603} INFO - Dependencies all met for dep_context=requeueable deps ti=<TaskInstance: stock_analytics_incremental_etl_pipeline_v2.update_last_run_time scheduled__2026-01-05T00:00:00+00:00 [queued]>
[2026-01-06T09:31:31.757+0000] {taskinstance.py:2856} INFO - Starting attempt 1 of 3
[2026-01-06T09:31:31.772+0000] {taskinstance.py:2879} INFO - Executing <Task(PythonOperator): update_last_run_time> on 2026-01-05 00:00:00+00:00
[2026-01-06T09:31:31.781+0000] {warnings.py:112} WARNING - /home/***/.local/lib/python3.12/site-packages/***/task/task_runner/standard_task_runner.py:70: DeprecationWarning: This process (pid=253) is multi-threaded, use of fork() may lead to deadlocks in the child.
  pid = os.fork()

[2026-01-06T09:31:31.784+0000] {standard_task_runner.py:72} INFO - Started process 255 to run task
[2026-01-06T09:31:31.784+0000] {standard_task_runner.py:104} INFO - Running: ['***', 'tasks', 'run', 'stock_analytics_incremental_etl_pipeline_v2', 'update_last_run_time', 'scheduled__2026-01-05T00:00:00+00:00', '--job-id', '72', '--raw', '--subdir', 'DAGS_FOLDER/stock_analytics_etl_dag.py', '--cfg-path', '/tmp/tmp6ba99b1l']
[2026-01-06T09:31:31.786+0000] {standard_task_runner.py:105} INFO - Job 72: Subtask update_last_run_time
[2026-01-06T09:31:31.882+0000] {task_command.py:467} INFO - Running <TaskInstance: stock_analytics_incremental_etl_pipeline_v2.update_last_run_time scheduled__2026-01-05T00:00:00+00:00 [running]> on host 6a3940ac9286
[2026-01-06T09:31:31.984+0000] {taskinstance.py:3122} INFO - Exporting env vars: AIRFLOW_CTX_DAG_EMAIL='pranathi2314@gmail.com' AIRFLOW_CTX_DAG_OWNER='***' AIRFLOW_CTX_DAG_ID='stock_analytics_incremental_etl_pipeline_v2' AIRFLOW_CTX_TASK_ID='update_last_run_time' AIRFLOW_CTX_EXECUTION_DATE='2026-01-05T00:00:00+00:00' AIRFLOW_CTX_TRY_NUMBER='1' AIRFLOW_CTX_DAG_RUN_ID='scheduled__2026-01-05T00:00:00+00:00'
[2026-01-06T09:31:31.986+0000] {logging_mixin.py:190} INFO - Task instance is in running state
[2026-01-06T09:31:31.987+0000] {logging_mixin.py:190} INFO -  Previous state of the Task instance: queued
[2026-01-06T09:31:31.988+0000] {logging_mixin.py:190} INFO - Current task name:update_last_run_time state:running start_date:2026-01-06 09:31:31.746284+00:00
[2026-01-06T09:31:31.989+0000] {logging_mixin.py:190} INFO - Dag name:stock_analytics_incremental_etl_pipeline_v2 and current dag run status:running
[2026-01-06T09:31:31.989+0000] {taskinstance.py:731} INFO - ::endgroup::
[2026-01-06T09:31:32.000+0000] {crypto.py:82} WARNING - empty cryptography key - values will not be stored encrypted.
[2026-01-06T09:31:32.005+0000] {stock_analytics_etl_dag.py:49} INFO - Updated last successful run timestamp
[2026-01-06T09:31:32.006+0000] {python.py:240} INFO - Done. Returned value was: None
[2026-01-06T09:31:32.019+0000] {taskinstance.py:340} INFO - ::group::Post task execution logs
[2026-01-06T09:31:32.020+0000] {taskinstance.py:352} INFO - Marking task as SUCCESS. dag_id=stock_analytics_incremental_etl_pipeline_v2, task_id=update_last_run_time, run_id=scheduled__2026-01-05T00:00:00+00:00, execution_date=20260105T000000, start_date=20260106T093131, end_date=20260106T093132
[2026-01-06T09:31:32.032+0000] {logging_mixin.py:190} INFO - Task instance in success state
[2026-01-06T09:31:32.033+0000] {logging_mixin.py:190} INFO -  Previous state of the Task instance: running
[2026-01-06T09:31:32.034+0000] {logging_mixin.py:190} INFO - Dag name:stock_analytics_incremental_etl_pipeline_v2 queued_at:2026-01-06 09:29:26.069171+00:00
[2026-01-06T09:31:32.034+0000] {logging_mixin.py:190} INFO - Task hostname:6a3940ac9286 operator:PythonOperator
[2026-01-06T09:31:32.082+0000] {local_task_job_runner.py:261} INFO - Task exited with return code 0
[2026-01-06T09:31:32.112+0000] {taskinstance.py:3891} INFO - 0 downstream tasks scheduled from follow-on schedule check
[2026-01-06T09:31:32.116+0000] {local_task_job_runner.py:240} INFO - ::endgroup::
