[2026-01-04T05:12:20.945+0000] {local_task_job_runner.py:123} INFO - ::group::Pre task execution logs
[2026-01-04T05:12:20.963+0000] {taskinstance.py:2603} INFO - Dependencies all met for dep_context=non-requeueable deps ti=<TaskInstance: stock_analytics_incremental_etl_pipeline_v2.check_incremental_data manual__2026-01-04T05:12:14.708162+00:00 [queued]>
[2026-01-04T05:12:20.972+0000] {taskinstance.py:2603} INFO - Dependencies all met for dep_context=requeueable deps ti=<TaskInstance: stock_analytics_incremental_etl_pipeline_v2.check_incremental_data manual__2026-01-04T05:12:14.708162+00:00 [queued]>
[2026-01-04T05:12:20.979+0000] {taskinstance.py:2856} INFO - Starting attempt 1 of 3
[2026-01-04T05:12:20.999+0000] {taskinstance.py:2879} INFO - Executing <Task(PythonOperator): check_incremental_data> on 2026-01-04 05:12:14.708162+00:00
[2026-01-04T05:12:21.011+0000] {warnings.py:112} WARNING - /home/***/.local/lib/python3.12/site-packages/***/task/task_runner/standard_task_runner.py:70: DeprecationWarning: This process (pid=147) is multi-threaded, use of fork() may lead to deadlocks in the child.
  pid = os.fork()

[2026-01-04T05:12:21.015+0000] {standard_task_runner.py:72} INFO - Started process 149 to run task
[2026-01-04T05:12:21.014+0000] {standard_task_runner.py:104} INFO - Running: ['***', 'tasks', 'run', 'stock_analytics_incremental_etl_pipeline_v2', 'check_incremental_data', 'manual__2026-01-04T05:12:14.708162+00:00', '--job-id', '331', '--raw', '--subdir', 'DAGS_FOLDER/stock_analytics_etl_dag.py', '--cfg-path', '/tmp/tmpkg2w_jn5']
[2026-01-04T05:12:21.016+0000] {standard_task_runner.py:105} INFO - Job 331: Subtask check_incremental_data
[2026-01-04T05:12:21.117+0000] {task_command.py:467} INFO - Running <TaskInstance: stock_analytics_incremental_etl_pipeline_v2.check_incremental_data manual__2026-01-04T05:12:14.708162+00:00 [running]> on host 8aefbc10c328
[2026-01-04T05:12:21.230+0000] {taskinstance.py:3122} INFO - Exporting env vars: AIRFLOW_CTX_DAG_OWNER='***' AIRFLOW_CTX_DAG_ID='stock_analytics_incremental_etl_pipeline_v2' AIRFLOW_CTX_TASK_ID='check_incremental_data' AIRFLOW_CTX_EXECUTION_DATE='2026-01-04T05:12:14.708162+00:00' AIRFLOW_CTX_TRY_NUMBER='1' AIRFLOW_CTX_DAG_RUN_ID='manual__2026-01-04T05:12:14.708162+00:00'
[2026-01-04T05:12:21.233+0000] {logging_mixin.py:190} INFO - Task instance is in running state
[2026-01-04T05:12:21.234+0000] {logging_mixin.py:190} INFO -  Previous state of the Task instance: queued
[2026-01-04T05:12:21.235+0000] {logging_mixin.py:190} INFO - Current task name:check_incremental_data state:running start_date:2026-01-04 05:12:20.964115+00:00
[2026-01-04T05:12:21.236+0000] {logging_mixin.py:190} INFO - Dag name:stock_analytics_incremental_etl_pipeline_v2 and current dag run status:running
[2026-01-04T05:12:21.237+0000] {taskinstance.py:731} INFO - ::endgroup::
[2026-01-04T05:12:21.307+0000] {python.py:240} INFO - Done. Returned value was: None
[2026-01-04T05:12:21.327+0000] {taskinstance.py:340} INFO - ::group::Post task execution logs
[2026-01-04T05:12:21.328+0000] {taskinstance.py:352} INFO - Marking task as SUCCESS. dag_id=stock_analytics_incremental_etl_pipeline_v2, task_id=check_incremental_data, run_id=manual__2026-01-04T05:12:14.708162+00:00, execution_date=20260104T051214, start_date=20260104T051220, end_date=20260104T051221
[2026-01-04T05:12:21.342+0000] {logging_mixin.py:190} INFO - Task instance in success state
[2026-01-04T05:12:21.345+0000] {logging_mixin.py:190} INFO -  Previous state of the Task instance: running
[2026-01-04T05:12:21.346+0000] {logging_mixin.py:190} INFO - Dag name:stock_analytics_incremental_etl_pipeline_v2 queued_at:2026-01-04 05:12:14.727492+00:00
[2026-01-04T05:12:21.347+0000] {logging_mixin.py:190} INFO - Task hostname:8aefbc10c328 operator:PythonOperator
[2026-01-04T05:12:21.393+0000] {local_task_job_runner.py:261} INFO - Task exited with return code 0
[2026-01-04T05:12:21.426+0000] {taskinstance.py:3891} INFO - 1 downstream tasks scheduled from follow-on schedule check
[2026-01-04T05:12:21.430+0000] {local_task_job_runner.py:240} INFO - ::endgroup::
