[2026-01-04T06:00:35.136+0000] {local_task_job_runner.py:123} INFO - ::group::Pre task execution logs
[2026-01-04T06:00:35.176+0000] {taskinstance.py:2603} INFO - Dependencies all met for dep_context=non-requeueable deps ti=<TaskInstance: stock_analytics_incremental_etl_pipeline_v2.bronze_ingestion manual__2026-01-04T06:00:14.652585+00:00 [queued]>
[2026-01-04T06:00:35.205+0000] {taskinstance.py:2603} INFO - Dependencies all met for dep_context=requeueable deps ti=<TaskInstance: stock_analytics_incremental_etl_pipeline_v2.bronze_ingestion manual__2026-01-04T06:00:14.652585+00:00 [queued]>
[2026-01-04T06:00:35.210+0000] {taskinstance.py:2856} INFO - Starting attempt 1 of 1
[2026-01-04T06:00:35.270+0000] {taskinstance.py:2879} INFO - Executing <Task(BashOperator): bronze_ingestion> on 2026-01-04 06:00:14.652585+00:00
[2026-01-04T06:00:35.311+0000] {warnings.py:112} WARNING - /home/***/.local/lib/python3.12/site-packages/***/task/task_runner/standard_task_runner.py:70: DeprecationWarning: This process (pid=133) is multi-threaded, use of fork() may lead to deadlocks in the child.
  pid = os.fork()

[2026-01-04T06:00:35.316+0000] {standard_task_runner.py:72} INFO - Started process 139 to run task
[2026-01-04T06:00:35.330+0000] {standard_task_runner.py:104} INFO - Running: ['***', 'tasks', 'run', 'stock_analytics_incremental_etl_pipeline_v2', 'bronze_ingestion', 'manual__2026-01-04T06:00:14.652585+00:00', '--job-id', '6', '--raw', '--subdir', 'DAGS_FOLDER/stock_analytics_etl_dag.py', '--cfg-path', '/tmp/tmpzpp0fklk']
[2026-01-04T06:00:35.334+0000] {standard_task_runner.py:105} INFO - Job 6: Subtask bronze_ingestion
[2026-01-04T06:00:35.561+0000] {task_command.py:467} INFO - Running <TaskInstance: stock_analytics_incremental_etl_pipeline_v2.bronze_ingestion manual__2026-01-04T06:00:14.652585+00:00 [running]> on host 6f227fe6d49b
[2026-01-04T06:00:35.831+0000] {taskinstance.py:3122} INFO - Exporting env vars: AIRFLOW_CTX_DAG_EMAIL='pranathi2314@gmail.com' AIRFLOW_CTX_DAG_OWNER='***' AIRFLOW_CTX_DAG_ID='stock_analytics_incremental_etl_pipeline_v2' AIRFLOW_CTX_TASK_ID='bronze_ingestion' AIRFLOW_CTX_EXECUTION_DATE='2026-01-04T06:00:14.652585+00:00' AIRFLOW_CTX_TRY_NUMBER='1' AIRFLOW_CTX_DAG_RUN_ID='manual__2026-01-04T06:00:14.652585+00:00'
[2026-01-04T06:00:35.836+0000] {logging_mixin.py:190} INFO - Task instance is in running state
[2026-01-04T06:00:35.837+0000] {logging_mixin.py:190} INFO -  Previous state of the Task instance: queued
[2026-01-04T06:00:35.841+0000] {logging_mixin.py:190} INFO - Current task name:bronze_ingestion state:running start_date:2026-01-04 06:00:35.177686+00:00
[2026-01-04T06:00:35.842+0000] {logging_mixin.py:190} INFO - Dag name:stock_analytics_incremental_etl_pipeline_v2 and current dag run status:running
[2026-01-04T06:00:35.843+0000] {taskinstance.py:731} INFO - ::endgroup::
[2026-01-04T06:00:35.846+0000] {subprocess.py:63} INFO - Tmp dir root location: /tmp
[2026-01-04T06:00:35.849+0000] {subprocess.py:75} INFO - Running command: ['/usr/bin/bash', '-c', 'python /opt/***/project/Data/Bronze/bronze_layer.py']
[2026-01-04T06:00:35.884+0000] {subprocess.py:86} INFO - Output:
[2026-01-04T06:00:37.264+0000] {subprocess.py:97} INFO - Command exited with return code 0
[2026-01-04T06:00:37.347+0000] {taskinstance.py:340} INFO - ::group::Post task execution logs
[2026-01-04T06:00:37.349+0000] {taskinstance.py:352} INFO - Marking task as SUCCESS. dag_id=stock_analytics_incremental_etl_pipeline_v2, task_id=bronze_ingestion, run_id=manual__2026-01-04T06:00:14.652585+00:00, execution_date=20260104T060014, start_date=20260104T060035, end_date=20260104T060037
[2026-01-04T06:00:37.394+0000] {logging_mixin.py:190} INFO - Task instance in success state
[2026-01-04T06:00:37.395+0000] {logging_mixin.py:190} INFO -  Previous state of the Task instance: running
[2026-01-04T06:00:37.396+0000] {logging_mixin.py:190} INFO - Dag name:stock_analytics_incremental_etl_pipeline_v2 queued_at:2026-01-04 06:00:14.686451+00:00
[2026-01-04T06:00:37.403+0000] {logging_mixin.py:190} INFO - Task hostname:6f227fe6d49b operator:BashOperator
[2026-01-04T06:00:37.467+0000] {local_task_job_runner.py:261} INFO - Task exited with return code 0
[2026-01-04T06:00:37.576+0000] {taskinstance.py:3891} INFO - 1 downstream tasks scheduled from follow-on schedule check
[2026-01-04T06:00:37.592+0000] {local_task_job_runner.py:240} INFO - ::endgroup::
