[2026-01-04T06:18:49.717+0000] {local_task_job_runner.py:123} INFO - ::group::Pre task execution logs
[2026-01-04T06:18:49.756+0000] {taskinstance.py:2603} INFO - Dependencies all met for dep_context=non-requeueable deps ti=<TaskInstance: stock_analytics_incremental_etl_pipeline_v2.silver_cleaning manual__2026-01-04T06:18:27.095013+00:00 [queued]>
[2026-01-04T06:18:49.775+0000] {taskinstance.py:2603} INFO - Dependencies all met for dep_context=requeueable deps ti=<TaskInstance: stock_analytics_incremental_etl_pipeline_v2.silver_cleaning manual__2026-01-04T06:18:27.095013+00:00 [queued]>
[2026-01-04T06:18:49.781+0000] {taskinstance.py:2856} INFO - Starting attempt 1 of 3
[2026-01-04T06:18:49.816+0000] {taskinstance.py:2879} INFO - Executing <Task(BashOperator): silver_cleaning> on 2026-01-04 06:18:27.095013+00:00
[2026-01-04T06:18:49.837+0000] {warnings.py:112} WARNING - /home/***/.local/lib/python3.12/site-packages/***/task/task_runner/standard_task_runner.py:70: DeprecationWarning: This process (pid=144) is multi-threaded, use of fork() may lead to deadlocks in the child.
  pid = os.fork()

[2026-01-04T06:18:49.841+0000] {standard_task_runner.py:72} INFO - Started process 148 to run task
[2026-01-04T06:18:49.841+0000] {standard_task_runner.py:104} INFO - Running: ['***', 'tasks', 'run', 'stock_analytics_incremental_etl_pipeline_v2', 'silver_cleaning', 'manual__2026-01-04T06:18:27.095013+00:00', '--job-id', '7', '--raw', '--subdir', 'DAGS_FOLDER/stock_analytics_etl_dag.py', '--cfg-path', '/tmp/tmp8e5s_kql']
[2026-01-04T06:18:49.846+0000] {standard_task_runner.py:105} INFO - Job 7: Subtask silver_cleaning
[2026-01-04T06:18:49.978+0000] {task_command.py:467} INFO - Running <TaskInstance: stock_analytics_incremental_etl_pipeline_v2.silver_cleaning manual__2026-01-04T06:18:27.095013+00:00 [running]> on host b5f3b83aa317
[2026-01-04T06:18:50.095+0000] {taskinstance.py:3122} INFO - Exporting env vars: AIRFLOW_CTX_DAG_EMAIL='pranathi2314@gmail.com' AIRFLOW_CTX_DAG_OWNER='***' AIRFLOW_CTX_DAG_ID='stock_analytics_incremental_etl_pipeline_v2' AIRFLOW_CTX_TASK_ID='silver_cleaning' AIRFLOW_CTX_EXECUTION_DATE='2026-01-04T06:18:27.095013+00:00' AIRFLOW_CTX_TRY_NUMBER='1' AIRFLOW_CTX_DAG_RUN_ID='manual__2026-01-04T06:18:27.095013+00:00'
[2026-01-04T06:18:50.097+0000] {logging_mixin.py:190} INFO - Task instance is in running state
[2026-01-04T06:18:50.098+0000] {logging_mixin.py:190} INFO -  Previous state of the Task instance: queued
[2026-01-04T06:18:50.099+0000] {logging_mixin.py:190} INFO - Current task name:silver_cleaning state:running start_date:2026-01-04 06:18:49.757816+00:00
[2026-01-04T06:18:50.100+0000] {logging_mixin.py:190} INFO - Dag name:stock_analytics_incremental_etl_pipeline_v2 and current dag run status:running
[2026-01-04T06:18:50.101+0000] {taskinstance.py:731} INFO - ::endgroup::
[2026-01-04T06:18:50.103+0000] {subprocess.py:63} INFO - Tmp dir root location: /tmp
[2026-01-04T06:18:50.105+0000] {subprocess.py:75} INFO - Running command: ['/usr/bin/bash', '-c', 'python /opt/***/project/scripts/clean_transform.py']
[2026-01-04T06:18:50.120+0000] {subprocess.py:86} INFO - Output:
[2026-01-04T06:18:52.022+0000] {subprocess.py:97} INFO - Command exited with return code 0
[2026-01-04T06:18:52.059+0000] {taskinstance.py:340} INFO - ::group::Post task execution logs
[2026-01-04T06:18:52.061+0000] {taskinstance.py:352} INFO - Marking task as SUCCESS. dag_id=stock_analytics_incremental_etl_pipeline_v2, task_id=silver_cleaning, run_id=manual__2026-01-04T06:18:27.095013+00:00, execution_date=20260104T061827, start_date=20260104T061849, end_date=20260104T061852
[2026-01-04T06:18:52.075+0000] {logging_mixin.py:190} INFO - Task instance in success state
[2026-01-04T06:18:52.076+0000] {logging_mixin.py:190} INFO -  Previous state of the Task instance: running
[2026-01-04T06:18:52.077+0000] {logging_mixin.py:190} INFO - Dag name:stock_analytics_incremental_etl_pipeline_v2 queued_at:2026-01-04 06:18:27.123297+00:00
[2026-01-04T06:18:52.078+0000] {logging_mixin.py:190} INFO - Task hostname:b5f3b83aa317 operator:BashOperator
[2026-01-04T06:18:52.118+0000] {local_task_job_runner.py:261} INFO - Task exited with return code 0
[2026-01-04T06:18:52.152+0000] {taskinstance.py:3891} INFO - 1 downstream tasks scheduled from follow-on schedule check
[2026-01-04T06:18:52.161+0000] {local_task_job_runner.py:240} INFO - ::endgroup::
