[2026-01-04T05:06:04.253+0000] {local_task_job_runner.py:123} INFO - ::group::Pre task execution logs
[2026-01-04T05:06:04.293+0000] {taskinstance.py:2603} INFO - Dependencies all met for dep_context=non-requeueable deps ti=<TaskInstance: stock_analytics_incremental_etl_pipeline_v2.check_incremental_data scheduled__2026-01-03T00:00:00+00:00 [queued]>
[2026-01-04T05:06:04.313+0000] {taskinstance.py:2603} INFO - Dependencies all met for dep_context=requeueable deps ti=<TaskInstance: stock_analytics_incremental_etl_pipeline_v2.check_incremental_data scheduled__2026-01-03T00:00:00+00:00 [queued]>
[2026-01-04T05:06:04.317+0000] {taskinstance.py:2856} INFO - Starting attempt 1 of 3
[2026-01-04T05:06:04.363+0000] {taskinstance.py:2879} INFO - Executing <Task(PythonOperator): check_incremental_data> on 2026-01-03 00:00:00+00:00
[2026-01-04T05:06:04.389+0000] {warnings.py:112} WARNING - /home/***/.local/lib/python3.12/site-packages/***/task/task_runner/standard_task_runner.py:70: DeprecationWarning: This process (pid=86) is multi-threaded, use of fork() may lead to deadlocks in the child.
  pid = os.fork()

[2026-01-04T05:06:04.395+0000] {standard_task_runner.py:72} INFO - Started process 88 to run task
[2026-01-04T05:06:04.395+0000] {standard_task_runner.py:104} INFO - Running: ['***', 'tasks', 'run', 'stock_analytics_incremental_etl_pipeline_v2', 'check_incremental_data', 'scheduled__2026-01-03T00:00:00+00:00', '--job-id', '325', '--raw', '--subdir', 'DAGS_FOLDER/stock_analytics_etl_dag.py', '--cfg-path', '/tmp/tmpjlywjrds']
[2026-01-04T05:06:04.398+0000] {standard_task_runner.py:105} INFO - Job 325: Subtask check_incremental_data
[2026-01-04T05:06:04.550+0000] {task_command.py:467} INFO - Running <TaskInstance: stock_analytics_incremental_etl_pipeline_v2.check_incremental_data scheduled__2026-01-03T00:00:00+00:00 [running]> on host 051934cfc0a4
[2026-01-04T05:06:04.794+0000] {taskinstance.py:3122} INFO - Exporting env vars: AIRFLOW_CTX_DAG_OWNER='***' AIRFLOW_CTX_DAG_ID='stock_analytics_incremental_etl_pipeline_v2' AIRFLOW_CTX_TASK_ID='check_incremental_data' AIRFLOW_CTX_EXECUTION_DATE='2026-01-03T00:00:00+00:00' AIRFLOW_CTX_TRY_NUMBER='1' AIRFLOW_CTX_DAG_RUN_ID='scheduled__2026-01-03T00:00:00+00:00'
[2026-01-04T05:06:04.799+0000] {logging_mixin.py:190} INFO - Task instance is in running state
[2026-01-04T05:06:04.800+0000] {logging_mixin.py:190} INFO -  Previous state of the Task instance: queued
[2026-01-04T05:06:04.802+0000] {logging_mixin.py:190} INFO - Current task name:check_incremental_data state:running start_date:2026-01-04 05:06:04.294728+00:00
[2026-01-04T05:06:04.803+0000] {logging_mixin.py:190} INFO - Dag name:stock_analytics_incremental_etl_pipeline_v2 and current dag run status:running
[2026-01-04T05:06:04.804+0000] {taskinstance.py:731} INFO - ::endgroup::
[2026-01-04T05:06:04.874+0000] {python.py:240} INFO - Done. Returned value was: None
[2026-01-04T05:06:04.897+0000] {taskinstance.py:340} INFO - ::group::Post task execution logs
[2026-01-04T05:06:04.898+0000] {taskinstance.py:352} INFO - Marking task as SUCCESS. dag_id=stock_analytics_incremental_etl_pipeline_v2, task_id=check_incremental_data, run_id=scheduled__2026-01-03T00:00:00+00:00, execution_date=20260103T000000, start_date=20260104T050604, end_date=20260104T050604
[2026-01-04T05:06:04.923+0000] {logging_mixin.py:190} INFO - Task instance in success state
[2026-01-04T05:06:04.924+0000] {logging_mixin.py:190} INFO -  Previous state of the Task instance: running
[2026-01-04T05:06:04.925+0000] {logging_mixin.py:190} INFO - Dag name:stock_analytics_incremental_etl_pipeline_v2 queued_at:2026-01-04 05:05:46.174260+00:00
[2026-01-04T05:06:04.926+0000] {logging_mixin.py:190} INFO - Task hostname:051934cfc0a4 operator:PythonOperator
[2026-01-04T05:06:04.977+0000] {local_task_job_runner.py:261} INFO - Task exited with return code 0
[2026-01-04T05:06:05.039+0000] {taskinstance.py:3891} INFO - 1 downstream tasks scheduled from follow-on schedule check
[2026-01-04T05:06:05.052+0000] {local_task_job_runner.py:240} INFO - ::endgroup::
[2026-01-04T06:00:26.508+0000] {local_task_job_runner.py:123} INFO - ::group::Pre task execution logs
[2026-01-04T06:00:26.573+0000] {taskinstance.py:2603} INFO - Dependencies all met for dep_context=non-requeueable deps ti=<TaskInstance: stock_analytics_incremental_etl_pipeline_v2.check_incremental_data scheduled__2026-01-03T00:00:00+00:00 [queued]>
[2026-01-04T06:00:26.597+0000] {taskinstance.py:2603} INFO - Dependencies all met for dep_context=requeueable deps ti=<TaskInstance: stock_analytics_incremental_etl_pipeline_v2.check_incremental_data scheduled__2026-01-03T00:00:00+00:00 [queued]>
[2026-01-04T06:00:26.601+0000] {taskinstance.py:2856} INFO - Starting attempt 1 of 1
[2026-01-04T06:00:26.657+0000] {taskinstance.py:2879} INFO - Executing <Task(PythonOperator): check_incremental_data> on 2026-01-03 00:00:00+00:00
[2026-01-04T06:00:26.680+0000] {warnings.py:112} WARNING - /home/***/.local/lib/python3.12/site-packages/***/task/task_runner/standard_task_runner.py:70: DeprecationWarning: This process (pid=118) is multi-threaded, use of fork() may lead to deadlocks in the child.
  pid = os.fork()

[2026-01-04T06:00:26.687+0000] {standard_task_runner.py:72} INFO - Started process 131 to run task
[2026-01-04T06:00:26.689+0000] {standard_task_runner.py:104} INFO - Running: ['***', 'tasks', 'run', 'stock_analytics_incremental_etl_pipeline_v2', 'check_incremental_data', 'scheduled__2026-01-03T00:00:00+00:00', '--job-id', '4', '--raw', '--subdir', 'DAGS_FOLDER/stock_analytics_etl_dag.py', '--cfg-path', '/tmp/tmptkwuhjik']
[2026-01-04T06:00:26.704+0000] {standard_task_runner.py:105} INFO - Job 4: Subtask check_incremental_data
[2026-01-04T06:00:26.961+0000] {task_command.py:467} INFO - Running <TaskInstance: stock_analytics_incremental_etl_pipeline_v2.check_incremental_data scheduled__2026-01-03T00:00:00+00:00 [running]> on host 6f227fe6d49b
[2026-01-04T06:00:27.253+0000] {taskinstance.py:3122} INFO - Exporting env vars: AIRFLOW_CTX_DAG_EMAIL='pranathi2314@gmail.com' AIRFLOW_CTX_DAG_OWNER='***' AIRFLOW_CTX_DAG_ID='stock_analytics_incremental_etl_pipeline_v2' AIRFLOW_CTX_TASK_ID='check_incremental_data' AIRFLOW_CTX_EXECUTION_DATE='2026-01-03T00:00:00+00:00' AIRFLOW_CTX_TRY_NUMBER='1' AIRFLOW_CTX_DAG_RUN_ID='scheduled__2026-01-03T00:00:00+00:00'
[2026-01-04T06:00:27.261+0000] {logging_mixin.py:190} INFO - Task instance is in running state
[2026-01-04T06:00:27.262+0000] {logging_mixin.py:190} INFO -  Previous state of the Task instance: queued
[2026-01-04T06:00:27.265+0000] {logging_mixin.py:190} INFO - Current task name:check_incremental_data state:running start_date:2026-01-04 06:00:26.574986+00:00
[2026-01-04T06:00:27.266+0000] {logging_mixin.py:190} INFO - Dag name:stock_analytics_incremental_etl_pipeline_v2 and current dag run status:running
[2026-01-04T06:00:27.267+0000] {taskinstance.py:731} INFO - ::endgroup::
[2026-01-04T06:00:27.354+0000] {stock_analytics_etl_dag.py:44} INFO - New data detected. ETL will run.
[2026-01-04T06:00:27.356+0000] {python.py:240} INFO - Done. Returned value was: None
[2026-01-04T06:00:27.377+0000] {taskinstance.py:340} INFO - ::group::Post task execution logs
[2026-01-04T06:00:27.379+0000] {taskinstance.py:352} INFO - Marking task as SUCCESS. dag_id=stock_analytics_incremental_etl_pipeline_v2, task_id=check_incremental_data, run_id=scheduled__2026-01-03T00:00:00+00:00, execution_date=20260103T000000, start_date=20260104T060026, end_date=20260104T060027
[2026-01-04T06:00:27.405+0000] {logging_mixin.py:190} INFO - Task instance in success state
[2026-01-04T06:00:27.406+0000] {logging_mixin.py:190} INFO -  Previous state of the Task instance: running
[2026-01-04T06:00:27.408+0000] {logging_mixin.py:190} INFO - Dag name:stock_analytics_incremental_etl_pipeline_v2 queued_at:2026-01-04 06:00:15.257717+00:00
[2026-01-04T06:00:27.409+0000] {logging_mixin.py:190} INFO - Task hostname:6f227fe6d49b operator:PythonOperator
[2026-01-04T06:00:27.452+0000] {local_task_job_runner.py:261} INFO - Task exited with return code 0
[2026-01-04T06:00:27.535+0000] {taskinstance.py:3891} INFO - 1 downstream tasks scheduled from follow-on schedule check
[2026-01-04T06:00:27.539+0000] {local_task_job_runner.py:240} INFO - ::endgroup::
[2026-01-04T06:05:25.677+0000] {local_task_job_runner.py:123} INFO - ::group::Pre task execution logs
[2026-01-04T06:05:25.696+0000] {taskinstance.py:2603} INFO - Dependencies all met for dep_context=non-requeueable deps ti=<TaskInstance: stock_analytics_incremental_etl_pipeline_v2.check_incremental_data scheduled__2026-01-03T00:00:00+00:00 [queued]>
[2026-01-04T06:05:25.706+0000] {taskinstance.py:2603} INFO - Dependencies all met for dep_context=requeueable deps ti=<TaskInstance: stock_analytics_incremental_etl_pipeline_v2.check_incremental_data scheduled__2026-01-03T00:00:00+00:00 [queued]>
[2026-01-04T06:05:25.707+0000] {taskinstance.py:2856} INFO - Starting attempt 1 of 1
[2026-01-04T06:05:25.731+0000] {taskinstance.py:2879} INFO - Executing <Task(PythonOperator): check_incremental_data> on 2026-01-03 00:00:00+00:00
[2026-01-04T06:05:25.746+0000] {warnings.py:112} WARNING - /home/***/.local/lib/python3.12/site-packages/***/task/task_runner/standard_task_runner.py:70: DeprecationWarning: This process (pid=125) is multi-threaded, use of fork() may lead to deadlocks in the child.
  pid = os.fork()

[2026-01-04T06:05:25.750+0000] {standard_task_runner.py:72} INFO - Started process 129 to run task
[2026-01-04T06:05:25.749+0000] {standard_task_runner.py:104} INFO - Running: ['***', 'tasks', 'run', 'stock_analytics_incremental_etl_pipeline_v2', 'check_incremental_data', 'scheduled__2026-01-03T00:00:00+00:00', '--job-id', '3', '--raw', '--subdir', 'DAGS_FOLDER/stock_analytics_etl_dag.py', '--cfg-path', '/tmp/tmpducz_ajr']
[2026-01-04T06:05:25.752+0000] {standard_task_runner.py:105} INFO - Job 3: Subtask check_incremental_data
[2026-01-04T06:05:25.871+0000] {task_command.py:467} INFO - Running <TaskInstance: stock_analytics_incremental_etl_pipeline_v2.check_incremental_data scheduled__2026-01-03T00:00:00+00:00 [running]> on host 3409793214f1
[2026-01-04T06:05:25.981+0000] {taskinstance.py:3122} INFO - Exporting env vars: AIRFLOW_CTX_DAG_EMAIL='pranathi2314@gmail.com' AIRFLOW_CTX_DAG_OWNER='***' AIRFLOW_CTX_DAG_ID='stock_analytics_incremental_etl_pipeline_v2' AIRFLOW_CTX_TASK_ID='check_incremental_data' AIRFLOW_CTX_EXECUTION_DATE='2026-01-03T00:00:00+00:00' AIRFLOW_CTX_TRY_NUMBER='1' AIRFLOW_CTX_DAG_RUN_ID='scheduled__2026-01-03T00:00:00+00:00'
[2026-01-04T06:05:25.986+0000] {logging_mixin.py:190} INFO - Task instance is in running state
[2026-01-04T06:05:25.987+0000] {logging_mixin.py:190} INFO -  Previous state of the Task instance: queued
[2026-01-04T06:05:25.988+0000] {logging_mixin.py:190} INFO - Current task name:check_incremental_data state:running start_date:2026-01-04 06:05:25.697028+00:00
[2026-01-04T06:05:25.989+0000] {logging_mixin.py:190} INFO - Dag name:stock_analytics_incremental_etl_pipeline_v2 and current dag run status:running
[2026-01-04T06:05:25.990+0000] {taskinstance.py:731} INFO - ::endgroup::
[2026-01-04T06:05:26.008+0000] {stock_analytics_etl_dag.py:44} INFO - New data detected. ETL will run.
[2026-01-04T06:05:26.009+0000] {python.py:240} INFO - Done. Returned value was: None
[2026-01-04T06:05:26.022+0000] {taskinstance.py:340} INFO - ::group::Post task execution logs
[2026-01-04T06:05:26.023+0000] {taskinstance.py:352} INFO - Marking task as SUCCESS. dag_id=stock_analytics_incremental_etl_pipeline_v2, task_id=check_incremental_data, run_id=scheduled__2026-01-03T00:00:00+00:00, execution_date=20260103T000000, start_date=20260104T060525, end_date=20260104T060526
[2026-01-04T06:05:26.038+0000] {logging_mixin.py:190} INFO - Task instance in success state
[2026-01-04T06:05:26.040+0000] {logging_mixin.py:190} INFO -  Previous state of the Task instance: running
[2026-01-04T06:05:26.041+0000] {logging_mixin.py:190} INFO - Dag name:stock_analytics_incremental_etl_pipeline_v2 queued_at:2026-01-04 06:05:19.608568+00:00
[2026-01-04T06:05:26.041+0000] {logging_mixin.py:190} INFO - Task hostname:3409793214f1 operator:PythonOperator
[2026-01-04T06:05:26.089+0000] {local_task_job_runner.py:261} INFO - Task exited with return code 0
[2026-01-04T06:05:26.134+0000] {taskinstance.py:3891} INFO - 1 downstream tasks scheduled from follow-on schedule check
[2026-01-04T06:05:26.136+0000] {local_task_job_runner.py:240} INFO - ::endgroup::
[2026-01-04T06:18:40.040+0000] {local_task_job_runner.py:123} INFO - ::group::Pre task execution logs
[2026-01-04T06:18:40.102+0000] {taskinstance.py:2603} INFO - Dependencies all met for dep_context=non-requeueable deps ti=<TaskInstance: stock_analytics_incremental_etl_pipeline_v2.check_incremental_data scheduled__2026-01-03T00:00:00+00:00 [queued]>
[2026-01-04T06:18:40.151+0000] {taskinstance.py:2603} INFO - Dependencies all met for dep_context=requeueable deps ti=<TaskInstance: stock_analytics_incremental_etl_pipeline_v2.check_incremental_data scheduled__2026-01-03T00:00:00+00:00 [queued]>
[2026-01-04T06:18:40.158+0000] {taskinstance.py:2856} INFO - Starting attempt 1 of 3
[2026-01-04T06:18:40.223+0000] {taskinstance.py:2879} INFO - Executing <Task(PythonOperator): check_incremental_data> on 2026-01-03 00:00:00+00:00
[2026-01-04T06:18:40.277+0000] {warnings.py:112} WARNING - /home/***/.local/lib/python3.12/site-packages/***/task/task_runner/standard_task_runner.py:70: DeprecationWarning: This process (pid=126) is multi-threaded, use of fork() may lead to deadlocks in the child.
  pid = os.fork()

[2026-01-04T06:18:40.289+0000] {standard_task_runner.py:72} INFO - Started process 132 to run task
[2026-01-04T06:18:40.288+0000] {standard_task_runner.py:104} INFO - Running: ['***', 'tasks', 'run', 'stock_analytics_incremental_etl_pipeline_v2', 'check_incremental_data', 'scheduled__2026-01-03T00:00:00+00:00', '--job-id', '4', '--raw', '--subdir', 'DAGS_FOLDER/stock_analytics_etl_dag.py', '--cfg-path', '/tmp/tmpfay77ku3']
[2026-01-04T06:18:40.292+0000] {standard_task_runner.py:105} INFO - Job 4: Subtask check_incremental_data
[2026-01-04T06:18:40.585+0000] {task_command.py:467} INFO - Running <TaskInstance: stock_analytics_incremental_etl_pipeline_v2.check_incremental_data scheduled__2026-01-03T00:00:00+00:00 [running]> on host b5f3b83aa317
[2026-01-04T06:18:40.827+0000] {taskinstance.py:3122} INFO - Exporting env vars: AIRFLOW_CTX_DAG_EMAIL='pranathi2314@gmail.com' AIRFLOW_CTX_DAG_OWNER='***' AIRFLOW_CTX_DAG_ID='stock_analytics_incremental_etl_pipeline_v2' AIRFLOW_CTX_TASK_ID='check_incremental_data' AIRFLOW_CTX_EXECUTION_DATE='2026-01-03T00:00:00+00:00' AIRFLOW_CTX_TRY_NUMBER='1' AIRFLOW_CTX_DAG_RUN_ID='scheduled__2026-01-03T00:00:00+00:00'
[2026-01-04T06:18:40.832+0000] {logging_mixin.py:190} INFO - Task instance is in running state
[2026-01-04T06:18:40.834+0000] {logging_mixin.py:190} INFO -  Previous state of the Task instance: queued
[2026-01-04T06:18:40.837+0000] {logging_mixin.py:190} INFO - Current task name:check_incremental_data state:running start_date:2026-01-04 06:18:40.103761+00:00
[2026-01-04T06:18:40.838+0000] {logging_mixin.py:190} INFO - Dag name:stock_analytics_incremental_etl_pipeline_v2 and current dag run status:running
[2026-01-04T06:18:40.839+0000] {taskinstance.py:731} INFO - ::endgroup::
[2026-01-04T06:18:40.882+0000] {stock_analytics_etl_dag.py:41} INFO - New data detected. ETL will run.
[2026-01-04T06:18:40.883+0000] {python.py:240} INFO - Done. Returned value was: None
[2026-01-04T06:18:40.907+0000] {taskinstance.py:340} INFO - ::group::Post task execution logs
[2026-01-04T06:18:40.910+0000] {taskinstance.py:352} INFO - Marking task as SUCCESS. dag_id=stock_analytics_incremental_etl_pipeline_v2, task_id=check_incremental_data, run_id=scheduled__2026-01-03T00:00:00+00:00, execution_date=20260103T000000, start_date=20260104T061840, end_date=20260104T061840
[2026-01-04T06:18:40.931+0000] {logging_mixin.py:190} INFO - Task instance in success state
[2026-01-04T06:18:40.932+0000] {logging_mixin.py:190} INFO -  Previous state of the Task instance: running
[2026-01-04T06:18:40.933+0000] {logging_mixin.py:190} INFO - Dag name:stock_analytics_incremental_etl_pipeline_v2 queued_at:2026-01-04 06:18:27.989548+00:00
[2026-01-04T06:18:40.935+0000] {logging_mixin.py:190} INFO - Task hostname:b5f3b83aa317 operator:PythonOperator
[2026-01-04T06:18:41.007+0000] {local_task_job_runner.py:261} INFO - Task exited with return code 0
[2026-01-04T06:18:41.109+0000] {taskinstance.py:3891} INFO - 1 downstream tasks scheduled from follow-on schedule check
[2026-01-04T06:18:41.113+0000] {local_task_job_runner.py:240} INFO - ::endgroup::
