[2026-01-06T08:25:05.101+0000] {local_task_job_runner.py:123} INFO - ::group::Pre task execution logs
[2026-01-06T08:25:05.136+0000] {taskinstance.py:2603} INFO - Dependencies all met for dep_context=non-requeueable deps ti=<TaskInstance: stock_analytics_incremental_etl_pipeline_v2.gold_layer_analytics manual__2026-01-06T08:24:39.407685+00:00 [queued]>
[2026-01-06T08:25:05.154+0000] {taskinstance.py:2603} INFO - Dependencies all met for dep_context=requeueable deps ti=<TaskInstance: stock_analytics_incremental_etl_pipeline_v2.gold_layer_analytics manual__2026-01-06T08:24:39.407685+00:00 [queued]>
[2026-01-06T08:25:05.156+0000] {taskinstance.py:2856} INFO - Starting attempt 1 of 3
[2026-01-06T08:25:05.179+0000] {taskinstance.py:2879} INFO - Executing <Task(DatabricksRunNowOperator): gold_layer_analytics> on 2026-01-06 08:24:39.407685+00:00
[2026-01-06T08:25:05.194+0000] {warnings.py:112} WARNING - /home/***/.local/lib/python3.12/site-packages/***/task/task_runner/standard_task_runner.py:70: DeprecationWarning: This process (pid=188) is multi-threaded, use of fork() may lead to deadlocks in the child.
  pid = os.fork()

[2026-01-06T08:25:05.199+0000] {standard_task_runner.py:72} INFO - Started process 190 to run task
[2026-01-06T08:25:05.199+0000] {standard_task_runner.py:104} INFO - Running: ['***', 'tasks', 'run', 'stock_analytics_incremental_etl_pipeline_v2', 'gold_layer_analytics', 'manual__2026-01-06T08:24:39.407685+00:00', '--job-id', '57', '--raw', '--subdir', 'DAGS_FOLDER/stock_analytics_etl_dag.py', '--cfg-path', '/tmp/tmpwx1jam2s']
[2026-01-06T08:25:05.201+0000] {standard_task_runner.py:105} INFO - Job 57: Subtask gold_layer_analytics
[2026-01-06T08:25:05.339+0000] {task_command.py:467} INFO - Running <TaskInstance: stock_analytics_incremental_etl_pipeline_v2.gold_layer_analytics manual__2026-01-06T08:24:39.407685+00:00 [running]> on host c895101612a9
[2026-01-06T08:25:05.550+0000] {taskinstance.py:3122} INFO - Exporting env vars: AIRFLOW_CTX_DAG_EMAIL='pranathi2314@gmail.com' AIRFLOW_CTX_DAG_OWNER='***' AIRFLOW_CTX_DAG_ID='stock_analytics_incremental_etl_pipeline_v2' AIRFLOW_CTX_TASK_ID='gold_layer_analytics' AIRFLOW_CTX_EXECUTION_DATE='2026-01-06T08:24:39.407685+00:00' AIRFLOW_CTX_TRY_NUMBER='1' AIRFLOW_CTX_DAG_RUN_ID='manual__2026-01-06T08:24:39.407685+00:00'
[2026-01-06T08:25:05.554+0000] {taskinstance.py:3192} ERROR - Failed when executing execute callback
Traceback (most recent call last):
  File "/home/airflow/.local/lib/python3.12/site-packages/airflow/models/taskinstance.py", line 3190, in _run_execute_callback
    callback(context)
  File "/opt/airflow/dags/stock_analytics_etl_dag.py", line 53, in gold_on_execute
    f"Databricks job_id={context['task'].job_id} | "
                         ^^^^^^^^^^^^^^^^^^^^^^
AttributeError: 'DatabricksRunNowOperator' object has no attribute 'job_id'
[2026-01-06T08:25:05.571+0000] {logging_mixin.py:190} INFO - Task instance is in running state
[2026-01-06T08:25:05.572+0000] {logging_mixin.py:190} INFO -  Previous state of the Task instance: queued
[2026-01-06T08:25:05.573+0000] {logging_mixin.py:190} INFO - Current task name:gold_layer_analytics state:running start_date:2026-01-06 08:25:05.140404+00:00
[2026-01-06T08:25:05.574+0000] {logging_mixin.py:190} INFO - Dag name:stock_analytics_incremental_etl_pipeline_v2 and current dag run status:running
[2026-01-06T08:25:05.575+0000] {taskinstance.py:731} INFO - ::endgroup::
[2026-01-06T08:25:05.604+0000] {base.py:84} INFO - Retrieving connection 'databricks_default'
[2026-01-06T08:25:05.609+0000] {databricks_base.py:461} INFO - Using token auth. For security reasons, please set token in Password field instead of extra
[2026-01-06T08:25:06.144+0000] {databricks.py:66} INFO - Run submitted with run_id: 330389417677794
[2026-01-06T08:25:06.147+0000] {databricks_base.py:461} INFO - Using token auth. For security reasons, please set token in Password field instead of extra
[2026-01-06T08:25:06.425+0000] {databricks_base.py:461} INFO - Using token auth. For security reasons, please set token in Password field instead of extra
[2026-01-06T08:25:06.617+0000] {databricks.py:118} INFO - gold_layer_analytics in run state: {'life_cycle_state': 'RUNNING', 'result_state': '', 'state_message': ''}
[2026-01-06T08:25:06.618+0000] {databricks.py:119} INFO - View run status, Spark UI, and logs at https://adb-7405617267455896.16.azuredatabricks.net/?o=7405617267455896#job/68731414949078/run/330389417677794
[2026-01-06T08:25:06.619+0000] {databricks.py:120} INFO - Sleeping for 30 seconds.
[2026-01-06T08:25:36.618+0000] {databricks_base.py:461} INFO - Using token auth. For security reasons, please set token in Password field instead of extra
[2026-01-06T08:25:36.839+0000] {databricks.py:118} INFO - gold_layer_analytics in run state: {'life_cycle_state': 'RUNNING', 'result_state': '', 'state_message': ''}
[2026-01-06T08:25:36.840+0000] {databricks.py:119} INFO - View run status, Spark UI, and logs at https://adb-7405617267455896.16.azuredatabricks.net/?o=7405617267455896#job/68731414949078/run/330389417677794
[2026-01-06T08:25:36.841+0000] {databricks.py:120} INFO - Sleeping for 30 seconds.
[2026-01-06T08:26:06.840+0000] {databricks_base.py:461} INFO - Using token auth. For security reasons, please set token in Password field instead of extra
[2026-01-06T08:26:07.067+0000] {databricks.py:118} INFO - gold_layer_analytics in run state: {'life_cycle_state': 'RUNNING', 'result_state': '', 'state_message': ''}
[2026-01-06T08:26:07.068+0000] {databricks.py:119} INFO - View run status, Spark UI, and logs at https://adb-7405617267455896.16.azuredatabricks.net/?o=7405617267455896#job/68731414949078/run/330389417677794
[2026-01-06T08:26:07.069+0000] {databricks.py:120} INFO - Sleeping for 30 seconds.
[2026-01-06T08:26:37.067+0000] {databricks_base.py:461} INFO - Using token auth. For security reasons, please set token in Password field instead of extra
[2026-01-06T08:26:37.337+0000] {databricks.py:77} INFO - gold_layer_analytics completed successfully.
[2026-01-06T08:26:37.339+0000] {databricks.py:78} INFO - View run status, Spark UI, and logs at https://adb-7405617267455896.16.azuredatabricks.net/?o=7405617267455896#job/68731414949078/run/330389417677794
[2026-01-06T08:26:37.352+0000] {taskinstance.py:340} INFO - ::group::Post task execution logs
[2026-01-06T08:26:37.353+0000] {taskinstance.py:352} INFO - Marking task as SUCCESS. dag_id=stock_analytics_incremental_etl_pipeline_v2, task_id=gold_layer_analytics, run_id=manual__2026-01-06T08:24:39.407685+00:00, execution_date=20260106T082439, start_date=20260106T082505, end_date=20260106T082637
[2026-01-06T08:26:37.353+0000] {taskinstance.py:1554} INFO - Executing gold_on_success callback
[2026-01-06T08:26:37.354+0000] {taskinstance.py:1558} ERROR - Error when executing gold_on_success callback
Traceback (most recent call last):
  File "/home/airflow/.local/lib/python3.12/site-packages/airflow/models/taskinstance.py", line 1556, in _run_finished_callback
    callback(context)
  File "/opt/airflow/dags/stock_analytics_etl_dag.py", line 60, in gold_on_success
    f"Databricks job_id={context['task'].job_id} | "
                         ^^^^^^^^^^^^^^^^^^^^^^
AttributeError: 'DatabricksRunNowOperator' object has no attribute 'job_id'
[2026-01-06T08:26:37.368+0000] {logging_mixin.py:190} INFO - Task instance in success state
[2026-01-06T08:26:37.369+0000] {logging_mixin.py:190} INFO -  Previous state of the Task instance: running
[2026-01-06T08:26:37.370+0000] {logging_mixin.py:190} INFO - Dag name:stock_analytics_incremental_etl_pipeline_v2 queued_at:2026-01-06 08:24:39.429386+00:00
[2026-01-06T08:26:37.371+0000] {logging_mixin.py:190} INFO - Task hostname:c895101612a9 operator:DatabricksRunNowOperator
[2026-01-06T08:26:37.382+0000] {local_task_job_runner.py:261} INFO - Task exited with return code 0
[2026-01-06T08:26:37.403+0000] {taskinstance.py:3891} INFO - 1 downstream tasks scheduled from follow-on schedule check
[2026-01-06T08:26:37.407+0000] {local_task_job_runner.py:240} INFO - ::endgroup::
