[2026-01-05T17:19:17.187+0000] {local_task_job_runner.py:123} INFO - ::group::Pre task execution logs
[2026-01-05T17:19:17.214+0000] {taskinstance.py:2603} INFO - Dependencies all met for dep_context=non-requeueable deps ti=<TaskInstance: stock_analytics_incremental_etl_pipeline_v2.gold_layer_analytics manual__2026-01-05T17:19:04.858695+00:00 [queued]>
[2026-01-05T17:19:17.233+0000] {taskinstance.py:2603} INFO - Dependencies all met for dep_context=requeueable deps ti=<TaskInstance: stock_analytics_incremental_etl_pipeline_v2.gold_layer_analytics manual__2026-01-05T17:19:04.858695+00:00 [queued]>
[2026-01-05T17:19:17.235+0000] {taskinstance.py:2856} INFO - Starting attempt 1 of 3
[2026-01-05T17:19:17.272+0000] {taskinstance.py:2879} INFO - Executing <Task(DatabricksRunNowOperator): gold_layer_analytics> on 2026-01-05 17:19:04.858695+00:00
[2026-01-05T17:19:17.295+0000] {standard_task_runner.py:104} INFO - Running: ['***', 'tasks', 'run', 'stock_analytics_incremental_etl_pipeline_v2', 'gold_layer_analytics', 'manual__2026-01-05T17:19:04.858695+00:00', '--job-id', '24', '--raw', '--subdir', 'DAGS_FOLDER/stock_analytics_etl_dag.py', '--cfg-path', '/tmp/tmpgeupi504']
[2026-01-05T17:19:17.292+0000] {warnings.py:112} WARNING - /home/***/.local/lib/python3.12/site-packages/***/task/task_runner/standard_task_runner.py:70: DeprecationWarning: This process (pid=175) is multi-threaded, use of fork() may lead to deadlocks in the child.
  pid = os.fork()

[2026-01-05T17:19:17.303+0000] {standard_task_runner.py:105} INFO - Job 24: Subtask gold_layer_analytics
[2026-01-05T17:19:17.304+0000] {standard_task_runner.py:72} INFO - Started process 184 to run task
[2026-01-05T17:19:17.453+0000] {task_command.py:467} INFO - Running <TaskInstance: stock_analytics_incremental_etl_pipeline_v2.gold_layer_analytics manual__2026-01-05T17:19:04.858695+00:00 [running]> on host f557928c3fb2
[2026-01-05T17:19:17.698+0000] {taskinstance.py:3122} INFO - Exporting env vars: AIRFLOW_CTX_DAG_EMAIL='pranathi2314@gmail.com' AIRFLOW_CTX_DAG_OWNER='***' AIRFLOW_CTX_DAG_ID='stock_analytics_incremental_etl_pipeline_v2' AIRFLOW_CTX_TASK_ID='gold_layer_analytics' AIRFLOW_CTX_EXECUTION_DATE='2026-01-05T17:19:04.858695+00:00' AIRFLOW_CTX_TRY_NUMBER='1' AIRFLOW_CTX_DAG_RUN_ID='manual__2026-01-05T17:19:04.858695+00:00'
[2026-01-05T17:19:17.714+0000] {taskinstance.py:3192} ERROR - Failed when executing execute callback
Traceback (most recent call last):
  File "/home/airflow/.local/lib/python3.12/site-packages/airflow/models/taskinstance.py", line 3190, in _run_execute_callback
    callback(context)
  File "/opt/airflow/dags/stock_analytics_etl_dag.py", line 77, in gold_on_execute
    f"Gold layer started | Databricks job_id={context['task'].job_id} | "
                                              ^^^^^^^^^^^^^^^^^^^^^^
AttributeError: 'DatabricksRunNowOperator' object has no attribute 'job_id'
[2026-01-05T17:19:17.729+0000] {logging_mixin.py:190} INFO - Task instance is in running state
[2026-01-05T17:19:17.730+0000] {logging_mixin.py:190} INFO -  Previous state of the Task instance: queued
[2026-01-05T17:19:17.731+0000] {logging_mixin.py:190} INFO - Current task name:gold_layer_analytics state:running start_date:2026-01-05 17:19:17.215177+00:00
[2026-01-05T17:19:17.731+0000] {logging_mixin.py:190} INFO - Dag name:stock_analytics_incremental_etl_pipeline_v2 and current dag run status:running
[2026-01-05T17:19:17.732+0000] {taskinstance.py:731} INFO - ::endgroup::
[2026-01-05T17:19:17.766+0000] {base.py:84} INFO - Retrieving connection 'databricks_default'
[2026-01-05T17:19:17.771+0000] {databricks_base.py:461} INFO - Using token auth. For security reasons, please set token in Password field instead of extra
[2026-01-05T17:19:18.482+0000] {databricks.py:66} INFO - Run submitted with run_id: 628454600708263
[2026-01-05T17:19:18.484+0000] {databricks_base.py:461} INFO - Using token auth. For security reasons, please set token in Password field instead of extra
[2026-01-05T17:19:18.786+0000] {databricks_base.py:461} INFO - Using token auth. For security reasons, please set token in Password field instead of extra
[2026-01-05T17:19:19.077+0000] {databricks.py:118} INFO - gold_layer_analytics in run state: {'life_cycle_state': 'QUEUED', 'result_state': '', 'state_message': ''}
[2026-01-05T17:19:19.078+0000] {databricks.py:119} INFO - View run status, Spark UI, and logs at https://adb-7405617267455896.16.azuredatabricks.net/?o=7405617267455896#job/68731414949078/run/628454600708263
[2026-01-05T17:19:19.079+0000] {databricks.py:120} INFO - Sleeping for 30 seconds.
[2026-01-05T17:19:49.082+0000] {databricks_base.py:461} INFO - Using token auth. For security reasons, please set token in Password field instead of extra
[2026-01-05T17:19:49.298+0000] {databricks.py:118} INFO - gold_layer_analytics in run state: {'life_cycle_state': 'RUNNING', 'result_state': '', 'state_message': ''}
[2026-01-05T17:19:49.299+0000] {databricks.py:119} INFO - View run status, Spark UI, and logs at https://adb-7405617267455896.16.azuredatabricks.net/?o=7405617267455896#job/68731414949078/run/628454600708263
[2026-01-05T17:19:49.300+0000] {databricks.py:120} INFO - Sleeping for 30 seconds.
[2026-01-05T17:20:19.300+0000] {databricks_base.py:461} INFO - Using token auth. For security reasons, please set token in Password field instead of extra
[2026-01-05T17:20:19.597+0000] {databricks.py:77} INFO - gold_layer_analytics completed successfully.
[2026-01-05T17:20:19.600+0000] {databricks.py:78} INFO - View run status, Spark UI, and logs at https://adb-7405617267455896.16.azuredatabricks.net/?o=7405617267455896#job/68731414949078/run/628454600708263
[2026-01-05T17:20:19.619+0000] {taskinstance.py:340} INFO - ::group::Post task execution logs
[2026-01-05T17:20:19.620+0000] {taskinstance.py:352} INFO - Marking task as SUCCESS. dag_id=stock_analytics_incremental_etl_pipeline_v2, task_id=gold_layer_analytics, run_id=manual__2026-01-05T17:19:04.858695+00:00, execution_date=20260105T171904, start_date=20260105T171917, end_date=20260105T172019
[2026-01-05T17:20:19.621+0000] {taskinstance.py:1554} INFO - Executing gold_on_success callback
[2026-01-05T17:20:19.622+0000] {taskinstance.py:1558} ERROR - Error when executing gold_on_success callback
Traceback (most recent call last):
  File "/home/airflow/.local/lib/python3.12/site-packages/airflow/models/taskinstance.py", line 1556, in _run_finished_callback
    callback(context)
  File "/opt/airflow/dags/stock_analytics_etl_dag.py", line 85, in gold_on_success
    f"Databricks job_id={context['task'].job_id} | "
                         ^^^^^^^^^^^^^^^^^^^^^^
AttributeError: 'DatabricksRunNowOperator' object has no attribute 'job_id'
[2026-01-05T17:20:19.639+0000] {logging_mixin.py:190} INFO - Task instance in success state
[2026-01-05T17:20:19.641+0000] {logging_mixin.py:190} INFO -  Previous state of the Task instance: running
[2026-01-05T17:20:19.642+0000] {logging_mixin.py:190} INFO - Dag name:stock_analytics_incremental_etl_pipeline_v2 queued_at:2026-01-05 17:19:04.883817+00:00
[2026-01-05T17:20:19.643+0000] {logging_mixin.py:190} INFO - Task hostname:f557928c3fb2 operator:DatabricksRunNowOperator
[2026-01-05T17:20:19.695+0000] {local_task_job_runner.py:261} INFO - Task exited with return code 0
[2026-01-05T17:20:19.725+0000] {taskinstance.py:3891} INFO - 1 downstream tasks scheduled from follow-on schedule check
[2026-01-05T17:20:19.731+0000] {local_task_job_runner.py:240} INFO - ::endgroup::
