[2026-01-03T04:52:07.022+0000] {local_task_job_runner.py:123} INFO - ::group::Pre task execution logs
[2026-01-03T04:52:07.060+0000] {taskinstance.py:2603} INFO - Dependencies all met for dep_context=non-requeueable deps ti=<TaskInstance: stock_analytics_incremental_etl_pipeline_v2.update_last_run_time manual__2026-01-03T04:50:06.120644+00:00 [queued]>
[2026-01-03T04:52:07.084+0000] {taskinstance.py:2603} INFO - Dependencies all met for dep_context=requeueable deps ti=<TaskInstance: stock_analytics_incremental_etl_pipeline_v2.update_last_run_time manual__2026-01-03T04:50:06.120644+00:00 [queued]>
[2026-01-03T04:52:07.086+0000] {taskinstance.py:2856} INFO - Starting attempt 1 of 3
[2026-01-03T04:52:07.134+0000] {taskinstance.py:2879} INFO - Executing <Task(PythonOperator): update_last_run_time> on 2026-01-03 04:50:06.120644+00:00
[2026-01-03T04:52:07.161+0000] {warnings.py:112} WARNING - /home/***/.local/lib/python3.12/site-packages/***/task/task_runner/standard_task_runner.py:70: DeprecationWarning: This process (pid=192) is multi-threaded, use of fork() may lead to deadlocks in the child.
  pid = os.fork()

[2026-01-03T04:52:07.165+0000] {standard_task_runner.py:72} INFO - Started process 194 to run task
[2026-01-03T04:52:07.166+0000] {standard_task_runner.py:104} INFO - Running: ['***', 'tasks', 'run', 'stock_analytics_incremental_etl_pipeline_v2', 'update_last_run_time', 'manual__2026-01-03T04:50:06.120644+00:00', '--job-id', '259', '--raw', '--subdir', 'DAGS_FOLDER/stock_analytics_etl_dag.py', '--cfg-path', '/tmp/tmp_0p4ophg']
[2026-01-03T04:52:07.170+0000] {standard_task_runner.py:105} INFO - Job 259: Subtask update_last_run_time
[2026-01-03T04:52:07.372+0000] {task_command.py:467} INFO - Running <TaskInstance: stock_analytics_incremental_etl_pipeline_v2.update_last_run_time manual__2026-01-03T04:50:06.120644+00:00 [running]> on host bdd6f6fbc1d9
[2026-01-03T04:52:07.719+0000] {taskinstance.py:3122} INFO - Exporting env vars: AIRFLOW_CTX_DAG_OWNER='***' AIRFLOW_CTX_DAG_ID='stock_analytics_incremental_etl_pipeline_v2' AIRFLOW_CTX_TASK_ID='update_last_run_time' AIRFLOW_CTX_EXECUTION_DATE='2026-01-03T04:50:06.120644+00:00' AIRFLOW_CTX_TRY_NUMBER='1' AIRFLOW_CTX_DAG_RUN_ID='manual__2026-01-03T04:50:06.120644+00:00'
[2026-01-03T04:52:07.723+0000] {logging_mixin.py:190} INFO - Task instance is in running state
[2026-01-03T04:52:07.725+0000] {logging_mixin.py:190} INFO -  Previous state of the Task instance: queued
[2026-01-03T04:52:07.731+0000] {logging_mixin.py:190} INFO - Current task name:update_last_run_time state:running start_date:2026-01-03 04:52:07.061858+00:00
[2026-01-03T04:52:07.732+0000] {logging_mixin.py:190} INFO - Dag name:stock_analytics_incremental_etl_pipeline_v2 and current dag run status:running
[2026-01-03T04:52:07.734+0000] {taskinstance.py:731} INFO - ::endgroup::
[2026-01-03T04:52:07.762+0000] {crypto.py:82} WARNING - empty cryptography key - values will not be stored encrypted.
[2026-01-03T04:52:07.776+0000] {python.py:240} INFO - Done. Returned value was: None
[2026-01-03T04:52:07.810+0000] {taskinstance.py:340} INFO - ::group::Post task execution logs
[2026-01-03T04:52:07.811+0000] {taskinstance.py:352} INFO - Marking task as SUCCESS. dag_id=stock_analytics_incremental_etl_pipeline_v2, task_id=update_last_run_time, run_id=manual__2026-01-03T04:50:06.120644+00:00, execution_date=20260103T045006, start_date=20260103T045207, end_date=20260103T045207
[2026-01-03T04:52:07.832+0000] {logging_mixin.py:190} INFO - Task instance in success state
[2026-01-03T04:52:07.834+0000] {logging_mixin.py:190} INFO -  Previous state of the Task instance: running
[2026-01-03T04:52:07.835+0000] {logging_mixin.py:190} INFO - Dag name:stock_analytics_incremental_etl_pipeline_v2 queued_at:2026-01-03 04:50:06.163438+00:00
[2026-01-03T04:52:07.836+0000] {logging_mixin.py:190} INFO - Task hostname:bdd6f6fbc1d9 operator:PythonOperator
[2026-01-03T04:52:07.889+0000] {local_task_job_runner.py:261} INFO - Task exited with return code 0
[2026-01-03T04:52:07.913+0000] {taskinstance.py:3891} INFO - 0 downstream tasks scheduled from follow-on schedule check
[2026-01-03T04:52:07.916+0000] {local_task_job_runner.py:240} INFO - ::endgroup::
