[2026-01-04T05:21:49.044+0000] {local_task_job_runner.py:123} INFO - ::group::Pre task execution logs
[2026-01-04T05:21:49.061+0000] {taskinstance.py:2603} INFO - Dependencies all met for dep_context=non-requeueable deps ti=<TaskInstance: stock_analytics_incremental_etl_pipeline_v2.gold_layer_analytics manual__2026-01-04T05:19:56.409481+00:00 [queued]>
[2026-01-04T05:21:49.074+0000] {taskinstance.py:2603} INFO - Dependencies all met for dep_context=requeueable deps ti=<TaskInstance: stock_analytics_incremental_etl_pipeline_v2.gold_layer_analytics manual__2026-01-04T05:19:56.409481+00:00 [queued]>
[2026-01-04T05:21:49.076+0000] {taskinstance.py:2856} INFO - Starting attempt 2 of 4
[2026-01-04T05:21:49.090+0000] {taskinstance.py:2879} INFO - Executing <Task(DatabricksRunNowOperator): gold_layer_analytics> on 2026-01-04 05:19:56.409481+00:00
[2026-01-04T05:21:49.099+0000] {warnings.py:112} WARNING - /home/***/.local/lib/python3.12/site-packages/***/task/task_runner/standard_task_runner.py:70: DeprecationWarning: This process (pid=186) is multi-threaded, use of fork() may lead to deadlocks in the child.
  pid = os.fork()

[2026-01-04T05:21:49.101+0000] {standard_task_runner.py:72} INFO - Started process 188 to run task
[2026-01-04T05:21:49.102+0000] {standard_task_runner.py:104} INFO - Running: ['***', 'tasks', 'run', 'stock_analytics_incremental_etl_pipeline_v2', 'gold_layer_analytics', 'manual__2026-01-04T05:19:56.409481+00:00', '--job-id', '345', '--raw', '--subdir', 'DAGS_FOLDER/stock_analytics_etl_dag.py', '--cfg-path', '/tmp/tmpr21e07i0']
[2026-01-04T05:21:49.103+0000] {standard_task_runner.py:105} INFO - Job 345: Subtask gold_layer_analytics
[2026-01-04T05:21:49.203+0000] {task_command.py:467} INFO - Running <TaskInstance: stock_analytics_incremental_etl_pipeline_v2.gold_layer_analytics manual__2026-01-04T05:19:56.409481+00:00 [running]> on host ddc54e64aef0
[2026-01-04T05:21:49.328+0000] {taskinstance.py:3122} INFO - Exporting env vars: AIRFLOW_CTX_DAG_OWNER='***' AIRFLOW_CTX_DAG_ID='stock_analytics_incremental_etl_pipeline_v2' AIRFLOW_CTX_TASK_ID='gold_layer_analytics' AIRFLOW_CTX_EXECUTION_DATE='2026-01-04T05:19:56.409481+00:00' AIRFLOW_CTX_TRY_NUMBER='2' AIRFLOW_CTX_DAG_RUN_ID='manual__2026-01-04T05:19:56.409481+00:00'
[2026-01-04T05:21:49.331+0000] {logging_mixin.py:190} INFO - Task instance is in running state
[2026-01-04T05:21:49.331+0000] {logging_mixin.py:190} INFO -  Previous state of the Task instance: queued
[2026-01-04T05:21:49.332+0000] {logging_mixin.py:190} INFO - Current task name:gold_layer_analytics state:running start_date:2026-01-04 05:21:49.062850+00:00
[2026-01-04T05:21:49.332+0000] {logging_mixin.py:190} INFO - Dag name:stock_analytics_incremental_etl_pipeline_v2 and current dag run status:running
[2026-01-04T05:21:49.333+0000] {taskinstance.py:731} INFO - ::endgroup::
[2026-01-04T05:21:49.352+0000] {base.py:84} INFO - Retrieving connection 'databricks_default'
[2026-01-04T05:21:49.355+0000] {databricks_base.py:461} INFO - Using token auth. For security reasons, please set token in Password field instead of extra
[2026-01-04T05:21:49.848+0000] {databricks.py:66} INFO - Run submitted with run_id: 32041635220760
[2026-01-04T05:21:49.850+0000] {databricks_base.py:461} INFO - Using token auth. For security reasons, please set token in Password field instead of extra
[2026-01-04T05:21:50.049+0000] {databricks_base.py:461} INFO - Using token auth. For security reasons, please set token in Password field instead of extra
[2026-01-04T05:21:50.208+0000] {databricks.py:118} INFO - gold_layer_analytics in run state: {'life_cycle_state': 'RUNNING', 'result_state': '', 'state_message': ''}
[2026-01-04T05:21:50.210+0000] {databricks.py:119} INFO - View run status, Spark UI, and logs at https://adb-7405617267455896.16.azuredatabricks.net/?o=7405617267455896#job/68731414949078/run/32041635220760
[2026-01-04T05:21:50.211+0000] {databricks.py:120} INFO - Sleeping for 30 seconds.
[2026-01-04T05:22:20.208+0000] {databricks_base.py:461} INFO - Using token auth. For security reasons, please set token in Password field instead of extra
[2026-01-04T05:22:41.287+0000] {databricks_base.py:516} ERROR - Attempt 1 API Request to Databricks failed with reason: <Future at 0x79ccb64d6480 state=finished raised ConnectionError>
[2026-01-04T05:22:42.451+0000] {databricks.py:118} INFO - gold_layer_analytics in run state: {'life_cycle_state': 'RUNNING', 'result_state': '', 'state_message': ''}
[2026-01-04T05:22:42.451+0000] {databricks.py:119} INFO - View run status, Spark UI, and logs at https://adb-7405617267455896.16.azuredatabricks.net/?o=7405617267455896#job/68731414949078/run/32041635220760
[2026-01-04T05:22:42.453+0000] {databricks.py:120} INFO - Sleeping for 30 seconds.
[2026-01-04T05:23:12.450+0000] {databricks_base.py:461} INFO - Using token auth. For security reasons, please set token in Password field instead of extra
[2026-01-04T05:23:12.648+0000] {databricks.py:77} INFO - gold_layer_analytics completed successfully.
[2026-01-04T05:23:12.649+0000] {databricks.py:78} INFO - View run status, Spark UI, and logs at https://adb-7405617267455896.16.azuredatabricks.net/?o=7405617267455896#job/68731414949078/run/32041635220760
[2026-01-04T05:23:12.663+0000] {taskinstance.py:340} INFO - ::group::Post task execution logs
[2026-01-04T05:23:12.665+0000] {taskinstance.py:352} INFO - Marking task as SUCCESS. dag_id=stock_analytics_incremental_etl_pipeline_v2, task_id=gold_layer_analytics, run_id=manual__2026-01-04T05:19:56.409481+00:00, execution_date=20260104T051956, start_date=20260104T052149, end_date=20260104T052312
[2026-01-04T05:23:12.678+0000] {logging_mixin.py:190} INFO - Task instance in success state
[2026-01-04T05:23:12.679+0000] {logging_mixin.py:190} INFO -  Previous state of the Task instance: running
[2026-01-04T05:23:12.680+0000] {logging_mixin.py:190} INFO - Dag name:stock_analytics_incremental_etl_pipeline_v2 queued_at:2026-01-04 05:21:46.248562+00:00
[2026-01-04T05:23:12.681+0000] {logging_mixin.py:190} INFO - Task hostname:ddc54e64aef0 operator:DatabricksRunNowOperator
[2026-01-04T05:23:12.733+0000] {local_task_job_runner.py:261} INFO - Task exited with return code 0
[2026-01-04T05:23:12.766+0000] {taskinstance.py:3891} INFO - 1 downstream tasks scheduled from follow-on schedule check
[2026-01-04T05:23:12.770+0000] {local_task_job_runner.py:240} INFO - ::endgroup::
