[2026-01-04T05:20:12.396+0000] {local_task_job_runner.py:123} INFO - ::group::Pre task execution logs
[2026-01-04T05:20:12.430+0000] {taskinstance.py:2603} INFO - Dependencies all met for dep_context=non-requeueable deps ti=<TaskInstance: stock_analytics_incremental_etl_pipeline_v2.gold_layer_analytics manual__2026-01-04T05:19:56.409481+00:00 [queued]>
[2026-01-04T05:20:12.449+0000] {taskinstance.py:2603} INFO - Dependencies all met for dep_context=requeueable deps ti=<TaskInstance: stock_analytics_incremental_etl_pipeline_v2.gold_layer_analytics manual__2026-01-04T05:19:56.409481+00:00 [queued]>
[2026-01-04T05:20:12.455+0000] {taskinstance.py:2856} INFO - Starting attempt 1 of 3
[2026-01-04T05:20:12.475+0000] {taskinstance.py:2879} INFO - Executing <Task(DatabricksRunNowOperator): gold_layer_analytics> on 2026-01-04 05:19:56.409481+00:00
[2026-01-04T05:20:12.485+0000] {warnings.py:112} WARNING - /home/***/.local/lib/python3.12/site-packages/***/task/task_runner/standard_task_runner.py:70: DeprecationWarning: This process (pid=156) is multi-threaded, use of fork() may lead to deadlocks in the child.
  pid = os.fork()

[2026-01-04T05:20:12.488+0000] {standard_task_runner.py:72} INFO - Started process 165 to run task
[2026-01-04T05:20:12.491+0000] {standard_task_runner.py:104} INFO - Running: ['***', 'tasks', 'run', 'stock_analytics_incremental_etl_pipeline_v2', 'gold_layer_analytics', 'manual__2026-01-04T05:19:56.409481+00:00', '--job-id', '343', '--raw', '--subdir', 'DAGS_FOLDER/stock_analytics_etl_dag.py', '--cfg-path', '/tmp/tmp59sht42l']
[2026-01-04T05:20:12.494+0000] {standard_task_runner.py:105} INFO - Job 343: Subtask gold_layer_analytics
[2026-01-04T05:20:12.611+0000] {task_command.py:467} INFO - Running <TaskInstance: stock_analytics_incremental_etl_pipeline_v2.gold_layer_analytics manual__2026-01-04T05:19:56.409481+00:00 [running]> on host ddc54e64aef0
[2026-01-04T05:20:12.781+0000] {taskinstance.py:3122} INFO - Exporting env vars: AIRFLOW_CTX_DAG_OWNER='***' AIRFLOW_CTX_DAG_ID='stock_analytics_incremental_etl_pipeline_v2' AIRFLOW_CTX_TASK_ID='gold_layer_analytics' AIRFLOW_CTX_EXECUTION_DATE='2026-01-04T05:19:56.409481+00:00' AIRFLOW_CTX_TRY_NUMBER='1' AIRFLOW_CTX_DAG_RUN_ID='manual__2026-01-04T05:19:56.409481+00:00'
[2026-01-04T05:20:12.784+0000] {logging_mixin.py:190} INFO - Task instance is in running state
[2026-01-04T05:20:12.785+0000] {logging_mixin.py:190} INFO -  Previous state of the Task instance: queued
[2026-01-04T05:20:12.786+0000] {logging_mixin.py:190} INFO - Current task name:gold_layer_analytics state:running start_date:2026-01-04 05:20:12.431705+00:00
[2026-01-04T05:20:12.788+0000] {logging_mixin.py:190} INFO - Dag name:stock_analytics_incremental_etl_pipeline_v2 and current dag run status:running
[2026-01-04T05:20:12.790+0000] {taskinstance.py:731} INFO - ::endgroup::
[2026-01-04T05:20:12.811+0000] {base.py:84} INFO - Retrieving connection 'databricks_default'
[2026-01-04T05:20:12.816+0000] {databricks_base.py:461} INFO - Using token auth. For security reasons, please set token in Password field instead of extra
[2026-01-04T05:20:13.194+0000] {databricks.py:66} INFO - Run submitted with run_id: 1000659170364995
[2026-01-04T05:20:13.195+0000] {databricks_base.py:461} INFO - Using token auth. For security reasons, please set token in Password field instead of extra
[2026-01-04T05:20:13.414+0000] {databricks_base.py:461} INFO - Using token auth. For security reasons, please set token in Password field instead of extra
[2026-01-04T05:20:13.595+0000] {databricks.py:118} INFO - gold_layer_analytics in run state: {'life_cycle_state': 'RUNNING', 'result_state': '', 'state_message': ''}
[2026-01-04T05:20:13.598+0000] {databricks.py:119} INFO - View run status, Spark UI, and logs at https://adb-7405617267455896.16.azuredatabricks.net/?o=7405617267455896#job/68731414949078/run/1000659170364995
[2026-01-04T05:20:13.599+0000] {databricks.py:120} INFO - Sleeping for 30 seconds.
[2026-01-04T05:20:43.597+0000] {databricks_base.py:461} INFO - Using token auth. For security reasons, please set token in Password field instead of extra
[2026-01-04T05:20:43.796+0000] {databricks.py:118} INFO - gold_layer_analytics in run state: {'life_cycle_state': 'RUNNING', 'result_state': '', 'state_message': ''}
[2026-01-04T05:20:43.797+0000] {databricks.py:119} INFO - View run status, Spark UI, and logs at https://adb-7405617267455896.16.azuredatabricks.net/?o=7405617267455896#job/68731414949078/run/1000659170364995
[2026-01-04T05:20:43.799+0000] {databricks.py:120} INFO - Sleeping for 30 seconds.
[2026-01-04T05:21:13.797+0000] {databricks_base.py:461} INFO - Using token auth. For security reasons, please set token in Password field instead of extra
[2026-01-04T05:21:14.022+0000] {databricks.py:77} INFO - gold_layer_analytics completed successfully.
[2026-01-04T05:21:14.023+0000] {databricks.py:78} INFO - View run status, Spark UI, and logs at https://adb-7405617267455896.16.azuredatabricks.net/?o=7405617267455896#job/68731414949078/run/1000659170364995
[2026-01-04T05:21:14.049+0000] {taskinstance.py:340} INFO - ::group::Post task execution logs
[2026-01-04T05:21:14.050+0000] {taskinstance.py:352} INFO - Marking task as SUCCESS. dag_id=stock_analytics_incremental_etl_pipeline_v2, task_id=gold_layer_analytics, run_id=manual__2026-01-04T05:19:56.409481+00:00, execution_date=20260104T051956, start_date=20260104T052012, end_date=20260104T052114
[2026-01-04T05:21:14.076+0000] {logging_mixin.py:190} INFO - Task instance in success state
[2026-01-04T05:21:14.077+0000] {logging_mixin.py:190} INFO -  Previous state of the Task instance: running
[2026-01-04T05:21:14.079+0000] {logging_mixin.py:190} INFO - Dag name:stock_analytics_incremental_etl_pipeline_v2 queued_at:2026-01-04 05:19:56.443305+00:00
[2026-01-04T05:21:14.080+0000] {logging_mixin.py:190} INFO - Task hostname:ddc54e64aef0 operator:DatabricksRunNowOperator
[2026-01-04T05:21:14.144+0000] {local_task_job_runner.py:261} INFO - Task exited with return code 0
[2026-01-04T05:21:14.204+0000] {taskinstance.py:3891} INFO - 1 downstream tasks scheduled from follow-on schedule check
[2026-01-04T05:21:14.208+0000] {local_task_job_runner.py:240} INFO - ::endgroup::
