[2026-01-05T17:18:04.121+0000] {local_task_job_runner.py:123} INFO - ::group::Pre task execution logs
[2026-01-05T17:18:04.171+0000] {taskinstance.py:2603} INFO - Dependencies all met for dep_context=non-requeueable deps ti=<TaskInstance: stock_analytics_incremental_etl_pipeline_v2.silver_cleaning scheduled__2026-01-04T00:00:00+00:00 [queued]>
[2026-01-05T17:18:04.188+0000] {taskinstance.py:2603} INFO - Dependencies all met for dep_context=requeueable deps ti=<TaskInstance: stock_analytics_incremental_etl_pipeline_v2.silver_cleaning scheduled__2026-01-04T00:00:00+00:00 [queued]>
[2026-01-05T17:18:04.189+0000] {taskinstance.py:2856} INFO - Starting attempt 1 of 3
[2026-01-05T17:18:04.220+0000] {taskinstance.py:2879} INFO - Executing <Task(BashOperator): silver_cleaning> on 2026-01-04 00:00:00+00:00
[2026-01-05T17:18:04.239+0000] {warnings.py:112} WARNING - /home/***/.local/lib/python3.12/site-packages/***/task/task_runner/standard_task_runner.py:70: DeprecationWarning: This process (pid=121) is multi-threaded, use of fork() may lead to deadlocks in the child.
  pid = os.fork()

[2026-01-05T17:18:04.244+0000] {standard_task_runner.py:72} INFO - Started process 130 to run task
[2026-01-05T17:18:04.243+0000] {standard_task_runner.py:104} INFO - Running: ['***', 'tasks', 'run', 'stock_analytics_incremental_etl_pipeline_v2', 'silver_cleaning', 'scheduled__2026-01-04T00:00:00+00:00', '--job-id', '19', '--raw', '--subdir', 'DAGS_FOLDER/stock_analytics_etl_dag.py', '--cfg-path', '/tmp/tmp4f4v1rwy']
[2026-01-05T17:18:04.246+0000] {standard_task_runner.py:105} INFO - Job 19: Subtask silver_cleaning
[2026-01-05T17:18:04.404+0000] {task_command.py:467} INFO - Running <TaskInstance: stock_analytics_incremental_etl_pipeline_v2.silver_cleaning scheduled__2026-01-04T00:00:00+00:00 [running]> on host f557928c3fb2
[2026-01-05T17:18:04.591+0000] {taskinstance.py:3122} INFO - Exporting env vars: AIRFLOW_CTX_DAG_EMAIL='pranathi2314@gmail.com' AIRFLOW_CTX_DAG_OWNER='***' AIRFLOW_CTX_DAG_ID='stock_analytics_incremental_etl_pipeline_v2' AIRFLOW_CTX_TASK_ID='silver_cleaning' AIRFLOW_CTX_EXECUTION_DATE='2026-01-04T00:00:00+00:00' AIRFLOW_CTX_TRY_NUMBER='1' AIRFLOW_CTX_DAG_RUN_ID='scheduled__2026-01-04T00:00:00+00:00'
[2026-01-05T17:18:04.595+0000] {logging_mixin.py:190} INFO - Task instance is in running state
[2026-01-05T17:18:04.596+0000] {logging_mixin.py:190} INFO -  Previous state of the Task instance: queued
[2026-01-05T17:18:04.597+0000] {logging_mixin.py:190} INFO - Current task name:silver_cleaning state:running start_date:2026-01-05 17:18:04.172721+00:00
[2026-01-05T17:18:04.597+0000] {logging_mixin.py:190} INFO - Dag name:stock_analytics_incremental_etl_pipeline_v2 and current dag run status:running
[2026-01-05T17:18:04.598+0000] {taskinstance.py:731} INFO - ::endgroup::
[2026-01-05T17:18:04.599+0000] {subprocess.py:63} INFO - Tmp dir root location: /tmp
[2026-01-05T17:18:04.601+0000] {subprocess.py:75} INFO - Running command: ['/usr/bin/bash', '-c', 'python /opt/***/project/scripts/clean_transform.py']
[2026-01-05T17:18:04.643+0000] {subprocess.py:86} INFO - Output:
[2026-01-05T17:18:07.629+0000] {subprocess.py:93} INFO -   transaction_id  trade_date investor_id symbol action  quantity  trade_price
[2026-01-05T17:18:07.632+0000] {subprocess.py:93} INFO - 0        TXN0001  2022-04-26      INV013   CONS    BUY        62       155.82
[2026-01-05T17:18:07.634+0000] {subprocess.py:93} INFO - 1        TXN0002  2023-03-10      INV017   ALPH    BUY        60       193.06
[2026-01-05T17:18:07.635+0000] {subprocess.py:93} INFO - 2        TXN0003  2023-03-07      INV113   PHRM   SELL         6       403.52
[2026-01-05T17:18:07.636+0000] {subprocess.py:93} INFO - 3        TXN0004  2022-08-10      INV173   BNKX    BUY       102       138.69
[2026-01-05T17:18:07.637+0000] {subprocess.py:93} INFO - 4        TXN0005  2023-04-17      INV275   BNKX   SELL        25       320.82
[2026-01-05T17:18:07.638+0000] {subprocess.py:93} INFO - <class 'pandas.core.frame.DataFrame'>
[2026-01-05T17:18:07.638+0000] {subprocess.py:93} INFO - RangeIndex: 700 entries, 0 to 699
[2026-01-05T17:18:07.639+0000] {subprocess.py:93} INFO - Data columns (total 7 columns):
[2026-01-05T17:18:07.640+0000] {subprocess.py:93} INFO -  #   Column          Non-Null Count  Dtype
[2026-01-05T17:18:07.641+0000] {subprocess.py:93} INFO - ---  ------          --------------  -----
[2026-01-05T17:18:07.642+0000] {subprocess.py:93} INFO -  0   transaction_id  700 non-null    object
[2026-01-05T17:18:07.649+0000] {subprocess.py:93} INFO -  1   trade_date      700 non-null    object
[2026-01-05T17:18:07.651+0000] {subprocess.py:93} INFO -  2   investor_id     700 non-null    object
[2026-01-05T17:18:07.652+0000] {subprocess.py:93} INFO -  3   symbol          700 non-null    object
[2026-01-05T17:18:07.653+0000] {subprocess.py:93} INFO -  4   action          689 non-null    object
[2026-01-05T17:18:07.654+0000] {subprocess.py:93} INFO -  5   quantity        700 non-null    int64
[2026-01-05T17:18:07.655+0000] {subprocess.py:93} INFO -  6   trade_price     678 non-null    float64
[2026-01-05T17:18:07.661+0000] {subprocess.py:93} INFO - dtypes: float64(1), int64(1), object(5)
[2026-01-05T17:18:07.663+0000] {subprocess.py:93} INFO - memory usage: 38.4+ KB
[2026-01-05T17:18:07.665+0000] {subprocess.py:93} INFO - None
[2026-01-05T17:18:07.667+0000] {subprocess.py:93} INFO -   transaction_id trade_date investor_id symbol action  quantity  trade_price
[2026-01-05T17:18:07.668+0000] {subprocess.py:93} INFO - 0        TXN0001 2022-04-26      INV013   CONS    BUY        62       155.82
[2026-01-05T17:18:07.669+0000] {subprocess.py:93} INFO - 1        TXN0002 2023-03-10      INV017   ALPH    BUY        60       193.06
[2026-01-05T17:18:07.673+0000] {subprocess.py:93} INFO - 2        TXN0003 2023-03-07      INV113   PHRM   SELL         6       403.52
[2026-01-05T17:18:07.674+0000] {subprocess.py:93} INFO - 3        TXN0004 2022-08-10      INV173   BNKX    BUY       102       138.69
[2026-01-05T17:18:07.675+0000] {subprocess.py:93} INFO - 4        TXN0005 2023-04-17      INV275   BNKX   SELL        25       320.82
[2026-01-05T17:18:07.676+0000] {subprocess.py:93} INFO - <class 'pandas.core.frame.DataFrame'>
[2026-01-05T17:18:07.677+0000] {subprocess.py:93} INFO - RangeIndex: 700 entries, 0 to 699
[2026-01-05T17:18:07.677+0000] {subprocess.py:93} INFO - Data columns (total 7 columns):
[2026-01-05T17:18:07.679+0000] {subprocess.py:93} INFO -  #   Column          Non-Null Count  Dtype
[2026-01-05T17:18:07.680+0000] {subprocess.py:93} INFO - ---  ------          --------------  -----
[2026-01-05T17:18:07.681+0000] {subprocess.py:93} INFO -  0   transaction_id  700 non-null    object
[2026-01-05T17:18:07.682+0000] {subprocess.py:93} INFO -  1   trade_date      700 non-null    datetime64[ns]
[2026-01-05T17:18:07.682+0000] {subprocess.py:93} INFO -  2   investor_id     700 non-null    object
[2026-01-05T17:18:07.684+0000] {subprocess.py:93} INFO -  3   symbol          700 non-null    object
[2026-01-05T17:18:07.684+0000] {subprocess.py:93} INFO -  4   action          689 non-null    object
[2026-01-05T17:18:07.685+0000] {subprocess.py:93} INFO -  5   quantity        700 non-null    int64
[2026-01-05T17:18:07.686+0000] {subprocess.py:93} INFO -  6   trade_price     678 non-null    float64
[2026-01-05T17:18:07.689+0000] {subprocess.py:93} INFO - dtypes: datetime64[ns](1), float64(1), int64(1), object(4)
[2026-01-05T17:18:07.690+0000] {subprocess.py:93} INFO - memory usage: 38.4+ KB
[2026-01-05T17:18:07.691+0000] {subprocess.py:93} INFO - None
[2026-01-05T17:18:07.866+0000] {subprocess.py:97} INFO - Command exited with return code 0
[2026-01-05T17:18:07.932+0000] {taskinstance.py:340} INFO - ::group::Post task execution logs
[2026-01-05T17:18:07.934+0000] {taskinstance.py:352} INFO - Marking task as SUCCESS. dag_id=stock_analytics_incremental_etl_pipeline_v2, task_id=silver_cleaning, run_id=scheduled__2026-01-04T00:00:00+00:00, execution_date=20260104T000000, start_date=20260105T171804, end_date=20260105T171807
[2026-01-05T17:18:07.960+0000] {logging_mixin.py:190} INFO - Task instance in success state
[2026-01-05T17:18:07.961+0000] {logging_mixin.py:190} INFO -  Previous state of the Task instance: running
[2026-01-05T17:18:07.965+0000] {logging_mixin.py:190} INFO - Dag name:stock_analytics_incremental_etl_pipeline_v2 queued_at:2026-01-05 17:17:42.620686+00:00
[2026-01-05T17:18:07.967+0000] {logging_mixin.py:190} INFO - Task hostname:f557928c3fb2 operator:BashOperator
[2026-01-05T17:18:07.992+0000] {local_task_job_runner.py:261} INFO - Task exited with return code 0
[2026-01-05T17:18:08.017+0000] {local_task_job_runner.py:240} INFO - ::endgroup::
