[2026-01-06T06:26:41.422+0000] {local_task_job_runner.py:123} INFO - ::group::Pre task execution logs
[2026-01-06T06:26:41.460+0000] {taskinstance.py:2603} INFO - Dependencies all met for dep_context=non-requeueable deps ti=<TaskInstance: stock_analytics_incremental_etl_pipeline_v2.bronze_ingestion scheduled__2026-01-05T00:00:00+00:00 [queued]>
[2026-01-06T06:26:41.485+0000] {taskinstance.py:2603} INFO - Dependencies all met for dep_context=requeueable deps ti=<TaskInstance: stock_analytics_incremental_etl_pipeline_v2.bronze_ingestion scheduled__2026-01-05T00:00:00+00:00 [queued]>
[2026-01-06T06:26:41.487+0000] {taskinstance.py:2856} INFO - Starting attempt 1 of 3
[2026-01-06T06:26:41.524+0000] {taskinstance.py:2879} INFO - Executing <Task(BashOperator): bronze_ingestion> on 2026-01-05 00:00:00+00:00
[2026-01-06T06:26:41.542+0000] {warnings.py:112} WARNING - /home/***/.local/lib/python3.12/site-packages/***/task/task_runner/standard_task_runner.py:70: DeprecationWarning: This process (pid=119) is multi-threaded, use of fork() may lead to deadlocks in the child.
  pid = os.fork()

[2026-01-06T06:26:41.547+0000] {standard_task_runner.py:72} INFO - Started process 121 to run task
[2026-01-06T06:26:41.546+0000] {standard_task_runner.py:104} INFO - Running: ['***', 'tasks', 'run', 'stock_analytics_incremental_etl_pipeline_v2', 'bronze_ingestion', 'scheduled__2026-01-05T00:00:00+00:00', '--job-id', '30', '--raw', '--subdir', 'DAGS_FOLDER/stock_analytics_etl_dag.py', '--cfg-path', '/tmp/tmpqat9z1yn']
[2026-01-06T06:26:41.558+0000] {standard_task_runner.py:105} INFO - Job 30: Subtask bronze_ingestion
[2026-01-06T06:26:41.750+0000] {task_command.py:467} INFO - Running <TaskInstance: stock_analytics_incremental_etl_pipeline_v2.bronze_ingestion scheduled__2026-01-05T00:00:00+00:00 [running]> on host 069e12759471
[2026-01-06T06:26:41.992+0000] {taskinstance.py:3122} INFO - Exporting env vars: AIRFLOW_CTX_DAG_EMAIL='pranathi2314@gmail.com' AIRFLOW_CTX_DAG_OWNER='***' AIRFLOW_CTX_DAG_ID='stock_analytics_incremental_etl_pipeline_v2' AIRFLOW_CTX_TASK_ID='bronze_ingestion' AIRFLOW_CTX_EXECUTION_DATE='2026-01-05T00:00:00+00:00' AIRFLOW_CTX_TRY_NUMBER='1' AIRFLOW_CTX_DAG_RUN_ID='scheduled__2026-01-05T00:00:00+00:00'
[2026-01-06T06:26:41.996+0000] {logging_mixin.py:190} INFO - Task instance is in running state
[2026-01-06T06:26:41.998+0000] {logging_mixin.py:190} INFO -  Previous state of the Task instance: queued
[2026-01-06T06:26:42.002+0000] {logging_mixin.py:190} INFO - Current task name:bronze_ingestion state:running start_date:2026-01-06 06:26:41.461307+00:00
[2026-01-06T06:26:42.004+0000] {logging_mixin.py:190} INFO - Dag name:stock_analytics_incremental_etl_pipeline_v2 and current dag run status:running
[2026-01-06T06:26:42.005+0000] {taskinstance.py:731} INFO - ::endgroup::
[2026-01-06T06:26:42.010+0000] {subprocess.py:63} INFO - Tmp dir root location: /tmp
[2026-01-06T06:26:42.013+0000] {subprocess.py:75} INFO - Running command: ['/usr/bin/bash', '-c', 'python /opt/***/project/Data/Bronze/bronze_layer.py']
[2026-01-06T06:26:42.043+0000] {subprocess.py:86} INFO - Output:
[2026-01-06T06:26:43.004+0000] {subprocess.py:97} INFO - Command exited with return code 0
[2026-01-06T06:26:43.076+0000] {taskinstance.py:340} INFO - ::group::Post task execution logs
[2026-01-06T06:26:43.078+0000] {taskinstance.py:352} INFO - Marking task as SUCCESS. dag_id=stock_analytics_incremental_etl_pipeline_v2, task_id=bronze_ingestion, run_id=scheduled__2026-01-05T00:00:00+00:00, execution_date=20260105T000000, start_date=20260106T062641, end_date=20260106T062643
[2026-01-06T06:26:43.098+0000] {logging_mixin.py:190} INFO - Task instance in success state
[2026-01-06T06:26:43.099+0000] {logging_mixin.py:190} INFO -  Previous state of the Task instance: running
[2026-01-06T06:26:43.100+0000] {logging_mixin.py:190} INFO - Dag name:stock_analytics_incremental_etl_pipeline_v2 queued_at:2026-01-06 06:26:02.280601+00:00
[2026-01-06T06:26:43.101+0000] {logging_mixin.py:190} INFO - Task hostname:069e12759471 operator:BashOperator
[2026-01-06T06:26:43.135+0000] {local_task_job_runner.py:261} INFO - Task exited with return code 0
[2026-01-06T06:26:43.206+0000] {taskinstance.py:3891} INFO - 0 downstream tasks scheduled from follow-on schedule check
[2026-01-06T06:26:43.217+0000] {local_task_job_runner.py:240} INFO - ::endgroup::
[2026-01-06T08:15:22.543+0000] {local_task_job_runner.py:123} INFO - ::group::Pre task execution logs
[2026-01-06T08:15:22.579+0000] {taskinstance.py:2603} INFO - Dependencies all met for dep_context=non-requeueable deps ti=<TaskInstance: stock_analytics_incremental_etl_pipeline_v2.bronze_ingestion scheduled__2026-01-05T00:00:00+00:00 [queued]>
[2026-01-06T08:15:22.592+0000] {taskinstance.py:2603} INFO - Dependencies all met for dep_context=requeueable deps ti=<TaskInstance: stock_analytics_incremental_etl_pipeline_v2.bronze_ingestion scheduled__2026-01-05T00:00:00+00:00 [queued]>
[2026-01-06T08:15:22.593+0000] {taskinstance.py:2856} INFO - Starting attempt 1 of 3
[2026-01-06T08:15:22.615+0000] {taskinstance.py:2879} INFO - Executing <Task(BashOperator): bronze_ingestion> on 2026-01-05 00:00:00+00:00
[2026-01-06T08:15:22.628+0000] {warnings.py:112} WARNING - /home/***/.local/lib/python3.12/site-packages/***/task/task_runner/standard_task_runner.py:70: DeprecationWarning: This process (pid=387) is multi-threaded, use of fork() may lead to deadlocks in the child.
  pid = os.fork()

[2026-01-06T08:15:22.632+0000] {standard_task_runner.py:72} INFO - Started process 389 to run task
[2026-01-06T08:15:22.631+0000] {standard_task_runner.py:104} INFO - Running: ['***', 'tasks', 'run', 'stock_analytics_incremental_etl_pipeline_v2', 'bronze_ingestion', 'scheduled__2026-01-05T00:00:00+00:00', '--job-id', '49', '--raw', '--subdir', 'DAGS_FOLDER/stock_analytics_etl_dag.py', '--cfg-path', '/tmp/tmpqvf55d36']
[2026-01-06T08:15:22.633+0000] {standard_task_runner.py:105} INFO - Job 49: Subtask bronze_ingestion
[2026-01-06T08:15:22.759+0000] {task_command.py:467} INFO - Running <TaskInstance: stock_analytics_incremental_etl_pipeline_v2.bronze_ingestion scheduled__2026-01-05T00:00:00+00:00 [running]> on host 744bd50fdfac
[2026-01-06T08:15:22.875+0000] {taskinstance.py:3122} INFO - Exporting env vars: AIRFLOW_CTX_DAG_EMAIL='pranathi2314@gmail.com' AIRFLOW_CTX_DAG_OWNER='***' AIRFLOW_CTX_DAG_ID='stock_analytics_incremental_etl_pipeline_v2' AIRFLOW_CTX_TASK_ID='bronze_ingestion' AIRFLOW_CTX_EXECUTION_DATE='2026-01-05T00:00:00+00:00' AIRFLOW_CTX_TRY_NUMBER='1' AIRFLOW_CTX_DAG_RUN_ID='scheduled__2026-01-05T00:00:00+00:00'
[2026-01-06T08:15:22.878+0000] {logging_mixin.py:190} INFO - Task instance is in running state
[2026-01-06T08:15:22.879+0000] {logging_mixin.py:190} INFO -  Previous state of the Task instance: queued
[2026-01-06T08:15:22.880+0000] {logging_mixin.py:190} INFO - Current task name:bronze_ingestion state:running start_date:2026-01-06 08:15:22.580255+00:00
[2026-01-06T08:15:22.881+0000] {logging_mixin.py:190} INFO - Dag name:stock_analytics_incremental_etl_pipeline_v2 and current dag run status:running
[2026-01-06T08:15:22.881+0000] {taskinstance.py:731} INFO - ::endgroup::
[2026-01-06T08:15:22.883+0000] {subprocess.py:63} INFO - Tmp dir root location: /tmp
[2026-01-06T08:15:22.884+0000] {subprocess.py:75} INFO - Running command: ['/usr/bin/bash', '-c', 'python /opt/***/project/Data/Bronze/bronze_layer.py']
[2026-01-06T08:15:22.903+0000] {subprocess.py:86} INFO - Output:
[2026-01-06T08:15:23.535+0000] {subprocess.py:97} INFO - Command exited with return code 0
[2026-01-06T08:15:23.593+0000] {taskinstance.py:340} INFO - ::group::Post task execution logs
[2026-01-06T08:15:23.595+0000] {taskinstance.py:352} INFO - Marking task as SUCCESS. dag_id=stock_analytics_incremental_etl_pipeline_v2, task_id=bronze_ingestion, run_id=scheduled__2026-01-05T00:00:00+00:00, execution_date=20260105T000000, start_date=20260106T081522, end_date=20260106T081523
[2026-01-06T08:15:23.618+0000] {logging_mixin.py:190} INFO - Task instance in success state
[2026-01-06T08:15:23.622+0000] {logging_mixin.py:190} INFO -  Previous state of the Task instance: running
[2026-01-06T08:15:23.623+0000] {logging_mixin.py:190} INFO - Dag name:stock_analytics_incremental_etl_pipeline_v2 queued_at:2026-01-06 08:15:13.163614+00:00
[2026-01-06T08:15:23.624+0000] {logging_mixin.py:190} INFO - Task hostname:744bd50fdfac operator:BashOperator
[2026-01-06T08:15:23.654+0000] {local_task_job_runner.py:261} INFO - Task exited with return code 0
[2026-01-06T08:15:23.764+0000] {taskinstance.py:3891} INFO - 1 downstream tasks scheduled from follow-on schedule check
[2026-01-06T08:15:23.800+0000] {local_task_job_runner.py:240} INFO - ::endgroup::
[2026-01-06T09:29:31.762+0000] {local_task_job_runner.py:123} INFO - ::group::Pre task execution logs
[2026-01-06T09:29:31.786+0000] {taskinstance.py:2603} INFO - Dependencies all met for dep_context=non-requeueable deps ti=<TaskInstance: stock_analytics_incremental_etl_pipeline_v2.bronze_ingestion scheduled__2026-01-05T00:00:00+00:00 [queued]>
[2026-01-06T09:29:31.797+0000] {taskinstance.py:2603} INFO - Dependencies all met for dep_context=requeueable deps ti=<TaskInstance: stock_analytics_incremental_etl_pipeline_v2.bronze_ingestion scheduled__2026-01-05T00:00:00+00:00 [queued]>
[2026-01-06T09:29:31.798+0000] {taskinstance.py:2856} INFO - Starting attempt 1 of 3
[2026-01-06T09:29:31.814+0000] {taskinstance.py:2879} INFO - Executing <Task(BashOperator): bronze_ingestion> on 2026-01-05 00:00:00+00:00
[2026-01-06T09:29:31.823+0000] {warnings.py:112} WARNING - /home/***/.local/lib/python3.12/site-packages/***/task/task_runner/standard_task_runner.py:70: DeprecationWarning: This process (pid=210) is multi-threaded, use of fork() may lead to deadlocks in the child.
  pid = os.fork()

[2026-01-06T09:29:31.826+0000] {standard_task_runner.py:72} INFO - Started process 212 to run task
[2026-01-06T09:29:31.826+0000] {standard_task_runner.py:104} INFO - Running: ['***', 'tasks', 'run', 'stock_analytics_incremental_etl_pipeline_v2', 'bronze_ingestion', 'scheduled__2026-01-05T00:00:00+00:00', '--job-id', '69', '--raw', '--subdir', 'DAGS_FOLDER/stock_analytics_etl_dag.py', '--cfg-path', '/tmp/tmpms1550ti']
[2026-01-06T09:29:31.827+0000] {standard_task_runner.py:105} INFO - Job 69: Subtask bronze_ingestion
[2026-01-06T09:29:31.917+0000] {task_command.py:467} INFO - Running <TaskInstance: stock_analytics_incremental_etl_pipeline_v2.bronze_ingestion scheduled__2026-01-05T00:00:00+00:00 [running]> on host 6a3940ac9286
[2026-01-06T09:29:32.027+0000] {taskinstance.py:3122} INFO - Exporting env vars: AIRFLOW_CTX_DAG_EMAIL='pranathi2314@gmail.com' AIRFLOW_CTX_DAG_OWNER='***' AIRFLOW_CTX_DAG_ID='stock_analytics_incremental_etl_pipeline_v2' AIRFLOW_CTX_TASK_ID='bronze_ingestion' AIRFLOW_CTX_EXECUTION_DATE='2026-01-05T00:00:00+00:00' AIRFLOW_CTX_TRY_NUMBER='1' AIRFLOW_CTX_DAG_RUN_ID='scheduled__2026-01-05T00:00:00+00:00'
[2026-01-06T09:29:32.029+0000] {logging_mixin.py:190} INFO - Task instance is in running state
[2026-01-06T09:29:32.029+0000] {logging_mixin.py:190} INFO -  Previous state of the Task instance: queued
[2026-01-06T09:29:32.030+0000] {logging_mixin.py:190} INFO - Current task name:bronze_ingestion state:running start_date:2026-01-06 09:29:31.787750+00:00
[2026-01-06T09:29:32.031+0000] {logging_mixin.py:190} INFO - Dag name:stock_analytics_incremental_etl_pipeline_v2 and current dag run status:running
[2026-01-06T09:29:32.032+0000] {taskinstance.py:731} INFO - ::endgroup::
[2026-01-06T09:29:32.034+0000] {subprocess.py:63} INFO - Tmp dir root location: /tmp
[2026-01-06T09:29:32.036+0000] {subprocess.py:75} INFO - Running command: ['/usr/bin/bash', '-c', 'python /opt/***/project/Data/Bronze/bronze_layer.py']
[2026-01-06T09:29:32.055+0000] {subprocess.py:86} INFO - Output:
[2026-01-06T09:29:32.945+0000] {subprocess.py:97} INFO - Command exited with return code 0
[2026-01-06T09:29:33.081+0000] {taskinstance.py:340} INFO - ::group::Post task execution logs
[2026-01-06T09:29:33.112+0000] {taskinstance.py:352} INFO - Marking task as SUCCESS. dag_id=stock_analytics_incremental_etl_pipeline_v2, task_id=bronze_ingestion, run_id=scheduled__2026-01-05T00:00:00+00:00, execution_date=20260105T000000, start_date=20260106T092931, end_date=20260106T092933
[2026-01-06T09:29:33.225+0000] {logging_mixin.py:190} INFO - Task instance in success state
[2026-01-06T09:29:33.234+0000] {logging_mixin.py:190} INFO -  Previous state of the Task instance: running
[2026-01-06T09:29:33.236+0000] {logging_mixin.py:190} INFO - Dag name:stock_analytics_incremental_etl_pipeline_v2 queued_at:2026-01-06 09:29:26.069171+00:00
[2026-01-06T09:29:33.241+0000] {logging_mixin.py:190} INFO - Task hostname:6a3940ac9286 operator:BashOperator
[2026-01-06T09:29:33.330+0000] {local_task_job_runner.py:261} INFO - Task exited with return code 0
[2026-01-06T09:29:33.460+0000] {taskinstance.py:3891} INFO - 1 downstream tasks scheduled from follow-on schedule check
[2026-01-06T09:29:33.527+0000] {local_task_job_runner.py:240} INFO - ::endgroup::
