[2026-01-06T08:26:39.455+0000] {local_task_job_runner.py:123} INFO - ::group::Pre task execution logs
[2026-01-06T08:26:39.483+0000] {taskinstance.py:2603} INFO - Dependencies all met for dep_context=non-requeueable deps ti=<TaskInstance: stock_analytics_incremental_etl_pipeline_v2.update_last_run_time manual__2026-01-06T08:24:39.407685+00:00 [queued]>
[2026-01-06T08:26:39.495+0000] {taskinstance.py:2603} INFO - Dependencies all met for dep_context=requeueable deps ti=<TaskInstance: stock_analytics_incremental_etl_pipeline_v2.update_last_run_time manual__2026-01-06T08:24:39.407685+00:00 [queued]>
[2026-01-06T08:26:39.497+0000] {taskinstance.py:2856} INFO - Starting attempt 1 of 3
[2026-01-06T08:26:39.511+0000] {taskinstance.py:2879} INFO - Executing <Task(PythonOperator): update_last_run_time> on 2026-01-06 08:24:39.407685+00:00
[2026-01-06T08:26:39.522+0000] {warnings.py:112} WARNING - /home/***/.local/lib/python3.12/site-packages/***/task/task_runner/standard_task_runner.py:70: DeprecationWarning: This process (pid=210) is multi-threaded, use of fork() may lead to deadlocks in the child.
  pid = os.fork()

[2026-01-06T08:26:39.525+0000] {standard_task_runner.py:104} INFO - Running: ['***', 'tasks', 'run', 'stock_analytics_incremental_etl_pipeline_v2', 'update_last_run_time', 'manual__2026-01-06T08:24:39.407685+00:00', '--job-id', '59', '--raw', '--subdir', 'DAGS_FOLDER/stock_analytics_etl_dag.py', '--cfg-path', '/tmp/tmp71zf9ory']
[2026-01-06T08:26:39.526+0000] {standard_task_runner.py:72} INFO - Started process 212 to run task
[2026-01-06T08:26:39.527+0000] {standard_task_runner.py:105} INFO - Job 59: Subtask update_last_run_time
[2026-01-06T08:26:39.631+0000] {task_command.py:467} INFO - Running <TaskInstance: stock_analytics_incremental_etl_pipeline_v2.update_last_run_time manual__2026-01-06T08:24:39.407685+00:00 [running]> on host c895101612a9
[2026-01-06T08:26:39.740+0000] {taskinstance.py:3122} INFO - Exporting env vars: AIRFLOW_CTX_DAG_EMAIL='pranathi2314@gmail.com' AIRFLOW_CTX_DAG_OWNER='***' AIRFLOW_CTX_DAG_ID='stock_analytics_incremental_etl_pipeline_v2' AIRFLOW_CTX_TASK_ID='update_last_run_time' AIRFLOW_CTX_EXECUTION_DATE='2026-01-06T08:24:39.407685+00:00' AIRFLOW_CTX_TRY_NUMBER='1' AIRFLOW_CTX_DAG_RUN_ID='manual__2026-01-06T08:24:39.407685+00:00'
[2026-01-06T08:26:39.743+0000] {logging_mixin.py:190} INFO - Task instance is in running state
[2026-01-06T08:26:39.744+0000] {logging_mixin.py:190} INFO -  Previous state of the Task instance: queued
[2026-01-06T08:26:39.744+0000] {logging_mixin.py:190} INFO - Current task name:update_last_run_time state:running start_date:2026-01-06 08:26:39.484755+00:00
[2026-01-06T08:26:39.745+0000] {logging_mixin.py:190} INFO - Dag name:stock_analytics_incremental_etl_pipeline_v2 and current dag run status:running
[2026-01-06T08:26:39.746+0000] {taskinstance.py:731} INFO - ::endgroup::
[2026-01-06T08:26:39.755+0000] {crypto.py:82} WARNING - empty cryptography key - values will not be stored encrypted.
[2026-01-06T08:26:39.762+0000] {stock_analytics_etl_dag.py:46} INFO - Updated last successful run timestamp
[2026-01-06T08:26:39.763+0000] {python.py:240} INFO - Done. Returned value was: None
[2026-01-06T08:26:39.777+0000] {taskinstance.py:340} INFO - ::group::Post task execution logs
[2026-01-06T08:26:39.778+0000] {taskinstance.py:352} INFO - Marking task as SUCCESS. dag_id=stock_analytics_incremental_etl_pipeline_v2, task_id=update_last_run_time, run_id=manual__2026-01-06T08:24:39.407685+00:00, execution_date=20260106T082439, start_date=20260106T082639, end_date=20260106T082639
[2026-01-06T08:26:39.789+0000] {logging_mixin.py:190} INFO - Task instance in success state
[2026-01-06T08:26:39.790+0000] {logging_mixin.py:190} INFO -  Previous state of the Task instance: running
[2026-01-06T08:26:39.790+0000] {logging_mixin.py:190} INFO - Dag name:stock_analytics_incremental_etl_pipeline_v2 queued_at:2026-01-06 08:24:39.429386+00:00
[2026-01-06T08:26:39.791+0000] {logging_mixin.py:190} INFO - Task hostname:c895101612a9 operator:PythonOperator
[2026-01-06T08:26:39.824+0000] {local_task_job_runner.py:261} INFO - Task exited with return code 0
[2026-01-06T08:26:39.844+0000] {taskinstance.py:3891} INFO - 0 downstream tasks scheduled from follow-on schedule check
[2026-01-06T08:26:39.847+0000] {local_task_job_runner.py:240} INFO - ::endgroup::
