[2026-01-04T05:18:39.203+0000] {local_task_job_runner.py:123} INFO - ::group::Pre task execution logs
[2026-01-04T05:18:39.236+0000] {taskinstance.py:2603} INFO - Dependencies all met for dep_context=non-requeueable deps ti=<TaskInstance: stock_analytics_incremental_etl_pipeline_v2.gold_layer_analytics scheduled__2026-01-03T00:00:00+00:00 [queued]>
[2026-01-04T05:18:39.251+0000] {taskinstance.py:2603} INFO - Dependencies all met for dep_context=requeueable deps ti=<TaskInstance: stock_analytics_incremental_etl_pipeline_v2.gold_layer_analytics scheduled__2026-01-03T00:00:00+00:00 [queued]>
[2026-01-04T05:18:39.254+0000] {taskinstance.py:2856} INFO - Starting attempt 2 of 3
[2026-01-04T05:18:39.278+0000] {taskinstance.py:2879} INFO - Executing <Task(DatabricksRunNowOperator): gold_layer_analytics> on 2026-01-03 00:00:00+00:00
[2026-01-04T05:18:39.292+0000] {warnings.py:112} WARNING - /home/***/.local/lib/python3.12/site-packages/***/task/task_runner/standard_task_runner.py:70: DeprecationWarning: This process (pid=112) is multi-threaded, use of fork() may lead to deadlocks in the child.
  pid = os.fork()

[2026-01-04T05:18:39.296+0000] {standard_task_runner.py:104} INFO - Running: ['***', 'tasks', 'run', 'stock_analytics_incremental_etl_pipeline_v2', 'gold_layer_analytics', 'scheduled__2026-01-03T00:00:00+00:00', '--job-id', '338', '--raw', '--subdir', 'DAGS_FOLDER/stock_analytics_etl_dag.py', '--cfg-path', '/tmp/tmpquqp31e0']
[2026-01-04T05:18:39.298+0000] {standard_task_runner.py:72} INFO - Started process 114 to run task
[2026-01-04T05:18:39.301+0000] {standard_task_runner.py:105} INFO - Job 338: Subtask gold_layer_analytics
[2026-01-04T05:18:39.432+0000] {task_command.py:467} INFO - Running <TaskInstance: stock_analytics_incremental_etl_pipeline_v2.gold_layer_analytics scheduled__2026-01-03T00:00:00+00:00 [running]> on host ddc54e64aef0
[2026-01-04T05:18:39.610+0000] {taskinstance.py:3122} INFO - Exporting env vars: AIRFLOW_CTX_DAG_OWNER='***' AIRFLOW_CTX_DAG_ID='stock_analytics_incremental_etl_pipeline_v2' AIRFLOW_CTX_TASK_ID='gold_layer_analytics' AIRFLOW_CTX_EXECUTION_DATE='2026-01-03T00:00:00+00:00' AIRFLOW_CTX_TRY_NUMBER='2' AIRFLOW_CTX_DAG_RUN_ID='scheduled__2026-01-03T00:00:00+00:00'
[2026-01-04T05:18:39.614+0000] {logging_mixin.py:190} INFO - Task instance is in running state
[2026-01-04T05:18:39.615+0000] {logging_mixin.py:190} INFO -  Previous state of the Task instance: queued
[2026-01-04T05:18:39.616+0000] {logging_mixin.py:190} INFO - Current task name:gold_layer_analytics state:running start_date:2026-01-04 05:18:39.238340+00:00
[2026-01-04T05:18:39.616+0000] {logging_mixin.py:190} INFO - Dag name:stock_analytics_incremental_etl_pipeline_v2 and current dag run status:running
[2026-01-04T05:18:39.617+0000] {taskinstance.py:731} INFO - ::endgroup::
[2026-01-04T05:18:39.642+0000] {base.py:84} INFO - Retrieving connection 'databricks_default'
[2026-01-04T05:18:39.645+0000] {databricks_base.py:461} INFO - Using token auth. For security reasons, please set token in Password field instead of extra
[2026-01-04T05:18:40.144+0000] {databricks.py:66} INFO - Run submitted with run_id: 389822533605368
[2026-01-04T05:18:40.148+0000] {databricks_base.py:461} INFO - Using token auth. For security reasons, please set token in Password field instead of extra
[2026-01-04T05:18:40.417+0000] {databricks_base.py:461} INFO - Using token auth. For security reasons, please set token in Password field instead of extra
[2026-01-04T05:18:40.613+0000] {databricks.py:118} INFO - gold_layer_analytics in run state: {'life_cycle_state': 'RUNNING', 'result_state': '', 'state_message': ''}
[2026-01-04T05:18:40.614+0000] {databricks.py:119} INFO - View run status, Spark UI, and logs at https://adb-7405617267455896.16.azuredatabricks.net/?o=7405617267455896#job/68731414949078/run/389822533605368
[2026-01-04T05:18:40.619+0000] {databricks.py:120} INFO - Sleeping for 30 seconds.
[2026-01-04T05:19:10.618+0000] {databricks_base.py:461} INFO - Using token auth. For security reasons, please set token in Password field instead of extra
[2026-01-04T05:19:10.818+0000] {databricks.py:118} INFO - gold_layer_analytics in run state: {'life_cycle_state': 'RUNNING', 'result_state': '', 'state_message': ''}
[2026-01-04T05:19:10.820+0000] {databricks.py:119} INFO - View run status, Spark UI, and logs at https://adb-7405617267455896.16.azuredatabricks.net/?o=7405617267455896#job/68731414949078/run/389822533605368
[2026-01-04T05:19:10.821+0000] {databricks.py:120} INFO - Sleeping for 30 seconds.
[2026-01-04T05:19:40.818+0000] {databricks_base.py:461} INFO - Using token auth. For security reasons, please set token in Password field instead of extra
[2026-01-04T05:19:41.025+0000] {databricks.py:77} INFO - gold_layer_analytics completed successfully.
[2026-01-04T05:19:41.026+0000] {databricks.py:78} INFO - View run status, Spark UI, and logs at https://adb-7405617267455896.16.azuredatabricks.net/?o=7405617267455896#job/68731414949078/run/389822533605368
[2026-01-04T05:19:41.054+0000] {taskinstance.py:340} INFO - ::group::Post task execution logs
[2026-01-04T05:19:41.056+0000] {taskinstance.py:352} INFO - Marking task as SUCCESS. dag_id=stock_analytics_incremental_etl_pipeline_v2, task_id=gold_layer_analytics, run_id=scheduled__2026-01-03T00:00:00+00:00, execution_date=20260103T000000, start_date=20260104T051839, end_date=20260104T051941
[2026-01-04T05:19:41.076+0000] {logging_mixin.py:190} INFO - Task instance in success state
[2026-01-04T05:19:41.077+0000] {logging_mixin.py:190} INFO -  Previous state of the Task instance: running
[2026-01-04T05:19:41.078+0000] {logging_mixin.py:190} INFO - Dag name:stock_analytics_incremental_etl_pipeline_v2 queued_at:2026-01-04 05:05:46.174260+00:00
[2026-01-04T05:19:41.079+0000] {logging_mixin.py:190} INFO - Task hostname:ddc54e64aef0 operator:DatabricksRunNowOperator
[2026-01-04T05:19:41.140+0000] {local_task_job_runner.py:261} INFO - Task exited with return code 0
[2026-01-04T05:19:41.186+0000] {taskinstance.py:3891} INFO - 1 downstream tasks scheduled from follow-on schedule check
[2026-01-04T05:19:41.189+0000] {local_task_job_runner.py:240} INFO - ::endgroup::
[2026-01-04T06:23:57.001+0000] {local_task_job_runner.py:123} INFO - ::group::Pre task execution logs
[2026-01-04T06:23:57.019+0000] {taskinstance.py:2603} INFO - Dependencies all met for dep_context=non-requeueable deps ti=<TaskInstance: stock_analytics_incremental_etl_pipeline_v2.gold_layer_analytics scheduled__2026-01-03T00:00:00+00:00 [queued]>
[2026-01-04T06:23:57.028+0000] {taskinstance.py:2603} INFO - Dependencies all met for dep_context=requeueable deps ti=<TaskInstance: stock_analytics_incremental_etl_pipeline_v2.gold_layer_analytics scheduled__2026-01-03T00:00:00+00:00 [queued]>
[2026-01-04T06:23:57.030+0000] {taskinstance.py:2856} INFO - Starting attempt 2 of 3
[2026-01-04T06:23:57.048+0000] {taskinstance.py:2879} INFO - Executing <Task(DatabricksRunNowOperator): gold_layer_analytics> on 2026-01-03 00:00:00+00:00
[2026-01-04T06:23:57.057+0000] {warnings.py:112} WARNING - /home/***/.local/lib/python3.12/site-packages/***/task/task_runner/standard_task_runner.py:70: DeprecationWarning: This process (pid=243) is multi-threaded, use of fork() may lead to deadlocks in the child.
  pid = os.fork()

[2026-01-04T06:23:57.059+0000] {standard_task_runner.py:72} INFO - Started process 247 to run task
[2026-01-04T06:23:57.059+0000] {standard_task_runner.py:104} INFO - Running: ['***', 'tasks', 'run', 'stock_analytics_incremental_etl_pipeline_v2', 'gold_layer_analytics', 'scheduled__2026-01-03T00:00:00+00:00', '--job-id', '12', '--raw', '--subdir', 'DAGS_FOLDER/stock_analytics_etl_dag.py', '--cfg-path', '/tmp/tmp6qisg9kq']
[2026-01-04T06:23:57.061+0000] {standard_task_runner.py:105} INFO - Job 12: Subtask gold_layer_analytics
[2026-01-04T06:23:57.151+0000] {task_command.py:467} INFO - Running <TaskInstance: stock_analytics_incremental_etl_pipeline_v2.gold_layer_analytics scheduled__2026-01-03T00:00:00+00:00 [running]> on host b5f3b83aa317
[2026-01-04T06:23:57.234+0000] {taskinstance.py:3122} INFO - Exporting env vars: AIRFLOW_CTX_DAG_EMAIL='pranathi2314@gmail.com' AIRFLOW_CTX_DAG_OWNER='***' AIRFLOW_CTX_DAG_ID='stock_analytics_incremental_etl_pipeline_v2' AIRFLOW_CTX_TASK_ID='gold_layer_analytics' AIRFLOW_CTX_EXECUTION_DATE='2026-01-03T00:00:00+00:00' AIRFLOW_CTX_TRY_NUMBER='2' AIRFLOW_CTX_DAG_RUN_ID='scheduled__2026-01-03T00:00:00+00:00'
[2026-01-04T06:23:57.240+0000] {taskinstance.py:3192} ERROR - Failed when executing execute callback
Traceback (most recent call last):
  File "/home/airflow/.local/lib/python3.12/site-packages/airflow/models/taskinstance.py", line 3190, in _run_execute_callback
    callback(context)
  File "/opt/airflow/dags/stock_analytics_etl_dag.py", line 77, in gold_on_execute
    f"Gold layer started | Databricks job_id={context['task'].job_id} | "
                                              ^^^^^^^^^^^^^^^^^^^^^^
AttributeError: 'DatabricksRunNowOperator' object has no attribute 'job_id'
[2026-01-04T06:23:57.247+0000] {logging_mixin.py:190} INFO - Task instance is in running state
[2026-01-04T06:23:57.248+0000] {logging_mixin.py:190} INFO -  Previous state of the Task instance: queued
[2026-01-04T06:23:57.248+0000] {logging_mixin.py:190} INFO - Current task name:gold_layer_analytics state:running start_date:2026-01-04 06:23:57.020263+00:00
[2026-01-04T06:23:57.248+0000] {logging_mixin.py:190} INFO - Dag name:stock_analytics_incremental_etl_pipeline_v2 and current dag run status:running
[2026-01-04T06:23:57.249+0000] {taskinstance.py:731} INFO - ::endgroup::
[2026-01-04T06:23:57.263+0000] {base.py:84} INFO - Retrieving connection 'databricks_default'
[2026-01-04T06:23:57.266+0000] {databricks_base.py:461} INFO - Using token auth. For security reasons, please set token in Password field instead of extra
[2026-01-04T06:23:57.629+0000] {databricks.py:66} INFO - Run submitted with run_id: 582798683826516
[2026-01-04T06:23:57.630+0000] {databricks_base.py:461} INFO - Using token auth. For security reasons, please set token in Password field instead of extra
[2026-01-04T06:23:57.896+0000] {databricks_base.py:461} INFO - Using token auth. For security reasons, please set token in Password field instead of extra
[2026-01-04T06:23:58.145+0000] {databricks.py:118} INFO - gold_layer_analytics in run state: {'life_cycle_state': 'QUEUED', 'result_state': '', 'state_message': ''}
[2026-01-04T06:23:58.147+0000] {databricks.py:119} INFO - View run status, Spark UI, and logs at https://adb-7405617267455896.16.azuredatabricks.net/?o=7405617267455896#job/68731414949078/run/582798683826516
[2026-01-04T06:23:58.148+0000] {databricks.py:120} INFO - Sleeping for 30 seconds.
[2026-01-04T06:24:28.147+0000] {databricks_base.py:461} INFO - Using token auth. For security reasons, please set token in Password field instead of extra
[2026-01-04T06:24:28.330+0000] {databricks.py:118} INFO - gold_layer_analytics in run state: {'life_cycle_state': 'QUEUED', 'result_state': '', 'state_message': ''}
[2026-01-04T06:24:28.331+0000] {databricks.py:119} INFO - View run status, Spark UI, and logs at https://adb-7405617267455896.16.azuredatabricks.net/?o=7405617267455896#job/68731414949078/run/582798683826516
[2026-01-04T06:24:28.332+0000] {databricks.py:120} INFO - Sleeping for 30 seconds.
[2026-01-04T06:24:58.332+0000] {databricks_base.py:461} INFO - Using token auth. For security reasons, please set token in Password field instead of extra
[2026-01-04T06:24:58.499+0000] {databricks.py:118} INFO - gold_layer_analytics in run state: {'life_cycle_state': 'QUEUED', 'result_state': '', 'state_message': ''}
[2026-01-04T06:24:58.500+0000] {databricks.py:119} INFO - View run status, Spark UI, and logs at https://adb-7405617267455896.16.azuredatabricks.net/?o=7405617267455896#job/68731414949078/run/582798683826516
[2026-01-04T06:24:58.500+0000] {databricks.py:120} INFO - Sleeping for 30 seconds.
[2026-01-04T06:25:28.499+0000] {databricks_base.py:461} INFO - Using token auth. For security reasons, please set token in Password field instead of extra
[2026-01-04T06:25:29.140+0000] {databricks.py:118} INFO - gold_layer_analytics in run state: {'life_cycle_state': 'RUNNING', 'result_state': '', 'state_message': ''}
[2026-01-04T06:25:29.140+0000] {databricks.py:119} INFO - View run status, Spark UI, and logs at https://adb-7405617267455896.16.azuredatabricks.net/?o=7405617267455896#job/68731414949078/run/582798683826516
[2026-01-04T06:25:29.141+0000] {databricks.py:120} INFO - Sleeping for 30 seconds.
[2026-01-04T06:25:59.140+0000] {databricks_base.py:461} INFO - Using token auth. For security reasons, please set token in Password field instead of extra
[2026-01-04T06:25:59.494+0000] {databricks.py:77} INFO - gold_layer_analytics completed successfully.
[2026-01-04T06:25:59.494+0000] {databricks.py:78} INFO - View run status, Spark UI, and logs at https://adb-7405617267455896.16.azuredatabricks.net/?o=7405617267455896#job/68731414949078/run/582798683826516
[2026-01-04T06:25:59.504+0000] {taskinstance.py:340} INFO - ::group::Post task execution logs
[2026-01-04T06:25:59.505+0000] {taskinstance.py:352} INFO - Marking task as SUCCESS. dag_id=stock_analytics_incremental_etl_pipeline_v2, task_id=gold_layer_analytics, run_id=scheduled__2026-01-03T00:00:00+00:00, execution_date=20260103T000000, start_date=20260104T062357, end_date=20260104T062559
[2026-01-04T06:25:59.505+0000] {taskinstance.py:1554} INFO - Executing gold_on_success callback
[2026-01-04T06:25:59.506+0000] {taskinstance.py:1558} ERROR - Error when executing gold_on_success callback
Traceback (most recent call last):
  File "/home/airflow/.local/lib/python3.12/site-packages/airflow/models/taskinstance.py", line 1556, in _run_finished_callback
    callback(context)
  File "/opt/airflow/dags/stock_analytics_etl_dag.py", line 85, in gold_on_success
    f"Databricks job_id={context['task'].job_id} | "
                         ^^^^^^^^^^^^^^^^^^^^^^
AttributeError: 'DatabricksRunNowOperator' object has no attribute 'job_id'
[2026-01-04T06:25:59.520+0000] {logging_mixin.py:190} INFO - Task instance in success state
[2026-01-04T06:25:59.521+0000] {logging_mixin.py:190} INFO -  Previous state of the Task instance: running
[2026-01-04T06:25:59.522+0000] {logging_mixin.py:190} INFO - Dag name:stock_analytics_incremental_etl_pipeline_v2 queued_at:2026-01-04 06:18:27.989548+00:00
[2026-01-04T06:25:59.523+0000] {logging_mixin.py:190} INFO - Task hostname:b5f3b83aa317 operator:DatabricksRunNowOperator
[2026-01-04T06:25:59.552+0000] {local_task_job_runner.py:261} INFO - Task exited with return code 0
[2026-01-04T06:25:59.572+0000] {taskinstance.py:3891} INFO - 1 downstream tasks scheduled from follow-on schedule check
[2026-01-04T06:25:59.575+0000] {local_task_job_runner.py:240} INFO - ::endgroup::
